[0.014s] Invoking command in '/home/nimesha/Thesis/Unused/moveit_ur5_ws/build/ur_calibration': CMAKE_PREFIX_PATH=${CMAKE_PREFIX_PATH}:/home/nimesha/Thesis/moveit_ur5_v2_ws/src/ws_moveit/install/moveit_configs_utils:/home/nimesha/Thesis/moveit_ur5_v2_ws/src/ws_moveit/install/launch_param_builder:/opt/ros/humble /usr/bin/cmake /home/nimesha/Thesis/Unused/moveit_ur5_ws/src/Universal_Robots_ROS2_Driver/ur_calibration -DCMAKE_INSTALL_PREFIX=/home/nimesha/Thesis/Unused/moveit_ur5_ws/install/ur_calibration
[0.079s] -- The C compiler identification is GNU 11.4.0
[0.279s] -- The CXX compiler identification is GNU 11.4.0
[0.384s] -- Detecting C compiler ABI info
[0.492s] -- Detecting C compiler ABI info - done
[0.497s] -- Check for working C compiler: /usr/bin/cc - skipped
[0.497s] -- Detecting C compile features
[0.497s] -- Detecting C compile features - done
[0.499s] -- Detecting CXX compiler ABI info
[0.581s] -- Detecting CXX compiler ABI info - done
[0.585s] -- Check for working CXX compiler: /usr/bin/c++ - skipped
[0.585s] -- Detecting CXX compile features
[0.585s] -- Detecting CXX compile features - done
[0.585s] [0mur_calibration: You did not request a specific build type: selecting 'RelWithDebInfo'.[0m
[0.588s] -- Found ament_cmake: 1.3.10 (/home/nimesha/ros2_humble/ros2-linux/share/ament_cmake/cmake)
[0.689s] -- Found Python3: /usr/bin/python3 (found version "3.10.12") found components: Interpreter 
[0.771s] -- Found rclcpp: 16.0.10 (/home/nimesha/ros2_humble/ros2-linux/share/rclcpp/cmake)
[0.860s] -- Found rosidl_generator_c: 3.1.5 (/home/nimesha/ros2_humble/ros2-linux/share/rosidl_generator_c/cmake)
[0.867s] -- Found rosidl_adapter: 3.1.5 (/home/nimesha/ros2_humble/ros2-linux/share/rosidl_adapter/cmake)
[0.877s] -- Found rosidl_generator_cpp: 3.1.5 (/home/nimesha/ros2_humble/ros2-linux/share/rosidl_generator_cpp/cmake)
[0.892s] -- Using all available rosidl_typesupport_c: rosidl_typesupport_fastrtps_c;rosidl_typesupport_introspection_c
[0.911s] -- Using all available rosidl_typesupport_cpp: rosidl_typesupport_fastrtps_cpp;rosidl_typesupport_introspection_cpp
[0.973s] -- Found rmw_implementation_cmake: 6.1.2 (/home/nimesha/ros2_humble/ros2-linux/share/rmw_implementation_cmake/cmake)
[0.981s] -- Found rmw_fastrtps_cpp: 6.2.7 (/home/nimesha/ros2_humble/ros2-linux/share/rmw_fastrtps_cpp/cmake)
[1.564s] -- Found OpenSSL: /usr/lib/x86_64-linux-gnu/libcrypto.so (found version "3.0.2")  
[2.112s] -- Found FastRTPS: /home/nimesha/ros2_humble/ros2-linux/include  
[3.142s] -- Using RMW implementation 'rmw_fastrtps_cpp' as default
[3.150s] -- Looking for pthread.h
[3.242s] -- Looking for pthread.h - found
[3.242s] -- Performing Test CMAKE_HAVE_LIBC_PTHREAD
[3.336s] -- Performing Test CMAKE_HAVE_LIBC_PTHREAD - Success
[3.337s] -- Found Threads: TRUE  
[3.375s] -- Found ur_robot_driver: 2.2.15 (/opt/ros/humble/share/ur_robot_driver/cmake)
[4.065s] -- Found eigen3_cmake_module: 0.1.1 (/home/nimesha/ros2_humble/ros2-linux/share/eigen3_cmake_module/cmake)
[4.065s] -- Found Eigen3: TRUE (found version "3.4.0") 
[4.065s] -- Ensuring Eigen3 include directory is part of orocos-kdl CMake target
[4.191s] -- Found ament_cmake_gmock: 1.3.10 (/home/nimesha/ros2_humble/ros2-linux/share/ament_cmake_gmock/cmake)
[4.194s] -- Found gmock sources under '/home/nimesha/ros2_humble/ros2-linux/src/gmock_vendor': C++ tests using 'Google Mock' will be built
[4.201s] -- Found ament_cmake_gtest: 1.3.10 (/home/nimesha/ros2_humble/ros2-linux/share/ament_cmake_gtest/cmake)
[4.201s] -- Found gtest sources under '/home/nimesha/ros2_humble/ros2-linux/src/gtest_vendor': C++ tests using 'Google Test' will be built
[4.240s] -- Configuring done
[4.291s] -- Generating done
[4.292s] -- Build files have been written to: /home/nimesha/Thesis/Unused/moveit_ur5_ws/build/ur_calibration
[4.299s] Invoked command in '/home/nimesha/Thesis/Unused/moveit_ur5_ws/build/ur_calibration' returned '0': CMAKE_PREFIX_PATH=${CMAKE_PREFIX_PATH}:/home/nimesha/Thesis/moveit_ur5_v2_ws/src/ws_moveit/install/moveit_configs_utils:/home/nimesha/Thesis/moveit_ur5_v2_ws/src/ws_moveit/install/launch_param_builder:/opt/ros/humble /usr/bin/cmake /home/nimesha/Thesis/Unused/moveit_ur5_ws/src/Universal_Robots_ROS2_Driver/ur_calibration -DCMAKE_INSTALL_PREFIX=/home/nimesha/Thesis/Unused/moveit_ur5_ws/install/ur_calibration
[4.301s] Invoking command in '/home/nimesha/Thesis/Unused/moveit_ur5_ws/build/ur_calibration': CMAKE_PREFIX_PATH=${CMAKE_PREFIX_PATH}:/home/nimesha/Thesis/moveit_ur5_v2_ws/src/ws_moveit/install/moveit_configs_utils:/home/nimesha/Thesis/moveit_ur5_v2_ws/src/ws_moveit/install/launch_param_builder:/opt/ros/humble /usr/bin/cmake --build /home/nimesha/Thesis/Unused/moveit_ur5_ws/build/ur_calibration -- -j32 -l32
[4.340s] [  8%] [32mBuilding CXX object CMakeFiles/calibration.dir/src/calibration.cpp.o[0m
[4.340s] [ 16%] [32mBuilding CXX object CMakeFiles/calibration.dir/src/calibration_consumer.cpp.o[0m
[4.341s] [ 25%] [32mBuilding CXX object gmock/CMakeFiles/gmock_main.dir/src/gmock_main.cc.o[0m
[4.343s] [ 33%] [32mBuilding CXX object gmock/CMakeFiles/gmock.dir/home/nimesha/ros2_humble/ros2-linux/src/gtest_vendor/src/gtest-all.cc.o[0m
[4.345s] [ 41%] [32mBuilding CXX object gmock/CMakeFiles/gmock.dir/src/gmock-all.cc.o[0m
[5.095s] [ 50%] [32m[1mLinking CXX static library libgmock_main.a[0m
[5.142s] [ 50%] Built target gmock_main
[9.577s] [ 58%] [32m[1mLinking CXX static library libcalibration.a[0m
[9.680s] [ 58%] Built target calibration
[9.707s] [ 66%] [32mBuilding CXX object CMakeFiles/calibration_correction.dir/src/calibration_correction.cpp.o[0m
[9.777s] [ 75%] [32m[1mLinking CXX static library libgmock.a[0m
[9.867s] [ 75%] Built target gmock
[9.889s] [ 83%] [32mBuilding CXX object CMakeFiles/calibration_test.dir/test/calibration_test.cpp.o[0m
[13.617s] [ 91%] [32m[1mLinking CXX executable calibration_correction[0m
[13.836s] [ 91%] Built target calibration_correction
[14.510s] [100%] [32m[1mLinking CXX executable calibration_test[0m
[14.773s] [100%] Built target calibration_test
[14.781s] Invoked command in '/home/nimesha/Thesis/Unused/moveit_ur5_ws/build/ur_calibration' returned '0': CMAKE_PREFIX_PATH=${CMAKE_PREFIX_PATH}:/home/nimesha/Thesis/moveit_ur5_v2_ws/src/ws_moveit/install/moveit_configs_utils:/home/nimesha/Thesis/moveit_ur5_v2_ws/src/ws_moveit/install/launch_param_builder:/opt/ros/humble /usr/bin/cmake --build /home/nimesha/Thesis/Unused/moveit_ur5_ws/build/ur_calibration -- -j32 -l32
[14.840s] Invoking command in '/home/nimesha/Thesis/Unused/moveit_ur5_ws/build/ur_calibration': CMAKE_PREFIX_PATH=${CMAKE_PREFIX_PATH}:/home/nimesha/Thesis/moveit_ur5_v2_ws/src/ws_moveit/install/moveit_configs_utils:/home/nimesha/Thesis/moveit_ur5_v2_ws/src/ws_moveit/install/launch_param_builder:/opt/ros/humble /usr/bin/cmake --install /home/nimesha/Thesis/Unused/moveit_ur5_ws/build/ur_calibration
[14.844s] -- Install configuration: "RelWithDebInfo"
[14.845s] -- Installing: /home/nimesha/Thesis/Unused/moveit_ur5_ws/install/ur_calibration/lib/ur_calibration/calibration_correction
[14.848s] -- Set runtime path of "/home/nimesha/Thesis/Unused/moveit_ur5_ws/install/ur_calibration/lib/ur_calibration/calibration_correction" to ""
[14.848s] -- Installing: /home/nimesha/Thesis/Unused/moveit_ur5_ws/install/ur_calibration/include
[14.848s] -- Installing: /home/nimesha/Thesis/Unused/moveit_ur5_ws/install/ur_calibration/include/ur_calibration
[14.849s] -- Installing: /home/nimesha/Thesis/Unused/moveit_ur5_ws/install/ur_calibration/include/ur_calibration/calibration.hpp
[14.849s] -- Installing: /home/nimesha/Thesis/Unused/moveit_ur5_ws/install/ur_calibration/include/ur_calibration/calibration_consumer.hpp
[14.849s] -- Installing: /home/nimesha/Thesis/Unused/moveit_ur5_ws/install/ur_calibration/share/ur_calibration/launch
[14.849s] -- Installing: /home/nimesha/Thesis/Unused/moveit_ur5_ws/install/ur_calibration/share/ur_calibration/launch/calibration_correction.launch.py
[14.849s] -- Installing: /home/nimesha/Thesis/Unused/moveit_ur5_ws/install/ur_calibration/share/ament_index/resource_index/package_run_dependencies/ur_calibration
[14.849s] -- Installing: /home/nimesha/Thesis/Unused/moveit_ur5_ws/install/ur_calibration/share/ament_index/resource_index/parent_prefix_path/ur_calibration
[14.850s] -- Installing: /home/nimesha/Thesis/Unused/moveit_ur5_ws/install/ur_calibration/share/ur_calibration/environment/ament_prefix_path.sh
[14.850s] -- Installing: /home/nimesha/Thesis/Unused/moveit_ur5_ws/install/ur_calibration/share/ur_calibration/environment/ament_prefix_path.dsv
[14.850s] -- Installing: /home/nimesha/Thesis/Unused/moveit_ur5_ws/install/ur_calibration/share/ur_calibration/environment/path.sh
[14.850s] -- Installing: /home/nimesha/Thesis/Unused/moveit_ur5_ws/install/ur_calibration/share/ur_calibration/environment/path.dsv
[14.850s] -- Installing: /home/nimesha/Thesis/Unused/moveit_ur5_ws/install/ur_calibration/share/ur_calibration/local_setup.bash
[14.850s] -- Installing: /home/nimesha/Thesis/Unused/moveit_ur5_ws/install/ur_calibration/share/ur_calibration/local_setup.sh
[14.850s] -- Installing: /home/nimesha/Thesis/Unused/moveit_ur5_ws/install/ur_calibration/share/ur_calibration/local_setup.zsh
[14.851s] -- Installing: /home/nimesha/Thesis/Unused/moveit_ur5_ws/install/ur_calibration/share/ur_calibration/local_setup.dsv
[14.852s] -- Installing: /home/nimesha/Thesis/Unused/moveit_ur5_ws/install/ur_calibration/share/ur_calibration/package.dsv
[14.852s] -- Installing: /home/nimesha/Thesis/Unused/moveit_ur5_ws/install/ur_calibration/share/ament_index/resource_index/packages/ur_calibration
[14.852s] -- Installing: /home/nimesha/Thesis/Unused/moveit_ur5_ws/install/ur_calibration/share/ur_calibration/cmake/ament_cmake_export_include_directories-extras.cmake
[14.852s] -- Installing: /home/nimesha/Thesis/Unused/moveit_ur5_ws/install/ur_calibration/share/ur_calibration/cmake/ament_cmake_export_dependencies-extras.cmake
[14.852s] -- Installing: /home/nimesha/Thesis/Unused/moveit_ur5_ws/install/ur_calibration/share/ur_calibration/cmake/ur_calibrationConfig.cmake
[14.852s] -- Installing: /home/nimesha/Thesis/Unused/moveit_ur5_ws/install/ur_calibration/share/ur_calibration/cmake/ur_calibrationConfig-version.cmake
[14.852s] -- Installing: /home/nimesha/Thesis/Unused/moveit_ur5_ws/install/ur_calibration/share/ur_calibration/package.xml
[14.853s] Invoked command in '/home/nimesha/Thesis/Unused/moveit_ur5_ws/build/ur_calibration' returned '0': CMAKE_PREFIX_PATH=${CMAKE_PREFIX_PATH}:/home/nimesha/Thesis/moveit_ur5_v2_ws/src/ws_moveit/install/moveit_configs_utils:/home/nimesha/Thesis/moveit_ur5_v2_ws/src/ws_moveit/install/launch_param_builder:/opt/ros/humble /usr/bin/cmake --install /home/nimesha/Thesis/Unused/moveit_ur5_ws/build/ur_calibration
