[0.742s] Invoking command in '/home/nimesha/thesis/ws_moveit/build/moveit_task_constructor_core': AMENT_PREFIX_PATH=/home/nimesha/thesis/ws_moveit/install/moveit_planners:/home/nimesha/thesis/ws_moveit/install/pilz_industrial_motion_planner:/home/nimesha/thesis/ws_moveit/install/moveit_resources_prbt_pg70_support:/home/nimesha/thesis/ws_moveit/install/moveit_ros_planning_interface:/home/nimesha/thesis/ws_moveit/install/moveit_resources_prbt_moveit_config:/home/nimesha/thesis/ws_moveit/install/moveit_ros_move_group:/home/nimesha/thesis/ws_moveit/install/moveit_ros_warehouse:/home/nimesha/thesis/ws_moveit/install/moveit_planners_ompl:/home/nimesha/thesis/ws_moveit/install/moveit_kinematics:/home/nimesha/thesis/ws_moveit/install/moveit_ros_planning:/home/nimesha/thesis/ws_moveit/install/pilz_industrial_motion_planner_testutils:/home/nimesha/thesis/ws_moveit/install/moveit_simple_controller_manager:/home/nimesha/thesis/ws_moveit/install/moveit_ros_occupancy_map_monitor:/home/nimesha/thesis/ws_moveit/install/moveit_resources_prbt_ikfast_manipulator_plugin:/home/nimesha/thesis/ws_moveit/install/moveit_core:/home/nimesha/thesis/ws_moveit/install/rviz_marker_tools:/home/nimesha/thesis/ws_moveit/install/moveit_resources_panda_moveit_config:/home/nimesha/thesis/ws_moveit/install/moveit_resources_fanuc_moveit_config:/home/nimesha/thesis/ws_moveit/install/moveit_configs_utils:/home/nimesha/thesis/ws_moveit/install/srdfdom:/home/nimesha/thesis/ws_moveit/install/moveit_task_constructor_msgs:/home/nimesha/thesis/ws_moveit/install/launch_param_builder:/opt/ros/humble:/home/nimesha/ros2_humble/ros2-linux:/home/nimesha/thesis/ws_moveit/install/robotiq_description:/home/nimesha/thesis/ws_moveit/install/moveit_resources_prbt_support:/home/nimesha/thesis/ws_moveit/install/moveit_resources_pr2_description:/home/nimesha/thesis/ws_moveit/install/moveit_resources_panda_description:/home/nimesha/thesis/ws_moveit/install/moveit_resources_fanuc_description:/home/nimesha/thesis/ws_moveit/install/moveit_common:/opt/ros/rolling CMAKE_PREFIX_PATH=/home/nimesha/thesis/ws_moveit/install/moveit_planners:/home/nimesha/thesis/ws_moveit/install/pilz_industrial_motion_planner:/home/nimesha/thesis/ws_moveit/install/moveit_resources_prbt_pg70_support:/home/nimesha/thesis/ws_moveit/install/moveit_ros_planning_interface:/home/nimesha/thesis/ws_moveit/install/moveit_resources_prbt_moveit_config:/home/nimesha/thesis/ws_moveit/install/moveit_ros_move_group:/home/nimesha/thesis/ws_moveit/install/moveit_ros_warehouse:/home/nimesha/thesis/ws_moveit/install/moveit_planners_ompl:/home/nimesha/thesis/ws_moveit/install/moveit_kinematics:/home/nimesha/thesis/ws_moveit/install/moveit_ros_planning:/home/nimesha/thesis/ws_moveit/install/pilz_industrial_motion_planner_testutils:/home/nimesha/thesis/ws_moveit/install/moveit_simple_controller_manager:/home/nimesha/thesis/ws_moveit/install/moveit_ros_occupancy_map_monitor:/home/nimesha/thesis/ws_moveit/install/moveit_resources_prbt_ikfast_manipulator_plugin:/home/nimesha/thesis/ws_moveit/install/moveit_core:/home/nimesha/thesis/ws_moveit/install/rviz_marker_tools:/home/nimesha/thesis/ws_moveit/install/moveit_resources_panda_moveit_config:/home/nimesha/thesis/ws_moveit/install/moveit_resources_fanuc_moveit_config:/home/nimesha/thesis/ws_moveit/install/srdfdom:/home/nimesha/thesis/ws_moveit/install/moveit_task_constructor_msgs:/home/nimesha/thesis/ws_moveit/install/moveit_resources_prbt_support:/home/nimesha/thesis/ws_moveit/install/moveit_resources_pr2_description:/home/nimesha/thesis/ws_moveit/install/moveit_resources_panda_description:/home/nimesha/thesis/ws_moveit/install/moveit_resources_fanuc_description:/home/nimesha/thesis/ws_moveit/install/moveit_common:/home/nimesha/ros2_humble/ros2-linux:/home/nimesha/thesis/ws_moveit/install/robotiq_description:/opt/ros/humble:/home/nimesha/thesis/ws_moveit/install/moveit_configs_utils:/opt/ros/rolling LD_LIBRARY_PATH=/home/nimesha/thesis/ws_moveit/install/pilz_industrial_motion_planner/lib:/home/nimesha/thesis/ws_moveit/install/moveit_ros_planning_interface/lib:/home/nimesha/thesis/ws_moveit/install/moveit_ros_move_group/lib:/home/nimesha/thesis/ws_moveit/install/moveit_ros_warehouse/lib:/home/nimesha/thesis/ws_moveit/install/moveit_planners_ompl/lib:/home/nimesha/thesis/ws_moveit/install/moveit_kinematics/lib:/home/nimesha/thesis/ws_moveit/install/moveit_ros_planning/lib:/home/nimesha/thesis/ws_moveit/install/pilz_industrial_motion_planner_testutils/lib:/home/nimesha/thesis/ws_moveit/install/moveit_simple_controller_manager/lib:/home/nimesha/thesis/ws_moveit/install/moveit_ros_occupancy_map_monitor/lib:/home/nimesha/thesis/ws_moveit/install/moveit_resources_prbt_ikfast_manipulator_plugin/lib:/home/nimesha/thesis/ws_moveit/install/moveit_core/lib:/home/nimesha/thesis/ws_moveit/install/rviz_marker_tools/lib:/home/nimesha/thesis/ws_moveit/install/srdfdom/lib:/home/nimesha/thesis/ws_moveit/install/moveit_task_constructor_msgs/lib:/opt/ros/humble/lib/x86_64-linux-gnu:/opt/ros/humble/lib:/home/nimesha/ros2_humble/ros2-linux/opt/rviz_ogre_vendor/lib:/opt/rti.com/rti_connext_dds-6.0.1/lib/x64Linux4gcc7.3.0:/opt/rti.com/rti_connext_dds-6.0.1/bin:/home/nimesha/ros2_humble/ros2-linux/lib:/opt/ros/rolling/opt/rviz_ogre_vendor/lib:/opt/ros/rolling/lib/x86_64-linux-gnu:/opt/ros/rolling/lib:/usr/lib/nvidia PATH=/home/nimesha/thesis/ws_moveit/install/moveit_core/bin:/opt/ros/humble/bin:/opt/rti.com/rti_connext_dds-6.0.1/lib/x64Linux4gcc7.3.0:/opt/rti.com/rti_connext_dds-6.0.1/bin:/home/nimesha/ros2_humble/ros2-linux/bin:/opt/ros/rolling/bin:/usr/lib/nvidia:/home/nimesha/anaconda3/condabin:/usr/local/sbin:/usr/local/bin:/usr/sbin:/usr/bin:/sbin:/bin:/usr/games:/usr/local/games:/usr/lib/wsl/lib:/mnt/c/Program Files/WindowsApps/MicrosoftCorporationII.WindowsSubsystemForLinux_2.2.4.0_x64__8wekyb3d8bbwe:/mnt/c/Windows/system32:/mnt/c/Windows:/mnt/c/Windows/System32/Wbem:/mnt/c/Windows/System32/WindowsPowerShell/v1.0/:/mnt/c/Windows/System32/OpenSSH/:/mnt/c/Program Files (x86)/NVIDIA Corporation/PhysX/Common:/mnt/c/Program Files/NVIDIA Corporation/NVIDIA NvDLISR:/mnt/c/Program Files/Git/cmd:/mnt/c/ProgramData/chocolatey/bin:/mnt/c/Program Files/MATLAB/R2024a/bin:/mnt/c/Program Files/dotnet/:/mnt/c/Users/Nimesha/AppData/Local/Programs/Python/Python311/Scripts/:/mnt/c/Users/Nimesha/AppData/Local/Programs/Python/Python311/:/mnt/c/Users/Nimesha/AppData/Local/Microsoft/WindowsApps:/mnt/c/Users/Nimesha/AppData/Local/Programs/Microsoft VS Code/bin:/mnt/c/Program Files/Baretail:/mnt/c/Program Files/Git/usr/bin:/mnt/c/Users/Nimesha/.dotnet/tools:/snap/bin PYTHONPATH=/home/nimesha/thesis/ws_moveit/install/moveit_configs_utils/lib/python3.10/site-packages:/home/nimesha/thesis/ws_moveit/install/srdfdom/local/lib/python3.10/dist-packages:/home/nimesha/thesis/ws_moveit/install/moveit_task_constructor_msgs/local/lib/python3.10/dist-packages:/home/nimesha/thesis/ws_moveit/install/launch_param_builder/lib/python3.10/site-packages:/opt/ros/humble/lib/python3.10/site-packages:/home/nimesha/ros2_humble/ros2-linux/local/lib/python3.10/dist-packages:/home/nimesha/ros2_humble/ros2-linux/lib/python3.10/site-packages:/opt/ros/rolling/lib/python3.10/site-packages /usr/bin/cmake /home/nimesha/thesis/ws_moveit/src/moveit_task_constructor/core -DCMAKE_BUILD_TYPE=Release -DCMAKE_INSTALL_PREFIX=/home/nimesha/thesis/ws_moveit/install/moveit_task_constructor_core
[0.829s] -- The C compiler identification is GNU 11.4.0
[1.050s] -- The CXX compiler identification is GNU 11.4.0
[1.232s] -- Detecting C compiler ABI info
[1.323s] -- Detecting C compiler ABI info - done
[1.328s] -- Check for working C compiler: /usr/bin/cc - skipped
[1.328s] -- Detecting C compile features
[1.328s] -- Detecting C compile features - done
[1.331s] -- Detecting CXX compiler ABI info
[1.433s] -- Detecting CXX compiler ABI info - done
[1.438s] -- Check for working CXX compiler: /usr/bin/c++ - skipped
[1.438s] -- Detecting CXX compile features
[1.438s] -- Detecting CXX compile features - done
[1.441s] -- Found ament_cmake: 1.3.10 (/home/nimesha/ros2_humble/ros2-linux/share/ament_cmake/cmake)
[1.565s] -- Found Python3: /usr/bin/python3 (found version "3.10.12") found components: Interpreter 
[1.664s] -- Found Boost: /usr/lib/x86_64-linux-gnu/cmake/Boost-1.74.0/BoostConfig.cmake (found version "1.74.0")  
[1.675s] -- Found geometry_msgs: 4.2.4 (/home/nimesha/ros2_humble/ros2-linux/share/geometry_msgs/cmake)
[1.798s] -- Found rosidl_generator_c: 3.1.5 (/home/nimesha/ros2_humble/ros2-linux/share/rosidl_generator_c/cmake)
[1.806s] -- Found rosidl_adapter: 3.1.5 (/home/nimesha/ros2_humble/ros2-linux/share/rosidl_adapter/cmake)
[1.818s] -- Found rosidl_generator_cpp: 3.1.5 (/home/nimesha/ros2_humble/ros2-linux/share/rosidl_generator_cpp/cmake)
[1.854s] -- Using all available rosidl_typesupport_c: rosidl_typesupport_fastrtps_c;rosidl_typesupport_introspection_c
[1.878s] -- Using all available rosidl_typesupport_cpp: rosidl_typesupport_fastrtps_cpp;rosidl_typesupport_introspection_cpp
[1.932s] -- Found moveit_common: 2.5.5 (/home/nimesha/thesis/ws_moveit/install/moveit_common/share/moveit_common/cmake)
[1.979s] -- Found moveit_core: 2.5.5 (/home/nimesha/thesis/ws_moveit/install/moveit_core/share/moveit_core/cmake)
[2.271s] -- Found Boost: /usr/lib/x86_64-linux-gnu/cmake/Boost-1.74.0/BoostConfig.cmake (found version "1.74.0") found components: chrono date_time filesystem iostreams program_options regex serialization system thread 
[2.939s] -- Found parameter_traits: 0.3.8 (/opt/ros/humble/share/parameter_traits/cmake)
[3.020s] -- Found rmw_implementation_cmake: 6.1.2 (/home/nimesha/ros2_humble/ros2-linux/share/rmw_implementation_cmake/cmake)
[3.026s] -- Found rmw_cyclonedds_cpp: 1.3.4 (/home/nimesha/ros2_humble/ros2-linux/share/rmw_cyclonedds_cpp/cmake)
[3.072s] -- Using RMW implementation 'rmw_cyclonedds_cpp' as default
[3.088s] -- Found Threads: TRUE  
[3.152s] -- Found Eigen3: TRUE (found version "3.4.0") 
[3.155s] -- Found rclcpp_lifecycle: 16.0.10 (/home/nimesha/ros2_humble/ros2-linux/share/rclcpp_lifecycle/cmake)
[3.193s] -- Found Boost: /usr/lib/x86_64-linux-gnu/cmake/Boost-1.74.0/BoostConfig.cmake (found version "1.74.0") found components: filesystem 
[3.956s] -- library: /usr/lib/x86_64-linux-gnu/libcurl.so
[4.062s] -- Ensuring Eigen3 include directory is part of orocos-kdl CMake target
[5.104s] -- Found moveit_ros_planning: 2.5.5 (/home/nimesha/thesis/ws_moveit/install/moveit_ros_planning/share/moveit_ros_planning/cmake)
[5.109s] -- Found Boost: /usr/lib/x86_64-linux-gnu/cmake/Boost-1.74.0/BoostConfig.cmake (found version "1.74.0") found components: system filesystem date_time program_options thread chrono 
[5.134s] -- Found moveit_ros_planning_interface: 2.5.5 (/home/nimesha/thesis/ws_moveit/install/moveit_ros_planning_interface/share/moveit_ros_planning_interface/cmake)
[5.138s] -- Found Boost: /usr/lib/x86_64-linux-gnu/cmake/Boost-1.74.0/BoostConfig.cmake (found version "1.74.0") found components: date_time filesystem program_options system thread 
[5.153s] -- Found Boost: /usr/lib/x86_64-linux-gnu/cmake/Boost-1.74.0/BoostConfig.cmake (found version "1.74.0") found components: thread system filesystem regex date_time program_options 
[5.239s] -- Found Boost: /usr/lib/x86_64-linux-gnu/cmake/Boost-1.74.0/BoostConfig.cmake (found version "1.74.0") found components: system filesystem date_time program_options thread 
[5.275s] -- Found moveit_task_constructor_msgs: 0.1.3 (/home/nimesha/thesis/ws_moveit/install/moveit_task_constructor_msgs/share/moveit_task_constructor_msgs/cmake)
[5.314s] -- Found py_binding_tools: 2.0.1 (/opt/ros/humble/share/py_binding_tools/cmake)
[5.318s] -- Found rviz_marker_tools: 0.1.3 (/home/nimesha/thesis/ws_moveit/install/rviz_marker_tools/share/rviz_marker_tools/cmake)
[5.504s] -- Found Python3: /usr/bin/python3 (found version "3.10.12") found components: Interpreter Development Development.Module Development.Embed 
[5.516s] -- pybind11 v2.13.0 dev1
[5.577s] -- Found PythonInterp: /usr/bin/python3 (found suitable version "3.10.12", minimum required is "3.6") 
[5.595s] -- Found PythonLibs: /usr/lib/x86_64-linux-gnu/libpython3.10.so
[5.600s] -- Performing Test HAS_FLTO
[5.821s] -- Performing Test HAS_FLTO - Success
[5.832s] -- Found ament_cmake_pytest: 1.3.10 (/home/nimesha/ros2_humble/ros2-linux/share/ament_cmake_pytest/cmake)
[5.838s] -- Found launch_testing_ament_cmake: 1.0.6 (/home/nimesha/ros2_humble/ros2-linux/share/launch_testing_ament_cmake/cmake)
[5.842s] -- Found python_cmake_module: 0.10.0 (/home/nimesha/ros2_humble/ros2-linux/share/python_cmake_module/cmake)
[30.241s] -- Found PythonLibs: /usr/lib/x86_64-linux-gnu/libpython3.10.so (found suitable version "3.10.12", minimum required is "3.5") 
[30.241s] -- Using PYTHON_EXECUTABLE: /usr/bin/python3
[30.241s] -- Using PYTHON_INCLUDE_DIRS: /usr/include/python3.10
[30.241s] -- Using PYTHON_LIBRARIES: /usr/lib/x86_64-linux-gnu/libpython3.10.so
[30.276s] -- Found PythonExtra: .so  
[31.645s] -- Found ament_cmake_gtest: 1.3.10 (/home/nimesha/ros2_humble/ros2-linux/share/ament_cmake_gtest/cmake)
[31.654s] -- Found ament_cmake_gmock: 1.3.10 (/home/nimesha/ros2_humble/ros2-linux/share/ament_cmake_gmock/cmake)
[31.657s] -- Found launch_testing_ament_cmake: 1.0.6 (/home/nimesha/ros2_humble/ros2-linux/share/launch_testing_ament_cmake/cmake)
[31.662s] -- Found python_cmake_module: 0.10.0 (/home/nimesha/ros2_humble/ros2-linux/share/python_cmake_module/cmake)
[31.741s] -- Using PYTHON_EXECUTABLE: /usr/bin/python3
[31.741s] -- Using PYTHON_INCLUDE_DIRS: /usr/include/python3.10
[31.741s] -- Using PYTHON_LIBRARIES: /usr/lib/x86_64-linux-gnu/libpython3.10.so
[31.753s] -- Found gmock sources under '/home/nimesha/ros2_humble/ros2-linux/src/gmock_vendor': C++ tests using 'Google Mock' will be built
[31.787s] -- Found gtest sources under '/home/nimesha/ros2_humble/ros2-linux/src/gtest_vendor': C++ tests using 'Google Test' will be built
[31.859s] -- Configuring done
[33.133s] -- Generating done
[33.136s] -- Build files have been written to: /home/nimesha/thesis/ws_moveit/build/moveit_task_constructor_core
[34.030s] Invoked command in '/home/nimesha/thesis/ws_moveit/build/moveit_task_constructor_core' returned '0': AMENT_PREFIX_PATH=/home/nimesha/thesis/ws_moveit/install/moveit_planners:/home/nimesha/thesis/ws_moveit/install/pilz_industrial_motion_planner:/home/nimesha/thesis/ws_moveit/install/moveit_resources_prbt_pg70_support:/home/nimesha/thesis/ws_moveit/install/moveit_ros_planning_interface:/home/nimesha/thesis/ws_moveit/install/moveit_resources_prbt_moveit_config:/home/nimesha/thesis/ws_moveit/install/moveit_ros_move_group:/home/nimesha/thesis/ws_moveit/install/moveit_ros_warehouse:/home/nimesha/thesis/ws_moveit/install/moveit_planners_ompl:/home/nimesha/thesis/ws_moveit/install/moveit_kinematics:/home/nimesha/thesis/ws_moveit/install/moveit_ros_planning:/home/nimesha/thesis/ws_moveit/install/pilz_industrial_motion_planner_testutils:/home/nimesha/thesis/ws_moveit/install/moveit_simple_controller_manager:/home/nimesha/thesis/ws_moveit/install/moveit_ros_occupancy_map_monitor:/home/nimesha/thesis/ws_moveit/install/moveit_resources_prbt_ikfast_manipulator_plugin:/home/nimesha/thesis/ws_moveit/install/moveit_core:/home/nimesha/thesis/ws_moveit/install/rviz_marker_tools:/home/nimesha/thesis/ws_moveit/install/moveit_resources_panda_moveit_config:/home/nimesha/thesis/ws_moveit/install/moveit_resources_fanuc_moveit_config:/home/nimesha/thesis/ws_moveit/install/moveit_configs_utils:/home/nimesha/thesis/ws_moveit/install/srdfdom:/home/nimesha/thesis/ws_moveit/install/moveit_task_constructor_msgs:/home/nimesha/thesis/ws_moveit/install/launch_param_builder:/opt/ros/humble:/home/nimesha/ros2_humble/ros2-linux:/home/nimesha/thesis/ws_moveit/install/robotiq_description:/home/nimesha/thesis/ws_moveit/install/moveit_resources_prbt_support:/home/nimesha/thesis/ws_moveit/install/moveit_resources_pr2_description:/home/nimesha/thesis/ws_moveit/install/moveit_resources_panda_description:/home/nimesha/thesis/ws_moveit/install/moveit_resources_fanuc_description:/home/nimesha/thesis/ws_moveit/install/moveit_common:/opt/ros/rolling CMAKE_PREFIX_PATH=/home/nimesha/thesis/ws_moveit/install/moveit_planners:/home/nimesha/thesis/ws_moveit/install/pilz_industrial_motion_planner:/home/nimesha/thesis/ws_moveit/install/moveit_resources_prbt_pg70_support:/home/nimesha/thesis/ws_moveit/install/moveit_ros_planning_interface:/home/nimesha/thesis/ws_moveit/install/moveit_resources_prbt_moveit_config:/home/nimesha/thesis/ws_moveit/install/moveit_ros_move_group:/home/nimesha/thesis/ws_moveit/install/moveit_ros_warehouse:/home/nimesha/thesis/ws_moveit/install/moveit_planners_ompl:/home/nimesha/thesis/ws_moveit/install/moveit_kinematics:/home/nimesha/thesis/ws_moveit/install/moveit_ros_planning:/home/nimesha/thesis/ws_moveit/install/pilz_industrial_motion_planner_testutils:/home/nimesha/thesis/ws_moveit/install/moveit_simple_controller_manager:/home/nimesha/thesis/ws_moveit/install/moveit_ros_occupancy_map_monitor:/home/nimesha/thesis/ws_moveit/install/moveit_resources_prbt_ikfast_manipulator_plugin:/home/nimesha/thesis/ws_moveit/install/moveit_core:/home/nimesha/thesis/ws_moveit/install/rviz_marker_tools:/home/nimesha/thesis/ws_moveit/install/moveit_resources_panda_moveit_config:/home/nimesha/thesis/ws_moveit/install/moveit_resources_fanuc_moveit_config:/home/nimesha/thesis/ws_moveit/install/srdfdom:/home/nimesha/thesis/ws_moveit/install/moveit_task_constructor_msgs:/home/nimesha/thesis/ws_moveit/install/moveit_resources_prbt_support:/home/nimesha/thesis/ws_moveit/install/moveit_resources_pr2_description:/home/nimesha/thesis/ws_moveit/install/moveit_resources_panda_description:/home/nimesha/thesis/ws_moveit/install/moveit_resources_fanuc_description:/home/nimesha/thesis/ws_moveit/install/moveit_common:/home/nimesha/ros2_humble/ros2-linux:/home/nimesha/thesis/ws_moveit/install/robotiq_description:/opt/ros/humble:/home/nimesha/thesis/ws_moveit/install/moveit_configs_utils:/opt/ros/rolling LD_LIBRARY_PATH=/home/nimesha/thesis/ws_moveit/install/pilz_industrial_motion_planner/lib:/home/nimesha/thesis/ws_moveit/install/moveit_ros_planning_interface/lib:/home/nimesha/thesis/ws_moveit/install/moveit_ros_move_group/lib:/home/nimesha/thesis/ws_moveit/install/moveit_ros_warehouse/lib:/home/nimesha/thesis/ws_moveit/install/moveit_planners_ompl/lib:/home/nimesha/thesis/ws_moveit/install/moveit_kinematics/lib:/home/nimesha/thesis/ws_moveit/install/moveit_ros_planning/lib:/home/nimesha/thesis/ws_moveit/install/pilz_industrial_motion_planner_testutils/lib:/home/nimesha/thesis/ws_moveit/install/moveit_simple_controller_manager/lib:/home/nimesha/thesis/ws_moveit/install/moveit_ros_occupancy_map_monitor/lib:/home/nimesha/thesis/ws_moveit/install/moveit_resources_prbt_ikfast_manipulator_plugin/lib:/home/nimesha/thesis/ws_moveit/install/moveit_core/lib:/home/nimesha/thesis/ws_moveit/install/rviz_marker_tools/lib:/home/nimesha/thesis/ws_moveit/install/srdfdom/lib:/home/nimesha/thesis/ws_moveit/install/moveit_task_constructor_msgs/lib:/opt/ros/humble/lib/x86_64-linux-gnu:/opt/ros/humble/lib:/home/nimesha/ros2_humble/ros2-linux/opt/rviz_ogre_vendor/lib:/opt/rti.com/rti_connext_dds-6.0.1/lib/x64Linux4gcc7.3.0:/opt/rti.com/rti_connext_dds-6.0.1/bin:/home/nimesha/ros2_humble/ros2-linux/lib:/opt/ros/rolling/opt/rviz_ogre_vendor/lib:/opt/ros/rolling/lib/x86_64-linux-gnu:/opt/ros/rolling/lib:/usr/lib/nvidia PATH=/home/nimesha/thesis/ws_moveit/install/moveit_core/bin:/opt/ros/humble/bin:/opt/rti.com/rti_connext_dds-6.0.1/lib/x64Linux4gcc7.3.0:/opt/rti.com/rti_connext_dds-6.0.1/bin:/home/nimesha/ros2_humble/ros2-linux/bin:/opt/ros/rolling/bin:/usr/lib/nvidia:/home/nimesha/anaconda3/condabin:/usr/local/sbin:/usr/local/bin:/usr/sbin:/usr/bin:/sbin:/bin:/usr/games:/usr/local/games:/usr/lib/wsl/lib:/mnt/c/Program Files/WindowsApps/MicrosoftCorporationII.WindowsSubsystemForLinux_2.2.4.0_x64__8wekyb3d8bbwe:/mnt/c/Windows/system32:/mnt/c/Windows:/mnt/c/Windows/System32/Wbem:/mnt/c/Windows/System32/WindowsPowerShell/v1.0/:/mnt/c/Windows/System32/OpenSSH/:/mnt/c/Program Files (x86)/NVIDIA Corporation/PhysX/Common:/mnt/c/Program Files/NVIDIA Corporation/NVIDIA NvDLISR:/mnt/c/Program Files/Git/cmd:/mnt/c/ProgramData/chocolatey/bin:/mnt/c/Program Files/MATLAB/R2024a/bin:/mnt/c/Program Files/dotnet/:/mnt/c/Users/Nimesha/AppData/Local/Programs/Python/Python311/Scripts/:/mnt/c/Users/Nimesha/AppData/Local/Programs/Python/Python311/:/mnt/c/Users/Nimesha/AppData/Local/Microsoft/WindowsApps:/mnt/c/Users/Nimesha/AppData/Local/Programs/Microsoft VS Code/bin:/mnt/c/Program Files/Baretail:/mnt/c/Program Files/Git/usr/bin:/mnt/c/Users/Nimesha/.dotnet/tools:/snap/bin PYTHONPATH=/home/nimesha/thesis/ws_moveit/install/moveit_configs_utils/lib/python3.10/site-packages:/home/nimesha/thesis/ws_moveit/install/srdfdom/local/lib/python3.10/dist-packages:/home/nimesha/thesis/ws_moveit/install/moveit_task_constructor_msgs/local/lib/python3.10/dist-packages:/home/nimesha/thesis/ws_moveit/install/launch_param_builder/lib/python3.10/site-packages:/opt/ros/humble/lib/python3.10/site-packages:/home/nimesha/ros2_humble/ros2-linux/local/lib/python3.10/dist-packages:/home/nimesha/ros2_humble/ros2-linux/lib/python3.10/site-packages:/opt/ros/rolling/lib/python3.10/site-packages /usr/bin/cmake /home/nimesha/thesis/ws_moveit/src/moveit_task_constructor/core -DCMAKE_BUILD_TYPE=Release -DCMAKE_INSTALL_PREFIX=/home/nimesha/thesis/ws_moveit/install/moveit_task_constructor_core
[34.129s] Invoking command in '/home/nimesha/thesis/ws_moveit/build/moveit_task_constructor_core': AMENT_PREFIX_PATH=/home/nimesha/thesis/ws_moveit/install/moveit_planners:/home/nimesha/thesis/ws_moveit/install/pilz_industrial_motion_planner:/home/nimesha/thesis/ws_moveit/install/moveit_resources_prbt_pg70_support:/home/nimesha/thesis/ws_moveit/install/moveit_ros_planning_interface:/home/nimesha/thesis/ws_moveit/install/moveit_resources_prbt_moveit_config:/home/nimesha/thesis/ws_moveit/install/moveit_ros_move_group:/home/nimesha/thesis/ws_moveit/install/moveit_ros_warehouse:/home/nimesha/thesis/ws_moveit/install/moveit_planners_ompl:/home/nimesha/thesis/ws_moveit/install/moveit_kinematics:/home/nimesha/thesis/ws_moveit/install/moveit_ros_planning:/home/nimesha/thesis/ws_moveit/install/pilz_industrial_motion_planner_testutils:/home/nimesha/thesis/ws_moveit/install/moveit_simple_controller_manager:/home/nimesha/thesis/ws_moveit/install/moveit_ros_occupancy_map_monitor:/home/nimesha/thesis/ws_moveit/install/moveit_resources_prbt_ikfast_manipulator_plugin:/home/nimesha/thesis/ws_moveit/install/moveit_core:/home/nimesha/thesis/ws_moveit/install/rviz_marker_tools:/home/nimesha/thesis/ws_moveit/install/moveit_resources_panda_moveit_config:/home/nimesha/thesis/ws_moveit/install/moveit_resources_fanuc_moveit_config:/home/nimesha/thesis/ws_moveit/install/moveit_configs_utils:/home/nimesha/thesis/ws_moveit/install/srdfdom:/home/nimesha/thesis/ws_moveit/install/moveit_task_constructor_msgs:/home/nimesha/thesis/ws_moveit/install/launch_param_builder:/opt/ros/humble:/home/nimesha/ros2_humble/ros2-linux:/home/nimesha/thesis/ws_moveit/install/robotiq_description:/home/nimesha/thesis/ws_moveit/install/moveit_resources_prbt_support:/home/nimesha/thesis/ws_moveit/install/moveit_resources_pr2_description:/home/nimesha/thesis/ws_moveit/install/moveit_resources_panda_description:/home/nimesha/thesis/ws_moveit/install/moveit_resources_fanuc_description:/home/nimesha/thesis/ws_moveit/install/moveit_common:/opt/ros/rolling CMAKE_PREFIX_PATH=/home/nimesha/thesis/ws_moveit/install/moveit_planners:/home/nimesha/thesis/ws_moveit/install/pilz_industrial_motion_planner:/home/nimesha/thesis/ws_moveit/install/moveit_resources_prbt_pg70_support:/home/nimesha/thesis/ws_moveit/install/moveit_ros_planning_interface:/home/nimesha/thesis/ws_moveit/install/moveit_resources_prbt_moveit_config:/home/nimesha/thesis/ws_moveit/install/moveit_ros_move_group:/home/nimesha/thesis/ws_moveit/install/moveit_ros_warehouse:/home/nimesha/thesis/ws_moveit/install/moveit_planners_ompl:/home/nimesha/thesis/ws_moveit/install/moveit_kinematics:/home/nimesha/thesis/ws_moveit/install/moveit_ros_planning:/home/nimesha/thesis/ws_moveit/install/pilz_industrial_motion_planner_testutils:/home/nimesha/thesis/ws_moveit/install/moveit_simple_controller_manager:/home/nimesha/thesis/ws_moveit/install/moveit_ros_occupancy_map_monitor:/home/nimesha/thesis/ws_moveit/install/moveit_resources_prbt_ikfast_manipulator_plugin:/home/nimesha/thesis/ws_moveit/install/moveit_core:/home/nimesha/thesis/ws_moveit/install/rviz_marker_tools:/home/nimesha/thesis/ws_moveit/install/moveit_resources_panda_moveit_config:/home/nimesha/thesis/ws_moveit/install/moveit_resources_fanuc_moveit_config:/home/nimesha/thesis/ws_moveit/install/srdfdom:/home/nimesha/thesis/ws_moveit/install/moveit_task_constructor_msgs:/home/nimesha/thesis/ws_moveit/install/moveit_resources_prbt_support:/home/nimesha/thesis/ws_moveit/install/moveit_resources_pr2_description:/home/nimesha/thesis/ws_moveit/install/moveit_resources_panda_description:/home/nimesha/thesis/ws_moveit/install/moveit_resources_fanuc_description:/home/nimesha/thesis/ws_moveit/install/moveit_common:/home/nimesha/ros2_humble/ros2-linux:/home/nimesha/thesis/ws_moveit/install/robotiq_description:/opt/ros/humble:/home/nimesha/thesis/ws_moveit/install/moveit_configs_utils:/opt/ros/rolling LD_LIBRARY_PATH=/home/nimesha/thesis/ws_moveit/install/pilz_industrial_motion_planner/lib:/home/nimesha/thesis/ws_moveit/install/moveit_ros_planning_interface/lib:/home/nimesha/thesis/ws_moveit/install/moveit_ros_move_group/lib:/home/nimesha/thesis/ws_moveit/install/moveit_ros_warehouse/lib:/home/nimesha/thesis/ws_moveit/install/moveit_planners_ompl/lib:/home/nimesha/thesis/ws_moveit/install/moveit_kinematics/lib:/home/nimesha/thesis/ws_moveit/install/moveit_ros_planning/lib:/home/nimesha/thesis/ws_moveit/install/pilz_industrial_motion_planner_testutils/lib:/home/nimesha/thesis/ws_moveit/install/moveit_simple_controller_manager/lib:/home/nimesha/thesis/ws_moveit/install/moveit_ros_occupancy_map_monitor/lib:/home/nimesha/thesis/ws_moveit/install/moveit_resources_prbt_ikfast_manipulator_plugin/lib:/home/nimesha/thesis/ws_moveit/install/moveit_core/lib:/home/nimesha/thesis/ws_moveit/install/rviz_marker_tools/lib:/home/nimesha/thesis/ws_moveit/install/srdfdom/lib:/home/nimesha/thesis/ws_moveit/install/moveit_task_constructor_msgs/lib:/opt/ros/humble/lib/x86_64-linux-gnu:/opt/ros/humble/lib:/home/nimesha/ros2_humble/ros2-linux/opt/rviz_ogre_vendor/lib:/opt/rti.com/rti_connext_dds-6.0.1/lib/x64Linux4gcc7.3.0:/opt/rti.com/rti_connext_dds-6.0.1/bin:/home/nimesha/ros2_humble/ros2-linux/lib:/opt/ros/rolling/opt/rviz_ogre_vendor/lib:/opt/ros/rolling/lib/x86_64-linux-gnu:/opt/ros/rolling/lib:/usr/lib/nvidia PATH=/home/nimesha/thesis/ws_moveit/install/moveit_core/bin:/opt/ros/humble/bin:/opt/rti.com/rti_connext_dds-6.0.1/lib/x64Linux4gcc7.3.0:/opt/rti.com/rti_connext_dds-6.0.1/bin:/home/nimesha/ros2_humble/ros2-linux/bin:/opt/ros/rolling/bin:/usr/lib/nvidia:/home/nimesha/anaconda3/condabin:/usr/local/sbin:/usr/local/bin:/usr/sbin:/usr/bin:/sbin:/bin:/usr/games:/usr/local/games:/usr/lib/wsl/lib:/mnt/c/Program Files/WindowsApps/MicrosoftCorporationII.WindowsSubsystemForLinux_2.2.4.0_x64__8wekyb3d8bbwe:/mnt/c/Windows/system32:/mnt/c/Windows:/mnt/c/Windows/System32/Wbem:/mnt/c/Windows/System32/WindowsPowerShell/v1.0/:/mnt/c/Windows/System32/OpenSSH/:/mnt/c/Program Files (x86)/NVIDIA Corporation/PhysX/Common:/mnt/c/Program Files/NVIDIA Corporation/NVIDIA NvDLISR:/mnt/c/Program Files/Git/cmd:/mnt/c/ProgramData/chocolatey/bin:/mnt/c/Program Files/MATLAB/R2024a/bin:/mnt/c/Program Files/dotnet/:/mnt/c/Users/Nimesha/AppData/Local/Programs/Python/Python311/Scripts/:/mnt/c/Users/Nimesha/AppData/Local/Programs/Python/Python311/:/mnt/c/Users/Nimesha/AppData/Local/Microsoft/WindowsApps:/mnt/c/Users/Nimesha/AppData/Local/Programs/Microsoft VS Code/bin:/mnt/c/Program Files/Baretail:/mnt/c/Program Files/Git/usr/bin:/mnt/c/Users/Nimesha/.dotnet/tools:/snap/bin PYTHONPATH=/home/nimesha/thesis/ws_moveit/install/moveit_configs_utils/lib/python3.10/site-packages:/home/nimesha/thesis/ws_moveit/install/srdfdom/local/lib/python3.10/dist-packages:/home/nimesha/thesis/ws_moveit/install/moveit_task_constructor_msgs/local/lib/python3.10/dist-packages:/home/nimesha/thesis/ws_moveit/install/launch_param_builder/lib/python3.10/site-packages:/opt/ros/humble/lib/python3.10/site-packages:/home/nimesha/ros2_humble/ros2-linux/local/lib/python3.10/dist-packages:/home/nimesha/ros2_humble/ros2-linux/lib/python3.10/site-packages:/opt/ros/rolling/lib/python3.10/site-packages /usr/bin/cmake --build /home/nimesha/thesis/ws_moveit/build/moveit_task_constructor_core -- -j32 -l32
[34.383s] [  1%] [32mBuilding CXX object gmock/CMakeFiles/gmock_main.dir/src/gmock_main.cc.o[0m
[34.384s] [  2%] [32mBuilding CXX object src/CMakeFiles/moveit_task_constructor_core.dir/cost_terms.cpp.o[0m
[34.384s] [  3%] [32mBuilding CXX object src/CMakeFiles/moveit_task_constructor_core.dir/marker_tools.cpp.o[0m
[34.386s] [  4%] [32mBuilding CXX object src/CMakeFiles/moveit_task_constructor_core.dir/merge.cpp.o[0m
[34.386s] [  5%] [32mBuilding CXX object src/CMakeFiles/moveit_task_constructor_core.dir/introspection.cpp.o[0m
[34.388s] [  8%] [32mBuilding CXX object src/CMakeFiles/moveit_task_constructor_core.dir/properties.cpp.o[0m
[34.388s] [  8%] [32mBuilding CXX object src/CMakeFiles/moveit_task_constructor_core.dir/container.cpp.o[0m
[34.389s] [  9%] [32mBuilding CXX object gtest/CMakeFiles/gtest_main.dir/src/gtest_main.cc.o[0m
[34.389s] [ 11%] [32mBuilding CXX object src/CMakeFiles/moveit_task_constructor_core.dir/solvers/planner_interface.cpp.o[0m
[34.389s] [ 11%] [32mBuilding CXX object src/CMakeFiles/moveit_task_constructor_core.dir/stage.cpp.o[0m
[34.389s] [ 14%] [32mBuilding CXX object src/CMakeFiles/moveit_task_constructor_core.dir/utils.cpp.o[0m
[34.389s] [ 14%] [32mBuilding CXX object src/CMakeFiles/moveit_task_constructor_core.dir/solvers/multi_planner.cpp.o[0m
[34.389s] [ 16%] [32mBuilding CXX object src/CMakeFiles/moveit_task_constructor_core.dir/storage.cpp.o[0m
[34.389s] [ 16%] [32mBuilding CXX object src/CMakeFiles/moveit_task_constructor_core.dir/solvers/pipeline_planner.cpp.o[0m
[34.390s] [ 17%] [32mBuilding CXX object src/CMakeFiles/moveit_task_constructor_core.dir/solvers/cartesian_path.cpp.o[0m
[34.390s] [ 18%] [32mBuilding CXX object src/CMakeFiles/moveit_task_constructor_core.dir/task.cpp.o[0m
[34.393s] [ 20%] [32mBuilding CXX object gtest/CMakeFiles/gtest.dir/src/gtest-all.cc.o[0m
[34.395s] [ 22%] [32mBuilding CXX object gmock/CMakeFiles/gmock.dir/home/nimesha/ros2_humble/ros2-linux/src/gtest_vendor/src/gtest-all.cc.o[0m
[34.396s] [ 22%] [32mBuilding CXX object src/CMakeFiles/moveit_task_constructor_core.dir/solvers/joint_interpolation.cpp.o[0m
[34.401s] [ 23%] [32mBuilding CXX object gmock/CMakeFiles/gmock.dir/src/gmock-all.cc.o[0m
[34.409s] [ 23%] Built target ament_cmake_python_copy_moveit
[66.985s] running egg_info
[66.986s] creating moveit.egg-info
[66.986s] writing moveit.egg-info/PKG-INFO
[66.986s] writing dependency_links to moveit.egg-info/dependency_links.txt
[66.986s] writing top-level names to moveit.egg-info/top_level.txt
[66.986s] writing manifest file 'moveit.egg-info/SOURCES.txt'
[66.989s] reading manifest file 'moveit.egg-info/SOURCES.txt'
[66.990s] writing manifest file 'moveit.egg-info/SOURCES.txt'
[67.178s] [ 24%] [32m[1mLinking CXX static library libgtest_main.a[0m
[67.178s] [ 24%] Built target ament_cmake_python_build_moveit_egg
[67.335s] [ 25%] [32m[1mLinking CXX static library libgmock_main.a[0m
[88.099s] [ 25%] Built target gtest_main
[88.099s] [ 25%] Built target gmock_main
[154.541s] [ 27%] [32m[1mLinking CXX static library libgtest.a[0m
[154.917s] [ 28%] [32m[1mLinking CXX static library libgmock.a[0m
[155.372s] [ 28%] Built target gtest
[155.380s] [ 28%] Built target gmock
[163.312s] [ 29%] [32m[1mLinking CXX shared library libmoveit_task_constructor_core.so[0m
[164.401s] [ 29%] Built target moveit_task_constructor_core
[164.427s] [ 30%] [32mBuilding CXX object test/CMakeFiles/gtest_utils.dir/gtest_value_printers.cpp.o[0m
[164.427s] [ 31%] [32mBuilding CXX object test/CMakeFiles/gtest_utils.dir/stage_mockups.cpp.o[0m
[164.428s] [ 34%] [32mBuilding CXX object src/stages/CMakeFiles/moveit_task_constructor_core_stages.dir/generate_pose.cpp.o[0m
[164.428s] [ 34%] [32mBuilding CXX object src/stages/CMakeFiles/moveit_task_constructor_core_stages.dir/modify_planning_scene.cpp.o[0m
[164.429s] [ 35%] [32mBuilding CXX object src/stages/CMakeFiles/moveit_task_constructor_core_stages.dir/generate_grasp_pose.cpp.o[0m
[164.429s] [ 36%] [32mBuilding CXX object test/CMakeFiles/gtest_utils.dir/models.cpp.o[0m
[164.429s] [ 37%] [32mBuilding CXX object src/stages/CMakeFiles/moveit_task_constructor_core_stages.dir/fix_collision_objects.cpp.o[0m
[164.430s] [ 40%] [32mBuilding CXX object src/stages/CMakeFiles/moveit_task_constructor_core_stages.dir/predicate_filter.cpp.o[0m
[164.430s] [ 40%] [32mBuilding CXX object src/stages/CMakeFiles/moveit_task_constructor_core_stages.dir/connect.cpp.o[0m
[164.430s] [ 42%] [32mBuilding CXX object src/stages/CMakeFiles/moveit_task_constructor_core_stages.dir/current_state.cpp.o[0m
[164.430s] [ 42%] [32mBuilding CXX object src/stages/CMakeFiles/moveit_task_constructor_core_stages.dir/fixed_state.cpp.o[0m
[164.431s] [ 43%] [32mBuilding CXX object src/stages/CMakeFiles/moveit_task_constructor_core_stages.dir/passthrough.cpp.o[0m
[164.431s] [ 44%] [32mBuilding CXX object src/stages/CMakeFiles/moveit_task_constructor_core_stages.dir/fixed_cartesian_poses.cpp.o[0m
[164.431s] [ 45%] [32mBuilding CXX object src/stages/CMakeFiles/moveit_task_constructor_core_stages.dir/generate_random_pose.cpp.o[0m
[164.432s] [ 47%] [32mBuilding CXX object src/stages/CMakeFiles/moveit_task_constructor_core_stages.dir/generate_place_pose.cpp.o[0m
[164.432s] [ 48%] [32mBuilding CXX object src/stages/CMakeFiles/moveit_task_constructor_core_stages.dir/compute_ik.cpp.o[0m
[164.433s] [ 49%] [32mBuilding CXX object src/stages/CMakeFiles/moveit_task_constructor_core_stages.dir/pick.cpp.o[0m
[164.434s] [ 51%] [32mBuilding CXX object src/stages/CMakeFiles/moveit_task_constructor_core_stages.dir/move_relative.cpp.o[0m
[164.434s] [ 51%] [32mBuilding CXX object src/stages/CMakeFiles/moveit_task_constructor_core_stages.dir/move_to.cpp.o[0m
[164.434s] [ 52%] [32mBuilding CXX object src/stages/CMakeFiles/moveit_task_constructor_core_stages.dir/simple_grasp.cpp.o[0m
[236.588s] [ 54%] [32m[1mLinking CXX shared library libgtest_utils.so[0m
[237.612s] [ 54%] Built target gtest_utils
[242.767s] [ 55%] [32m[1mLinking CXX shared library libmoveit_task_constructor_core_stages.so[0m
[243.005s] [ 55%] Built target moveit_task_constructor_core_stages
[243.049s] [ 56%] [32mBuilding CXX object test/CMakeFiles/moveit_task_constructor_core-test-stage.dir/test_stage.cpp.o[0m
[243.050s] [ 57%] [32mBuilding CXX object python/bindings/CMakeFiles/pymoveit_mtc.dir/src/properties.cpp.o[0m
[243.050s] [ 60%] [32mBuilding CXX object test/CMakeFiles/moveit_task_constructor_core-test-properties.dir/test_properties.cpp.o[0m
[243.050s] [ 60%] [32mBuilding CXX object test/CMakeFiles/moveit_task_constructor_core-test-mockups.dir/test_mockups.cpp.o[0m
[243.050s] [ 61%] [32mBuilding CXX object test/CMakeFiles/moveit_task_constructor_core-test-pruning.dir/test_pruning.cpp.o[0m
[243.050s] [ 62%] [32mBuilding CXX object test/CMakeFiles/moveit_task_constructor_core-test-serial.dir/test_serial.cpp.o[0m
[243.050s] [ 63%] [32mBuilding CXX object src/stages/CMakeFiles/moveit_task_constructor_core_stage_plugins.dir/plugins.cpp.o[0m
[243.050s] [ 64%] [32mBuilding CXX object test/CMakeFiles/moveit_task_constructor_core-test-move-to.dir/test_move_to.cpp.o[0m
[243.051s] [ 67%] [32mBuilding CXX object test/CMakeFiles/moveit_task_constructor_core-test-interface-state.dir/test_interface_state.cpp.o[0m
[243.052s] [ 67%] [32mBuilding CXX object python/bindings/CMakeFiles/pymoveit_mtc.dir/src/core.cpp.o[0m
[243.052s] [ 69%] [32mBuilding CXX object test/CMakeFiles/pick_ur5.dir/pick_ur5.cpp.o[0m
[243.052s] [ 70%] [32mBuilding CXX object test/CMakeFiles/moveit_task_constructor_core-test-container.dir/test_container.cpp.o[0m
[243.052s] [ 70%] [32mBuilding CXX object test/CMakeFiles/pick_pa10.dir/pick_pa10.cpp.o[0m
[243.052s] [ 71%] [32mBuilding CXX object python/bindings/CMakeFiles/pymoveit_mtc.dir/src/stages.cpp.o[0m
[243.052s] [ 72%] [32mBuilding CXX object python/bindings/CMakeFiles/pymoveit_mtc.dir/src/solvers.cpp.o[0m
[243.052s] [ 74%] [32mBuilding CXX object python/bindings/CMakeFiles/pymoveit_mtc.dir/src/module.cpp.o[0m
[243.053s] [ 75%] [32mBuilding CXX object test/CMakeFiles/moveit_task_constructor_core-test-move-relative.dir/test_move_relative.cpp.o[0m
[243.054s] [ 76%] [32mBuilding CXX object test/CMakeFiles/moveit_task_constructor_core-test-cost-queue.dir/test_cost_queue.cpp.o[0m
[243.054s] [ 78%] [32mBuilding CXX object test/CMakeFiles/moveit_task_constructor_core-test-fallback.dir/test_fallback.cpp.o[0m
[243.054s] [ 77%] [32mBuilding CXX object test/CMakeFiles/moveit_task_constructor_core-test-cost-terms.dir/test_cost_terms.cpp.o[0m
[243.054s] [ 80%] [32mBuilding CXX object test/CMakeFiles/pick_pr2.dir/pick_pr2.cpp.o[0m
[246.526s] [ 81%] [32m[1mLinking CXX shared library libmoveit_task_constructor_core_stage_plugins.so[0m
[246.974s] [ 81%] Built target moveit_task_constructor_core_stage_plugins
[247.111s] [ 82%] [32m[1mLinking CXX executable moveit_task_constructor_core-test-properties[0m
[247.741s] [ 82%] Built target moveit_task_constructor_core-test-properties
[250.196s] [ 83%] [32m[1mLinking CXX executable moveit_task_constructor_core-test-cost-queue[0m
[250.837s] [ 83%] Built target moveit_task_constructor_core-test-cost-queue
[257.222s] [ 85%] [32m[1mLinking CXX executable moveit_task_constructor_core-test-interface-state[0m
[257.229s] [ 85%] [32m[1mLinking CXX executable pick_ur5[0m
[257.279s] [ 87%] [32m[1mLinking CXX executable pick_pr2[0m
[258.074s] [ 88%] [32m[1mLinking CXX executable moveit_task_constructor_core-test-serial[0m
[258.549s] [ 89%] [32m[1mLinking CXX executable moveit_task_constructor_core-test-pruning[0m
[258.772s] [ 89%] Built target moveit_task_constructor_core-test-interface-state
[258.773s] [ 89%] Built target pick_ur5
[258.776s] [ 89%] Built target pick_pr2
[258.803s] [ 90%] [32m[1mLinking CXX executable moveit_task_constructor_core-test-move-relative[0m
[258.829s] [ 90%] Built target moveit_task_constructor_core-test-serial
[258.874s] [ 91%] [32m[1mLinking CXX executable moveit_task_constructor_core-test-stage[0m
[259.044s] [ 91%] Built target moveit_task_constructor_core-test-pruning
[259.255s] [ 91%] Built target moveit_task_constructor_core-test-move-relative
[259.537s] [ 91%] Built target moveit_task_constructor_core-test-stage
[259.553s] [ 92%] [32m[1mLinking CXX executable moveit_task_constructor_core-test-mockups[0m
[259.867s] [ 94%] [32m[1mLinking CXX executable pick_pa10[0m
[260.025s] [ 95%] [32m[1mLinking CXX executable moveit_task_constructor_core-test-cost-terms[0m
[260.033s] [ 95%] Built target moveit_task_constructor_core-test-mockups
[260.277s] [ 95%] Built target pick_pa10
[260.291s] [ 96%] [32m[1mLinking CXX executable moveit_task_constructor_core-test-move-to[0m
[260.439s] [ 96%] Built target moveit_task_constructor_core-test-cost-terms
[260.698s] [ 96%] Built target moveit_task_constructor_core-test-move-to
[260.957s] [ 97%] [32m[1mLinking CXX executable moveit_task_constructor_core-test-fallback[0m
[260.982s] [ 98%] [32m[1mLinking CXX executable moveit_task_constructor_core-test-container[0m
[261.289s] [ 98%] Built target moveit_task_constructor_core-test-fallback
[261.324s] [ 98%] Built target moveit_task_constructor_core-test-container
[265.048s] [100%] [32m[1mLinking CXX shared module pymoveit_mtc.cpython-310-x86_64-linux-gnu.so[0m
[266.330s] lto-wrapper: warning: using serial compilation of 12 LTRANS jobs
[274.279s] [100%] Built target pymoveit_mtc
