[0.171s] Invoking command in '/home/nimesha/thesis/ws_moveit/build/moveit_ros_planning': AMENT_PREFIX_PATH=/home/nimesha/thesis/ws_moveit/install/moveit_ros_occupancy_map_monitor:/home/nimesha/thesis/ws_moveit/install/moveit_core:/home/nimesha/thesis/ws_moveit/install/moveit_resources_panda_moveit_config:/home/nimesha/thesis/ws_moveit/install/srdfdom:${AMENT_PREFIX_PATH} CMAKE_PREFIX_PATH=/home/nimesha/thesis/ws_moveit/install/moveit_ros_occupancy_map_monitor:/home/nimesha/thesis/ws_moveit/install/moveit_core:/home/nimesha/thesis/ws_moveit/install/moveit_resources_panda_moveit_config:/home/nimesha/thesis/ws_moveit/install/srdfdom:/home/nimesha/thesis/ws_moveit/install/moveit_resources_pr2_description:/home/nimesha/thesis/ws_moveit/install/moveit_resources_panda_description:/home/nimesha/thesis/ws_moveit/install/moveit_common:/home/nimesha/ros2_humble/ros2-linux:/home/nimesha/thesis/ws_moveit/install/robotiq_description:/home/nimesha/thesis/ws_moveit/install/moveit_resources_prbt_support:/home/nimesha/thesis/ws_moveit/install/moveit_resources_fanuc_description:/opt/ros/humble:/home/nimesha/thesis/ws_moveit/install/moveit_configs_utils:/opt/ros/rolling LD_LIBRARY_PATH=/home/nimesha/thesis/ws_moveit/install/moveit_ros_occupancy_map_monitor/lib:/home/nimesha/thesis/ws_moveit/install/moveit_core/lib:/home/nimesha/thesis/ws_moveit/install/srdfdom/lib:/opt/ros/humble/lib/x86_64-linux-gnu:/opt/ros/humble/lib:/home/nimesha/ros2_humble/ros2-linux/opt/rviz_ogre_vendor/lib:/opt/rti.com/rti_connext_dds-6.0.1/lib/x64Linux4gcc7.3.0:/opt/rti.com/rti_connext_dds-6.0.1/bin:/home/nimesha/ros2_humble/ros2-linux/lib:/opt/ros/rolling/opt/rviz_ogre_vendor/lib:/opt/ros/rolling/lib/x86_64-linux-gnu:/opt/ros/rolling/lib:/usr/lib/nvidia PATH=/home/nimesha/thesis/ws_moveit/install/moveit_core/bin:/opt/ros/humble/bin:/opt/rti.com/rti_connext_dds-6.0.1/lib/x64Linux4gcc7.3.0:/opt/rti.com/rti_connext_dds-6.0.1/bin:/home/nimesha/ros2_humble/ros2-linux/bin:/opt/ros/rolling/bin:/usr/lib/nvidia:/home/nimesha/anaconda3/condabin:/usr/local/sbin:/usr/local/bin:/usr/sbin:/usr/bin:/sbin:/bin:/usr/games:/usr/local/games:/usr/lib/wsl/lib:/mnt/c/Program Files/WindowsApps/MicrosoftCorporationII.WindowsSubsystemForLinux_2.2.4.0_x64__8wekyb3d8bbwe:/mnt/c/Windows/system32:/mnt/c/Windows:/mnt/c/Windows/System32/Wbem:/mnt/c/Windows/System32/WindowsPowerShell/v1.0/:/mnt/c/Windows/System32/OpenSSH/:/mnt/c/Program Files (x86)/NVIDIA Corporation/PhysX/Common:/mnt/c/Program Files/NVIDIA Corporation/NVIDIA NvDLISR:/mnt/c/Program Files/Git/cmd:/mnt/c/ProgramData/chocolatey/bin:/mnt/c/Program Files/MATLAB/R2024a/bin:/mnt/c/Program Files/dotnet/:/mnt/c/Users/Nimesha/AppData/Local/Programs/Python/Python311/Scripts/:/mnt/c/Users/Nimesha/AppData/Local/Programs/Python/Python311/:/mnt/c/Users/Nimesha/AppData/Local/Microsoft/WindowsApps:/mnt/c/Users/Nimesha/AppData/Local/Programs/Microsoft VS Code/bin:/mnt/c/Program Files/Baretail:/mnt/c/Program Files/Git/usr/bin:/mnt/c/Users/Nimesha/.dotnet/tools:/snap/bin PYTHONPATH=/home/nimesha/thesis/ws_moveit/install/srdfdom/local/lib/python3.10/dist-packages:${PYTHONPATH} /usr/bin/cmake --build /home/nimesha/thesis/ws_moveit/build/moveit_ros_planning -- -j32 -l32
[0.226s] [  3%] Built target gmock_main
[0.229s] [  8%] Built target gmock
[0.231s] [ 16%] Built target moveit_rdf_loader
[0.231s] [ 14%] Built target moveit_list_request_adapter_plugins
[0.232s] [ 19%] Built target moveit_collision_plugin_loader
[0.232s] [ 22%] Built target moveit_planning_pipeline
[0.253s] [ 40%] Built target moveit_default_planning_request_adapter_plugins
[0.256s] [ 43%] Built target moveit_kinematics_plugin_loader
[0.256s] [ 46%] Built target moveit_constraint_sampler_manager_loader
[0.278s] [ 50%] Built target moveit_robot_model_loader
[0.301s] [ 53%] Built target moveit_print_planning_model_info
[0.314s] [ 62%] Built target moveit_planning_scene_monitor
[0.343s] [ 66%] Built target trajectory_monitor_tests
[0.343s] [ 69%] Built target moveit_display_random_state
[0.343s] [ 72%] Built target moveit_visualize_robot_collision_volume
[0.344s] [ 75%] Built target demo_scene
[0.345s] [ 79%] Built target current_state_monitor_tests
[0.345s] [ 82%] Built target moveit_trajectory_execution_manager
[0.347s] [ 85%] Built target moveit_publish_scene_from_text
[0.348s] [ 88%] Built target moveit_print_planning_scene_info
[0.349s] [ 91%] Built target moveit_evaluate_collision_checking_speed
[0.378s] [ 95%] Built target moveit_plan_execution
[0.379s] [100%] Built target moveit_cpp
[0.385s] Invoked command in '/home/nimesha/thesis/ws_moveit/build/moveit_ros_planning' returned '0': AMENT_PREFIX_PATH=/home/nimesha/thesis/ws_moveit/install/moveit_ros_occupancy_map_monitor:/home/nimesha/thesis/ws_moveit/install/moveit_core:/home/nimesha/thesis/ws_moveit/install/moveit_resources_panda_moveit_config:/home/nimesha/thesis/ws_moveit/install/srdfdom:${AMENT_PREFIX_PATH} CMAKE_PREFIX_PATH=/home/nimesha/thesis/ws_moveit/install/moveit_ros_occupancy_map_monitor:/home/nimesha/thesis/ws_moveit/install/moveit_core:/home/nimesha/thesis/ws_moveit/install/moveit_resources_panda_moveit_config:/home/nimesha/thesis/ws_moveit/install/srdfdom:/home/nimesha/thesis/ws_moveit/install/moveit_resources_pr2_description:/home/nimesha/thesis/ws_moveit/install/moveit_resources_panda_description:/home/nimesha/thesis/ws_moveit/install/moveit_common:/home/nimesha/ros2_humble/ros2-linux:/home/nimesha/thesis/ws_moveit/install/robotiq_description:/home/nimesha/thesis/ws_moveit/install/moveit_resources_prbt_support:/home/nimesha/thesis/ws_moveit/install/moveit_resources_fanuc_description:/opt/ros/humble:/home/nimesha/thesis/ws_moveit/install/moveit_configs_utils:/opt/ros/rolling LD_LIBRARY_PATH=/home/nimesha/thesis/ws_moveit/install/moveit_ros_occupancy_map_monitor/lib:/home/nimesha/thesis/ws_moveit/install/moveit_core/lib:/home/nimesha/thesis/ws_moveit/install/srdfdom/lib:/opt/ros/humble/lib/x86_64-linux-gnu:/opt/ros/humble/lib:/home/nimesha/ros2_humble/ros2-linux/opt/rviz_ogre_vendor/lib:/opt/rti.com/rti_connext_dds-6.0.1/lib/x64Linux4gcc7.3.0:/opt/rti.com/rti_connext_dds-6.0.1/bin:/home/nimesha/ros2_humble/ros2-linux/lib:/opt/ros/rolling/opt/rviz_ogre_vendor/lib:/opt/ros/rolling/lib/x86_64-linux-gnu:/opt/ros/rolling/lib:/usr/lib/nvidia PATH=/home/nimesha/thesis/ws_moveit/install/moveit_core/bin:/opt/ros/humble/bin:/opt/rti.com/rti_connext_dds-6.0.1/lib/x64Linux4gcc7.3.0:/opt/rti.com/rti_connext_dds-6.0.1/bin:/home/nimesha/ros2_humble/ros2-linux/bin:/opt/ros/rolling/bin:/usr/lib/nvidia:/home/nimesha/anaconda3/condabin:/usr/local/sbin:/usr/local/bin:/usr/sbin:/usr/bin:/sbin:/bin:/usr/games:/usr/local/games:/usr/lib/wsl/lib:/mnt/c/Program Files/WindowsApps/MicrosoftCorporationII.WindowsSubsystemForLinux_2.2.4.0_x64__8wekyb3d8bbwe:/mnt/c/Windows/system32:/mnt/c/Windows:/mnt/c/Windows/System32/Wbem:/mnt/c/Windows/System32/WindowsPowerShell/v1.0/:/mnt/c/Windows/System32/OpenSSH/:/mnt/c/Program Files (x86)/NVIDIA Corporation/PhysX/Common:/mnt/c/Program Files/NVIDIA Corporation/NVIDIA NvDLISR:/mnt/c/Program Files/Git/cmd:/mnt/c/ProgramData/chocolatey/bin:/mnt/c/Program Files/MATLAB/R2024a/bin:/mnt/c/Program Files/dotnet/:/mnt/c/Users/Nimesha/AppData/Local/Programs/Python/Python311/Scripts/:/mnt/c/Users/Nimesha/AppData/Local/Programs/Python/Python311/:/mnt/c/Users/Nimesha/AppData/Local/Microsoft/WindowsApps:/mnt/c/Users/Nimesha/AppData/Local/Programs/Microsoft VS Code/bin:/mnt/c/Program Files/Baretail:/mnt/c/Program Files/Git/usr/bin:/mnt/c/Users/Nimesha/.dotnet/tools:/snap/bin PYTHONPATH=/home/nimesha/thesis/ws_moveit/install/srdfdom/local/lib/python3.10/dist-packages:${PYTHONPATH} /usr/bin/cmake --build /home/nimesha/thesis/ws_moveit/build/moveit_ros_planning -- -j32 -l32
[0.428s] Invoking command in '/home/nimesha/thesis/ws_moveit/build/moveit_ros_planning': AMENT_PREFIX_PATH=/home/nimesha/thesis/ws_moveit/install/moveit_ros_occupancy_map_monitor:/home/nimesha/thesis/ws_moveit/install/moveit_core:/home/nimesha/thesis/ws_moveit/install/moveit_resources_panda_moveit_config:/home/nimesha/thesis/ws_moveit/install/srdfdom:${AMENT_PREFIX_PATH} CMAKE_PREFIX_PATH=/home/nimesha/thesis/ws_moveit/install/moveit_ros_occupancy_map_monitor:/home/nimesha/thesis/ws_moveit/install/moveit_core:/home/nimesha/thesis/ws_moveit/install/moveit_resources_panda_moveit_config:/home/nimesha/thesis/ws_moveit/install/srdfdom:/home/nimesha/thesis/ws_moveit/install/moveit_resources_pr2_description:/home/nimesha/thesis/ws_moveit/install/moveit_resources_panda_description:/home/nimesha/thesis/ws_moveit/install/moveit_common:/home/nimesha/ros2_humble/ros2-linux:/home/nimesha/thesis/ws_moveit/install/robotiq_description:/home/nimesha/thesis/ws_moveit/install/moveit_resources_prbt_support:/home/nimesha/thesis/ws_moveit/install/moveit_resources_fanuc_description:/opt/ros/humble:/home/nimesha/thesis/ws_moveit/install/moveit_configs_utils:/opt/ros/rolling LD_LIBRARY_PATH=/home/nimesha/thesis/ws_moveit/install/moveit_ros_occupancy_map_monitor/lib:/home/nimesha/thesis/ws_moveit/install/moveit_core/lib:/home/nimesha/thesis/ws_moveit/install/srdfdom/lib:/opt/ros/humble/lib/x86_64-linux-gnu:/opt/ros/humble/lib:/home/nimesha/ros2_humble/ros2-linux/opt/rviz_ogre_vendor/lib:/opt/rti.com/rti_connext_dds-6.0.1/lib/x64Linux4gcc7.3.0:/opt/rti.com/rti_connext_dds-6.0.1/bin:/home/nimesha/ros2_humble/ros2-linux/lib:/opt/ros/rolling/opt/rviz_ogre_vendor/lib:/opt/ros/rolling/lib/x86_64-linux-gnu:/opt/ros/rolling/lib:/usr/lib/nvidia PATH=/home/nimesha/thesis/ws_moveit/install/moveit_core/bin:/opt/ros/humble/bin:/opt/rti.com/rti_connext_dds-6.0.1/lib/x64Linux4gcc7.3.0:/opt/rti.com/rti_connext_dds-6.0.1/bin:/home/nimesha/ros2_humble/ros2-linux/bin:/opt/ros/rolling/bin:/usr/lib/nvidia:/home/nimesha/anaconda3/condabin:/usr/local/sbin:/usr/local/bin:/usr/sbin:/usr/bin:/sbin:/bin:/usr/games:/usr/local/games:/usr/lib/wsl/lib:/mnt/c/Program Files/WindowsApps/MicrosoftCorporationII.WindowsSubsystemForLinux_2.2.4.0_x64__8wekyb3d8bbwe:/mnt/c/Windows/system32:/mnt/c/Windows:/mnt/c/Windows/System32/Wbem:/mnt/c/Windows/System32/WindowsPowerShell/v1.0/:/mnt/c/Windows/System32/OpenSSH/:/mnt/c/Program Files (x86)/NVIDIA Corporation/PhysX/Common:/mnt/c/Program Files/NVIDIA Corporation/NVIDIA NvDLISR:/mnt/c/Program Files/Git/cmd:/mnt/c/ProgramData/chocolatey/bin:/mnt/c/Program Files/MATLAB/R2024a/bin:/mnt/c/Program Files/dotnet/:/mnt/c/Users/Nimesha/AppData/Local/Programs/Python/Python311/Scripts/:/mnt/c/Users/Nimesha/AppData/Local/Programs/Python/Python311/:/mnt/c/Users/Nimesha/AppData/Local/Microsoft/WindowsApps:/mnt/c/Users/Nimesha/AppData/Local/Programs/Microsoft VS Code/bin:/mnt/c/Program Files/Baretail:/mnt/c/Program Files/Git/usr/bin:/mnt/c/Users/Nimesha/.dotnet/tools:/snap/bin PYTHONPATH=/home/nimesha/thesis/ws_moveit/install/srdfdom/local/lib/python3.10/dist-packages:${PYTHONPATH} /usr/bin/cmake --install /home/nimesha/thesis/ws_moveit/build/moveit_ros_planning
[0.433s] -- Install configuration: "Release"
[0.434s] -- Up-to-date: /home/nimesha/thesis/ws_moveit/install/moveit_ros_planning/include
[0.434s] -- Up-to-date: /home/nimesha/thesis/ws_moveit/install/moveit_ros_planning/include/moveit
[0.434s] -- Up-to-date: /home/nimesha/thesis/ws_moveit/install/moveit_ros_planning/include/moveit/rdf_loader
[0.434s] -- Up-to-date: /home/nimesha/thesis/ws_moveit/install/moveit_ros_planning/include/moveit/rdf_loader/synchronized_string_parameter.h
[0.434s] -- Up-to-date: /home/nimesha/thesis/ws_moveit/install/moveit_ros_planning/include/moveit/rdf_loader/rdf_loader.h
[0.435s] -- Up-to-date: /home/nimesha/thesis/ws_moveit/install/moveit_ros_planning/share/moveit_ros_planning/rdf_loader/test/data
[0.435s] -- Up-to-date: /home/nimesha/thesis/ws_moveit/install/moveit_ros_planning/share/moveit_ros_planning/rdf_loader/test/data/kermit.urdf
[0.435s] -- Up-to-date: /home/nimesha/thesis/ws_moveit/install/moveit_ros_planning/share/moveit_ros_planning/rdf_loader/test/data/robin.srdf.xacro
[0.436s] -- Up-to-date: /home/nimesha/thesis/ws_moveit/install/moveit_ros_planning/share/moveit_ros_planning/rdf_loader/test/data/gonzo.srdf
[0.436s] -- Up-to-date: /home/nimesha/thesis/ws_moveit/install/moveit_ros_planning/share/moveit_ros_planning/rdf_loader/test/data/gonzo.urdf
[0.436s] -- Up-to-date: /home/nimesha/thesis/ws_moveit/install/moveit_ros_planning/share/moveit_ros_planning/rdf_loader/test/data/kermit.srdf
[0.436s] -- Up-to-date: /home/nimesha/thesis/ws_moveit/install/moveit_ros_planning/share/moveit_ros_planning/rdf_loader/test/launch
[0.436s] -- Up-to-date: /home/nimesha/thesis/ws_moveit/install/moveit_ros_planning/share/moveit_ros_planning/rdf_loader/test/launch/test_rdf_integration.test.py
[0.436s] -- Up-to-date: /home/nimesha/thesis/ws_moveit/install/moveit_ros_planning/include
[0.436s] -- Up-to-date: /home/nimesha/thesis/ws_moveit/install/moveit_ros_planning/include/moveit
[0.436s] -- Up-to-date: /home/nimesha/thesis/ws_moveit/install/moveit_ros_planning/include/moveit/collision_plugin_loader
[0.436s] -- Up-to-date: /home/nimesha/thesis/ws_moveit/install/moveit_ros_planning/include/moveit/collision_plugin_loader/collision_plugin_loader.h
[0.437s] -- Up-to-date: /home/nimesha/thesis/ws_moveit/install/moveit_ros_planning/include
[0.437s] -- Up-to-date: /home/nimesha/thesis/ws_moveit/install/moveit_ros_planning/include/moveit
[0.437s] -- Up-to-date: /home/nimesha/thesis/ws_moveit/install/moveit_ros_planning/include/moveit/kinematics_plugin_loader
[0.437s] -- Up-to-date: /home/nimesha/thesis/ws_moveit/install/moveit_ros_planning/include/moveit/kinematics_plugin_loader/kinematics_plugin_loader.h
[0.437s] -- Up-to-date: /home/nimesha/thesis/ws_moveit/install/moveit_ros_planning/include
[0.437s] -- Up-to-date: /home/nimesha/thesis/ws_moveit/install/moveit_ros_planning/include/moveit
[0.437s] -- Up-to-date: /home/nimesha/thesis/ws_moveit/install/moveit_ros_planning/include/moveit/robot_model_loader
[0.437s] -- Up-to-date: /home/nimesha/thesis/ws_moveit/install/moveit_ros_planning/include/moveit/robot_model_loader/robot_model_loader.h
[0.438s] -- Up-to-date: /home/nimesha/thesis/ws_moveit/install/moveit_ros_planning/include
[0.438s] -- Up-to-date: /home/nimesha/thesis/ws_moveit/install/moveit_ros_planning/include/moveit
[0.438s] -- Up-to-date: /home/nimesha/thesis/ws_moveit/install/moveit_ros_planning/include/moveit/constraint_sampler_manager_loader
[0.438s] -- Up-to-date: /home/nimesha/thesis/ws_moveit/install/moveit_ros_planning/include/moveit/constraint_sampler_manager_loader/constraint_sampler_manager_loader.h
[0.438s] -- Up-to-date: /home/nimesha/thesis/ws_moveit/install/moveit_ros_planning/include
[0.438s] -- Up-to-date: /home/nimesha/thesis/ws_moveit/install/moveit_ros_planning/include/moveit
[0.438s] -- Up-to-date: /home/nimesha/thesis/ws_moveit/install/moveit_ros_planning/include/moveit/planning_pipeline
[0.438s] -- Up-to-date: /home/nimesha/thesis/ws_moveit/install/moveit_ros_planning/include/moveit/planning_pipeline/planning_pipeline.h
[0.438s] -- Up-to-date: /home/nimesha/thesis/ws_moveit/install/moveit_ros_planning/include/moveit_planning_pipeline_export.h
[0.440s] -- Up-to-date: /home/nimesha/thesis/ws_moveit/install/moveit_ros_planning/lib/moveit_ros_planning/moveit_list_request_adapter_plugins
[0.441s] -- Up-to-date: /home/nimesha/thesis/ws_moveit/install/moveit_ros_planning/lib/moveit_ros_planning/demo_scene
[0.441s] -- Up-to-date: /home/nimesha/thesis/ws_moveit/install/moveit_ros_planning/include
[0.441s] -- Up-to-date: /home/nimesha/thesis/ws_moveit/install/moveit_ros_planning/include/moveit
[0.441s] -- Up-to-date: /home/nimesha/thesis/ws_moveit/install/moveit_ros_planning/include/moveit/planning_scene_monitor
[0.441s] -- Up-to-date: /home/nimesha/thesis/ws_moveit/install/moveit_ros_planning/include/moveit/planning_scene_monitor/current_state_monitor.h
[0.441s] -- Up-to-date: /home/nimesha/thesis/ws_moveit/install/moveit_ros_planning/include/moveit/planning_scene_monitor/current_state_monitor_middleware_handle.hpp
[0.441s] -- Up-to-date: /home/nimesha/thesis/ws_moveit/install/moveit_ros_planning/include/moveit/planning_scene_monitor/planning_scene_monitor.h
[0.442s] -- Up-to-date: /home/nimesha/thesis/ws_moveit/install/moveit_ros_planning/include/moveit/planning_scene_monitor/trajectory_monitor_middleware_handle.hpp
[0.442s] -- Up-to-date: /home/nimesha/thesis/ws_moveit/install/moveit_ros_planning/include/moveit/planning_scene_monitor/trajectory_monitor.h
[0.442s] -- Up-to-date: /home/nimesha/thesis/ws_moveit/install/moveit_ros_planning/include/moveit_planning_scene_monitor_export.h
[0.443s] -- Up-to-date: /home/nimesha/thesis/ws_moveit/install/moveit_ros_planning/lib/moveit_ros_planning/moveit_print_planning_model_info
[0.444s] -- Up-to-date: /home/nimesha/thesis/ws_moveit/install/moveit_ros_planning/lib/moveit_ros_planning/moveit_print_planning_scene_info
[0.445s] -- Up-to-date: /home/nimesha/thesis/ws_moveit/install/moveit_ros_planning/lib/moveit_ros_planning/moveit_display_random_state
[0.446s] -- Up-to-date: /home/nimesha/thesis/ws_moveit/install/moveit_ros_planning/lib/moveit_ros_planning/moveit_visualize_robot_collision_volume
[0.447s] -- Up-to-date: /home/nimesha/thesis/ws_moveit/install/moveit_ros_planning/lib/moveit_ros_planning/moveit_evaluate_collision_checking_speed
[0.448s] -- Up-to-date: /home/nimesha/thesis/ws_moveit/install/moveit_ros_planning/lib/moveit_ros_planning/moveit_publish_scene_from_text
[0.448s] -- Up-to-date: /home/nimesha/thesis/ws_moveit/install/moveit_ros_planning/include
[0.448s] -- Up-to-date: /home/nimesha/thesis/ws_moveit/install/moveit_ros_planning/include/moveit
[0.448s] -- Up-to-date: /home/nimesha/thesis/ws_moveit/install/moveit_ros_planning/include/moveit/trajectory_execution_manager
[0.448s] -- Up-to-date: /home/nimesha/thesis/ws_moveit/install/moveit_ros_planning/include/moveit/trajectory_execution_manager/trajectory_execution_manager.h
[0.448s] -- Up-to-date: /home/nimesha/thesis/ws_moveit/install/moveit_ros_planning/include/moveit_trajectory_execution_manager_export.h
[0.448s] -- Up-to-date: /home/nimesha/thesis/ws_moveit/install/moveit_ros_planning/include
[0.448s] -- Up-to-date: /home/nimesha/thesis/ws_moveit/install/moveit_ros_planning/include/moveit
[0.448s] -- Up-to-date: /home/nimesha/thesis/ws_moveit/install/moveit_ros_planning/include/moveit/plan_execution
[0.449s] -- Up-to-date: /home/nimesha/thesis/ws_moveit/install/moveit_ros_planning/include/moveit/plan_execution/plan_representation.h
[0.449s] -- Up-to-date: /home/nimesha/thesis/ws_moveit/install/moveit_ros_planning/include/moveit/plan_execution/plan_execution.h
[0.449s] -- Up-to-date: /home/nimesha/thesis/ws_moveit/install/moveit_ros_planning/include
[0.449s] -- Up-to-date: /home/nimesha/thesis/ws_moveit/install/moveit_ros_planning/include/moveit
[0.449s] -- Up-to-date: /home/nimesha/thesis/ws_moveit/install/moveit_ros_planning/include/moveit/moveit_cpp
[0.449s] -- Up-to-date: /home/nimesha/thesis/ws_moveit/install/moveit_ros_planning/include/moveit/moveit_cpp/moveit_cpp.h
[0.449s] -- Up-to-date: /home/nimesha/thesis/ws_moveit/install/moveit_ros_planning/include/moveit/moveit_cpp/planning_component.h
[0.449s] -- Up-to-date: /home/nimesha/thesis/ws_moveit/install/moveit_ros_planning/lib/libmoveit_rdf_loader.so.2.5.5
[0.450s] -- Up-to-date: /home/nimesha/thesis/ws_moveit/install/moveit_ros_planning/lib/libmoveit_rdf_loader.so
[0.450s] -- Up-to-date: /home/nimesha/thesis/ws_moveit/install/moveit_ros_planning/lib/libmoveit_kinematics_plugin_loader.so.2.5.5
[0.450s] -- Up-to-date: /home/nimesha/thesis/ws_moveit/install/moveit_ros_planning/lib/libmoveit_kinematics_plugin_loader.so
[0.450s] -- Up-to-date: /home/nimesha/thesis/ws_moveit/install/moveit_ros_planning/lib/libmoveit_robot_model_loader.so.2.5.5
[0.450s] -- Up-to-date: /home/nimesha/thesis/ws_moveit/install/moveit_ros_planning/lib/libmoveit_robot_model_loader.so
[0.451s] -- Up-to-date: /home/nimesha/thesis/ws_moveit/install/moveit_ros_planning/lib/libmoveit_constraint_sampler_manager_loader.so.2.5.5
[0.451s] -- Up-to-date: /home/nimesha/thesis/ws_moveit/install/moveit_ros_planning/lib/libmoveit_constraint_sampler_manager_loader.so
[0.451s] -- Up-to-date: /home/nimesha/thesis/ws_moveit/install/moveit_ros_planning/lib/libmoveit_planning_pipeline.so.2.5.5
[0.451s] -- Up-to-date: /home/nimesha/thesis/ws_moveit/install/moveit_ros_planning/lib/libmoveit_planning_pipeline.so
[0.451s] -- Up-to-date: /home/nimesha/thesis/ws_moveit/install/moveit_ros_planning/lib/libmoveit_trajectory_execution_manager.so.2.5.5
[0.451s] -- Up-to-date: /home/nimesha/thesis/ws_moveit/install/moveit_ros_planning/lib/libmoveit_trajectory_execution_manager.so
[0.451s] -- Up-to-date: /home/nimesha/thesis/ws_moveit/install/moveit_ros_planning/lib/libmoveit_plan_execution.so.2.5.5
[0.452s] -- Up-to-date: /home/nimesha/thesis/ws_moveit/install/moveit_ros_planning/lib/libmoveit_plan_execution.so
[0.452s] -- Up-to-date: /home/nimesha/thesis/ws_moveit/install/moveit_ros_planning/lib/libmoveit_planning_scene_monitor.so.2.5.5
[0.452s] -- Up-to-date: /home/nimesha/thesis/ws_moveit/install/moveit_ros_planning/lib/libmoveit_planning_scene_monitor.so
[0.452s] -- Up-to-date: /home/nimesha/thesis/ws_moveit/install/moveit_ros_planning/lib/libmoveit_collision_plugin_loader.so.2.5.5
[0.452s] -- Up-to-date: /home/nimesha/thesis/ws_moveit/install/moveit_ros_planning/lib/libmoveit_collision_plugin_loader.so
[0.452s] -- Up-to-date: /home/nimesha/thesis/ws_moveit/install/moveit_ros_planning/lib/libmoveit_default_planning_request_adapter_plugins.so.2.5.5
[0.452s] -- Up-to-date: /home/nimesha/thesis/ws_moveit/install/moveit_ros_planning/lib/libmoveit_default_planning_request_adapter_plugins.so
[0.452s] -- Up-to-date: /home/nimesha/thesis/ws_moveit/install/moveit_ros_planning/lib/libmoveit_cpp.so.2.5.5
[0.452s] -- Up-to-date: /home/nimesha/thesis/ws_moveit/install/moveit_ros_planning/lib/libmoveit_cpp.so
[0.453s] -- Up-to-date: /home/nimesha/thesis/ws_moveit/install/moveit_ros_planning/share/moveit_ros_planning/environment/library_path.sh
[0.453s] -- Up-to-date: /home/nimesha/thesis/ws_moveit/install/moveit_ros_planning/share/moveit_ros_planning/environment/library_path.dsv
[0.453s] -- Up-to-date: /home/nimesha/thesis/ws_moveit/install/moveit_ros_planning/share/moveit_ros_planning/planning_request_adapters_plugin_description.xml
[0.453s] -- Up-to-date: /home/nimesha/thesis/ws_moveit/install/moveit_ros_planning/share/ament_index/resource_index/package_run_dependencies/moveit_ros_planning
[0.453s] -- Up-to-date: /home/nimesha/thesis/ws_moveit/install/moveit_ros_planning/share/ament_index/resource_index/parent_prefix_path/moveit_ros_planning
[0.453s] -- Up-to-date: /home/nimesha/thesis/ws_moveit/install/moveit_ros_planning/share/moveit_ros_planning/environment/ament_prefix_path.sh
[0.453s] -- Up-to-date: /home/nimesha/thesis/ws_moveit/install/moveit_ros_planning/share/moveit_ros_planning/environment/ament_prefix_path.dsv
[0.453s] -- Up-to-date: /home/nimesha/thesis/ws_moveit/install/moveit_ros_planning/share/moveit_ros_planning/environment/path.sh
[0.453s] -- Up-to-date: /home/nimesha/thesis/ws_moveit/install/moveit_ros_planning/share/moveit_ros_planning/environment/path.dsv
[0.453s] -- Up-to-date: /home/nimesha/thesis/ws_moveit/install/moveit_ros_planning/share/moveit_ros_planning/local_setup.bash
[0.454s] -- Up-to-date: /home/nimesha/thesis/ws_moveit/install/moveit_ros_planning/share/moveit_ros_planning/local_setup.sh
[0.454s] -- Up-to-date: /home/nimesha/thesis/ws_moveit/install/moveit_ros_planning/share/moveit_ros_planning/local_setup.zsh
[0.454s] -- Up-to-date: /home/nimesha/thesis/ws_moveit/install/moveit_ros_planning/share/moveit_ros_planning/local_setup.dsv
[0.454s] -- Installing: /home/nimesha/thesis/ws_moveit/install/moveit_ros_planning/share/moveit_ros_planning/package.dsv
[0.454s] -- Up-to-date: /home/nimesha/thesis/ws_moveit/install/moveit_ros_planning/share/ament_index/resource_index/packages/moveit_ros_planning
[0.454s] -- Up-to-date: /home/nimesha/thesis/ws_moveit/install/moveit_ros_planning/share/ament_index/resource_index/moveit_core__pluginlib__plugin/moveit_ros_planning
[0.456s] -- Up-to-date: /home/nimesha/thesis/ws_moveit/install/moveit_ros_planning/share/moveit_ros_planning/cmake/export_moveit_ros_planningExport.cmake
[0.456s] -- Up-to-date: /home/nimesha/thesis/ws_moveit/install/moveit_ros_planning/share/moveit_ros_planning/cmake/export_moveit_ros_planningExport-release.cmake
[0.456s] -- Up-to-date: /home/nimesha/thesis/ws_moveit/install/moveit_ros_planning/share/moveit_ros_planning/cmake/ConfigExtras.cmake
[0.456s] -- Up-to-date: /home/nimesha/thesis/ws_moveit/install/moveit_ros_planning/share/moveit_ros_planning/cmake/ament_cmake_export_targets-extras.cmake
[0.456s] -- Up-to-date: /home/nimesha/thesis/ws_moveit/install/moveit_ros_planning/share/moveit_ros_planning/cmake/ament_cmake_export_dependencies-extras.cmake
[0.456s] -- Up-to-date: /home/nimesha/thesis/ws_moveit/install/moveit_ros_planning/share/moveit_ros_planning/cmake/moveit_ros_planningConfig.cmake
[0.456s] -- Up-to-date: /home/nimesha/thesis/ws_moveit/install/moveit_ros_planning/share/moveit_ros_planning/cmake/moveit_ros_planningConfig-version.cmake
[0.456s] -- Up-to-date: /home/nimesha/thesis/ws_moveit/install/moveit_ros_planning/share/moveit_ros_planning/package.xml
[0.457s] Invoked command in '/home/nimesha/thesis/ws_moveit/build/moveit_ros_planning' returned '0': AMENT_PREFIX_PATH=/home/nimesha/thesis/ws_moveit/install/moveit_ros_occupancy_map_monitor:/home/nimesha/thesis/ws_moveit/install/moveit_core:/home/nimesha/thesis/ws_moveit/install/moveit_resources_panda_moveit_config:/home/nimesha/thesis/ws_moveit/install/srdfdom:${AMENT_PREFIX_PATH} CMAKE_PREFIX_PATH=/home/nimesha/thesis/ws_moveit/install/moveit_ros_occupancy_map_monitor:/home/nimesha/thesis/ws_moveit/install/moveit_core:/home/nimesha/thesis/ws_moveit/install/moveit_resources_panda_moveit_config:/home/nimesha/thesis/ws_moveit/install/srdfdom:/home/nimesha/thesis/ws_moveit/install/moveit_resources_pr2_description:/home/nimesha/thesis/ws_moveit/install/moveit_resources_panda_description:/home/nimesha/thesis/ws_moveit/install/moveit_common:/home/nimesha/ros2_humble/ros2-linux:/home/nimesha/thesis/ws_moveit/install/robotiq_description:/home/nimesha/thesis/ws_moveit/install/moveit_resources_prbt_support:/home/nimesha/thesis/ws_moveit/install/moveit_resources_fanuc_description:/opt/ros/humble:/home/nimesha/thesis/ws_moveit/install/moveit_configs_utils:/opt/ros/rolling LD_LIBRARY_PATH=/home/nimesha/thesis/ws_moveit/install/moveit_ros_occupancy_map_monitor/lib:/home/nimesha/thesis/ws_moveit/install/moveit_core/lib:/home/nimesha/thesis/ws_moveit/install/srdfdom/lib:/opt/ros/humble/lib/x86_64-linux-gnu:/opt/ros/humble/lib:/home/nimesha/ros2_humble/ros2-linux/opt/rviz_ogre_vendor/lib:/opt/rti.com/rti_connext_dds-6.0.1/lib/x64Linux4gcc7.3.0:/opt/rti.com/rti_connext_dds-6.0.1/bin:/home/nimesha/ros2_humble/ros2-linux/lib:/opt/ros/rolling/opt/rviz_ogre_vendor/lib:/opt/ros/rolling/lib/x86_64-linux-gnu:/opt/ros/rolling/lib:/usr/lib/nvidia PATH=/home/nimesha/thesis/ws_moveit/install/moveit_core/bin:/opt/ros/humble/bin:/opt/rti.com/rti_connext_dds-6.0.1/lib/x64Linux4gcc7.3.0:/opt/rti.com/rti_connext_dds-6.0.1/bin:/home/nimesha/ros2_humble/ros2-linux/bin:/opt/ros/rolling/bin:/usr/lib/nvidia:/home/nimesha/anaconda3/condabin:/usr/local/sbin:/usr/local/bin:/usr/sbin:/usr/bin:/sbin:/bin:/usr/games:/usr/local/games:/usr/lib/wsl/lib:/mnt/c/Program Files/WindowsApps/MicrosoftCorporationII.WindowsSubsystemForLinux_2.2.4.0_x64__8wekyb3d8bbwe:/mnt/c/Windows/system32:/mnt/c/Windows:/mnt/c/Windows/System32/Wbem:/mnt/c/Windows/System32/WindowsPowerShell/v1.0/:/mnt/c/Windows/System32/OpenSSH/:/mnt/c/Program Files (x86)/NVIDIA Corporation/PhysX/Common:/mnt/c/Program Files/NVIDIA Corporation/NVIDIA NvDLISR:/mnt/c/Program Files/Git/cmd:/mnt/c/ProgramData/chocolatey/bin:/mnt/c/Program Files/MATLAB/R2024a/bin:/mnt/c/Program Files/dotnet/:/mnt/c/Users/Nimesha/AppData/Local/Programs/Python/Python311/Scripts/:/mnt/c/Users/Nimesha/AppData/Local/Programs/Python/Python311/:/mnt/c/Users/Nimesha/AppData/Local/Microsoft/WindowsApps:/mnt/c/Users/Nimesha/AppData/Local/Programs/Microsoft VS Code/bin:/mnt/c/Program Files/Baretail:/mnt/c/Program Files/Git/usr/bin:/mnt/c/Users/Nimesha/.dotnet/tools:/snap/bin PYTHONPATH=/home/nimesha/thesis/ws_moveit/install/srdfdom/local/lib/python3.10/dist-packages:${PYTHONPATH} /usr/bin/cmake --install /home/nimesha/thesis/ws_moveit/build/moveit_ros_planning
