[0.288s] Invoking command in '/home/nimesha/Thesis/moveit_ur5_v2_ws/build/ur5e_gripper_visualization': CMAKE_PREFIX_PATH=${CMAKE_PREFIX_PATH}:/home/nimesha/Thesis/moveit_ur5_v2_ws/install/moveit_configs_utils:/home/nimesha/Thesis/moveit_ur5_v2_ws/install/launch_param_builder:/home/nimesha/Thesis/moveit_ur5_v2_ws/src/ws_moveit/install/moveit_configs_utils:/home/nimesha/Thesis/moveit_ur5_v2_ws/src/ws_moveit/install/launch_param_builder:/opt/ros/humble /usr/bin/cmake --build /home/nimesha/Thesis/moveit_ur5_v2_ws/build/ur5e_gripper_visualization -- -j32 -l32
[0.359s] Invoked command in '/home/nimesha/Thesis/moveit_ur5_v2_ws/build/ur5e_gripper_visualization' returned '0': CMAKE_PREFIX_PATH=${CMAKE_PREFIX_PATH}:/home/nimesha/Thesis/moveit_ur5_v2_ws/install/moveit_configs_utils:/home/nimesha/Thesis/moveit_ur5_v2_ws/install/launch_param_builder:/home/nimesha/Thesis/moveit_ur5_v2_ws/src/ws_moveit/install/moveit_configs_utils:/home/nimesha/Thesis/moveit_ur5_v2_ws/src/ws_moveit/install/launch_param_builder:/opt/ros/humble /usr/bin/cmake --build /home/nimesha/Thesis/moveit_ur5_v2_ws/build/ur5e_gripper_visualization -- -j32 -l32
[0.469s] Invoking command in '/home/nimesha/Thesis/moveit_ur5_v2_ws/build/ur5e_gripper_visualization': CMAKE_PREFIX_PATH=${CMAKE_PREFIX_PATH}:/home/nimesha/Thesis/moveit_ur5_v2_ws/install/moveit_configs_utils:/home/nimesha/Thesis/moveit_ur5_v2_ws/install/launch_param_builder:/home/nimesha/Thesis/moveit_ur5_v2_ws/src/ws_moveit/install/moveit_configs_utils:/home/nimesha/Thesis/moveit_ur5_v2_ws/src/ws_moveit/install/launch_param_builder:/opt/ros/humble /usr/bin/cmake --install /home/nimesha/Thesis/moveit_ur5_v2_ws/build/ur5e_gripper_visualization
[0.486s] -- Install configuration: ""
[0.486s] -- Up-to-date: /home/nimesha/Thesis/moveit_ur5_v2_ws/install/ur5e_gripper_visualization/share/ur5e_gripper_visualization/
[0.486s] -- Up-to-date: /home/nimesha/Thesis/moveit_ur5_v2_ws/install/ur5e_gripper_visualization/share/ur5e_gripper_visualization//view_ur5e_gripper.launch.py
[0.486s] -- Up-to-date: /home/nimesha/Thesis/moveit_ur5_v2_ws/install/ur5e_gripper_visualization/share/ament_index/resource_index/package_run_dependencies/ur5e_gripper_visualization
[0.486s] -- Up-to-date: /home/nimesha/Thesis/moveit_ur5_v2_ws/install/ur5e_gripper_visualization/share/ament_index/resource_index/parent_prefix_path/ur5e_gripper_visualization
[0.486s] -- Up-to-date: /home/nimesha/Thesis/moveit_ur5_v2_ws/install/ur5e_gripper_visualization/share/ur5e_gripper_visualization/environment/ament_prefix_path.sh
[0.486s] -- Up-to-date: /home/nimesha/Thesis/moveit_ur5_v2_ws/install/ur5e_gripper_visualization/share/ur5e_gripper_visualization/environment/ament_prefix_path.dsv
[0.486s] -- Up-to-date: /home/nimesha/Thesis/moveit_ur5_v2_ws/install/ur5e_gripper_visualization/share/ur5e_gripper_visualization/environment/path.sh
[0.486s] -- Up-to-date: /home/nimesha/Thesis/moveit_ur5_v2_ws/install/ur5e_gripper_visualization/share/ur5e_gripper_visualization/environment/path.dsv
[0.486s] -- Up-to-date: /home/nimesha/Thesis/moveit_ur5_v2_ws/install/ur5e_gripper_visualization/share/ur5e_gripper_visualization/local_setup.bash
[0.486s] -- Up-to-date: /home/nimesha/Thesis/moveit_ur5_v2_ws/install/ur5e_gripper_visualization/share/ur5e_gripper_visualization/local_setup.sh
[0.487s] -- Up-to-date: /home/nimesha/Thesis/moveit_ur5_v2_ws/install/ur5e_gripper_visualization/share/ur5e_gripper_visualization/local_setup.zsh
[0.487s] -- Up-to-date: /home/nimesha/Thesis/moveit_ur5_v2_ws/install/ur5e_gripper_visualization/share/ur5e_gripper_visualization/local_setup.dsv
[0.487s] -- Installing: /home/nimesha/Thesis/moveit_ur5_v2_ws/install/ur5e_gripper_visualization/share/ur5e_gripper_visualization/package.dsv
[0.488s] -- Up-to-date: /home/nimesha/Thesis/moveit_ur5_v2_ws/install/ur5e_gripper_visualization/share/ament_index/resource_index/packages/ur5e_gripper_visualization
[0.488s] -- Up-to-date: /home/nimesha/Thesis/moveit_ur5_v2_ws/install/ur5e_gripper_visualization/share/ur5e_gripper_visualization/cmake/ur5e_gripper_visualizationConfig.cmake
[0.488s] -- Up-to-date: /home/nimesha/Thesis/moveit_ur5_v2_ws/install/ur5e_gripper_visualization/share/ur5e_gripper_visualization/cmake/ur5e_gripper_visualizationConfig-version.cmake
[0.488s] -- Up-to-date: /home/nimesha/Thesis/moveit_ur5_v2_ws/install/ur5e_gripper_visualization/share/ur5e_gripper_visualization/package.xml
[0.491s] Invoked command in '/home/nimesha/Thesis/moveit_ur5_v2_ws/build/ur5e_gripper_visualization' returned '0': CMAKE_PREFIX_PATH=${CMAKE_PREFIX_PATH}:/home/nimesha/Thesis/moveit_ur5_v2_ws/install/moveit_configs_utils:/home/nimesha/Thesis/moveit_ur5_v2_ws/install/launch_param_builder:/home/nimesha/Thesis/moveit_ur5_v2_ws/src/ws_moveit/install/moveit_configs_utils:/home/nimesha/Thesis/moveit_ur5_v2_ws/src/ws_moveit/install/launch_param_builder:/opt/ros/humble /usr/bin/cmake --install /home/nimesha/Thesis/moveit_ur5_v2_ws/build/ur5e_gripper_visualization
