[0.000000] (-) TimerEvent: {}
[0.000419] (-) JobUnselected: {'identifier': 'moveit_ur5_interface'}
[0.000647] (-) JobUnselected: {'identifier': 'moveit_ur5_msgs'}
[0.000679] (-) JobUnselected: {'identifier': 'pnp_msgs'}
[0.000700] (-) JobUnselected: {'identifier': 'robotiq_2f_bringup'}
[0.000720] (-) JobUnselected: {'identifier': 'robotiq_2f_description'}
[0.000739] (-) JobUnselected: {'identifier': 'robotiq_2f_driver'}
[0.000759] (-) JobUnselected: {'identifier': 'robotiq_2f_driver_ui'}
[0.000779] (-) JobUnselected: {'identifier': 'robotiq_2f_msgs'}
[0.000931] (-) JobUnselected: {'identifier': 'robotiq_2f_tfbc'}
[0.001330] (-) JobUnselected: {'identifier': 'robotiq_description'}
[0.001375] (-) JobUnselected: {'identifier': 'ur'}
[0.001384] (-) JobUnselected: {'identifier': 'ur5_gripper_description'}
[0.001403] (-) JobUnselected: {'identifier': 'ur5_gripper_moveit_config'}
[0.001423] (-) JobUnselected: {'identifier': 'ur_bringup'}
[0.001443] (-) JobUnselected: {'identifier': 'ur_calibration'}
[0.001463] (-) JobUnselected: {'identifier': 'ur_controllers'}
[0.001483] (-) JobUnselected: {'identifier': 'ur_dashboard_msgs'}
[0.001491] (-) JobUnselected: {'identifier': 'ur_moveit_config'}
[0.001497] (-) JobUnselected: {'identifier': 'ur_robot_driver'}
[0.001506] (pnp_actionlib) JobQueued: {'identifier': 'pnp_actionlib', 'dependencies': OrderedDict([('moveit_ur5_msgs', '/home/nimesha/Thesis/Unused/moveit_ur5_ws/install/moveit_ur5_msgs'), ('pnp_msgs', '/home/nimesha/Thesis/Unused/moveit_ur5_ws/install/pnp_msgs'), ('robotiq_2f_msgs', '/home/nimesha/Thesis/Unused/moveit_ur5_ws/install/robotiq_2f_msgs'), ('robotiq_description', '/home/nimesha/Thesis/Unused/moveit_ur5_ws/install/robotiq_description'), ('ur_dashboard_msgs', '/home/nimesha/Thesis/Unused/moveit_ur5_ws/install/ur_dashboard_msgs'), ('ur5_gripper_description', '/home/nimesha/Thesis/Unused/moveit_ur5_ws/install/ur5_gripper_description'), ('ur_controllers', '/home/nimesha/Thesis/Unused/moveit_ur5_ws/install/ur_controllers'), ('ur5_gripper_moveit_config', '/home/nimesha/Thesis/Unused/moveit_ur5_ws/install/ur5_gripper_moveit_config'), ('ur_bringup', '/home/nimesha/Thesis/Unused/moveit_ur5_ws/install/ur_bringup'), ('moveit_ur5_interface', '/home/nimesha/Thesis/Unused/moveit_ur5_ws/install/moveit_ur5_interface')])}
[0.001524] (pnp_actionlib) JobStarted: {'identifier': 'pnp_actionlib'}
[0.017134] (pnp_actionlib) JobEnded: {'identifier': 'pnp_actionlib', 'rc': 1}
[0.027574] (-) EventReactorShutdown: {}
