[0.088s] Invoking command in '/home/nimesha/thesis/ws_moveit/build/moveit_core': AMENT_PREFIX_PATH=/home/nimesha/thesis/ws_moveit/install/moveit_resources_panda_moveit_config:/home/nimesha/thesis/ws_moveit/install/srdfdom:${AMENT_PREFIX_PATH} CMAKE_PREFIX_PATH=/home/nimesha/thesis/ws_moveit/install/moveit_resources_panda_moveit_config:/home/nimesha/thesis/ws_moveit/install/srdfdom:/home/nimesha/thesis/ws_moveit/install/moveit_resources_pr2_description:/home/nimesha/thesis/ws_moveit/install/moveit_resources_panda_description:/home/nimesha/thesis/ws_moveit/install/moveit_common:/home/nimesha/ros2_humble/ros2-linux:/home/nimesha/thesis/ws_moveit/install/robotiq_description:/home/nimesha/thesis/ws_moveit/install/moveit_resources_prbt_support:/home/nimesha/thesis/ws_moveit/install/moveit_resources_fanuc_description:/opt/ros/humble:/home/nimesha/thesis/ws_moveit/install/moveit_configs_utils:/opt/ros/rolling LD_LIBRARY_PATH=/home/nimesha/thesis/ws_moveit/install/srdfdom/lib:/opt/ros/humble/lib/x86_64-linux-gnu:/opt/ros/humble/lib:/home/nimesha/ros2_humble/ros2-linux/opt/rviz_ogre_vendor/lib:/opt/rti.com/rti_connext_dds-6.0.1/lib/x64Linux4gcc7.3.0:/opt/rti.com/rti_connext_dds-6.0.1/bin:/home/nimesha/ros2_humble/ros2-linux/lib:/opt/ros/rolling/opt/rviz_ogre_vendor/lib:/opt/ros/rolling/lib/x86_64-linux-gnu:/opt/ros/rolling/lib:/usr/lib/nvidia PYTHONPATH=/home/nimesha/thesis/ws_moveit/install/srdfdom/local/lib/python3.10/dist-packages:${PYTHONPATH} /usr/bin/cmake --build /home/nimesha/thesis/ws_moveit/build/moveit_core -- -j32 -l32
[0.183s] [  1%] Built target moveit_butterworth_parameters
[0.188s] [  3%] Built target moveit_version
[0.189s] [  4%] Built target gmock_main
[0.189s] [  5%] Built target gtest
[0.191s] [  6%] Built target gtest_main
[0.192s] [  7%] Built target moveit_exceptions
[0.194s] [ 10%] Built target gmock
[0.195s] [  9%] Built target moveit_transforms
[0.195s] [ 11%] Built target moveit_smoothing_base
[0.196s] [ 13%] Built target moveit_utils
[0.196s] [ 14%] Built target moveit_kinematics_base
[0.215s] [ 16%] Built target moveit_distance_field
[0.217s] [ 17%] Built target test_transforms
[0.230s] [ 24%] Built target moveit_robot_model
[0.239s] [ 25%] Built target test_voxel_grid
[0.244s] [ 26%] Built target test_distance_field
[0.262s] [ 29%] Built target moveit_robot_state
[0.263s] [ 30%] Built target moveit_butterworth_filter
[0.265s] [ 31%] Built target moveit_test_utils
[0.292s] [ 32%] Built target test_butterworth_filter
[0.295s] [ 34%] Built target moveit_dynamics_solver
[0.295s] [ 35%] Built target moveit_robot_trajectory
[0.295s] [ 36%] Built target moveit_kinematics_metrics
[0.295s] [ 37%] Built target test_robot_state_complex
[0.296s] [ 39%] Built target test_robot_model
[0.296s] [ 39%] Built target test_robot_state_benchmark
[0.298s] [ 41%] Built target test_robot_state
[0.298s] [ 42%] Built target test_cartesian_interpolator
[0.300s] [ 43%] Built target test_aabb
[0.312s] [ 49%] Built target moveit_collision_detection
[0.327s] [ 50%] Built target test_robot_trajectory
[0.329s] [ 52%] Built target moveit_planning_interface
[0.330s] [ 56%] Built target moveit_trajectory_processing
[0.337s] [ 57%] Built target test_world
[0.340s] [ 59%] Built target test_world_diff
[0.342s] [ 60%] Built target test_all_valid
[0.356s] [ 62%] Built target moveit_collision_detection_fcl
[0.358s] [ 63%] Built target test_time_parameterization
[0.359s] [ 65%] Built target test_time_optimal_trajectory_generation
[0.359s] [ 70%] Built target moveit_collision_detection_bullet
[0.360s] [ 71%] Built target test_ruckig_traj_smoothing
[0.390s] [ 72%] Built target test_bullet_collision_detection
[0.391s] [ 73%] Built target test_fcl_collision_detection_panda
[0.391s] [ 76%] Built target test_fcl_collision_env
[0.391s] [ 76%] Built target test_bullet_collision_detection_panda
[0.391s] [ 77%] Built target test_fcl_collision_detection
[0.392s] [ 79%] Built target test_bullet_continuous_collision_checking
[0.396s] [ 81%] Built target moveit_kinematic_constraints
[0.425s] [ 83%] Built target test_constraints
[0.425s] [ 83%] Built target test_orientation_constraints
[0.428s] [ 84%] Built target moveit_planning_scene
[0.464s] [ 86%] Built target test_collision_objects
[0.464s] [ 86%] Built target test_multi_threaded
[0.464s] [ 87%] Built target test_planning_scene
[0.464s] [ 88%] Built target collision_detector_bullet_plugin
[0.464s] [ 89%] Built target collision_detector_fcl_plugin
[0.465s] [ 90%] Built target moveit_planning_request_adapter
[0.470s] [ 93%] Built target moveit_collision_distance_field
[0.470s] [ 96%] Built target moveit_constraint_samplers
[0.499s] [ 97%] Built target test_collision_distance_field
[0.505s] [100%] Built target test_constraint_samplers
[0.513s] Invoked command in '/home/nimesha/thesis/ws_moveit/build/moveit_core' returned '0': AMENT_PREFIX_PATH=/home/nimesha/thesis/ws_moveit/install/moveit_resources_panda_moveit_config:/home/nimesha/thesis/ws_moveit/install/srdfdom:${AMENT_PREFIX_PATH} CMAKE_PREFIX_PATH=/home/nimesha/thesis/ws_moveit/install/moveit_resources_panda_moveit_config:/home/nimesha/thesis/ws_moveit/install/srdfdom:/home/nimesha/thesis/ws_moveit/install/moveit_resources_pr2_description:/home/nimesha/thesis/ws_moveit/install/moveit_resources_panda_description:/home/nimesha/thesis/ws_moveit/install/moveit_common:/home/nimesha/ros2_humble/ros2-linux:/home/nimesha/thesis/ws_moveit/install/robotiq_description:/home/nimesha/thesis/ws_moveit/install/moveit_resources_prbt_support:/home/nimesha/thesis/ws_moveit/install/moveit_resources_fanuc_description:/opt/ros/humble:/home/nimesha/thesis/ws_moveit/install/moveit_configs_utils:/opt/ros/rolling LD_LIBRARY_PATH=/home/nimesha/thesis/ws_moveit/install/srdfdom/lib:/opt/ros/humble/lib/x86_64-linux-gnu:/opt/ros/humble/lib:/home/nimesha/ros2_humble/ros2-linux/opt/rviz_ogre_vendor/lib:/opt/rti.com/rti_connext_dds-6.0.1/lib/x64Linux4gcc7.3.0:/opt/rti.com/rti_connext_dds-6.0.1/bin:/home/nimesha/ros2_humble/ros2-linux/lib:/opt/ros/rolling/opt/rviz_ogre_vendor/lib:/opt/ros/rolling/lib/x86_64-linux-gnu:/opt/ros/rolling/lib:/usr/lib/nvidia PYTHONPATH=/home/nimesha/thesis/ws_moveit/install/srdfdom/local/lib/python3.10/dist-packages:${PYTHONPATH} /usr/bin/cmake --build /home/nimesha/thesis/ws_moveit/build/moveit_core -- -j32 -l32
[0.713s] Invoking command in '/home/nimesha/thesis/ws_moveit/build/moveit_core': AMENT_PREFIX_PATH=/home/nimesha/thesis/ws_moveit/install/moveit_resources_panda_moveit_config:/home/nimesha/thesis/ws_moveit/install/srdfdom:${AMENT_PREFIX_PATH} CMAKE_PREFIX_PATH=/home/nimesha/thesis/ws_moveit/install/moveit_resources_panda_moveit_config:/home/nimesha/thesis/ws_moveit/install/srdfdom:/home/nimesha/thesis/ws_moveit/install/moveit_resources_pr2_description:/home/nimesha/thesis/ws_moveit/install/moveit_resources_panda_description:/home/nimesha/thesis/ws_moveit/install/moveit_common:/home/nimesha/ros2_humble/ros2-linux:/home/nimesha/thesis/ws_moveit/install/robotiq_description:/home/nimesha/thesis/ws_moveit/install/moveit_resources_prbt_support:/home/nimesha/thesis/ws_moveit/install/moveit_resources_fanuc_description:/opt/ros/humble:/home/nimesha/thesis/ws_moveit/install/moveit_configs_utils:/opt/ros/rolling LD_LIBRARY_PATH=/home/nimesha/thesis/ws_moveit/install/srdfdom/lib:/opt/ros/humble/lib/x86_64-linux-gnu:/opt/ros/humble/lib:/home/nimesha/ros2_humble/ros2-linux/opt/rviz_ogre_vendor/lib:/opt/rti.com/rti_connext_dds-6.0.1/lib/x64Linux4gcc7.3.0:/opt/rti.com/rti_connext_dds-6.0.1/bin:/home/nimesha/ros2_humble/ros2-linux/lib:/opt/ros/rolling/opt/rviz_ogre_vendor/lib:/opt/ros/rolling/lib/x86_64-linux-gnu:/opt/ros/rolling/lib:/usr/lib/nvidia PYTHONPATH=/home/nimesha/thesis/ws_moveit/install/srdfdom/local/lib/python3.10/dist-packages:${PYTHONPATH} /usr/bin/cmake --install /home/nimesha/thesis/ws_moveit/build/moveit_core
[0.718s] -- Install configuration: "Release"
[0.718s] -- Up-to-date: /home/nimesha/thesis/ws_moveit/install/moveit_core/include/moveit/version.h
[0.719s] -- Up-to-date: /home/nimesha/thesis/ws_moveit/install/moveit_core/include
[0.719s] -- Up-to-date: /home/nimesha/thesis/ws_moveit/install/moveit_core/include/moveit
[0.719s] -- Up-to-date: /home/nimesha/thesis/ws_moveit/install/moveit_core/include/moveit/collision_distance_field
[0.719s] -- Up-to-date: /home/nimesha/thesis/ws_moveit/install/moveit_core/include/moveit/collision_distance_field/collision_detector_allocator_hybrid.h
[0.719s] -- Up-to-date: /home/nimesha/thesis/ws_moveit/install/moveit_core/include/moveit/collision_distance_field/collision_distance_field_types.h
[0.719s] -- Up-to-date: /home/nimesha/thesis/ws_moveit/install/moveit_core/include/moveit/collision_distance_field/collision_env_hybrid.h
[0.719s] -- Up-to-date: /home/nimesha/thesis/ws_moveit/install/moveit_core/include/moveit/collision_distance_field/collision_detector_allocator_distance_field.h
[0.719s] -- Up-to-date: /home/nimesha/thesis/ws_moveit/install/moveit_core/include/moveit/collision_distance_field/collision_env_distance_field.h
[0.719s] -- Up-to-date: /home/nimesha/thesis/ws_moveit/install/moveit_core/include/moveit/collision_distance_field/collision_common_distance_field.h
[0.719s] -- Up-to-date: /home/nimesha/thesis/ws_moveit/install/moveit_core/include/moveit_collision_distance_field_export.h
[0.720s] -- Up-to-date: /home/nimesha/thesis/ws_moveit/install/moveit_core/include
[0.720s] -- Up-to-date: /home/nimesha/thesis/ws_moveit/install/moveit_core/include/moveit
[0.720s] -- Up-to-date: /home/nimesha/thesis/ws_moveit/install/moveit_core/include/moveit/constraint_samplers
[0.720s] -- Up-to-date: /home/nimesha/thesis/ws_moveit/install/moveit_core/include/moveit/constraint_samplers/constraint_sampler.h
[0.720s] -- Up-to-date: /home/nimesha/thesis/ws_moveit/install/moveit_core/include/moveit/constraint_samplers/constraint_sampler_tools.h
[0.720s] -- Up-to-date: /home/nimesha/thesis/ws_moveit/install/moveit_core/include/moveit/constraint_samplers/union_constraint_sampler.h
[0.720s] -- Up-to-date: /home/nimesha/thesis/ws_moveit/install/moveit_core/include/moveit/constraint_samplers/constraint_sampler_allocator.h
[0.720s] -- Up-to-date: /home/nimesha/thesis/ws_moveit/install/moveit_core/include/moveit/constraint_samplers/default_constraint_samplers.h
[0.721s] -- Up-to-date: /home/nimesha/thesis/ws_moveit/install/moveit_core/include/moveit/constraint_samplers/constraint_sampler_manager.h
[0.721s] -- Up-to-date: /home/nimesha/thesis/ws_moveit/install/moveit_core/include
[0.721s] -- Up-to-date: /home/nimesha/thesis/ws_moveit/install/moveit_core/include/moveit
[0.721s] -- Up-to-date: /home/nimesha/thesis/ws_moveit/install/moveit_core/include/moveit/controller_manager
[0.722s] -- Up-to-date: /home/nimesha/thesis/ws_moveit/install/moveit_core/include/moveit/controller_manager/controller_manager.h
[0.722s] -- Up-to-date: /home/nimesha/thesis/ws_moveit/install/moveit_core/include
[0.722s] -- Up-to-date: /home/nimesha/thesis/ws_moveit/install/moveit_core/include/moveit
[0.722s] -- Up-to-date: /home/nimesha/thesis/ws_moveit/install/moveit_core/include/moveit/distance_field
[0.722s] -- Up-to-date: /home/nimesha/thesis/ws_moveit/install/moveit_core/include/moveit/distance_field/find_internal_points.h
[0.722s] -- Up-to-date: /home/nimesha/thesis/ws_moveit/install/moveit_core/include/moveit/distance_field/voxel_grid.h
[0.723s] -- Up-to-date: /home/nimesha/thesis/ws_moveit/install/moveit_core/include/moveit/distance_field/propagation_distance_field.h
[0.723s] -- Up-to-date: /home/nimesha/thesis/ws_moveit/install/moveit_core/include/moveit/distance_field/distance_field.h
[0.723s] -- Up-to-date: /home/nimesha/thesis/ws_moveit/install/moveit_core/include
[0.723s] -- Up-to-date: /home/nimesha/thesis/ws_moveit/install/moveit_core/include/moveit
[0.723s] -- Up-to-date: /home/nimesha/thesis/ws_moveit/install/moveit_core/include/moveit/dynamics_solver
[0.723s] -- Up-to-date: /home/nimesha/thesis/ws_moveit/install/moveit_core/include/moveit/dynamics_solver/dynamics_solver.h
[0.724s] -- Up-to-date: /home/nimesha/thesis/ws_moveit/install/moveit_core/include
[0.724s] -- Up-to-date: /home/nimesha/thesis/ws_moveit/install/moveit_core/include/moveit
[0.724s] -- Up-to-date: /home/nimesha/thesis/ws_moveit/install/moveit_core/include/moveit/exceptions
[0.724s] -- Up-to-date: /home/nimesha/thesis/ws_moveit/install/moveit_core/include/moveit/exceptions/exceptions.h
[0.724s] -- Up-to-date: /home/nimesha/thesis/ws_moveit/install/moveit_core/include
[0.724s] -- Up-to-date: /home/nimesha/thesis/ws_moveit/install/moveit_core/include/moveit
[0.724s] -- Up-to-date: /home/nimesha/thesis/ws_moveit/install/moveit_core/include/moveit/kinematics_base
[0.724s] -- Up-to-date: /home/nimesha/thesis/ws_moveit/install/moveit_core/include/moveit/kinematics_base/kinematics_base.h
[0.725s] -- Up-to-date: /home/nimesha/thesis/ws_moveit/install/moveit_core/include/moveit_kinematics_base_export.h
[0.725s] -- Up-to-date: /home/nimesha/thesis/ws_moveit/install/moveit_core/include
[0.725s] -- Up-to-date: /home/nimesha/thesis/ws_moveit/install/moveit_core/include/moveit
[0.725s] -- Up-to-date: /home/nimesha/thesis/ws_moveit/install/moveit_core/include/moveit/kinematic_constraints
[0.725s] -- Up-to-date: /home/nimesha/thesis/ws_moveit/install/moveit_core/include/moveit/kinematic_constraints/utils.h
[0.725s] -- Up-to-date: /home/nimesha/thesis/ws_moveit/install/moveit_core/include/moveit/kinematic_constraints/kinematic_constraint.h
[0.725s] -- Up-to-date: /home/nimesha/thesis/ws_moveit/install/moveit_core/include
[0.726s] -- Up-to-date: /home/nimesha/thesis/ws_moveit/install/moveit_core/include/moveit
[0.726s] -- Up-to-date: /home/nimesha/thesis/ws_moveit/install/moveit_core/include/moveit/kinematics_metrics
[0.726s] -- Up-to-date: /home/nimesha/thesis/ws_moveit/install/moveit_core/include/moveit/kinematics_metrics/kinematics_metrics.h
[0.726s] -- Up-to-date: /home/nimesha/thesis/ws_moveit/install/moveit_core/include
[0.726s] -- Up-to-date: /home/nimesha/thesis/ws_moveit/install/moveit_core/include/moveit
[0.726s] -- Up-to-date: /home/nimesha/thesis/ws_moveit/install/moveit_core/include/moveit/macros
[0.726s] -- Up-to-date: /home/nimesha/thesis/ws_moveit/install/moveit_core/include/moveit/macros/declare_ptr.h
[0.726s] -- Up-to-date: /home/nimesha/thesis/ws_moveit/install/moveit_core/include/moveit/macros/console_colors.h
[0.726s] -- Up-to-date: /home/nimesha/thesis/ws_moveit/install/moveit_core/include/moveit/macros/class_forward.h
[0.726s] -- Up-to-date: /home/nimesha/thesis/ws_moveit/install/moveit_core/include/moveit/macros/deprecation.h
[0.727s] -- Up-to-date: /home/nimesha/thesis/ws_moveit/install/moveit_core/include/moveit_butterworth_parameters
[0.727s] -- Up-to-date: /home/nimesha/thesis/ws_moveit/install/moveit_core/include/moveit_butterworth_parameters/moveit_butterworth_parameters.hpp
[0.727s] -- Up-to-date: /home/nimesha/thesis/ws_moveit/install/moveit_core/include
[0.727s] -- Up-to-date: /home/nimesha/thesis/ws_moveit/install/moveit_core/include/moveit
[0.727s] -- Up-to-date: /home/nimesha/thesis/ws_moveit/install/moveit_core/include/moveit/online_signal_smoothing
[0.727s] -- Up-to-date: /home/nimesha/thesis/ws_moveit/install/moveit_core/include/moveit/online_signal_smoothing/butterworth_filter.h
[0.728s] -- Up-to-date: /home/nimesha/thesis/ws_moveit/install/moveit_core/include/moveit/online_signal_smoothing/smoothing_base_class.h
[0.728s] -- Up-to-date: /home/nimesha/thesis/ws_moveit/install/moveit_core/include/moveit_smoothing_base_export.h
[0.728s] -- Up-to-date: /home/nimesha/thesis/ws_moveit/install/moveit_core/include/moveit_butterworth_filter_export.h
[0.728s] -- Up-to-date: /home/nimesha/thesis/ws_moveit/install/moveit_core/include
[0.728s] -- Up-to-date: /home/nimesha/thesis/ws_moveit/install/moveit_core/include/moveit
[0.728s] -- Up-to-date: /home/nimesha/thesis/ws_moveit/install/moveit_core/include/moveit/planning_interface
[0.728s] -- Up-to-date: /home/nimesha/thesis/ws_moveit/install/moveit_core/include/moveit/planning_interface/planning_interface.h
[0.728s] -- Up-to-date: /home/nimesha/thesis/ws_moveit/install/moveit_core/include/moveit/planning_interface/planning_request.h
[0.728s] -- Up-to-date: /home/nimesha/thesis/ws_moveit/install/moveit_core/include/moveit/planning_interface/planning_response.h
[0.729s] -- Up-to-date: /home/nimesha/thesis/ws_moveit/install/moveit_core/include
[0.729s] -- Up-to-date: /home/nimesha/thesis/ws_moveit/install/moveit_core/include/moveit
[0.729s] -- Up-to-date: /home/nimesha/thesis/ws_moveit/install/moveit_core/include/moveit/planning_request_adapter
[0.729s] -- Up-to-date: /home/nimesha/thesis/ws_moveit/install/moveit_core/include/moveit/planning_request_adapter/planning_request_adapter.h
[0.729s] -- Up-to-date: /home/nimesha/thesis/ws_moveit/install/moveit_core/include
[0.729s] -- Up-to-date: /home/nimesha/thesis/ws_moveit/install/moveit_core/include/moveit
[0.729s] -- Up-to-date: /home/nimesha/thesis/ws_moveit/install/moveit_core/include/moveit/planning_scene
[0.730s] -- Up-to-date: /home/nimesha/thesis/ws_moveit/install/moveit_core/include/moveit/planning_scene/planning_scene.h
[0.730s] -- Up-to-date: /home/nimesha/thesis/ws_moveit/install/moveit_core/include/moveit_planning_scene_export.h
[0.730s] -- Up-to-date: /home/nimesha/thesis/ws_moveit/install/moveit_core/include
[0.730s] -- Up-to-date: /home/nimesha/thesis/ws_moveit/install/moveit_core/include/moveit
[0.730s] -- Up-to-date: /home/nimesha/thesis/ws_moveit/install/moveit_core/include/moveit/robot_model
[0.730s] -- Up-to-date: /home/nimesha/thesis/ws_moveit/install/moveit_core/include/moveit/robot_model/planar_joint_model.h
[0.730s] -- Up-to-date: /home/nimesha/thesis/ws_moveit/install/moveit_core/include/moveit/robot_model/revolute_joint_model.h
[0.730s] -- Up-to-date: /home/nimesha/thesis/ws_moveit/install/moveit_core/include/moveit/robot_model/link_model.h
[0.731s] -- Up-to-date: /home/nimesha/thesis/ws_moveit/install/moveit_core/include/moveit/robot_model/prismatic_joint_model.h
[0.731s] -- Up-to-date: /home/nimesha/thesis/ws_moveit/install/moveit_core/include/moveit/robot_model/fixed_joint_model.h
[0.731s] -- Up-to-date: /home/nimesha/thesis/ws_moveit/install/moveit_core/include/moveit/robot_model/joint_model_group.h
[0.731s] -- Up-to-date: /home/nimesha/thesis/ws_moveit/install/moveit_core/include/moveit/robot_model/floating_joint_model.h
[0.731s] -- Up-to-date: /home/nimesha/thesis/ws_moveit/install/moveit_core/include/moveit/robot_model/aabb.h
[0.731s] -- Up-to-date: /home/nimesha/thesis/ws_moveit/install/moveit_core/include/moveit/robot_model/joint_model.h
[0.731s] -- Up-to-date: /home/nimesha/thesis/ws_moveit/install/moveit_core/include/moveit/robot_model/robot_model.h
[0.731s] -- Up-to-date: /home/nimesha/thesis/ws_moveit/install/moveit_core/include
[0.731s] -- Up-to-date: /home/nimesha/thesis/ws_moveit/install/moveit_core/include/moveit
[0.731s] -- Up-to-date: /home/nimesha/thesis/ws_moveit/install/moveit_core/include/moveit/robot_state
[0.731s] -- Up-to-date: /home/nimesha/thesis/ws_moveit/install/moveit_core/include/moveit/robot_state/attached_body.h
[0.731s] -- Up-to-date: /home/nimesha/thesis/ws_moveit/install/moveit_core/include/moveit/robot_state/cartesian_interpolator.h
[0.731s] -- Up-to-date: /home/nimesha/thesis/ws_moveit/install/moveit_core/include/moveit/robot_state/conversions.h
[0.731s] -- Up-to-date: /home/nimesha/thesis/ws_moveit/install/moveit_core/include/moveit/robot_state/robot_state.h
[0.731s] -- Up-to-date: /home/nimesha/thesis/ws_moveit/install/moveit_core/include
[0.731s] -- Up-to-date: /home/nimesha/thesis/ws_moveit/install/moveit_core/include/moveit
[0.731s] -- Up-to-date: /home/nimesha/thesis/ws_moveit/install/moveit_core/include/moveit/robot_trajectory
[0.731s] -- Up-to-date: /home/nimesha/thesis/ws_moveit/install/moveit_core/include/moveit/robot_trajectory/robot_trajectory.h
[0.732s] -- Up-to-date: /home/nimesha/thesis/ws_moveit/install/moveit_core/include
[0.732s] -- Up-to-date: /home/nimesha/thesis/ws_moveit/install/moveit_core/include/moveit
[0.732s] -- Up-to-date: /home/nimesha/thesis/ws_moveit/install/moveit_core/include/moveit/sensor_manager
[0.733s] -- Up-to-date: /home/nimesha/thesis/ws_moveit/install/moveit_core/include/moveit/sensor_manager/sensor_manager.h
[0.733s] -- Up-to-date: /home/nimesha/thesis/ws_moveit/install/moveit_core/include
[0.733s] -- Up-to-date: /home/nimesha/thesis/ws_moveit/install/moveit_core/include/moveit
[0.733s] -- Up-to-date: /home/nimesha/thesis/ws_moveit/install/moveit_core/include/moveit/trajectory_processing
[0.734s] -- Up-to-date: /home/nimesha/thesis/ws_moveit/install/moveit_core/include/moveit/trajectory_processing/iterative_spline_parameterization.h
[0.734s] -- Up-to-date: /home/nimesha/thesis/ws_moveit/install/moveit_core/include/moveit/trajectory_processing/ruckig_traj_smoothing.h
[0.734s] -- Up-to-date: /home/nimesha/thesis/ws_moveit/install/moveit_core/include/moveit/trajectory_processing/iterative_time_parameterization.h
[0.734s] -- Up-to-date: /home/nimesha/thesis/ws_moveit/install/moveit_core/include/moveit/trajectory_processing/time_parameterization.h
[0.734s] -- Up-to-date: /home/nimesha/thesis/ws_moveit/install/moveit_core/include/moveit/trajectory_processing/time_optimal_trajectory_generation.h
[0.734s] -- Up-to-date: /home/nimesha/thesis/ws_moveit/install/moveit_core/include/moveit/trajectory_processing/trajectory_tools.h
[0.734s] -- Up-to-date: /home/nimesha/thesis/ws_moveit/install/moveit_core/include
[0.734s] -- Up-to-date: /home/nimesha/thesis/ws_moveit/install/moveit_core/include/moveit
[0.734s] -- Up-to-date: /home/nimesha/thesis/ws_moveit/install/moveit_core/include/moveit/transforms
[0.734s] -- Up-to-date: /home/nimesha/thesis/ws_moveit/install/moveit_core/include/moveit/transforms/transforms.h
[0.735s] -- Up-to-date: /home/nimesha/thesis/ws_moveit/install/moveit_core/include
[0.735s] -- Up-to-date: /home/nimesha/thesis/ws_moveit/install/moveit_core/include/moveit
[0.735s] -- Up-to-date: /home/nimesha/thesis/ws_moveit/install/moveit_core/include/moveit/utils
[0.735s] -- Up-to-date: /home/nimesha/thesis/ws_moveit/install/moveit_core/include/moveit/utils/lexical_casts.h
[0.735s] -- Up-to-date: /home/nimesha/thesis/ws_moveit/install/moveit_core/include/moveit/utils/robot_model_test_utils.h
[0.735s] -- Up-to-date: /home/nimesha/thesis/ws_moveit/install/moveit_core/include/moveit/utils/moveit_error_code.h
[0.735s] -- Up-to-date: /home/nimesha/thesis/ws_moveit/install/moveit_core/include/moveit/utils/message_checks.h
[0.735s] -- Up-to-date: /home/nimesha/thesis/ws_moveit/install/moveit_core/include/moveit/utils/rclcpp_utils.h
[0.736s] -- Up-to-date: /home/nimesha/thesis/ws_moveit/install/moveit_core/bin/moveit_version
[0.736s] -- Up-to-date: /home/nimesha/thesis/ws_moveit/install/moveit_core/include
[0.736s] -- Up-to-date: /home/nimesha/thesis/ws_moveit/install/moveit_core/include/moveit
[0.736s] -- Up-to-date: /home/nimesha/thesis/ws_moveit/install/moveit_core/include/moveit/collision_detection
[0.736s] -- Up-to-date: /home/nimesha/thesis/ws_moveit/install/moveit_core/include/moveit/collision_detection/collision_common.h
[0.737s] -- Up-to-date: /home/nimesha/thesis/ws_moveit/install/moveit_core/include/moveit/collision_detection/world_diff.h
[0.737s] -- Up-to-date: /home/nimesha/thesis/ws_moveit/install/moveit_core/include/moveit/collision_detection/collision_tools.h
[0.737s] -- Up-to-date: /home/nimesha/thesis/ws_moveit/install/moveit_core/include/moveit/collision_detection/collision_plugin.h
[0.737s] -- Up-to-date: /home/nimesha/thesis/ws_moveit/install/moveit_core/include/moveit/collision_detection/collision_detector_allocator.h
[0.737s] -- Up-to-date: /home/nimesha/thesis/ws_moveit/install/moveit_core/include/moveit/collision_detection/collision_matrix.h
[0.737s] -- Up-to-date: /home/nimesha/thesis/ws_moveit/install/moveit_core/include/moveit/collision_detection/world.h
[0.737s] -- Up-to-date: /home/nimesha/thesis/ws_moveit/install/moveit_core/include/moveit/collision_detection/collision_env.h
[0.737s] -- Up-to-date: /home/nimesha/thesis/ws_moveit/install/moveit_core/include/moveit/collision_detection/occupancy_map.h
[0.737s] -- Up-to-date: /home/nimesha/thesis/ws_moveit/install/moveit_core/include/moveit/collision_detection/collision_octomap_filter.h
[0.737s] -- Up-to-date: /home/nimesha/thesis/ws_moveit/install/moveit_core/include/moveit/collision_detection/collision_plugin_cache.h
[0.737s] -- Up-to-date: /home/nimesha/thesis/ws_moveit/install/moveit_core/include/moveit/collision_detection/allvalid
[0.739s] -- Up-to-date: /home/nimesha/thesis/ws_moveit/install/moveit_core/include/moveit/collision_detection/allvalid/collision_env_allvalid.h
[0.739s] -- Up-to-date: /home/nimesha/thesis/ws_moveit/install/moveit_core/include/moveit/collision_detection/allvalid/collision_detector_allocator_allvalid.h
[0.739s] -- Up-to-date: /home/nimesha/thesis/ws_moveit/install/moveit_core/include/moveit/collision_detection/test_collision_common_pr2.h
[0.739s] -- Up-to-date: /home/nimesha/thesis/ws_moveit/install/moveit_core/include/moveit/collision_detection/test_collision_common_panda.h
[0.739s] -- Up-to-date: /home/nimesha/thesis/ws_moveit/install/moveit_core/include/moveit_collision_detection_export.h
[0.739s] -- Up-to-date: /home/nimesha/thesis/ws_moveit/install/moveit_core/include
[0.739s] -- Up-to-date: /home/nimesha/thesis/ws_moveit/install/moveit_core/include/moveit
[0.739s] -- Up-to-date: /home/nimesha/thesis/ws_moveit/install/moveit_core/include/moveit/collision_detection_bullet
[0.739s] -- Up-to-date: /home/nimesha/thesis/ws_moveit/install/moveit_core/include/moveit/collision_detection_bullet/bullet_integration
[0.739s] -- Up-to-date: /home/nimesha/thesis/ws_moveit/install/moveit_core/include/moveit/collision_detection_bullet/bullet_integration/bullet_utils.h
[0.739s] -- Up-to-date: /home/nimesha/thesis/ws_moveit/install/moveit_core/include/moveit/collision_detection_bullet/bullet_integration/contact_checker_common.h
[0.739s] -- Up-to-date: /home/nimesha/thesis/ws_moveit/install/moveit_core/include/moveit/collision_detection_bullet/bullet_integration/ros_bullet_utils.h
[0.740s] -- Up-to-date: /home/nimesha/thesis/ws_moveit/install/moveit_core/include/moveit/collision_detection_bullet/bullet_integration/basic_types.h
[0.740s] -- Up-to-date: /home/nimesha/thesis/ws_moveit/install/moveit_core/include/moveit/collision_detection_bullet/bullet_integration/bullet_cast_bvh_manager.h
[0.740s] -- Up-to-date: /home/nimesha/thesis/ws_moveit/install/moveit_core/include/moveit/collision_detection_bullet/bullet_integration/bullet_discrete_bvh_manager.h
[0.740s] -- Up-to-date: /home/nimesha/thesis/ws_moveit/install/moveit_core/include/moveit/collision_detection_bullet/bullet_integration/bullet_bvh_manager.h
[0.740s] -- Up-to-date: /home/nimesha/thesis/ws_moveit/install/moveit_core/include/moveit/collision_detection_bullet/collision_detector_bullet_plugin_loader.h
[0.740s] -- Up-to-date: /home/nimesha/thesis/ws_moveit/install/moveit_core/include/moveit/collision_detection_bullet/collision_env_bullet.h
[0.740s] -- Up-to-date: /home/nimesha/thesis/ws_moveit/install/moveit_core/include/moveit/collision_detection_bullet/collision_detector_allocator_bullet.h
[0.740s] -- Up-to-date: /home/nimesha/thesis/ws_moveit/install/moveit_core/include/moveit_collision_detection_bullet_export.h
[0.740s] -- Up-to-date: /home/nimesha/thesis/ws_moveit/install/moveit_core/include
[0.740s] -- Up-to-date: /home/nimesha/thesis/ws_moveit/install/moveit_core/include/moveit
[0.740s] -- Up-to-date: /home/nimesha/thesis/ws_moveit/install/moveit_core/include/moveit/collision_detection_fcl
[0.740s] -- Up-to-date: /home/nimesha/thesis/ws_moveit/install/moveit_core/include/moveit/collision_detection_fcl/fcl_compat.h
[0.740s] -- Up-to-date: /home/nimesha/thesis/ws_moveit/install/moveit_core/include/moveit/collision_detection_fcl/collision_common.h
[0.740s] -- Up-to-date: /home/nimesha/thesis/ws_moveit/install/moveit_core/include/moveit/collision_detection_fcl/collision_detector_fcl_plugin_loader.h
[0.740s] -- Up-to-date: /home/nimesha/thesis/ws_moveit/install/moveit_core/include/moveit/collision_detection_fcl/collision_env_fcl.h
[0.740s] -- Up-to-date: /home/nimesha/thesis/ws_moveit/install/moveit_core/include/moveit/collision_detection_fcl/collision_detector_allocator_fcl.h
[0.741s] -- Up-to-date: /home/nimesha/thesis/ws_moveit/install/moveit_core/include/moveit_collision_detection_fcl_export.h
[0.741s] -- Up-to-date: /home/nimesha/thesis/ws_moveit/install/moveit_core/lib/libcollision_detector_bullet_plugin.so.2.5.5
[0.741s] -- Up-to-date: /home/nimesha/thesis/ws_moveit/install/moveit_core/lib/libcollision_detector_bullet_plugin.so
[0.741s] -- Up-to-date: /home/nimesha/thesis/ws_moveit/install/moveit_core/lib/libmoveit_butterworth_filter.so.2.5.5
[0.741s] -- Up-to-date: /home/nimesha/thesis/ws_moveit/install/moveit_core/lib/libmoveit_butterworth_filter.so
[0.741s] -- Up-to-date: /home/nimesha/thesis/ws_moveit/install/moveit_core/lib/libmoveit_collision_distance_field.so.2.5.5
[0.741s] -- Up-to-date: /home/nimesha/thesis/ws_moveit/install/moveit_core/lib/libmoveit_collision_distance_field.so
[0.744s] -- Up-to-date: /home/nimesha/thesis/ws_moveit/install/moveit_core/lib/libmoveit_collision_detection.so.2.5.5
[0.744s] -- Up-to-date: /home/nimesha/thesis/ws_moveit/install/moveit_core/lib/libmoveit_collision_detection.so
[0.744s] -- Up-to-date: /home/nimesha/thesis/ws_moveit/install/moveit_core/lib/libmoveit_collision_detection_fcl.so.2.5.5
[0.744s] -- Up-to-date: /home/nimesha/thesis/ws_moveit/install/moveit_core/lib/libmoveit_collision_detection_fcl.so
[0.744s] -- Up-to-date: /home/nimesha/thesis/ws_moveit/install/moveit_core/lib/libmoveit_collision_detection_bullet.so.2.5.5
[0.744s] -- Up-to-date: /home/nimesha/thesis/ws_moveit/install/moveit_core/lib/libmoveit_collision_detection_bullet.so
[0.744s] -- Up-to-date: /home/nimesha/thesis/ws_moveit/install/moveit_core/lib/libmoveit_dynamics_solver.so.2.5.5
[0.744s] -- Up-to-date: /home/nimesha/thesis/ws_moveit/install/moveit_core/lib/libmoveit_dynamics_solver.so
[0.745s] -- Up-to-date: /home/nimesha/thesis/ws_moveit/install/moveit_core/lib/libmoveit_constraint_samplers.so.2.5.5
[0.745s] -- Up-to-date: /home/nimesha/thesis/ws_moveit/install/moveit_core/lib/libmoveit_constraint_samplers.so
[0.745s] -- Up-to-date: /home/nimesha/thesis/ws_moveit/install/moveit_core/lib/libmoveit_distance_field.so.2.5.5
[0.745s] -- Up-to-date: /home/nimesha/thesis/ws_moveit/install/moveit_core/lib/libmoveit_distance_field.so
[0.745s] -- Up-to-date: /home/nimesha/thesis/ws_moveit/install/moveit_core/lib/libmoveit_exceptions.so.2.5.5
[0.745s] -- Up-to-date: /home/nimesha/thesis/ws_moveit/install/moveit_core/lib/libmoveit_exceptions.so
[0.745s] -- Up-to-date: /home/nimesha/thesis/ws_moveit/install/moveit_core/lib/libmoveit_kinematics_base.so
[0.745s] -- Up-to-date: /home/nimesha/thesis/ws_moveit/install/moveit_core/lib/libmoveit_kinematic_constraints.so.2.5.5
[0.745s] -- Up-to-date: /home/nimesha/thesis/ws_moveit/install/moveit_core/lib/libmoveit_kinematic_constraints.so
[0.745s] -- Up-to-date: /home/nimesha/thesis/ws_moveit/install/moveit_core/lib/libmoveit_kinematics_metrics.so.2.5.5
[0.745s] -- Up-to-date: /home/nimesha/thesis/ws_moveit/install/moveit_core/lib/libmoveit_kinematics_metrics.so
[0.745s] -- Up-to-date: /home/nimesha/thesis/ws_moveit/install/moveit_core/lib/libmoveit_planning_interface.so.2.5.5
[0.746s] -- Up-to-date: /home/nimesha/thesis/ws_moveit/install/moveit_core/lib/libmoveit_planning_interface.so
[0.746s] -- Up-to-date: /home/nimesha/thesis/ws_moveit/install/moveit_core/lib/libmoveit_planning_scene.so.2.5.5
[0.746s] -- Up-to-date: /home/nimesha/thesis/ws_moveit/install/moveit_core/lib/libmoveit_planning_scene.so
[0.746s] -- Up-to-date: /home/nimesha/thesis/ws_moveit/install/moveit_core/lib/libmoveit_planning_request_adapter.so.2.5.5
[0.746s] -- Up-to-date: /home/nimesha/thesis/ws_moveit/install/moveit_core/lib/libmoveit_planning_request_adapter.so
[0.746s] -- Up-to-date: /home/nimesha/thesis/ws_moveit/install/moveit_core/lib/libmoveit_robot_model.so.2.5.5
[0.747s] -- Up-to-date: /home/nimesha/thesis/ws_moveit/install/moveit_core/lib/libmoveit_robot_model.so
[0.747s] -- Up-to-date: /home/nimesha/thesis/ws_moveit/install/moveit_core/lib/libmoveit_robot_state.so.2.5.5
[0.747s] -- Up-to-date: /home/nimesha/thesis/ws_moveit/install/moveit_core/lib/libmoveit_robot_state.so
[0.747s] -- Up-to-date: /home/nimesha/thesis/ws_moveit/install/moveit_core/lib/libmoveit_robot_trajectory.so.2.5.5
[0.747s] -- Up-to-date: /home/nimesha/thesis/ws_moveit/install/moveit_core/lib/libmoveit_robot_trajectory.so
[0.747s] -- Up-to-date: /home/nimesha/thesis/ws_moveit/install/moveit_core/lib/libmoveit_smoothing_base.so.2.5.5
[0.748s] -- Up-to-date: /home/nimesha/thesis/ws_moveit/install/moveit_core/lib/libmoveit_smoothing_base.so
[0.748s] -- Up-to-date: /home/nimesha/thesis/ws_moveit/install/moveit_core/lib/libmoveit_test_utils.so.2.5.5
[0.748s] -- Up-to-date: /home/nimesha/thesis/ws_moveit/install/moveit_core/lib/libmoveit_test_utils.so
[0.748s] -- Up-to-date: /home/nimesha/thesis/ws_moveit/install/moveit_core/lib/libmoveit_trajectory_processing.so.2.5.5
[0.748s] -- Up-to-date: /home/nimesha/thesis/ws_moveit/install/moveit_core/lib/libmoveit_trajectory_processing.so
[0.748s] -- Up-to-date: /home/nimesha/thesis/ws_moveit/install/moveit_core/lib/libmoveit_transforms.so.2.5.5
[0.748s] -- Up-to-date: /home/nimesha/thesis/ws_moveit/install/moveit_core/lib/libmoveit_transforms.so
[0.748s] -- Up-to-date: /home/nimesha/thesis/ws_moveit/install/moveit_core/lib/libmoveit_utils.so.2.5.5
[0.748s] -- Up-to-date: /home/nimesha/thesis/ws_moveit/install/moveit_core/lib/libmoveit_utils.so
[0.749s] -- Up-to-date: /home/nimesha/thesis/ws_moveit/install/moveit_core/share/moveit_core/environment/library_path.sh
[0.749s] -- Up-to-date: /home/nimesha/thesis/ws_moveit/install/moveit_core/share/moveit_core/environment/library_path.dsv
[0.749s] -- Up-to-date: /home/nimesha/thesis/ws_moveit/install/moveit_core/share/moveit_core/collision_detector_fcl_description.xml
[0.749s] -- Up-to-date: /home/nimesha/thesis/ws_moveit/install/moveit_core/share/moveit_core/collision_detector_bullet_description.xml
[0.749s] -- Up-to-date: /home/nimesha/thesis/ws_moveit/install/moveit_core/share/moveit_core/filter_plugin_butterworth.xml
[0.749s] -- Up-to-date: /home/nimesha/thesis/ws_moveit/install/moveit_core/share/ament_index/resource_index/package_run_dependencies/moveit_core
[0.750s] -- Up-to-date: /home/nimesha/thesis/ws_moveit/install/moveit_core/share/ament_index/resource_index/parent_prefix_path/moveit_core
[0.750s] -- Up-to-date: /home/nimesha/thesis/ws_moveit/install/moveit_core/share/moveit_core/environment/ament_prefix_path.sh
[0.750s] -- Up-to-date: /home/nimesha/thesis/ws_moveit/install/moveit_core/share/moveit_core/environment/ament_prefix_path.dsv
[0.750s] -- Up-to-date: /home/nimesha/thesis/ws_moveit/install/moveit_core/share/moveit_core/environment/path.sh
[0.750s] -- Up-to-date: /home/nimesha/thesis/ws_moveit/install/moveit_core/share/moveit_core/environment/path.dsv
[0.750s] -- Up-to-date: /home/nimesha/thesis/ws_moveit/install/moveit_core/share/moveit_core/local_setup.bash
[0.750s] -- Up-to-date: /home/nimesha/thesis/ws_moveit/install/moveit_core/share/moveit_core/local_setup.sh
[0.751s] -- Up-to-date: /home/nimesha/thesis/ws_moveit/install/moveit_core/share/moveit_core/local_setup.zsh
[0.751s] -- Up-to-date: /home/nimesha/thesis/ws_moveit/install/moveit_core/share/moveit_core/local_setup.dsv
[0.751s] -- Installing: /home/nimesha/thesis/ws_moveit/install/moveit_core/share/moveit_core/package.dsv
[0.751s] -- Up-to-date: /home/nimesha/thesis/ws_moveit/install/moveit_core/share/ament_index/resource_index/packages/moveit_core
[0.751s] -- Up-to-date: /home/nimesha/thesis/ws_moveit/install/moveit_core/share/ament_index/resource_index/moveit_core__pluginlib__plugin/moveit_core
[0.755s] -- Up-to-date: /home/nimesha/thesis/ws_moveit/install/moveit_core/share/moveit_core/cmake/export_moveit_coreExport.cmake
[0.755s] -- Up-to-date: /home/nimesha/thesis/ws_moveit/install/moveit_core/share/moveit_core/cmake/export_moveit_coreExport-release.cmake
[0.755s] -- Up-to-date: /home/nimesha/thesis/ws_moveit/install/moveit_core/share/moveit_core/cmake/ConfigExtras.cmake
[0.755s] -- Up-to-date: /home/nimesha/thesis/ws_moveit/install/moveit_core/share/moveit_core/cmake/ament_cmake_export_targets-extras.cmake
[0.758s] -- Up-to-date: /home/nimesha/thesis/ws_moveit/install/moveit_core/share/moveit_core/cmake/ament_cmake_export_dependencies-extras.cmake
[0.758s] -- Up-to-date: /home/nimesha/thesis/ws_moveit/install/moveit_core/share/moveit_core/cmake/moveit_coreConfig.cmake
[0.758s] -- Up-to-date: /home/nimesha/thesis/ws_moveit/install/moveit_core/share/moveit_core/cmake/moveit_coreConfig-version.cmake
[0.758s] -- Up-to-date: /home/nimesha/thesis/ws_moveit/install/moveit_core/share/moveit_core/package.xml
[0.758s] Invoked command in '/home/nimesha/thesis/ws_moveit/build/moveit_core' returned '0': AMENT_PREFIX_PATH=/home/nimesha/thesis/ws_moveit/install/moveit_resources_panda_moveit_config:/home/nimesha/thesis/ws_moveit/install/srdfdom:${AMENT_PREFIX_PATH} CMAKE_PREFIX_PATH=/home/nimesha/thesis/ws_moveit/install/moveit_resources_panda_moveit_config:/home/nimesha/thesis/ws_moveit/install/srdfdom:/home/nimesha/thesis/ws_moveit/install/moveit_resources_pr2_description:/home/nimesha/thesis/ws_moveit/install/moveit_resources_panda_description:/home/nimesha/thesis/ws_moveit/install/moveit_common:/home/nimesha/ros2_humble/ros2-linux:/home/nimesha/thesis/ws_moveit/install/robotiq_description:/home/nimesha/thesis/ws_moveit/install/moveit_resources_prbt_support:/home/nimesha/thesis/ws_moveit/install/moveit_resources_fanuc_description:/opt/ros/humble:/home/nimesha/thesis/ws_moveit/install/moveit_configs_utils:/opt/ros/rolling LD_LIBRARY_PATH=/home/nimesha/thesis/ws_moveit/install/srdfdom/lib:/opt/ros/humble/lib/x86_64-linux-gnu:/opt/ros/humble/lib:/home/nimesha/ros2_humble/ros2-linux/opt/rviz_ogre_vendor/lib:/opt/rti.com/rti_connext_dds-6.0.1/lib/x64Linux4gcc7.3.0:/opt/rti.com/rti_connext_dds-6.0.1/bin:/home/nimesha/ros2_humble/ros2-linux/lib:/opt/ros/rolling/opt/rviz_ogre_vendor/lib:/opt/ros/rolling/lib/x86_64-linux-gnu:/opt/ros/rolling/lib:/usr/lib/nvidia PYTHONPATH=/home/nimesha/thesis/ws_moveit/install/srdfdom/local/lib/python3.10/dist-packages:${PYTHONPATH} /usr/bin/cmake --install /home/nimesha/thesis/ws_moveit/build/moveit_core
