[  3%] [34m[1mAutomatic MOC for target gtest_main[0m
[  6%] [34m[1mAutomatic MOC for target gtest[0m
[  9%] [34m[1mAutomatic MOC for target moveit_setup_controllers[0m
[  9%] Built target gtest_main_autogen
[  9%] Built target moveit_setup_controllers_autogen
[35m[1mConsolidate compiler generated dependencies of target gtest_main[0m
[  9%] Built target gtest_autogen
[ 18%] Built target gtest_main
[35m[1mConsolidate compiler generated dependencies of target moveit_setup_controllers[0m
[35m[1mConsolidate compiler generated dependencies of target gtest[0m
[ 27%] Built target gtest
[ 30%] [32mBuilding CXX object CMakeFiles/moveit_setup_controllers.dir/src/moveit_controllers_widget.cpp.o[0m
[ 33%] [32mBuilding CXX object CMakeFiles/moveit_setup_controllers.dir/include/moveit_setup_controllers/moc_controllers_widget.cpp.o[0m
[ 36%] [32mBuilding CXX object CMakeFiles/moveit_setup_controllers.dir/src/ros2_controllers_widget.cpp.o[0m
[ 39%] [32mBuilding CXX object CMakeFiles/moveit_setup_controllers.dir/include/moveit_setup_controllers/moc_urdf_modifications_widget.cpp.o[0m
[ 42%] [32m[1mLinking CXX shared library libmoveit_setup_controllers.so[0m
[ 87%] Built target moveit_setup_controllers
[ 90%] [34m[1mAutomatic MOC for target test_controllers[0m
[ 90%] Built target test_controllers_autogen
[ 96%] [32mBuilding CXX object CMakeFiles/test_controllers.dir/test_controllers_autogen/mocs_compilation.cpp.o[0m
[ 96%] [32mBuilding CXX object CMakeFiles/test_controllers.dir/test/test_controllers.cpp.o[0m
[100%] [32m[1mLinking CXX executable test_controllers[0m
[100%] Built target test_controllers
