[0.247s] Invoking command in '/home/nimesha/thesis/ws_moveit/build/moveit_planners_ompl': AMENT_PREFIX_PATH=/home/nimesha/thesis/ws_moveit/install/moveit_ros_planning:/home/nimesha/thesis/ws_moveit/install/moveit_ros_occupancy_map_monitor:/home/nimesha/thesis/ws_moveit/install/moveit_core:/home/nimesha/thesis/ws_moveit/install/moveit_resources_panda_moveit_config:/home/nimesha/thesis/ws_moveit/install/moveit_resources_fanuc_moveit_config:/home/nimesha/thesis/ws_moveit/install/srdfdom:${AMENT_PREFIX_PATH} CMAKE_PREFIX_PATH=/home/nimesha/thesis/ws_moveit/install/moveit_ros_planning:/home/nimesha/thesis/ws_moveit/install/moveit_ros_occupancy_map_monitor:/home/nimesha/thesis/ws_moveit/install/moveit_core:/home/nimesha/thesis/ws_moveit/install/moveit_resources_panda_moveit_config:/home/nimesha/thesis/ws_moveit/install/moveit_resources_fanuc_moveit_config:/home/nimesha/thesis/ws_moveit/install/srdfdom:/home/nimesha/thesis/ws_moveit/install/moveit_resources_pr2_description:/home/nimesha/thesis/ws_moveit/install/moveit_resources_panda_description:/home/nimesha/thesis/ws_moveit/install/moveit_resources_fanuc_description:/home/nimesha/thesis/ws_moveit/install/moveit_common:/home/nimesha/ros2_humble/ros2-linux:/home/nimesha/thesis/ws_moveit/install/robotiq_description:/home/nimesha/thesis/ws_moveit/install/moveit_resources_prbt_support:/opt/ros/humble:/home/nimesha/thesis/ws_moveit/install/moveit_configs_utils:/opt/ros/rolling LD_LIBRARY_PATH=/home/nimesha/thesis/ws_moveit/install/moveit_ros_planning/lib:/home/nimesha/thesis/ws_moveit/install/moveit_ros_occupancy_map_monitor/lib:/home/nimesha/thesis/ws_moveit/install/moveit_core/lib:/home/nimesha/thesis/ws_moveit/install/srdfdom/lib:/opt/ros/humble/lib/x86_64-linux-gnu:/opt/ros/humble/lib:/home/nimesha/ros2_humble/ros2-linux/opt/rviz_ogre_vendor/lib:/opt/rti.com/rti_connext_dds-6.0.1/lib/x64Linux4gcc7.3.0:/opt/rti.com/rti_connext_dds-6.0.1/bin:/home/nimesha/ros2_humble/ros2-linux/lib:/opt/ros/rolling/opt/rviz_ogre_vendor/lib:/opt/ros/rolling/lib/x86_64-linux-gnu:/opt/ros/rolling/lib:/usr/lib/nvidia PATH=/home/nimesha/thesis/ws_moveit/install/moveit_core/bin:/opt/ros/humble/bin:/opt/rti.com/rti_connext_dds-6.0.1/lib/x64Linux4gcc7.3.0:/opt/rti.com/rti_connext_dds-6.0.1/bin:/home/nimesha/ros2_humble/ros2-linux/bin:/opt/ros/rolling/bin:/usr/lib/nvidia:/home/nimesha/anaconda3/condabin:/usr/local/sbin:/usr/local/bin:/usr/sbin:/usr/bin:/sbin:/bin:/usr/games:/usr/local/games:/usr/lib/wsl/lib:/mnt/c/Program Files/WindowsApps/MicrosoftCorporationII.WindowsSubsystemForLinux_2.2.4.0_x64__8wekyb3d8bbwe:/mnt/c/Windows/system32:/mnt/c/Windows:/mnt/c/Windows/System32/Wbem:/mnt/c/Windows/System32/WindowsPowerShell/v1.0/:/mnt/c/Windows/System32/OpenSSH/:/mnt/c/Program Files (x86)/NVIDIA Corporation/PhysX/Common:/mnt/c/Program Files/NVIDIA Corporation/NVIDIA NvDLISR:/mnt/c/Program Files/Git/cmd:/mnt/c/ProgramData/chocolatey/bin:/mnt/c/Program Files/MATLAB/R2024a/bin:/mnt/c/Program Files/dotnet/:/mnt/c/Users/Nimesha/AppData/Local/Programs/Python/Python311/Scripts/:/mnt/c/Users/Nimesha/AppData/Local/Programs/Python/Python311/:/mnt/c/Users/Nimesha/AppData/Local/Microsoft/WindowsApps:/mnt/c/Users/Nimesha/AppData/Local/Programs/Microsoft VS Code/bin:/mnt/c/Program Files/Baretail:/mnt/c/Program Files/Git/usr/bin:/mnt/c/Users/Nimesha/.dotnet/tools:/snap/bin PYTHONPATH=/home/nimesha/thesis/ws_moveit/install/srdfdom/local/lib/python3.10/dist-packages:${PYTHONPATH} /usr/bin/cmake --build /home/nimesha/thesis/ws_moveit/build/moveit_planners_ompl -- -j32 -l32
[0.284s] [35m[1mConsolidate compiler generated dependencies of target gtest_main[0m
[0.291s] [35m[1mConsolidate compiler generated dependencies of target gtest[0m
[0.295s] [  4%] Built target gtest_main
[0.299s] [35m[1mConsolidate compiler generated dependencies of target moveit_ompl_interface[0m
[0.304s] [  9%] Built target gtest
[0.355s] [ 14%] [32mBuilding CXX object ompl_interface/CMakeFiles/moveit_ompl_interface.dir/src/planning_context_manager.cpp.o[0m
[0.355s] [ 14%] [32mBuilding CXX object ompl_interface/CMakeFiles/moveit_ompl_interface.dir/src/parameterization/joint_space/joint_model_state_space_factory.cpp.o[0m
[0.356s] [ 17%] [32mBuilding CXX object ompl_interface/CMakeFiles/moveit_ompl_interface.dir/src/model_based_planning_context.cpp.o[0m
[0.356s] [ 19%] [32mBuilding CXX object ompl_interface/CMakeFiles/moveit_ompl_interface.dir/src/detail/constraints_library.cpp.o[0m
[0.359s] [ 21%] [32mBuilding CXX object ompl_interface/CMakeFiles/moveit_ompl_interface.dir/src/detail/state_validity_checker.cpp.o[0m
[0.361s] [ 24%] [32mBuilding CXX object ompl_interface/CMakeFiles/moveit_ompl_interface.dir/src/detail/constrained_goal_sampler.cpp.o[0m
[13.095s] [ 26%] [32m[1mLinking CXX shared library libmoveit_ompl_interface.so[0m
[13.451s] [ 60%] Built target moveit_ompl_interface
[13.475s] [ 63%] [32mBuilding CXX object ompl_interface/CMakeFiles/moveit_ompl_planner_plugin.dir/src/ompl_planner_manager.cpp.o[0m
[13.476s] [ 65%] [32mBuilding CXX object ompl_interface/CMakeFiles/test_constrained_state_validity_checker.dir/test/test_constrained_state_validity_checker.cpp.o[0m
[13.476s] [ 68%] [32mBuilding CXX object ompl_interface/CMakeFiles/moveit_generate_state_database.dir/scripts/generate_state_database.cpp.o[0m
[13.476s] [ 70%] [32mBuilding CXX object ompl_interface/CMakeFiles/test_threadsafe_state_storage.dir/test/test_threadsafe_state_storage.cpp.o[0m
[13.477s] [ 73%] [32mBuilding CXX object ompl_interface/CMakeFiles/test_state_validity_checker.dir/test/test_state_validity_checker.cpp.o[0m
[13.477s] [ 75%] [32mBuilding CXX object ompl_interface/CMakeFiles/test_constrained_planning_state_space.dir/test/test_constrained_planning_state_space.cpp.o[0m
[13.478s] [ 78%] [32mBuilding CXX object ompl_interface/CMakeFiles/test_state_space.dir/test/test_state_space.cpp.o[0m
[13.481s] [ 80%] [32mBuilding CXX object ompl_interface/CMakeFiles/test_planning_context_manager.dir/test/test_planning_context_manager.cpp.o[0m
[19.590s] [ 82%] [32m[1mLinking CXX executable test_threadsafe_state_storage[0m
[20.160s] [ 82%] Built target test_threadsafe_state_storage
[24.344s] [ 85%] [32m[1mLinking CXX executable test_state_space[0m
[25.966s] [ 85%] Built target test_state_space
[26.496s] [ 87%] [32m[1mLinking CXX shared library libmoveit_ompl_planner_plugin.so[0m
[26.523s] [ 90%] [32m[1mLinking CXX executable test_constrained_planning_state_space[0m
[27.162s] [ 90%] Built target moveit_ompl_planner_plugin
[27.367s] [ 90%] Built target test_constrained_planning_state_space
[27.554s] [ 92%] [32m[1mLinking CXX executable test_constrained_state_validity_checker[0m
[27.930s] [ 95%] [32m[1mLinking CXX executable test_state_validity_checker[0m
[28.055s] [ 95%] Built target test_constrained_state_validity_checker
[28.523s] [ 95%] Built target test_state_validity_checker
[29.919s] [ 97%] [32m[1mLinking CXX executable generate_state_database[0m
[30.311s] [ 97%] Built target moveit_generate_state_database
[31.891s] [100%] [32m[1mLinking CXX executable test_planning_context_manager[0m
[32.261s] [100%] Built target test_planning_context_manager
[32.465s] Invoked command in '/home/nimesha/thesis/ws_moveit/build/moveit_planners_ompl' returned '0': AMENT_PREFIX_PATH=/home/nimesha/thesis/ws_moveit/install/moveit_ros_planning:/home/nimesha/thesis/ws_moveit/install/moveit_ros_occupancy_map_monitor:/home/nimesha/thesis/ws_moveit/install/moveit_core:/home/nimesha/thesis/ws_moveit/install/moveit_resources_panda_moveit_config:/home/nimesha/thesis/ws_moveit/install/moveit_resources_fanuc_moveit_config:/home/nimesha/thesis/ws_moveit/install/srdfdom:${AMENT_PREFIX_PATH} CMAKE_PREFIX_PATH=/home/nimesha/thesis/ws_moveit/install/moveit_ros_planning:/home/nimesha/thesis/ws_moveit/install/moveit_ros_occupancy_map_monitor:/home/nimesha/thesis/ws_moveit/install/moveit_core:/home/nimesha/thesis/ws_moveit/install/moveit_resources_panda_moveit_config:/home/nimesha/thesis/ws_moveit/install/moveit_resources_fanuc_moveit_config:/home/nimesha/thesis/ws_moveit/install/srdfdom:/home/nimesha/thesis/ws_moveit/install/moveit_resources_pr2_description:/home/nimesha/thesis/ws_moveit/install/moveit_resources_panda_description:/home/nimesha/thesis/ws_moveit/install/moveit_resources_fanuc_description:/home/nimesha/thesis/ws_moveit/install/moveit_common:/home/nimesha/ros2_humble/ros2-linux:/home/nimesha/thesis/ws_moveit/install/robotiq_description:/home/nimesha/thesis/ws_moveit/install/moveit_resources_prbt_support:/opt/ros/humble:/home/nimesha/thesis/ws_moveit/install/moveit_configs_utils:/opt/ros/rolling LD_LIBRARY_PATH=/home/nimesha/thesis/ws_moveit/install/moveit_ros_planning/lib:/home/nimesha/thesis/ws_moveit/install/moveit_ros_occupancy_map_monitor/lib:/home/nimesha/thesis/ws_moveit/install/moveit_core/lib:/home/nimesha/thesis/ws_moveit/install/srdfdom/lib:/opt/ros/humble/lib/x86_64-linux-gnu:/opt/ros/humble/lib:/home/nimesha/ros2_humble/ros2-linux/opt/rviz_ogre_vendor/lib:/opt/rti.com/rti_connext_dds-6.0.1/lib/x64Linux4gcc7.3.0:/opt/rti.com/rti_connext_dds-6.0.1/bin:/home/nimesha/ros2_humble/ros2-linux/lib:/opt/ros/rolling/opt/rviz_ogre_vendor/lib:/opt/ros/rolling/lib/x86_64-linux-gnu:/opt/ros/rolling/lib:/usr/lib/nvidia PATH=/home/nimesha/thesis/ws_moveit/install/moveit_core/bin:/opt/ros/humble/bin:/opt/rti.com/rti_connext_dds-6.0.1/lib/x64Linux4gcc7.3.0:/opt/rti.com/rti_connext_dds-6.0.1/bin:/home/nimesha/ros2_humble/ros2-linux/bin:/opt/ros/rolling/bin:/usr/lib/nvidia:/home/nimesha/anaconda3/condabin:/usr/local/sbin:/usr/local/bin:/usr/sbin:/usr/bin:/sbin:/bin:/usr/games:/usr/local/games:/usr/lib/wsl/lib:/mnt/c/Program Files/WindowsApps/MicrosoftCorporationII.WindowsSubsystemForLinux_2.2.4.0_x64__8wekyb3d8bbwe:/mnt/c/Windows/system32:/mnt/c/Windows:/mnt/c/Windows/System32/Wbem:/mnt/c/Windows/System32/WindowsPowerShell/v1.0/:/mnt/c/Windows/System32/OpenSSH/:/mnt/c/Program Files (x86)/NVIDIA Corporation/PhysX/Common:/mnt/c/Program Files/NVIDIA Corporation/NVIDIA NvDLISR:/mnt/c/Program Files/Git/cmd:/mnt/c/ProgramData/chocolatey/bin:/mnt/c/Program Files/MATLAB/R2024a/bin:/mnt/c/Program Files/dotnet/:/mnt/c/Users/Nimesha/AppData/Local/Programs/Python/Python311/Scripts/:/mnt/c/Users/Nimesha/AppData/Local/Programs/Python/Python311/:/mnt/c/Users/Nimesha/AppData/Local/Microsoft/WindowsApps:/mnt/c/Users/Nimesha/AppData/Local/Programs/Microsoft VS Code/bin:/mnt/c/Program Files/Baretail:/mnt/c/Program Files/Git/usr/bin:/mnt/c/Users/Nimesha/.dotnet/tools:/snap/bin PYTHONPATH=/home/nimesha/thesis/ws_moveit/install/srdfdom/local/lib/python3.10/dist-packages:${PYTHONPATH} /usr/bin/cmake --build /home/nimesha/thesis/ws_moveit/build/moveit_planners_ompl -- -j32 -l32
[32.578s] Invoking command in '/home/nimesha/thesis/ws_moveit/build/moveit_planners_ompl': AMENT_PREFIX_PATH=/home/nimesha/thesis/ws_moveit/install/moveit_ros_planning:/home/nimesha/thesis/ws_moveit/install/moveit_ros_occupancy_map_monitor:/home/nimesha/thesis/ws_moveit/install/moveit_core:/home/nimesha/thesis/ws_moveit/install/moveit_resources_panda_moveit_config:/home/nimesha/thesis/ws_moveit/install/moveit_resources_fanuc_moveit_config:/home/nimesha/thesis/ws_moveit/install/srdfdom:${AMENT_PREFIX_PATH} CMAKE_PREFIX_PATH=/home/nimesha/thesis/ws_moveit/install/moveit_ros_planning:/home/nimesha/thesis/ws_moveit/install/moveit_ros_occupancy_map_monitor:/home/nimesha/thesis/ws_moveit/install/moveit_core:/home/nimesha/thesis/ws_moveit/install/moveit_resources_panda_moveit_config:/home/nimesha/thesis/ws_moveit/install/moveit_resources_fanuc_moveit_config:/home/nimesha/thesis/ws_moveit/install/srdfdom:/home/nimesha/thesis/ws_moveit/install/moveit_resources_pr2_description:/home/nimesha/thesis/ws_moveit/install/moveit_resources_panda_description:/home/nimesha/thesis/ws_moveit/install/moveit_resources_fanuc_description:/home/nimesha/thesis/ws_moveit/install/moveit_common:/home/nimesha/ros2_humble/ros2-linux:/home/nimesha/thesis/ws_moveit/install/robotiq_description:/home/nimesha/thesis/ws_moveit/install/moveit_resources_prbt_support:/opt/ros/humble:/home/nimesha/thesis/ws_moveit/install/moveit_configs_utils:/opt/ros/rolling LD_LIBRARY_PATH=/home/nimesha/thesis/ws_moveit/install/moveit_ros_planning/lib:/home/nimesha/thesis/ws_moveit/install/moveit_ros_occupancy_map_monitor/lib:/home/nimesha/thesis/ws_moveit/install/moveit_core/lib:/home/nimesha/thesis/ws_moveit/install/srdfdom/lib:/opt/ros/humble/lib/x86_64-linux-gnu:/opt/ros/humble/lib:/home/nimesha/ros2_humble/ros2-linux/opt/rviz_ogre_vendor/lib:/opt/rti.com/rti_connext_dds-6.0.1/lib/x64Linux4gcc7.3.0:/opt/rti.com/rti_connext_dds-6.0.1/bin:/home/nimesha/ros2_humble/ros2-linux/lib:/opt/ros/rolling/opt/rviz_ogre_vendor/lib:/opt/ros/rolling/lib/x86_64-linux-gnu:/opt/ros/rolling/lib:/usr/lib/nvidia PATH=/home/nimesha/thesis/ws_moveit/install/moveit_core/bin:/opt/ros/humble/bin:/opt/rti.com/rti_connext_dds-6.0.1/lib/x64Linux4gcc7.3.0:/opt/rti.com/rti_connext_dds-6.0.1/bin:/home/nimesha/ros2_humble/ros2-linux/bin:/opt/ros/rolling/bin:/usr/lib/nvidia:/home/nimesha/anaconda3/condabin:/usr/local/sbin:/usr/local/bin:/usr/sbin:/usr/bin:/sbin:/bin:/usr/games:/usr/local/games:/usr/lib/wsl/lib:/mnt/c/Program Files/WindowsApps/MicrosoftCorporationII.WindowsSubsystemForLinux_2.2.4.0_x64__8wekyb3d8bbwe:/mnt/c/Windows/system32:/mnt/c/Windows:/mnt/c/Windows/System32/Wbem:/mnt/c/Windows/System32/WindowsPowerShell/v1.0/:/mnt/c/Windows/System32/OpenSSH/:/mnt/c/Program Files (x86)/NVIDIA Corporation/PhysX/Common:/mnt/c/Program Files/NVIDIA Corporation/NVIDIA NvDLISR:/mnt/c/Program Files/Git/cmd:/mnt/c/ProgramData/chocolatey/bin:/mnt/c/Program Files/MATLAB/R2024a/bin:/mnt/c/Program Files/dotnet/:/mnt/c/Users/Nimesha/AppData/Local/Programs/Python/Python311/Scripts/:/mnt/c/Users/Nimesha/AppData/Local/Programs/Python/Python311/:/mnt/c/Users/Nimesha/AppData/Local/Microsoft/WindowsApps:/mnt/c/Users/Nimesha/AppData/Local/Programs/Microsoft VS Code/bin:/mnt/c/Program Files/Baretail:/mnt/c/Program Files/Git/usr/bin:/mnt/c/Users/Nimesha/.dotnet/tools:/snap/bin PYTHONPATH=/home/nimesha/thesis/ws_moveit/install/srdfdom/local/lib/python3.10/dist-packages:${PYTHONPATH} /usr/bin/cmake --install /home/nimesha/thesis/ws_moveit/build/moveit_planners_ompl
[32.590s] -- Install configuration: "Release"
[32.590s] -- Installing: /home/nimesha/thesis/ws_moveit/install/moveit_planners_ompl/lib/moveit_planners_ompl/generate_state_database
[32.590s] -- Set runtime path of "/home/nimesha/thesis/ws_moveit/install/moveit_planners_ompl/lib/moveit_planners_ompl/generate_state_database" to ""
[32.590s] -- Installing: /home/nimesha/thesis/ws_moveit/install/moveit_planners_ompl/include
[32.590s] -- Installing: /home/nimesha/thesis/ws_moveit/install/moveit_planners_ompl/include/moveit
[32.590s] -- Installing: /home/nimesha/thesis/ws_moveit/install/moveit_planners_ompl/include/moveit/ompl_interface
[32.590s] -- Installing: /home/nimesha/thesis/ws_moveit/install/moveit_planners_ompl/include/moveit/ompl_interface/planning_context_manager.h
[32.590s] -- Installing: /home/nimesha/thesis/ws_moveit/install/moveit_planners_ompl/include/moveit/ompl_interface/model_based_planning_context.h
[32.590s] -- Installing: /home/nimesha/thesis/ws_moveit/install/moveit_planners_ompl/include/moveit/ompl_interface/ompl_interface.h
[32.590s] -- Installing: /home/nimesha/thesis/ws_moveit/install/moveit_planners_ompl/include/moveit/ompl_interface/parameterization
[32.590s] -- Installing: /home/nimesha/thesis/ws_moveit/install/moveit_planners_ompl/include/moveit/ompl_interface/parameterization/model_based_state_space_factory.h
[32.590s] -- Installing: /home/nimesha/thesis/ws_moveit/install/moveit_planners_ompl/include/moveit/ompl_interface/parameterization/joint_space
[32.590s] -- Installing: /home/nimesha/thesis/ws_moveit/install/moveit_planners_ompl/include/moveit/ompl_interface/parameterization/joint_space/joint_model_state_space_factory.h
[32.590s] -- Installing: /home/nimesha/thesis/ws_moveit/install/moveit_planners_ompl/include/moveit/ompl_interface/parameterization/joint_space/constrained_planning_state_space.h
[32.590s] -- Installing: /home/nimesha/thesis/ws_moveit/install/moveit_planners_ompl/include/moveit/ompl_interface/parameterization/joint_space/joint_model_state_space.h
[32.590s] -- Installing: /home/nimesha/thesis/ws_moveit/install/moveit_planners_ompl/include/moveit/ompl_interface/parameterization/joint_space/constrained_planning_state_space_factory.h
[32.591s] -- Installing: /home/nimesha/thesis/ws_moveit/install/moveit_planners_ompl/include/moveit/ompl_interface/parameterization/work_space
[32.591s] -- Installing: /home/nimesha/thesis/ws_moveit/install/moveit_planners_ompl/include/moveit/ompl_interface/parameterization/work_space/pose_model_state_space_factory.h
[32.591s] -- Installing: /home/nimesha/thesis/ws_moveit/install/moveit_planners_ompl/include/moveit/ompl_interface/parameterization/work_space/pose_model_state_space.h
[32.591s] -- Installing: /home/nimesha/thesis/ws_moveit/install/moveit_planners_ompl/include/moveit/ompl_interface/parameterization/model_based_state_space.h
[32.592s] -- Installing: /home/nimesha/thesis/ws_moveit/install/moveit_planners_ompl/include/moveit/ompl_interface/detail
[32.592s] -- Installing: /home/nimesha/thesis/ws_moveit/install/moveit_planners_ompl/include/moveit/ompl_interface/detail/state_validity_checker.h
[32.592s] -- Installing: /home/nimesha/thesis/ws_moveit/install/moveit_planners_ompl/include/moveit/ompl_interface/detail/constraint_approximations.h
[32.592s] -- Installing: /home/nimesha/thesis/ws_moveit/install/moveit_planners_ompl/include/moveit/ompl_interface/detail/ompl_constraints.h
[32.593s] -- Installing: /home/nimesha/thesis/ws_moveit/install/moveit_planners_ompl/include/moveit/ompl_interface/detail/projection_evaluators.h
[32.593s] -- Installing: /home/nimesha/thesis/ws_moveit/install/moveit_planners_ompl/include/moveit/ompl_interface/detail/constrained_valid_state_sampler.h
[32.594s] -- Installing: /home/nimesha/thesis/ws_moveit/install/moveit_planners_ompl/include/moveit/ompl_interface/detail/constrained_goal_sampler.h
[32.594s] -- Installing: /home/nimesha/thesis/ws_moveit/install/moveit_planners_ompl/include/moveit/ompl_interface/detail/goal_union.h
[32.594s] -- Installing: /home/nimesha/thesis/ws_moveit/install/moveit_planners_ompl/include/moveit/ompl_interface/detail/constrained_sampler.h
[32.594s] -- Installing: /home/nimesha/thesis/ws_moveit/install/moveit_planners_ompl/include/moveit/ompl_interface/detail/threadsafe_state_storage.h
[32.595s] -- Installing: /home/nimesha/thesis/ws_moveit/install/moveit_planners_ompl/include/moveit/ompl_interface/detail/constraints_library.h
[32.595s] -- Installing: /home/nimesha/thesis/ws_moveit/install/moveit_planners_ompl/lib/libmoveit_ompl_interface.so.2.5.5
[32.599s] -- Set runtime path of "/home/nimesha/thesis/ws_moveit/install/moveit_planners_ompl/lib/libmoveit_ompl_interface.so.2.5.5" to ""
[32.599s] -- Installing: /home/nimesha/thesis/ws_moveit/install/moveit_planners_ompl/lib/libmoveit_ompl_interface.so
[32.599s] -- Installing: /home/nimesha/thesis/ws_moveit/install/moveit_planners_ompl/lib/libmoveit_ompl_planner_plugin.so.2.5.5
[32.599s] -- Set runtime path of "/home/nimesha/thesis/ws_moveit/install/moveit_planners_ompl/lib/libmoveit_ompl_planner_plugin.so.2.5.5" to ""
[32.599s] -- Installing: /home/nimesha/thesis/ws_moveit/install/moveit_planners_ompl/lib/libmoveit_ompl_planner_plugin.so
[32.604s] -- Installing: /home/nimesha/thesis/ws_moveit/install/moveit_planners_ompl/share/moveit_planners_ompl/environment/library_path.sh
[32.604s] -- Installing: /home/nimesha/thesis/ws_moveit/install/moveit_planners_ompl/share/moveit_planners_ompl/environment/library_path.dsv
[32.605s] -- Installing: /home/nimesha/thesis/ws_moveit/install/moveit_planners_ompl/share/moveit_planners_ompl/ompl_interface_plugin_description.xml
[32.607s] -- Installing: /home/nimesha/thesis/ws_moveit/install/moveit_planners_ompl/share/ament_index/resource_index/package_run_dependencies/moveit_planners_ompl
[32.608s] -- Installing: /home/nimesha/thesis/ws_moveit/install/moveit_planners_ompl/share/ament_index/resource_index/parent_prefix_path/moveit_planners_ompl
[32.613s] -- Installing: /home/nimesha/thesis/ws_moveit/install/moveit_planners_ompl/share/moveit_planners_ompl/environment/ament_prefix_path.sh
[32.613s] -- Installing: /home/nimesha/thesis/ws_moveit/install/moveit_planners_ompl/share/moveit_planners_ompl/environment/ament_prefix_path.dsv
[32.613s] -- Installing: /home/nimesha/thesis/ws_moveit/install/moveit_planners_ompl/share/moveit_planners_ompl/environment/path.sh
[32.614s] -- Installing: /home/nimesha/thesis/ws_moveit/install/moveit_planners_ompl/share/moveit_planners_ompl/environment/path.dsv
[32.614s] -- Installing: /home/nimesha/thesis/ws_moveit/install/moveit_planners_ompl/share/moveit_planners_ompl/local_setup.bash
[32.615s] -- Installing: /home/nimesha/thesis/ws_moveit/install/moveit_planners_ompl/share/moveit_planners_ompl/local_setup.sh
[32.615s] -- Installing: /home/nimesha/thesis/ws_moveit/install/moveit_planners_ompl/share/moveit_planners_ompl/local_setup.zsh
[32.616s] -- Installing: /home/nimesha/thesis/ws_moveit/install/moveit_planners_ompl/share/moveit_planners_ompl/local_setup.dsv
[32.616s] -- Installing: /home/nimesha/thesis/ws_moveit/install/moveit_planners_ompl/share/moveit_planners_ompl/package.dsv
[32.617s] -- Installing: /home/nimesha/thesis/ws_moveit/install/moveit_planners_ompl/share/ament_index/resource_index/packages/moveit_planners_ompl
[32.617s] -- Installing: /home/nimesha/thesis/ws_moveit/install/moveit_planners_ompl/share/ament_index/resource_index/moveit_core__pluginlib__plugin/moveit_planners_ompl
[32.619s] -- Installing: /home/nimesha/thesis/ws_moveit/install/moveit_planners_ompl/share/moveit_planners_ompl/cmake/export_moveit_planners_omplExport.cmake
[32.619s] -- Installing: /home/nimesha/thesis/ws_moveit/install/moveit_planners_ompl/share/moveit_planners_ompl/cmake/export_moveit_planners_omplExport-release.cmake
[32.620s] -- Installing: /home/nimesha/thesis/ws_moveit/install/moveit_planners_ompl/share/moveit_planners_ompl/cmake/ament_cmake_export_targets-extras.cmake
[32.621s] -- Installing: /home/nimesha/thesis/ws_moveit/install/moveit_planners_ompl/share/moveit_planners_ompl/cmake/ament_cmake_export_dependencies-extras.cmake
[32.622s] -- Installing: /home/nimesha/thesis/ws_moveit/install/moveit_planners_ompl/share/moveit_planners_ompl/cmake/moveit_planners_omplConfig.cmake
[32.622s] -- Installing: /home/nimesha/thesis/ws_moveit/install/moveit_planners_ompl/share/moveit_planners_ompl/cmake/moveit_planners_omplConfig-version.cmake
[32.623s] -- Installing: /home/nimesha/thesis/ws_moveit/install/moveit_planners_ompl/share/moveit_planners_ompl/package.xml
[32.642s] Invoked command in '/home/nimesha/thesis/ws_moveit/build/moveit_planners_ompl' returned '0': AMENT_PREFIX_PATH=/home/nimesha/thesis/ws_moveit/install/moveit_ros_planning:/home/nimesha/thesis/ws_moveit/install/moveit_ros_occupancy_map_monitor:/home/nimesha/thesis/ws_moveit/install/moveit_core:/home/nimesha/thesis/ws_moveit/install/moveit_resources_panda_moveit_config:/home/nimesha/thesis/ws_moveit/install/moveit_resources_fanuc_moveit_config:/home/nimesha/thesis/ws_moveit/install/srdfdom:${AMENT_PREFIX_PATH} CMAKE_PREFIX_PATH=/home/nimesha/thesis/ws_moveit/install/moveit_ros_planning:/home/nimesha/thesis/ws_moveit/install/moveit_ros_occupancy_map_monitor:/home/nimesha/thesis/ws_moveit/install/moveit_core:/home/nimesha/thesis/ws_moveit/install/moveit_resources_panda_moveit_config:/home/nimesha/thesis/ws_moveit/install/moveit_resources_fanuc_moveit_config:/home/nimesha/thesis/ws_moveit/install/srdfdom:/home/nimesha/thesis/ws_moveit/install/moveit_resources_pr2_description:/home/nimesha/thesis/ws_moveit/install/moveit_resources_panda_description:/home/nimesha/thesis/ws_moveit/install/moveit_resources_fanuc_description:/home/nimesha/thesis/ws_moveit/install/moveit_common:/home/nimesha/ros2_humble/ros2-linux:/home/nimesha/thesis/ws_moveit/install/robotiq_description:/home/nimesha/thesis/ws_moveit/install/moveit_resources_prbt_support:/opt/ros/humble:/home/nimesha/thesis/ws_moveit/install/moveit_configs_utils:/opt/ros/rolling LD_LIBRARY_PATH=/home/nimesha/thesis/ws_moveit/install/moveit_ros_planning/lib:/home/nimesha/thesis/ws_moveit/install/moveit_ros_occupancy_map_monitor/lib:/home/nimesha/thesis/ws_moveit/install/moveit_core/lib:/home/nimesha/thesis/ws_moveit/install/srdfdom/lib:/opt/ros/humble/lib/x86_64-linux-gnu:/opt/ros/humble/lib:/home/nimesha/ros2_humble/ros2-linux/opt/rviz_ogre_vendor/lib:/opt/rti.com/rti_connext_dds-6.0.1/lib/x64Linux4gcc7.3.0:/opt/rti.com/rti_connext_dds-6.0.1/bin:/home/nimesha/ros2_humble/ros2-linux/lib:/opt/ros/rolling/opt/rviz_ogre_vendor/lib:/opt/ros/rolling/lib/x86_64-linux-gnu:/opt/ros/rolling/lib:/usr/lib/nvidia PATH=/home/nimesha/thesis/ws_moveit/install/moveit_core/bin:/opt/ros/humble/bin:/opt/rti.com/rti_connext_dds-6.0.1/lib/x64Linux4gcc7.3.0:/opt/rti.com/rti_connext_dds-6.0.1/bin:/home/nimesha/ros2_humble/ros2-linux/bin:/opt/ros/rolling/bin:/usr/lib/nvidia:/home/nimesha/anaconda3/condabin:/usr/local/sbin:/usr/local/bin:/usr/sbin:/usr/bin:/sbin:/bin:/usr/games:/usr/local/games:/usr/lib/wsl/lib:/mnt/c/Program Files/WindowsApps/MicrosoftCorporationII.WindowsSubsystemForLinux_2.2.4.0_x64__8wekyb3d8bbwe:/mnt/c/Windows/system32:/mnt/c/Windows:/mnt/c/Windows/System32/Wbem:/mnt/c/Windows/System32/WindowsPowerShell/v1.0/:/mnt/c/Windows/System32/OpenSSH/:/mnt/c/Program Files (x86)/NVIDIA Corporation/PhysX/Common:/mnt/c/Program Files/NVIDIA Corporation/NVIDIA NvDLISR:/mnt/c/Program Files/Git/cmd:/mnt/c/ProgramData/chocolatey/bin:/mnt/c/Program Files/MATLAB/R2024a/bin:/mnt/c/Program Files/dotnet/:/mnt/c/Users/Nimesha/AppData/Local/Programs/Python/Python311/Scripts/:/mnt/c/Users/Nimesha/AppData/Local/Programs/Python/Python311/:/mnt/c/Users/Nimesha/AppData/Local/Microsoft/WindowsApps:/mnt/c/Users/Nimesha/AppData/Local/Programs/Microsoft VS Code/bin:/mnt/c/Program Files/Baretail:/mnt/c/Program Files/Git/usr/bin:/mnt/c/Users/Nimesha/.dotnet/tools:/snap/bin PYTHONPATH=/home/nimesha/thesis/ws_moveit/install/srdfdom/local/lib/python3.10/dist-packages:${PYTHONPATH} /usr/bin/cmake --install /home/nimesha/thesis/ws_moveit/build/moveit_planners_ompl
