[0.048s] Invoking command in '/home/nimesha/thesis/ws_moveit/build/srdfdom': CMAKE_PREFIX_PATH=${CMAKE_PREFIX_PATH}:/opt/ros/humble:/home/nimesha/thesis/ws_moveit/install/moveit_configs_utils:/opt/ros/rolling /usr/bin/cmake --build /home/nimesha/thesis/ws_moveit/build/srdfdom -- -j32 -l32
[0.211s] [  0%] Built target ament_cmake_python_copy_srdfdom
[0.211s] [ 18%] Built target gtest_main
[0.211s] [ 36%] Built target gtest
[0.211s] [ 63%] Built target srdfdom
[0.211s] [ 81%] Built target test_cpp_C
[0.211s] [100%] Built target test_cpp_nl_NL.UTF-8
[0.314s] running egg_info
[0.315s] writing srdfdom.egg-info/PKG-INFO
[0.315s] writing dependency_links to srdfdom.egg-info/dependency_links.txt
[0.315s] writing top-level names to srdfdom.egg-info/top_level.txt
[0.317s] reading manifest file 'srdfdom.egg-info/SOURCES.txt'
[0.318s] writing manifest file 'srdfdom.egg-info/SOURCES.txt'
[0.339s] [100%] Built target ament_cmake_python_build_srdfdom_egg
[0.362s] Invoked command in '/home/nimesha/thesis/ws_moveit/build/srdfdom' returned '0': CMAKE_PREFIX_PATH=${CMAKE_PREFIX_PATH}:/opt/ros/humble:/home/nimesha/thesis/ws_moveit/install/moveit_configs_utils:/opt/ros/rolling /usr/bin/cmake --build /home/nimesha/thesis/ws_moveit/build/srdfdom -- -j32 -l32
[0.413s] Invoking command in '/home/nimesha/thesis/ws_moveit/build/srdfdom': CMAKE_PREFIX_PATH=${CMAKE_PREFIX_PATH}:/opt/ros/humble:/home/nimesha/thesis/ws_moveit/install/moveit_configs_utils:/opt/ros/rolling /usr/bin/cmake --install /home/nimesha/thesis/ws_moveit/build/srdfdom
[0.418s] -- Install configuration: "Release"
[0.420s] -- Up-to-date: /home/nimesha/thesis/ws_moveit/install/srdfdom/lib/libsrdfdom.so.2.0.4
[0.420s] -- Up-to-date: /home/nimesha/thesis/ws_moveit/install/srdfdom/lib/libsrdfdom.so
[0.420s] -- Up-to-date: /home/nimesha/thesis/ws_moveit/install/srdfdom/include/srdfdom
[0.420s] -- Up-to-date: /home/nimesha/thesis/ws_moveit/install/srdfdom/include/srdfdom/srdf_writer.h
[0.420s] -- Up-to-date: /home/nimesha/thesis/ws_moveit/install/srdfdom/include/srdfdom/model.h
[0.421s] -- Up-to-date: /home/nimesha/thesis/ws_moveit/install/srdfdom/include/srdfdom/visibility_control.h
[0.421s] -- Up-to-date: /home/nimesha/thesis/ws_moveit/install/srdfdom/lib/srdfdom/display_srdf
[0.424s] -- Up-to-date: /home/nimesha/thesis/ws_moveit/install/srdfdom/share/srdfdom/environment/pythonpath.sh
[0.424s] -- Up-to-date: /home/nimesha/thesis/ws_moveit/install/srdfdom/share/srdfdom/environment/pythonpath.dsv
[0.427s] -- Up-to-date: /home/nimesha/thesis/ws_moveit/install/srdfdom/local/lib/python3.10/dist-packages/srdfdom-2.0.4-py3.10.egg-info
[0.427s] -- Installing: /home/nimesha/thesis/ws_moveit/install/srdfdom/local/lib/python3.10/dist-packages/srdfdom-2.0.4-py3.10.egg-info/SOURCES.txt
[0.427s] -- Installing: /home/nimesha/thesis/ws_moveit/install/srdfdom/local/lib/python3.10/dist-packages/srdfdom-2.0.4-py3.10.egg-info/PKG-INFO
[0.427s] -- Installing: /home/nimesha/thesis/ws_moveit/install/srdfdom/local/lib/python3.10/dist-packages/srdfdom-2.0.4-py3.10.egg-info/dependency_links.txt
[0.427s] -- Installing: /home/nimesha/thesis/ws_moveit/install/srdfdom/local/lib/python3.10/dist-packages/srdfdom-2.0.4-py3.10.egg-info/top_level.txt
[0.427s] -- Up-to-date: /home/nimesha/thesis/ws_moveit/install/srdfdom/local/lib/python3.10/dist-packages/srdfdom
[0.427s] -- Up-to-date: /home/nimesha/thesis/ws_moveit/install/srdfdom/local/lib/python3.10/dist-packages/srdfdom/__init__.py
[0.427s] -- Up-to-date: /home/nimesha/thesis/ws_moveit/install/srdfdom/local/lib/python3.10/dist-packages/srdfdom/srdf.py
[0.450s] Listing '/home/nimesha/thesis/ws_moveit/install/srdfdom/local/lib/python3.10/dist-packages/srdfdom'...
[0.452s] -- Up-to-date: /home/nimesha/thesis/ws_moveit/install/srdfdom/share/srdfdom/environment/library_path.sh
[0.452s] -- Up-to-date: /home/nimesha/thesis/ws_moveit/install/srdfdom/share/srdfdom/environment/library_path.dsv
[0.452s] -- Up-to-date: /home/nimesha/thesis/ws_moveit/install/srdfdom/share/ament_index/resource_index/package_run_dependencies/srdfdom
[0.453s] -- Up-to-date: /home/nimesha/thesis/ws_moveit/install/srdfdom/share/ament_index/resource_index/parent_prefix_path/srdfdom
[0.453s] -- Up-to-date: /home/nimesha/thesis/ws_moveit/install/srdfdom/share/srdfdom/environment/ament_prefix_path.sh
[0.453s] -- Up-to-date: /home/nimesha/thesis/ws_moveit/install/srdfdom/share/srdfdom/environment/ament_prefix_path.dsv
[0.453s] -- Up-to-date: /home/nimesha/thesis/ws_moveit/install/srdfdom/share/srdfdom/environment/path.sh
[0.453s] -- Up-to-date: /home/nimesha/thesis/ws_moveit/install/srdfdom/share/srdfdom/environment/path.dsv
[0.453s] -- Up-to-date: /home/nimesha/thesis/ws_moveit/install/srdfdom/share/srdfdom/local_setup.bash
[0.453s] -- Up-to-date: /home/nimesha/thesis/ws_moveit/install/srdfdom/share/srdfdom/local_setup.sh
[0.453s] -- Up-to-date: /home/nimesha/thesis/ws_moveit/install/srdfdom/share/srdfdom/local_setup.zsh
[0.453s] -- Up-to-date: /home/nimesha/thesis/ws_moveit/install/srdfdom/share/srdfdom/local_setup.dsv
[0.453s] -- Installing: /home/nimesha/thesis/ws_moveit/install/srdfdom/share/srdfdom/package.dsv
[0.453s] -- Up-to-date: /home/nimesha/thesis/ws_moveit/install/srdfdom/share/ament_index/resource_index/packages/srdfdom
[0.456s] -- Up-to-date: /home/nimesha/thesis/ws_moveit/install/srdfdom/share/srdfdom/cmake/srdfdomTargetsExport.cmake
[0.456s] -- Up-to-date: /home/nimesha/thesis/ws_moveit/install/srdfdom/share/srdfdom/cmake/srdfdomTargetsExport-release.cmake
[0.456s] -- Up-to-date: /home/nimesha/thesis/ws_moveit/install/srdfdom/share/srdfdom/cmake/ament_cmake_export_targets-extras.cmake
[0.456s] -- Up-to-date: /home/nimesha/thesis/ws_moveit/install/srdfdom/share/srdfdom/cmake/ament_cmake_export_dependencies-extras.cmake
[0.456s] -- Up-to-date: /home/nimesha/thesis/ws_moveit/install/srdfdom/share/srdfdom/cmake/srdfdomConfig.cmake
[0.456s] -- Up-to-date: /home/nimesha/thesis/ws_moveit/install/srdfdom/share/srdfdom/cmake/srdfdomConfig-version.cmake
[0.456s] -- Up-to-date: /home/nimesha/thesis/ws_moveit/install/srdfdom/share/srdfdom/package.xml
[0.462s] Invoked command in '/home/nimesha/thesis/ws_moveit/build/srdfdom' returned '0': CMAKE_PREFIX_PATH=${CMAKE_PREFIX_PATH}:/opt/ros/humble:/home/nimesha/thesis/ws_moveit/install/moveit_configs_utils:/opt/ros/rolling /usr/bin/cmake --install /home/nimesha/thesis/ws_moveit/build/srdfdom
