[0.322s] Invoking command in '/home/nimesha/Thesis/moveit_ur5_v2_ws/build/moveit_task_constructor_msgs': CMAKE_PREFIX_PATH=${CMAKE_PREFIX_PATH}:/home/nimesha/Thesis/moveit_ur5_v2_ws/install/moveit_configs_utils:/home/nimesha/Thesis/moveit_ur5_v2_ws/install/launch_param_builder:/home/nimesha/Thesis/moveit_ur5_v2_ws/src/ws_moveit/install/moveit_configs_utils:/home/nimesha/Thesis/moveit_ur5_v2_ws/src/ws_moveit/install/launch_param_builder:/opt/ros/humble /usr/bin/cmake --build /home/nimesha/Thesis/moveit_ur5_v2_ws/build/moveit_task_constructor_msgs -- -j32 -l32
[0.405s] [ 12%] Built target moveit_task_constructor_msgs__rosidl_generator_c
[0.408s] [ 12%] Built target moveit_task_constructor_msgs__cpp
[0.426s] [ 12%] Built target ament_cmake_python_copy_moveit_task_constructor_msgs
[0.499s] [ 24%] Built target moveit_task_constructor_msgs__rosidl_typesupport_c
[0.504s] [ 36%] Built target moveit_task_constructor_msgs__rosidl_typesupport_cpp
[0.504s] [ 59%] Built target moveit_task_constructor_msgs__rosidl_typesupport_introspection_cpp
[0.505s] [ 60%] Built target moveit_task_constructor_msgs__rosidl_typesupport_fastrtps_c
[0.505s] [ 71%] Built target moveit_task_constructor_msgs__rosidl_typesupport_fastrtps_cpp
[0.505s] [ 83%] Built target moveit_task_constructor_msgs__rosidl_typesupport_introspection_c
[0.505s] [ 83%] Built target moveit_task_constructor_msgs
[0.517s] [ 84%] Built target moveit_task_constructor_msgs__py
[0.553s] [ 95%] Built target moveit_task_constructor_msgs__rosidl_generator_py
[0.588s] [ 97%] Built target moveit_task_constructor_msgs__rosidl_typesupport_fastrtps_c__pyext
[0.590s] [ 99%] Built target moveit_task_constructor_msgs__rosidl_typesupport_introspection_c__pyext
[0.591s] [100%] Built target moveit_task_constructor_msgs__rosidl_typesupport_c__pyext
[0.674s] running egg_info
[0.674s] writing moveit_task_constructor_msgs.egg-info/PKG-INFO
[0.674s] writing dependency_links to moveit_task_constructor_msgs.egg-info/dependency_links.txt
[0.674s] writing top-level names to moveit_task_constructor_msgs.egg-info/top_level.txt
[0.674s] reading manifest file 'moveit_task_constructor_msgs.egg-info/SOURCES.txt'
[0.675s] writing manifest file 'moveit_task_constructor_msgs.egg-info/SOURCES.txt'
[0.698s] [100%] Built target ament_cmake_python_build_moveit_task_constructor_msgs_egg
[0.711s] Invoked command in '/home/nimesha/Thesis/moveit_ur5_v2_ws/build/moveit_task_constructor_msgs' returned '0': CMAKE_PREFIX_PATH=${CMAKE_PREFIX_PATH}:/home/nimesha/Thesis/moveit_ur5_v2_ws/install/moveit_configs_utils:/home/nimesha/Thesis/moveit_ur5_v2_ws/install/launch_param_builder:/home/nimesha/Thesis/moveit_ur5_v2_ws/src/ws_moveit/install/moveit_configs_utils:/home/nimesha/Thesis/moveit_ur5_v2_ws/src/ws_moveit/install/launch_param_builder:/opt/ros/humble /usr/bin/cmake --build /home/nimesha/Thesis/moveit_ur5_v2_ws/build/moveit_task_constructor_msgs -- -j32 -l32
[1.540s] Invoking command in '/home/nimesha/Thesis/moveit_ur5_v2_ws/build/moveit_task_constructor_msgs': CMAKE_PREFIX_PATH=${CMAKE_PREFIX_PATH}:/home/nimesha/Thesis/moveit_ur5_v2_ws/install/moveit_configs_utils:/home/nimesha/Thesis/moveit_ur5_v2_ws/install/launch_param_builder:/home/nimesha/Thesis/moveit_ur5_v2_ws/src/ws_moveit/install/moveit_configs_utils:/home/nimesha/Thesis/moveit_ur5_v2_ws/src/ws_moveit/install/launch_param_builder:/opt/ros/humble /usr/bin/cmake --install /home/nimesha/Thesis/moveit_ur5_v2_ws/build/moveit_task_constructor_msgs
[1.548s] -- Install configuration: ""
[1.548s] -- Up-to-date: /home/nimesha/Thesis/moveit_ur5_v2_ws/install/moveit_task_constructor_msgs/share/ament_index/resource_index/rosidl_interfaces/moveit_task_constructor_msgs
[1.548s] -- Up-to-date: /home/nimesha/Thesis/moveit_ur5_v2_ws/install/moveit_task_constructor_msgs/include/moveit_task_constructor_msgs/moveit_task_constructor_msgs
[1.548s] -- Up-to-date: /home/nimesha/Thesis/moveit_ur5_v2_ws/install/moveit_task_constructor_msgs/include/moveit_task_constructor_msgs/moveit_task_constructor_msgs/action
[1.548s] -- Up-to-date: /home/nimesha/Thesis/moveit_ur5_v2_ws/install/moveit_task_constructor_msgs/include/moveit_task_constructor_msgs/moveit_task_constructor_msgs/action/execute_task_solution.h
[1.548s] -- Up-to-date: /home/nimesha/Thesis/moveit_ur5_v2_ws/install/moveit_task_constructor_msgs/include/moveit_task_constructor_msgs/moveit_task_constructor_msgs/action/detail
[1.548s] -- Up-to-date: /home/nimesha/Thesis/moveit_ur5_v2_ws/install/moveit_task_constructor_msgs/include/moveit_task_constructor_msgs/moveit_task_constructor_msgs/action/detail/execute_task_solution__functions.c
[1.549s] -- Up-to-date: /home/nimesha/Thesis/moveit_ur5_v2_ws/install/moveit_task_constructor_msgs/include/moveit_task_constructor_msgs/moveit_task_constructor_msgs/action/detail/execute_task_solution__functions.h
[1.549s] -- Up-to-date: /home/nimesha/Thesis/moveit_ur5_v2_ws/install/moveit_task_constructor_msgs/include/moveit_task_constructor_msgs/moveit_task_constructor_msgs/action/detail/execute_task_solution__struct.h
[1.549s] -- Up-to-date: /home/nimesha/Thesis/moveit_ur5_v2_ws/install/moveit_task_constructor_msgs/include/moveit_task_constructor_msgs/moveit_task_constructor_msgs/action/detail/execute_task_solution__type_support.h
[1.549s] -- Up-to-date: /home/nimesha/Thesis/moveit_ur5_v2_ws/install/moveit_task_constructor_msgs/include/moveit_task_constructor_msgs/moveit_task_constructor_msgs/srv
[1.549s] -- Up-to-date: /home/nimesha/Thesis/moveit_ur5_v2_ws/install/moveit_task_constructor_msgs/include/moveit_task_constructor_msgs/moveit_task_constructor_msgs/srv/get_solution.h
[1.549s] -- Up-to-date: /home/nimesha/Thesis/moveit_ur5_v2_ws/install/moveit_task_constructor_msgs/include/moveit_task_constructor_msgs/moveit_task_constructor_msgs/srv/detail
[1.549s] -- Up-to-date: /home/nimesha/Thesis/moveit_ur5_v2_ws/install/moveit_task_constructor_msgs/include/moveit_task_constructor_msgs/moveit_task_constructor_msgs/srv/detail/get_solution__struct.h
[1.549s] -- Up-to-date: /home/nimesha/Thesis/moveit_ur5_v2_ws/install/moveit_task_constructor_msgs/include/moveit_task_constructor_msgs/moveit_task_constructor_msgs/srv/detail/get_solution__functions.c
[1.550s] -- Up-to-date: /home/nimesha/Thesis/moveit_ur5_v2_ws/install/moveit_task_constructor_msgs/include/moveit_task_constructor_msgs/moveit_task_constructor_msgs/srv/detail/get_solution__type_support.h
[1.550s] -- Up-to-date: /home/nimesha/Thesis/moveit_ur5_v2_ws/install/moveit_task_constructor_msgs/include/moveit_task_constructor_msgs/moveit_task_constructor_msgs/srv/detail/get_solution__functions.h
[1.550s] -- Up-to-date: /home/nimesha/Thesis/moveit_ur5_v2_ws/install/moveit_task_constructor_msgs/include/moveit_task_constructor_msgs/moveit_task_constructor_msgs/msg
[1.550s] -- Up-to-date: /home/nimesha/Thesis/moveit_ur5_v2_ws/install/moveit_task_constructor_msgs/include/moveit_task_constructor_msgs/moveit_task_constructor_msgs/msg/trajectory_execution_info.h
[1.550s] -- Up-to-date: /home/nimesha/Thesis/moveit_ur5_v2_ws/install/moveit_task_constructor_msgs/include/moveit_task_constructor_msgs/moveit_task_constructor_msgs/msg/task_description.h
[1.550s] -- Up-to-date: /home/nimesha/Thesis/moveit_ur5_v2_ws/install/moveit_task_constructor_msgs/include/moveit_task_constructor_msgs/moveit_task_constructor_msgs/msg/sub_trajectory.h
[1.550s] -- Up-to-date: /home/nimesha/Thesis/moveit_ur5_v2_ws/install/moveit_task_constructor_msgs/include/moveit_task_constructor_msgs/moveit_task_constructor_msgs/msg/stage_description.h
[1.550s] -- Up-to-date: /home/nimesha/Thesis/moveit_ur5_v2_ws/install/moveit_task_constructor_msgs/include/moveit_task_constructor_msgs/moveit_task_constructor_msgs/msg/solution.h
[1.550s] -- Up-to-date: /home/nimesha/Thesis/moveit_ur5_v2_ws/install/moveit_task_constructor_msgs/include/moveit_task_constructor_msgs/moveit_task_constructor_msgs/msg/solution_info.h
[1.550s] -- Up-to-date: /home/nimesha/Thesis/moveit_ur5_v2_ws/install/moveit_task_constructor_msgs/include/moveit_task_constructor_msgs/moveit_task_constructor_msgs/msg/sub_solution.h
[1.550s] -- Up-to-date: /home/nimesha/Thesis/moveit_ur5_v2_ws/install/moveit_task_constructor_msgs/include/moveit_task_constructor_msgs/moveit_task_constructor_msgs/msg/property.h
[1.550s] -- Up-to-date: /home/nimesha/Thesis/moveit_ur5_v2_ws/install/moveit_task_constructor_msgs/include/moveit_task_constructor_msgs/moveit_task_constructor_msgs/msg/stage_statistics.h
[1.550s] -- Up-to-date: /home/nimesha/Thesis/moveit_ur5_v2_ws/install/moveit_task_constructor_msgs/include/moveit_task_constructor_msgs/moveit_task_constructor_msgs/msg/task_statistics.h
[1.551s] -- Up-to-date: /home/nimesha/Thesis/moveit_ur5_v2_ws/install/moveit_task_constructor_msgs/include/moveit_task_constructor_msgs/moveit_task_constructor_msgs/msg/rosidl_generator_c__visibility_control.h
[1.551s] -- Up-to-date: /home/nimesha/Thesis/moveit_ur5_v2_ws/install/moveit_task_constructor_msgs/include/moveit_task_constructor_msgs/moveit_task_constructor_msgs/msg/detail
[1.551s] -- Up-to-date: /home/nimesha/Thesis/moveit_ur5_v2_ws/install/moveit_task_constructor_msgs/include/moveit_task_constructor_msgs/moveit_task_constructor_msgs/msg/detail/task_statistics__struct.h
[1.551s] -- Up-to-date: /home/nimesha/Thesis/moveit_ur5_v2_ws/install/moveit_task_constructor_msgs/include/moveit_task_constructor_msgs/moveit_task_constructor_msgs/msg/detail/stage_statistics__functions.h
[1.551s] -- Up-to-date: /home/nimesha/Thesis/moveit_ur5_v2_ws/install/moveit_task_constructor_msgs/include/moveit_task_constructor_msgs/moveit_task_constructor_msgs/msg/detail/sub_solution__type_support.h
[1.551s] -- Up-to-date: /home/nimesha/Thesis/moveit_ur5_v2_ws/install/moveit_task_constructor_msgs/include/moveit_task_constructor_msgs/moveit_task_constructor_msgs/msg/detail/task_description__type_support.h
[1.551s] -- Up-to-date: /home/nimesha/Thesis/moveit_ur5_v2_ws/install/moveit_task_constructor_msgs/include/moveit_task_constructor_msgs/moveit_task_constructor_msgs/msg/detail/sub_trajectory__type_support.h
[1.551s] -- Up-to-date: /home/nimesha/Thesis/moveit_ur5_v2_ws/install/moveit_task_constructor_msgs/include/moveit_task_constructor_msgs/moveit_task_constructor_msgs/msg/detail/stage_statistics__functions.c
[1.551s] -- Up-to-date: /home/nimesha/Thesis/moveit_ur5_v2_ws/install/moveit_task_constructor_msgs/include/moveit_task_constructor_msgs/moveit_task_constructor_msgs/msg/detail/task_description__functions.c
[1.551s] -- Up-to-date: /home/nimesha/Thesis/moveit_ur5_v2_ws/install/moveit_task_constructor_msgs/include/moveit_task_constructor_msgs/moveit_task_constructor_msgs/msg/detail/solution_info__struct.h
[1.552s] -- Up-to-date: /home/nimesha/Thesis/moveit_ur5_v2_ws/install/moveit_task_constructor_msgs/include/moveit_task_constructor_msgs/moveit_task_constructor_msgs/msg/detail/solution_info__functions.c
[1.552s] -- Up-to-date: /home/nimesha/Thesis/moveit_ur5_v2_ws/install/moveit_task_constructor_msgs/include/moveit_task_constructor_msgs/moveit_task_constructor_msgs/msg/detail/property__functions.h
[1.552s] -- Up-to-date: /home/nimesha/Thesis/moveit_ur5_v2_ws/install/moveit_task_constructor_msgs/include/moveit_task_constructor_msgs/moveit_task_constructor_msgs/msg/detail/stage_statistics__struct.h
[1.552s] -- Up-to-date: /home/nimesha/Thesis/moveit_ur5_v2_ws/install/moveit_task_constructor_msgs/include/moveit_task_constructor_msgs/moveit_task_constructor_msgs/msg/detail/stage_description__struct.h
[1.552s] -- Up-to-date: /home/nimesha/Thesis/moveit_ur5_v2_ws/install/moveit_task_constructor_msgs/include/moveit_task_constructor_msgs/moveit_task_constructor_msgs/msg/detail/sub_trajectory__struct.h
[1.552s] -- Up-to-date: /home/nimesha/Thesis/moveit_ur5_v2_ws/install/moveit_task_constructor_msgs/include/moveit_task_constructor_msgs/moveit_task_constructor_msgs/msg/detail/trajectory_execution_info__struct.h
[1.552s] -- Up-to-date: /home/nimesha/Thesis/moveit_ur5_v2_ws/install/moveit_task_constructor_msgs/include/moveit_task_constructor_msgs/moveit_task_constructor_msgs/msg/detail/sub_solution__functions.h
[1.552s] -- Up-to-date: /home/nimesha/Thesis/moveit_ur5_v2_ws/install/moveit_task_constructor_msgs/include/moveit_task_constructor_msgs/moveit_task_constructor_msgs/msg/detail/solution__functions.c
[1.552s] -- Up-to-date: /home/nimesha/Thesis/moveit_ur5_v2_ws/install/moveit_task_constructor_msgs/include/moveit_task_constructor_msgs/moveit_task_constructor_msgs/msg/detail/task_description__struct.h
[1.552s] -- Up-to-date: /home/nimesha/Thesis/moveit_ur5_v2_ws/install/moveit_task_constructor_msgs/include/moveit_task_constructor_msgs/moveit_task_constructor_msgs/msg/detail/task_statistics__type_support.h
[1.552s] -- Up-to-date: /home/nimesha/Thesis/moveit_ur5_v2_ws/install/moveit_task_constructor_msgs/include/moveit_task_constructor_msgs/moveit_task_constructor_msgs/msg/detail/solution_info__type_support.h
[1.552s] -- Up-to-date: /home/nimesha/Thesis/moveit_ur5_v2_ws/install/moveit_task_constructor_msgs/include/moveit_task_constructor_msgs/moveit_task_constructor_msgs/msg/detail/solution__functions.h
[1.552s] -- Up-to-date: /home/nimesha/Thesis/moveit_ur5_v2_ws/install/moveit_task_constructor_msgs/include/moveit_task_constructor_msgs/moveit_task_constructor_msgs/msg/detail/property__struct.h
[1.552s] -- Up-to-date: /home/nimesha/Thesis/moveit_ur5_v2_ws/install/moveit_task_constructor_msgs/include/moveit_task_constructor_msgs/moveit_task_constructor_msgs/msg/detail/sub_solution__struct.h
[1.552s] -- Up-to-date: /home/nimesha/Thesis/moveit_ur5_v2_ws/install/moveit_task_constructor_msgs/include/moveit_task_constructor_msgs/moveit_task_constructor_msgs/msg/detail/task_statistics__functions.h
[1.552s] -- Up-to-date: /home/nimesha/Thesis/moveit_ur5_v2_ws/install/moveit_task_constructor_msgs/include/moveit_task_constructor_msgs/moveit_task_constructor_msgs/msg/detail/trajectory_execution_info__type_support.h
[1.552s] -- Up-to-date: /home/nimesha/Thesis/moveit_ur5_v2_ws/install/moveit_task_constructor_msgs/include/moveit_task_constructor_msgs/moveit_task_constructor_msgs/msg/detail/stage_statistics__type_support.h
[1.553s] -- Up-to-date: /home/nimesha/Thesis/moveit_ur5_v2_ws/install/moveit_task_constructor_msgs/include/moveit_task_constructor_msgs/moveit_task_constructor_msgs/msg/detail/sub_trajectory__functions.h
[1.553s] -- Up-to-date: /home/nimesha/Thesis/moveit_ur5_v2_ws/install/moveit_task_constructor_msgs/include/moveit_task_constructor_msgs/moveit_task_constructor_msgs/msg/detail/solution__struct.h
[1.553s] -- Up-to-date: /home/nimesha/Thesis/moveit_ur5_v2_ws/install/moveit_task_constructor_msgs/include/moveit_task_constructor_msgs/moveit_task_constructor_msgs/msg/detail/task_statistics__functions.c
[1.553s] -- Up-to-date: /home/nimesha/Thesis/moveit_ur5_v2_ws/install/moveit_task_constructor_msgs/include/moveit_task_constructor_msgs/moveit_task_constructor_msgs/msg/detail/trajectory_execution_info__functions.h
[1.553s] -- Up-to-date: /home/nimesha/Thesis/moveit_ur5_v2_ws/install/moveit_task_constructor_msgs/include/moveit_task_constructor_msgs/moveit_task_constructor_msgs/msg/detail/sub_trajectory__functions.c
[1.553s] -- Up-to-date: /home/nimesha/Thesis/moveit_ur5_v2_ws/install/moveit_task_constructor_msgs/include/moveit_task_constructor_msgs/moveit_task_constructor_msgs/msg/detail/sub_solution__functions.c
[1.553s] -- Up-to-date: /home/nimesha/Thesis/moveit_ur5_v2_ws/install/moveit_task_constructor_msgs/include/moveit_task_constructor_msgs/moveit_task_constructor_msgs/msg/detail/property__type_support.h
[1.553s] -- Up-to-date: /home/nimesha/Thesis/moveit_ur5_v2_ws/install/moveit_task_constructor_msgs/include/moveit_task_constructor_msgs/moveit_task_constructor_msgs/msg/detail/stage_description__functions.c
[1.553s] -- Up-to-date: /home/nimesha/Thesis/moveit_ur5_v2_ws/install/moveit_task_constructor_msgs/include/moveit_task_constructor_msgs/moveit_task_constructor_msgs/msg/detail/stage_description__type_support.h
[1.553s] -- Up-to-date: /home/nimesha/Thesis/moveit_ur5_v2_ws/install/moveit_task_constructor_msgs/include/moveit_task_constructor_msgs/moveit_task_constructor_msgs/msg/detail/solution_info__functions.h
[1.553s] -- Up-to-date: /home/nimesha/Thesis/moveit_ur5_v2_ws/install/moveit_task_constructor_msgs/include/moveit_task_constructor_msgs/moveit_task_constructor_msgs/msg/detail/task_description__functions.h
[1.553s] -- Up-to-date: /home/nimesha/Thesis/moveit_ur5_v2_ws/install/moveit_task_constructor_msgs/include/moveit_task_constructor_msgs/moveit_task_constructor_msgs/msg/detail/solution__type_support.h
[1.553s] -- Up-to-date: /home/nimesha/Thesis/moveit_ur5_v2_ws/install/moveit_task_constructor_msgs/include/moveit_task_constructor_msgs/moveit_task_constructor_msgs/msg/detail/property__functions.c
[1.553s] -- Up-to-date: /home/nimesha/Thesis/moveit_ur5_v2_ws/install/moveit_task_constructor_msgs/include/moveit_task_constructor_msgs/moveit_task_constructor_msgs/msg/detail/trajectory_execution_info__functions.c
[1.554s] -- Up-to-date: /home/nimesha/Thesis/moveit_ur5_v2_ws/install/moveit_task_constructor_msgs/include/moveit_task_constructor_msgs/moveit_task_constructor_msgs/msg/detail/stage_description__functions.h
[1.554s] -- Up-to-date: /home/nimesha/Thesis/moveit_ur5_v2_ws/install/moveit_task_constructor_msgs/share/moveit_task_constructor_msgs/environment/library_path.sh
[1.554s] -- Up-to-date: /home/nimesha/Thesis/moveit_ur5_v2_ws/install/moveit_task_constructor_msgs/share/moveit_task_constructor_msgs/environment/library_path.dsv
[1.554s] -- Up-to-date: /home/nimesha/Thesis/moveit_ur5_v2_ws/install/moveit_task_constructor_msgs/lib/libmoveit_task_constructor_msgs__rosidl_generator_c.so
[1.554s] -- Up-to-date: /home/nimesha/Thesis/moveit_ur5_v2_ws/install/moveit_task_constructor_msgs/include/moveit_task_constructor_msgs/moveit_task_constructor_msgs
[1.554s] -- Up-to-date: /home/nimesha/Thesis/moveit_ur5_v2_ws/install/moveit_task_constructor_msgs/include/moveit_task_constructor_msgs/moveit_task_constructor_msgs/action
[1.554s] -- Up-to-date: /home/nimesha/Thesis/moveit_ur5_v2_ws/install/moveit_task_constructor_msgs/include/moveit_task_constructor_msgs/moveit_task_constructor_msgs/action/detail
[1.554s] -- Up-to-date: /home/nimesha/Thesis/moveit_ur5_v2_ws/install/moveit_task_constructor_msgs/include/moveit_task_constructor_msgs/moveit_task_constructor_msgs/action/detail/execute_task_solution__rosidl_typesupport_fastrtps_c.h
[1.554s] -- Up-to-date: /home/nimesha/Thesis/moveit_ur5_v2_ws/install/moveit_task_constructor_msgs/include/moveit_task_constructor_msgs/moveit_task_constructor_msgs/srv
[1.554s] -- Up-to-date: /home/nimesha/Thesis/moveit_ur5_v2_ws/install/moveit_task_constructor_msgs/include/moveit_task_constructor_msgs/moveit_task_constructor_msgs/srv/detail
[1.554s] -- Up-to-date: /home/nimesha/Thesis/moveit_ur5_v2_ws/install/moveit_task_constructor_msgs/include/moveit_task_constructor_msgs/moveit_task_constructor_msgs/srv/detail/get_solution__rosidl_typesupport_fastrtps_c.h
[1.554s] -- Up-to-date: /home/nimesha/Thesis/moveit_ur5_v2_ws/install/moveit_task_constructor_msgs/include/moveit_task_constructor_msgs/moveit_task_constructor_msgs/msg
[1.554s] -- Up-to-date: /home/nimesha/Thesis/moveit_ur5_v2_ws/install/moveit_task_constructor_msgs/include/moveit_task_constructor_msgs/moveit_task_constructor_msgs/msg/rosidl_typesupport_fastrtps_c__visibility_control.h
[1.554s] -- Up-to-date: /home/nimesha/Thesis/moveit_ur5_v2_ws/install/moveit_task_constructor_msgs/include/moveit_task_constructor_msgs/moveit_task_constructor_msgs/msg/detail
[1.554s] -- Up-to-date: /home/nimesha/Thesis/moveit_ur5_v2_ws/install/moveit_task_constructor_msgs/include/moveit_task_constructor_msgs/moveit_task_constructor_msgs/msg/detail/task_description__rosidl_typesupport_fastrtps_c.h
[1.554s] -- Up-to-date: /home/nimesha/Thesis/moveit_ur5_v2_ws/install/moveit_task_constructor_msgs/include/moveit_task_constructor_msgs/moveit_task_constructor_msgs/msg/detail/trajectory_execution_info__rosidl_typesupport_fastrtps_c.h
[1.554s] -- Up-to-date: /home/nimesha/Thesis/moveit_ur5_v2_ws/install/moveit_task_constructor_msgs/include/moveit_task_constructor_msgs/moveit_task_constructor_msgs/msg/detail/stage_description__rosidl_typesupport_fastrtps_c.h
[1.554s] -- Up-to-date: /home/nimesha/Thesis/moveit_ur5_v2_ws/install/moveit_task_constructor_msgs/include/moveit_task_constructor_msgs/moveit_task_constructor_msgs/msg/detail/task_statistics__rosidl_typesupport_fastrtps_c.h
[1.554s] -- Up-to-date: /home/nimesha/Thesis/moveit_ur5_v2_ws/install/moveit_task_constructor_msgs/include/moveit_task_constructor_msgs/moveit_task_constructor_msgs/msg/detail/sub_solution__rosidl_typesupport_fastrtps_c.h
[1.554s] -- Up-to-date: /home/nimesha/Thesis/moveit_ur5_v2_ws/install/moveit_task_constructor_msgs/include/moveit_task_constructor_msgs/moveit_task_constructor_msgs/msg/detail/sub_trajectory__rosidl_typesupport_fastrtps_c.h
[1.554s] -- Up-to-date: /home/nimesha/Thesis/moveit_ur5_v2_ws/install/moveit_task_constructor_msgs/include/moveit_task_constructor_msgs/moveit_task_constructor_msgs/msg/detail/solution__rosidl_typesupport_fastrtps_c.h
[1.554s] -- Up-to-date: /home/nimesha/Thesis/moveit_ur5_v2_ws/install/moveit_task_constructor_msgs/include/moveit_task_constructor_msgs/moveit_task_constructor_msgs/msg/detail/property__rosidl_typesupport_fastrtps_c.h
[1.555s] -- Up-to-date: /home/nimesha/Thesis/moveit_ur5_v2_ws/install/moveit_task_constructor_msgs/include/moveit_task_constructor_msgs/moveit_task_constructor_msgs/msg/detail/stage_statistics__rosidl_typesupport_fastrtps_c.h
[1.555s] -- Up-to-date: /home/nimesha/Thesis/moveit_ur5_v2_ws/install/moveit_task_constructor_msgs/include/moveit_task_constructor_msgs/moveit_task_constructor_msgs/msg/detail/solution_info__rosidl_typesupport_fastrtps_c.h
[1.555s] -- Up-to-date: /home/nimesha/Thesis/moveit_ur5_v2_ws/install/moveit_task_constructor_msgs/lib/libmoveit_task_constructor_msgs__rosidl_typesupport_fastrtps_c.so
[1.555s] -- Up-to-date: /home/nimesha/Thesis/moveit_ur5_v2_ws/install/moveit_task_constructor_msgs/include/moveit_task_constructor_msgs/moveit_task_constructor_msgs
[1.555s] -- Up-to-date: /home/nimesha/Thesis/moveit_ur5_v2_ws/install/moveit_task_constructor_msgs/include/moveit_task_constructor_msgs/moveit_task_constructor_msgs/action
[1.555s] -- Up-to-date: /home/nimesha/Thesis/moveit_ur5_v2_ws/install/moveit_task_constructor_msgs/include/moveit_task_constructor_msgs/moveit_task_constructor_msgs/action/execute_task_solution.hpp
[1.555s] -- Up-to-date: /home/nimesha/Thesis/moveit_ur5_v2_ws/install/moveit_task_constructor_msgs/include/moveit_task_constructor_msgs/moveit_task_constructor_msgs/action/detail
[1.555s] -- Up-to-date: /home/nimesha/Thesis/moveit_ur5_v2_ws/install/moveit_task_constructor_msgs/include/moveit_task_constructor_msgs/moveit_task_constructor_msgs/action/detail/execute_task_solution__struct.hpp
[1.555s] -- Up-to-date: /home/nimesha/Thesis/moveit_ur5_v2_ws/install/moveit_task_constructor_msgs/include/moveit_task_constructor_msgs/moveit_task_constructor_msgs/action/detail/execute_task_solution__traits.hpp
[1.555s] -- Up-to-date: /home/nimesha/Thesis/moveit_ur5_v2_ws/install/moveit_task_constructor_msgs/include/moveit_task_constructor_msgs/moveit_task_constructor_msgs/action/detail/execute_task_solution__builder.hpp
[1.555s] -- Up-to-date: /home/nimesha/Thesis/moveit_ur5_v2_ws/install/moveit_task_constructor_msgs/include/moveit_task_constructor_msgs/moveit_task_constructor_msgs/srv
[1.555s] -- Up-to-date: /home/nimesha/Thesis/moveit_ur5_v2_ws/install/moveit_task_constructor_msgs/include/moveit_task_constructor_msgs/moveit_task_constructor_msgs/srv/get_solution.hpp
[1.555s] -- Up-to-date: /home/nimesha/Thesis/moveit_ur5_v2_ws/install/moveit_task_constructor_msgs/include/moveit_task_constructor_msgs/moveit_task_constructor_msgs/srv/detail
[1.555s] -- Up-to-date: /home/nimesha/Thesis/moveit_ur5_v2_ws/install/moveit_task_constructor_msgs/include/moveit_task_constructor_msgs/moveit_task_constructor_msgs/srv/detail/get_solution__builder.hpp
[1.555s] -- Up-to-date: /home/nimesha/Thesis/moveit_ur5_v2_ws/install/moveit_task_constructor_msgs/include/moveit_task_constructor_msgs/moveit_task_constructor_msgs/srv/detail/get_solution__traits.hpp
[1.555s] -- Up-to-date: /home/nimesha/Thesis/moveit_ur5_v2_ws/install/moveit_task_constructor_msgs/include/moveit_task_constructor_msgs/moveit_task_constructor_msgs/srv/detail/get_solution__struct.hpp
[1.555s] -- Up-to-date: /home/nimesha/Thesis/moveit_ur5_v2_ws/install/moveit_task_constructor_msgs/include/moveit_task_constructor_msgs/moveit_task_constructor_msgs/msg
[1.555s] -- Up-to-date: /home/nimesha/Thesis/moveit_ur5_v2_ws/install/moveit_task_constructor_msgs/include/moveit_task_constructor_msgs/moveit_task_constructor_msgs/msg/solution_info.hpp
[1.555s] -- Up-to-date: /home/nimesha/Thesis/moveit_ur5_v2_ws/install/moveit_task_constructor_msgs/include/moveit_task_constructor_msgs/moveit_task_constructor_msgs/msg/stage_statistics.hpp
[1.555s] -- Up-to-date: /home/nimesha/Thesis/moveit_ur5_v2_ws/install/moveit_task_constructor_msgs/include/moveit_task_constructor_msgs/moveit_task_constructor_msgs/msg/task_statistics.hpp
[1.555s] -- Up-to-date: /home/nimesha/Thesis/moveit_ur5_v2_ws/install/moveit_task_constructor_msgs/include/moveit_task_constructor_msgs/moveit_task_constructor_msgs/msg/task_description.hpp
[1.555s] -- Up-to-date: /home/nimesha/Thesis/moveit_ur5_v2_ws/install/moveit_task_constructor_msgs/include/moveit_task_constructor_msgs/moveit_task_constructor_msgs/msg/trajectory_execution_info.hpp
[1.555s] -- Up-to-date: /home/nimesha/Thesis/moveit_ur5_v2_ws/install/moveit_task_constructor_msgs/include/moveit_task_constructor_msgs/moveit_task_constructor_msgs/msg/solution.hpp
[1.555s] -- Up-to-date: /home/nimesha/Thesis/moveit_ur5_v2_ws/install/moveit_task_constructor_msgs/include/moveit_task_constructor_msgs/moveit_task_constructor_msgs/msg/sub_solution.hpp
[1.555s] -- Up-to-date: /home/nimesha/Thesis/moveit_ur5_v2_ws/install/moveit_task_constructor_msgs/include/moveit_task_constructor_msgs/moveit_task_constructor_msgs/msg/stage_description.hpp
[1.555s] -- Up-to-date: /home/nimesha/Thesis/moveit_ur5_v2_ws/install/moveit_task_constructor_msgs/include/moveit_task_constructor_msgs/moveit_task_constructor_msgs/msg/property.hpp
[1.555s] -- Up-to-date: /home/nimesha/Thesis/moveit_ur5_v2_ws/install/moveit_task_constructor_msgs/include/moveit_task_constructor_msgs/moveit_task_constructor_msgs/msg/sub_trajectory.hpp
[1.555s] -- Up-to-date: /home/nimesha/Thesis/moveit_ur5_v2_ws/install/moveit_task_constructor_msgs/include/moveit_task_constructor_msgs/moveit_task_constructor_msgs/msg/detail
[1.555s] -- Up-to-date: /home/nimesha/Thesis/moveit_ur5_v2_ws/install/moveit_task_constructor_msgs/include/moveit_task_constructor_msgs/moveit_task_constructor_msgs/msg/detail/property__traits.hpp
[1.556s] -- Up-to-date: /home/nimesha/Thesis/moveit_ur5_v2_ws/install/moveit_task_constructor_msgs/include/moveit_task_constructor_msgs/moveit_task_constructor_msgs/msg/detail/task_description__traits.hpp
[1.556s] -- Up-to-date: /home/nimesha/Thesis/moveit_ur5_v2_ws/install/moveit_task_constructor_msgs/include/moveit_task_constructor_msgs/moveit_task_constructor_msgs/msg/detail/sub_solution__traits.hpp
[1.556s] -- Up-to-date: /home/nimesha/Thesis/moveit_ur5_v2_ws/install/moveit_task_constructor_msgs/include/moveit_task_constructor_msgs/moveit_task_constructor_msgs/msg/detail/sub_trajectory__traits.hpp
[1.556s] -- Up-to-date: /home/nimesha/Thesis/moveit_ur5_v2_ws/install/moveit_task_constructor_msgs/include/moveit_task_constructor_msgs/moveit_task_constructor_msgs/msg/detail/task_statistics__struct.hpp
[1.556s] -- Up-to-date: /home/nimesha/Thesis/moveit_ur5_v2_ws/install/moveit_task_constructor_msgs/include/moveit_task_constructor_msgs/moveit_task_constructor_msgs/msg/detail/solution_info__builder.hpp
[1.556s] -- Up-to-date: /home/nimesha/Thesis/moveit_ur5_v2_ws/install/moveit_task_constructor_msgs/include/moveit_task_constructor_msgs/moveit_task_constructor_msgs/msg/detail/property__struct.hpp
[1.556s] -- Up-to-date: /home/nimesha/Thesis/moveit_ur5_v2_ws/install/moveit_task_constructor_msgs/include/moveit_task_constructor_msgs/moveit_task_constructor_msgs/msg/detail/solution_info__traits.hpp
[1.556s] -- Up-to-date: /home/nimesha/Thesis/moveit_ur5_v2_ws/install/moveit_task_constructor_msgs/include/moveit_task_constructor_msgs/moveit_task_constructor_msgs/msg/detail/stage_statistics__traits.hpp
[1.556s] -- Up-to-date: /home/nimesha/Thesis/moveit_ur5_v2_ws/install/moveit_task_constructor_msgs/include/moveit_task_constructor_msgs/moveit_task_constructor_msgs/msg/detail/sub_trajectory__struct.hpp
[1.556s] -- Up-to-date: /home/nimesha/Thesis/moveit_ur5_v2_ws/install/moveit_task_constructor_msgs/include/moveit_task_constructor_msgs/moveit_task_constructor_msgs/msg/detail/solution__builder.hpp
[1.556s] -- Up-to-date: /home/nimesha/Thesis/moveit_ur5_v2_ws/install/moveit_task_constructor_msgs/include/moveit_task_constructor_msgs/moveit_task_constructor_msgs/msg/detail/sub_solution__builder.hpp
[1.556s] -- Up-to-date: /home/nimesha/Thesis/moveit_ur5_v2_ws/install/moveit_task_constructor_msgs/include/moveit_task_constructor_msgs/moveit_task_constructor_msgs/msg/detail/stage_statistics__builder.hpp
[1.556s] -- Up-to-date: /home/nimesha/Thesis/moveit_ur5_v2_ws/install/moveit_task_constructor_msgs/include/moveit_task_constructor_msgs/moveit_task_constructor_msgs/msg/detail/trajectory_execution_info__traits.hpp
[1.556s] -- Up-to-date: /home/nimesha/Thesis/moveit_ur5_v2_ws/install/moveit_task_constructor_msgs/include/moveit_task_constructor_msgs/moveit_task_constructor_msgs/msg/detail/task_statistics__builder.hpp
[1.556s] -- Up-to-date: /home/nimesha/Thesis/moveit_ur5_v2_ws/install/moveit_task_constructor_msgs/include/moveit_task_constructor_msgs/moveit_task_constructor_msgs/msg/detail/solution_info__struct.hpp
[1.556s] -- Up-to-date: /home/nimesha/Thesis/moveit_ur5_v2_ws/install/moveit_task_constructor_msgs/include/moveit_task_constructor_msgs/moveit_task_constructor_msgs/msg/detail/property__builder.hpp
[1.556s] -- Up-to-date: /home/nimesha/Thesis/moveit_ur5_v2_ws/install/moveit_task_constructor_msgs/include/moveit_task_constructor_msgs/moveit_task_constructor_msgs/msg/detail/trajectory_execution_info__builder.hpp
[1.556s] -- Up-to-date: /home/nimesha/Thesis/moveit_ur5_v2_ws/install/moveit_task_constructor_msgs/include/moveit_task_constructor_msgs/moveit_task_constructor_msgs/msg/detail/task_statistics__traits.hpp
[1.556s] -- Up-to-date: /home/nimesha/Thesis/moveit_ur5_v2_ws/install/moveit_task_constructor_msgs/include/moveit_task_constructor_msgs/moveit_task_constructor_msgs/msg/detail/solution__struct.hpp
[1.556s] -- Up-to-date: /home/nimesha/Thesis/moveit_ur5_v2_ws/install/moveit_task_constructor_msgs/include/moveit_task_constructor_msgs/moveit_task_constructor_msgs/msg/detail/task_description__builder.hpp
[1.556s] -- Up-to-date: /home/nimesha/Thesis/moveit_ur5_v2_ws/install/moveit_task_constructor_msgs/include/moveit_task_constructor_msgs/moveit_task_constructor_msgs/msg/detail/sub_trajectory__builder.hpp
[1.556s] -- Up-to-date: /home/nimesha/Thesis/moveit_ur5_v2_ws/install/moveit_task_constructor_msgs/include/moveit_task_constructor_msgs/moveit_task_constructor_msgs/msg/detail/solution__traits.hpp
[1.556s] -- Up-to-date: /home/nimesha/Thesis/moveit_ur5_v2_ws/install/moveit_task_constructor_msgs/include/moveit_task_constructor_msgs/moveit_task_constructor_msgs/msg/detail/stage_description__struct.hpp
[1.556s] -- Up-to-date: /home/nimesha/Thesis/moveit_ur5_v2_ws/install/moveit_task_constructor_msgs/include/moveit_task_constructor_msgs/moveit_task_constructor_msgs/msg/detail/task_description__struct.hpp
[1.556s] -- Up-to-date: /home/nimesha/Thesis/moveit_ur5_v2_ws/install/moveit_task_constructor_msgs/include/moveit_task_constructor_msgs/moveit_task_constructor_msgs/msg/detail/stage_description__traits.hpp
[1.556s] -- Up-to-date: /home/nimesha/Thesis/moveit_ur5_v2_ws/install/moveit_task_constructor_msgs/include/moveit_task_constructor_msgs/moveit_task_constructor_msgs/msg/detail/stage_description__builder.hpp
[1.556s] -- Up-to-date: /home/nimesha/Thesis/moveit_ur5_v2_ws/install/moveit_task_constructor_msgs/include/moveit_task_constructor_msgs/moveit_task_constructor_msgs/msg/detail/sub_solution__struct.hpp
[1.556s] -- Up-to-date: /home/nimesha/Thesis/moveit_ur5_v2_ws/install/moveit_task_constructor_msgs/include/moveit_task_constructor_msgs/moveit_task_constructor_msgs/msg/detail/stage_statistics__struct.hpp
[1.556s] -- Up-to-date: /home/nimesha/Thesis/moveit_ur5_v2_ws/install/moveit_task_constructor_msgs/include/moveit_task_constructor_msgs/moveit_task_constructor_msgs/msg/detail/trajectory_execution_info__struct.hpp
[1.556s] -- Up-to-date: /home/nimesha/Thesis/moveit_ur5_v2_ws/install/moveit_task_constructor_msgs/include/moveit_task_constructor_msgs/moveit_task_constructor_msgs
[1.556s] -- Up-to-date: /home/nimesha/Thesis/moveit_ur5_v2_ws/install/moveit_task_constructor_msgs/include/moveit_task_constructor_msgs/moveit_task_constructor_msgs/action
[1.556s] -- Up-to-date: /home/nimesha/Thesis/moveit_ur5_v2_ws/install/moveit_task_constructor_msgs/include/moveit_task_constructor_msgs/moveit_task_constructor_msgs/action/detail
[1.556s] -- Up-to-date: /home/nimesha/Thesis/moveit_ur5_v2_ws/install/moveit_task_constructor_msgs/include/moveit_task_constructor_msgs/moveit_task_constructor_msgs/action/detail/execute_task_solution__rosidl_typesupport_fastrtps_cpp.hpp
[1.556s] -- Up-to-date: /home/nimesha/Thesis/moveit_ur5_v2_ws/install/moveit_task_constructor_msgs/include/moveit_task_constructor_msgs/moveit_task_constructor_msgs/action/detail/dds_fastrtps
[1.556s] -- Up-to-date: /home/nimesha/Thesis/moveit_ur5_v2_ws/install/moveit_task_constructor_msgs/include/moveit_task_constructor_msgs/moveit_task_constructor_msgs/srv
[1.556s] -- Up-to-date: /home/nimesha/Thesis/moveit_ur5_v2_ws/install/moveit_task_constructor_msgs/include/moveit_task_constructor_msgs/moveit_task_constructor_msgs/srv/detail
[1.557s] -- Up-to-date: /home/nimesha/Thesis/moveit_ur5_v2_ws/install/moveit_task_constructor_msgs/include/moveit_task_constructor_msgs/moveit_task_constructor_msgs/srv/detail/dds_fastrtps
[1.557s] -- Up-to-date: /home/nimesha/Thesis/moveit_ur5_v2_ws/install/moveit_task_constructor_msgs/include/moveit_task_constructor_msgs/moveit_task_constructor_msgs/srv/detail/get_solution__rosidl_typesupport_fastrtps_cpp.hpp
[1.557s] -- Up-to-date: /home/nimesha/Thesis/moveit_ur5_v2_ws/install/moveit_task_constructor_msgs/include/moveit_task_constructor_msgs/moveit_task_constructor_msgs/msg
[1.557s] -- Up-to-date: /home/nimesha/Thesis/moveit_ur5_v2_ws/install/moveit_task_constructor_msgs/include/moveit_task_constructor_msgs/moveit_task_constructor_msgs/msg/rosidl_typesupport_fastrtps_cpp__visibility_control.h
[1.557s] -- Up-to-date: /home/nimesha/Thesis/moveit_ur5_v2_ws/install/moveit_task_constructor_msgs/include/moveit_task_constructor_msgs/moveit_task_constructor_msgs/msg/detail
[1.557s] -- Up-to-date: /home/nimesha/Thesis/moveit_ur5_v2_ws/install/moveit_task_constructor_msgs/include/moveit_task_constructor_msgs/moveit_task_constructor_msgs/msg/detail/stage_statistics__rosidl_typesupport_fastrtps_cpp.hpp
[1.557s] -- Up-to-date: /home/nimesha/Thesis/moveit_ur5_v2_ws/install/moveit_task_constructor_msgs/include/moveit_task_constructor_msgs/moveit_task_constructor_msgs/msg/detail/property__rosidl_typesupport_fastrtps_cpp.hpp
[1.557s] -- Up-to-date: /home/nimesha/Thesis/moveit_ur5_v2_ws/install/moveit_task_constructor_msgs/include/moveit_task_constructor_msgs/moveit_task_constructor_msgs/msg/detail/dds_fastrtps
[1.557s] -- Up-to-date: /home/nimesha/Thesis/moveit_ur5_v2_ws/install/moveit_task_constructor_msgs/include/moveit_task_constructor_msgs/moveit_task_constructor_msgs/msg/detail/task_statistics__rosidl_typesupport_fastrtps_cpp.hpp
[1.557s] -- Up-to-date: /home/nimesha/Thesis/moveit_ur5_v2_ws/install/moveit_task_constructor_msgs/include/moveit_task_constructor_msgs/moveit_task_constructor_msgs/msg/detail/solution__rosidl_typesupport_fastrtps_cpp.hpp
[1.557s] -- Up-to-date: /home/nimesha/Thesis/moveit_ur5_v2_ws/install/moveit_task_constructor_msgs/include/moveit_task_constructor_msgs/moveit_task_constructor_msgs/msg/detail/sub_trajectory__rosidl_typesupport_fastrtps_cpp.hpp
[1.557s] -- Up-to-date: /home/nimesha/Thesis/moveit_ur5_v2_ws/install/moveit_task_constructor_msgs/include/moveit_task_constructor_msgs/moveit_task_constructor_msgs/msg/detail/stage_description__rosidl_typesupport_fastrtps_cpp.hpp
[1.557s] -- Up-to-date: /home/nimesha/Thesis/moveit_ur5_v2_ws/install/moveit_task_constructor_msgs/include/moveit_task_constructor_msgs/moveit_task_constructor_msgs/msg/detail/task_description__rosidl_typesupport_fastrtps_cpp.hpp
[1.558s] -- Up-to-date: /home/nimesha/Thesis/moveit_ur5_v2_ws/install/moveit_task_constructor_msgs/include/moveit_task_constructor_msgs/moveit_task_constructor_msgs/msg/detail/sub_solution__rosidl_typesupport_fastrtps_cpp.hpp
[1.558s] -- Up-to-date: /home/nimesha/Thesis/moveit_ur5_v2_ws/install/moveit_task_constructor_msgs/include/moveit_task_constructor_msgs/moveit_task_constructor_msgs/msg/detail/trajectory_execution_info__rosidl_typesupport_fastrtps_cpp.hpp
[1.558s] -- Up-to-date: /home/nimesha/Thesis/moveit_ur5_v2_ws/install/moveit_task_constructor_msgs/include/moveit_task_constructor_msgs/moveit_task_constructor_msgs/msg/detail/solution_info__rosidl_typesupport_fastrtps_cpp.hpp
[1.558s] -- Up-to-date: /home/nimesha/Thesis/moveit_ur5_v2_ws/install/moveit_task_constructor_msgs/lib/libmoveit_task_constructor_msgs__rosidl_typesupport_fastrtps_cpp.so
[1.558s] -- Up-to-date: /home/nimesha/Thesis/moveit_ur5_v2_ws/install/moveit_task_constructor_msgs/include/moveit_task_constructor_msgs/moveit_task_constructor_msgs
[1.558s] -- Up-to-date: /home/nimesha/Thesis/moveit_ur5_v2_ws/install/moveit_task_constructor_msgs/include/moveit_task_constructor_msgs/moveit_task_constructor_msgs/action
[1.558s] -- Up-to-date: /home/nimesha/Thesis/moveit_ur5_v2_ws/install/moveit_task_constructor_msgs/include/moveit_task_constructor_msgs/moveit_task_constructor_msgs/action/detail
[1.558s] -- Up-to-date: /home/nimesha/Thesis/moveit_ur5_v2_ws/install/moveit_task_constructor_msgs/include/moveit_task_constructor_msgs/moveit_task_constructor_msgs/action/detail/execute_task_solution__type_support.c
[1.558s] -- Up-to-date: /home/nimesha/Thesis/moveit_ur5_v2_ws/install/moveit_task_constructor_msgs/include/moveit_task_constructor_msgs/moveit_task_constructor_msgs/action/detail/execute_task_solution__rosidl_typesupport_introspection_c.h
[1.558s] -- Up-to-date: /home/nimesha/Thesis/moveit_ur5_v2_ws/install/moveit_task_constructor_msgs/include/moveit_task_constructor_msgs/moveit_task_constructor_msgs/srv
[1.558s] -- Up-to-date: /home/nimesha/Thesis/moveit_ur5_v2_ws/install/moveit_task_constructor_msgs/include/moveit_task_constructor_msgs/moveit_task_constructor_msgs/srv/detail
[1.558s] -- Up-to-date: /home/nimesha/Thesis/moveit_ur5_v2_ws/install/moveit_task_constructor_msgs/include/moveit_task_constructor_msgs/moveit_task_constructor_msgs/srv/detail/get_solution__rosidl_typesupport_introspection_c.h
[1.558s] -- Up-to-date: /home/nimesha/Thesis/moveit_ur5_v2_ws/install/moveit_task_constructor_msgs/include/moveit_task_constructor_msgs/moveit_task_constructor_msgs/srv/detail/get_solution__type_support.c
[1.558s] -- Up-to-date: /home/nimesha/Thesis/moveit_ur5_v2_ws/install/moveit_task_constructor_msgs/include/moveit_task_constructor_msgs/moveit_task_constructor_msgs/msg
[1.558s] -- Up-to-date: /home/nimesha/Thesis/moveit_ur5_v2_ws/install/moveit_task_constructor_msgs/include/moveit_task_constructor_msgs/moveit_task_constructor_msgs/msg/rosidl_typesupport_introspection_c__visibility_control.h
[1.558s] -- Up-to-date: /home/nimesha/Thesis/moveit_ur5_v2_ws/install/moveit_task_constructor_msgs/include/moveit_task_constructor_msgs/moveit_task_constructor_msgs/msg/detail
[1.559s] -- Up-to-date: /home/nimesha/Thesis/moveit_ur5_v2_ws/install/moveit_task_constructor_msgs/include/moveit_task_constructor_msgs/moveit_task_constructor_msgs/msg/detail/task_description__rosidl_typesupport_introspection_c.h
[1.559s] -- Up-to-date: /home/nimesha/Thesis/moveit_ur5_v2_ws/install/moveit_task_constructor_msgs/include/moveit_task_constructor_msgs/moveit_task_constructor_msgs/msg/detail/property__type_support.c
[1.559s] -- Up-to-date: /home/nimesha/Thesis/moveit_ur5_v2_ws/install/moveit_task_constructor_msgs/include/moveit_task_constructor_msgs/moveit_task_constructor_msgs/msg/detail/sub_solution__type_support.c
[1.559s] -- Up-to-date: /home/nimesha/Thesis/moveit_ur5_v2_ws/install/moveit_task_constructor_msgs/include/moveit_task_constructor_msgs/moveit_task_constructor_msgs/msg/detail/sub_trajectory__type_support.c
[1.559s] -- Up-to-date: /home/nimesha/Thesis/moveit_ur5_v2_ws/install/moveit_task_constructor_msgs/include/moveit_task_constructor_msgs/moveit_task_constructor_msgs/msg/detail/task_statistics__type_support.c
[1.559s] -- Up-to-date: /home/nimesha/Thesis/moveit_ur5_v2_ws/install/moveit_task_constructor_msgs/include/moveit_task_constructor_msgs/moveit_task_constructor_msgs/msg/detail/stage_description__type_support.c
[1.559s] -- Up-to-date: /home/nimesha/Thesis/moveit_ur5_v2_ws/install/moveit_task_constructor_msgs/include/moveit_task_constructor_msgs/moveit_task_constructor_msgs/msg/detail/stage_description__rosidl_typesupport_introspection_c.h
[1.559s] -- Up-to-date: /home/nimesha/Thesis/moveit_ur5_v2_ws/install/moveit_task_constructor_msgs/include/moveit_task_constructor_msgs/moveit_task_constructor_msgs/msg/detail/solution_info__rosidl_typesupport_introspection_c.h
[1.559s] -- Up-to-date: /home/nimesha/Thesis/moveit_ur5_v2_ws/install/moveit_task_constructor_msgs/include/moveit_task_constructor_msgs/moveit_task_constructor_msgs/msg/detail/stage_statistics__rosidl_typesupport_introspection_c.h
[1.559s] -- Up-to-date: /home/nimesha/Thesis/moveit_ur5_v2_ws/install/moveit_task_constructor_msgs/include/moveit_task_constructor_msgs/moveit_task_constructor_msgs/msg/detail/sub_trajectory__rosidl_typesupport_introspection_c.h
[1.559s] -- Up-to-date: /home/nimesha/Thesis/moveit_ur5_v2_ws/install/moveit_task_constructor_msgs/include/moveit_task_constructor_msgs/moveit_task_constructor_msgs/msg/detail/sub_solution__rosidl_typesupport_introspection_c.h
[1.559s] -- Up-to-date: /home/nimesha/Thesis/moveit_ur5_v2_ws/install/moveit_task_constructor_msgs/include/moveit_task_constructor_msgs/moveit_task_constructor_msgs/msg/detail/task_description__type_support.c
[1.559s] -- Up-to-date: /home/nimesha/Thesis/moveit_ur5_v2_ws/install/moveit_task_constructor_msgs/include/moveit_task_constructor_msgs/moveit_task_constructor_msgs/msg/detail/property__rosidl_typesupport_introspection_c.h
[1.559s] -- Up-to-date: /home/nimesha/Thesis/moveit_ur5_v2_ws/install/moveit_task_constructor_msgs/include/moveit_task_constructor_msgs/moveit_task_constructor_msgs/msg/detail/trajectory_execution_info__rosidl_typesupport_introspection_c.h
[1.559s] -- Up-to-date: /home/nimesha/Thesis/moveit_ur5_v2_ws/install/moveit_task_constructor_msgs/include/moveit_task_constructor_msgs/moveit_task_constructor_msgs/msg/detail/task_statistics__rosidl_typesupport_introspection_c.h
[1.559s] -- Up-to-date: /home/nimesha/Thesis/moveit_ur5_v2_ws/install/moveit_task_constructor_msgs/include/moveit_task_constructor_msgs/moveit_task_constructor_msgs/msg/detail/solution_info__type_support.c
[1.559s] -- Up-to-date: /home/nimesha/Thesis/moveit_ur5_v2_ws/install/moveit_task_constructor_msgs/include/moveit_task_constructor_msgs/moveit_task_constructor_msgs/msg/detail/solution__rosidl_typesupport_introspection_c.h
[1.559s] -- Up-to-date: /home/nimesha/Thesis/moveit_ur5_v2_ws/install/moveit_task_constructor_msgs/include/moveit_task_constructor_msgs/moveit_task_constructor_msgs/msg/detail/solution__type_support.c
[1.559s] -- Up-to-date: /home/nimesha/Thesis/moveit_ur5_v2_ws/install/moveit_task_constructor_msgs/include/moveit_task_constructor_msgs/moveit_task_constructor_msgs/msg/detail/trajectory_execution_info__type_support.c
[1.559s] -- Up-to-date: /home/nimesha/Thesis/moveit_ur5_v2_ws/install/moveit_task_constructor_msgs/include/moveit_task_constructor_msgs/moveit_task_constructor_msgs/msg/detail/stage_statistics__type_support.c
[1.559s] -- Up-to-date: /home/nimesha/Thesis/moveit_ur5_v2_ws/install/moveit_task_constructor_msgs/lib/libmoveit_task_constructor_msgs__rosidl_typesupport_introspection_c.so
[1.559s] -- Up-to-date: /home/nimesha/Thesis/moveit_ur5_v2_ws/install/moveit_task_constructor_msgs/lib/libmoveit_task_constructor_msgs__rosidl_typesupport_c.so
[1.559s] -- Up-to-date: /home/nimesha/Thesis/moveit_ur5_v2_ws/install/moveit_task_constructor_msgs/include/moveit_task_constructor_msgs/moveit_task_constructor_msgs
[1.559s] -- Up-to-date: /home/nimesha/Thesis/moveit_ur5_v2_ws/install/moveit_task_constructor_msgs/include/moveit_task_constructor_msgs/moveit_task_constructor_msgs/action
[1.559s] -- Up-to-date: /home/nimesha/Thesis/moveit_ur5_v2_ws/install/moveit_task_constructor_msgs/include/moveit_task_constructor_msgs/moveit_task_constructor_msgs/action/detail
[1.560s] -- Up-to-date: /home/nimesha/Thesis/moveit_ur5_v2_ws/install/moveit_task_constructor_msgs/include/moveit_task_constructor_msgs/moveit_task_constructor_msgs/action/detail/execute_task_solution__rosidl_typesupport_introspection_cpp.hpp
[1.560s] -- Up-to-date: /home/nimesha/Thesis/moveit_ur5_v2_ws/install/moveit_task_constructor_msgs/include/moveit_task_constructor_msgs/moveit_task_constructor_msgs/action/detail/execute_task_solution__type_support.cpp
[1.560s] -- Up-to-date: /home/nimesha/Thesis/moveit_ur5_v2_ws/install/moveit_task_constructor_msgs/include/moveit_task_constructor_msgs/moveit_task_constructor_msgs/srv
[1.560s] -- Up-to-date: /home/nimesha/Thesis/moveit_ur5_v2_ws/install/moveit_task_constructor_msgs/include/moveit_task_constructor_msgs/moveit_task_constructor_msgs/srv/detail
[1.560s] -- Up-to-date: /home/nimesha/Thesis/moveit_ur5_v2_ws/install/moveit_task_constructor_msgs/include/moveit_task_constructor_msgs/moveit_task_constructor_msgs/srv/detail/get_solution__type_support.cpp
[1.560s] -- Up-to-date: /home/nimesha/Thesis/moveit_ur5_v2_ws/install/moveit_task_constructor_msgs/include/moveit_task_constructor_msgs/moveit_task_constructor_msgs/srv/detail/get_solution__rosidl_typesupport_introspection_cpp.hpp
[1.560s] -- Up-to-date: /home/nimesha/Thesis/moveit_ur5_v2_ws/install/moveit_task_constructor_msgs/include/moveit_task_constructor_msgs/moveit_task_constructor_msgs/msg
[1.560s] -- Up-to-date: /home/nimesha/Thesis/moveit_ur5_v2_ws/install/moveit_task_constructor_msgs/include/moveit_task_constructor_msgs/moveit_task_constructor_msgs/msg/detail
[1.560s] -- Up-to-date: /home/nimesha/Thesis/moveit_ur5_v2_ws/install/moveit_task_constructor_msgs/include/moveit_task_constructor_msgs/moveit_task_constructor_msgs/msg/detail/solution__rosidl_typesupport_introspection_cpp.hpp
[1.560s] -- Up-to-date: /home/nimesha/Thesis/moveit_ur5_v2_ws/install/moveit_task_constructor_msgs/include/moveit_task_constructor_msgs/moveit_task_constructor_msgs/msg/detail/task_description__rosidl_typesupport_introspection_cpp.hpp
[1.560s] -- Up-to-date: /home/nimesha/Thesis/moveit_ur5_v2_ws/install/moveit_task_constructor_msgs/include/moveit_task_constructor_msgs/moveit_task_constructor_msgs/msg/detail/stage_description__rosidl_typesupport_introspection_cpp.hpp
[1.560s] -- Up-to-date: /home/nimesha/Thesis/moveit_ur5_v2_ws/install/moveit_task_constructor_msgs/include/moveit_task_constructor_msgs/moveit_task_constructor_msgs/msg/detail/task_description__type_support.cpp
[1.560s] -- Up-to-date: /home/nimesha/Thesis/moveit_ur5_v2_ws/install/moveit_task_constructor_msgs/include/moveit_task_constructor_msgs/moveit_task_constructor_msgs/msg/detail/property__rosidl_typesupport_introspection_cpp.hpp
[1.560s] -- Up-to-date: /home/nimesha/Thesis/moveit_ur5_v2_ws/install/moveit_task_constructor_msgs/include/moveit_task_constructor_msgs/moveit_task_constructor_msgs/msg/detail/solution__type_support.cpp
[1.560s] -- Up-to-date: /home/nimesha/Thesis/moveit_ur5_v2_ws/install/moveit_task_constructor_msgs/include/moveit_task_constructor_msgs/moveit_task_constructor_msgs/msg/detail/property__type_support.cpp
[1.560s] -- Up-to-date: /home/nimesha/Thesis/moveit_ur5_v2_ws/install/moveit_task_constructor_msgs/include/moveit_task_constructor_msgs/moveit_task_constructor_msgs/msg/detail/solution_info__rosidl_typesupport_introspection_cpp.hpp
[1.560s] -- Up-to-date: /home/nimesha/Thesis/moveit_ur5_v2_ws/install/moveit_task_constructor_msgs/include/moveit_task_constructor_msgs/moveit_task_constructor_msgs/msg/detail/trajectory_execution_info__rosidl_typesupport_introspection_cpp.hpp
[1.560s] -- Up-to-date: /home/nimesha/Thesis/moveit_ur5_v2_ws/install/moveit_task_constructor_msgs/include/moveit_task_constructor_msgs/moveit_task_constructor_msgs/msg/detail/stage_statistics__rosidl_typesupport_introspection_cpp.hpp
[1.560s] -- Up-to-date: /home/nimesha/Thesis/moveit_ur5_v2_ws/install/moveit_task_constructor_msgs/include/moveit_task_constructor_msgs/moveit_task_constructor_msgs/msg/detail/sub_trajectory__rosidl_typesupport_introspection_cpp.hpp
[1.560s] -- Up-to-date: /home/nimesha/Thesis/moveit_ur5_v2_ws/install/moveit_task_constructor_msgs/include/moveit_task_constructor_msgs/moveit_task_constructor_msgs/msg/detail/sub_solution__type_support.cpp
[1.560s] -- Up-to-date: /home/nimesha/Thesis/moveit_ur5_v2_ws/install/moveit_task_constructor_msgs/include/moveit_task_constructor_msgs/moveit_task_constructor_msgs/msg/detail/sub_solution__rosidl_typesupport_introspection_cpp.hpp
[1.560s] -- Up-to-date: /home/nimesha/Thesis/moveit_ur5_v2_ws/install/moveit_task_constructor_msgs/include/moveit_task_constructor_msgs/moveit_task_constructor_msgs/msg/detail/sub_trajectory__type_support.cpp
[1.560s] -- Up-to-date: /home/nimesha/Thesis/moveit_ur5_v2_ws/install/moveit_task_constructor_msgs/include/moveit_task_constructor_msgs/moveit_task_constructor_msgs/msg/detail/solution_info__type_support.cpp
[1.560s] -- Up-to-date: /home/nimesha/Thesis/moveit_ur5_v2_ws/install/moveit_task_constructor_msgs/include/moveit_task_constructor_msgs/moveit_task_constructor_msgs/msg/detail/task_statistics__type_support.cpp
[1.560s] -- Up-to-date: /home/nimesha/Thesis/moveit_ur5_v2_ws/install/moveit_task_constructor_msgs/include/moveit_task_constructor_msgs/moveit_task_constructor_msgs/msg/detail/trajectory_execution_info__type_support.cpp
[1.560s] -- Up-to-date: /home/nimesha/Thesis/moveit_ur5_v2_ws/install/moveit_task_constructor_msgs/include/moveit_task_constructor_msgs/moveit_task_constructor_msgs/msg/detail/stage_description__type_support.cpp
[1.560s] -- Up-to-date: /home/nimesha/Thesis/moveit_ur5_v2_ws/install/moveit_task_constructor_msgs/include/moveit_task_constructor_msgs/moveit_task_constructor_msgs/msg/detail/task_statistics__rosidl_typesupport_introspection_cpp.hpp
[1.560s] -- Up-to-date: /home/nimesha/Thesis/moveit_ur5_v2_ws/install/moveit_task_constructor_msgs/include/moveit_task_constructor_msgs/moveit_task_constructor_msgs/msg/detail/stage_statistics__type_support.cpp
[1.560s] -- Up-to-date: /home/nimesha/Thesis/moveit_ur5_v2_ws/install/moveit_task_constructor_msgs/lib/libmoveit_task_constructor_msgs__rosidl_typesupport_introspection_cpp.so
[1.560s] -- Up-to-date: /home/nimesha/Thesis/moveit_ur5_v2_ws/install/moveit_task_constructor_msgs/lib/libmoveit_task_constructor_msgs__rosidl_typesupport_cpp.so
[1.560s] -- Up-to-date: /home/nimesha/Thesis/moveit_ur5_v2_ws/install/moveit_task_constructor_msgs/share/moveit_task_constructor_msgs/environment/pythonpath.sh
[1.560s] -- Up-to-date: /home/nimesha/Thesis/moveit_ur5_v2_ws/install/moveit_task_constructor_msgs/share/moveit_task_constructor_msgs/environment/pythonpath.dsv
[1.560s] -- Up-to-date: /home/nimesha/Thesis/moveit_ur5_v2_ws/install/moveit_task_constructor_msgs/local/lib/python3.10/dist-packages/moveit_task_constructor_msgs-0.1.3-py3.10.egg-info
[1.560s] -- Installing: /home/nimesha/Thesis/moveit_ur5_v2_ws/install/moveit_task_constructor_msgs/local/lib/python3.10/dist-packages/moveit_task_constructor_msgs-0.1.3-py3.10.egg-info/SOURCES.txt
[1.560s] -- Installing: /home/nimesha/Thesis/moveit_ur5_v2_ws/install/moveit_task_constructor_msgs/local/lib/python3.10/dist-packages/moveit_task_constructor_msgs-0.1.3-py3.10.egg-info/PKG-INFO
[1.560s] -- Installing: /home/nimesha/Thesis/moveit_ur5_v2_ws/install/moveit_task_constructor_msgs/local/lib/python3.10/dist-packages/moveit_task_constructor_msgs-0.1.3-py3.10.egg-info/dependency_links.txt
[1.560s] -- Installing: /home/nimesha/Thesis/moveit_ur5_v2_ws/install/moveit_task_constructor_msgs/local/lib/python3.10/dist-packages/moveit_task_constructor_msgs-0.1.3-py3.10.egg-info/top_level.txt
[1.561s] -- Up-to-date: /home/nimesha/Thesis/moveit_ur5_v2_ws/install/moveit_task_constructor_msgs/local/lib/python3.10/dist-packages/moveit_task_constructor_msgs
[1.561s] -- Up-to-date: /home/nimesha/Thesis/moveit_ur5_v2_ws/install/moveit_task_constructor_msgs/local/lib/python3.10/dist-packages/moveit_task_constructor_msgs/action
[1.561s] -- Up-to-date: /home/nimesha/Thesis/moveit_ur5_v2_ws/install/moveit_task_constructor_msgs/local/lib/python3.10/dist-packages/moveit_task_constructor_msgs/action/__init__.py
[1.561s] -- Up-to-date: /home/nimesha/Thesis/moveit_ur5_v2_ws/install/moveit_task_constructor_msgs/local/lib/python3.10/dist-packages/moveit_task_constructor_msgs/action/_execute_task_solution_s.c
[1.561s] -- Up-to-date: /home/nimesha/Thesis/moveit_ur5_v2_ws/install/moveit_task_constructor_msgs/local/lib/python3.10/dist-packages/moveit_task_constructor_msgs/action/_execute_task_solution.py
[1.561s] -- Up-to-date: /home/nimesha/Thesis/moveit_ur5_v2_ws/install/moveit_task_constructor_msgs/local/lib/python3.10/dist-packages/moveit_task_constructor_msgs/srv
[1.561s] -- Up-to-date: /home/nimesha/Thesis/moveit_ur5_v2_ws/install/moveit_task_constructor_msgs/local/lib/python3.10/dist-packages/moveit_task_constructor_msgs/srv/_get_solution_s.c
[1.561s] -- Up-to-date: /home/nimesha/Thesis/moveit_ur5_v2_ws/install/moveit_task_constructor_msgs/local/lib/python3.10/dist-packages/moveit_task_constructor_msgs/srv/_get_solution.py
[1.561s] -- Up-to-date: /home/nimesha/Thesis/moveit_ur5_v2_ws/install/moveit_task_constructor_msgs/local/lib/python3.10/dist-packages/moveit_task_constructor_msgs/srv/__init__.py
[1.561s] -- Up-to-date: /home/nimesha/Thesis/moveit_ur5_v2_ws/install/moveit_task_constructor_msgs/local/lib/python3.10/dist-packages/moveit_task_constructor_msgs/_moveit_task_constructor_msgs_s.ep.rosidl_typesupport_fastrtps_c.c
[1.561s] -- Up-to-date: /home/nimesha/Thesis/moveit_ur5_v2_ws/install/moveit_task_constructor_msgs/local/lib/python3.10/dist-packages/moveit_task_constructor_msgs/msg
[1.561s] -- Up-to-date: /home/nimesha/Thesis/moveit_ur5_v2_ws/install/moveit_task_constructor_msgs/local/lib/python3.10/dist-packages/moveit_task_constructor_msgs/msg/_trajectory_execution_info.py
[1.561s] -- Up-to-date: /home/nimesha/Thesis/moveit_ur5_v2_ws/install/moveit_task_constructor_msgs/local/lib/python3.10/dist-packages/moveit_task_constructor_msgs/msg/_solution_info_s.c
[1.561s] -- Up-to-date: /home/nimesha/Thesis/moveit_ur5_v2_ws/install/moveit_task_constructor_msgs/local/lib/python3.10/dist-packages/moveit_task_constructor_msgs/msg/_sub_solution_s.c
[1.561s] -- Up-to-date: /home/nimesha/Thesis/moveit_ur5_v2_ws/install/moveit_task_constructor_msgs/local/lib/python3.10/dist-packages/moveit_task_constructor_msgs/msg/_property_s.c
[1.561s] -- Up-to-date: /home/nimesha/Thesis/moveit_ur5_v2_ws/install/moveit_task_constructor_msgs/local/lib/python3.10/dist-packages/moveit_task_constructor_msgs/msg/_task_description_s.c
[1.561s] -- Up-to-date: /home/nimesha/Thesis/moveit_ur5_v2_ws/install/moveit_task_constructor_msgs/local/lib/python3.10/dist-packages/moveit_task_constructor_msgs/msg/_task_statistics.py
[1.561s] -- Up-to-date: /home/nimesha/Thesis/moveit_ur5_v2_ws/install/moveit_task_constructor_msgs/local/lib/python3.10/dist-packages/moveit_task_constructor_msgs/msg/_task_statistics_s.c
[1.561s] -- Up-to-date: /home/nimesha/Thesis/moveit_ur5_v2_ws/install/moveit_task_constructor_msgs/local/lib/python3.10/dist-packages/moveit_task_constructor_msgs/msg/_stage_statistics.py
[1.561s] -- Up-to-date: /home/nimesha/Thesis/moveit_ur5_v2_ws/install/moveit_task_constructor_msgs/local/lib/python3.10/dist-packages/moveit_task_constructor_msgs/msg/_property.py
[1.561s] -- Up-to-date: /home/nimesha/Thesis/moveit_ur5_v2_ws/install/moveit_task_constructor_msgs/local/lib/python3.10/dist-packages/moveit_task_constructor_msgs/msg/_solution.py
[1.562s] -- Up-to-date: /home/nimesha/Thesis/moveit_ur5_v2_ws/install/moveit_task_constructor_msgs/local/lib/python3.10/dist-packages/moveit_task_constructor_msgs/msg/__init__.py
[1.562s] -- Up-to-date: /home/nimesha/Thesis/moveit_ur5_v2_ws/install/moveit_task_constructor_msgs/local/lib/python3.10/dist-packages/moveit_task_constructor_msgs/msg/_solution_s.c
[1.562s] -- Up-to-date: /home/nimesha/Thesis/moveit_ur5_v2_ws/install/moveit_task_constructor_msgs/local/lib/python3.10/dist-packages/moveit_task_constructor_msgs/msg/_stage_description_s.c
[1.562s] -- Up-to-date: /home/nimesha/Thesis/moveit_ur5_v2_ws/install/moveit_task_constructor_msgs/local/lib/python3.10/dist-packages/moveit_task_constructor_msgs/msg/_trajectory_execution_info_s.c
[1.562s] -- Up-to-date: /home/nimesha/Thesis/moveit_ur5_v2_ws/install/moveit_task_constructor_msgs/local/lib/python3.10/dist-packages/moveit_task_constructor_msgs/msg/_task_description.py
[1.562s] -- Up-to-date: /home/nimesha/Thesis/moveit_ur5_v2_ws/install/moveit_task_constructor_msgs/local/lib/python3.10/dist-packages/moveit_task_constructor_msgs/msg/_stage_description.py
[1.562s] -- Up-to-date: /home/nimesha/Thesis/moveit_ur5_v2_ws/install/moveit_task_constructor_msgs/local/lib/python3.10/dist-packages/moveit_task_constructor_msgs/msg/_sub_solution.py
[1.562s] -- Up-to-date: /home/nimesha/Thesis/moveit_ur5_v2_ws/install/moveit_task_constructor_msgs/local/lib/python3.10/dist-packages/moveit_task_constructor_msgs/msg/_sub_trajectory_s.c
[1.562s] -- Up-to-date: /home/nimesha/Thesis/moveit_ur5_v2_ws/install/moveit_task_constructor_msgs/local/lib/python3.10/dist-packages/moveit_task_constructor_msgs/msg/_sub_trajectory.py
[1.562s] -- Up-to-date: /home/nimesha/Thesis/moveit_ur5_v2_ws/install/moveit_task_constructor_msgs/local/lib/python3.10/dist-packages/moveit_task_constructor_msgs/msg/_stage_statistics_s.c
[1.562s] -- Up-to-date: /home/nimesha/Thesis/moveit_ur5_v2_ws/install/moveit_task_constructor_msgs/local/lib/python3.10/dist-packages/moveit_task_constructor_msgs/msg/_solution_info.py
[1.562s] -- Up-to-date: /home/nimesha/Thesis/moveit_ur5_v2_ws/install/moveit_task_constructor_msgs/local/lib/python3.10/dist-packages/moveit_task_constructor_msgs/__init__.py
[1.562s] -- Up-to-date: /home/nimesha/Thesis/moveit_ur5_v2_ws/install/moveit_task_constructor_msgs/local/lib/python3.10/dist-packages/moveit_task_constructor_msgs/_moveit_task_constructor_msgs_s.ep.rosidl_typesupport_c.c
[1.562s] -- Up-to-date: /home/nimesha/Thesis/moveit_ur5_v2_ws/install/moveit_task_constructor_msgs/local/lib/python3.10/dist-packages/moveit_task_constructor_msgs/_moveit_task_constructor_msgs_s.ep.rosidl_typesupport_introspection_c.c
[1.562s] -- Up-to-date: /home/nimesha/Thesis/moveit_ur5_v2_ws/install/moveit_task_constructor_msgs/local/lib/python3.10/dist-packages/moveit_task_constructor_msgs/moveit_task_constructor_msgs_s__rosidl_typesupport_introspection_c.cpython-310-x86_64-linux-gnu.so
[1.562s] -- Up-to-date: /home/nimesha/Thesis/moveit_ur5_v2_ws/install/moveit_task_constructor_msgs/local/lib/python3.10/dist-packages/moveit_task_constructor_msgs/moveit_task_constructor_msgs_s__rosidl_typesupport_c.cpython-310-x86_64-linux-gnu.so
[1.562s] -- Up-to-date: /home/nimesha/Thesis/moveit_ur5_v2_ws/install/moveit_task_constructor_msgs/local/lib/python3.10/dist-packages/moveit_task_constructor_msgs/libmoveit_task_constructor_msgs__rosidl_generator_py.so
[1.562s] -- Up-to-date: /home/nimesha/Thesis/moveit_ur5_v2_ws/install/moveit_task_constructor_msgs/local/lib/python3.10/dist-packages/moveit_task_constructor_msgs/moveit_task_constructor_msgs_s__rosidl_typesupport_fastrtps_c.cpython-310-x86_64-linux-gnu.so
[1.578s] Listing '/home/nimesha/Thesis/moveit_ur5_v2_ws/install/moveit_task_constructor_msgs/local/lib/python3.10/dist-packages/moveit_task_constructor_msgs'...
[1.578s] Listing '/home/nimesha/Thesis/moveit_ur5_v2_ws/install/moveit_task_constructor_msgs/local/lib/python3.10/dist-packages/moveit_task_constructor_msgs/action'...
[1.578s] Listing '/home/nimesha/Thesis/moveit_ur5_v2_ws/install/moveit_task_constructor_msgs/local/lib/python3.10/dist-packages/moveit_task_constructor_msgs/msg'...
[1.578s] Listing '/home/nimesha/Thesis/moveit_ur5_v2_ws/install/moveit_task_constructor_msgs/local/lib/python3.10/dist-packages/moveit_task_constructor_msgs/srv'...
[1.582s] -- Up-to-date: /home/nimesha/Thesis/moveit_ur5_v2_ws/install/moveit_task_constructor_msgs/local/lib/python3.10/dist-packages/moveit_task_constructor_msgs/moveit_task_constructor_msgs_s__rosidl_typesupport_fastrtps_c.cpython-310-x86_64-linux-gnu.so
[1.582s] -- Up-to-date: /home/nimesha/Thesis/moveit_ur5_v2_ws/install/moveit_task_constructor_msgs/local/lib/python3.10/dist-packages/moveit_task_constructor_msgs/moveit_task_constructor_msgs_s__rosidl_typesupport_introspection_c.cpython-310-x86_64-linux-gnu.so
[1.582s] -- Up-to-date: /home/nimesha/Thesis/moveit_ur5_v2_ws/install/moveit_task_constructor_msgs/local/lib/python3.10/dist-packages/moveit_task_constructor_msgs/moveit_task_constructor_msgs_s__rosidl_typesupport_c.cpython-310-x86_64-linux-gnu.so
[1.582s] -- Up-to-date: /home/nimesha/Thesis/moveit_ur5_v2_ws/install/moveit_task_constructor_msgs/lib/libmoveit_task_constructor_msgs__rosidl_generator_py.so
[1.582s] -- Up-to-date: /home/nimesha/Thesis/moveit_ur5_v2_ws/install/moveit_task_constructor_msgs/share/moveit_task_constructor_msgs/msg/Property.idl
[1.582s] -- Up-to-date: /home/nimesha/Thesis/moveit_ur5_v2_ws/install/moveit_task_constructor_msgs/share/moveit_task_constructor_msgs/msg/Solution.idl
[1.582s] -- Up-to-date: /home/nimesha/Thesis/moveit_ur5_v2_ws/install/moveit_task_constructor_msgs/share/moveit_task_constructor_msgs/msg/SolutionInfo.idl
[1.582s] -- Up-to-date: /home/nimesha/Thesis/moveit_ur5_v2_ws/install/moveit_task_constructor_msgs/share/moveit_task_constructor_msgs/msg/StageDescription.idl
[1.582s] -- Up-to-date: /home/nimesha/Thesis/moveit_ur5_v2_ws/install/moveit_task_constructor_msgs/share/moveit_task_constructor_msgs/msg/StageStatistics.idl
[1.582s] -- Up-to-date: /home/nimesha/Thesis/moveit_ur5_v2_ws/install/moveit_task_constructor_msgs/share/moveit_task_constructor_msgs/msg/SubSolution.idl
[1.582s] -- Up-to-date: /home/nimesha/Thesis/moveit_ur5_v2_ws/install/moveit_task_constructor_msgs/share/moveit_task_constructor_msgs/msg/SubTrajectory.idl
[1.582s] -- Up-to-date: /home/nimesha/Thesis/moveit_ur5_v2_ws/install/moveit_task_constructor_msgs/share/moveit_task_constructor_msgs/msg/TaskDescription.idl
[1.582s] -- Up-to-date: /home/nimesha/Thesis/moveit_ur5_v2_ws/install/moveit_task_constructor_msgs/share/moveit_task_constructor_msgs/msg/TaskStatistics.idl
[1.583s] -- Up-to-date: /home/nimesha/Thesis/moveit_ur5_v2_ws/install/moveit_task_constructor_msgs/share/moveit_task_constructor_msgs/msg/TrajectoryExecutionInfo.idl
[1.583s] -- Up-to-date: /home/nimesha/Thesis/moveit_ur5_v2_ws/install/moveit_task_constructor_msgs/share/moveit_task_constructor_msgs/srv/GetSolution.idl
[1.583s] -- Up-to-date: /home/nimesha/Thesis/moveit_ur5_v2_ws/install/moveit_task_constructor_msgs/share/moveit_task_constructor_msgs/action/ExecuteTaskSolution.idl
[1.583s] -- Up-to-date: /home/nimesha/Thesis/moveit_ur5_v2_ws/install/moveit_task_constructor_msgs/share/moveit_task_constructor_msgs/msg/Property.msg
[1.583s] -- Up-to-date: /home/nimesha/Thesis/moveit_ur5_v2_ws/install/moveit_task_constructor_msgs/share/moveit_task_constructor_msgs/msg/Solution.msg
[1.583s] -- Up-to-date: /home/nimesha/Thesis/moveit_ur5_v2_ws/install/moveit_task_constructor_msgs/share/moveit_task_constructor_msgs/msg/SolutionInfo.msg
[1.583s] -- Up-to-date: /home/nimesha/Thesis/moveit_ur5_v2_ws/install/moveit_task_constructor_msgs/share/moveit_task_constructor_msgs/msg/StageDescription.msg
[1.584s] -- Up-to-date: /home/nimesha/Thesis/moveit_ur5_v2_ws/install/moveit_task_constructor_msgs/share/moveit_task_constructor_msgs/msg/StageStatistics.msg
[1.584s] -- Up-to-date: /home/nimesha/Thesis/moveit_ur5_v2_ws/install/moveit_task_constructor_msgs/share/moveit_task_constructor_msgs/msg/SubSolution.msg
[1.584s] -- Up-to-date: /home/nimesha/Thesis/moveit_ur5_v2_ws/install/moveit_task_constructor_msgs/share/moveit_task_constructor_msgs/msg/SubTrajectory.msg
[1.584s] -- Up-to-date: /home/nimesha/Thesis/moveit_ur5_v2_ws/install/moveit_task_constructor_msgs/share/moveit_task_constructor_msgs/msg/TaskDescription.msg
[1.584s] -- Up-to-date: /home/nimesha/Thesis/moveit_ur5_v2_ws/install/moveit_task_constructor_msgs/share/moveit_task_constructor_msgs/msg/TaskStatistics.msg
[1.584s] -- Up-to-date: /home/nimesha/Thesis/moveit_ur5_v2_ws/install/moveit_task_constructor_msgs/share/moveit_task_constructor_msgs/msg/TrajectoryExecutionInfo.msg
[1.584s] -- Up-to-date: /home/nimesha/Thesis/moveit_ur5_v2_ws/install/moveit_task_constructor_msgs/share/moveit_task_constructor_msgs/srv/GetSolution.srv
[1.584s] -- Up-to-date: /home/nimesha/Thesis/moveit_ur5_v2_ws/install/moveit_task_constructor_msgs/share/moveit_task_constructor_msgs/srv/GetSolution_Request.msg
[1.584s] -- Up-to-date: /home/nimesha/Thesis/moveit_ur5_v2_ws/install/moveit_task_constructor_msgs/share/moveit_task_constructor_msgs/srv/GetSolution_Response.msg
[1.584s] -- Up-to-date: /home/nimesha/Thesis/moveit_ur5_v2_ws/install/moveit_task_constructor_msgs/share/moveit_task_constructor_msgs/action/ExecuteTaskSolution.action
[1.584s] -- Up-to-date: /home/nimesha/Thesis/moveit_ur5_v2_ws/install/moveit_task_constructor_msgs/share/ament_index/resource_index/package_run_dependencies/moveit_task_constructor_msgs
[1.584s] -- Up-to-date: /home/nimesha/Thesis/moveit_ur5_v2_ws/install/moveit_task_constructor_msgs/share/ament_index/resource_index/parent_prefix_path/moveit_task_constructor_msgs
[1.584s] -- Up-to-date: /home/nimesha/Thesis/moveit_ur5_v2_ws/install/moveit_task_constructor_msgs/share/moveit_task_constructor_msgs/environment/ament_prefix_path.sh
[1.584s] -- Up-to-date: /home/nimesha/Thesis/moveit_ur5_v2_ws/install/moveit_task_constructor_msgs/share/moveit_task_constructor_msgs/environment/ament_prefix_path.dsv
[1.584s] -- Up-to-date: /home/nimesha/Thesis/moveit_ur5_v2_ws/install/moveit_task_constructor_msgs/share/moveit_task_constructor_msgs/environment/path.sh
[1.584s] -- Up-to-date: /home/nimesha/Thesis/moveit_ur5_v2_ws/install/moveit_task_constructor_msgs/share/moveit_task_constructor_msgs/environment/path.dsv
[1.585s] -- Up-to-date: /home/nimesha/Thesis/moveit_ur5_v2_ws/install/moveit_task_constructor_msgs/share/moveit_task_constructor_msgs/local_setup.bash
[1.585s] -- Up-to-date: /home/nimesha/Thesis/moveit_ur5_v2_ws/install/moveit_task_constructor_msgs/share/moveit_task_constructor_msgs/local_setup.sh
[1.585s] -- Up-to-date: /home/nimesha/Thesis/moveit_ur5_v2_ws/install/moveit_task_constructor_msgs/share/moveit_task_constructor_msgs/local_setup.zsh
[1.585s] -- Up-to-date: /home/nimesha/Thesis/moveit_ur5_v2_ws/install/moveit_task_constructor_msgs/share/moveit_task_constructor_msgs/local_setup.dsv
[1.585s] -- Installing: /home/nimesha/Thesis/moveit_ur5_v2_ws/install/moveit_task_constructor_msgs/share/moveit_task_constructor_msgs/package.dsv
[1.585s] -- Up-to-date: /home/nimesha/Thesis/moveit_ur5_v2_ws/install/moveit_task_constructor_msgs/share/ament_index/resource_index/packages/moveit_task_constructor_msgs
[1.585s] -- Up-to-date: /home/nimesha/Thesis/moveit_ur5_v2_ws/install/moveit_task_constructor_msgs/share/moveit_task_constructor_msgs/cmake/export_moveit_task_constructor_msgs__rosidl_generator_cExport.cmake
[1.585s] -- Up-to-date: /home/nimesha/Thesis/moveit_ur5_v2_ws/install/moveit_task_constructor_msgs/share/moveit_task_constructor_msgs/cmake/export_moveit_task_constructor_msgs__rosidl_generator_cExport-noconfig.cmake
[1.585s] -- Up-to-date: /home/nimesha/Thesis/moveit_ur5_v2_ws/install/moveit_task_constructor_msgs/share/moveit_task_constructor_msgs/cmake/export_moveit_task_constructor_msgs__rosidl_typesupport_fastrtps_cExport.cmake
[1.586s] -- Up-to-date: /home/nimesha/Thesis/moveit_ur5_v2_ws/install/moveit_task_constructor_msgs/share/moveit_task_constructor_msgs/cmake/export_moveit_task_constructor_msgs__rosidl_typesupport_fastrtps_cExport-noconfig.cmake
[1.586s] -- Up-to-date: /home/nimesha/Thesis/moveit_ur5_v2_ws/install/moveit_task_constructor_msgs/share/moveit_task_constructor_msgs/cmake/export_moveit_task_constructor_msgs__rosidl_generator_cppExport.cmake
[1.586s] -- Up-to-date: /home/nimesha/Thesis/moveit_ur5_v2_ws/install/moveit_task_constructor_msgs/share/moveit_task_constructor_msgs/cmake/export_moveit_task_constructor_msgs__rosidl_typesupport_fastrtps_cppExport.cmake
[1.586s] -- Up-to-date: /home/nimesha/Thesis/moveit_ur5_v2_ws/install/moveit_task_constructor_msgs/share/moveit_task_constructor_msgs/cmake/export_moveit_task_constructor_msgs__rosidl_typesupport_fastrtps_cppExport-noconfig.cmake
[1.586s] -- Up-to-date: /home/nimesha/Thesis/moveit_ur5_v2_ws/install/moveit_task_constructor_msgs/share/moveit_task_constructor_msgs/cmake/moveit_task_constructor_msgs__rosidl_typesupport_introspection_cExport.cmake
[1.586s] -- Up-to-date: /home/nimesha/Thesis/moveit_ur5_v2_ws/install/moveit_task_constructor_msgs/share/moveit_task_constructor_msgs/cmake/moveit_task_constructor_msgs__rosidl_typesupport_introspection_cExport-noconfig.cmake
[1.586s] -- Up-to-date: /home/nimesha/Thesis/moveit_ur5_v2_ws/install/moveit_task_constructor_msgs/share/moveit_task_constructor_msgs/cmake/moveit_task_constructor_msgs__rosidl_typesupport_cExport.cmake
[1.586s] -- Up-to-date: /home/nimesha/Thesis/moveit_ur5_v2_ws/install/moveit_task_constructor_msgs/share/moveit_task_constructor_msgs/cmake/moveit_task_constructor_msgs__rosidl_typesupport_cExport-noconfig.cmake
[1.587s] -- Up-to-date: /home/nimesha/Thesis/moveit_ur5_v2_ws/install/moveit_task_constructor_msgs/share/moveit_task_constructor_msgs/cmake/moveit_task_constructor_msgs__rosidl_typesupport_introspection_cppExport.cmake
[1.587s] -- Up-to-date: /home/nimesha/Thesis/moveit_ur5_v2_ws/install/moveit_task_constructor_msgs/share/moveit_task_constructor_msgs/cmake/moveit_task_constructor_msgs__rosidl_typesupport_introspection_cppExport-noconfig.cmake
[1.587s] -- Up-to-date: /home/nimesha/Thesis/moveit_ur5_v2_ws/install/moveit_task_constructor_msgs/share/moveit_task_constructor_msgs/cmake/moveit_task_constructor_msgs__rosidl_typesupport_cppExport.cmake
[1.587s] -- Up-to-date: /home/nimesha/Thesis/moveit_ur5_v2_ws/install/moveit_task_constructor_msgs/share/moveit_task_constructor_msgs/cmake/moveit_task_constructor_msgs__rosidl_typesupport_cppExport-noconfig.cmake
[1.587s] -- Up-to-date: /home/nimesha/Thesis/moveit_ur5_v2_ws/install/moveit_task_constructor_msgs/share/moveit_task_constructor_msgs/cmake/export_moveit_task_constructor_msgs__rosidl_generator_pyExport.cmake
[1.587s] -- Up-to-date: /home/nimesha/Thesis/moveit_ur5_v2_ws/install/moveit_task_constructor_msgs/share/moveit_task_constructor_msgs/cmake/export_moveit_task_constructor_msgs__rosidl_generator_pyExport-noconfig.cmake
[1.587s] -- Up-to-date: /home/nimesha/Thesis/moveit_ur5_v2_ws/install/moveit_task_constructor_msgs/share/moveit_task_constructor_msgs/cmake/rosidl_cmake-extras.cmake
[1.587s] -- Up-to-date: /home/nimesha/Thesis/moveit_ur5_v2_ws/install/moveit_task_constructor_msgs/share/moveit_task_constructor_msgs/cmake/ament_cmake_export_dependencies-extras.cmake
[1.587s] -- Up-to-date: /home/nimesha/Thesis/moveit_ur5_v2_ws/install/moveit_task_constructor_msgs/share/moveit_task_constructor_msgs/cmake/ament_cmake_export_include_directories-extras.cmake
[1.587s] -- Up-to-date: /home/nimesha/Thesis/moveit_ur5_v2_ws/install/moveit_task_constructor_msgs/share/moveit_task_constructor_msgs/cmake/ament_cmake_export_libraries-extras.cmake
[1.587s] -- Up-to-date: /home/nimesha/Thesis/moveit_ur5_v2_ws/install/moveit_task_constructor_msgs/share/moveit_task_constructor_msgs/cmake/ament_cmake_export_targets-extras.cmake
[1.587s] -- Up-to-date: /home/nimesha/Thesis/moveit_ur5_v2_ws/install/moveit_task_constructor_msgs/share/moveit_task_constructor_msgs/cmake/rosidl_cmake_export_typesupport_targets-extras.cmake
[1.587s] -- Up-to-date: /home/nimesha/Thesis/moveit_ur5_v2_ws/install/moveit_task_constructor_msgs/share/moveit_task_constructor_msgs/cmake/rosidl_cmake_export_typesupport_libraries-extras.cmake
[1.587s] -- Up-to-date: /home/nimesha/Thesis/moveit_ur5_v2_ws/install/moveit_task_constructor_msgs/share/moveit_task_constructor_msgs/cmake/moveit_task_constructor_msgsConfig.cmake
[1.587s] -- Up-to-date: /home/nimesha/Thesis/moveit_ur5_v2_ws/install/moveit_task_constructor_msgs/share/moveit_task_constructor_msgs/cmake/moveit_task_constructor_msgsConfig-version.cmake
[1.587s] -- Up-to-date: /home/nimesha/Thesis/moveit_ur5_v2_ws/install/moveit_task_constructor_msgs/share/moveit_task_constructor_msgs/package.xml
[1.588s] Invoked command in '/home/nimesha/Thesis/moveit_ur5_v2_ws/build/moveit_task_constructor_msgs' returned '0': CMAKE_PREFIX_PATH=${CMAKE_PREFIX_PATH}:/home/nimesha/Thesis/moveit_ur5_v2_ws/install/moveit_configs_utils:/home/nimesha/Thesis/moveit_ur5_v2_ws/install/launch_param_builder:/home/nimesha/Thesis/moveit_ur5_v2_ws/src/ws_moveit/install/moveit_configs_utils:/home/nimesha/Thesis/moveit_ur5_v2_ws/src/ws_moveit/install/launch_param_builder:/opt/ros/humble /usr/bin/cmake --install /home/nimesha/Thesis/moveit_ur5_v2_ws/build/moveit_task_constructor_msgs
