[0.663s] Invoking command in '/home/nimesha/thesis/ws_moveit/src/launch_param_builder': PYTHONPATH=/home/nimesha/thesis/ws_moveit/build/launch_param_builder/prefix_override:/usr/lib/python3/dist-packages/colcon_core/task/python/colcon_distutils_commands:/home/nimesha/thesis/ws_moveit/install/launch_param_builder/lib/python3.10/site-packages:${PYTHONPATH} /usr/bin/python3 -W ignore:setup.py install is deprecated setup.py egg_info --egg-base ../../build/launch_param_builder build --build-base /home/nimesha/thesis/ws_moveit/build/launch_param_builder/build install --record /home/nimesha/thesis/ws_moveit/build/launch_param_builder/install.log --single-version-externally-managed install_data
[0.858s] running egg_info
[0.858s] creating ../../build/launch_param_builder/launch_param_builder.egg-info
[0.859s] writing ../../build/launch_param_builder/launch_param_builder.egg-info/PKG-INFO
[0.859s] writing dependency_links to ../../build/launch_param_builder/launch_param_builder.egg-info/dependency_links.txt
[0.859s] writing entry points to ../../build/launch_param_builder/launch_param_builder.egg-info/entry_points.txt
[0.859s] writing requirements to ../../build/launch_param_builder/launch_param_builder.egg-info/requires.txt
[0.859s] writing top-level names to ../../build/launch_param_builder/launch_param_builder.egg-info/top_level.txt
[0.859s] writing manifest file '../../build/launch_param_builder/launch_param_builder.egg-info/SOURCES.txt'
[0.861s] reading manifest file '../../build/launch_param_builder/launch_param_builder.egg-info/SOURCES.txt'
[0.861s] adding license file 'LICENSE'
[0.861s] writing manifest file '../../build/launch_param_builder/launch_param_builder.egg-info/SOURCES.txt'
[0.861s] running build
[0.861s] running build_py
[0.861s] creating /home/nimesha/thesis/ws_moveit/build/launch_param_builder/build
[0.861s] creating /home/nimesha/thesis/ws_moveit/build/launch_param_builder/build/lib
[0.861s] creating /home/nimesha/thesis/ws_moveit/build/launch_param_builder/build/lib/launch_param_builder
[0.861s] copying launch_param_builder/launch_param_builder.py -> /home/nimesha/thesis/ws_moveit/build/launch_param_builder/build/lib/launch_param_builder
[0.862s] copying launch_param_builder/__init__.py -> /home/nimesha/thesis/ws_moveit/build/launch_param_builder/build/lib/launch_param_builder
[0.862s] copying launch_param_builder/utils.py -> /home/nimesha/thesis/ws_moveit/build/launch_param_builder/build/lib/launch_param_builder
[0.862s] running install
[0.863s] running install_lib
[0.863s] creating /home/nimesha/thesis/ws_moveit/install/launch_param_builder/lib/python3.10/site-packages/launch_param_builder
[0.863s] copying /home/nimesha/thesis/ws_moveit/build/launch_param_builder/build/lib/launch_param_builder/launch_param_builder.py -> /home/nimesha/thesis/ws_moveit/install/launch_param_builder/lib/python3.10/site-packages/launch_param_builder
[0.863s] copying /home/nimesha/thesis/ws_moveit/build/launch_param_builder/build/lib/launch_param_builder/__init__.py -> /home/nimesha/thesis/ws_moveit/install/launch_param_builder/lib/python3.10/site-packages/launch_param_builder
[0.863s] copying /home/nimesha/thesis/ws_moveit/build/launch_param_builder/build/lib/launch_param_builder/utils.py -> /home/nimesha/thesis/ws_moveit/install/launch_param_builder/lib/python3.10/site-packages/launch_param_builder
[0.864s] byte-compiling /home/nimesha/thesis/ws_moveit/install/launch_param_builder/lib/python3.10/site-packages/launch_param_builder/launch_param_builder.py to launch_param_builder.cpython-310.pyc
[0.864s] byte-compiling /home/nimesha/thesis/ws_moveit/install/launch_param_builder/lib/python3.10/site-packages/launch_param_builder/__init__.py to __init__.cpython-310.pyc
[0.865s] byte-compiling /home/nimesha/thesis/ws_moveit/install/launch_param_builder/lib/python3.10/site-packages/launch_param_builder/utils.py to utils.cpython-310.pyc
[0.865s] running install_data
[0.865s] creating /home/nimesha/thesis/ws_moveit/install/launch_param_builder/share/ament_index
[0.865s] creating /home/nimesha/thesis/ws_moveit/install/launch_param_builder/share/ament_index/resource_index
[0.865s] creating /home/nimesha/thesis/ws_moveit/install/launch_param_builder/share/ament_index/resource_index/packages
[0.865s] copying resource/launch_param_builder -> /home/nimesha/thesis/ws_moveit/install/launch_param_builder/share/ament_index/resource_index/packages
[0.865s] creating /home/nimesha/thesis/ws_moveit/install/launch_param_builder/share/launch_param_builder/launch
[0.865s] copying example/launch_param_builder_example.launch.py -> /home/nimesha/thesis/ws_moveit/install/launch_param_builder/share/launch_param_builder/launch
[0.866s] creating /home/nimesha/thesis/ws_moveit/install/launch_param_builder/share/launch_param_builder/config
[0.866s] copying test/data/parameters.yaml -> /home/nimesha/thesis/ws_moveit/install/launch_param_builder/share/launch_param_builder/config
[0.866s] copying test/data/param_file_to_inject.yaml -> /home/nimesha/thesis/ws_moveit/install/launch_param_builder/share/launch_param_builder/config
[0.866s] copying test/data/parameters_injection.yaml -> /home/nimesha/thesis/ws_moveit/install/launch_param_builder/share/launch_param_builder/config
[0.867s] copying test/data/parameter_file -> /home/nimesha/thesis/ws_moveit/install/launch_param_builder/share/launch_param_builder/config
[0.867s] copying test/data/parameter.xacro -> /home/nimesha/thesis/ws_moveit/install/launch_param_builder/share/launch_param_builder/config
[0.867s] copying package.xml -> /home/nimesha/thesis/ws_moveit/install/launch_param_builder/share/launch_param_builder
[0.867s] creating /home/nimesha/thesis/ws_moveit/install/launch_param_builder/lib/launch_param_builder
[0.867s] copying example/example_node.py -> /home/nimesha/thesis/ws_moveit/install/launch_param_builder/lib/launch_param_builder
[0.868s] running install_egg_info
[0.869s] Copying ../../build/launch_param_builder/launch_param_builder.egg-info to /home/nimesha/thesis/ws_moveit/install/launch_param_builder/lib/python3.10/site-packages/launch_param_builder-0.1.1-py3.10.egg-info
[0.869s] running install_scripts
[0.882s] writing list of installed files to '/home/nimesha/thesis/ws_moveit/build/launch_param_builder/install.log'
[0.899s] Invoked command in '/home/nimesha/thesis/ws_moveit/src/launch_param_builder' returned '0': PYTHONPATH=/home/nimesha/thesis/ws_moveit/build/launch_param_builder/prefix_override:/usr/lib/python3/dist-packages/colcon_core/task/python/colcon_distutils_commands:/home/nimesha/thesis/ws_moveit/install/launch_param_builder/lib/python3.10/site-packages:${PYTHONPATH} /usr/bin/python3 -W ignore:setup.py install is deprecated setup.py egg_info --egg-base ../../build/launch_param_builder build --build-base /home/nimesha/thesis/ws_moveit/build/launch_param_builder/build install --record /home/nimesha/thesis/ws_moveit/build/launch_param_builder/install.log --single-version-externally-managed install_data
