[0.014s] Invoking command in '/home/nimesha/Thesis/Unused/moveit_ur5_ws/build/ur_bringup': CMAKE_PREFIX_PATH=${CMAKE_PREFIX_PATH}:/home/nimesha/Thesis/moveit_ur5_v2_ws/src/ws_moveit/install/moveit_configs_utils:/home/nimesha/Thesis/moveit_ur5_v2_ws/src/ws_moveit/install/launch_param_builder:/opt/ros/humble /usr/bin/cmake /home/nimesha/Thesis/Unused/moveit_ur5_ws/src/Universal_Robots_ROS2_Driver/ur_bringup -DCMAKE_INSTALL_PREFIX=/home/nimesha/Thesis/Unused/moveit_ur5_ws/install/ur_bringup
[0.108s] -- The C compiler identification is GNU 11.4.0
[0.302s] -- The CXX compiler identification is GNU 11.4.0
[0.414s] -- Detecting C compiler ABI info
[0.516s] -- Detecting C compiler ABI info - done
[0.523s] -- Check for working C compiler: /usr/bin/cc - skipped
[0.523s] -- Detecting C compile features
[0.523s] -- Detecting C compile features - done
[0.527s] -- Detecting CXX compiler ABI info
[0.635s] -- Detecting CXX compiler ABI info - done
[0.639s] -- Check for working CXX compiler: /usr/bin/c++ - skipped
[0.639s] -- Detecting CXX compile features
[0.639s] -- Detecting CXX compile features - done
[0.642s] -- Found ament_cmake: 1.3.10 (/home/nimesha/ros2_humble/ros2-linux/share/ament_cmake/cmake)
[0.737s] -- Found Python3: /usr/bin/python3 (found version "3.10.12") found components: Interpreter 
[0.849s] -- Configuring done
[0.850s] -- Generating done
[0.850s] -- Build files have been written to: /home/nimesha/Thesis/Unused/moveit_ur5_ws/build/ur_bringup
[0.854s] Invoked command in '/home/nimesha/Thesis/Unused/moveit_ur5_ws/build/ur_bringup' returned '0': CMAKE_PREFIX_PATH=${CMAKE_PREFIX_PATH}:/home/nimesha/Thesis/moveit_ur5_v2_ws/src/ws_moveit/install/moveit_configs_utils:/home/nimesha/Thesis/moveit_ur5_v2_ws/src/ws_moveit/install/launch_param_builder:/opt/ros/humble /usr/bin/cmake /home/nimesha/Thesis/Unused/moveit_ur5_ws/src/Universal_Robots_ROS2_Driver/ur_bringup -DCMAKE_INSTALL_PREFIX=/home/nimesha/Thesis/Unused/moveit_ur5_ws/install/ur_bringup
[0.855s] Invoking command in '/home/nimesha/Thesis/Unused/moveit_ur5_ws/build/ur_bringup': CMAKE_PREFIX_PATH=${CMAKE_PREFIX_PATH}:/home/nimesha/Thesis/moveit_ur5_v2_ws/src/ws_moveit/install/moveit_configs_utils:/home/nimesha/Thesis/moveit_ur5_v2_ws/src/ws_moveit/install/launch_param_builder:/opt/ros/humble /usr/bin/cmake --build /home/nimesha/Thesis/Unused/moveit_ur5_ws/build/ur_bringup -- -j32 -l32
[0.887s] Invoked command in '/home/nimesha/Thesis/Unused/moveit_ur5_ws/build/ur_bringup' returned '0': CMAKE_PREFIX_PATH=${CMAKE_PREFIX_PATH}:/home/nimesha/Thesis/moveit_ur5_v2_ws/src/ws_moveit/install/moveit_configs_utils:/home/nimesha/Thesis/moveit_ur5_v2_ws/src/ws_moveit/install/launch_param_builder:/opt/ros/humble /usr/bin/cmake --build /home/nimesha/Thesis/Unused/moveit_ur5_ws/build/ur_bringup -- -j32 -l32
[0.922s] Invoking command in '/home/nimesha/Thesis/Unused/moveit_ur5_ws/build/ur_bringup': CMAKE_PREFIX_PATH=${CMAKE_PREFIX_PATH}:/home/nimesha/Thesis/moveit_ur5_v2_ws/src/ws_moveit/install/moveit_configs_utils:/home/nimesha/Thesis/moveit_ur5_v2_ws/src/ws_moveit/install/launch_param_builder:/opt/ros/humble /usr/bin/cmake --install /home/nimesha/Thesis/Unused/moveit_ur5_ws/build/ur_bringup
[0.931s] -- Install configuration: ""
[0.931s] -- Installing: /home/nimesha/Thesis/Unused/moveit_ur5_ws/install/ur_bringup/share/ur_bringup/config
[0.931s] -- Installing: /home/nimesha/Thesis/Unused/moveit_ur5_ws/install/ur_bringup/share/ur_bringup/config/ur3e_update_rate.yaml
[0.931s] -- Installing: /home/nimesha/Thesis/Unused/moveit_ur5_ws/install/ur_bringup/share/ur_bringup/config/ur10e_update_rate.yaml
[0.931s] -- Installing: /home/nimesha/Thesis/Unused/moveit_ur5_ws/install/ur_bringup/share/ur_bringup/config/ur5_update_rate.yaml
[0.931s] -- Installing: /home/nimesha/Thesis/Unused/moveit_ur5_ws/install/ur_bringup/share/ur_bringup/config/test_velocity_goal_publishers_config.yaml
[0.931s] -- Installing: /home/nimesha/Thesis/Unused/moveit_ur5_ws/install/ur_bringup/share/ur_bringup/config/ur10_update_rate.yaml
[0.931s] -- Installing: /home/nimesha/Thesis/Unused/moveit_ur5_ws/install/ur_bringup/share/ur_bringup/config/test_goal_publishers_config.yaml
[0.932s] -- Installing: /home/nimesha/Thesis/Unused/moveit_ur5_ws/install/ur_bringup/share/ur_bringup/config/ur_controllers.yaml
[0.932s] -- Installing: /home/nimesha/Thesis/Unused/moveit_ur5_ws/install/ur_bringup/share/ur_bringup/config/ur16e_update_rate.yaml
[0.932s] -- Installing: /home/nimesha/Thesis/Unused/moveit_ur5_ws/install/ur_bringup/share/ur_bringup/config/ur5e_update_rate.yaml
[0.932s] -- Installing: /home/nimesha/Thesis/Unused/moveit_ur5_ws/install/ur_bringup/share/ur_bringup/config/ur3_update_rate.yaml
[0.932s] -- Installing: /home/nimesha/Thesis/Unused/moveit_ur5_ws/install/ur_bringup/share/ur_bringup/launch
[0.932s] -- Installing: /home/nimesha/Thesis/Unused/moveit_ur5_ws/install/ur_bringup/share/ur_bringup/launch/ur3e.launch.py
[0.932s] -- Installing: /home/nimesha/Thesis/Unused/moveit_ur5_ws/install/ur_bringup/share/ur_bringup/launch/ur3.launch.py
[0.932s] -- Installing: /home/nimesha/Thesis/Unused/moveit_ur5_ws/install/ur_bringup/share/ur_bringup/launch/ur10e.launch.py
[0.932s] -- Installing: /home/nimesha/Thesis/Unused/moveit_ur5_ws/install/ur_bringup/share/ur_bringup/launch/ur16e.launch.py
[0.932s] -- Installing: /home/nimesha/Thesis/Unused/moveit_ur5_ws/install/ur_bringup/share/ur_bringup/launch/ur10.launch.py
[0.932s] -- Installing: /home/nimesha/Thesis/Unused/moveit_ur5_ws/install/ur_bringup/share/ur_bringup/launch/ur_control.launch.py
[0.932s] -- Installing: /home/nimesha/Thesis/Unused/moveit_ur5_ws/install/ur_bringup/share/ur_bringup/launch/test_joint_trajectory_controller.launch.py
[0.932s] -- Installing: /home/nimesha/Thesis/Unused/moveit_ur5_ws/install/ur_bringup/share/ur_bringup/launch/test_forward_velocity_controller.launch.py
[0.932s] -- Installing: /home/nimesha/Thesis/Unused/moveit_ur5_ws/install/ur_bringup/share/ur_bringup/launch/ur5e.launch.py
[0.933s] -- Installing: /home/nimesha/Thesis/Unused/moveit_ur5_ws/install/ur_bringup/share/ur_bringup/launch/test_scaled_joint_trajectory_controller.launch.py
[0.933s] -- Installing: /home/nimesha/Thesis/Unused/moveit_ur5_ws/install/ur_bringup/share/ur_bringup/launch/ur5.launch.py
[0.933s] -- Installing: /home/nimesha/Thesis/Unused/moveit_ur5_ws/install/ur_bringup/share/ur_bringup/launch/ur_dashboard_client.launch.py
[0.933s] -- Installing: /home/nimesha/Thesis/Unused/moveit_ur5_ws/install/ur_bringup/lib/ur_bringup/start_ursim.sh
[0.933s] -- Installing: /home/nimesha/Thesis/Unused/moveit_ur5_ws/install/ur_bringup/share/ament_index/resource_index/package_run_dependencies/ur_bringup
[0.933s] -- Installing: /home/nimesha/Thesis/Unused/moveit_ur5_ws/install/ur_bringup/share/ament_index/resource_index/parent_prefix_path/ur_bringup
[0.933s] -- Installing: /home/nimesha/Thesis/Unused/moveit_ur5_ws/install/ur_bringup/share/ur_bringup/environment/ament_prefix_path.sh
[0.933s] -- Installing: /home/nimesha/Thesis/Unused/moveit_ur5_ws/install/ur_bringup/share/ur_bringup/environment/ament_prefix_path.dsv
[0.933s] -- Installing: /home/nimesha/Thesis/Unused/moveit_ur5_ws/install/ur_bringup/share/ur_bringup/environment/path.sh
[0.933s] -- Installing: /home/nimesha/Thesis/Unused/moveit_ur5_ws/install/ur_bringup/share/ur_bringup/environment/path.dsv
[0.933s] -- Installing: /home/nimesha/Thesis/Unused/moveit_ur5_ws/install/ur_bringup/share/ur_bringup/local_setup.bash
[0.933s] -- Installing: /home/nimesha/Thesis/Unused/moveit_ur5_ws/install/ur_bringup/share/ur_bringup/local_setup.sh
[0.933s] -- Installing: /home/nimesha/Thesis/Unused/moveit_ur5_ws/install/ur_bringup/share/ur_bringup/local_setup.zsh
[0.933s] -- Installing: /home/nimesha/Thesis/Unused/moveit_ur5_ws/install/ur_bringup/share/ur_bringup/local_setup.dsv
[0.933s] -- Installing: /home/nimesha/Thesis/Unused/moveit_ur5_ws/install/ur_bringup/share/ur_bringup/package.dsv
[0.933s] -- Installing: /home/nimesha/Thesis/Unused/moveit_ur5_ws/install/ur_bringup/share/ament_index/resource_index/packages/ur_bringup
[0.933s] -- Installing: /home/nimesha/Thesis/Unused/moveit_ur5_ws/install/ur_bringup/share/ur_bringup/cmake/ur_bringupConfig.cmake
[0.933s] -- Installing: /home/nimesha/Thesis/Unused/moveit_ur5_ws/install/ur_bringup/share/ur_bringup/cmake/ur_bringupConfig-version.cmake
[0.933s] -- Installing: /home/nimesha/Thesis/Unused/moveit_ur5_ws/install/ur_bringup/share/ur_bringup/package.xml
[0.937s] Invoked command in '/home/nimesha/Thesis/Unused/moveit_ur5_ws/build/ur_bringup' returned '0': CMAKE_PREFIX_PATH=${CMAKE_PREFIX_PATH}:/home/nimesha/Thesis/moveit_ur5_v2_ws/src/ws_moveit/install/moveit_configs_utils:/home/nimesha/Thesis/moveit_ur5_v2_ws/src/ws_moveit/install/launch_param_builder:/opt/ros/humble /usr/bin/cmake --install /home/nimesha/Thesis/Unused/moveit_ur5_ws/build/ur_bringup
