[0.438s] Invoking command in '/home/nimesha/Thesis/moveit_ur5_ws/src/ws_moveit/src/launch_param_builder': PYTHONPATH=/home/nimesha/Thesis/moveit_ur5_ws/build/launch_param_builder/prefix_override:/usr/lib/python3/dist-packages/colcon_core/task/python/colcon_distutils_commands:/home/nimesha/Thesis/moveit_ur5_ws/install/launch_param_builder/lib/python3.10/site-packages:${PYTHONPATH} /usr/bin/python3 -W ignore:setup.py install is deprecated setup.py egg_info --egg-base ../../../../build/launch_param_builder build --build-base /home/nimesha/Thesis/moveit_ur5_ws/build/launch_param_builder/build install --record /home/nimesha/Thesis/moveit_ur5_ws/build/launch_param_builder/install.log --single-version-externally-managed install_data
[0.569s] running egg_info
[0.569s] creating ../../../../build/launch_param_builder/launch_param_builder.egg-info
[0.570s] writing ../../../../build/launch_param_builder/launch_param_builder.egg-info/PKG-INFO
[0.570s] writing dependency_links to ../../../../build/launch_param_builder/launch_param_builder.egg-info/dependency_links.txt
[0.570s] writing entry points to ../../../../build/launch_param_builder/launch_param_builder.egg-info/entry_points.txt
[0.570s] writing requirements to ../../../../build/launch_param_builder/launch_param_builder.egg-info/requires.txt
[0.570s] writing top-level names to ../../../../build/launch_param_builder/launch_param_builder.egg-info/top_level.txt
[0.570s] writing manifest file '../../../../build/launch_param_builder/launch_param_builder.egg-info/SOURCES.txt'
[0.570s] reading manifest file '../../../../build/launch_param_builder/launch_param_builder.egg-info/SOURCES.txt'
[0.570s] adding license file 'LICENSE'
[0.571s] writing manifest file '../../../../build/launch_param_builder/launch_param_builder.egg-info/SOURCES.txt'
[0.571s] running build
[0.571s] running build_py
[0.571s] creating /home/nimesha/Thesis/moveit_ur5_ws/build/launch_param_builder/build
[0.571s] creating /home/nimesha/Thesis/moveit_ur5_ws/build/launch_param_builder/build/lib
[0.571s] creating /home/nimesha/Thesis/moveit_ur5_ws/build/launch_param_builder/build/lib/launch_param_builder
[0.571s] copying launch_param_builder/launch_param_builder.py -> /home/nimesha/Thesis/moveit_ur5_ws/build/launch_param_builder/build/lib/launch_param_builder
[0.571s] copying launch_param_builder/__init__.py -> /home/nimesha/Thesis/moveit_ur5_ws/build/launch_param_builder/build/lib/launch_param_builder
[0.571s] copying launch_param_builder/utils.py -> /home/nimesha/Thesis/moveit_ur5_ws/build/launch_param_builder/build/lib/launch_param_builder
[0.572s] running install
[0.572s] running install_lib
[0.572s] creating /home/nimesha/Thesis/moveit_ur5_ws/install/launch_param_builder/lib/python3.10/site-packages/launch_param_builder
[0.572s] copying /home/nimesha/Thesis/moveit_ur5_ws/build/launch_param_builder/build/lib/launch_param_builder/launch_param_builder.py -> /home/nimesha/Thesis/moveit_ur5_ws/install/launch_param_builder/lib/python3.10/site-packages/launch_param_builder
[0.572s] copying /home/nimesha/Thesis/moveit_ur5_ws/build/launch_param_builder/build/lib/launch_param_builder/__init__.py -> /home/nimesha/Thesis/moveit_ur5_ws/install/launch_param_builder/lib/python3.10/site-packages/launch_param_builder
[0.572s] copying /home/nimesha/Thesis/moveit_ur5_ws/build/launch_param_builder/build/lib/launch_param_builder/utils.py -> /home/nimesha/Thesis/moveit_ur5_ws/install/launch_param_builder/lib/python3.10/site-packages/launch_param_builder
[0.574s] byte-compiling /home/nimesha/Thesis/moveit_ur5_ws/install/launch_param_builder/lib/python3.10/site-packages/launch_param_builder/launch_param_builder.py to launch_param_builder.cpython-310.pyc
[0.574s] byte-compiling /home/nimesha/Thesis/moveit_ur5_ws/install/launch_param_builder/lib/python3.10/site-packages/launch_param_builder/__init__.py to __init__.cpython-310.pyc
[0.574s] byte-compiling /home/nimesha/Thesis/moveit_ur5_ws/install/launch_param_builder/lib/python3.10/site-packages/launch_param_builder/utils.py to utils.cpython-310.pyc
[0.574s] running install_data
[0.574s] creating /home/nimesha/Thesis/moveit_ur5_ws/install/launch_param_builder/share/ament_index
[0.574s] creating /home/nimesha/Thesis/moveit_ur5_ws/install/launch_param_builder/share/ament_index/resource_index
[0.574s] creating /home/nimesha/Thesis/moveit_ur5_ws/install/launch_param_builder/share/ament_index/resource_index/packages
[0.574s] copying resource/launch_param_builder -> /home/nimesha/Thesis/moveit_ur5_ws/install/launch_param_builder/share/ament_index/resource_index/packages
[0.574s] creating /home/nimesha/Thesis/moveit_ur5_ws/install/launch_param_builder/share/launch_param_builder/launch
[0.574s] copying example/launch_param_builder_example.launch.py -> /home/nimesha/Thesis/moveit_ur5_ws/install/launch_param_builder/share/launch_param_builder/launch
[0.574s] creating /home/nimesha/Thesis/moveit_ur5_ws/install/launch_param_builder/share/launch_param_builder/config
[0.574s] copying test/data/parameters.yaml -> /home/nimesha/Thesis/moveit_ur5_ws/install/launch_param_builder/share/launch_param_builder/config
[0.574s] copying test/data/param_file_to_inject.yaml -> /home/nimesha/Thesis/moveit_ur5_ws/install/launch_param_builder/share/launch_param_builder/config
[0.575s] copying test/data/parameters_injection.yaml -> /home/nimesha/Thesis/moveit_ur5_ws/install/launch_param_builder/share/launch_param_builder/config
[0.576s] copying test/data/parameter_file -> /home/nimesha/Thesis/moveit_ur5_ws/install/launch_param_builder/share/launch_param_builder/config
[0.576s] copying test/data/parameter.xacro -> /home/nimesha/Thesis/moveit_ur5_ws/install/launch_param_builder/share/launch_param_builder/config
[0.577s] copying package.xml -> /home/nimesha/Thesis/moveit_ur5_ws/install/launch_param_builder/share/launch_param_builder
[0.577s] creating /home/nimesha/Thesis/moveit_ur5_ws/install/launch_param_builder/lib/launch_param_builder
[0.577s] copying example/example_node.py -> /home/nimesha/Thesis/moveit_ur5_ws/install/launch_param_builder/lib/launch_param_builder
[0.577s] running install_egg_info
[0.579s] Copying ../../../../build/launch_param_builder/launch_param_builder.egg-info to /home/nimesha/Thesis/moveit_ur5_ws/install/launch_param_builder/lib/python3.10/site-packages/launch_param_builder-0.1.1-py3.10.egg-info
[0.579s] running install_scripts
[0.593s] writing list of installed files to '/home/nimesha/Thesis/moveit_ur5_ws/build/launch_param_builder/install.log'
[0.608s] Invoked command in '/home/nimesha/Thesis/moveit_ur5_ws/src/ws_moveit/src/launch_param_builder' returned '0': PYTHONPATH=/home/nimesha/Thesis/moveit_ur5_ws/build/launch_param_builder/prefix_override:/usr/lib/python3/dist-packages/colcon_core/task/python/colcon_distutils_commands:/home/nimesha/Thesis/moveit_ur5_ws/install/launch_param_builder/lib/python3.10/site-packages:${PYTHONPATH} /usr/bin/python3 -W ignore:setup.py install is deprecated setup.py egg_info --egg-base ../../../../build/launch_param_builder build --build-base /home/nimesha/Thesis/moveit_ur5_ws/build/launch_param_builder/build install --record /home/nimesha/Thesis/moveit_ur5_ws/build/launch_param_builder/install.log --single-version-externally-managed install_data
