[0.017s] Invoking command in '/home/nimesha/Thesis/moveit_ur5_v2_ws/build/robotiq_2f_140_gripper_visualization': CMAKE_PREFIX_PATH=${CMAKE_PREFIX_PATH}:/home/nimesha/Thesis/moveit_ur5_v2_ws/install/moveit_configs_utils:/home/nimesha/Thesis/moveit_ur5_v2_ws/install/launch_param_builder:/home/nimesha/Thesis/moveit_ur5_v2_ws/src/ws_moveit/install/moveit_configs_utils:/home/nimesha/Thesis/moveit_ur5_v2_ws/src/ws_moveit/install/launch_param_builder:/opt/ros/humble /usr/bin/cmake /home/nimesha/Thesis/moveit_ur5_v2_ws/src/UR5e_robotiq_gripper_RViz/UR5e_with_2F_140_robotiq_gripper_RViz/robotiq_2f_140_gripper_visualization -DCMAKE_INSTALL_PREFIX=/home/nimesha/Thesis/moveit_ur5_v2_ws/install/robotiq_2f_140_gripper_visualization
[0.095s] -- The C compiler identification is GNU 11.4.0
[0.302s] -- The CXX compiler identification is GNU 11.4.0
[0.448s] -- Detecting C compiler ABI info
[0.539s] -- Detecting C compiler ABI info - done
[0.542s] -- Check for working C compiler: /usr/bin/cc - skipped
[0.542s] -- Detecting C compile features
[0.544s] -- Detecting C compile features - done
[0.546s] -- Detecting CXX compiler ABI info
[0.653s] -- Detecting CXX compiler ABI info - done
[0.657s] -- Check for working CXX compiler: /usr/bin/c++ - skipped
[0.657s] -- Detecting CXX compile features
[0.657s] -- Detecting CXX compile features - done
[0.661s] -- Found ament_cmake: 1.3.10 (/home/nimesha/ros2_humble/ros2-linux/share/ament_cmake/cmake)
[0.795s] -- Found Python3: /usr/bin/python3 (found version "3.10.12") found components: Interpreter 
[0.887s] -- Found rclcpp: 16.0.10 (/home/nimesha/ros2_humble/ros2-linux/share/rclcpp/cmake)
[1.002s] -- Found rosidl_generator_c: 3.1.5 (/home/nimesha/ros2_humble/ros2-linux/share/rosidl_generator_c/cmake)
[1.012s] -- Found rosidl_adapter: 3.1.5 (/home/nimesha/ros2_humble/ros2-linux/share/rosidl_adapter/cmake)
[1.032s] -- Found rosidl_generator_cpp: 3.1.5 (/home/nimesha/ros2_humble/ros2-linux/share/rosidl_generator_cpp/cmake)
[1.048s] -- Using all available rosidl_typesupport_c: rosidl_typesupport_fastrtps_c;rosidl_typesupport_introspection_c
[1.065s] -- Using all available rosidl_typesupport_cpp: rosidl_typesupport_fastrtps_cpp;rosidl_typesupport_introspection_cpp
[1.146s] -- Found rmw_implementation_cmake: 6.1.2 (/home/nimesha/ros2_humble/ros2-linux/share/rmw_implementation_cmake/cmake)
[1.156s] -- Found rmw_fastrtps_cpp: 6.2.7 (/home/nimesha/ros2_humble/ros2-linux/share/rmw_fastrtps_cpp/cmake)
[1.806s] -- Found OpenSSL: /usr/lib/x86_64-linux-gnu/libcrypto.so (found version "3.0.2")  
[2.404s] -- Found FastRTPS: /home/nimesha/ros2_humble/ros2-linux/include  
[3.540s] -- Using RMW implementation 'rmw_fastrtps_cpp' as default
[3.569s] -- Looking for pthread.h
[3.664s] -- Looking for pthread.h - found
[3.664s] -- Performing Test CMAKE_HAVE_LIBC_PTHREAD
[3.761s] -- Performing Test CMAKE_HAVE_LIBC_PTHREAD - Success
[3.761s] -- Found Threads: TRUE  
[3.815s] -- Found std_msgs: 4.2.4 (/home/nimesha/ros2_humble/ros2-linux/share/std_msgs/cmake)
[3.869s] -- Configuring done
[3.871s] -- Generating done
[3.872s] -- Build files have been written to: /home/nimesha/Thesis/moveit_ur5_v2_ws/build/robotiq_2f_140_gripper_visualization
[3.878s] Invoked command in '/home/nimesha/Thesis/moveit_ur5_v2_ws/build/robotiq_2f_140_gripper_visualization' returned '0': CMAKE_PREFIX_PATH=${CMAKE_PREFIX_PATH}:/home/nimesha/Thesis/moveit_ur5_v2_ws/install/moveit_configs_utils:/home/nimesha/Thesis/moveit_ur5_v2_ws/install/launch_param_builder:/home/nimesha/Thesis/moveit_ur5_v2_ws/src/ws_moveit/install/moveit_configs_utils:/home/nimesha/Thesis/moveit_ur5_v2_ws/src/ws_moveit/install/launch_param_builder:/opt/ros/humble /usr/bin/cmake /home/nimesha/Thesis/moveit_ur5_v2_ws/src/UR5e_robotiq_gripper_RViz/UR5e_with_2F_140_robotiq_gripper_RViz/robotiq_2f_140_gripper_visualization -DCMAKE_INSTALL_PREFIX=/home/nimesha/Thesis/moveit_ur5_v2_ws/install/robotiq_2f_140_gripper_visualization
[3.878s] Invoking command in '/home/nimesha/Thesis/moveit_ur5_v2_ws/build/robotiq_2f_140_gripper_visualization': CMAKE_PREFIX_PATH=${CMAKE_PREFIX_PATH}:/home/nimesha/Thesis/moveit_ur5_v2_ws/install/moveit_configs_utils:/home/nimesha/Thesis/moveit_ur5_v2_ws/install/launch_param_builder:/home/nimesha/Thesis/moveit_ur5_v2_ws/src/ws_moveit/install/moveit_configs_utils:/home/nimesha/Thesis/moveit_ur5_v2_ws/src/ws_moveit/install/launch_param_builder:/opt/ros/humble /usr/bin/cmake --build /home/nimesha/Thesis/moveit_ur5_v2_ws/build/robotiq_2f_140_gripper_visualization -- -j32 -l32
[3.915s] Invoked command in '/home/nimesha/Thesis/moveit_ur5_v2_ws/build/robotiq_2f_140_gripper_visualization' returned '0': CMAKE_PREFIX_PATH=${CMAKE_PREFIX_PATH}:/home/nimesha/Thesis/moveit_ur5_v2_ws/install/moveit_configs_utils:/home/nimesha/Thesis/moveit_ur5_v2_ws/install/launch_param_builder:/home/nimesha/Thesis/moveit_ur5_v2_ws/src/ws_moveit/install/moveit_configs_utils:/home/nimesha/Thesis/moveit_ur5_v2_ws/src/ws_moveit/install/launch_param_builder:/opt/ros/humble /usr/bin/cmake --build /home/nimesha/Thesis/moveit_ur5_v2_ws/build/robotiq_2f_140_gripper_visualization -- -j32 -l32
[3.950s] Invoking command in '/home/nimesha/Thesis/moveit_ur5_v2_ws/build/robotiq_2f_140_gripper_visualization': CMAKE_PREFIX_PATH=${CMAKE_PREFIX_PATH}:/home/nimesha/Thesis/moveit_ur5_v2_ws/install/moveit_configs_utils:/home/nimesha/Thesis/moveit_ur5_v2_ws/install/launch_param_builder:/home/nimesha/Thesis/moveit_ur5_v2_ws/src/ws_moveit/install/moveit_configs_utils:/home/nimesha/Thesis/moveit_ur5_v2_ws/src/ws_moveit/install/launch_param_builder:/opt/ros/humble /usr/bin/cmake --install /home/nimesha/Thesis/moveit_ur5_v2_ws/build/robotiq_2f_140_gripper_visualization
[3.957s] -- Install configuration: ""
[3.957s] -- Installing: /home/nimesha/Thesis/moveit_ur5_v2_ws/install/robotiq_2f_140_gripper_visualization/share/robotiq_2f_140_gripper_visualization/urdf
[3.958s] -- Installing: /home/nimesha/Thesis/moveit_ur5_v2_ws/install/robotiq_2f_140_gripper_visualization/share/robotiq_2f_140_gripper_visualization/urdf/robotiq_arg2f_140_model.xacro
[3.958s] -- Installing: /home/nimesha/Thesis/moveit_ur5_v2_ws/install/robotiq_2f_140_gripper_visualization/share/robotiq_2f_140_gripper_visualization/urdf/robotiq_arg2f.xacro
[3.959s] -- Installing: /home/nimesha/Thesis/moveit_ur5_v2_ws/install/robotiq_2f_140_gripper_visualization/share/robotiq_2f_140_gripper_visualization/urdf/robotiq_arg2f_transmission.xacro
[3.960s] -- Installing: /home/nimesha/Thesis/moveit_ur5_v2_ws/install/robotiq_2f_140_gripper_visualization/share/robotiq_2f_140_gripper_visualization/urdf/robotiq_arg2f_140_model_macro.xacro
[3.960s] -- Installing: /home/nimesha/Thesis/moveit_ur5_v2_ws/install/robotiq_2f_140_gripper_visualization/share/robotiq_2f_140_gripper_visualization/meshes
[3.960s] -- Installing: /home/nimesha/Thesis/moveit_ur5_v2_ws/install/robotiq_2f_140_gripper_visualization/share/robotiq_2f_140_gripper_visualization/meshes/collision
[3.960s] -- Installing: /home/nimesha/Thesis/moveit_ur5_v2_ws/install/robotiq_2f_140_gripper_visualization/share/robotiq_2f_140_gripper_visualization/meshes/collision/robotiq_arg2f_base_link.stl
[3.961s] -- Installing: /home/nimesha/Thesis/moveit_ur5_v2_ws/install/robotiq_2f_140_gripper_visualization/share/robotiq_2f_140_gripper_visualization/meshes/collision/robotiq_arg2f_140_inner_finger.stl
[3.961s] -- Installing: /home/nimesha/Thesis/moveit_ur5_v2_ws/install/robotiq_2f_140_gripper_visualization/share/robotiq_2f_140_gripper_visualization/meshes/collision/robotiq_arg2f_140_outer_finger.stl
[3.961s] -- Installing: /home/nimesha/Thesis/moveit_ur5_v2_ws/install/robotiq_2f_140_gripper_visualization/share/robotiq_2f_140_gripper_visualization/meshes/collision/robotiq_arg2f_140_inner_knuckle.stl
[3.962s] -- Installing: /home/nimesha/Thesis/moveit_ur5_v2_ws/install/robotiq_2f_140_gripper_visualization/share/robotiq_2f_140_gripper_visualization/meshes/collision/robotiq_arg2f_coupling.stl
[3.962s] -- Installing: /home/nimesha/Thesis/moveit_ur5_v2_ws/install/robotiq_2f_140_gripper_visualization/share/robotiq_2f_140_gripper_visualization/meshes/collision/robotiq_arg2f_140_outer_knuckle.stl
[3.963s] -- Installing: /home/nimesha/Thesis/moveit_ur5_v2_ws/install/robotiq_2f_140_gripper_visualization/share/robotiq_2f_140_gripper_visualization/meshes/visual
[3.963s] -- Installing: /home/nimesha/Thesis/moveit_ur5_v2_ws/install/robotiq_2f_140_gripper_visualization/share/robotiq_2f_140_gripper_visualization/meshes/visual/robotiq_arg2f_base_link.stl
[3.971s] -- Installing: /home/nimesha/Thesis/moveit_ur5_v2_ws/install/robotiq_2f_140_gripper_visualization/share/robotiq_2f_140_gripper_visualization/meshes/visual/robotiq_arg2f_140_inner_finger.stl
[3.972s] -- Installing: /home/nimesha/Thesis/moveit_ur5_v2_ws/install/robotiq_2f_140_gripper_visualization/share/robotiq_2f_140_gripper_visualization/meshes/visual/robotiq_arg2f_140_outer_finger.stl
[3.973s] -- Installing: /home/nimesha/Thesis/moveit_ur5_v2_ws/install/robotiq_2f_140_gripper_visualization/share/robotiq_2f_140_gripper_visualization/meshes/visual/robotiq_arg2f_140_inner_knuckle.stl
[3.974s] -- Installing: /home/nimesha/Thesis/moveit_ur5_v2_ws/install/robotiq_2f_140_gripper_visualization/share/robotiq_2f_140_gripper_visualization/meshes/visual/robotiq_arg2f_coupling.stl
[3.978s] -- Installing: /home/nimesha/Thesis/moveit_ur5_v2_ws/install/robotiq_2f_140_gripper_visualization/share/robotiq_2f_140_gripper_visualization/meshes/visual/robotiq_arg2f_140_outer_knuckle.stl
[3.978s] -- Installing: /home/nimesha/Thesis/moveit_ur5_v2_ws/install/robotiq_2f_140_gripper_visualization/share/ament_index/resource_index/package_run_dependencies/robotiq_2f_140_gripper_visualization
[3.978s] -- Installing: /home/nimesha/Thesis/moveit_ur5_v2_ws/install/robotiq_2f_140_gripper_visualization/share/ament_index/resource_index/parent_prefix_path/robotiq_2f_140_gripper_visualization
[3.978s] -- Installing: /home/nimesha/Thesis/moveit_ur5_v2_ws/install/robotiq_2f_140_gripper_visualization/share/robotiq_2f_140_gripper_visualization/environment/ament_prefix_path.sh
[3.978s] -- Installing: /home/nimesha/Thesis/moveit_ur5_v2_ws/install/robotiq_2f_140_gripper_visualization/share/robotiq_2f_140_gripper_visualization/environment/ament_prefix_path.dsv
[3.978s] -- Installing: /home/nimesha/Thesis/moveit_ur5_v2_ws/install/robotiq_2f_140_gripper_visualization/share/robotiq_2f_140_gripper_visualization/environment/path.sh
[3.978s] -- Installing: /home/nimesha/Thesis/moveit_ur5_v2_ws/install/robotiq_2f_140_gripper_visualization/share/robotiq_2f_140_gripper_visualization/environment/path.dsv
[3.978s] -- Installing: /home/nimesha/Thesis/moveit_ur5_v2_ws/install/robotiq_2f_140_gripper_visualization/share/robotiq_2f_140_gripper_visualization/local_setup.bash
[3.978s] -- Installing: /home/nimesha/Thesis/moveit_ur5_v2_ws/install/robotiq_2f_140_gripper_visualization/share/robotiq_2f_140_gripper_visualization/local_setup.sh
[3.978s] -- Installing: /home/nimesha/Thesis/moveit_ur5_v2_ws/install/robotiq_2f_140_gripper_visualization/share/robotiq_2f_140_gripper_visualization/local_setup.zsh
[3.978s] -- Installing: /home/nimesha/Thesis/moveit_ur5_v2_ws/install/robotiq_2f_140_gripper_visualization/share/robotiq_2f_140_gripper_visualization/local_setup.dsv
[3.978s] -- Installing: /home/nimesha/Thesis/moveit_ur5_v2_ws/install/robotiq_2f_140_gripper_visualization/share/robotiq_2f_140_gripper_visualization/package.dsv
[3.978s] -- Installing: /home/nimesha/Thesis/moveit_ur5_v2_ws/install/robotiq_2f_140_gripper_visualization/share/ament_index/resource_index/packages/robotiq_2f_140_gripper_visualization
[3.979s] -- Installing: /home/nimesha/Thesis/moveit_ur5_v2_ws/install/robotiq_2f_140_gripper_visualization/share/robotiq_2f_140_gripper_visualization/cmake/robotiq_2f_140_gripper_visualizationConfig.cmake
[3.979s] -- Installing: /home/nimesha/Thesis/moveit_ur5_v2_ws/install/robotiq_2f_140_gripper_visualization/share/robotiq_2f_140_gripper_visualization/cmake/robotiq_2f_140_gripper_visualizationConfig-version.cmake
[3.979s] -- Installing: /home/nimesha/Thesis/moveit_ur5_v2_ws/install/robotiq_2f_140_gripper_visualization/share/robotiq_2f_140_gripper_visualization/package.xml
[3.979s] Invoked command in '/home/nimesha/Thesis/moveit_ur5_v2_ws/build/robotiq_2f_140_gripper_visualization' returned '0': CMAKE_PREFIX_PATH=${CMAKE_PREFIX_PATH}:/home/nimesha/Thesis/moveit_ur5_v2_ws/install/moveit_configs_utils:/home/nimesha/Thesis/moveit_ur5_v2_ws/install/launch_param_builder:/home/nimesha/Thesis/moveit_ur5_v2_ws/src/ws_moveit/install/moveit_configs_utils:/home/nimesha/Thesis/moveit_ur5_v2_ws/src/ws_moveit/install/launch_param_builder:/opt/ros/humble /usr/bin/cmake --install /home/nimesha/Thesis/moveit_ur5_v2_ws/build/robotiq_2f_140_gripper_visualization
