[0.016s] Invoking command in '/home/nimesha/Thesis/Unused/moveit_ur5_ws/build/robotiq_description': CMAKE_PREFIX_PATH=${CMAKE_PREFIX_PATH}:/home/nimesha/Thesis/moveit_ur5_v2_ws/src/ws_moveit/install/moveit_configs_utils:/home/nimesha/Thesis/moveit_ur5_v2_ws/src/ws_moveit/install/launch_param_builder:/opt/ros/humble /usr/bin/cmake /home/nimesha/Thesis/Unused/moveit_ur5_ws/src/ROS2_pick_and_place_UR5/robotiq_description -DCMAKE_INSTALL_PREFIX=/home/nimesha/Thesis/Unused/moveit_ur5_ws/install/robotiq_description
[0.105s] -- The C compiler identification is GNU 11.4.0
[0.268s] -- The CXX compiler identification is GNU 11.4.0
[0.389s] -- Detecting C compiler ABI info
[0.469s] -- Detecting C compiler ABI info - done
[0.472s] -- Check for working C compiler: /usr/bin/cc - skipped
[0.472s] -- Detecting C compile features
[0.473s] -- Detecting C compile features - done
[0.474s] -- Detecting CXX compiler ABI info
[0.560s] -- Detecting CXX compiler ABI info - done
[0.564s] -- Check for working CXX compiler: /usr/bin/c++ - skipped
[0.564s] -- Detecting CXX compile features
[0.564s] -- Detecting CXX compile features - done
[0.567s] -- Found ament_cmake: 1.3.10 (/home/nimesha/ros2_humble/ros2-linux/share/ament_cmake/cmake)
[0.662s] -- Found Python3: /usr/bin/python3 (found version "3.10.12") found components: Interpreter 
[0.746s] -- Found ament_lint_auto: 0.12.11 (/home/nimesha/ros2_humble/ros2-linux/share/ament_lint_auto/cmake)
[0.807s] -- Added test 'copyright' to check source files copyright and LICENSE
[0.808s] -- Added test 'lint_cmake' to check CMake code style
[0.810s] -- Added test 'xmllint' to check XML markup files
[0.811s] -- Configuring done
[0.813s] -- Generating done
[0.813s] -- Build files have been written to: /home/nimesha/Thesis/Unused/moveit_ur5_ws/build/robotiq_description
[0.816s] Invoked command in '/home/nimesha/Thesis/Unused/moveit_ur5_ws/build/robotiq_description' returned '0': CMAKE_PREFIX_PATH=${CMAKE_PREFIX_PATH}:/home/nimesha/Thesis/moveit_ur5_v2_ws/src/ws_moveit/install/moveit_configs_utils:/home/nimesha/Thesis/moveit_ur5_v2_ws/src/ws_moveit/install/launch_param_builder:/opt/ros/humble /usr/bin/cmake /home/nimesha/Thesis/Unused/moveit_ur5_ws/src/ROS2_pick_and_place_UR5/robotiq_description -DCMAKE_INSTALL_PREFIX=/home/nimesha/Thesis/Unused/moveit_ur5_ws/install/robotiq_description
[0.817s] Invoking command in '/home/nimesha/Thesis/Unused/moveit_ur5_ws/build/robotiq_description': CMAKE_PREFIX_PATH=${CMAKE_PREFIX_PATH}:/home/nimesha/Thesis/moveit_ur5_v2_ws/src/ws_moveit/install/moveit_configs_utils:/home/nimesha/Thesis/moveit_ur5_v2_ws/src/ws_moveit/install/launch_param_builder:/opt/ros/humble /usr/bin/cmake --build /home/nimesha/Thesis/Unused/moveit_ur5_ws/build/robotiq_description -- -j32 -l32
[0.846s] Invoked command in '/home/nimesha/Thesis/Unused/moveit_ur5_ws/build/robotiq_description' returned '0': CMAKE_PREFIX_PATH=${CMAKE_PREFIX_PATH}:/home/nimesha/Thesis/moveit_ur5_v2_ws/src/ws_moveit/install/moveit_configs_utils:/home/nimesha/Thesis/moveit_ur5_v2_ws/src/ws_moveit/install/launch_param_builder:/opt/ros/humble /usr/bin/cmake --build /home/nimesha/Thesis/Unused/moveit_ur5_ws/build/robotiq_description -- -j32 -l32
[0.884s] Invoking command in '/home/nimesha/Thesis/Unused/moveit_ur5_ws/build/robotiq_description': CMAKE_PREFIX_PATH=${CMAKE_PREFIX_PATH}:/home/nimesha/Thesis/moveit_ur5_v2_ws/src/ws_moveit/install/moveit_configs_utils:/home/nimesha/Thesis/moveit_ur5_v2_ws/src/ws_moveit/install/launch_param_builder:/opt/ros/humble /usr/bin/cmake --install /home/nimesha/Thesis/Unused/moveit_ur5_ws/build/robotiq_description
[0.889s] -- Install configuration: ""
[0.889s] -- Installing: /home/nimesha/Thesis/Unused/moveit_ur5_ws/install/robotiq_description/share/robotiq_description/urdf
[0.890s] -- Installing: /home/nimesha/Thesis/Unused/moveit_ur5_ws/install/robotiq_description/share/robotiq_description/urdf/robotiq_85_gripper.transmission.xacro
[0.890s] -- Installing: /home/nimesha/Thesis/Unused/moveit_ur5_ws/install/robotiq_description/share/robotiq_description/urdf/robotiq_85_gripper.xacro
[0.890s] -- Installing: /home/nimesha/Thesis/Unused/moveit_ur5_ws/install/robotiq_description/share/robotiq_description/urdf/robotiq_85_gripper.urdf.xacro
[0.890s] -- Installing: /home/nimesha/Thesis/Unused/moveit_ur5_ws/install/robotiq_description/share/robotiq_description/urdf/robotiq_85_gripper_sim_base.urdf.xacro
[0.890s] -- Installing: /home/nimesha/Thesis/Unused/moveit_ur5_ws/install/robotiq_description/share/robotiq_description/meshes
[0.890s] -- Installing: /home/nimesha/Thesis/Unused/moveit_ur5_ws/install/robotiq_description/share/robotiq_description/meshes/robotiq_85_coupler.stl
[0.890s] -- Installing: /home/nimesha/Thesis/Unused/moveit_ur5_ws/install/robotiq_description/share/robotiq_description/meshes/collision
[0.890s] -- Installing: /home/nimesha/Thesis/Unused/moveit_ur5_ws/install/robotiq_description/share/robotiq_description/meshes/collision/robotiq_85_finger_tip_link.stl
[0.890s] -- Installing: /home/nimesha/Thesis/Unused/moveit_ur5_ws/install/robotiq_description/share/robotiq_description/meshes/collision/robotiq_85_knuckle_link.stl
[0.891s] -- Installing: /home/nimesha/Thesis/Unused/moveit_ur5_ws/install/robotiq_description/share/robotiq_description/meshes/collision/robotiq_85_base_link.stl
[0.891s] -- Installing: /home/nimesha/Thesis/Unused/moveit_ur5_ws/install/robotiq_description/share/robotiq_description/meshes/collision/robotiq_85_finger_link.stl
[0.891s] -- Installing: /home/nimesha/Thesis/Unused/moveit_ur5_ws/install/robotiq_description/share/robotiq_description/meshes/collision/robotiq_85_inner_knuckle_link.stl
[0.891s] -- Installing: /home/nimesha/Thesis/Unused/moveit_ur5_ws/install/robotiq_description/share/robotiq_description/meshes/visual
[0.891s] -- Installing: /home/nimesha/Thesis/Unused/moveit_ur5_ws/install/robotiq_description/share/robotiq_description/meshes/visual/robotiq_85_inner_knuckle_link.dae
[0.891s] -- Installing: /home/nimesha/Thesis/Unused/moveit_ur5_ws/install/robotiq_description/share/robotiq_description/meshes/visual/robotiq_85_finger_link.dae
[0.892s] -- Installing: /home/nimesha/Thesis/Unused/moveit_ur5_ws/install/robotiq_description/share/robotiq_description/meshes/visual/robotiq_85_base_link.dae
[0.893s] -- Installing: /home/nimesha/Thesis/Unused/moveit_ur5_ws/install/robotiq_description/share/robotiq_description/meshes/visual/robotiq_85_knuckle_link.dae
[0.893s] -- Installing: /home/nimesha/Thesis/Unused/moveit_ur5_ws/install/robotiq_description/share/robotiq_description/meshes/visual/robotiq_85_finger_tip_link.dae
[0.893s] -- Installing: /home/nimesha/Thesis/Unused/moveit_ur5_ws/install/robotiq_description/share/ament_index/resource_index/package_run_dependencies/robotiq_description
[0.893s] -- Installing: /home/nimesha/Thesis/Unused/moveit_ur5_ws/install/robotiq_description/share/ament_index/resource_index/parent_prefix_path/robotiq_description
[0.893s] -- Installing: /home/nimesha/Thesis/Unused/moveit_ur5_ws/install/robotiq_description/share/robotiq_description/environment/ament_prefix_path.sh
[0.893s] -- Installing: /home/nimesha/Thesis/Unused/moveit_ur5_ws/install/robotiq_description/share/robotiq_description/environment/ament_prefix_path.dsv
[0.894s] -- Installing: /home/nimesha/Thesis/Unused/moveit_ur5_ws/install/robotiq_description/share/robotiq_description/environment/path.sh
[0.894s] -- Installing: /home/nimesha/Thesis/Unused/moveit_ur5_ws/install/robotiq_description/share/robotiq_description/environment/path.dsv
[0.894s] -- Installing: /home/nimesha/Thesis/Unused/moveit_ur5_ws/install/robotiq_description/share/robotiq_description/local_setup.bash
[0.894s] -- Installing: /home/nimesha/Thesis/Unused/moveit_ur5_ws/install/robotiq_description/share/robotiq_description/local_setup.sh
[0.894s] -- Installing: /home/nimesha/Thesis/Unused/moveit_ur5_ws/install/robotiq_description/share/robotiq_description/local_setup.zsh
[0.894s] -- Installing: /home/nimesha/Thesis/Unused/moveit_ur5_ws/install/robotiq_description/share/robotiq_description/local_setup.dsv
[0.894s] -- Installing: /home/nimesha/Thesis/Unused/moveit_ur5_ws/install/robotiq_description/share/robotiq_description/package.dsv
[0.894s] -- Installing: /home/nimesha/Thesis/Unused/moveit_ur5_ws/install/robotiq_description/share/ament_index/resource_index/packages/robotiq_description
[0.894s] -- Installing: /home/nimesha/Thesis/Unused/moveit_ur5_ws/install/robotiq_description/share/robotiq_description/cmake/robotiq_descriptionConfig.cmake
[0.894s] -- Installing: /home/nimesha/Thesis/Unused/moveit_ur5_ws/install/robotiq_description/share/robotiq_description/cmake/robotiq_descriptionConfig-version.cmake
[0.894s] -- Installing: /home/nimesha/Thesis/Unused/moveit_ur5_ws/install/robotiq_description/share/robotiq_description/package.xml
[0.895s] Invoked command in '/home/nimesha/Thesis/Unused/moveit_ur5_ws/build/robotiq_description' returned '0': CMAKE_PREFIX_PATH=${CMAKE_PREFIX_PATH}:/home/nimesha/Thesis/moveit_ur5_v2_ws/src/ws_moveit/install/moveit_configs_utils:/home/nimesha/Thesis/moveit_ur5_v2_ws/src/ws_moveit/install/launch_param_builder:/opt/ros/humble /usr/bin/cmake --install /home/nimesha/Thesis/Unused/moveit_ur5_ws/build/robotiq_description
