[35m[1mConsolidate compiler generated dependencies of target moveit_task_constructor_demo_fallbacks_move_to[0m
[35m[1mConsolidate compiler generated dependencies of target moveit_task_constructor_demo_cartesian[0m
[35m[1mConsolidate compiler generated dependencies of target moveit_task_constructor_demo_modular[0m
[35m[1mConsolidate compiler generated dependencies of target moveit_task_constructor_demo_alternative_path_costs[0m
[  6%] Built target ik_clearance_cost_parameters
[ 12%] Built target pick_place_demo_parameters
[ 18%] [32m[1mLinking CXX executable modular[0m
[ 25%] [32m[1mLinking CXX executable cartesian[0m
[ 31%] [32m[1mLinking CXX executable fallbacks_move_to[0m
[ 37%] [32m[1mLinking CXX executable alternative_path_costs[0m
[35m[1mConsolidate compiler generated dependencies of target moveit_task_constructor_demo_ik_clearance_cost[0m
[35m[1mConsolidate compiler generated dependencies of target moveit_task_constructor_demo_pick_place_task[0m
[ 43%] [32m[1mLinking CXX shared library libmoveit_task_constructor_demo_pick_place_task.so[0m
[ 50%] [32m[1mLinking CXX executable ik_clearance_cost[0m
[ 56%] Built target moveit_task_constructor_demo_pick_place_task
[35m[1mConsolidate compiler generated dependencies of target moveit_task_constructor_demo_pick_place_demo[0m
[ 62%] Built target moveit_task_constructor_demo_fallbacks_move_to
[ 68%] Built target moveit_task_constructor_demo_alternative_path_costs
[ 75%] [32m[1mLinking CXX executable pick_place_demo[0m
[ 81%] Built target moveit_task_constructor_demo_cartesian
[ 87%] Built target moveit_task_constructor_demo_modular
[ 93%] Built target moveit_task_constructor_demo_ik_clearance_cost
[100%] Built target moveit_task_constructor_demo_pick_place_demo
-- Install configuration: "Release"
-- Installing: /home/nimesha/Thesis/moveit_ur5_v2_ws/install/moveit_task_constructor_demo/lib/libmoveit_task_constructor_demo_pick_place_task.so
-- Set runtime path of "/home/nimesha/Thesis/moveit_ur5_v2_ws/install/moveit_task_constructor_demo/lib/libmoveit_task_constructor_demo_pick_place_task.so" to ""
-- Installing: /home/nimesha/Thesis/moveit_ur5_v2_ws/install/moveit_task_constructor_demo/lib/moveit_task_constructor_demo/cartesian
-- Set runtime path of "/home/nimesha/Thesis/moveit_ur5_v2_ws/install/moveit_task_constructor_demo/lib/moveit_task_constructor_demo/cartesian" to ""
-- Installing: /home/nimesha/Thesis/moveit_ur5_v2_ws/install/moveit_task_constructor_demo/lib/moveit_task_constructor_demo/modular
-- Set runtime path of "/home/nimesha/Thesis/moveit_ur5_v2_ws/install/moveit_task_constructor_demo/lib/moveit_task_constructor_demo/modular" to ""
-- Installing: /home/nimesha/Thesis/moveit_ur5_v2_ws/install/moveit_task_constructor_demo/lib/moveit_task_constructor_demo/alternative_path_costs
-- Set runtime path of "/home/nimesha/Thesis/moveit_ur5_v2_ws/install/moveit_task_constructor_demo/lib/moveit_task_constructor_demo/alternative_path_costs" to ""
-- Up-to-date: /home/nimesha/Thesis/moveit_ur5_v2_ws/install/moveit_task_constructor_demo/include/ik_clearance_cost_parameters
-- Up-to-date: /home/nimesha/Thesis/moveit_ur5_v2_ws/install/moveit_task_constructor_demo/include/ik_clearance_cost_parameters/ik_clearance_cost_parameters.hpp
-- Installing: /home/nimesha/Thesis/moveit_ur5_v2_ws/install/moveit_task_constructor_demo/lib/moveit_task_constructor_demo/ik_clearance_cost
-- Set runtime path of "/home/nimesha/Thesis/moveit_ur5_v2_ws/install/moveit_task_constructor_demo/lib/moveit_task_constructor_demo/ik_clearance_cost" to ""
-- Installing: /home/nimesha/Thesis/moveit_ur5_v2_ws/install/moveit_task_constructor_demo/lib/moveit_task_constructor_demo/fallbacks_move_to
-- Set runtime path of "/home/nimesha/Thesis/moveit_ur5_v2_ws/install/moveit_task_constructor_demo/lib/moveit_task_constructor_demo/fallbacks_move_to" to ""
-- Up-to-date: /home/nimesha/Thesis/moveit_ur5_v2_ws/install/moveit_task_constructor_demo/include/pick_place_demo_parameters
-- Up-to-date: /home/nimesha/Thesis/moveit_ur5_v2_ws/install/moveit_task_constructor_demo/include/pick_place_demo_parameters/pick_place_demo_parameters.hpp
-- Installing: /home/nimesha/Thesis/moveit_ur5_v2_ws/install/moveit_task_constructor_demo/lib/moveit_task_constructor_demo/pick_place_demo
-- Set runtime path of "/home/nimesha/Thesis/moveit_ur5_v2_ws/install/moveit_task_constructor_demo/lib/moveit_task_constructor_demo/pick_place_demo" to ""
-- Up-to-date: /home/nimesha/Thesis/moveit_ur5_v2_ws/install/moveit_task_constructor_demo/lib/moveit_task_constructor_demo/alternatives.py
-- Up-to-date: /home/nimesha/Thesis/moveit_ur5_v2_ws/install/moveit_task_constructor_demo/lib/moveit_task_constructor_demo/cartesian.py
-- Up-to-date: /home/nimesha/Thesis/moveit_ur5_v2_ws/install/moveit_task_constructor_demo/lib/moveit_task_constructor_demo/compute_ik.py
-- Up-to-date: /home/nimesha/Thesis/moveit_ur5_v2_ws/install/moveit_task_constructor_demo/lib/moveit_task_constructor_demo/constrained.py
-- Up-to-date: /home/nimesha/Thesis/moveit_ur5_v2_ws/install/moveit_task_constructor_demo/lib/moveit_task_constructor_demo/current_state.py
-- Up-to-date: /home/nimesha/Thesis/moveit_ur5_v2_ws/install/moveit_task_constructor_demo/lib/moveit_task_constructor_demo/fallbacks.py
-- Up-to-date: /home/nimesha/Thesis/moveit_ur5_v2_ws/install/moveit_task_constructor_demo/lib/moveit_task_constructor_demo/fix_collision_objects.py
-- Up-to-date: /home/nimesha/Thesis/moveit_ur5_v2_ws/install/moveit_task_constructor_demo/lib/moveit_task_constructor_demo/fixed_state.py
-- Up-to-date: /home/nimesha/Thesis/moveit_ur5_v2_ws/install/moveit_task_constructor_demo/lib/moveit_task_constructor_demo/generate_pose.py
-- Up-to-date: /home/nimesha/Thesis/moveit_ur5_v2_ws/install/moveit_task_constructor_demo/lib/moveit_task_constructor_demo/merger.py
-- Up-to-date: /home/nimesha/Thesis/moveit_ur5_v2_ws/install/moveit_task_constructor_demo/lib/moveit_task_constructor_demo/modify_planning_scene.py
-- Up-to-date: /home/nimesha/Thesis/moveit_ur5_v2_ws/install/moveit_task_constructor_demo/lib/moveit_task_constructor_demo/multi_planner.py
-- Up-to-date: /home/nimesha/Thesis/moveit_ur5_v2_ws/install/moveit_task_constructor_demo/lib/moveit_task_constructor_demo/pickplace.py
-- Up-to-date: /home/nimesha/Thesis/moveit_ur5_v2_ws/install/moveit_task_constructor_demo/lib/moveit_task_constructor_demo/properties.py
-- Up-to-date: /home/nimesha/Thesis/moveit_ur5_v2_ws/install/moveit_task_constructor_demo/share/moveit_task_constructor_demo/launch
-- Up-to-date: /home/nimesha/Thesis/moveit_ur5_v2_ws/install/moveit_task_constructor_demo/share/moveit_task_constructor_demo/launch/run.launch.py
-- Up-to-date: /home/nimesha/Thesis/moveit_ur5_v2_ws/install/moveit_task_constructor_demo/share/moveit_task_constructor_demo/launch/demo.launch.py
-- Up-to-date: /home/nimesha/Thesis/moveit_ur5_v2_ws/install/moveit_task_constructor_demo/share/moveit_task_constructor_demo/config
-- Up-to-date: /home/nimesha/Thesis/moveit_ur5_v2_ws/install/moveit_task_constructor_demo/share/moveit_task_constructor_demo/config/mtc.rviz
-- Up-to-date: /home/nimesha/Thesis/moveit_ur5_v2_ws/install/moveit_task_constructor_demo/share/moveit_task_constructor_demo/config/panda_config.yaml
-- Up-to-date: /home/nimesha/Thesis/moveit_ur5_v2_ws/install/moveit_task_constructor_demo/share/ament_index/resource_index/package_run_dependencies/moveit_task_constructor_demo
-- Up-to-date: /home/nimesha/Thesis/moveit_ur5_v2_ws/install/moveit_task_constructor_demo/share/ament_index/resource_index/parent_prefix_path/moveit_task_constructor_demo
-- Up-to-date: /home/nimesha/Thesis/moveit_ur5_v2_ws/install/moveit_task_constructor_demo/share/moveit_task_constructor_demo/environment/ament_prefix_path.sh
-- Up-to-date: /home/nimesha/Thesis/moveit_ur5_v2_ws/install/moveit_task_constructor_demo/share/moveit_task_constructor_demo/environment/ament_prefix_path.dsv
-- Up-to-date: /home/nimesha/Thesis/moveit_ur5_v2_ws/install/moveit_task_constructor_demo/share/moveit_task_constructor_demo/environment/path.sh
-- Up-to-date: /home/nimesha/Thesis/moveit_ur5_v2_ws/install/moveit_task_constructor_demo/share/moveit_task_constructor_demo/environment/path.dsv
-- Up-to-date: /home/nimesha/Thesis/moveit_ur5_v2_ws/install/moveit_task_constructor_demo/share/moveit_task_constructor_demo/local_setup.bash
-- Up-to-date: /home/nimesha/Thesis/moveit_ur5_v2_ws/install/moveit_task_constructor_demo/share/moveit_task_constructor_demo/local_setup.sh
-- Up-to-date: /home/nimesha/Thesis/moveit_ur5_v2_ws/install/moveit_task_constructor_demo/share/moveit_task_constructor_demo/local_setup.zsh
-- Up-to-date: /home/nimesha/Thesis/moveit_ur5_v2_ws/install/moveit_task_constructor_demo/share/moveit_task_constructor_demo/local_setup.dsv
-- Installing: /home/nimesha/Thesis/moveit_ur5_v2_ws/install/moveit_task_constructor_demo/share/moveit_task_constructor_demo/package.dsv
-- Up-to-date: /home/nimesha/Thesis/moveit_ur5_v2_ws/install/moveit_task_constructor_demo/share/ament_index/resource_index/packages/moveit_task_constructor_demo
-- Up-to-date: /home/nimesha/Thesis/moveit_ur5_v2_ws/install/moveit_task_constructor_demo/share/moveit_task_constructor_demo/cmake/moveit_task_constructor_demoConfig.cmake
-- Up-to-date: /home/nimesha/Thesis/moveit_ur5_v2_ws/install/moveit_task_constructor_demo/share/moveit_task_constructor_demo/cmake/moveit_task_constructor_demoConfig-version.cmake
-- Up-to-date: /home/nimesha/Thesis/moveit_ur5_v2_ws/install/moveit_task_constructor_demo/share/moveit_task_constructor_demo/package.xml
