-- The C compiler identification is GNU 11.4.0
-- The CXX compiler identification is GNU 11.4.0
-- Detecting C compiler ABI info
-- Detecting C compiler ABI info - done
-- Check for working C compiler: /usr/bin/cc - skipped
-- Detecting C compile features
-- Detecting C compile features - done
-- Detecting CXX compiler ABI info
-- Detecting CXX compiler ABI info - done
-- Check for working CXX compiler: /usr/bin/c++ - skipped
-- Detecting CXX compile features
-- Detecting CXX compile features - done
-- Found ament_cmake: 1.3.10 (/home/nimesha/ros2_humble/ros2-linux/share/ament_cmake/cmake)
-- Found Python3: /usr/bin/python3 (found version "3.10.12") found components: Interpreter 
-- Found rclcpp: 16.0.10 (/home/nimesha/ros2_humble/ros2-linux/share/rclcpp/cmake)
-- Found rosidl_generator_c: 3.1.5 (/home/nimesha/ros2_humble/ros2-linux/share/rosidl_generator_c/cmake)
-- Found rosidl_adapter: 3.1.5 (/home/nimesha/ros2_humble/ros2-linux/share/rosidl_adapter/cmake)
-- Found rosidl_generator_cpp: 3.1.5 (/home/nimesha/ros2_humble/ros2-linux/share/rosidl_generator_cpp/cmake)
-- Using all available rosidl_typesupport_c: rosidl_typesupport_fastrtps_c;rosidl_typesupport_introspection_c
-- Using all available rosidl_typesupport_cpp: rosidl_typesupport_fastrtps_cpp;rosidl_typesupport_introspection_cpp
-- Found rmw_implementation_cmake: 6.1.2 (/home/nimesha/ros2_humble/ros2-linux/share/rmw_implementation_cmake/cmake)
-- Found rmw_fastrtps_cpp: 6.2.7 (/home/nimesha/ros2_humble/ros2-linux/share/rmw_fastrtps_cpp/cmake)
-- Found OpenSSL: /usr/lib/x86_64-linux-gnu/libcrypto.so (found version "3.0.2")  
-- Found FastRTPS: /home/nimesha/ros2_humble/ros2-linux/include  
-- Using RMW implementation 'rmw_fastrtps_cpp' as default
-- Looking for pthread.h
-- Looking for pthread.h - found
-- Performing Test CMAKE_HAVE_LIBC_PTHREAD
-- Performing Test CMAKE_HAVE_LIBC_PTHREAD - Success
-- Found Threads: TRUE  
-- Found rclcpp_action: 16.0.10 (/home/nimesha/ros2_humble/ros2-linux/share/rclcpp_action/cmake)
-- Found geometry_msgs: 4.2.4 (/home/nimesha/ros2_humble/ros2-linux/share/geometry_msgs/cmake)
-- Found rosidl_default_generators: 1.2.0 (/home/nimesha/ros2_humble/ros2-linux/share/rosidl_default_generators/cmake)
-- Found ament_cmake_ros: 0.10.0 (/home/nimesha/ros2_humble/ros2-linux/share/ament_cmake_ros/cmake)
-- Using all available rosidl_typesupport_c: rosidl_typesupport_fastrtps_c;rosidl_typesupport_introspection_c
-- Using all available rosidl_typesupport_cpp: rosidl_typesupport_fastrtps_cpp;rosidl_typesupport_introspection_cpp
-- Found PythonInterp: /usr/bin/python3 (found suitable version "3.10.12", minimum required is "3.6") 
-- Found python_cmake_module: 0.10.0 (/home/nimesha/ros2_humble/ros2-linux/share/python_cmake_module/cmake)
-- Found PythonLibs: /usr/lib/x86_64-linux-gnu/libpython3.10.so (found suitable version "3.10.12", minimum required is "3.5") 
-- Using PYTHON_EXECUTABLE: /usr/bin/python3
-- Using PYTHON_INCLUDE_DIRS: /usr/include/python3.10
-- Using PYTHON_LIBRARIES: /usr/lib/x86_64-linux-gnu/libpython3.10.so
-- Found PythonExtra: .so  
-- Found ament_lint_auto: 0.12.11 (/home/nimesha/ros2_humble/ros2-linux/share/ament_lint_auto/cmake)
-- Added test 'copyright' to check source files copyright and LICENSE
-- Added test 'lint_cmake' to check CMake code style
-- Added test 'xmllint' to check XML markup files
-- Configuring done
-- Generating done
-- Build files have been written to: /home/nimesha/Thesis/Unused/moveit_ur5_ws/build/pnp_msgs
[  2%] [34m[1mGenerating C code for ROS interfaces[0m
[  4%] [34m[1mGenerating C++ code for ROS interfaces[0m
[  4%] Built target ament_cmake_python_copy_pnp_msgs
running egg_info
creating pnp_msgs.egg-info
writing pnp_msgs.egg-info/PKG-INFO
writing dependency_links to pnp_msgs.egg-info/dependency_links.txt
writing top-level names to pnp_msgs.egg-info/top_level.txt
writing manifest file 'pnp_msgs.egg-info/SOURCES.txt'
reading manifest file 'pnp_msgs.egg-info/SOURCES.txt'
writing manifest file 'pnp_msgs.egg-info/SOURCES.txt'
[  4%] Built target ament_cmake_python_build_pnp_msgs_egg
[  6%] [32mBuilding C object CMakeFiles/pnp_msgs__rosidl_generator_c.dir/rosidl_generator_c/pnp_msgs/action/detail/pick_and_place__functions.c.o[0m
[  8%] [32mBuilding C object CMakeFiles/pnp_msgs__rosidl_generator_c.dir/rosidl_generator_c/pnp_msgs/action/detail/gripper__functions.c.o[0m
[ 10%] [32mBuilding C object CMakeFiles/pnp_msgs__rosidl_generator_c.dir/rosidl_generator_c/pnp_msgs/action/detail/robot__functions.c.o[0m
[ 10%] Built target pnp_msgs__cpp
[ 12%] [34m[1mGenerating C++ type support dispatch for ROS interfaces[0m
[ 14%] [34m[1mGenerating C++ type support for eProsima Fast-RTPS[0m
[ 17%] [34m[1mGenerating C++ introspection for ROS interfaces[0m
[ 19%] [32m[1mLinking C shared library libpnp_msgs__rosidl_generator_c.so[0m
[ 19%] Built target pnp_msgs__rosidl_generator_c
[ 21%] [34m[1mGenerating C type support dispatch for ROS interfaces[0m
[ 25%] [34m[1mGenerating C type support for eProsima Fast-RTPS[0m
[ 25%] [34m[1mGenerating C introspection for ROS interfaces[0m
[ 27%] [32mBuilding CXX object CMakeFiles/pnp_msgs__rosidl_typesupport_introspection_cpp.dir/rosidl_typesupport_introspection_cpp/pnp_msgs/action/detail/gripper__type_support.cpp.o[0m
[ 31%] [32mBuilding CXX object CMakeFiles/pnp_msgs__rosidl_typesupport_introspection_cpp.dir/rosidl_typesupport_introspection_cpp/pnp_msgs/action/detail/robot__type_support.cpp.o[0m
[ 31%] [32mBuilding CXX object CMakeFiles/pnp_msgs__rosidl_typesupport_c.dir/rosidl_typesupport_c/pnp_msgs/action/robot__type_support.cpp.o[0m
[ 34%] [32mBuilding CXX object CMakeFiles/pnp_msgs__rosidl_typesupport_c.dir/rosidl_typesupport_c/pnp_msgs/action/gripper__type_support.cpp.o[0m
[ 36%] [32mBuilding CXX object CMakeFiles/pnp_msgs__rosidl_typesupport_c.dir/rosidl_typesupport_c/pnp_msgs/action/pick_and_place__type_support.cpp.o[0m
[ 38%] [32mBuilding CXX object CMakeFiles/pnp_msgs__rosidl_typesupport_introspection_cpp.dir/rosidl_typesupport_introspection_cpp/pnp_msgs/action/detail/pick_and_place__type_support.cpp.o[0m
[ 40%] [32mBuilding CXX object CMakeFiles/pnp_msgs__rosidl_typesupport_cpp.dir/rosidl_typesupport_cpp/pnp_msgs/action/gripper__type_support.cpp.o[0m
[ 42%] [32mBuilding CXX object CMakeFiles/pnp_msgs__rosidl_typesupport_cpp.dir/rosidl_typesupport_cpp/pnp_msgs/action/robot__type_support.cpp.o[0m
[ 44%] [32mBuilding CXX object CMakeFiles/pnp_msgs__rosidl_typesupport_cpp.dir/rosidl_typesupport_cpp/pnp_msgs/action/pick_and_place__type_support.cpp.o[0m
[ 46%] [32m[1mLinking CXX shared library libpnp_msgs__rosidl_typesupport_c.so[0m
[ 48%] [32mBuilding C object CMakeFiles/pnp_msgs__rosidl_typesupport_introspection_c.dir/rosidl_typesupport_introspection_c/pnp_msgs/action/detail/robot__type_support.c.o[0m
[ 51%] [32mBuilding C object CMakeFiles/pnp_msgs__rosidl_typesupport_introspection_c.dir/rosidl_typesupport_introspection_c/pnp_msgs/action/detail/gripper__type_support.c.o[0m
[ 53%] [32mBuilding C object CMakeFiles/pnp_msgs__rosidl_typesupport_introspection_c.dir/rosidl_typesupport_introspection_c/pnp_msgs/action/detail/pick_and_place__type_support.c.o[0m
[ 55%] [32mBuilding CXX object CMakeFiles/pnp_msgs__rosidl_typesupport_fastrtps_cpp.dir/rosidl_typesupport_fastrtps_cpp/pnp_msgs/action/detail/dds_fastrtps/robot__type_support.cpp.o[0m
[ 59%] [32mBuilding CXX object CMakeFiles/pnp_msgs__rosidl_typesupport_fastrtps_cpp.dir/rosidl_typesupport_fastrtps_cpp/pnp_msgs/action/detail/dds_fastrtps/gripper__type_support.cpp.o[0m
[ 59%] [32mBuilding CXX object CMakeFiles/pnp_msgs__rosidl_typesupport_fastrtps_cpp.dir/rosidl_typesupport_fastrtps_cpp/pnp_msgs/action/detail/dds_fastrtps/pick_and_place__type_support.cpp.o[0m
[ 59%] Built target pnp_msgs__rosidl_typesupport_c
[ 61%] [32m[1mLinking C shared library libpnp_msgs__rosidl_typesupport_introspection_c.so[0m
[ 61%] Built target pnp_msgs__rosidl_typesupport_introspection_c
[ 63%] [32mBuilding CXX object CMakeFiles/pnp_msgs__rosidl_typesupport_fastrtps_c.dir/rosidl_typesupport_fastrtps_c/pnp_msgs/action/detail/gripper__type_support_c.cpp.o[0m
[ 65%] [32mBuilding CXX object CMakeFiles/pnp_msgs__rosidl_typesupport_fastrtps_c.dir/rosidl_typesupport_fastrtps_c/pnp_msgs/action/detail/robot__type_support_c.cpp.o[0m
[ 68%] [32mBuilding CXX object CMakeFiles/pnp_msgs__rosidl_typesupport_fastrtps_c.dir/rosidl_typesupport_fastrtps_c/pnp_msgs/action/detail/pick_and_place__type_support_c.cpp.o[0m
[ 70%] [32m[1mLinking CXX shared library libpnp_msgs__rosidl_typesupport_cpp.so[0m
[ 72%] [32m[1mLinking CXX shared library libpnp_msgs__rosidl_typesupport_introspection_cpp.so[0m
[ 72%] Built target pnp_msgs__rosidl_typesupport_cpp
[ 72%] Built target pnp_msgs__rosidl_typesupport_introspection_cpp
[ 74%] [32m[1mLinking CXX shared library libpnp_msgs__rosidl_typesupport_fastrtps_cpp.so[0m
[ 76%] [32m[1mLinking CXX shared library libpnp_msgs__rosidl_typesupport_fastrtps_c.so[0m
[ 76%] Built target pnp_msgs__rosidl_typesupport_fastrtps_cpp
[ 76%] Built target pnp_msgs__rosidl_typesupport_fastrtps_c
[ 76%] Built target pnp_msgs
[ 78%] [34m[1mGenerating Python code for ROS interfaces[0m
[ 78%] Built target pnp_msgs__py
[ 80%] [32mBuilding C object CMakeFiles/pnp_msgs__rosidl_generator_py.dir/rosidl_generator_py/pnp_msgs/action/_pick_and_place_s.c.o[0m
[ 82%] [32mBuilding C object CMakeFiles/pnp_msgs__rosidl_generator_py.dir/rosidl_generator_py/pnp_msgs/action/_gripper_s.c.o[0m
[ 85%] [32mBuilding C object CMakeFiles/pnp_msgs__rosidl_generator_py.dir/rosidl_generator_py/pnp_msgs/action/_robot_s.c.o[0m
[ 87%] [32m[1mLinking C shared library rosidl_generator_py/pnp_msgs/libpnp_msgs__rosidl_generator_py.so[0m
[ 87%] Built target pnp_msgs__rosidl_generator_py
[ 89%] [32mBuilding C object CMakeFiles/pnp_msgs__rosidl_typesupport_c__pyext.dir/rosidl_generator_py/pnp_msgs/_pnp_msgs_s.ep.rosidl_typesupport_c.c.o[0m
[ 91%] [32mBuilding C object CMakeFiles/pnp_msgs__rosidl_typesupport_introspection_c__pyext.dir/rosidl_generator_py/pnp_msgs/_pnp_msgs_s.ep.rosidl_typesupport_introspection_c.c.o[0m
[ 93%] [32mBuilding C object CMakeFiles/pnp_msgs__rosidl_typesupport_fastrtps_c__pyext.dir/rosidl_generator_py/pnp_msgs/_pnp_msgs_s.ep.rosidl_typesupport_fastrtps_c.c.o[0m
[ 95%] [32m[1mLinking C shared library rosidl_generator_py/pnp_msgs/pnp_msgs_s__rosidl_typesupport_introspection_c.cpython-310-x86_64-linux-gnu.so[0m
[ 97%] [32m[1mLinking C shared library rosidl_generator_py/pnp_msgs/pnp_msgs_s__rosidl_typesupport_c.cpython-310-x86_64-linux-gnu.so[0m
[100%] [32m[1mLinking C shared library rosidl_generator_py/pnp_msgs/pnp_msgs_s__rosidl_typesupport_fastrtps_c.cpython-310-x86_64-linux-gnu.so[0m
[100%] Built target pnp_msgs__rosidl_typesupport_introspection_c__pyext
[100%] Built target pnp_msgs__rosidl_typesupport_c__pyext
[100%] Built target pnp_msgs__rosidl_typesupport_fastrtps_c__pyext
-- Install configuration: ""
-- Installing: /home/nimesha/Thesis/Unused/moveit_ur5_ws/install/pnp_msgs/share/ament_index/resource_index/rosidl_interfaces/pnp_msgs
-- Installing: /home/nimesha/Thesis/Unused/moveit_ur5_ws/install/pnp_msgs/include/pnp_msgs/pnp_msgs
-- Installing: /home/nimesha/Thesis/Unused/moveit_ur5_ws/install/pnp_msgs/include/pnp_msgs/pnp_msgs/action
-- Installing: /home/nimesha/Thesis/Unused/moveit_ur5_ws/install/pnp_msgs/include/pnp_msgs/pnp_msgs/action/pick_and_place.h
-- Installing: /home/nimesha/Thesis/Unused/moveit_ur5_ws/install/pnp_msgs/include/pnp_msgs/pnp_msgs/action/robot.h
-- Installing: /home/nimesha/Thesis/Unused/moveit_ur5_ws/install/pnp_msgs/include/pnp_msgs/pnp_msgs/action/gripper.h
-- Installing: /home/nimesha/Thesis/Unused/moveit_ur5_ws/install/pnp_msgs/include/pnp_msgs/pnp_msgs/action/detail
-- Installing: /home/nimesha/Thesis/Unused/moveit_ur5_ws/install/pnp_msgs/include/pnp_msgs/pnp_msgs/action/detail/gripper__type_support.h
-- Installing: /home/nimesha/Thesis/Unused/moveit_ur5_ws/install/pnp_msgs/include/pnp_msgs/pnp_msgs/action/detail/gripper__functions.h
-- Installing: /home/nimesha/Thesis/Unused/moveit_ur5_ws/install/pnp_msgs/include/pnp_msgs/pnp_msgs/action/detail/robot__functions.h
-- Installing: /home/nimesha/Thesis/Unused/moveit_ur5_ws/install/pnp_msgs/include/pnp_msgs/pnp_msgs/action/detail/gripper__struct.h
-- Installing: /home/nimesha/Thesis/Unused/moveit_ur5_ws/install/pnp_msgs/include/pnp_msgs/pnp_msgs/action/detail/robot__type_support.h
-- Installing: /home/nimesha/Thesis/Unused/moveit_ur5_ws/install/pnp_msgs/include/pnp_msgs/pnp_msgs/action/detail/pick_and_place__functions.c
-- Installing: /home/nimesha/Thesis/Unused/moveit_ur5_ws/install/pnp_msgs/include/pnp_msgs/pnp_msgs/action/detail/pick_and_place__type_support.h
-- Installing: /home/nimesha/Thesis/Unused/moveit_ur5_ws/install/pnp_msgs/include/pnp_msgs/pnp_msgs/action/detail/robot__functions.c
-- Installing: /home/nimesha/Thesis/Unused/moveit_ur5_ws/install/pnp_msgs/include/pnp_msgs/pnp_msgs/action/detail/pick_and_place__struct.h
-- Installing: /home/nimesha/Thesis/Unused/moveit_ur5_ws/install/pnp_msgs/include/pnp_msgs/pnp_msgs/action/detail/robot__struct.h
-- Installing: /home/nimesha/Thesis/Unused/moveit_ur5_ws/install/pnp_msgs/include/pnp_msgs/pnp_msgs/action/detail/gripper__functions.c
-- Installing: /home/nimesha/Thesis/Unused/moveit_ur5_ws/install/pnp_msgs/include/pnp_msgs/pnp_msgs/action/detail/pick_and_place__functions.h
-- Installing: /home/nimesha/Thesis/Unused/moveit_ur5_ws/install/pnp_msgs/include/pnp_msgs/pnp_msgs/msg
-- Installing: /home/nimesha/Thesis/Unused/moveit_ur5_ws/install/pnp_msgs/include/pnp_msgs/pnp_msgs/msg/rosidl_generator_c__visibility_control.h
-- Installing: /home/nimesha/Thesis/Unused/moveit_ur5_ws/install/pnp_msgs/share/pnp_msgs/environment/library_path.sh
-- Installing: /home/nimesha/Thesis/Unused/moveit_ur5_ws/install/pnp_msgs/share/pnp_msgs/environment/library_path.dsv
-- Installing: /home/nimesha/Thesis/Unused/moveit_ur5_ws/install/pnp_msgs/lib/libpnp_msgs__rosidl_generator_c.so
-- Set runtime path of "/home/nimesha/Thesis/Unused/moveit_ur5_ws/install/pnp_msgs/lib/libpnp_msgs__rosidl_generator_c.so" to ""
-- Up-to-date: /home/nimesha/Thesis/Unused/moveit_ur5_ws/install/pnp_msgs/include/pnp_msgs/pnp_msgs
-- Up-to-date: /home/nimesha/Thesis/Unused/moveit_ur5_ws/install/pnp_msgs/include/pnp_msgs/pnp_msgs/action
-- Up-to-date: /home/nimesha/Thesis/Unused/moveit_ur5_ws/install/pnp_msgs/include/pnp_msgs/pnp_msgs/action/detail
-- Installing: /home/nimesha/Thesis/Unused/moveit_ur5_ws/install/pnp_msgs/include/pnp_msgs/pnp_msgs/action/detail/robot__rosidl_typesupport_fastrtps_c.h
-- Installing: /home/nimesha/Thesis/Unused/moveit_ur5_ws/install/pnp_msgs/include/pnp_msgs/pnp_msgs/action/detail/pick_and_place__rosidl_typesupport_fastrtps_c.h
-- Installing: /home/nimesha/Thesis/Unused/moveit_ur5_ws/install/pnp_msgs/include/pnp_msgs/pnp_msgs/action/detail/gripper__rosidl_typesupport_fastrtps_c.h
-- Up-to-date: /home/nimesha/Thesis/Unused/moveit_ur5_ws/install/pnp_msgs/include/pnp_msgs/pnp_msgs/msg
-- Installing: /home/nimesha/Thesis/Unused/moveit_ur5_ws/install/pnp_msgs/include/pnp_msgs/pnp_msgs/msg/rosidl_typesupport_fastrtps_c__visibility_control.h
-- Installing: /home/nimesha/Thesis/Unused/moveit_ur5_ws/install/pnp_msgs/lib/libpnp_msgs__rosidl_typesupport_fastrtps_c.so
-- Set runtime path of "/home/nimesha/Thesis/Unused/moveit_ur5_ws/install/pnp_msgs/lib/libpnp_msgs__rosidl_typesupport_fastrtps_c.so" to ""
-- Up-to-date: /home/nimesha/Thesis/Unused/moveit_ur5_ws/install/pnp_msgs/include/pnp_msgs/pnp_msgs
-- Up-to-date: /home/nimesha/Thesis/Unused/moveit_ur5_ws/install/pnp_msgs/include/pnp_msgs/pnp_msgs/action
-- Installing: /home/nimesha/Thesis/Unused/moveit_ur5_ws/install/pnp_msgs/include/pnp_msgs/pnp_msgs/action/robot.hpp
-- Installing: /home/nimesha/Thesis/Unused/moveit_ur5_ws/install/pnp_msgs/include/pnp_msgs/pnp_msgs/action/gripper.hpp
-- Installing: /home/nimesha/Thesis/Unused/moveit_ur5_ws/install/pnp_msgs/include/pnp_msgs/pnp_msgs/action/pick_and_place.hpp
-- Up-to-date: /home/nimesha/Thesis/Unused/moveit_ur5_ws/install/pnp_msgs/include/pnp_msgs/pnp_msgs/action/detail
-- Installing: /home/nimesha/Thesis/Unused/moveit_ur5_ws/install/pnp_msgs/include/pnp_msgs/pnp_msgs/action/detail/gripper__builder.hpp
-- Installing: /home/nimesha/Thesis/Unused/moveit_ur5_ws/install/pnp_msgs/include/pnp_msgs/pnp_msgs/action/detail/robot__builder.hpp
-- Installing: /home/nimesha/Thesis/Unused/moveit_ur5_ws/install/pnp_msgs/include/pnp_msgs/pnp_msgs/action/detail/pick_and_place__traits.hpp
-- Installing: /home/nimesha/Thesis/Unused/moveit_ur5_ws/install/pnp_msgs/include/pnp_msgs/pnp_msgs/action/detail/robot__struct.hpp
-- Installing: /home/nimesha/Thesis/Unused/moveit_ur5_ws/install/pnp_msgs/include/pnp_msgs/pnp_msgs/action/detail/pick_and_place__builder.hpp
-- Installing: /home/nimesha/Thesis/Unused/moveit_ur5_ws/install/pnp_msgs/include/pnp_msgs/pnp_msgs/action/detail/gripper__traits.hpp
-- Installing: /home/nimesha/Thesis/Unused/moveit_ur5_ws/install/pnp_msgs/include/pnp_msgs/pnp_msgs/action/detail/pick_and_place__struct.hpp
-- Installing: /home/nimesha/Thesis/Unused/moveit_ur5_ws/install/pnp_msgs/include/pnp_msgs/pnp_msgs/action/detail/gripper__struct.hpp
-- Installing: /home/nimesha/Thesis/Unused/moveit_ur5_ws/install/pnp_msgs/include/pnp_msgs/pnp_msgs/action/detail/robot__traits.hpp
-- Up-to-date: /home/nimesha/Thesis/Unused/moveit_ur5_ws/install/pnp_msgs/include/pnp_msgs/pnp_msgs
-- Up-to-date: /home/nimesha/Thesis/Unused/moveit_ur5_ws/install/pnp_msgs/include/pnp_msgs/pnp_msgs/action
-- Up-to-date: /home/nimesha/Thesis/Unused/moveit_ur5_ws/install/pnp_msgs/include/pnp_msgs/pnp_msgs/action/detail
-- Installing: /home/nimesha/Thesis/Unused/moveit_ur5_ws/install/pnp_msgs/include/pnp_msgs/pnp_msgs/action/detail/dds_fastrtps
-- Installing: /home/nimesha/Thesis/Unused/moveit_ur5_ws/install/pnp_msgs/include/pnp_msgs/pnp_msgs/action/detail/robot__rosidl_typesupport_fastrtps_cpp.hpp
-- Installing: /home/nimesha/Thesis/Unused/moveit_ur5_ws/install/pnp_msgs/include/pnp_msgs/pnp_msgs/action/detail/pick_and_place__rosidl_typesupport_fastrtps_cpp.hpp
-- Installing: /home/nimesha/Thesis/Unused/moveit_ur5_ws/install/pnp_msgs/include/pnp_msgs/pnp_msgs/action/detail/gripper__rosidl_typesupport_fastrtps_cpp.hpp
-- Up-to-date: /home/nimesha/Thesis/Unused/moveit_ur5_ws/install/pnp_msgs/include/pnp_msgs/pnp_msgs/msg
-- Installing: /home/nimesha/Thesis/Unused/moveit_ur5_ws/install/pnp_msgs/include/pnp_msgs/pnp_msgs/msg/rosidl_typesupport_fastrtps_cpp__visibility_control.h
-- Installing: /home/nimesha/Thesis/Unused/moveit_ur5_ws/install/pnp_msgs/lib/libpnp_msgs__rosidl_typesupport_fastrtps_cpp.so
-- Set runtime path of "/home/nimesha/Thesis/Unused/moveit_ur5_ws/install/pnp_msgs/lib/libpnp_msgs__rosidl_typesupport_fastrtps_cpp.so" to ""
-- Up-to-date: /home/nimesha/Thesis/Unused/moveit_ur5_ws/install/pnp_msgs/include/pnp_msgs/pnp_msgs
-- Up-to-date: /home/nimesha/Thesis/Unused/moveit_ur5_ws/install/pnp_msgs/include/pnp_msgs/pnp_msgs/action
-- Up-to-date: /home/nimesha/Thesis/Unused/moveit_ur5_ws/install/pnp_msgs/include/pnp_msgs/pnp_msgs/action/detail
-- Installing: /home/nimesha/Thesis/Unused/moveit_ur5_ws/install/pnp_msgs/include/pnp_msgs/pnp_msgs/action/detail/gripper__type_support.c
-- Installing: /home/nimesha/Thesis/Unused/moveit_ur5_ws/install/pnp_msgs/include/pnp_msgs/pnp_msgs/action/detail/pick_and_place__type_support.c
-- Installing: /home/nimesha/Thesis/Unused/moveit_ur5_ws/install/pnp_msgs/include/pnp_msgs/pnp_msgs/action/detail/gripper__rosidl_typesupport_introspection_c.h
-- Installing: /home/nimesha/Thesis/Unused/moveit_ur5_ws/install/pnp_msgs/include/pnp_msgs/pnp_msgs/action/detail/pick_and_place__rosidl_typesupport_introspection_c.h
-- Installing: /home/nimesha/Thesis/Unused/moveit_ur5_ws/install/pnp_msgs/include/pnp_msgs/pnp_msgs/action/detail/robot__type_support.c
-- Installing: /home/nimesha/Thesis/Unused/moveit_ur5_ws/install/pnp_msgs/include/pnp_msgs/pnp_msgs/action/detail/robot__rosidl_typesupport_introspection_c.h
-- Up-to-date: /home/nimesha/Thesis/Unused/moveit_ur5_ws/install/pnp_msgs/include/pnp_msgs/pnp_msgs/msg
-- Installing: /home/nimesha/Thesis/Unused/moveit_ur5_ws/install/pnp_msgs/include/pnp_msgs/pnp_msgs/msg/rosidl_typesupport_introspection_c__visibility_control.h
-- Installing: /home/nimesha/Thesis/Unused/moveit_ur5_ws/install/pnp_msgs/lib/libpnp_msgs__rosidl_typesupport_introspection_c.so
-- Set runtime path of "/home/nimesha/Thesis/Unused/moveit_ur5_ws/install/pnp_msgs/lib/libpnp_msgs__rosidl_typesupport_introspection_c.so" to ""
-- Installing: /home/nimesha/Thesis/Unused/moveit_ur5_ws/install/pnp_msgs/lib/libpnp_msgs__rosidl_typesupport_c.so
-- Set runtime path of "/home/nimesha/Thesis/Unused/moveit_ur5_ws/install/pnp_msgs/lib/libpnp_msgs__rosidl_typesupport_c.so" to ""
-- Up-to-date: /home/nimesha/Thesis/Unused/moveit_ur5_ws/install/pnp_msgs/include/pnp_msgs/pnp_msgs
-- Up-to-date: /home/nimesha/Thesis/Unused/moveit_ur5_ws/install/pnp_msgs/include/pnp_msgs/pnp_msgs/action
-- Up-to-date: /home/nimesha/Thesis/Unused/moveit_ur5_ws/install/pnp_msgs/include/pnp_msgs/pnp_msgs/action/detail
-- Installing: /home/nimesha/Thesis/Unused/moveit_ur5_ws/install/pnp_msgs/include/pnp_msgs/pnp_msgs/action/detail/robot__type_support.cpp
-- Installing: /home/nimesha/Thesis/Unused/moveit_ur5_ws/install/pnp_msgs/include/pnp_msgs/pnp_msgs/action/detail/gripper__type_support.cpp
-- Installing: /home/nimesha/Thesis/Unused/moveit_ur5_ws/install/pnp_msgs/include/pnp_msgs/pnp_msgs/action/detail/pick_and_place__type_support.cpp
-- Installing: /home/nimesha/Thesis/Unused/moveit_ur5_ws/install/pnp_msgs/include/pnp_msgs/pnp_msgs/action/detail/pick_and_place__rosidl_typesupport_introspection_cpp.hpp
-- Installing: /home/nimesha/Thesis/Unused/moveit_ur5_ws/install/pnp_msgs/include/pnp_msgs/pnp_msgs/action/detail/gripper__rosidl_typesupport_introspection_cpp.hpp
-- Installing: /home/nimesha/Thesis/Unused/moveit_ur5_ws/install/pnp_msgs/include/pnp_msgs/pnp_msgs/action/detail/robot__rosidl_typesupport_introspection_cpp.hpp
-- Installing: /home/nimesha/Thesis/Unused/moveit_ur5_ws/install/pnp_msgs/lib/libpnp_msgs__rosidl_typesupport_introspection_cpp.so
-- Set runtime path of "/home/nimesha/Thesis/Unused/moveit_ur5_ws/install/pnp_msgs/lib/libpnp_msgs__rosidl_typesupport_introspection_cpp.so" to ""
-- Installing: /home/nimesha/Thesis/Unused/moveit_ur5_ws/install/pnp_msgs/lib/libpnp_msgs__rosidl_typesupport_cpp.so
-- Set runtime path of "/home/nimesha/Thesis/Unused/moveit_ur5_ws/install/pnp_msgs/lib/libpnp_msgs__rosidl_typesupport_cpp.so" to ""
-- Installing: /home/nimesha/Thesis/Unused/moveit_ur5_ws/install/pnp_msgs/share/pnp_msgs/environment/pythonpath.sh
-- Installing: /home/nimesha/Thesis/Unused/moveit_ur5_ws/install/pnp_msgs/share/pnp_msgs/environment/pythonpath.dsv
-- Installing: /home/nimesha/Thesis/Unused/moveit_ur5_ws/install/pnp_msgs/local/lib/python3.10/dist-packages/pnp_msgs-0.0.0-py3.10.egg-info
-- Installing: /home/nimesha/Thesis/Unused/moveit_ur5_ws/install/pnp_msgs/local/lib/python3.10/dist-packages/pnp_msgs-0.0.0-py3.10.egg-info/SOURCES.txt
-- Installing: /home/nimesha/Thesis/Unused/moveit_ur5_ws/install/pnp_msgs/local/lib/python3.10/dist-packages/pnp_msgs-0.0.0-py3.10.egg-info/PKG-INFO
-- Installing: /home/nimesha/Thesis/Unused/moveit_ur5_ws/install/pnp_msgs/local/lib/python3.10/dist-packages/pnp_msgs-0.0.0-py3.10.egg-info/dependency_links.txt
-- Installing: /home/nimesha/Thesis/Unused/moveit_ur5_ws/install/pnp_msgs/local/lib/python3.10/dist-packages/pnp_msgs-0.0.0-py3.10.egg-info/top_level.txt
-- Installing: /home/nimesha/Thesis/Unused/moveit_ur5_ws/install/pnp_msgs/local/lib/python3.10/dist-packages/pnp_msgs
-- Installing: /home/nimesha/Thesis/Unused/moveit_ur5_ws/install/pnp_msgs/local/lib/python3.10/dist-packages/pnp_msgs/action
-- Installing: /home/nimesha/Thesis/Unused/moveit_ur5_ws/install/pnp_msgs/local/lib/python3.10/dist-packages/pnp_msgs/action/_gripper.py
-- Installing: /home/nimesha/Thesis/Unused/moveit_ur5_ws/install/pnp_msgs/local/lib/python3.10/dist-packages/pnp_msgs/action/_robot_s.c
-- Installing: /home/nimesha/Thesis/Unused/moveit_ur5_ws/install/pnp_msgs/local/lib/python3.10/dist-packages/pnp_msgs/action/_pick_and_place.py
-- Installing: /home/nimesha/Thesis/Unused/moveit_ur5_ws/install/pnp_msgs/local/lib/python3.10/dist-packages/pnp_msgs/action/__init__.py
-- Installing: /home/nimesha/Thesis/Unused/moveit_ur5_ws/install/pnp_msgs/local/lib/python3.10/dist-packages/pnp_msgs/action/_gripper_s.c
-- Installing: /home/nimesha/Thesis/Unused/moveit_ur5_ws/install/pnp_msgs/local/lib/python3.10/dist-packages/pnp_msgs/action/_robot.py
-- Installing: /home/nimesha/Thesis/Unused/moveit_ur5_ws/install/pnp_msgs/local/lib/python3.10/dist-packages/pnp_msgs/action/_pick_and_place_s.c
-- Installing: /home/nimesha/Thesis/Unused/moveit_ur5_ws/install/pnp_msgs/local/lib/python3.10/dist-packages/pnp_msgs/_pnp_msgs_s.ep.rosidl_typesupport_introspection_c.c
-- Installing: /home/nimesha/Thesis/Unused/moveit_ur5_ws/install/pnp_msgs/local/lib/python3.10/dist-packages/pnp_msgs/pnp_msgs_s__rosidl_typesupport_introspection_c.cpython-310-x86_64-linux-gnu.so
-- Installing: /home/nimesha/Thesis/Unused/moveit_ur5_ws/install/pnp_msgs/local/lib/python3.10/dist-packages/pnp_msgs/pnp_msgs_s__rosidl_typesupport_c.cpython-310-x86_64-linux-gnu.so
-- Installing: /home/nimesha/Thesis/Unused/moveit_ur5_ws/install/pnp_msgs/local/lib/python3.10/dist-packages/pnp_msgs/pnp_msgs_s__rosidl_typesupport_fastrtps_c.cpython-310-x86_64-linux-gnu.so
-- Installing: /home/nimesha/Thesis/Unused/moveit_ur5_ws/install/pnp_msgs/local/lib/python3.10/dist-packages/pnp_msgs/_pnp_msgs_s.ep.rosidl_typesupport_fastrtps_c.c
-- Installing: /home/nimesha/Thesis/Unused/moveit_ur5_ws/install/pnp_msgs/local/lib/python3.10/dist-packages/pnp_msgs/__init__.py
-- Installing: /home/nimesha/Thesis/Unused/moveit_ur5_ws/install/pnp_msgs/local/lib/python3.10/dist-packages/pnp_msgs/libpnp_msgs__rosidl_generator_py.so
-- Installing: /home/nimesha/Thesis/Unused/moveit_ur5_ws/install/pnp_msgs/local/lib/python3.10/dist-packages/pnp_msgs/_pnp_msgs_s.ep.rosidl_typesupport_c.c
Listing '/home/nimesha/Thesis/Unused/moveit_ur5_ws/install/pnp_msgs/local/lib/python3.10/dist-packages/pnp_msgs'...
Compiling '/home/nimesha/Thesis/Unused/moveit_ur5_ws/install/pnp_msgs/local/lib/python3.10/dist-packages/pnp_msgs/__init__.py'...
Listing '/home/nimesha/Thesis/Unused/moveit_ur5_ws/install/pnp_msgs/local/lib/python3.10/dist-packages/pnp_msgs/action'...
Compiling '/home/nimesha/Thesis/Unused/moveit_ur5_ws/install/pnp_msgs/local/lib/python3.10/dist-packages/pnp_msgs/action/__init__.py'...
Compiling '/home/nimesha/Thesis/Unused/moveit_ur5_ws/install/pnp_msgs/local/lib/python3.10/dist-packages/pnp_msgs/action/_gripper.py'...
Compiling '/home/nimesha/Thesis/Unused/moveit_ur5_ws/install/pnp_msgs/local/lib/python3.10/dist-packages/pnp_msgs/action/_pick_and_place.py'...
Compiling '/home/nimesha/Thesis/Unused/moveit_ur5_ws/install/pnp_msgs/local/lib/python3.10/dist-packages/pnp_msgs/action/_robot.py'...
-- Installing: /home/nimesha/Thesis/Unused/moveit_ur5_ws/install/pnp_msgs/local/lib/python3.10/dist-packages/pnp_msgs/pnp_msgs_s__rosidl_typesupport_fastrtps_c.cpython-310-x86_64-linux-gnu.so
-- Set runtime path of "/home/nimesha/Thesis/Unused/moveit_ur5_ws/install/pnp_msgs/local/lib/python3.10/dist-packages/pnp_msgs/pnp_msgs_s__rosidl_typesupport_fastrtps_c.cpython-310-x86_64-linux-gnu.so" to ""
-- Installing: /home/nimesha/Thesis/Unused/moveit_ur5_ws/install/pnp_msgs/local/lib/python3.10/dist-packages/pnp_msgs/pnp_msgs_s__rosidl_typesupport_introspection_c.cpython-310-x86_64-linux-gnu.so
-- Set runtime path of "/home/nimesha/Thesis/Unused/moveit_ur5_ws/install/pnp_msgs/local/lib/python3.10/dist-packages/pnp_msgs/pnp_msgs_s__rosidl_typesupport_introspection_c.cpython-310-x86_64-linux-gnu.so" to ""
-- Installing: /home/nimesha/Thesis/Unused/moveit_ur5_ws/install/pnp_msgs/local/lib/python3.10/dist-packages/pnp_msgs/pnp_msgs_s__rosidl_typesupport_c.cpython-310-x86_64-linux-gnu.so
-- Set runtime path of "/home/nimesha/Thesis/Unused/moveit_ur5_ws/install/pnp_msgs/local/lib/python3.10/dist-packages/pnp_msgs/pnp_msgs_s__rosidl_typesupport_c.cpython-310-x86_64-linux-gnu.so" to ""
-- Installing: /home/nimesha/Thesis/Unused/moveit_ur5_ws/install/pnp_msgs/lib/libpnp_msgs__rosidl_generator_py.so
-- Set runtime path of "/home/nimesha/Thesis/Unused/moveit_ur5_ws/install/pnp_msgs/lib/libpnp_msgs__rosidl_generator_py.so" to ""
-- Installing: /home/nimesha/Thesis/Unused/moveit_ur5_ws/install/pnp_msgs/share/pnp_msgs/action/Robot.idl
-- Installing: /home/nimesha/Thesis/Unused/moveit_ur5_ws/install/pnp_msgs/share/pnp_msgs/action/Gripper.idl
-- Installing: /home/nimesha/Thesis/Unused/moveit_ur5_ws/install/pnp_msgs/share/pnp_msgs/action/PickAndPlace.idl
-- Installing: /home/nimesha/Thesis/Unused/moveit_ur5_ws/install/pnp_msgs/share/pnp_msgs/action/Robot.action
-- Installing: /home/nimesha/Thesis/Unused/moveit_ur5_ws/install/pnp_msgs/share/pnp_msgs/action/Gripper.action
-- Installing: /home/nimesha/Thesis/Unused/moveit_ur5_ws/install/pnp_msgs/share/pnp_msgs/action/PickAndPlace.action
-- Installing: /home/nimesha/Thesis/Unused/moveit_ur5_ws/install/pnp_msgs/share/ament_index/resource_index/package_run_dependencies/pnp_msgs
-- Installing: /home/nimesha/Thesis/Unused/moveit_ur5_ws/install/pnp_msgs/share/ament_index/resource_index/parent_prefix_path/pnp_msgs
-- Installing: /home/nimesha/Thesis/Unused/moveit_ur5_ws/install/pnp_msgs/share/pnp_msgs/environment/ament_prefix_path.sh
-- Installing: /home/nimesha/Thesis/Unused/moveit_ur5_ws/install/pnp_msgs/share/pnp_msgs/environment/ament_prefix_path.dsv
-- Installing: /home/nimesha/Thesis/Unused/moveit_ur5_ws/install/pnp_msgs/share/pnp_msgs/environment/path.sh
-- Installing: /home/nimesha/Thesis/Unused/moveit_ur5_ws/install/pnp_msgs/share/pnp_msgs/environment/path.dsv
-- Installing: /home/nimesha/Thesis/Unused/moveit_ur5_ws/install/pnp_msgs/share/pnp_msgs/local_setup.bash
-- Installing: /home/nimesha/Thesis/Unused/moveit_ur5_ws/install/pnp_msgs/share/pnp_msgs/local_setup.sh
-- Installing: /home/nimesha/Thesis/Unused/moveit_ur5_ws/install/pnp_msgs/share/pnp_msgs/local_setup.zsh
-- Installing: /home/nimesha/Thesis/Unused/moveit_ur5_ws/install/pnp_msgs/share/pnp_msgs/local_setup.dsv
-- Installing: /home/nimesha/Thesis/Unused/moveit_ur5_ws/install/pnp_msgs/share/pnp_msgs/package.dsv
-- Installing: /home/nimesha/Thesis/Unused/moveit_ur5_ws/install/pnp_msgs/share/ament_index/resource_index/packages/pnp_msgs
-- Installing: /home/nimesha/Thesis/Unused/moveit_ur5_ws/install/pnp_msgs/share/pnp_msgs/cmake/export_pnp_msgs__rosidl_generator_cExport.cmake
-- Installing: /home/nimesha/Thesis/Unused/moveit_ur5_ws/install/pnp_msgs/share/pnp_msgs/cmake/export_pnp_msgs__rosidl_generator_cExport-noconfig.cmake
-- Installing: /home/nimesha/Thesis/Unused/moveit_ur5_ws/install/pnp_msgs/share/pnp_msgs/cmake/export_pnp_msgs__rosidl_typesupport_fastrtps_cExport.cmake
-- Installing: /home/nimesha/Thesis/Unused/moveit_ur5_ws/install/pnp_msgs/share/pnp_msgs/cmake/export_pnp_msgs__rosidl_typesupport_fastrtps_cExport-noconfig.cmake
-- Installing: /home/nimesha/Thesis/Unused/moveit_ur5_ws/install/pnp_msgs/share/pnp_msgs/cmake/export_pnp_msgs__rosidl_generator_cppExport.cmake
-- Installing: /home/nimesha/Thesis/Unused/moveit_ur5_ws/install/pnp_msgs/share/pnp_msgs/cmake/export_pnp_msgs__rosidl_typesupport_fastrtps_cppExport.cmake
-- Installing: /home/nimesha/Thesis/Unused/moveit_ur5_ws/install/pnp_msgs/share/pnp_msgs/cmake/export_pnp_msgs__rosidl_typesupport_fastrtps_cppExport-noconfig.cmake
-- Installing: /home/nimesha/Thesis/Unused/moveit_ur5_ws/install/pnp_msgs/share/pnp_msgs/cmake/pnp_msgs__rosidl_typesupport_introspection_cExport.cmake
-- Installing: /home/nimesha/Thesis/Unused/moveit_ur5_ws/install/pnp_msgs/share/pnp_msgs/cmake/pnp_msgs__rosidl_typesupport_introspection_cExport-noconfig.cmake
-- Installing: /home/nimesha/Thesis/Unused/moveit_ur5_ws/install/pnp_msgs/share/pnp_msgs/cmake/pnp_msgs__rosidl_typesupport_cExport.cmake
-- Installing: /home/nimesha/Thesis/Unused/moveit_ur5_ws/install/pnp_msgs/share/pnp_msgs/cmake/pnp_msgs__rosidl_typesupport_cExport-noconfig.cmake
-- Installing: /home/nimesha/Thesis/Unused/moveit_ur5_ws/install/pnp_msgs/share/pnp_msgs/cmake/pnp_msgs__rosidl_typesupport_introspection_cppExport.cmake
-- Installing: /home/nimesha/Thesis/Unused/moveit_ur5_ws/install/pnp_msgs/share/pnp_msgs/cmake/pnp_msgs__rosidl_typesupport_introspection_cppExport-noconfig.cmake
-- Installing: /home/nimesha/Thesis/Unused/moveit_ur5_ws/install/pnp_msgs/share/pnp_msgs/cmake/pnp_msgs__rosidl_typesupport_cppExport.cmake
-- Installing: /home/nimesha/Thesis/Unused/moveit_ur5_ws/install/pnp_msgs/share/pnp_msgs/cmake/pnp_msgs__rosidl_typesupport_cppExport-noconfig.cmake
-- Installing: /home/nimesha/Thesis/Unused/moveit_ur5_ws/install/pnp_msgs/share/pnp_msgs/cmake/export_pnp_msgs__rosidl_generator_pyExport.cmake
-- Installing: /home/nimesha/Thesis/Unused/moveit_ur5_ws/install/pnp_msgs/share/pnp_msgs/cmake/export_pnp_msgs__rosidl_generator_pyExport-noconfig.cmake
-- Installing: /home/nimesha/Thesis/Unused/moveit_ur5_ws/install/pnp_msgs/share/pnp_msgs/cmake/rosidl_cmake-extras.cmake
-- Installing: /home/nimesha/Thesis/Unused/moveit_ur5_ws/install/pnp_msgs/share/pnp_msgs/cmake/ament_cmake_export_dependencies-extras.cmake
-- Installing: /home/nimesha/Thesis/Unused/moveit_ur5_ws/install/pnp_msgs/share/pnp_msgs/cmake/ament_cmake_export_include_directories-extras.cmake
-- Installing: /home/nimesha/Thesis/Unused/moveit_ur5_ws/install/pnp_msgs/share/pnp_msgs/cmake/ament_cmake_export_libraries-extras.cmake
-- Installing: /home/nimesha/Thesis/Unused/moveit_ur5_ws/install/pnp_msgs/share/pnp_msgs/cmake/ament_cmake_export_targets-extras.cmake
-- Installing: /home/nimesha/Thesis/Unused/moveit_ur5_ws/install/pnp_msgs/share/pnp_msgs/cmake/rosidl_cmake_export_typesupport_targets-extras.cmake
-- Installing: /home/nimesha/Thesis/Unused/moveit_ur5_ws/install/pnp_msgs/share/pnp_msgs/cmake/rosidl_cmake_export_typesupport_libraries-extras.cmake
-- Installing: /home/nimesha/Thesis/Unused/moveit_ur5_ws/install/pnp_msgs/share/pnp_msgs/cmake/pnp_msgsConfig.cmake
-- Installing: /home/nimesha/Thesis/Unused/moveit_ur5_ws/install/pnp_msgs/share/pnp_msgs/cmake/pnp_msgsConfig-version.cmake
-- Installing: /home/nimesha/Thesis/Unused/moveit_ur5_ws/install/pnp_msgs/share/pnp_msgs/package.xml
