[0.013s] Invoking command in '/home/nimesha/Thesis/Unused/moveit_ur5_ws/build/pnp_msgs': CMAKE_PREFIX_PATH=${CMAKE_PREFIX_PATH}:/home/nimesha/Thesis/moveit_ur5_v2_ws/src/ws_moveit/install/moveit_configs_utils:/home/nimesha/Thesis/moveit_ur5_v2_ws/src/ws_moveit/install/launch_param_builder:/opt/ros/humble /usr/bin/cmake /home/nimesha/Thesis/Unused/moveit_ur5_ws/src/ROS2_pick_and_place_UR5/pnp_msgs -DCMAKE_INSTALL_PREFIX=/home/nimesha/Thesis/Unused/moveit_ur5_ws/install/pnp_msgs
[0.088s] -- The C compiler identification is GNU 11.4.0
[0.303s] -- The CXX compiler identification is GNU 11.4.0
[0.453s] -- Detecting C compiler ABI info
[0.540s] -- Detecting C compiler ABI info - done
[0.545s] -- Check for working C compiler: /usr/bin/cc - skipped
[0.545s] -- Detecting C compile features
[0.545s] -- Detecting C compile features - done
[0.546s] -- Detecting CXX compiler ABI info
[0.652s] -- Detecting CXX compiler ABI info - done
[0.656s] -- Check for working CXX compiler: /usr/bin/c++ - skipped
[0.657s] -- Detecting CXX compile features
[0.657s] -- Detecting CXX compile features - done
[0.659s] -- Found ament_cmake: 1.3.10 (/home/nimesha/ros2_humble/ros2-linux/share/ament_cmake/cmake)
[0.757s] -- Found Python3: /usr/bin/python3 (found version "3.10.12") found components: Interpreter 
[0.839s] -- Found rclcpp: 16.0.10 (/home/nimesha/ros2_humble/ros2-linux/share/rclcpp/cmake)
[0.945s] -- Found rosidl_generator_c: 3.1.5 (/home/nimesha/ros2_humble/ros2-linux/share/rosidl_generator_c/cmake)
[0.952s] -- Found rosidl_adapter: 3.1.5 (/home/nimesha/ros2_humble/ros2-linux/share/rosidl_adapter/cmake)
[0.962s] -- Found rosidl_generator_cpp: 3.1.5 (/home/nimesha/ros2_humble/ros2-linux/share/rosidl_generator_cpp/cmake)
[0.978s] -- Using all available rosidl_typesupport_c: rosidl_typesupport_fastrtps_c;rosidl_typesupport_introspection_c
[0.999s] -- Using all available rosidl_typesupport_cpp: rosidl_typesupport_fastrtps_cpp;rosidl_typesupport_introspection_cpp
[1.054s] -- Found rmw_implementation_cmake: 6.1.2 (/home/nimesha/ros2_humble/ros2-linux/share/rmw_implementation_cmake/cmake)
[1.060s] -- Found rmw_fastrtps_cpp: 6.2.7 (/home/nimesha/ros2_humble/ros2-linux/share/rmw_fastrtps_cpp/cmake)
[1.665s] -- Found OpenSSL: /usr/lib/x86_64-linux-gnu/libcrypto.so (found version "3.0.2")  
[2.249s] -- Found FastRTPS: /home/nimesha/ros2_humble/ros2-linux/include  
[3.264s] -- Using RMW implementation 'rmw_fastrtps_cpp' as default
[3.277s] -- Looking for pthread.h
[3.367s] -- Looking for pthread.h - found
[3.367s] -- Performing Test CMAKE_HAVE_LIBC_PTHREAD
[3.449s] -- Performing Test CMAKE_HAVE_LIBC_PTHREAD - Success
[3.449s] -- Found Threads: TRUE  
[3.479s] -- Found rclcpp_action: 16.0.10 (/home/nimesha/ros2_humble/ros2-linux/share/rclcpp_action/cmake)
[3.503s] -- Found geometry_msgs: 4.2.4 (/home/nimesha/ros2_humble/ros2-linux/share/geometry_msgs/cmake)
[3.522s] -- Found rosidl_default_generators: 1.2.0 (/home/nimesha/ros2_humble/ros2-linux/share/rosidl_default_generators/cmake)
[3.720s] -- Found ament_cmake_ros: 0.10.0 (/home/nimesha/ros2_humble/ros2-linux/share/ament_cmake_ros/cmake)
[3.992s] -- Using all available rosidl_typesupport_c: rosidl_typesupport_fastrtps_c;rosidl_typesupport_introspection_c
[4.097s] -- Using all available rosidl_typesupport_cpp: rosidl_typesupport_fastrtps_cpp;rosidl_typesupport_introspection_cpp
[4.151s] -- Found PythonInterp: /usr/bin/python3 (found suitable version "3.10.12", minimum required is "3.6") 
[4.154s] -- Found python_cmake_module: 0.10.0 (/home/nimesha/ros2_humble/ros2-linux/share/python_cmake_module/cmake)
[4.312s] -- Found PythonLibs: /usr/lib/x86_64-linux-gnu/libpython3.10.so (found suitable version "3.10.12", minimum required is "3.5") 
[4.313s] -- Using PYTHON_EXECUTABLE: /usr/bin/python3
[4.313s] -- Using PYTHON_INCLUDE_DIRS: /usr/include/python3.10
[4.313s] -- Using PYTHON_LIBRARIES: /usr/lib/x86_64-linux-gnu/libpython3.10.so
[4.326s] -- Found PythonExtra: .so  
[4.435s] -- Found ament_lint_auto: 0.12.11 (/home/nimesha/ros2_humble/ros2-linux/share/ament_lint_auto/cmake)
[4.462s] -- Added test 'copyright' to check source files copyright and LICENSE
[4.464s] -- Added test 'lint_cmake' to check CMake code style
[4.465s] -- Added test 'xmllint' to check XML markup files
[4.467s] -- Configuring done
[4.490s] -- Generating done
[4.493s] -- Build files have been written to: /home/nimesha/Thesis/Unused/moveit_ur5_ws/build/pnp_msgs
[4.502s] Invoked command in '/home/nimesha/Thesis/Unused/moveit_ur5_ws/build/pnp_msgs' returned '0': CMAKE_PREFIX_PATH=${CMAKE_PREFIX_PATH}:/home/nimesha/Thesis/moveit_ur5_v2_ws/src/ws_moveit/install/moveit_configs_utils:/home/nimesha/Thesis/moveit_ur5_v2_ws/src/ws_moveit/install/launch_param_builder:/opt/ros/humble /usr/bin/cmake /home/nimesha/Thesis/Unused/moveit_ur5_ws/src/ROS2_pick_and_place_UR5/pnp_msgs -DCMAKE_INSTALL_PREFIX=/home/nimesha/Thesis/Unused/moveit_ur5_ws/install/pnp_msgs
[4.503s] Invoking command in '/home/nimesha/Thesis/Unused/moveit_ur5_ws/build/pnp_msgs': CMAKE_PREFIX_PATH=${CMAKE_PREFIX_PATH}:/home/nimesha/Thesis/moveit_ur5_v2_ws/src/ws_moveit/install/moveit_configs_utils:/home/nimesha/Thesis/moveit_ur5_v2_ws/src/ws_moveit/install/launch_param_builder:/opt/ros/humble /usr/bin/cmake --build /home/nimesha/Thesis/Unused/moveit_ur5_ws/build/pnp_msgs -- -j32 -l32
[4.545s] [  2%] [34m[1mGenerating C code for ROS interfaces[0m
[4.555s] [  4%] [34m[1mGenerating C++ code for ROS interfaces[0m
[4.561s] [  4%] Built target ament_cmake_python_copy_pnp_msgs
[4.761s] running egg_info
[4.762s] creating pnp_msgs.egg-info
[4.762s] writing pnp_msgs.egg-info/PKG-INFO
[4.762s] writing dependency_links to pnp_msgs.egg-info/dependency_links.txt
[4.762s] writing top-level names to pnp_msgs.egg-info/top_level.txt
[4.763s] writing manifest file 'pnp_msgs.egg-info/SOURCES.txt'
[4.763s] reading manifest file 'pnp_msgs.egg-info/SOURCES.txt'
[4.764s] writing manifest file 'pnp_msgs.egg-info/SOURCES.txt'
[4.792s] [  4%] Built target ament_cmake_python_build_pnp_msgs_egg
[5.031s] [  6%] [32mBuilding C object CMakeFiles/pnp_msgs__rosidl_generator_c.dir/rosidl_generator_c/pnp_msgs/action/detail/pick_and_place__functions.c.o[0m
[5.033s] [  8%] [32mBuilding C object CMakeFiles/pnp_msgs__rosidl_generator_c.dir/rosidl_generator_c/pnp_msgs/action/detail/gripper__functions.c.o[0m
[5.035s] [ 10%] [32mBuilding C object CMakeFiles/pnp_msgs__rosidl_generator_c.dir/rosidl_generator_c/pnp_msgs/action/detail/robot__functions.c.o[0m
[5.101s] [ 10%] Built target pnp_msgs__cpp
[5.111s] [ 12%] [34m[1mGenerating C++ type support dispatch for ROS interfaces[0m
[5.111s] [ 14%] [34m[1mGenerating C++ type support for eProsima Fast-RTPS[0m
[5.112s] [ 17%] [34m[1mGenerating C++ introspection for ROS interfaces[0m
[5.134s] [ 19%] [32m[1mLinking C shared library libpnp_msgs__rosidl_generator_c.so[0m
[5.205s] [ 19%] Built target pnp_msgs__rosidl_generator_c
[5.217s] [ 21%] [34m[1mGenerating C type support dispatch for ROS interfaces[0m
[5.217s] [ 25%] [34m[1mGenerating C type support for eProsima Fast-RTPS[0m
[5.217s] [ 25%] [34m[1mGenerating C introspection for ROS interfaces[0m
[5.513s] [ 27%] [32mBuilding CXX object CMakeFiles/pnp_msgs__rosidl_typesupport_introspection_cpp.dir/rosidl_typesupport_introspection_cpp/pnp_msgs/action/detail/gripper__type_support.cpp.o[0m
[5.514s] [ 31%] [32mBuilding CXX object CMakeFiles/pnp_msgs__rosidl_typesupport_introspection_cpp.dir/rosidl_typesupport_introspection_cpp/pnp_msgs/action/detail/robot__type_support.cpp.o[0m
[5.514s] [ 31%] [32mBuilding CXX object CMakeFiles/pnp_msgs__rosidl_typesupport_c.dir/rosidl_typesupport_c/pnp_msgs/action/robot__type_support.cpp.o[0m
[5.514s] [ 34%] [32mBuilding CXX object CMakeFiles/pnp_msgs__rosidl_typesupport_c.dir/rosidl_typesupport_c/pnp_msgs/action/gripper__type_support.cpp.o[0m
[5.516s] [ 36%] [32mBuilding CXX object CMakeFiles/pnp_msgs__rosidl_typesupport_c.dir/rosidl_typesupport_c/pnp_msgs/action/pick_and_place__type_support.cpp.o[0m
[5.517s] [ 38%] [32mBuilding CXX object CMakeFiles/pnp_msgs__rosidl_typesupport_introspection_cpp.dir/rosidl_typesupport_introspection_cpp/pnp_msgs/action/detail/pick_and_place__type_support.cpp.o[0m
[5.543s] [ 40%] [32mBuilding CXX object CMakeFiles/pnp_msgs__rosidl_typesupport_cpp.dir/rosidl_typesupport_cpp/pnp_msgs/action/gripper__type_support.cpp.o[0m
[5.543s] [ 42%] [32mBuilding CXX object CMakeFiles/pnp_msgs__rosidl_typesupport_cpp.dir/rosidl_typesupport_cpp/pnp_msgs/action/robot__type_support.cpp.o[0m
[5.546s] [ 44%] [32mBuilding CXX object CMakeFiles/pnp_msgs__rosidl_typesupport_cpp.dir/rosidl_typesupport_cpp/pnp_msgs/action/pick_and_place__type_support.cpp.o[0m
[5.579s] [ 46%] [32m[1mLinking CXX shared library libpnp_msgs__rosidl_typesupport_c.so[0m
[5.650s] [ 48%] [32mBuilding C object CMakeFiles/pnp_msgs__rosidl_typesupport_introspection_c.dir/rosidl_typesupport_introspection_c/pnp_msgs/action/detail/robot__type_support.c.o[0m
[5.654s] [ 51%] [32mBuilding C object CMakeFiles/pnp_msgs__rosidl_typesupport_introspection_c.dir/rosidl_typesupport_introspection_c/pnp_msgs/action/detail/gripper__type_support.c.o[0m
[5.654s] [ 53%] [32mBuilding C object CMakeFiles/pnp_msgs__rosidl_typesupport_introspection_c.dir/rosidl_typesupport_introspection_c/pnp_msgs/action/detail/pick_and_place__type_support.c.o[0m
[5.682s] [ 55%] [32mBuilding CXX object CMakeFiles/pnp_msgs__rosidl_typesupport_fastrtps_cpp.dir/rosidl_typesupport_fastrtps_cpp/pnp_msgs/action/detail/dds_fastrtps/robot__type_support.cpp.o[0m
[5.685s] [ 59%] [32mBuilding CXX object CMakeFiles/pnp_msgs__rosidl_typesupport_fastrtps_cpp.dir/rosidl_typesupport_fastrtps_cpp/pnp_msgs/action/detail/dds_fastrtps/gripper__type_support.cpp.o[0m
[5.685s] [ 59%] [32mBuilding CXX object CMakeFiles/pnp_msgs__rosidl_typesupport_fastrtps_cpp.dir/rosidl_typesupport_fastrtps_cpp/pnp_msgs/action/detail/dds_fastrtps/pick_and_place__type_support.cpp.o[0m
[5.691s] [ 59%] Built target pnp_msgs__rosidl_typesupport_c
[5.705s] [ 61%] [32m[1mLinking C shared library libpnp_msgs__rosidl_typesupport_introspection_c.so[0m
[5.803s] [ 61%] Built target pnp_msgs__rosidl_typesupport_introspection_c
[5.823s] [ 63%] [32mBuilding CXX object CMakeFiles/pnp_msgs__rosidl_typesupport_fastrtps_c.dir/rosidl_typesupport_fastrtps_c/pnp_msgs/action/detail/gripper__type_support_c.cpp.o[0m
[5.825s] [ 65%] [32mBuilding CXX object CMakeFiles/pnp_msgs__rosidl_typesupport_fastrtps_c.dir/rosidl_typesupport_fastrtps_c/pnp_msgs/action/detail/robot__type_support_c.cpp.o[0m
[5.827s] [ 68%] [32mBuilding CXX object CMakeFiles/pnp_msgs__rosidl_typesupport_fastrtps_c.dir/rosidl_typesupport_fastrtps_c/pnp_msgs/action/detail/pick_and_place__type_support_c.cpp.o[0m
[5.904s] [ 70%] [32m[1mLinking CXX shared library libpnp_msgs__rosidl_typesupport_cpp.so[0m
[5.914s] [ 72%] [32m[1mLinking CXX shared library libpnp_msgs__rosidl_typesupport_introspection_cpp.so[0m
[5.981s] [ 72%] Built target pnp_msgs__rosidl_typesupport_cpp
[6.010s] [ 72%] Built target pnp_msgs__rosidl_typesupport_introspection_cpp
[6.088s] [ 74%] [32m[1mLinking CXX shared library libpnp_msgs__rosidl_typesupport_fastrtps_cpp.so[0m
[6.095s] [ 76%] [32m[1mLinking CXX shared library libpnp_msgs__rosidl_typesupport_fastrtps_c.so[0m
[6.164s] [ 76%] Built target pnp_msgs__rosidl_typesupport_fastrtps_cpp
[6.165s] [ 76%] Built target pnp_msgs__rosidl_typesupport_fastrtps_c
[6.188s] [ 76%] Built target pnp_msgs
[6.207s] [ 78%] [34m[1mGenerating Python code for ROS interfaces[0m
[7.134s] [ 78%] Built target pnp_msgs__py
[7.153s] [ 80%] [32mBuilding C object CMakeFiles/pnp_msgs__rosidl_generator_py.dir/rosidl_generator_py/pnp_msgs/action/_pick_and_place_s.c.o[0m
[7.154s] [ 82%] [32mBuilding C object CMakeFiles/pnp_msgs__rosidl_generator_py.dir/rosidl_generator_py/pnp_msgs/action/_gripper_s.c.o[0m
[7.155s] [ 85%] [32mBuilding C object CMakeFiles/pnp_msgs__rosidl_generator_py.dir/rosidl_generator_py/pnp_msgs/action/_robot_s.c.o[0m
[7.268s] [ 87%] [32m[1mLinking C shared library rosidl_generator_py/pnp_msgs/libpnp_msgs__rosidl_generator_py.so[0m
[7.325s] [ 87%] Built target pnp_msgs__rosidl_generator_py
[7.346s] [ 89%] [32mBuilding C object CMakeFiles/pnp_msgs__rosidl_typesupport_c__pyext.dir/rosidl_generator_py/pnp_msgs/_pnp_msgs_s.ep.rosidl_typesupport_c.c.o[0m
[7.350s] [ 91%] [32mBuilding C object CMakeFiles/pnp_msgs__rosidl_typesupport_introspection_c__pyext.dir/rosidl_generator_py/pnp_msgs/_pnp_msgs_s.ep.rosidl_typesupport_introspection_c.c.o[0m
[7.350s] [ 93%] [32mBuilding C object CMakeFiles/pnp_msgs__rosidl_typesupport_fastrtps_c__pyext.dir/rosidl_generator_py/pnp_msgs/_pnp_msgs_s.ep.rosidl_typesupport_fastrtps_c.c.o[0m
[7.439s] [ 95%] [32m[1mLinking C shared library rosidl_generator_py/pnp_msgs/pnp_msgs_s__rosidl_typesupport_introspection_c.cpython-310-x86_64-linux-gnu.so[0m
[7.444s] [ 97%] [32m[1mLinking C shared library rosidl_generator_py/pnp_msgs/pnp_msgs_s__rosidl_typesupport_c.cpython-310-x86_64-linux-gnu.so[0m
[7.460s] [100%] [32m[1mLinking C shared library rosidl_generator_py/pnp_msgs/pnp_msgs_s__rosidl_typesupport_fastrtps_c.cpython-310-x86_64-linux-gnu.so[0m
[7.498s] [100%] Built target pnp_msgs__rosidl_typesupport_introspection_c__pyext
[7.505s] [100%] Built target pnp_msgs__rosidl_typesupport_c__pyext
[7.512s] [100%] Built target pnp_msgs__rosidl_typesupport_fastrtps_c__pyext
[7.522s] Invoked command in '/home/nimesha/Thesis/Unused/moveit_ur5_ws/build/pnp_msgs' returned '0': CMAKE_PREFIX_PATH=${CMAKE_PREFIX_PATH}:/home/nimesha/Thesis/moveit_ur5_v2_ws/src/ws_moveit/install/moveit_configs_utils:/home/nimesha/Thesis/moveit_ur5_v2_ws/src/ws_moveit/install/launch_param_builder:/opt/ros/humble /usr/bin/cmake --build /home/nimesha/Thesis/Unused/moveit_ur5_ws/build/pnp_msgs -- -j32 -l32
[7.705s] Invoking command in '/home/nimesha/Thesis/Unused/moveit_ur5_ws/build/pnp_msgs': CMAKE_PREFIX_PATH=${CMAKE_PREFIX_PATH}:/home/nimesha/Thesis/moveit_ur5_v2_ws/src/ws_moveit/install/moveit_configs_utils:/home/nimesha/Thesis/moveit_ur5_v2_ws/src/ws_moveit/install/launch_param_builder:/opt/ros/humble /usr/bin/cmake --install /home/nimesha/Thesis/Unused/moveit_ur5_ws/build/pnp_msgs
[7.710s] -- Install configuration: ""
[7.710s] -- Installing: /home/nimesha/Thesis/Unused/moveit_ur5_ws/install/pnp_msgs/share/ament_index/resource_index/rosidl_interfaces/pnp_msgs
[7.711s] -- Installing: /home/nimesha/Thesis/Unused/moveit_ur5_ws/install/pnp_msgs/include/pnp_msgs/pnp_msgs
[7.711s] -- Installing: /home/nimesha/Thesis/Unused/moveit_ur5_ws/install/pnp_msgs/include/pnp_msgs/pnp_msgs/action
[7.711s] -- Installing: /home/nimesha/Thesis/Unused/moveit_ur5_ws/install/pnp_msgs/include/pnp_msgs/pnp_msgs/action/pick_and_place.h
[7.711s] -- Installing: /home/nimesha/Thesis/Unused/moveit_ur5_ws/install/pnp_msgs/include/pnp_msgs/pnp_msgs/action/robot.h
[7.711s] -- Installing: /home/nimesha/Thesis/Unused/moveit_ur5_ws/install/pnp_msgs/include/pnp_msgs/pnp_msgs/action/gripper.h
[7.711s] -- Installing: /home/nimesha/Thesis/Unused/moveit_ur5_ws/install/pnp_msgs/include/pnp_msgs/pnp_msgs/action/detail
[7.711s] -- Installing: /home/nimesha/Thesis/Unused/moveit_ur5_ws/install/pnp_msgs/include/pnp_msgs/pnp_msgs/action/detail/gripper__type_support.h
[7.711s] -- Installing: /home/nimesha/Thesis/Unused/moveit_ur5_ws/install/pnp_msgs/include/pnp_msgs/pnp_msgs/action/detail/gripper__functions.h
[7.711s] -- Installing: /home/nimesha/Thesis/Unused/moveit_ur5_ws/install/pnp_msgs/include/pnp_msgs/pnp_msgs/action/detail/robot__functions.h
[7.711s] -- Installing: /home/nimesha/Thesis/Unused/moveit_ur5_ws/install/pnp_msgs/include/pnp_msgs/pnp_msgs/action/detail/gripper__struct.h
[7.712s] -- Installing: /home/nimesha/Thesis/Unused/moveit_ur5_ws/install/pnp_msgs/include/pnp_msgs/pnp_msgs/action/detail/robot__type_support.h
[7.712s] -- Installing: /home/nimesha/Thesis/Unused/moveit_ur5_ws/install/pnp_msgs/include/pnp_msgs/pnp_msgs/action/detail/pick_and_place__functions.c
[7.712s] -- Installing: /home/nimesha/Thesis/Unused/moveit_ur5_ws/install/pnp_msgs/include/pnp_msgs/pnp_msgs/action/detail/pick_and_place__type_support.h
[7.712s] -- Installing: /home/nimesha/Thesis/Unused/moveit_ur5_ws/install/pnp_msgs/include/pnp_msgs/pnp_msgs/action/detail/robot__functions.c
[7.712s] -- Installing: /home/nimesha/Thesis/Unused/moveit_ur5_ws/install/pnp_msgs/include/pnp_msgs/pnp_msgs/action/detail/pick_and_place__struct.h
[7.712s] -- Installing: /home/nimesha/Thesis/Unused/moveit_ur5_ws/install/pnp_msgs/include/pnp_msgs/pnp_msgs/action/detail/robot__struct.h
[7.712s] -- Installing: /home/nimesha/Thesis/Unused/moveit_ur5_ws/install/pnp_msgs/include/pnp_msgs/pnp_msgs/action/detail/gripper__functions.c
[7.712s] -- Installing: /home/nimesha/Thesis/Unused/moveit_ur5_ws/install/pnp_msgs/include/pnp_msgs/pnp_msgs/action/detail/pick_and_place__functions.h
[7.712s] -- Installing: /home/nimesha/Thesis/Unused/moveit_ur5_ws/install/pnp_msgs/include/pnp_msgs/pnp_msgs/msg
[7.713s] -- Installing: /home/nimesha/Thesis/Unused/moveit_ur5_ws/install/pnp_msgs/include/pnp_msgs/pnp_msgs/msg/rosidl_generator_c__visibility_control.h
[7.713s] -- Installing: /home/nimesha/Thesis/Unused/moveit_ur5_ws/install/pnp_msgs/share/pnp_msgs/environment/library_path.sh
[7.713s] -- Installing: /home/nimesha/Thesis/Unused/moveit_ur5_ws/install/pnp_msgs/share/pnp_msgs/environment/library_path.dsv
[7.713s] -- Installing: /home/nimesha/Thesis/Unused/moveit_ur5_ws/install/pnp_msgs/lib/libpnp_msgs__rosidl_generator_c.so
[7.713s] -- Set runtime path of "/home/nimesha/Thesis/Unused/moveit_ur5_ws/install/pnp_msgs/lib/libpnp_msgs__rosidl_generator_c.so" to ""
[7.713s] -- Up-to-date: /home/nimesha/Thesis/Unused/moveit_ur5_ws/install/pnp_msgs/include/pnp_msgs/pnp_msgs
[7.713s] -- Up-to-date: /home/nimesha/Thesis/Unused/moveit_ur5_ws/install/pnp_msgs/include/pnp_msgs/pnp_msgs/action
[7.713s] -- Up-to-date: /home/nimesha/Thesis/Unused/moveit_ur5_ws/install/pnp_msgs/include/pnp_msgs/pnp_msgs/action/detail
[7.713s] -- Installing: /home/nimesha/Thesis/Unused/moveit_ur5_ws/install/pnp_msgs/include/pnp_msgs/pnp_msgs/action/detail/robot__rosidl_typesupport_fastrtps_c.h
[7.713s] -- Installing: /home/nimesha/Thesis/Unused/moveit_ur5_ws/install/pnp_msgs/include/pnp_msgs/pnp_msgs/action/detail/pick_and_place__rosidl_typesupport_fastrtps_c.h
[7.713s] -- Installing: /home/nimesha/Thesis/Unused/moveit_ur5_ws/install/pnp_msgs/include/pnp_msgs/pnp_msgs/action/detail/gripper__rosidl_typesupport_fastrtps_c.h
[7.714s] -- Up-to-date: /home/nimesha/Thesis/Unused/moveit_ur5_ws/install/pnp_msgs/include/pnp_msgs/pnp_msgs/msg
[7.714s] -- Installing: /home/nimesha/Thesis/Unused/moveit_ur5_ws/install/pnp_msgs/include/pnp_msgs/pnp_msgs/msg/rosidl_typesupport_fastrtps_c__visibility_control.h
[7.714s] -- Installing: /home/nimesha/Thesis/Unused/moveit_ur5_ws/install/pnp_msgs/lib/libpnp_msgs__rosidl_typesupport_fastrtps_c.so
[7.714s] -- Set runtime path of "/home/nimesha/Thesis/Unused/moveit_ur5_ws/install/pnp_msgs/lib/libpnp_msgs__rosidl_typesupport_fastrtps_c.so" to ""
[7.714s] -- Up-to-date: /home/nimesha/Thesis/Unused/moveit_ur5_ws/install/pnp_msgs/include/pnp_msgs/pnp_msgs
[7.714s] -- Up-to-date: /home/nimesha/Thesis/Unused/moveit_ur5_ws/install/pnp_msgs/include/pnp_msgs/pnp_msgs/action
[7.714s] -- Installing: /home/nimesha/Thesis/Unused/moveit_ur5_ws/install/pnp_msgs/include/pnp_msgs/pnp_msgs/action/robot.hpp
[7.714s] -- Installing: /home/nimesha/Thesis/Unused/moveit_ur5_ws/install/pnp_msgs/include/pnp_msgs/pnp_msgs/action/gripper.hpp
[7.714s] -- Installing: /home/nimesha/Thesis/Unused/moveit_ur5_ws/install/pnp_msgs/include/pnp_msgs/pnp_msgs/action/pick_and_place.hpp
[7.714s] -- Up-to-date: /home/nimesha/Thesis/Unused/moveit_ur5_ws/install/pnp_msgs/include/pnp_msgs/pnp_msgs/action/detail
[7.714s] -- Installing: /home/nimesha/Thesis/Unused/moveit_ur5_ws/install/pnp_msgs/include/pnp_msgs/pnp_msgs/action/detail/gripper__builder.hpp
[7.714s] -- Installing: /home/nimesha/Thesis/Unused/moveit_ur5_ws/install/pnp_msgs/include/pnp_msgs/pnp_msgs/action/detail/robot__builder.hpp
[7.714s] -- Installing: /home/nimesha/Thesis/Unused/moveit_ur5_ws/install/pnp_msgs/include/pnp_msgs/pnp_msgs/action/detail/pick_and_place__traits.hpp
[7.715s] -- Installing: /home/nimesha/Thesis/Unused/moveit_ur5_ws/install/pnp_msgs/include/pnp_msgs/pnp_msgs/action/detail/robot__struct.hpp
[7.715s] -- Installing: /home/nimesha/Thesis/Unused/moveit_ur5_ws/install/pnp_msgs/include/pnp_msgs/pnp_msgs/action/detail/pick_and_place__builder.hpp
[7.715s] -- Installing: /home/nimesha/Thesis/Unused/moveit_ur5_ws/install/pnp_msgs/include/pnp_msgs/pnp_msgs/action/detail/gripper__traits.hpp
[7.715s] -- Installing: /home/nimesha/Thesis/Unused/moveit_ur5_ws/install/pnp_msgs/include/pnp_msgs/pnp_msgs/action/detail/pick_and_place__struct.hpp
[7.715s] -- Installing: /home/nimesha/Thesis/Unused/moveit_ur5_ws/install/pnp_msgs/include/pnp_msgs/pnp_msgs/action/detail/gripper__struct.hpp
[7.715s] -- Installing: /home/nimesha/Thesis/Unused/moveit_ur5_ws/install/pnp_msgs/include/pnp_msgs/pnp_msgs/action/detail/robot__traits.hpp
[7.715s] -- Up-to-date: /home/nimesha/Thesis/Unused/moveit_ur5_ws/install/pnp_msgs/include/pnp_msgs/pnp_msgs
[7.715s] -- Up-to-date: /home/nimesha/Thesis/Unused/moveit_ur5_ws/install/pnp_msgs/include/pnp_msgs/pnp_msgs/action
[7.715s] -- Up-to-date: /home/nimesha/Thesis/Unused/moveit_ur5_ws/install/pnp_msgs/include/pnp_msgs/pnp_msgs/action/detail
[7.715s] -- Installing: /home/nimesha/Thesis/Unused/moveit_ur5_ws/install/pnp_msgs/include/pnp_msgs/pnp_msgs/action/detail/dds_fastrtps
[7.715s] -- Installing: /home/nimesha/Thesis/Unused/moveit_ur5_ws/install/pnp_msgs/include/pnp_msgs/pnp_msgs/action/detail/robot__rosidl_typesupport_fastrtps_cpp.hpp
[7.715s] -- Installing: /home/nimesha/Thesis/Unused/moveit_ur5_ws/install/pnp_msgs/include/pnp_msgs/pnp_msgs/action/detail/pick_and_place__rosidl_typesupport_fastrtps_cpp.hpp
[7.715s] -- Installing: /home/nimesha/Thesis/Unused/moveit_ur5_ws/install/pnp_msgs/include/pnp_msgs/pnp_msgs/action/detail/gripper__rosidl_typesupport_fastrtps_cpp.hpp
[7.715s] -- Up-to-date: /home/nimesha/Thesis/Unused/moveit_ur5_ws/install/pnp_msgs/include/pnp_msgs/pnp_msgs/msg
[7.715s] -- Installing: /home/nimesha/Thesis/Unused/moveit_ur5_ws/install/pnp_msgs/include/pnp_msgs/pnp_msgs/msg/rosidl_typesupport_fastrtps_cpp__visibility_control.h
[7.716s] -- Installing: /home/nimesha/Thesis/Unused/moveit_ur5_ws/install/pnp_msgs/lib/libpnp_msgs__rosidl_typesupport_fastrtps_cpp.so
[7.716s] -- Set runtime path of "/home/nimesha/Thesis/Unused/moveit_ur5_ws/install/pnp_msgs/lib/libpnp_msgs__rosidl_typesupport_fastrtps_cpp.so" to ""
[7.716s] -- Up-to-date: /home/nimesha/Thesis/Unused/moveit_ur5_ws/install/pnp_msgs/include/pnp_msgs/pnp_msgs
[7.716s] -- Up-to-date: /home/nimesha/Thesis/Unused/moveit_ur5_ws/install/pnp_msgs/include/pnp_msgs/pnp_msgs/action
[7.716s] -- Up-to-date: /home/nimesha/Thesis/Unused/moveit_ur5_ws/install/pnp_msgs/include/pnp_msgs/pnp_msgs/action/detail
[7.716s] -- Installing: /home/nimesha/Thesis/Unused/moveit_ur5_ws/install/pnp_msgs/include/pnp_msgs/pnp_msgs/action/detail/gripper__type_support.c
[7.716s] -- Installing: /home/nimesha/Thesis/Unused/moveit_ur5_ws/install/pnp_msgs/include/pnp_msgs/pnp_msgs/action/detail/pick_and_place__type_support.c
[7.716s] -- Installing: /home/nimesha/Thesis/Unused/moveit_ur5_ws/install/pnp_msgs/include/pnp_msgs/pnp_msgs/action/detail/gripper__rosidl_typesupport_introspection_c.h
[7.716s] -- Installing: /home/nimesha/Thesis/Unused/moveit_ur5_ws/install/pnp_msgs/include/pnp_msgs/pnp_msgs/action/detail/pick_and_place__rosidl_typesupport_introspection_c.h
[7.716s] -- Installing: /home/nimesha/Thesis/Unused/moveit_ur5_ws/install/pnp_msgs/include/pnp_msgs/pnp_msgs/action/detail/robot__type_support.c
[7.716s] -- Installing: /home/nimesha/Thesis/Unused/moveit_ur5_ws/install/pnp_msgs/include/pnp_msgs/pnp_msgs/action/detail/robot__rosidl_typesupport_introspection_c.h
[7.716s] -- Up-to-date: /home/nimesha/Thesis/Unused/moveit_ur5_ws/install/pnp_msgs/include/pnp_msgs/pnp_msgs/msg
[7.716s] -- Installing: /home/nimesha/Thesis/Unused/moveit_ur5_ws/install/pnp_msgs/include/pnp_msgs/pnp_msgs/msg/rosidl_typesupport_introspection_c__visibility_control.h
[7.716s] -- Installing: /home/nimesha/Thesis/Unused/moveit_ur5_ws/install/pnp_msgs/lib/libpnp_msgs__rosidl_typesupport_introspection_c.so
[7.716s] -- Set runtime path of "/home/nimesha/Thesis/Unused/moveit_ur5_ws/install/pnp_msgs/lib/libpnp_msgs__rosidl_typesupport_introspection_c.so" to ""
[7.716s] -- Installing: /home/nimesha/Thesis/Unused/moveit_ur5_ws/install/pnp_msgs/lib/libpnp_msgs__rosidl_typesupport_c.so
[7.716s] -- Set runtime path of "/home/nimesha/Thesis/Unused/moveit_ur5_ws/install/pnp_msgs/lib/libpnp_msgs__rosidl_typesupport_c.so" to ""
[7.717s] -- Up-to-date: /home/nimesha/Thesis/Unused/moveit_ur5_ws/install/pnp_msgs/include/pnp_msgs/pnp_msgs
[7.717s] -- Up-to-date: /home/nimesha/Thesis/Unused/moveit_ur5_ws/install/pnp_msgs/include/pnp_msgs/pnp_msgs/action
[7.717s] -- Up-to-date: /home/nimesha/Thesis/Unused/moveit_ur5_ws/install/pnp_msgs/include/pnp_msgs/pnp_msgs/action/detail
[7.717s] -- Installing: /home/nimesha/Thesis/Unused/moveit_ur5_ws/install/pnp_msgs/include/pnp_msgs/pnp_msgs/action/detail/robot__type_support.cpp
[7.717s] -- Installing: /home/nimesha/Thesis/Unused/moveit_ur5_ws/install/pnp_msgs/include/pnp_msgs/pnp_msgs/action/detail/gripper__type_support.cpp
[7.717s] -- Installing: /home/nimesha/Thesis/Unused/moveit_ur5_ws/install/pnp_msgs/include/pnp_msgs/pnp_msgs/action/detail/pick_and_place__type_support.cpp
[7.717s] -- Installing: /home/nimesha/Thesis/Unused/moveit_ur5_ws/install/pnp_msgs/include/pnp_msgs/pnp_msgs/action/detail/pick_and_place__rosidl_typesupport_introspection_cpp.hpp
[7.717s] -- Installing: /home/nimesha/Thesis/Unused/moveit_ur5_ws/install/pnp_msgs/include/pnp_msgs/pnp_msgs/action/detail/gripper__rosidl_typesupport_introspection_cpp.hpp
[7.717s] -- Installing: /home/nimesha/Thesis/Unused/moveit_ur5_ws/install/pnp_msgs/include/pnp_msgs/pnp_msgs/action/detail/robot__rosidl_typesupport_introspection_cpp.hpp
[7.717s] -- Installing: /home/nimesha/Thesis/Unused/moveit_ur5_ws/install/pnp_msgs/lib/libpnp_msgs__rosidl_typesupport_introspection_cpp.so
[7.717s] -- Set runtime path of "/home/nimesha/Thesis/Unused/moveit_ur5_ws/install/pnp_msgs/lib/libpnp_msgs__rosidl_typesupport_introspection_cpp.so" to ""
[7.717s] -- Installing: /home/nimesha/Thesis/Unused/moveit_ur5_ws/install/pnp_msgs/lib/libpnp_msgs__rosidl_typesupport_cpp.so
[7.717s] -- Set runtime path of "/home/nimesha/Thesis/Unused/moveit_ur5_ws/install/pnp_msgs/lib/libpnp_msgs__rosidl_typesupport_cpp.so" to ""
[7.717s] -- Installing: /home/nimesha/Thesis/Unused/moveit_ur5_ws/install/pnp_msgs/share/pnp_msgs/environment/pythonpath.sh
[7.717s] -- Installing: /home/nimesha/Thesis/Unused/moveit_ur5_ws/install/pnp_msgs/share/pnp_msgs/environment/pythonpath.dsv
[7.717s] -- Installing: /home/nimesha/Thesis/Unused/moveit_ur5_ws/install/pnp_msgs/local/lib/python3.10/dist-packages/pnp_msgs-0.0.0-py3.10.egg-info
[7.717s] -- Installing: /home/nimesha/Thesis/Unused/moveit_ur5_ws/install/pnp_msgs/local/lib/python3.10/dist-packages/pnp_msgs-0.0.0-py3.10.egg-info/SOURCES.txt
[7.717s] -- Installing: /home/nimesha/Thesis/Unused/moveit_ur5_ws/install/pnp_msgs/local/lib/python3.10/dist-packages/pnp_msgs-0.0.0-py3.10.egg-info/PKG-INFO
[7.717s] -- Installing: /home/nimesha/Thesis/Unused/moveit_ur5_ws/install/pnp_msgs/local/lib/python3.10/dist-packages/pnp_msgs-0.0.0-py3.10.egg-info/dependency_links.txt
[7.717s] -- Installing: /home/nimesha/Thesis/Unused/moveit_ur5_ws/install/pnp_msgs/local/lib/python3.10/dist-packages/pnp_msgs-0.0.0-py3.10.egg-info/top_level.txt
[7.717s] -- Installing: /home/nimesha/Thesis/Unused/moveit_ur5_ws/install/pnp_msgs/local/lib/python3.10/dist-packages/pnp_msgs
[7.717s] -- Installing: /home/nimesha/Thesis/Unused/moveit_ur5_ws/install/pnp_msgs/local/lib/python3.10/dist-packages/pnp_msgs/action
[7.717s] -- Installing: /home/nimesha/Thesis/Unused/moveit_ur5_ws/install/pnp_msgs/local/lib/python3.10/dist-packages/pnp_msgs/action/_gripper.py
[7.718s] -- Installing: /home/nimesha/Thesis/Unused/moveit_ur5_ws/install/pnp_msgs/local/lib/python3.10/dist-packages/pnp_msgs/action/_robot_s.c
[7.718s] -- Installing: /home/nimesha/Thesis/Unused/moveit_ur5_ws/install/pnp_msgs/local/lib/python3.10/dist-packages/pnp_msgs/action/_pick_and_place.py
[7.718s] -- Installing: /home/nimesha/Thesis/Unused/moveit_ur5_ws/install/pnp_msgs/local/lib/python3.10/dist-packages/pnp_msgs/action/__init__.py
[7.718s] -- Installing: /home/nimesha/Thesis/Unused/moveit_ur5_ws/install/pnp_msgs/local/lib/python3.10/dist-packages/pnp_msgs/action/_gripper_s.c
[7.718s] -- Installing: /home/nimesha/Thesis/Unused/moveit_ur5_ws/install/pnp_msgs/local/lib/python3.10/dist-packages/pnp_msgs/action/_robot.py
[7.718s] -- Installing: /home/nimesha/Thesis/Unused/moveit_ur5_ws/install/pnp_msgs/local/lib/python3.10/dist-packages/pnp_msgs/action/_pick_and_place_s.c
[7.718s] -- Installing: /home/nimesha/Thesis/Unused/moveit_ur5_ws/install/pnp_msgs/local/lib/python3.10/dist-packages/pnp_msgs/_pnp_msgs_s.ep.rosidl_typesupport_introspection_c.c
[7.718s] -- Installing: /home/nimesha/Thesis/Unused/moveit_ur5_ws/install/pnp_msgs/local/lib/python3.10/dist-packages/pnp_msgs/pnp_msgs_s__rosidl_typesupport_introspection_c.cpython-310-x86_64-linux-gnu.so
[7.718s] -- Installing: /home/nimesha/Thesis/Unused/moveit_ur5_ws/install/pnp_msgs/local/lib/python3.10/dist-packages/pnp_msgs/pnp_msgs_s__rosidl_typesupport_c.cpython-310-x86_64-linux-gnu.so
[7.718s] -- Installing: /home/nimesha/Thesis/Unused/moveit_ur5_ws/install/pnp_msgs/local/lib/python3.10/dist-packages/pnp_msgs/pnp_msgs_s__rosidl_typesupport_fastrtps_c.cpython-310-x86_64-linux-gnu.so
[7.718s] -- Installing: /home/nimesha/Thesis/Unused/moveit_ur5_ws/install/pnp_msgs/local/lib/python3.10/dist-packages/pnp_msgs/_pnp_msgs_s.ep.rosidl_typesupport_fastrtps_c.c
[7.718s] -- Installing: /home/nimesha/Thesis/Unused/moveit_ur5_ws/install/pnp_msgs/local/lib/python3.10/dist-packages/pnp_msgs/__init__.py
[7.718s] -- Installing: /home/nimesha/Thesis/Unused/moveit_ur5_ws/install/pnp_msgs/local/lib/python3.10/dist-packages/pnp_msgs/libpnp_msgs__rosidl_generator_py.so
[7.718s] -- Installing: /home/nimesha/Thesis/Unused/moveit_ur5_ws/install/pnp_msgs/local/lib/python3.10/dist-packages/pnp_msgs/_pnp_msgs_s.ep.rosidl_typesupport_c.c
[7.746s] Listing '/home/nimesha/Thesis/Unused/moveit_ur5_ws/install/pnp_msgs/local/lib/python3.10/dist-packages/pnp_msgs'...
[7.746s] Compiling '/home/nimesha/Thesis/Unused/moveit_ur5_ws/install/pnp_msgs/local/lib/python3.10/dist-packages/pnp_msgs/__init__.py'...
[7.746s] Listing '/home/nimesha/Thesis/Unused/moveit_ur5_ws/install/pnp_msgs/local/lib/python3.10/dist-packages/pnp_msgs/action'...
[7.746s] Compiling '/home/nimesha/Thesis/Unused/moveit_ur5_ws/install/pnp_msgs/local/lib/python3.10/dist-packages/pnp_msgs/action/__init__.py'...
[7.746s] Compiling '/home/nimesha/Thesis/Unused/moveit_ur5_ws/install/pnp_msgs/local/lib/python3.10/dist-packages/pnp_msgs/action/_gripper.py'...
[7.746s] Compiling '/home/nimesha/Thesis/Unused/moveit_ur5_ws/install/pnp_msgs/local/lib/python3.10/dist-packages/pnp_msgs/action/_pick_and_place.py'...
[7.746s] Compiling '/home/nimesha/Thesis/Unused/moveit_ur5_ws/install/pnp_msgs/local/lib/python3.10/dist-packages/pnp_msgs/action/_robot.py'...
[7.748s] -- Installing: /home/nimesha/Thesis/Unused/moveit_ur5_ws/install/pnp_msgs/local/lib/python3.10/dist-packages/pnp_msgs/pnp_msgs_s__rosidl_typesupport_fastrtps_c.cpython-310-x86_64-linux-gnu.so
[7.748s] -- Set runtime path of "/home/nimesha/Thesis/Unused/moveit_ur5_ws/install/pnp_msgs/local/lib/python3.10/dist-packages/pnp_msgs/pnp_msgs_s__rosidl_typesupport_fastrtps_c.cpython-310-x86_64-linux-gnu.so" to ""
[7.748s] -- Installing: /home/nimesha/Thesis/Unused/moveit_ur5_ws/install/pnp_msgs/local/lib/python3.10/dist-packages/pnp_msgs/pnp_msgs_s__rosidl_typesupport_introspection_c.cpython-310-x86_64-linux-gnu.so
[7.748s] -- Set runtime path of "/home/nimesha/Thesis/Unused/moveit_ur5_ws/install/pnp_msgs/local/lib/python3.10/dist-packages/pnp_msgs/pnp_msgs_s__rosidl_typesupport_introspection_c.cpython-310-x86_64-linux-gnu.so" to ""
[7.749s] -- Installing: /home/nimesha/Thesis/Unused/moveit_ur5_ws/install/pnp_msgs/local/lib/python3.10/dist-packages/pnp_msgs/pnp_msgs_s__rosidl_typesupport_c.cpython-310-x86_64-linux-gnu.so
[7.749s] -- Set runtime path of "/home/nimesha/Thesis/Unused/moveit_ur5_ws/install/pnp_msgs/local/lib/python3.10/dist-packages/pnp_msgs/pnp_msgs_s__rosidl_typesupport_c.cpython-310-x86_64-linux-gnu.so" to ""
[7.749s] -- Installing: /home/nimesha/Thesis/Unused/moveit_ur5_ws/install/pnp_msgs/lib/libpnp_msgs__rosidl_generator_py.so
[7.749s] -- Set runtime path of "/home/nimesha/Thesis/Unused/moveit_ur5_ws/install/pnp_msgs/lib/libpnp_msgs__rosidl_generator_py.so" to ""
[7.749s] -- Installing: /home/nimesha/Thesis/Unused/moveit_ur5_ws/install/pnp_msgs/share/pnp_msgs/action/Robot.idl
[7.749s] -- Installing: /home/nimesha/Thesis/Unused/moveit_ur5_ws/install/pnp_msgs/share/pnp_msgs/action/Gripper.idl
[7.749s] -- Installing: /home/nimesha/Thesis/Unused/moveit_ur5_ws/install/pnp_msgs/share/pnp_msgs/action/PickAndPlace.idl
[7.749s] -- Installing: /home/nimesha/Thesis/Unused/moveit_ur5_ws/install/pnp_msgs/share/pnp_msgs/action/Robot.action
[7.749s] -- Installing: /home/nimesha/Thesis/Unused/moveit_ur5_ws/install/pnp_msgs/share/pnp_msgs/action/Gripper.action
[7.750s] -- Installing: /home/nimesha/Thesis/Unused/moveit_ur5_ws/install/pnp_msgs/share/pnp_msgs/action/PickAndPlace.action
[7.750s] -- Installing: /home/nimesha/Thesis/Unused/moveit_ur5_ws/install/pnp_msgs/share/ament_index/resource_index/package_run_dependencies/pnp_msgs
[7.750s] -- Installing: /home/nimesha/Thesis/Unused/moveit_ur5_ws/install/pnp_msgs/share/ament_index/resource_index/parent_prefix_path/pnp_msgs
[7.750s] -- Installing: /home/nimesha/Thesis/Unused/moveit_ur5_ws/install/pnp_msgs/share/pnp_msgs/environment/ament_prefix_path.sh
[7.750s] -- Installing: /home/nimesha/Thesis/Unused/moveit_ur5_ws/install/pnp_msgs/share/pnp_msgs/environment/ament_prefix_path.dsv
[7.750s] -- Installing: /home/nimesha/Thesis/Unused/moveit_ur5_ws/install/pnp_msgs/share/pnp_msgs/environment/path.sh
[7.750s] -- Installing: /home/nimesha/Thesis/Unused/moveit_ur5_ws/install/pnp_msgs/share/pnp_msgs/environment/path.dsv
[7.750s] -- Installing: /home/nimesha/Thesis/Unused/moveit_ur5_ws/install/pnp_msgs/share/pnp_msgs/local_setup.bash
[7.750s] -- Installing: /home/nimesha/Thesis/Unused/moveit_ur5_ws/install/pnp_msgs/share/pnp_msgs/local_setup.sh
[7.751s] -- Installing: /home/nimesha/Thesis/Unused/moveit_ur5_ws/install/pnp_msgs/share/pnp_msgs/local_setup.zsh
[7.751s] -- Installing: /home/nimesha/Thesis/Unused/moveit_ur5_ws/install/pnp_msgs/share/pnp_msgs/local_setup.dsv
[7.751s] -- Installing: /home/nimesha/Thesis/Unused/moveit_ur5_ws/install/pnp_msgs/share/pnp_msgs/package.dsv
[7.751s] -- Installing: /home/nimesha/Thesis/Unused/moveit_ur5_ws/install/pnp_msgs/share/ament_index/resource_index/packages/pnp_msgs
[7.751s] -- Installing: /home/nimesha/Thesis/Unused/moveit_ur5_ws/install/pnp_msgs/share/pnp_msgs/cmake/export_pnp_msgs__rosidl_generator_cExport.cmake
[7.751s] -- Installing: /home/nimesha/Thesis/Unused/moveit_ur5_ws/install/pnp_msgs/share/pnp_msgs/cmake/export_pnp_msgs__rosidl_generator_cExport-noconfig.cmake
[7.751s] -- Installing: /home/nimesha/Thesis/Unused/moveit_ur5_ws/install/pnp_msgs/share/pnp_msgs/cmake/export_pnp_msgs__rosidl_typesupport_fastrtps_cExport.cmake
[7.751s] -- Installing: /home/nimesha/Thesis/Unused/moveit_ur5_ws/install/pnp_msgs/share/pnp_msgs/cmake/export_pnp_msgs__rosidl_typesupport_fastrtps_cExport-noconfig.cmake
[7.751s] -- Installing: /home/nimesha/Thesis/Unused/moveit_ur5_ws/install/pnp_msgs/share/pnp_msgs/cmake/export_pnp_msgs__rosidl_generator_cppExport.cmake
[7.752s] -- Installing: /home/nimesha/Thesis/Unused/moveit_ur5_ws/install/pnp_msgs/share/pnp_msgs/cmake/export_pnp_msgs__rosidl_typesupport_fastrtps_cppExport.cmake
[7.752s] -- Installing: /home/nimesha/Thesis/Unused/moveit_ur5_ws/install/pnp_msgs/share/pnp_msgs/cmake/export_pnp_msgs__rosidl_typesupport_fastrtps_cppExport-noconfig.cmake
[7.752s] -- Installing: /home/nimesha/Thesis/Unused/moveit_ur5_ws/install/pnp_msgs/share/pnp_msgs/cmake/pnp_msgs__rosidl_typesupport_introspection_cExport.cmake
[7.752s] -- Installing: /home/nimesha/Thesis/Unused/moveit_ur5_ws/install/pnp_msgs/share/pnp_msgs/cmake/pnp_msgs__rosidl_typesupport_introspection_cExport-noconfig.cmake
[7.752s] -- Installing: /home/nimesha/Thesis/Unused/moveit_ur5_ws/install/pnp_msgs/share/pnp_msgs/cmake/pnp_msgs__rosidl_typesupport_cExport.cmake
[7.752s] -- Installing: /home/nimesha/Thesis/Unused/moveit_ur5_ws/install/pnp_msgs/share/pnp_msgs/cmake/pnp_msgs__rosidl_typesupport_cExport-noconfig.cmake
[7.752s] -- Installing: /home/nimesha/Thesis/Unused/moveit_ur5_ws/install/pnp_msgs/share/pnp_msgs/cmake/pnp_msgs__rosidl_typesupport_introspection_cppExport.cmake
[7.752s] -- Installing: /home/nimesha/Thesis/Unused/moveit_ur5_ws/install/pnp_msgs/share/pnp_msgs/cmake/pnp_msgs__rosidl_typesupport_introspection_cppExport-noconfig.cmake
[7.752s] -- Installing: /home/nimesha/Thesis/Unused/moveit_ur5_ws/install/pnp_msgs/share/pnp_msgs/cmake/pnp_msgs__rosidl_typesupport_cppExport.cmake
[7.753s] -- Installing: /home/nimesha/Thesis/Unused/moveit_ur5_ws/install/pnp_msgs/share/pnp_msgs/cmake/pnp_msgs__rosidl_typesupport_cppExport-noconfig.cmake
[7.753s] -- Installing: /home/nimesha/Thesis/Unused/moveit_ur5_ws/install/pnp_msgs/share/pnp_msgs/cmake/export_pnp_msgs__rosidl_generator_pyExport.cmake
[7.753s] -- Installing: /home/nimesha/Thesis/Unused/moveit_ur5_ws/install/pnp_msgs/share/pnp_msgs/cmake/export_pnp_msgs__rosidl_generator_pyExport-noconfig.cmake
[7.753s] -- Installing: /home/nimesha/Thesis/Unused/moveit_ur5_ws/install/pnp_msgs/share/pnp_msgs/cmake/rosidl_cmake-extras.cmake
[7.753s] -- Installing: /home/nimesha/Thesis/Unused/moveit_ur5_ws/install/pnp_msgs/share/pnp_msgs/cmake/ament_cmake_export_dependencies-extras.cmake
[7.753s] -- Installing: /home/nimesha/Thesis/Unused/moveit_ur5_ws/install/pnp_msgs/share/pnp_msgs/cmake/ament_cmake_export_include_directories-extras.cmake
[7.753s] -- Installing: /home/nimesha/Thesis/Unused/moveit_ur5_ws/install/pnp_msgs/share/pnp_msgs/cmake/ament_cmake_export_libraries-extras.cmake
[7.753s] -- Installing: /home/nimesha/Thesis/Unused/moveit_ur5_ws/install/pnp_msgs/share/pnp_msgs/cmake/ament_cmake_export_targets-extras.cmake
[7.753s] -- Installing: /home/nimesha/Thesis/Unused/moveit_ur5_ws/install/pnp_msgs/share/pnp_msgs/cmake/rosidl_cmake_export_typesupport_targets-extras.cmake
[7.753s] -- Installing: /home/nimesha/Thesis/Unused/moveit_ur5_ws/install/pnp_msgs/share/pnp_msgs/cmake/rosidl_cmake_export_typesupport_libraries-extras.cmake
[7.753s] -- Installing: /home/nimesha/Thesis/Unused/moveit_ur5_ws/install/pnp_msgs/share/pnp_msgs/cmake/pnp_msgsConfig.cmake
[7.753s] -- Installing: /home/nimesha/Thesis/Unused/moveit_ur5_ws/install/pnp_msgs/share/pnp_msgs/cmake/pnp_msgsConfig-version.cmake
[7.753s] -- Installing: /home/nimesha/Thesis/Unused/moveit_ur5_ws/install/pnp_msgs/share/pnp_msgs/package.xml
[7.755s] Invoked command in '/home/nimesha/Thesis/Unused/moveit_ur5_ws/build/pnp_msgs' returned '0': CMAKE_PREFIX_PATH=${CMAKE_PREFIX_PATH}:/home/nimesha/Thesis/moveit_ur5_v2_ws/src/ws_moveit/install/moveit_configs_utils:/home/nimesha/Thesis/moveit_ur5_v2_ws/src/ws_moveit/install/launch_param_builder:/opt/ros/humble /usr/bin/cmake --install /home/nimesha/Thesis/Unused/moveit_ur5_ws/build/pnp_msgs
