[ 50%] [32mBuilding CXX object CMakeFiles/mtc_tutorial.dir/src/mtc_tutorial.cpp.o[0m
[100%] [32m[1mLinking CXX executable mtc_tutorial[0m
[100%] Built target mtc_tutorial
-- Install configuration: ""
-- Installing: /home/nimesha/Thesis/moveit_ur5_v2_ws/install/mtc_tutorial/lib/mtc_tutorial/mtc_tutorial
-- Set runtime path of "/home/nimesha/Thesis/moveit_ur5_v2_ws/install/mtc_tutorial/lib/mtc_tutorial/mtc_tutorial" to ""
-- Up-to-date: /home/nimesha/Thesis/moveit_ur5_v2_ws/install/mtc_tutorial/share/mtc_tutorial/launch
-- Up-to-date: /home/nimesha/Thesis/moveit_ur5_v2_ws/install/mtc_tutorial/share/mtc_tutorial/launch/mtc.rviz
-- Up-to-date: /home/nimesha/Thesis/moveit_ur5_v2_ws/install/mtc_tutorial/share/mtc_tutorial/launch/mtc_tutorial.launch.py
-- Up-to-date: /home/nimesha/Thesis/moveit_ur5_v2_ws/install/mtc_tutorial/share/mtc_tutorial/launch/mtc_demo.launch.py
-- Up-to-date: /home/nimesha/Thesis/moveit_ur5_v2_ws/install/mtc_tutorial/share/ament_index/resource_index/package_run_dependencies/mtc_tutorial
-- Up-to-date: /home/nimesha/Thesis/moveit_ur5_v2_ws/install/mtc_tutorial/share/ament_index/resource_index/parent_prefix_path/mtc_tutorial
-- Up-to-date: /home/nimesha/Thesis/moveit_ur5_v2_ws/install/mtc_tutorial/share/mtc_tutorial/environment/ament_prefix_path.sh
-- Up-to-date: /home/nimesha/Thesis/moveit_ur5_v2_ws/install/mtc_tutorial/share/mtc_tutorial/environment/ament_prefix_path.dsv
-- Up-to-date: /home/nimesha/Thesis/moveit_ur5_v2_ws/install/mtc_tutorial/share/mtc_tutorial/environment/path.sh
-- Up-to-date: /home/nimesha/Thesis/moveit_ur5_v2_ws/install/mtc_tutorial/share/mtc_tutorial/environment/path.dsv
-- Up-to-date: /home/nimesha/Thesis/moveit_ur5_v2_ws/install/mtc_tutorial/share/mtc_tutorial/local_setup.bash
-- Up-to-date: /home/nimesha/Thesis/moveit_ur5_v2_ws/install/mtc_tutorial/share/mtc_tutorial/local_setup.sh
-- Up-to-date: /home/nimesha/Thesis/moveit_ur5_v2_ws/install/mtc_tutorial/share/mtc_tutorial/local_setup.zsh
-- Up-to-date: /home/nimesha/Thesis/moveit_ur5_v2_ws/install/mtc_tutorial/share/mtc_tutorial/local_setup.dsv
-- Installing: /home/nimesha/Thesis/moveit_ur5_v2_ws/install/mtc_tutorial/share/mtc_tutorial/package.dsv
-- Up-to-date: /home/nimesha/Thesis/moveit_ur5_v2_ws/install/mtc_tutorial/share/ament_index/resource_index/packages/mtc_tutorial
-- Up-to-date: /home/nimesha/Thesis/moveit_ur5_v2_ws/install/mtc_tutorial/share/mtc_tutorial/cmake/mtc_tutorialConfig.cmake
-- Up-to-date: /home/nimesha/Thesis/moveit_ur5_v2_ws/install/mtc_tutorial/share/mtc_tutorial/cmake/mtc_tutorialConfig-version.cmake
-- Up-to-date: /home/nimesha/Thesis/moveit_ur5_v2_ws/install/mtc_tutorial/share/mtc_tutorial/package.xml
