[0.020s] Invoking command in '/home/nimesha/Thesis/moveit_ur5_ws/build/rosparam_shortcuts': CMAKE_PREFIX_PATH=${CMAKE_PREFIX_PATH}:/home/nimesha/Thesis/moveit_ur5_ws/install/moveit_configs_utils:/home/nimesha/Thesis/moveit_ur5_ws/install/launch_param_builder:/home/nimesha/Thesis/moveit_ur5_v2_ws/install/moveit_configs_utils:/home/nimesha/Thesis/moveit_ur5_v2_ws/install/launch_param_builder:/home/nimesha/Thesis/moveit_ur5_v2_ws/src/ws_moveit/install/moveit_configs_utils:/home/nimesha/Thesis/moveit_ur5_v2_ws/src/ws_moveit/install/launch_param_builder:/opt/ros/humble /usr/bin/cmake --build /home/nimesha/Thesis/moveit_ur5_ws/build/rosparam_shortcuts -- -j32 -l32
[0.086s] [35m[1mConsolidate compiler generated dependencies of target gtest[0m
[0.087s] [35m[1mConsolidate compiler generated dependencies of target gtest_main[0m
[0.088s] [35m[1mConsolidate compiler generated dependencies of target rosparam_shortcuts[0m
[0.102s] [ 15%] Built target gtest_main
[0.102s] [ 30%] Built target gtest
[0.122s] [ 53%] Built target rosparam_shortcuts
[0.138s] [35m[1mConsolidate compiler generated dependencies of target test_node_parameters[0m
[0.138s] [35m[1mConsolidate compiler generated dependencies of target rosparam_shortcuts_example[0m
[0.138s] [35m[1mConsolidate compiler generated dependencies of target rosparam_shortcuts_node_parameters_example[0m
[0.157s] [100%] Built target rosparam_shortcuts_example
[0.158s] [100%] Built target test_node_parameters
[0.158s] [100%] Built target rosparam_shortcuts_node_parameters_example
[0.169s] Invoked command in '/home/nimesha/Thesis/moveit_ur5_ws/build/rosparam_shortcuts' returned '0': CMAKE_PREFIX_PATH=${CMAKE_PREFIX_PATH}:/home/nimesha/Thesis/moveit_ur5_ws/install/moveit_configs_utils:/home/nimesha/Thesis/moveit_ur5_ws/install/launch_param_builder:/home/nimesha/Thesis/moveit_ur5_v2_ws/install/moveit_configs_utils:/home/nimesha/Thesis/moveit_ur5_v2_ws/install/launch_param_builder:/home/nimesha/Thesis/moveit_ur5_v2_ws/src/ws_moveit/install/moveit_configs_utils:/home/nimesha/Thesis/moveit_ur5_v2_ws/src/ws_moveit/install/launch_param_builder:/opt/ros/humble /usr/bin/cmake --build /home/nimesha/Thesis/moveit_ur5_ws/build/rosparam_shortcuts -- -j32 -l32
[0.267s] Invoking command in '/home/nimesha/Thesis/moveit_ur5_ws/build/rosparam_shortcuts': CMAKE_PREFIX_PATH=${CMAKE_PREFIX_PATH}:/home/nimesha/Thesis/moveit_ur5_ws/install/moveit_configs_utils:/home/nimesha/Thesis/moveit_ur5_ws/install/launch_param_builder:/home/nimesha/Thesis/moveit_ur5_v2_ws/install/moveit_configs_utils:/home/nimesha/Thesis/moveit_ur5_v2_ws/install/launch_param_builder:/home/nimesha/Thesis/moveit_ur5_v2_ws/src/ws_moveit/install/moveit_configs_utils:/home/nimesha/Thesis/moveit_ur5_v2_ws/src/ws_moveit/install/launch_param_builder:/opt/ros/humble /usr/bin/cmake --install /home/nimesha/Thesis/moveit_ur5_ws/build/rosparam_shortcuts
[0.275s] -- Install configuration: ""
[0.276s] -- Up-to-date: /home/nimesha/Thesis/moveit_ur5_ws/install/rosparam_shortcuts/lib/librosparam_shortcuts.so
[0.277s] -- Up-to-date: /home/nimesha/Thesis/moveit_ur5_ws/install/rosparam_shortcuts/lib/rosparam_shortcuts/example
[0.278s] -- Up-to-date: /home/nimesha/Thesis/moveit_ur5_ws/install/rosparam_shortcuts/lib/rosparam_shortcuts/node_parameters_example
[0.279s] -- Up-to-date: /home/nimesha/Thesis/moveit_ur5_ws/install/rosparam_shortcuts/include
[0.279s] -- Up-to-date: /home/nimesha/Thesis/moveit_ur5_ws/install/rosparam_shortcuts/include/rosparam_shortcuts
[0.279s] -- Up-to-date: /home/nimesha/Thesis/moveit_ur5_ws/install/rosparam_shortcuts/include/rosparam_shortcuts/node_parameters.h
[0.279s] -- Up-to-date: /home/nimesha/Thesis/moveit_ur5_ws/install/rosparam_shortcuts/include/rosparam_shortcuts/rosparam_shortcuts.h
[0.279s] -- Up-to-date: /home/nimesha/Thesis/moveit_ur5_ws/install/rosparam_shortcuts/share/rosparam_shortcuts/launch
[0.279s] -- Up-to-date: /home/nimesha/Thesis/moveit_ur5_ws/install/rosparam_shortcuts/share/rosparam_shortcuts/launch/example.launch.py
[0.280s] -- Up-to-date: /home/nimesha/Thesis/moveit_ur5_ws/install/rosparam_shortcuts/share/rosparam_shortcuts/config
[0.280s] -- Up-to-date: /home/nimesha/Thesis/moveit_ur5_ws/install/rosparam_shortcuts/share/rosparam_shortcuts/config/example.yaml
[0.280s] -- Up-to-date: /home/nimesha/Thesis/moveit_ur5_ws/install/rosparam_shortcuts/share/rosparam_shortcuts/environment/library_path.sh
[0.280s] -- Up-to-date: /home/nimesha/Thesis/moveit_ur5_ws/install/rosparam_shortcuts/share/rosparam_shortcuts/environment/library_path.dsv
[0.280s] -- Up-to-date: /home/nimesha/Thesis/moveit_ur5_ws/install/rosparam_shortcuts/share/ament_index/resource_index/package_run_dependencies/rosparam_shortcuts
[0.280s] -- Up-to-date: /home/nimesha/Thesis/moveit_ur5_ws/install/rosparam_shortcuts/share/ament_index/resource_index/parent_prefix_path/rosparam_shortcuts
[0.280s] -- Up-to-date: /home/nimesha/Thesis/moveit_ur5_ws/install/rosparam_shortcuts/share/rosparam_shortcuts/environment/ament_prefix_path.sh
[0.280s] -- Up-to-date: /home/nimesha/Thesis/moveit_ur5_ws/install/rosparam_shortcuts/share/rosparam_shortcuts/environment/ament_prefix_path.dsv
[0.280s] -- Up-to-date: /home/nimesha/Thesis/moveit_ur5_ws/install/rosparam_shortcuts/share/rosparam_shortcuts/environment/path.sh
[0.280s] -- Up-to-date: /home/nimesha/Thesis/moveit_ur5_ws/install/rosparam_shortcuts/share/rosparam_shortcuts/environment/path.dsv
[0.280s] -- Up-to-date: /home/nimesha/Thesis/moveit_ur5_ws/install/rosparam_shortcuts/share/rosparam_shortcuts/local_setup.bash
[0.280s] -- Up-to-date: /home/nimesha/Thesis/moveit_ur5_ws/install/rosparam_shortcuts/share/rosparam_shortcuts/local_setup.sh
[0.280s] -- Up-to-date: /home/nimesha/Thesis/moveit_ur5_ws/install/rosparam_shortcuts/share/rosparam_shortcuts/local_setup.zsh
[0.280s] -- Up-to-date: /home/nimesha/Thesis/moveit_ur5_ws/install/rosparam_shortcuts/share/rosparam_shortcuts/local_setup.dsv
[0.280s] -- Installing: /home/nimesha/Thesis/moveit_ur5_ws/install/rosparam_shortcuts/share/rosparam_shortcuts/package.dsv
[0.281s] -- Up-to-date: /home/nimesha/Thesis/moveit_ur5_ws/install/rosparam_shortcuts/share/ament_index/resource_index/packages/rosparam_shortcuts
[0.281s] -- Up-to-date: /home/nimesha/Thesis/moveit_ur5_ws/install/rosparam_shortcuts/share/rosparam_shortcuts/cmake/export_rosparam_shortcutsExport.cmake
[0.281s] -- Up-to-date: /home/nimesha/Thesis/moveit_ur5_ws/install/rosparam_shortcuts/share/rosparam_shortcuts/cmake/export_rosparam_shortcutsExport-noconfig.cmake
[0.281s] -- Up-to-date: /home/nimesha/Thesis/moveit_ur5_ws/install/rosparam_shortcuts/share/rosparam_shortcuts/cmake/ament_cmake_export_targets-extras.cmake
[0.281s] -- Up-to-date: /home/nimesha/Thesis/moveit_ur5_ws/install/rosparam_shortcuts/share/rosparam_shortcuts/cmake/ament_cmake_export_dependencies-extras.cmake
[0.281s] -- Up-to-date: /home/nimesha/Thesis/moveit_ur5_ws/install/rosparam_shortcuts/share/rosparam_shortcuts/cmake/rosparam_shortcutsConfig.cmake
[0.281s] -- Up-to-date: /home/nimesha/Thesis/moveit_ur5_ws/install/rosparam_shortcuts/share/rosparam_shortcuts/cmake/rosparam_shortcutsConfig-version.cmake
[0.282s] -- Up-to-date: /home/nimesha/Thesis/moveit_ur5_ws/install/rosparam_shortcuts/share/rosparam_shortcuts/package.xml
[0.283s] Invoked command in '/home/nimesha/Thesis/moveit_ur5_ws/build/rosparam_shortcuts' returned '0': CMAKE_PREFIX_PATH=${CMAKE_PREFIX_PATH}:/home/nimesha/Thesis/moveit_ur5_ws/install/moveit_configs_utils:/home/nimesha/Thesis/moveit_ur5_ws/install/launch_param_builder:/home/nimesha/Thesis/moveit_ur5_v2_ws/install/moveit_configs_utils:/home/nimesha/Thesis/moveit_ur5_v2_ws/install/launch_param_builder:/home/nimesha/Thesis/moveit_ur5_v2_ws/src/ws_moveit/install/moveit_configs_utils:/home/nimesha/Thesis/moveit_ur5_v2_ws/src/ws_moveit/install/launch_param_builder:/opt/ros/humble /usr/bin/cmake --install /home/nimesha/Thesis/moveit_ur5_ws/build/rosparam_shortcuts
