-- Install configuration: ""
-- Up-to-date: /home/nimesha/Thesis/moveit_ur5_v2_ws/install/ur_description/share/ur_description/urdf
-- Up-to-date: /home/nimesha/Thesis/moveit_ur5_v2_ws/install/ur_description/share/ur_description/urdf/ur5e_robot.xacro
-- Up-to-date: /home/nimesha/Thesis/moveit_ur5_v2_ws/install/ur_description/share/ur_description/urdf/inc
-- Up-to-date: /home/nimesha/Thesis/moveit_ur5_v2_ws/install/ur_description/share/ur_description/urdf/inc/ur_macro.xacro
-- Up-to-date: /home/nimesha/Thesis/moveit_ur5_v2_ws/install/ur_description/share/ur_description/urdf/inc/ur_common.xacro
-- Up-to-date: /home/nimesha/Thesis/moveit_ur5_v2_ws/install/ur_description/share/ur_description/urdf/inc/ur5e_macro.xacro
-- Up-to-date: /home/nimesha/Thesis/moveit_ur5_v2_ws/install/ur_description/share/ur_description/urdf/inc/ur_transmissions.xacro
-- Up-to-date: /home/nimesha/Thesis/moveit_ur5_v2_ws/install/ur_description/share/ur_description/urdf/ur5e_robot.urdf
-- Up-to-date: /home/nimesha/Thesis/moveit_ur5_v2_ws/install/ur_description/share/ur_description/meshes
-- Up-to-date: /home/nimesha/Thesis/moveit_ur5_v2_ws/install/ur_description/share/ur_description/meshes/ur5e
-- Up-to-date: /home/nimesha/Thesis/moveit_ur5_v2_ws/install/ur_description/share/ur_description/meshes/ur5e/collision
-- Up-to-date: /home/nimesha/Thesis/moveit_ur5_v2_ws/install/ur_description/share/ur_description/meshes/ur5e/collision/wrist2.stl
-- Up-to-date: /home/nimesha/Thesis/moveit_ur5_v2_ws/install/ur_description/share/ur_description/meshes/ur5e/collision/upperarm.stl
-- Up-to-date: /home/nimesha/Thesis/moveit_ur5_v2_ws/install/ur_description/share/ur_description/meshes/ur5e/collision/wrist1_test.stl
-- Up-to-date: /home/nimesha/Thesis/moveit_ur5_v2_ws/install/ur_description/share/ur_description/meshes/ur5e/collision/wrist3.stl
-- Up-to-date: /home/nimesha/Thesis/moveit_ur5_v2_ws/install/ur_description/share/ur_description/meshes/ur5e/collision/forearm.stl
-- Up-to-date: /home/nimesha/Thesis/moveit_ur5_v2_ws/install/ur_description/share/ur_description/meshes/ur5e/collision/wrist3_test.stl
-- Up-to-date: /home/nimesha/Thesis/moveit_ur5_v2_ws/install/ur_description/share/ur_description/meshes/ur5e/collision/shoulder_test.stl
-- Up-to-date: /home/nimesha/Thesis/moveit_ur5_v2_ws/install/ur_description/share/ur_description/meshes/ur5e/collision/base_test.stl
-- Up-to-date: /home/nimesha/Thesis/moveit_ur5_v2_ws/install/ur_description/share/ur_description/meshes/ur5e/collision/shoulder.stl
-- Up-to-date: /home/nimesha/Thesis/moveit_ur5_v2_ws/install/ur_description/share/ur_description/meshes/ur5e/collision/wrist1.stl
-- Up-to-date: /home/nimesha/Thesis/moveit_ur5_v2_ws/install/ur_description/share/ur_description/meshes/ur5e/collision/wrist2_test.stl
-- Up-to-date: /home/nimesha/Thesis/moveit_ur5_v2_ws/install/ur_description/share/ur_description/meshes/ur5e/collision/upperarm_test.stl
-- Up-to-date: /home/nimesha/Thesis/moveit_ur5_v2_ws/install/ur_description/share/ur_description/meshes/ur5e/collision/forearm_test.stl
-- Up-to-date: /home/nimesha/Thesis/moveit_ur5_v2_ws/install/ur_description/share/ur_description/meshes/ur5e/collision/base.stl
-- Up-to-date: /home/nimesha/Thesis/moveit_ur5_v2_ws/install/ur_description/share/ur_description/meshes/ur5e/visual
-- Up-to-date: /home/nimesha/Thesis/moveit_ur5_v2_ws/install/ur_description/share/ur_description/meshes/ur5e/visual/wrist1.dae
-- Up-to-date: /home/nimesha/Thesis/moveit_ur5_v2_ws/install/ur_description/share/ur_description/meshes/ur5e/visual/shoulder.dae
-- Up-to-date: /home/nimesha/Thesis/moveit_ur5_v2_ws/install/ur_description/share/ur_description/meshes/ur5e/visual/wrist2.dae
-- Up-to-date: /home/nimesha/Thesis/moveit_ur5_v2_ws/install/ur_description/share/ur_description/meshes/ur5e/visual/forearm.dae
-- Up-to-date: /home/nimesha/Thesis/moveit_ur5_v2_ws/install/ur_description/share/ur_description/meshes/ur5e/visual/wrist3.dae
-- Up-to-date: /home/nimesha/Thesis/moveit_ur5_v2_ws/install/ur_description/share/ur_description/meshes/ur5e/visual/upperarm.dae
-- Up-to-date: /home/nimesha/Thesis/moveit_ur5_v2_ws/install/ur_description/share/ur_description/meshes/ur5e/visual/base.dae
-- Up-to-date: /home/nimesha/Thesis/moveit_ur5_v2_ws/install/ur_description/share/ur_description/config
-- Up-to-date: /home/nimesha/Thesis/moveit_ur5_v2_ws/install/ur_description/share/ur_description/config/ur5e
-- Up-to-date: /home/nimesha/Thesis/moveit_ur5_v2_ws/install/ur_description/share/ur_description/config/ur5e/visual_parameters.yaml
-- Up-to-date: /home/nimesha/Thesis/moveit_ur5_v2_ws/install/ur_description/share/ur_description/config/ur5e/default_kinematics.yaml
-- Up-to-date: /home/nimesha/Thesis/moveit_ur5_v2_ws/install/ur_description/share/ur_description/config/ur5e/physical_parameters.yaml
-- Up-to-date: /home/nimesha/Thesis/moveit_ur5_v2_ws/install/ur_description/share/ur_description/config/ur5e/joint_limits.yaml
-- Up-to-date: /home/nimesha/Thesis/moveit_ur5_v2_ws/install/ur_description/share/ament_index/resource_index/package_run_dependencies/ur_description
-- Up-to-date: /home/nimesha/Thesis/moveit_ur5_v2_ws/install/ur_description/share/ament_index/resource_index/parent_prefix_path/ur_description
-- Up-to-date: /home/nimesha/Thesis/moveit_ur5_v2_ws/install/ur_description/share/ur_description/environment/ament_prefix_path.sh
-- Up-to-date: /home/nimesha/Thesis/moveit_ur5_v2_ws/install/ur_description/share/ur_description/environment/ament_prefix_path.dsv
-- Up-to-date: /home/nimesha/Thesis/moveit_ur5_v2_ws/install/ur_description/share/ur_description/environment/path.sh
-- Up-to-date: /home/nimesha/Thesis/moveit_ur5_v2_ws/install/ur_description/share/ur_description/environment/path.dsv
-- Up-to-date: /home/nimesha/Thesis/moveit_ur5_v2_ws/install/ur_description/share/ur_description/local_setup.bash
-- Up-to-date: /home/nimesha/Thesis/moveit_ur5_v2_ws/install/ur_description/share/ur_description/local_setup.sh
-- Up-to-date: /home/nimesha/Thesis/moveit_ur5_v2_ws/install/ur_description/share/ur_description/local_setup.zsh
-- Up-to-date: /home/nimesha/Thesis/moveit_ur5_v2_ws/install/ur_description/share/ur_description/local_setup.dsv
-- Installing: /home/nimesha/Thesis/moveit_ur5_v2_ws/install/ur_description/share/ur_description/package.dsv
-- Up-to-date: /home/nimesha/Thesis/moveit_ur5_v2_ws/install/ur_description/share/ament_index/resource_index/packages/ur_description
-- Up-to-date: /home/nimesha/Thesis/moveit_ur5_v2_ws/install/ur_description/share/ur_description/cmake/ur_descriptionConfig.cmake
-- Up-to-date: /home/nimesha/Thesis/moveit_ur5_v2_ws/install/ur_description/share/ur_description/cmake/ur_descriptionConfig-version.cmake
-- Up-to-date: /home/nimesha/Thesis/moveit_ur5_v2_ws/install/ur_description/share/ur_description/package.xml
