[0.274s] Invoking command in '/home/nimesha/Thesis/moveit_ur5_v2_ws/build/ur_description': CMAKE_PREFIX_PATH=${CMAKE_PREFIX_PATH}:/home/nimesha/Thesis/moveit_ur5_v2_ws/install/moveit_configs_utils:/home/nimesha/Thesis/moveit_ur5_v2_ws/install/launch_param_builder:/home/nimesha/Thesis/moveit_ur5_v2_ws/src/ws_moveit/install/moveit_configs_utils:/home/nimesha/Thesis/moveit_ur5_v2_ws/src/ws_moveit/install/launch_param_builder:/opt/ros/humble /usr/bin/cmake --build /home/nimesha/Thesis/moveit_ur5_v2_ws/build/ur_description -- -j32 -l32
[0.328s] Invoked command in '/home/nimesha/Thesis/moveit_ur5_v2_ws/build/ur_description' returned '0': CMAKE_PREFIX_PATH=${CMAKE_PREFIX_PATH}:/home/nimesha/Thesis/moveit_ur5_v2_ws/install/moveit_configs_utils:/home/nimesha/Thesis/moveit_ur5_v2_ws/install/launch_param_builder:/home/nimesha/Thesis/moveit_ur5_v2_ws/src/ws_moveit/install/moveit_configs_utils:/home/nimesha/Thesis/moveit_ur5_v2_ws/src/ws_moveit/install/launch_param_builder:/opt/ros/humble /usr/bin/cmake --build /home/nimesha/Thesis/moveit_ur5_v2_ws/build/ur_description -- -j32 -l32
[0.512s] Invoking command in '/home/nimesha/Thesis/moveit_ur5_v2_ws/build/ur_description': CMAKE_PREFIX_PATH=${CMAKE_PREFIX_PATH}:/home/nimesha/Thesis/moveit_ur5_v2_ws/install/moveit_configs_utils:/home/nimesha/Thesis/moveit_ur5_v2_ws/install/launch_param_builder:/home/nimesha/Thesis/moveit_ur5_v2_ws/src/ws_moveit/install/moveit_configs_utils:/home/nimesha/Thesis/moveit_ur5_v2_ws/src/ws_moveit/install/launch_param_builder:/opt/ros/humble /usr/bin/cmake --install /home/nimesha/Thesis/moveit_ur5_v2_ws/build/ur_description
[0.532s] -- Install configuration: ""
[0.533s] -- Up-to-date: /home/nimesha/Thesis/moveit_ur5_v2_ws/install/ur_description/share/ur_description/urdf
[0.534s] -- Up-to-date: /home/nimesha/Thesis/moveit_ur5_v2_ws/install/ur_description/share/ur_description/urdf/ur5e_robot.xacro
[0.535s] -- Up-to-date: /home/nimesha/Thesis/moveit_ur5_v2_ws/install/ur_description/share/ur_description/urdf/inc
[0.536s] -- Up-to-date: /home/nimesha/Thesis/moveit_ur5_v2_ws/install/ur_description/share/ur_description/urdf/inc/ur_macro.xacro
[0.537s] -- Up-to-date: /home/nimesha/Thesis/moveit_ur5_v2_ws/install/ur_description/share/ur_description/urdf/inc/ur_common.xacro
[0.537s] -- Up-to-date: /home/nimesha/Thesis/moveit_ur5_v2_ws/install/ur_description/share/ur_description/urdf/inc/ur5e_macro.xacro
[0.538s] -- Up-to-date: /home/nimesha/Thesis/moveit_ur5_v2_ws/install/ur_description/share/ur_description/urdf/inc/ur_transmissions.xacro
[0.538s] -- Up-to-date: /home/nimesha/Thesis/moveit_ur5_v2_ws/install/ur_description/share/ur_description/urdf/ur5e_robot.urdf
[0.538s] -- Up-to-date: /home/nimesha/Thesis/moveit_ur5_v2_ws/install/ur_description/share/ur_description/meshes
[0.538s] -- Up-to-date: /home/nimesha/Thesis/moveit_ur5_v2_ws/install/ur_description/share/ur_description/meshes/ur5e
[0.538s] -- Up-to-date: /home/nimesha/Thesis/moveit_ur5_v2_ws/install/ur_description/share/ur_description/meshes/ur5e/collision
[0.538s] -- Up-to-date: /home/nimesha/Thesis/moveit_ur5_v2_ws/install/ur_description/share/ur_description/meshes/ur5e/collision/wrist2.stl
[0.538s] -- Up-to-date: /home/nimesha/Thesis/moveit_ur5_v2_ws/install/ur_description/share/ur_description/meshes/ur5e/collision/upperarm.stl
[0.539s] -- Up-to-date: /home/nimesha/Thesis/moveit_ur5_v2_ws/install/ur_description/share/ur_description/meshes/ur5e/collision/wrist1_test.stl
[0.539s] -- Up-to-date: /home/nimesha/Thesis/moveit_ur5_v2_ws/install/ur_description/share/ur_description/meshes/ur5e/collision/wrist3.stl
[0.539s] -- Up-to-date: /home/nimesha/Thesis/moveit_ur5_v2_ws/install/ur_description/share/ur_description/meshes/ur5e/collision/forearm.stl
[0.540s] -- Up-to-date: /home/nimesha/Thesis/moveit_ur5_v2_ws/install/ur_description/share/ur_description/meshes/ur5e/collision/wrist3_test.stl
[0.540s] -- Up-to-date: /home/nimesha/Thesis/moveit_ur5_v2_ws/install/ur_description/share/ur_description/meshes/ur5e/collision/shoulder_test.stl
[0.540s] -- Up-to-date: /home/nimesha/Thesis/moveit_ur5_v2_ws/install/ur_description/share/ur_description/meshes/ur5e/collision/base_test.stl
[0.540s] -- Up-to-date: /home/nimesha/Thesis/moveit_ur5_v2_ws/install/ur_description/share/ur_description/meshes/ur5e/collision/shoulder.stl
[0.540s] -- Up-to-date: /home/nimesha/Thesis/moveit_ur5_v2_ws/install/ur_description/share/ur_description/meshes/ur5e/collision/wrist1.stl
[0.541s] -- Up-to-date: /home/nimesha/Thesis/moveit_ur5_v2_ws/install/ur_description/share/ur_description/meshes/ur5e/collision/wrist2_test.stl
[0.541s] -- Up-to-date: /home/nimesha/Thesis/moveit_ur5_v2_ws/install/ur_description/share/ur_description/meshes/ur5e/collision/upperarm_test.stl
[0.541s] -- Up-to-date: /home/nimesha/Thesis/moveit_ur5_v2_ws/install/ur_description/share/ur_description/meshes/ur5e/collision/forearm_test.stl
[0.541s] -- Up-to-date: /home/nimesha/Thesis/moveit_ur5_v2_ws/install/ur_description/share/ur_description/meshes/ur5e/collision/base.stl
[0.542s] -- Up-to-date: /home/nimesha/Thesis/moveit_ur5_v2_ws/install/ur_description/share/ur_description/meshes/ur5e/visual
[0.542s] -- Up-to-date: /home/nimesha/Thesis/moveit_ur5_v2_ws/install/ur_description/share/ur_description/meshes/ur5e/visual/wrist1.dae
[0.542s] -- Up-to-date: /home/nimesha/Thesis/moveit_ur5_v2_ws/install/ur_description/share/ur_description/meshes/ur5e/visual/shoulder.dae
[0.543s] -- Up-to-date: /home/nimesha/Thesis/moveit_ur5_v2_ws/install/ur_description/share/ur_description/meshes/ur5e/visual/wrist2.dae
[0.543s] -- Up-to-date: /home/nimesha/Thesis/moveit_ur5_v2_ws/install/ur_description/share/ur_description/meshes/ur5e/visual/forearm.dae
[0.543s] -- Up-to-date: /home/nimesha/Thesis/moveit_ur5_v2_ws/install/ur_description/share/ur_description/meshes/ur5e/visual/wrist3.dae
[0.543s] -- Up-to-date: /home/nimesha/Thesis/moveit_ur5_v2_ws/install/ur_description/share/ur_description/meshes/ur5e/visual/upperarm.dae
[0.543s] -- Up-to-date: /home/nimesha/Thesis/moveit_ur5_v2_ws/install/ur_description/share/ur_description/meshes/ur5e/visual/base.dae
[0.543s] -- Up-to-date: /home/nimesha/Thesis/moveit_ur5_v2_ws/install/ur_description/share/ur_description/config
[0.543s] -- Up-to-date: /home/nimesha/Thesis/moveit_ur5_v2_ws/install/ur_description/share/ur_description/config/ur5e
[0.543s] -- Up-to-date: /home/nimesha/Thesis/moveit_ur5_v2_ws/install/ur_description/share/ur_description/config/ur5e/visual_parameters.yaml
[0.543s] -- Up-to-date: /home/nimesha/Thesis/moveit_ur5_v2_ws/install/ur_description/share/ur_description/config/ur5e/default_kinematics.yaml
[0.543s] -- Up-to-date: /home/nimesha/Thesis/moveit_ur5_v2_ws/install/ur_description/share/ur_description/config/ur5e/physical_parameters.yaml
[0.544s] -- Up-to-date: /home/nimesha/Thesis/moveit_ur5_v2_ws/install/ur_description/share/ur_description/config/ur5e/joint_limits.yaml
[0.544s] -- Up-to-date: /home/nimesha/Thesis/moveit_ur5_v2_ws/install/ur_description/share/ament_index/resource_index/package_run_dependencies/ur_description
[0.544s] -- Up-to-date: /home/nimesha/Thesis/moveit_ur5_v2_ws/install/ur_description/share/ament_index/resource_index/parent_prefix_path/ur_description
[0.544s] -- Up-to-date: /home/nimesha/Thesis/moveit_ur5_v2_ws/install/ur_description/share/ur_description/environment/ament_prefix_path.sh
[0.544s] -- Up-to-date: /home/nimesha/Thesis/moveit_ur5_v2_ws/install/ur_description/share/ur_description/environment/ament_prefix_path.dsv
[0.544s] -- Up-to-date: /home/nimesha/Thesis/moveit_ur5_v2_ws/install/ur_description/share/ur_description/environment/path.sh
[0.544s] -- Up-to-date: /home/nimesha/Thesis/moveit_ur5_v2_ws/install/ur_description/share/ur_description/environment/path.dsv
[0.545s] -- Up-to-date: /home/nimesha/Thesis/moveit_ur5_v2_ws/install/ur_description/share/ur_description/local_setup.bash
[0.545s] -- Up-to-date: /home/nimesha/Thesis/moveit_ur5_v2_ws/install/ur_description/share/ur_description/local_setup.sh
[0.546s] -- Up-to-date: /home/nimesha/Thesis/moveit_ur5_v2_ws/install/ur_description/share/ur_description/local_setup.zsh
[0.546s] -- Up-to-date: /home/nimesha/Thesis/moveit_ur5_v2_ws/install/ur_description/share/ur_description/local_setup.dsv
[0.546s] -- Installing: /home/nimesha/Thesis/moveit_ur5_v2_ws/install/ur_description/share/ur_description/package.dsv
[0.546s] -- Up-to-date: /home/nimesha/Thesis/moveit_ur5_v2_ws/install/ur_description/share/ament_index/resource_index/packages/ur_description
[0.546s] -- Up-to-date: /home/nimesha/Thesis/moveit_ur5_v2_ws/install/ur_description/share/ur_description/cmake/ur_descriptionConfig.cmake
[0.548s] -- Up-to-date: /home/nimesha/Thesis/moveit_ur5_v2_ws/install/ur_description/share/ur_description/cmake/ur_descriptionConfig-version.cmake
[0.548s] -- Up-to-date: /home/nimesha/Thesis/moveit_ur5_v2_ws/install/ur_description/share/ur_description/package.xml
[0.593s] Invoked command in '/home/nimesha/Thesis/moveit_ur5_v2_ws/build/ur_description' returned '0': CMAKE_PREFIX_PATH=${CMAKE_PREFIX_PATH}:/home/nimesha/Thesis/moveit_ur5_v2_ws/install/moveit_configs_utils:/home/nimesha/Thesis/moveit_ur5_v2_ws/install/launch_param_builder:/home/nimesha/Thesis/moveit_ur5_v2_ws/src/ws_moveit/install/moveit_configs_utils:/home/nimesha/Thesis/moveit_ur5_v2_ws/src/ws_moveit/install/launch_param_builder:/opt/ros/humble /usr/bin/cmake --install /home/nimesha/Thesis/moveit_ur5_v2_ws/build/ur_description
