[0.499s] Invoking command in '/home/nimesha/thesis/ws_moveit/build/moveit_ros_visualization': AMENT_PREFIX_PATH=/home/nimesha/thesis/ws_moveit/install/moveit_ros_planning_interface:/home/nimesha/thesis/ws_moveit/install/moveit_ros_move_group:/home/nimesha/thesis/ws_moveit/install/moveit_ros_warehouse:/home/nimesha/thesis/ws_moveit/install/moveit_ros_robot_interaction:/home/nimesha/thesis/ws_moveit/install/moveit_planners_ompl:/home/nimesha/thesis/ws_moveit/install/moveit_kinematics:/home/nimesha/thesis/ws_moveit/install/moveit_ros_planning:/home/nimesha/thesis/ws_moveit/install/moveit_simple_controller_manager:/home/nimesha/thesis/ws_moveit/install/moveit_ros_occupancy_map_monitor:/home/nimesha/thesis/ws_moveit/install/moveit_core:/home/nimesha/thesis/ws_moveit/install/moveit_resources_panda_moveit_config:/home/nimesha/thesis/ws_moveit/install/moveit_resources_fanuc_moveit_config:/home/nimesha/thesis/ws_moveit/install/moveit_configs_utils:/home/nimesha/thesis/ws_moveit/install/srdfdom:/home/nimesha/thesis/ws_moveit/install/launch_param_builder:/opt/ros/humble:/home/nimesha/ros2_humble/ros2-linux:/home/nimesha/thesis/ws_moveit/install/robotiq_description:/home/nimesha/thesis/ws_moveit/install/moveit_resources_prbt_support:/home/nimesha/thesis/ws_moveit/install/moveit_resources_pr2_description:/home/nimesha/thesis/ws_moveit/install/moveit_resources_panda_description:/home/nimesha/thesis/ws_moveit/install/moveit_resources_fanuc_description:/home/nimesha/thesis/ws_moveit/install/moveit_common:/opt/ros/rolling CMAKE_PREFIX_PATH=/home/nimesha/thesis/ws_moveit/install/moveit_ros_planning_interface:/home/nimesha/thesis/ws_moveit/install/moveit_ros_move_group:/home/nimesha/thesis/ws_moveit/install/moveit_ros_warehouse:/home/nimesha/thesis/ws_moveit/install/moveit_ros_robot_interaction:/home/nimesha/thesis/ws_moveit/install/moveit_planners_ompl:/home/nimesha/thesis/ws_moveit/install/moveit_kinematics:/home/nimesha/thesis/ws_moveit/install/moveit_ros_planning:/home/nimesha/thesis/ws_moveit/install/moveit_simple_controller_manager:/home/nimesha/thesis/ws_moveit/install/moveit_ros_occupancy_map_monitor:/home/nimesha/thesis/ws_moveit/install/moveit_core:/home/nimesha/thesis/ws_moveit/install/moveit_resources_panda_moveit_config:/home/nimesha/thesis/ws_moveit/install/moveit_resources_fanuc_moveit_config:/home/nimesha/thesis/ws_moveit/install/srdfdom:/home/nimesha/thesis/ws_moveit/install/moveit_resources_pr2_description:/home/nimesha/thesis/ws_moveit/install/moveit_resources_panda_description:/home/nimesha/thesis/ws_moveit/install/moveit_resources_fanuc_description:/home/nimesha/thesis/ws_moveit/install/moveit_common:/home/nimesha/ros2_humble/ros2-linux:/home/nimesha/thesis/ws_moveit/install/robotiq_description:/home/nimesha/thesis/ws_moveit/install/moveit_resources_prbt_support:/opt/ros/humble:/home/nimesha/thesis/ws_moveit/install/moveit_configs_utils:/opt/ros/rolling LD_LIBRARY_PATH=/home/nimesha/thesis/ws_moveit/install/moveit_ros_planning_interface/lib:/home/nimesha/thesis/ws_moveit/install/moveit_ros_move_group/lib:/home/nimesha/thesis/ws_moveit/install/moveit_ros_warehouse/lib:/home/nimesha/thesis/ws_moveit/install/moveit_ros_robot_interaction/lib:/home/nimesha/thesis/ws_moveit/install/moveit_planners_ompl/lib:/home/nimesha/thesis/ws_moveit/install/moveit_kinematics/lib:/home/nimesha/thesis/ws_moveit/install/moveit_ros_planning/lib:/home/nimesha/thesis/ws_moveit/install/moveit_simple_controller_manager/lib:/home/nimesha/thesis/ws_moveit/install/moveit_ros_occupancy_map_monitor/lib:/home/nimesha/thesis/ws_moveit/install/moveit_core/lib:/home/nimesha/thesis/ws_moveit/install/srdfdom/lib:/opt/ros/humble/lib/x86_64-linux-gnu:/opt/ros/humble/lib:/home/nimesha/ros2_humble/ros2-linux/opt/rviz_ogre_vendor/lib:/opt/rti.com/rti_connext_dds-6.0.1/lib/x64Linux4gcc7.3.0:/opt/rti.com/rti_connext_dds-6.0.1/bin:/home/nimesha/ros2_humble/ros2-linux/lib:/opt/ros/rolling/opt/rviz_ogre_vendor/lib:/opt/ros/rolling/lib/x86_64-linux-gnu:/opt/ros/rolling/lib:/usr/lib/nvidia PATH=/home/nimesha/thesis/ws_moveit/install/moveit_core/bin:/opt/ros/humble/bin:/opt/rti.com/rti_connext_dds-6.0.1/lib/x64Linux4gcc7.3.0:/opt/rti.com/rti_connext_dds-6.0.1/bin:/home/nimesha/ros2_humble/ros2-linux/bin:/opt/ros/rolling/bin:/usr/lib/nvidia:/home/nimesha/anaconda3/condabin:/usr/local/sbin:/usr/local/bin:/usr/sbin:/usr/bin:/sbin:/bin:/usr/games:/usr/local/games:/usr/lib/wsl/lib:/mnt/c/Program Files/WindowsApps/MicrosoftCorporationII.WindowsSubsystemForLinux_2.2.4.0_x64__8wekyb3d8bbwe:/mnt/c/Windows/system32:/mnt/c/Windows:/mnt/c/Windows/System32/Wbem:/mnt/c/Windows/System32/WindowsPowerShell/v1.0/:/mnt/c/Windows/System32/OpenSSH/:/mnt/c/Program Files (x86)/NVIDIA Corporation/PhysX/Common:/mnt/c/Program Files/NVIDIA Corporation/NVIDIA NvDLISR:/mnt/c/Program Files/Git/cmd:/mnt/c/ProgramData/chocolatey/bin:/mnt/c/Program Files/MATLAB/R2024a/bin:/mnt/c/Program Files/dotnet/:/mnt/c/Users/Nimesha/AppData/Local/Programs/Python/Python311/Scripts/:/mnt/c/Users/Nimesha/AppData/Local/Programs/Python/Python311/:/mnt/c/Users/Nimesha/AppData/Local/Microsoft/WindowsApps:/mnt/c/Users/Nimesha/AppData/Local/Programs/Microsoft VS Code/bin:/mnt/c/Program Files/Baretail:/mnt/c/Program Files/Git/usr/bin:/mnt/c/Users/Nimesha/.dotnet/tools:/snap/bin PYTHONPATH=/home/nimesha/thesis/ws_moveit/install/moveit_configs_utils/lib/python3.10/site-packages:/home/nimesha/thesis/ws_moveit/install/srdfdom/local/lib/python3.10/dist-packages:/home/nimesha/thesis/ws_moveit/install/launch_param_builder/lib/python3.10/site-packages:/opt/ros/humble/lib/python3.10/site-packages:/home/nimesha/ros2_humble/ros2-linux/local/lib/python3.10/dist-packages:/home/nimesha/ros2_humble/ros2-linux/lib/python3.10/site-packages:/opt/ros/rolling/lib/python3.10/site-packages /usr/bin/cmake /home/nimesha/thesis/ws_moveit/src/moveit2/moveit_ros/visualization -DCMAKE_BUILD_TYPE=Release -DCMAKE_INSTALL_PREFIX=/home/nimesha/thesis/ws_moveit/install/moveit_ros_visualization
[0.564s] -- The C compiler identification is GNU 11.4.0
[0.710s] -- The CXX compiler identification is GNU 11.4.0
[0.785s] -- Detecting C compiler ABI info
[0.860s] -- Detecting C compiler ABI info - done
[0.864s] -- Check for working C compiler: /usr/bin/cc - skipped
[0.865s] -- Detecting C compile features
[0.865s] -- Detecting C compile features - done
[0.866s] -- Detecting CXX compiler ABI info
[0.956s] -- Detecting CXX compiler ABI info - done
[0.965s] -- Check for working CXX compiler: /usr/bin/c++ - skipped
[0.965s] -- Detecting CXX compile features
[0.966s] -- Detecting CXX compile features - done
[0.968s] -- Found moveit_common: 2.5.5 (/home/nimesha/thesis/ws_moveit/install/moveit_common/share/moveit_common/cmake)
[0.969s] -- Found ament_cmake: 1.3.10 (/home/nimesha/ros2_humble/ros2-linux/share/ament_cmake/cmake)
[1.067s] -- Found Python3: /usr/bin/python3 (found version "3.10.12") found components: Interpreter 
[1.167s] -- Found class_loader: 2.2.0 (/home/nimesha/ros2_humble/ros2-linux/share/class_loader/cmake)
[1.229s] -- Found geometric_shapes: 2.1.3 (/opt/ros/humble/share/geometric_shapes/cmake)
[1.237s] -- Found Boost: /usr/lib/x86_64-linux-gnu/cmake/Boost-1.74.0/BoostConfig.cmake (found version "1.74.0") found components: filesystem 
[1.267s] -- Found rosidl_generator_c: 3.1.5 (/home/nimesha/ros2_humble/ros2-linux/share/rosidl_generator_c/cmake)
[1.271s] -- Found rosidl_adapter: 3.1.5 (/home/nimesha/ros2_humble/ros2-linux/share/rosidl_adapter/cmake)
[1.277s] -- Found rosidl_generator_cpp: 3.1.5 (/home/nimesha/ros2_humble/ros2-linux/share/rosidl_generator_cpp/cmake)
[1.286s] -- Using all available rosidl_typesupport_c: rosidl_typesupport_fastrtps_c;rosidl_typesupport_introspection_c
[1.296s] -- Using all available rosidl_typesupport_cpp: rosidl_typesupport_fastrtps_cpp;rosidl_typesupport_introspection_cpp
[1.359s] -- Found rmw_implementation_cmake: 6.1.2 (/home/nimesha/ros2_humble/ros2-linux/share/rmw_implementation_cmake/cmake)
[1.361s] -- Found rmw_cyclonedds_cpp: 1.3.4 (/home/nimesha/ros2_humble/ros2-linux/share/rmw_cyclonedds_cpp/cmake)
[1.377s] -- Using RMW implementation 'rmw_cyclonedds_cpp' as default
[1.383s] -- Looking for pthread.h
[1.456s] -- Looking for pthread.h - found
[1.457s] -- Performing Test CMAKE_HAVE_LIBC_PTHREAD
[1.532s] -- Performing Test CMAKE_HAVE_LIBC_PTHREAD - Success
[1.532s] -- Found Threads: TRUE  
[2.119s] -- library: /usr/lib/x86_64-linux-gnu/libcurl.so
[2.162s] -- Found interactive_markers: 2.3.2 (/home/nimesha/ros2_humble/ros2-linux/share/interactive_markers/cmake)
[2.168s] -- Found moveit_ros_planning: 2.5.5 (/home/nimesha/thesis/ws_moveit/install/moveit_ros_planning/share/moveit_ros_planning/cmake)
[2.186s] -- Found Boost: /usr/lib/x86_64-linux-gnu/cmake/Boost-1.74.0/BoostConfig.cmake (found version "1.74.0") found components: system filesystem date_time program_options thread chrono 
[2.769s] -- Found Boost: /usr/lib/x86_64-linux-gnu/cmake/Boost-1.74.0/BoostConfig.cmake (found version "1.74.0") found components: chrono date_time filesystem iostreams program_options regex serialization system thread 
[3.202s] -- Found parameter_traits: 0.3.8 (/opt/ros/humble/share/parameter_traits/cmake)
[3.214s] -- Found Eigen3: TRUE (found version "3.4.0") 
[3.215s] -- Found rclcpp_lifecycle: 16.0.10 (/home/nimesha/ros2_humble/ros2-linux/share/rclcpp_lifecycle/cmake)
[3.249s] -- Ensuring Eigen3 include directory is part of orocos-kdl CMake target
[3.338s] -- Found moveit_ros_planning_interface: 2.5.5 (/home/nimesha/thesis/ws_moveit/install/moveit_ros_planning_interface/share/moveit_ros_planning_interface/cmake)
[3.341s] -- Found Boost: /usr/lib/x86_64-linux-gnu/cmake/Boost-1.74.0/BoostConfig.cmake (found version "1.74.0") found components: date_time filesystem program_options system thread 
[3.350s] -- Found Boost: /usr/lib/x86_64-linux-gnu/cmake/Boost-1.74.0/BoostConfig.cmake (found version "1.74.0") found components: thread system filesystem regex date_time program_options 
[3.414s] -- Found Boost: /usr/lib/x86_64-linux-gnu/cmake/Boost-1.74.0/BoostConfig.cmake (found version "1.74.0") found components: system filesystem date_time program_options thread 
[3.434s] -- Found moveit_ros_robot_interaction: 2.5.5 (/home/nimesha/thesis/ws_moveit/install/moveit_ros_robot_interaction/share/moveit_ros_robot_interaction/cmake)
[3.441s] -- Found rclpy: 3.3.14 (/home/nimesha/ros2_humble/ros2-linux/share/rclpy/cmake)
[3.443s] -- Found rviz2: 11.2.13 (/home/nimesha/ros2_humble/ros2-linux/share/rviz2/cmake)
[3.446s] -- Found rviz_common: 11.2.13 (/home/nimesha/ros2_humble/ros2-linux/share/rviz_common/cmake)
[3.509s] -- Setting assimp_DIR to: '/home/nimesha/ros2_humble/ros2-linux/share/rviz_assimp_vendor/cmake/../../../opt/rviz_assimp_vendor/lib/cmake/assimp-4.1'
[3.519s] -- Setting OGRE_DIR to: '/home/nimesha/ros2_humble/ros2-linux/share/rviz_ogre_vendor/cmake/../../../opt/rviz_ogre_vendor/lib/OGRE/cmake'
[3.522s] -- Found OGRE
[3.522s] --   static     : OFF
[3.522s] --   components : HLMS;MeshLodGenerator;Overlay;Paging;Property;RTShaderSystem;Terrain;Volume
[3.522s] --   plugins    : Plugin_BSPSceneManager;Plugin_OctreeSceneManager;Plugin_PCZSceneManager;Plugin_ParticleFX;RenderSystem_GL;RenderSystem_GL3Plus;Codec_STBI;Codec_EXR
[3.523s] --   media      : /home/nimesha/ros2_humble/ros2-linux/opt/rviz_ogre_vendor/share/OGRE/Media
[3.523s] -- OGRE_LIBRARIES: OgreHLMS;OgreMeshLodGenerator;OgreOverlay;OgrePaging;OgreProperty;OgreRTShaderSystem;OgreTerrain;OgreVolume;OgreMain
[3.523s] -- OGRE_LIBRARY_DIRS: /home/nimesha/ros2_humble/ros2-linux/opt/rviz_ogre_vendor/lib
[3.523s] -- OGRE_PLUGINS: Plugin_BSPSceneManager;Plugin_OctreeSceneManager;Plugin_PCZSceneManager;Plugin_ParticleFX;RenderSystem_GL;RenderSystem_GL3Plus;Codec_STBI;Codec_EXR
[3.523s] -- OGRE_PLUGIN_DIR: /home/nimesha/ros2_humble/ros2-linux/opt/rviz_ogre_vendor/lib/OGRE
[3.523s] -- rviz_ogre_vendor::OgreOverlay for IMPORTED_LOCATION_RELEASE: /home/nimesha/ros2_humble/ros2-linux/opt/rviz_ogre_vendor/lib/libOgreOverlay.so
[3.523s] -- rviz_ogre_vendor::OgreOverlay for IMPORTED_LOCATION_DEBUG: /home/nimesha/ros2_humble/ros2-linux/opt/rviz_ogre_vendor/lib/libOgreOverlay.so
[3.523s] -- rviz_ogre_vendor::OgreMain for IMPORTED_LOCATION_RELEASE: /home/nimesha/ros2_humble/ros2-linux/opt/rviz_ogre_vendor/lib/libOgreMain.so
[3.523s] -- rviz_ogre_vendor::OgreMain for IMPORTED_LOCATION_DEBUG: /home/nimesha/ros2_humble/ros2-linux/opt/rviz_ogre_vendor/lib/libOgreMain.so
[3.538s] -- Could not find freeimage library
[4.303s] -- Found ZLIB: /usr/lib/x86_64-linux-gnu/libz.so (found version "1.2.11") 
[4.615s] -- Found OpenGL: /usr/lib/x86_64-linux-gnu/libOpenGL.so   
[6.831s] -- Found X11: /usr/include   
[6.833s] -- Looking for XOpenDisplay in /usr/lib/x86_64-linux-gnu/libX11.so;/usr/lib/x86_64-linux-gnu/libXext.so
[7.006s] -- Looking for XOpenDisplay in /usr/lib/x86_64-linux-gnu/libX11.so;/usr/lib/x86_64-linux-gnu/libXext.so - found
[7.006s] -- Looking for gethostbyname
[7.156s] -- Looking for gethostbyname - found
[7.156s] -- Looking for connect
[7.281s] -- Looking for connect - found
[7.282s] -- Looking for remove
[7.426s] -- Looking for remove - found
[7.426s] -- Looking for shmat
[7.570s] -- Looking for shmat - found
[7.570s] -- Looking for IceConnectionNumber in ICE
[7.727s] -- Looking for IceConnectionNumber in ICE - found
[7.795s] -- Found rviz_default_plugins: 11.2.13 (/home/nimesha/ros2_humble/ros2-linux/share/rviz_default_plugins/cmake)
[7.928s] -- Found Boost: /usr/lib/x86_64-linux-gnu/cmake/Boost-1.74.0/BoostConfig.cmake (found version "1.74.0") found components: thread date_time system filesystem 
[7.971s] -- Performing Test COMPILER_HAS_HIDDEN_VISIBILITY
[8.136s] -- Performing Test COMPILER_HAS_HIDDEN_VISIBILITY - Success
[8.138s] -- Performing Test COMPILER_HAS_HIDDEN_INLINE_VISIBILITY
[8.315s] -- Performing Test COMPILER_HAS_HIDDEN_INLINE_VISIBILITY - Success
[8.315s] -- Performing Test COMPILER_HAS_DEPRECATED_ATTR
[8.486s] -- Performing Test COMPILER_HAS_DEPRECATED_ATTR - Success
[8.529s] -- Found ament_lint_auto: 0.12.11 (/home/nimesha/ros2_humble/ros2-linux/share/ament_lint_auto/cmake)
[8.562s] -- Added test 'cppcheck' to perform static code analysis on C / C++ code
[8.563s] -- Configured cppcheck include dirs: /home/nimesha/thesis/ws_moveit/src/moveit2/moveit_ros/visualization/rviz_plugin_render_tools/include;/home/nimesha/thesis/ws_moveit/src/moveit2/moveit_ros/visualization/robot_state_rviz_plugin/include;/home/nimesha/thesis/ws_moveit/src/moveit2/moveit_ros/visualization/planning_scene_rviz_plugin/include;/home/nimesha/thesis/ws_moveit/src/moveit2/moveit_ros/visualization/motion_planning_rviz_plugin/include;/home/nimesha/thesis/ws_moveit/src/moveit2/moveit_ros/visualization/trajectory_rviz_plugin/include
[8.563s] -- Configured cppcheck exclude dirs and/or files: 
[8.564s] -- Added test 'lint_cmake' to check CMake code style
[8.564s] -- Added test 'pep257' to check Python code against some of the docstring style conventions in PEP 257
[8.565s] -- Added test 'xmllint' to check XML markup files
[8.567s] -- Configuring done
[8.938s] -- Generating done
[8.943s] -- Build files have been written to: /home/nimesha/thesis/ws_moveit/build/moveit_ros_visualization
[8.984s] Invoked command in '/home/nimesha/thesis/ws_moveit/build/moveit_ros_visualization' returned '0': AMENT_PREFIX_PATH=/home/nimesha/thesis/ws_moveit/install/moveit_ros_planning_interface:/home/nimesha/thesis/ws_moveit/install/moveit_ros_move_group:/home/nimesha/thesis/ws_moveit/install/moveit_ros_warehouse:/home/nimesha/thesis/ws_moveit/install/moveit_ros_robot_interaction:/home/nimesha/thesis/ws_moveit/install/moveit_planners_ompl:/home/nimesha/thesis/ws_moveit/install/moveit_kinematics:/home/nimesha/thesis/ws_moveit/install/moveit_ros_planning:/home/nimesha/thesis/ws_moveit/install/moveit_simple_controller_manager:/home/nimesha/thesis/ws_moveit/install/moveit_ros_occupancy_map_monitor:/home/nimesha/thesis/ws_moveit/install/moveit_core:/home/nimesha/thesis/ws_moveit/install/moveit_resources_panda_moveit_config:/home/nimesha/thesis/ws_moveit/install/moveit_resources_fanuc_moveit_config:/home/nimesha/thesis/ws_moveit/install/moveit_configs_utils:/home/nimesha/thesis/ws_moveit/install/srdfdom:/home/nimesha/thesis/ws_moveit/install/launch_param_builder:/opt/ros/humble:/home/nimesha/ros2_humble/ros2-linux:/home/nimesha/thesis/ws_moveit/install/robotiq_description:/home/nimesha/thesis/ws_moveit/install/moveit_resources_prbt_support:/home/nimesha/thesis/ws_moveit/install/moveit_resources_pr2_description:/home/nimesha/thesis/ws_moveit/install/moveit_resources_panda_description:/home/nimesha/thesis/ws_moveit/install/moveit_resources_fanuc_description:/home/nimesha/thesis/ws_moveit/install/moveit_common:/opt/ros/rolling CMAKE_PREFIX_PATH=/home/nimesha/thesis/ws_moveit/install/moveit_ros_planning_interface:/home/nimesha/thesis/ws_moveit/install/moveit_ros_move_group:/home/nimesha/thesis/ws_moveit/install/moveit_ros_warehouse:/home/nimesha/thesis/ws_moveit/install/moveit_ros_robot_interaction:/home/nimesha/thesis/ws_moveit/install/moveit_planners_ompl:/home/nimesha/thesis/ws_moveit/install/moveit_kinematics:/home/nimesha/thesis/ws_moveit/install/moveit_ros_planning:/home/nimesha/thesis/ws_moveit/install/moveit_simple_controller_manager:/home/nimesha/thesis/ws_moveit/install/moveit_ros_occupancy_map_monitor:/home/nimesha/thesis/ws_moveit/install/moveit_core:/home/nimesha/thesis/ws_moveit/install/moveit_resources_panda_moveit_config:/home/nimesha/thesis/ws_moveit/install/moveit_resources_fanuc_moveit_config:/home/nimesha/thesis/ws_moveit/install/srdfdom:/home/nimesha/thesis/ws_moveit/install/moveit_resources_pr2_description:/home/nimesha/thesis/ws_moveit/install/moveit_resources_panda_description:/home/nimesha/thesis/ws_moveit/install/moveit_resources_fanuc_description:/home/nimesha/thesis/ws_moveit/install/moveit_common:/home/nimesha/ros2_humble/ros2-linux:/home/nimesha/thesis/ws_moveit/install/robotiq_description:/home/nimesha/thesis/ws_moveit/install/moveit_resources_prbt_support:/opt/ros/humble:/home/nimesha/thesis/ws_moveit/install/moveit_configs_utils:/opt/ros/rolling LD_LIBRARY_PATH=/home/nimesha/thesis/ws_moveit/install/moveit_ros_planning_interface/lib:/home/nimesha/thesis/ws_moveit/install/moveit_ros_move_group/lib:/home/nimesha/thesis/ws_moveit/install/moveit_ros_warehouse/lib:/home/nimesha/thesis/ws_moveit/install/moveit_ros_robot_interaction/lib:/home/nimesha/thesis/ws_moveit/install/moveit_planners_ompl/lib:/home/nimesha/thesis/ws_moveit/install/moveit_kinematics/lib:/home/nimesha/thesis/ws_moveit/install/moveit_ros_planning/lib:/home/nimesha/thesis/ws_moveit/install/moveit_simple_controller_manager/lib:/home/nimesha/thesis/ws_moveit/install/moveit_ros_occupancy_map_monitor/lib:/home/nimesha/thesis/ws_moveit/install/moveit_core/lib:/home/nimesha/thesis/ws_moveit/install/srdfdom/lib:/opt/ros/humble/lib/x86_64-linux-gnu:/opt/ros/humble/lib:/home/nimesha/ros2_humble/ros2-linux/opt/rviz_ogre_vendor/lib:/opt/rti.com/rti_connext_dds-6.0.1/lib/x64Linux4gcc7.3.0:/opt/rti.com/rti_connext_dds-6.0.1/bin:/home/nimesha/ros2_humble/ros2-linux/lib:/opt/ros/rolling/opt/rviz_ogre_vendor/lib:/opt/ros/rolling/lib/x86_64-linux-gnu:/opt/ros/rolling/lib:/usr/lib/nvidia PATH=/home/nimesha/thesis/ws_moveit/install/moveit_core/bin:/opt/ros/humble/bin:/opt/rti.com/rti_connext_dds-6.0.1/lib/x64Linux4gcc7.3.0:/opt/rti.com/rti_connext_dds-6.0.1/bin:/home/nimesha/ros2_humble/ros2-linux/bin:/opt/ros/rolling/bin:/usr/lib/nvidia:/home/nimesha/anaconda3/condabin:/usr/local/sbin:/usr/local/bin:/usr/sbin:/usr/bin:/sbin:/bin:/usr/games:/usr/local/games:/usr/lib/wsl/lib:/mnt/c/Program Files/WindowsApps/MicrosoftCorporationII.WindowsSubsystemForLinux_2.2.4.0_x64__8wekyb3d8bbwe:/mnt/c/Windows/system32:/mnt/c/Windows:/mnt/c/Windows/System32/Wbem:/mnt/c/Windows/System32/WindowsPowerShell/v1.0/:/mnt/c/Windows/System32/OpenSSH/:/mnt/c/Program Files (x86)/NVIDIA Corporation/PhysX/Common:/mnt/c/Program Files/NVIDIA Corporation/NVIDIA NvDLISR:/mnt/c/Program Files/Git/cmd:/mnt/c/ProgramData/chocolatey/bin:/mnt/c/Program Files/MATLAB/R2024a/bin:/mnt/c/Program Files/dotnet/:/mnt/c/Users/Nimesha/AppData/Local/Programs/Python/Python311/Scripts/:/mnt/c/Users/Nimesha/AppData/Local/Programs/Python/Python311/:/mnt/c/Users/Nimesha/AppData/Local/Microsoft/WindowsApps:/mnt/c/Users/Nimesha/AppData/Local/Programs/Microsoft VS Code/bin:/mnt/c/Program Files/Baretail:/mnt/c/Program Files/Git/usr/bin:/mnt/c/Users/Nimesha/.dotnet/tools:/snap/bin PYTHONPATH=/home/nimesha/thesis/ws_moveit/install/moveit_configs_utils/lib/python3.10/site-packages:/home/nimesha/thesis/ws_moveit/install/srdfdom/local/lib/python3.10/dist-packages:/home/nimesha/thesis/ws_moveit/install/launch_param_builder/lib/python3.10/site-packages:/opt/ros/humble/lib/python3.10/site-packages:/home/nimesha/ros2_humble/ros2-linux/local/lib/python3.10/dist-packages:/home/nimesha/ros2_humble/ros2-linux/lib/python3.10/site-packages:/opt/ros/rolling/lib/python3.10/site-packages /usr/bin/cmake /home/nimesha/thesis/ws_moveit/src/moveit2/moveit_ros/visualization -DCMAKE_BUILD_TYPE=Release -DCMAKE_INSTALL_PREFIX=/home/nimesha/thesis/ws_moveit/install/moveit_ros_visualization
[8.990s] Invoking command in '/home/nimesha/thesis/ws_moveit/build/moveit_ros_visualization': AMENT_PREFIX_PATH=/home/nimesha/thesis/ws_moveit/install/moveit_ros_planning_interface:/home/nimesha/thesis/ws_moveit/install/moveit_ros_move_group:/home/nimesha/thesis/ws_moveit/install/moveit_ros_warehouse:/home/nimesha/thesis/ws_moveit/install/moveit_ros_robot_interaction:/home/nimesha/thesis/ws_moveit/install/moveit_planners_ompl:/home/nimesha/thesis/ws_moveit/install/moveit_kinematics:/home/nimesha/thesis/ws_moveit/install/moveit_ros_planning:/home/nimesha/thesis/ws_moveit/install/moveit_simple_controller_manager:/home/nimesha/thesis/ws_moveit/install/moveit_ros_occupancy_map_monitor:/home/nimesha/thesis/ws_moveit/install/moveit_core:/home/nimesha/thesis/ws_moveit/install/moveit_resources_panda_moveit_config:/home/nimesha/thesis/ws_moveit/install/moveit_resources_fanuc_moveit_config:/home/nimesha/thesis/ws_moveit/install/moveit_configs_utils:/home/nimesha/thesis/ws_moveit/install/srdfdom:/home/nimesha/thesis/ws_moveit/install/launch_param_builder:/opt/ros/humble:/home/nimesha/ros2_humble/ros2-linux:/home/nimesha/thesis/ws_moveit/install/robotiq_description:/home/nimesha/thesis/ws_moveit/install/moveit_resources_prbt_support:/home/nimesha/thesis/ws_moveit/install/moveit_resources_pr2_description:/home/nimesha/thesis/ws_moveit/install/moveit_resources_panda_description:/home/nimesha/thesis/ws_moveit/install/moveit_resources_fanuc_description:/home/nimesha/thesis/ws_moveit/install/moveit_common:/opt/ros/rolling CMAKE_PREFIX_PATH=/home/nimesha/thesis/ws_moveit/install/moveit_ros_planning_interface:/home/nimesha/thesis/ws_moveit/install/moveit_ros_move_group:/home/nimesha/thesis/ws_moveit/install/moveit_ros_warehouse:/home/nimesha/thesis/ws_moveit/install/moveit_ros_robot_interaction:/home/nimesha/thesis/ws_moveit/install/moveit_planners_ompl:/home/nimesha/thesis/ws_moveit/install/moveit_kinematics:/home/nimesha/thesis/ws_moveit/install/moveit_ros_planning:/home/nimesha/thesis/ws_moveit/install/moveit_simple_controller_manager:/home/nimesha/thesis/ws_moveit/install/moveit_ros_occupancy_map_monitor:/home/nimesha/thesis/ws_moveit/install/moveit_core:/home/nimesha/thesis/ws_moveit/install/moveit_resources_panda_moveit_config:/home/nimesha/thesis/ws_moveit/install/moveit_resources_fanuc_moveit_config:/home/nimesha/thesis/ws_moveit/install/srdfdom:/home/nimesha/thesis/ws_moveit/install/moveit_resources_pr2_description:/home/nimesha/thesis/ws_moveit/install/moveit_resources_panda_description:/home/nimesha/thesis/ws_moveit/install/moveit_resources_fanuc_description:/home/nimesha/thesis/ws_moveit/install/moveit_common:/home/nimesha/ros2_humble/ros2-linux:/home/nimesha/thesis/ws_moveit/install/robotiq_description:/home/nimesha/thesis/ws_moveit/install/moveit_resources_prbt_support:/opt/ros/humble:/home/nimesha/thesis/ws_moveit/install/moveit_configs_utils:/opt/ros/rolling LD_LIBRARY_PATH=/home/nimesha/thesis/ws_moveit/install/moveit_ros_planning_interface/lib:/home/nimesha/thesis/ws_moveit/install/moveit_ros_move_group/lib:/home/nimesha/thesis/ws_moveit/install/moveit_ros_warehouse/lib:/home/nimesha/thesis/ws_moveit/install/moveit_ros_robot_interaction/lib:/home/nimesha/thesis/ws_moveit/install/moveit_planners_ompl/lib:/home/nimesha/thesis/ws_moveit/install/moveit_kinematics/lib:/home/nimesha/thesis/ws_moveit/install/moveit_ros_planning/lib:/home/nimesha/thesis/ws_moveit/install/moveit_simple_controller_manager/lib:/home/nimesha/thesis/ws_moveit/install/moveit_ros_occupancy_map_monitor/lib:/home/nimesha/thesis/ws_moveit/install/moveit_core/lib:/home/nimesha/thesis/ws_moveit/install/srdfdom/lib:/opt/ros/humble/lib/x86_64-linux-gnu:/opt/ros/humble/lib:/home/nimesha/ros2_humble/ros2-linux/opt/rviz_ogre_vendor/lib:/opt/rti.com/rti_connext_dds-6.0.1/lib/x64Linux4gcc7.3.0:/opt/rti.com/rti_connext_dds-6.0.1/bin:/home/nimesha/ros2_humble/ros2-linux/lib:/opt/ros/rolling/opt/rviz_ogre_vendor/lib:/opt/ros/rolling/lib/x86_64-linux-gnu:/opt/ros/rolling/lib:/usr/lib/nvidia PATH=/home/nimesha/thesis/ws_moveit/install/moveit_core/bin:/opt/ros/humble/bin:/opt/rti.com/rti_connext_dds-6.0.1/lib/x64Linux4gcc7.3.0:/opt/rti.com/rti_connext_dds-6.0.1/bin:/home/nimesha/ros2_humble/ros2-linux/bin:/opt/ros/rolling/bin:/usr/lib/nvidia:/home/nimesha/anaconda3/condabin:/usr/local/sbin:/usr/local/bin:/usr/sbin:/usr/bin:/sbin:/bin:/usr/games:/usr/local/games:/usr/lib/wsl/lib:/mnt/c/Program Files/WindowsApps/MicrosoftCorporationII.WindowsSubsystemForLinux_2.2.4.0_x64__8wekyb3d8bbwe:/mnt/c/Windows/system32:/mnt/c/Windows:/mnt/c/Windows/System32/Wbem:/mnt/c/Windows/System32/WindowsPowerShell/v1.0/:/mnt/c/Windows/System32/OpenSSH/:/mnt/c/Program Files (x86)/NVIDIA Corporation/PhysX/Common:/mnt/c/Program Files/NVIDIA Corporation/NVIDIA NvDLISR:/mnt/c/Program Files/Git/cmd:/mnt/c/ProgramData/chocolatey/bin:/mnt/c/Program Files/MATLAB/R2024a/bin:/mnt/c/Program Files/dotnet/:/mnt/c/Users/Nimesha/AppData/Local/Programs/Python/Python311/Scripts/:/mnt/c/Users/Nimesha/AppData/Local/Programs/Python/Python311/:/mnt/c/Users/Nimesha/AppData/Local/Microsoft/WindowsApps:/mnt/c/Users/Nimesha/AppData/Local/Programs/Microsoft VS Code/bin:/mnt/c/Program Files/Baretail:/mnt/c/Program Files/Git/usr/bin:/mnt/c/Users/Nimesha/.dotnet/tools:/snap/bin PYTHONPATH=/home/nimesha/thesis/ws_moveit/install/moveit_configs_utils/lib/python3.10/site-packages:/home/nimesha/thesis/ws_moveit/install/srdfdom/local/lib/python3.10/dist-packages:/home/nimesha/thesis/ws_moveit/install/launch_param_builder/lib/python3.10/site-packages:/opt/ros/humble/lib/python3.10/site-packages:/home/nimesha/ros2_humble/ros2-linux/local/lib/python3.10/dist-packages:/home/nimesha/ros2_humble/ros2-linux/lib/python3.10/site-packages:/opt/ros/rolling/lib/python3.10/site-packages /usr/bin/cmake --build /home/nimesha/thesis/ws_moveit/build/moveit_ros_visualization -- -j32 -l32
[9.076s] [  1%] [34m[1mAutomatic MOC for target moveit_rviz_plugin_render_tools[0m
[9.475s] [  1%] Built target moveit_rviz_plugin_render_tools_autogen
[9.511s] [  3%] [32mBuilding CXX object rviz_plugin_render_tools/CMakeFiles/moveit_rviz_plugin_render_tools.dir/src/planning_link_updater.cpp.o[0m
[9.512s] [  5%] [32mBuilding CXX object rviz_plugin_render_tools/CMakeFiles/moveit_rviz_plugin_render_tools.dir/moveit_rviz_plugin_render_tools_autogen/mocs_compilation.cpp.o[0m
[9.512s] [  6%] [32mBuilding CXX object rviz_plugin_render_tools/CMakeFiles/moveit_rviz_plugin_render_tools.dir/src/octomap_render.cpp.o[0m
[9.512s] [  8%] [32mBuilding CXX object rviz_plugin_render_tools/CMakeFiles/moveit_rviz_plugin_render_tools.dir/src/planning_scene_render.cpp.o[0m
[9.512s] [ 12%] [32mBuilding CXX object rviz_plugin_render_tools/CMakeFiles/moveit_rviz_plugin_render_tools.dir/src/trajectory_visualization.cpp.o[0m
[9.512s] [ 12%] [32mBuilding CXX object rviz_plugin_render_tools/CMakeFiles/moveit_rviz_plugin_render_tools.dir/src/robot_state_visualization.cpp.o[0m
[9.513s] [ 13%] [32mBuilding CXX object rviz_plugin_render_tools/CMakeFiles/moveit_rviz_plugin_render_tools.dir/src/render_shapes.cpp.o[0m
[9.515s] [ 17%] [32mBuilding CXX object rviz_plugin_render_tools/CMakeFiles/moveit_rviz_plugin_render_tools.dir/src/mesh_shape.cpp.o[0m
[9.515s] [ 17%] [32mBuilding CXX object rviz_plugin_render_tools/CMakeFiles/moveit_rviz_plugin_render_tools.dir/src/trajectory_panel.cpp.o[0m
[38.072s] [ 18%] [32m[1mLinking CXX shared library libmoveit_rviz_plugin_render_tools.so[0m
[42.168s] [ 18%] Built target moveit_rviz_plugin_render_tools
[42.199s] [ 20%] [34m[1mAutomatic MOC for target moveit_robot_state_rviz_plugin_core[0m
[42.203s] [ 22%] [34m[1mAutomatic MOC for target moveit_planning_scene_rviz_plugin_core[0m
[42.487s] [ 22%] Built target moveit_robot_state_rviz_plugin_core_autogen
[42.535s] [ 24%] [32mBuilding CXX object robot_state_rviz_plugin/CMakeFiles/moveit_robot_state_rviz_plugin_core.dir/moveit_robot_state_rviz_plugin_core_autogen/mocs_compilation.cpp.o[0m
[42.537s] [ 25%] [32mBuilding CXX object robot_state_rviz_plugin/CMakeFiles/moveit_robot_state_rviz_plugin_core.dir/src/robot_state_display.cpp.o[0m
[42.633s] [ 25%] Built target moveit_planning_scene_rviz_plugin_core_autogen
[42.677s] [ 27%] [32mBuilding CXX object planning_scene_rviz_plugin/CMakeFiles/moveit_planning_scene_rviz_plugin_core.dir/moveit_planning_scene_rviz_plugin_core_autogen/mocs_compilation.cpp.o[0m
[42.677s] [ 29%] [32mBuilding CXX object planning_scene_rviz_plugin/CMakeFiles/moveit_planning_scene_rviz_plugin_core.dir/src/planning_scene_display.cpp.o[0m
[42.678s] [ 31%] [32mBuilding CXX object planning_scene_rviz_plugin/CMakeFiles/moveit_planning_scene_rviz_plugin_core.dir/src/background_processing.cpp.o[0m
[90.686s] [ 32%] [32m[1mLinking CXX shared library libmoveit_planning_scene_rviz_plugin_core.so[0m
[92.922s] [ 32%] Built target moveit_planning_scene_rviz_plugin_core
[92.945s] [ 36%] [34m[1mAutomatic MOC for target moveit_planning_scene_rviz_plugin[0m
[92.945s] [ 36%] [34m[1mAutomatic MOC for target moveit_trajectory_rviz_plugin_core[0m
[93.001s] [ 36%] Built target moveit_planning_scene_rviz_plugin_autogen
[93.025s] [ 37%] [32mBuilding CXX object planning_scene_rviz_plugin/CMakeFiles/moveit_planning_scene_rviz_plugin.dir/moveit_planning_scene_rviz_plugin_autogen/mocs_compilation.cpp.o[0m
[93.025s] [ 39%] [32mBuilding CXX object planning_scene_rviz_plugin/CMakeFiles/moveit_planning_scene_rviz_plugin.dir/src/plugin_init.cpp.o[0m
[93.545s] [ 39%] Built target moveit_trajectory_rviz_plugin_core_autogen
[93.569s] [ 41%] [32mBuilding CXX object trajectory_rviz_plugin/CMakeFiles/moveit_trajectory_rviz_plugin_core.dir/moveit_trajectory_rviz_plugin_core_autogen/mocs_compilation.cpp.o[0m
[93.570s] [ 43%] [32mBuilding CXX object trajectory_rviz_plugin/CMakeFiles/moveit_trajectory_rviz_plugin_core.dir/src/trajectory_display.cpp.o[0m
[94.764s] [ 44%] [32m[1mLinking CXX shared library libmoveit_robot_state_rviz_plugin_core.so[0m
[97.041s] [ 44%] Built target moveit_robot_state_rviz_plugin_core
[97.063s] [ 46%] [34m[1mAutomatic MOC for target moveit_robot_state_rviz_plugin[0m
[97.094s] [ 46%] Built target moveit_robot_state_rviz_plugin_autogen
[97.119s] [ 48%] [32mBuilding CXX object robot_state_rviz_plugin/CMakeFiles/moveit_robot_state_rviz_plugin.dir/moveit_robot_state_rviz_plugin_autogen/mocs_compilation.cpp.o[0m
[97.120s] [ 50%] [32mBuilding CXX object robot_state_rviz_plugin/CMakeFiles/moveit_robot_state_rviz_plugin.dir/src/plugin_init.cpp.o[0m
[102.227s] [ 51%] [32m[1mLinking CXX shared library libmoveit_trajectory_rviz_plugin_core.so[0m
[103.124s] [ 51%] Built target moveit_trajectory_rviz_plugin_core
[103.148s] [ 53%] [34m[1mAutomatic MOC for target moveit_trajectory_rviz_plugin[0m
[103.182s] [ 53%] Built target moveit_trajectory_rviz_plugin_autogen
[103.211s] [ 55%] [32mBuilding CXX object trajectory_rviz_plugin/CMakeFiles/moveit_trajectory_rviz_plugin.dir/moveit_trajectory_rviz_plugin_autogen/mocs_compilation.cpp.o[0m
[103.212s] [ 56%] [32mBuilding CXX object trajectory_rviz_plugin/CMakeFiles/moveit_trajectory_rviz_plugin.dir/src/plugin_init.cpp.o[0m
[104.418s] [ 58%] [32m[1mLinking CXX shared library libmoveit_planning_scene_rviz_plugin.so[0m
[105.053s] [ 58%] Built target moveit_planning_scene_rviz_plugin
[105.084s] [ 60%] [34m[1mAutomatic MOC for target moveit_motion_planning_rviz_plugin_core[0m
[105.251s] [ 62%] [32m[1mLinking CXX shared library libmoveit_robot_state_rviz_plugin.so[0m
[105.538s] [ 62%] Built target moveit_motion_planning_rviz_plugin_core_autogen
[105.554s] [ 65%] [34m[1mGenerating ui_motion_planning_rviz_plugin_frame_joints.h[0m
[105.554s] [ 65%] [34m[1mGenerating ui_motion_planning_rviz_plugin_frame.h[0m
[105.554s] [ 67%] [34m[1mAutomatic RCC for src/icons/icons.qrc[0m
[105.624s] [ 70%] [32mBuilding CXX object motion_planning_rviz_plugin/CMakeFiles/moveit_motion_planning_rviz_plugin_core.dir/moveit_motion_planning_rviz_plugin_core_autogen/mocs_compilation.cpp.o[0m
[105.624s] [ 70%] [32mBuilding CXX object motion_planning_rviz_plugin/CMakeFiles/moveit_motion_planning_rviz_plugin_core.dir/src/motion_planning_frame_planning.cpp.o[0m
[105.624s] [ 72%] [32mBuilding CXX object motion_planning_rviz_plugin/CMakeFiles/moveit_motion_planning_rviz_plugin_core.dir/src/motion_planning_frame.cpp.o[0m
[105.625s] [ 74%] [32mBuilding CXX object motion_planning_rviz_plugin/CMakeFiles/moveit_motion_planning_rviz_plugin_core.dir/src/motion_planning_frame_joints_widget.cpp.o[0m
[105.627s] [ 75%] [32mBuilding CXX object motion_planning_rviz_plugin/CMakeFiles/moveit_motion_planning_rviz_plugin_core.dir/src/motion_planning_frame_objects.cpp.o[0m
[105.627s] [ 77%] [32mBuilding CXX object motion_planning_rviz_plugin/CMakeFiles/moveit_motion_planning_rviz_plugin_core.dir/src/motion_planning_frame_context.cpp.o[0m
[105.629s] [ 82%] [32mBuilding CXX object motion_planning_rviz_plugin/CMakeFiles/moveit_motion_planning_rviz_plugin_core.dir/src/motion_planning_frame_states.cpp.o[0m
[105.629s] [ 82%] [32mBuilding CXX object motion_planning_rviz_plugin/CMakeFiles/moveit_motion_planning_rviz_plugin_core.dir/src/motion_planning_frame_scenes.cpp.o[0m
[105.629s] [ 84%] [32mBuilding CXX object motion_planning_rviz_plugin/CMakeFiles/moveit_motion_planning_rviz_plugin_core.dir/src/motion_planning_display.cpp.o[0m
[105.629s] [ 84%] [32mBuilding CXX object motion_planning_rviz_plugin/CMakeFiles/moveit_motion_planning_rviz_plugin_core.dir/src/motion_planning_frame_manipulation.cpp.o[0m
[105.629s] [ 86%] [32mBuilding CXX object motion_planning_rviz_plugin/CMakeFiles/moveit_motion_planning_rviz_plugin_core.dir/src/interactive_marker_display.cpp.o[0m
[105.630s] [ 87%] [32mBuilding CXX object motion_planning_rviz_plugin/CMakeFiles/moveit_motion_planning_rviz_plugin_core.dir/src/motion_planning_param_widget.cpp.o[0m
[105.630s] [ 89%] [32mBuilding CXX object motion_planning_rviz_plugin/CMakeFiles/moveit_motion_planning_rviz_plugin_core.dir/moveit_motion_planning_rviz_plugin_core_autogen/2OST2OT5Q2/qrc_icons.cpp.o[0m
[106.115s] [ 89%] Built target moveit_robot_state_rviz_plugin
[115.197s] [ 91%] [32m[1mLinking CXX shared library libmoveit_trajectory_rviz_plugin.so[0m
[116.361s] [ 91%] Built target moveit_trajectory_rviz_plugin
[176.175s] [01m[Kc++:[m[K [01;31m[Kfatal error: [m[KKilled signal terminated program cc1plus
[176.176s] compilation terminated.
[176.297s] gmake[2]: *** [motion_planning_rviz_plugin/CMakeFiles/moveit_motion_planning_rviz_plugin_core.dir/build.make:191: motion_planning_rviz_plugin/CMakeFiles/moveit_motion_planning_rviz_plugin_core.dir/src/motion_planning_frame_joints_widget.cpp.o] Error 1
[176.317s] gmake[2]: *** Waiting for unfinished jobs....
[203.421s] [01m[Kc++:[m[K [01;31m[Kfatal error: [m[KKilled signal terminated program cc1plus
[203.423s] compilation terminated.
[203.461s] gmake[2]: *** [motion_planning_rviz_plugin/CMakeFiles/moveit_motion_planning_rviz_plugin_core.dir/build.make:163: motion_planning_rviz_plugin/CMakeFiles/moveit_motion_planning_rviz_plugin_core.dir/src/motion_planning_frame_scenes.cpp.o] Error 1
[212.572s] [01m[Kc++:[m[K [01;31m[Kfatal error: [m[KKilled signal terminated program cc1plus
[212.573s] compilation terminated.
[212.617s] gmake[2]: *** [motion_planning_rviz_plugin/CMakeFiles/moveit_motion_planning_rviz_plugin_core.dir/build.make:93: motion_planning_rviz_plugin/CMakeFiles/moveit_motion_planning_rviz_plugin_core.dir/moveit_motion_planning_rviz_plugin_core_autogen/mocs_compilation.cpp.o] Error 1
[241.689s] [01m[Kc++:[m[K [01;31m[Kfatal error: [m[KKilled signal terminated program cc1plus
[241.700s] compilation terminated.
[241.771s] gmake[2]: *** [motion_planning_rviz_plugin/CMakeFiles/moveit_motion_planning_rviz_plugin_core.dir/build.make:205: motion_planning_rviz_plugin/CMakeFiles/moveit_motion_planning_rviz_plugin_core.dir/src/motion_planning_display.cpp.o] Error 1
[265.891s] [01m[Kc++:[m[K [01;31m[Kfatal error: [m[KKilled signal terminated program cc1plus
[265.892s] compilation terminated.
[265.930s] gmake[2]: *** [motion_planning_rviz_plugin/CMakeFiles/moveit_motion_planning_rviz_plugin_core.dir/build.make:107: motion_planning_rviz_plugin/CMakeFiles/moveit_motion_planning_rviz_plugin_core.dir/src/motion_planning_frame.cpp.o] Error 1
[295.390s] [01m[Kc++:[m[K [01;31m[Kfatal error: [m[KKilled signal terminated program cc1plus
[295.404s] compilation terminated.
[295.519s] gmake[2]: *** [motion_planning_rviz_plugin/CMakeFiles/moveit_motion_planning_rviz_plugin_core.dir/build.make:149: motion_planning_rviz_plugin/CMakeFiles/moveit_motion_planning_rviz_plugin_core.dir/src/motion_planning_frame_objects.cpp.o] Error 1
[357.306s] gmake[1]: *** [CMakeFiles/Makefile2:510: motion_planning_rviz_plugin/CMakeFiles/moveit_motion_planning_rviz_plugin_core.dir/all] Error 2
[357.325s] gmake: *** [Makefile:146: all] Error 2
