[0.012s] Invoking command in '/home/nimesha/Thesis/moveit_ur5_v2_ws/build/ur5e_gripper_visualization': CMAKE_PREFIX_PATH=${CMAKE_PREFIX_PATH}:/home/nimesha/Thesis/moveit_ur5_v2_ws/install/moveit_configs_utils:/home/nimesha/Thesis/moveit_ur5_v2_ws/install/launch_param_builder:/home/nimesha/Thesis/moveit_ur5_v2_ws/src/ws_moveit/install/moveit_configs_utils:/home/nimesha/Thesis/moveit_ur5_v2_ws/src/ws_moveit/install/launch_param_builder:/opt/ros/humble /usr/bin/cmake /home/nimesha/Thesis/moveit_ur5_v2_ws/src/UR5e_robotiq_gripper_RViz/UR5e_with_2F_140_robotiq_gripper_RViz/ur5e_gripper_visualization -DCMAKE_INSTALL_PREFIX=/home/nimesha/Thesis/moveit_ur5_v2_ws/install/ur5e_gripper_visualization
[0.083s] -- The C compiler identification is GNU 11.4.0
[0.252s] -- The CXX compiler identification is GNU 11.4.0
[0.395s] -- Detecting C compiler ABI info
[0.476s] -- Detecting C compiler ABI info - done
[0.480s] -- Check for working C compiler: /usr/bin/cc - skipped
[0.480s] -- Detecting C compile features
[0.480s] -- Detecting C compile features - done
[0.482s] -- Detecting CXX compiler ABI info
[0.566s] -- Detecting CXX compiler ABI info - done
[0.569s] -- Check for working CXX compiler: /usr/bin/c++ - skipped
[0.569s] -- Detecting CXX compile features
[0.569s] -- Detecting CXX compile features - done
[0.573s] -- Found ament_cmake: 1.3.10 (/home/nimesha/ros2_humble/ros2-linux/share/ament_cmake/cmake)
[0.695s] -- Found Python3: /usr/bin/python3 (found version "3.10.12") found components: Interpreter 
[0.779s] -- Found rclcpp: 16.0.10 (/home/nimesha/ros2_humble/ros2-linux/share/rclcpp/cmake)
[0.860s] -- Found rosidl_generator_c: 3.1.5 (/home/nimesha/ros2_humble/ros2-linux/share/rosidl_generator_c/cmake)
[0.867s] -- Found rosidl_adapter: 3.1.5 (/home/nimesha/ros2_humble/ros2-linux/share/rosidl_adapter/cmake)
[0.877s] -- Found rosidl_generator_cpp: 3.1.5 (/home/nimesha/ros2_humble/ros2-linux/share/rosidl_generator_cpp/cmake)
[0.893s] -- Using all available rosidl_typesupport_c: rosidl_typesupport_fastrtps_c;rosidl_typesupport_introspection_c
[0.917s] -- Using all available rosidl_typesupport_cpp: rosidl_typesupport_fastrtps_cpp;rosidl_typesupport_introspection_cpp
[0.971s] -- Found rmw_implementation_cmake: 6.1.2 (/home/nimesha/ros2_humble/ros2-linux/share/rmw_implementation_cmake/cmake)
[0.978s] -- Found rmw_fastrtps_cpp: 6.2.7 (/home/nimesha/ros2_humble/ros2-linux/share/rmw_fastrtps_cpp/cmake)
[1.471s] -- Found OpenSSL: /usr/lib/x86_64-linux-gnu/libcrypto.so (found version "3.0.2")  
[1.956s] -- Found FastRTPS: /home/nimesha/ros2_humble/ros2-linux/include  
[2.992s] -- Using RMW implementation 'rmw_fastrtps_cpp' as default
[3.009s] -- Looking for pthread.h
[3.092s] -- Looking for pthread.h - found
[3.092s] -- Performing Test CMAKE_HAVE_LIBC_PTHREAD
[3.188s] -- Performing Test CMAKE_HAVE_LIBC_PTHREAD - Success
[3.189s] -- Found Threads: TRUE  
[3.229s] -- Found std_msgs: 4.2.4 (/home/nimesha/ros2_humble/ros2-linux/share/std_msgs/cmake)
[3.241s] -- Found visualization_msgs: 4.2.4 (/home/nimesha/ros2_humble/ros2-linux/share/visualization_msgs/cmake)
[3.289s] -- Found ament_lint_auto: 0.12.11 (/home/nimesha/ros2_humble/ros2-linux/share/ament_lint_auto/cmake)
[3.362s] -- Added test 'flake8' to check Python code syntax and style conventions
[3.363s] -- Added test 'lint_cmake' to check CMake code style
[3.364s] -- Added test 'pep257' to check Python code against some of the docstring style conventions in PEP 257
[3.365s] -- Added test 'xmllint' to check XML markup files
[3.368s] -- Configuring done
[3.371s] -- Generating done
[3.372s] -- Build files have been written to: /home/nimesha/Thesis/moveit_ur5_v2_ws/build/ur5e_gripper_visualization
[3.378s] Invoked command in '/home/nimesha/Thesis/moveit_ur5_v2_ws/build/ur5e_gripper_visualization' returned '0': CMAKE_PREFIX_PATH=${CMAKE_PREFIX_PATH}:/home/nimesha/Thesis/moveit_ur5_v2_ws/install/moveit_configs_utils:/home/nimesha/Thesis/moveit_ur5_v2_ws/install/launch_param_builder:/home/nimesha/Thesis/moveit_ur5_v2_ws/src/ws_moveit/install/moveit_configs_utils:/home/nimesha/Thesis/moveit_ur5_v2_ws/src/ws_moveit/install/launch_param_builder:/opt/ros/humble /usr/bin/cmake /home/nimesha/Thesis/moveit_ur5_v2_ws/src/UR5e_robotiq_gripper_RViz/UR5e_with_2F_140_robotiq_gripper_RViz/ur5e_gripper_visualization -DCMAKE_INSTALL_PREFIX=/home/nimesha/Thesis/moveit_ur5_v2_ws/install/ur5e_gripper_visualization
[3.379s] Invoking command in '/home/nimesha/Thesis/moveit_ur5_v2_ws/build/ur5e_gripper_visualization': CMAKE_PREFIX_PATH=${CMAKE_PREFIX_PATH}:/home/nimesha/Thesis/moveit_ur5_v2_ws/install/moveit_configs_utils:/home/nimesha/Thesis/moveit_ur5_v2_ws/install/launch_param_builder:/home/nimesha/Thesis/moveit_ur5_v2_ws/src/ws_moveit/install/moveit_configs_utils:/home/nimesha/Thesis/moveit_ur5_v2_ws/src/ws_moveit/install/launch_param_builder:/opt/ros/humble /usr/bin/cmake --build /home/nimesha/Thesis/moveit_ur5_v2_ws/build/ur5e_gripper_visualization -- -j32 -l32
[3.424s] Invoked command in '/home/nimesha/Thesis/moveit_ur5_v2_ws/build/ur5e_gripper_visualization' returned '0': CMAKE_PREFIX_PATH=${CMAKE_PREFIX_PATH}:/home/nimesha/Thesis/moveit_ur5_v2_ws/install/moveit_configs_utils:/home/nimesha/Thesis/moveit_ur5_v2_ws/install/launch_param_builder:/home/nimesha/Thesis/moveit_ur5_v2_ws/src/ws_moveit/install/moveit_configs_utils:/home/nimesha/Thesis/moveit_ur5_v2_ws/src/ws_moveit/install/launch_param_builder:/opt/ros/humble /usr/bin/cmake --build /home/nimesha/Thesis/moveit_ur5_v2_ws/build/ur5e_gripper_visualization -- -j32 -l32
[3.467s] Invoking command in '/home/nimesha/Thesis/moveit_ur5_v2_ws/build/ur5e_gripper_visualization': CMAKE_PREFIX_PATH=${CMAKE_PREFIX_PATH}:/home/nimesha/Thesis/moveit_ur5_v2_ws/install/moveit_configs_utils:/home/nimesha/Thesis/moveit_ur5_v2_ws/install/launch_param_builder:/home/nimesha/Thesis/moveit_ur5_v2_ws/src/ws_moveit/install/moveit_configs_utils:/home/nimesha/Thesis/moveit_ur5_v2_ws/src/ws_moveit/install/launch_param_builder:/opt/ros/humble /usr/bin/cmake --install /home/nimesha/Thesis/moveit_ur5_v2_ws/build/ur5e_gripper_visualization
[3.472s] -- Install configuration: ""
[3.472s] -- Installing: /home/nimesha/Thesis/moveit_ur5_v2_ws/install/ur5e_gripper_visualization/share/ur5e_gripper_visualization/
[3.473s] -- Installing: /home/nimesha/Thesis/moveit_ur5_v2_ws/install/ur5e_gripper_visualization/share/ur5e_gripper_visualization//view_ur5e_gripper.launch.py
[3.473s] -- Installing: /home/nimesha/Thesis/moveit_ur5_v2_ws/install/ur5e_gripper_visualization/share/ament_index/resource_index/package_run_dependencies/ur5e_gripper_visualization
[3.473s] -- Installing: /home/nimesha/Thesis/moveit_ur5_v2_ws/install/ur5e_gripper_visualization/share/ament_index/resource_index/parent_prefix_path/ur5e_gripper_visualization
[3.473s] -- Installing: /home/nimesha/Thesis/moveit_ur5_v2_ws/install/ur5e_gripper_visualization/share/ur5e_gripper_visualization/environment/ament_prefix_path.sh
[3.473s] -- Installing: /home/nimesha/Thesis/moveit_ur5_v2_ws/install/ur5e_gripper_visualization/share/ur5e_gripper_visualization/environment/ament_prefix_path.dsv
[3.473s] -- Installing: /home/nimesha/Thesis/moveit_ur5_v2_ws/install/ur5e_gripper_visualization/share/ur5e_gripper_visualization/environment/path.sh
[3.473s] -- Installing: /home/nimesha/Thesis/moveit_ur5_v2_ws/install/ur5e_gripper_visualization/share/ur5e_gripper_visualization/environment/path.dsv
[3.474s] -- Installing: /home/nimesha/Thesis/moveit_ur5_v2_ws/install/ur5e_gripper_visualization/share/ur5e_gripper_visualization/local_setup.bash
[3.474s] -- Installing: /home/nimesha/Thesis/moveit_ur5_v2_ws/install/ur5e_gripper_visualization/share/ur5e_gripper_visualization/local_setup.sh
[3.474s] -- Installing: /home/nimesha/Thesis/moveit_ur5_v2_ws/install/ur5e_gripper_visualization/share/ur5e_gripper_visualization/local_setup.zsh
[3.474s] -- Installing: /home/nimesha/Thesis/moveit_ur5_v2_ws/install/ur5e_gripper_visualization/share/ur5e_gripper_visualization/local_setup.dsv
[3.474s] -- Installing: /home/nimesha/Thesis/moveit_ur5_v2_ws/install/ur5e_gripper_visualization/share/ur5e_gripper_visualization/package.dsv
[3.474s] -- Installing: /home/nimesha/Thesis/moveit_ur5_v2_ws/install/ur5e_gripper_visualization/share/ament_index/resource_index/packages/ur5e_gripper_visualization
[3.474s] -- Installing: /home/nimesha/Thesis/moveit_ur5_v2_ws/install/ur5e_gripper_visualization/share/ur5e_gripper_visualization/cmake/ur5e_gripper_visualizationConfig.cmake
[3.474s] -- Installing: /home/nimesha/Thesis/moveit_ur5_v2_ws/install/ur5e_gripper_visualization/share/ur5e_gripper_visualization/cmake/ur5e_gripper_visualizationConfig-version.cmake
[3.474s] -- Installing: /home/nimesha/Thesis/moveit_ur5_v2_ws/install/ur5e_gripper_visualization/share/ur5e_gripper_visualization/package.xml
[3.475s] Invoked command in '/home/nimesha/Thesis/moveit_ur5_v2_ws/build/ur5e_gripper_visualization' returned '0': CMAKE_PREFIX_PATH=${CMAKE_PREFIX_PATH}:/home/nimesha/Thesis/moveit_ur5_v2_ws/install/moveit_configs_utils:/home/nimesha/Thesis/moveit_ur5_v2_ws/install/launch_param_builder:/home/nimesha/Thesis/moveit_ur5_v2_ws/src/ws_moveit/install/moveit_configs_utils:/home/nimesha/Thesis/moveit_ur5_v2_ws/src/ws_moveit/install/launch_param_builder:/opt/ros/humble /usr/bin/cmake --install /home/nimesha/Thesis/moveit_ur5_v2_ws/build/ur5e_gripper_visualization
