[35m[1mConsolidate compiler generated dependencies of target moveit_warehouse[0m
[ 40%] Built target moveit_warehouse
[35m[1mConsolidate compiler generated dependencies of target moveit_warehouse_save_as_text[0m
[35m[1mConsolidate compiler generated dependencies of target moveit_warehouse_broadcast[0m
[35m[1mConsolidate compiler generated dependencies of target moveit_warehouse_import_from_text[0m
[35m[1mConsolidate compiler generated dependencies of target moveit_warehouse_services[0m
[35m[1mConsolidate compiler generated dependencies of target moveit_save_to_warehouse[0m
[35m[1mConsolidate compiler generated dependencies of target moveit_init_demo_warehouse[0m
[ 50%] Built target moveit_warehouse_broadcast
[ 60%] Built target moveit_warehouse_save_as_text
[ 70%] Built target moveit_warehouse_import_from_text
[ 80%] Built target moveit_warehouse_services
[ 90%] Built target moveit_init_demo_warehouse
[100%] Built target moveit_save_to_warehouse
-- Install configuration: "Release"
-- Installing: /home/nimesha/thesis/ws_moveit/install/moveit_ros_warehouse/lib/moveit_ros_warehouse/moveit_save_to_warehouse
-- Set runtime path of "/home/nimesha/thesis/ws_moveit/install/moveit_ros_warehouse/lib/moveit_ros_warehouse/moveit_save_to_warehouse" to ""
-- Installing: /home/nimesha/thesis/ws_moveit/install/moveit_ros_warehouse/lib/moveit_ros_warehouse/moveit_warehouse_broadcast
-- Set runtime path of "/home/nimesha/thesis/ws_moveit/install/moveit_ros_warehouse/lib/moveit_ros_warehouse/moveit_warehouse_broadcast" to ""
-- Installing: /home/nimesha/thesis/ws_moveit/install/moveit_ros_warehouse/lib/moveit_ros_warehouse/moveit_warehouse_import_from_text
-- Set runtime path of "/home/nimesha/thesis/ws_moveit/install/moveit_ros_warehouse/lib/moveit_ros_warehouse/moveit_warehouse_import_from_text" to ""
-- Installing: /home/nimesha/thesis/ws_moveit/install/moveit_ros_warehouse/lib/moveit_ros_warehouse/moveit_warehouse_save_as_text
-- Set runtime path of "/home/nimesha/thesis/ws_moveit/install/moveit_ros_warehouse/lib/moveit_ros_warehouse/moveit_warehouse_save_as_text" to ""
-- Installing: /home/nimesha/thesis/ws_moveit/install/moveit_ros_warehouse/lib/moveit_ros_warehouse/moveit_init_demo_warehouse
-- Set runtime path of "/home/nimesha/thesis/ws_moveit/install/moveit_ros_warehouse/lib/moveit_ros_warehouse/moveit_init_demo_warehouse" to ""
-- Installing: /home/nimesha/thesis/ws_moveit/install/moveit_ros_warehouse/lib/moveit_ros_warehouse/moveit_warehouse_services
-- Set runtime path of "/home/nimesha/thesis/ws_moveit/install/moveit_ros_warehouse/lib/moveit_ros_warehouse/moveit_warehouse_services" to ""
-- Installing: /home/nimesha/thesis/ws_moveit/install/moveit_ros_warehouse/include
-- Installing: /home/nimesha/thesis/ws_moveit/install/moveit_ros_warehouse/include/moveit
-- Installing: /home/nimesha/thesis/ws_moveit/install/moveit_ros_warehouse/include/moveit/warehouse
-- Installing: /home/nimesha/thesis/ws_moveit/install/moveit_ros_warehouse/include/moveit/warehouse/planning_scene_world_storage.h
-- Installing: /home/nimesha/thesis/ws_moveit/install/moveit_ros_warehouse/include/moveit/warehouse/moveit_message_storage.h
-- Installing: /home/nimesha/thesis/ws_moveit/install/moveit_ros_warehouse/include/moveit/warehouse/constraints_storage.h
-- Installing: /home/nimesha/thesis/ws_moveit/install/moveit_ros_warehouse/include/moveit/warehouse/planning_scene_storage.h
-- Installing: /home/nimesha/thesis/ws_moveit/install/moveit_ros_warehouse/include/moveit/warehouse/trajectory_constraints_storage.h
-- Installing: /home/nimesha/thesis/ws_moveit/install/moveit_ros_warehouse/include/moveit/warehouse/state_storage.h
-- Installing: /home/nimesha/thesis/ws_moveit/install/moveit_ros_warehouse/include/moveit/warehouse/warehouse_connector.h
-- Installing: /home/nimesha/thesis/ws_moveit/install/moveit_ros_warehouse/include/moveit_warehouse_export.h
-- Installing: /home/nimesha/thesis/ws_moveit/install/moveit_ros_warehouse/lib/libmoveit_warehouse.so.2.5.5
-- Set runtime path of "/home/nimesha/thesis/ws_moveit/install/moveit_ros_warehouse/lib/libmoveit_warehouse.so.2.5.5" to ""
-- Installing: /home/nimesha/thesis/ws_moveit/install/moveit_ros_warehouse/lib/libmoveit_warehouse.so
-- Installing: /home/nimesha/thesis/ws_moveit/install/moveit_ros_warehouse/share/moveit_ros_warehouse/environment/library_path.sh
-- Installing: /home/nimesha/thesis/ws_moveit/install/moveit_ros_warehouse/share/moveit_ros_warehouse/environment/library_path.dsv
-- Installing: /home/nimesha/thesis/ws_moveit/install/moveit_ros_warehouse/share/ament_index/resource_index/package_run_dependencies/moveit_ros_warehouse
-- Installing: /home/nimesha/thesis/ws_moveit/install/moveit_ros_warehouse/share/ament_index/resource_index/parent_prefix_path/moveit_ros_warehouse
-- Installing: /home/nimesha/thesis/ws_moveit/install/moveit_ros_warehouse/share/moveit_ros_warehouse/environment/ament_prefix_path.sh
-- Installing: /home/nimesha/thesis/ws_moveit/install/moveit_ros_warehouse/share/moveit_ros_warehouse/environment/ament_prefix_path.dsv
-- Installing: /home/nimesha/thesis/ws_moveit/install/moveit_ros_warehouse/share/moveit_ros_warehouse/environment/path.sh
-- Installing: /home/nimesha/thesis/ws_moveit/install/moveit_ros_warehouse/share/moveit_ros_warehouse/environment/path.dsv
-- Installing: /home/nimesha/thesis/ws_moveit/install/moveit_ros_warehouse/share/moveit_ros_warehouse/local_setup.bash
-- Installing: /home/nimesha/thesis/ws_moveit/install/moveit_ros_warehouse/share/moveit_ros_warehouse/local_setup.sh
-- Installing: /home/nimesha/thesis/ws_moveit/install/moveit_ros_warehouse/share/moveit_ros_warehouse/local_setup.zsh
-- Installing: /home/nimesha/thesis/ws_moveit/install/moveit_ros_warehouse/share/moveit_ros_warehouse/local_setup.dsv
-- Installing: /home/nimesha/thesis/ws_moveit/install/moveit_ros_warehouse/share/moveit_ros_warehouse/package.dsv
-- Installing: /home/nimesha/thesis/ws_moveit/install/moveit_ros_warehouse/share/ament_index/resource_index/packages/moveit_ros_warehouse
-- Installing: /home/nimesha/thesis/ws_moveit/install/moveit_ros_warehouse/share/moveit_ros_warehouse/cmake/export_moveit_ros_warehouseExport.cmake
-- Installing: /home/nimesha/thesis/ws_moveit/install/moveit_ros_warehouse/share/moveit_ros_warehouse/cmake/export_moveit_ros_warehouseExport-release.cmake
-- Installing: /home/nimesha/thesis/ws_moveit/install/moveit_ros_warehouse/share/moveit_ros_warehouse/cmake/ConfigExtras.cmake
-- Installing: /home/nimesha/thesis/ws_moveit/install/moveit_ros_warehouse/share/moveit_ros_warehouse/cmake/ament_cmake_export_targets-extras.cmake
-- Installing: /home/nimesha/thesis/ws_moveit/install/moveit_ros_warehouse/share/moveit_ros_warehouse/cmake/ament_cmake_export_dependencies-extras.cmake
-- Installing: /home/nimesha/thesis/ws_moveit/install/moveit_ros_warehouse/share/moveit_ros_warehouse/cmake/moveit_ros_warehouseConfig.cmake
-- Installing: /home/nimesha/thesis/ws_moveit/install/moveit_ros_warehouse/share/moveit_ros_warehouse/cmake/moveit_ros_warehouseConfig-version.cmake
-- Installing: /home/nimesha/thesis/ws_moveit/install/moveit_ros_warehouse/share/moveit_ros_warehouse/package.xml
