[0.014s] Invoking command in '/home/nimesha/Thesis/Unused/moveit_ur5_ws/build/ur_moveit_config': CMAKE_PREFIX_PATH=${CMAKE_PREFIX_PATH}:/home/nimesha/Thesis/moveit_ur5_v2_ws/src/ws_moveit/install/moveit_configs_utils:/home/nimesha/Thesis/moveit_ur5_v2_ws/src/ws_moveit/install/launch_param_builder:/opt/ros/humble /usr/bin/cmake /home/nimesha/Thesis/Unused/moveit_ur5_ws/src/Universal_Robots_ROS2_Driver/ur_moveit_config -DCMAKE_INSTALL_PREFIX=/home/nimesha/Thesis/Unused/moveit_ur5_ws/install/ur_moveit_config
[0.105s] -- The C compiler identification is GNU 11.4.0
[0.309s] -- The CXX compiler identification is GNU 11.4.0
[0.437s] -- Detecting C compiler ABI info
[0.509s] -- Detecting C compiler ABI info - done
[0.512s] -- Check for working C compiler: /usr/bin/cc - skipped
[0.513s] -- Detecting C compile features
[0.513s] -- Detecting C compile features - done
[0.514s] -- Detecting CXX compiler ABI info
[0.591s] -- Detecting CXX compiler ABI info - done
[0.594s] -- Check for working CXX compiler: /usr/bin/c++ - skipped
[0.595s] -- Detecting CXX compile features
[0.595s] -- Detecting CXX compile features - done
[0.598s] -- Found ament_cmake: 1.3.10 (/home/nimesha/ros2_humble/ros2-linux/share/ament_cmake/cmake)
[0.733s] -- Found Python3: /usr/bin/python3 (found version "3.10.12") found components: Interpreter 
[0.890s] -- Configuring done
[0.892s] -- Generating done
[0.893s] -- Build files have been written to: /home/nimesha/Thesis/Unused/moveit_ur5_ws/build/ur_moveit_config
[0.896s] Invoked command in '/home/nimesha/Thesis/Unused/moveit_ur5_ws/build/ur_moveit_config' returned '0': CMAKE_PREFIX_PATH=${CMAKE_PREFIX_PATH}:/home/nimesha/Thesis/moveit_ur5_v2_ws/src/ws_moveit/install/moveit_configs_utils:/home/nimesha/Thesis/moveit_ur5_v2_ws/src/ws_moveit/install/launch_param_builder:/opt/ros/humble /usr/bin/cmake /home/nimesha/Thesis/Unused/moveit_ur5_ws/src/Universal_Robots_ROS2_Driver/ur_moveit_config -DCMAKE_INSTALL_PREFIX=/home/nimesha/Thesis/Unused/moveit_ur5_ws/install/ur_moveit_config
[0.897s] Invoking command in '/home/nimesha/Thesis/Unused/moveit_ur5_ws/build/ur_moveit_config': CMAKE_PREFIX_PATH=${CMAKE_PREFIX_PATH}:/home/nimesha/Thesis/moveit_ur5_v2_ws/src/ws_moveit/install/moveit_configs_utils:/home/nimesha/Thesis/moveit_ur5_v2_ws/src/ws_moveit/install/launch_param_builder:/opt/ros/humble /usr/bin/cmake --build /home/nimesha/Thesis/Unused/moveit_ur5_ws/build/ur_moveit_config -- -j32 -l32
[0.938s] Built target ament_cmake_python_copy_ur_moveit_config
[1.095s] running egg_info
[1.095s] creating ur_moveit_config.egg-info
[1.096s] writing ur_moveit_config.egg-info/PKG-INFO
[1.096s] writing dependency_links to ur_moveit_config.egg-info/dependency_links.txt
[1.096s] writing top-level names to ur_moveit_config.egg-info/top_level.txt
[1.096s] writing manifest file 'ur_moveit_config.egg-info/SOURCES.txt'
[1.097s] reading manifest file 'ur_moveit_config.egg-info/SOURCES.txt'
[1.097s] writing manifest file 'ur_moveit_config.egg-info/SOURCES.txt'
[1.114s] Built target ament_cmake_python_build_ur_moveit_config_egg
[1.122s] Invoked command in '/home/nimesha/Thesis/Unused/moveit_ur5_ws/build/ur_moveit_config' returned '0': CMAKE_PREFIX_PATH=${CMAKE_PREFIX_PATH}:/home/nimesha/Thesis/moveit_ur5_v2_ws/src/ws_moveit/install/moveit_configs_utils:/home/nimesha/Thesis/moveit_ur5_v2_ws/src/ws_moveit/install/launch_param_builder:/opt/ros/humble /usr/bin/cmake --build /home/nimesha/Thesis/Unused/moveit_ur5_ws/build/ur_moveit_config -- -j32 -l32
[1.157s] Invoking command in '/home/nimesha/Thesis/Unused/moveit_ur5_ws/build/ur_moveit_config': CMAKE_PREFIX_PATH=${CMAKE_PREFIX_PATH}:/home/nimesha/Thesis/moveit_ur5_v2_ws/src/ws_moveit/install/moveit_configs_utils:/home/nimesha/Thesis/moveit_ur5_v2_ws/src/ws_moveit/install/launch_param_builder:/opt/ros/humble /usr/bin/cmake --install /home/nimesha/Thesis/Unused/moveit_ur5_ws/build/ur_moveit_config
[1.162s] -- Install configuration: ""
[1.162s] -- Installing: /home/nimesha/Thesis/Unused/moveit_ur5_ws/install/ur_moveit_config/share/ur_moveit_config/config
[1.163s] -- Installing: /home/nimesha/Thesis/Unused/moveit_ur5_ws/install/ur_moveit_config/share/ur_moveit_config/config/ompl_planning.yaml
[1.163s] -- Installing: /home/nimesha/Thesis/Unused/moveit_ur5_ws/install/ur_moveit_config/share/ur_moveit_config/config/kinematics.yaml
[1.163s] -- Installing: /home/nimesha/Thesis/Unused/moveit_ur5_ws/install/ur_moveit_config/share/ur_moveit_config/config/ur_servo.yaml
[1.163s] -- Installing: /home/nimesha/Thesis/Unused/moveit_ur5_ws/install/ur_moveit_config/share/ur_moveit_config/config/controllers.yaml
[1.163s] -- Installing: /home/nimesha/Thesis/Unused/moveit_ur5_ws/install/ur_moveit_config/share/ur_moveit_config/config/joint_limits.yaml
[1.163s] -- Installing: /home/nimesha/Thesis/Unused/moveit_ur5_ws/install/ur_moveit_config/share/ur_moveit_config/launch
[1.163s] -- Installing: /home/nimesha/Thesis/Unused/moveit_ur5_ws/install/ur_moveit_config/share/ur_moveit_config/launch/ur_moveit.launch.py
[1.163s] -- Installing: /home/nimesha/Thesis/Unused/moveit_ur5_ws/install/ur_moveit_config/share/ur_moveit_config/rviz
[1.163s] -- Installing: /home/nimesha/Thesis/Unused/moveit_ur5_ws/install/ur_moveit_config/share/ur_moveit_config/rviz/view_robot.rviz
[1.163s] -- Installing: /home/nimesha/Thesis/Unused/moveit_ur5_ws/install/ur_moveit_config/share/ur_moveit_config/srdf
[1.163s] -- Installing: /home/nimesha/Thesis/Unused/moveit_ur5_ws/install/ur_moveit_config/share/ur_moveit_config/srdf/ur_macro.srdf.xacro
[1.164s] -- Installing: /home/nimesha/Thesis/Unused/moveit_ur5_ws/install/ur_moveit_config/share/ur_moveit_config/srdf/ur.srdf.xacro
[1.164s] -- Installing: /home/nimesha/Thesis/Unused/moveit_ur5_ws/install/ur_moveit_config/share/ur_moveit_config/environment/pythonpath.sh
[1.164s] -- Installing: /home/nimesha/Thesis/Unused/moveit_ur5_ws/install/ur_moveit_config/share/ur_moveit_config/environment/pythonpath.dsv
[1.164s] -- Installing: /home/nimesha/Thesis/Unused/moveit_ur5_ws/install/ur_moveit_config/local/lib/python3.10/dist-packages/ur_moveit_config-2.2.15-py3.10.egg-info
[1.164s] -- Installing: /home/nimesha/Thesis/Unused/moveit_ur5_ws/install/ur_moveit_config/local/lib/python3.10/dist-packages/ur_moveit_config-2.2.15-py3.10.egg-info/SOURCES.txt
[1.164s] -- Installing: /home/nimesha/Thesis/Unused/moveit_ur5_ws/install/ur_moveit_config/local/lib/python3.10/dist-packages/ur_moveit_config-2.2.15-py3.10.egg-info/PKG-INFO
[1.164s] -- Installing: /home/nimesha/Thesis/Unused/moveit_ur5_ws/install/ur_moveit_config/local/lib/python3.10/dist-packages/ur_moveit_config-2.2.15-py3.10.egg-info/dependency_links.txt
[1.164s] -- Installing: /home/nimesha/Thesis/Unused/moveit_ur5_ws/install/ur_moveit_config/local/lib/python3.10/dist-packages/ur_moveit_config-2.2.15-py3.10.egg-info/top_level.txt
[1.164s] -- Installing: /home/nimesha/Thesis/Unused/moveit_ur5_ws/install/ur_moveit_config/local/lib/python3.10/dist-packages/ur_moveit_config
[1.164s] -- Installing: /home/nimesha/Thesis/Unused/moveit_ur5_ws/install/ur_moveit_config/local/lib/python3.10/dist-packages/ur_moveit_config/__init__.py
[1.164s] -- Installing: /home/nimesha/Thesis/Unused/moveit_ur5_ws/install/ur_moveit_config/local/lib/python3.10/dist-packages/ur_moveit_config/launch_common.py
[1.183s] Listing '/home/nimesha/Thesis/Unused/moveit_ur5_ws/install/ur_moveit_config/local/lib/python3.10/dist-packages/ur_moveit_config'...
[1.183s] Compiling '/home/nimesha/Thesis/Unused/moveit_ur5_ws/install/ur_moveit_config/local/lib/python3.10/dist-packages/ur_moveit_config/__init__.py'...
[1.183s] Compiling '/home/nimesha/Thesis/Unused/moveit_ur5_ws/install/ur_moveit_config/local/lib/python3.10/dist-packages/ur_moveit_config/launch_common.py'...
[1.186s] -- Installing: /home/nimesha/Thesis/Unused/moveit_ur5_ws/install/ur_moveit_config/local/lib/python3.10/dist-packages/launch_common.py
[1.205s] Compiling '/home/nimesha/Thesis/Unused/moveit_ur5_ws/install/ur_moveit_config/local/lib/python3.10/dist-packages/launch_common.py'...
[1.208s] -- Installing: /home/nimesha/Thesis/Unused/moveit_ur5_ws/install/ur_moveit_config/share/ament_index/resource_index/package_run_dependencies/ur_moveit_config
[1.208s] -- Installing: /home/nimesha/Thesis/Unused/moveit_ur5_ws/install/ur_moveit_config/share/ament_index/resource_index/parent_prefix_path/ur_moveit_config
[1.208s] -- Installing: /home/nimesha/Thesis/Unused/moveit_ur5_ws/install/ur_moveit_config/share/ur_moveit_config/environment/ament_prefix_path.sh
[1.208s] -- Installing: /home/nimesha/Thesis/Unused/moveit_ur5_ws/install/ur_moveit_config/share/ur_moveit_config/environment/ament_prefix_path.dsv
[1.208s] -- Installing: /home/nimesha/Thesis/Unused/moveit_ur5_ws/install/ur_moveit_config/share/ur_moveit_config/environment/path.sh
[1.208s] -- Installing: /home/nimesha/Thesis/Unused/moveit_ur5_ws/install/ur_moveit_config/share/ur_moveit_config/environment/path.dsv
[1.209s] -- Installing: /home/nimesha/Thesis/Unused/moveit_ur5_ws/install/ur_moveit_config/share/ur_moveit_config/local_setup.bash
[1.209s] -- Installing: /home/nimesha/Thesis/Unused/moveit_ur5_ws/install/ur_moveit_config/share/ur_moveit_config/local_setup.sh
[1.209s] -- Installing: /home/nimesha/Thesis/Unused/moveit_ur5_ws/install/ur_moveit_config/share/ur_moveit_config/local_setup.zsh
[1.209s] -- Installing: /home/nimesha/Thesis/Unused/moveit_ur5_ws/install/ur_moveit_config/share/ur_moveit_config/local_setup.dsv
[1.209s] -- Installing: /home/nimesha/Thesis/Unused/moveit_ur5_ws/install/ur_moveit_config/share/ur_moveit_config/package.dsv
[1.209s] -- Installing: /home/nimesha/Thesis/Unused/moveit_ur5_ws/install/ur_moveit_config/share/ament_index/resource_index/packages/ur_moveit_config
[1.209s] -- Installing: /home/nimesha/Thesis/Unused/moveit_ur5_ws/install/ur_moveit_config/share/ur_moveit_config/cmake/ur_moveit_configConfig.cmake
[1.209s] -- Installing: /home/nimesha/Thesis/Unused/moveit_ur5_ws/install/ur_moveit_config/share/ur_moveit_config/cmake/ur_moveit_configConfig-version.cmake
[1.209s] -- Installing: /home/nimesha/Thesis/Unused/moveit_ur5_ws/install/ur_moveit_config/share/ur_moveit_config/package.xml
[1.211s] Invoked command in '/home/nimesha/Thesis/Unused/moveit_ur5_ws/build/ur_moveit_config' returned '0': CMAKE_PREFIX_PATH=${CMAKE_PREFIX_PATH}:/home/nimesha/Thesis/moveit_ur5_v2_ws/src/ws_moveit/install/moveit_configs_utils:/home/nimesha/Thesis/moveit_ur5_v2_ws/src/ws_moveit/install/launch_param_builder:/opt/ros/humble /usr/bin/cmake --install /home/nimesha/Thesis/Unused/moveit_ur5_ws/build/ur_moveit_config
