[0.012s] Invoking command in '/home/nimesha/Thesis/moveit_ur5_ws/build/srdfdom': CMAKE_PREFIX_PATH=${CMAKE_PREFIX_PATH}:/home/nimesha/Thesis/moveit_ur5_ws/install/moveit_configs_utils:/home/nimesha/Thesis/moveit_ur5_ws/install/launch_param_builder:/home/nimesha/Thesis/moveit_ur5_v2_ws/install/moveit_configs_utils:/home/nimesha/Thesis/moveit_ur5_v2_ws/install/launch_param_builder:/home/nimesha/Thesis/moveit_ur5_v2_ws/src/ws_moveit/install/moveit_configs_utils:/home/nimesha/Thesis/moveit_ur5_v2_ws/src/ws_moveit/install/launch_param_builder:/opt/ros/humble /usr/bin/cmake /home/nimesha/Thesis/moveit_ur5_ws/src/ws_moveit/src/srdfdom -DCMAKE_INSTALL_PREFIX=/home/nimesha/Thesis/moveit_ur5_ws/install/srdfdom
[0.129s] -- The CXX compiler identification is GNU 11.4.0
[0.280s] -- Detecting CXX compiler ABI info
[0.387s] -- Detecting CXX compiler ABI info - done
[0.391s] -- Check for working CXX compiler: /usr/bin/c++ - skipped
[0.391s] -- Detecting CXX compile features
[0.392s] -- Detecting CXX compile features - done
[0.407s] -- Found Boost: /usr/lib/x86_64-linux-gnu/cmake/Boost-1.74.0/BoostConfig.cmake (found version "1.74.0")  
[0.416s] -- Found ament_cmake: 1.3.10 (/home/nimesha/ros2_humble/ros2-linux/share/ament_cmake/cmake)
[0.535s] -- Found Python3: /usr/bin/python3 (found version "3.10.12") found components: Interpreter 
[0.612s] -- Found urdf: 2.6.0 (/home/nimesha/ros2_humble/ros2-linux/share/urdf/cmake)
[1.297s] -- Found TinyXML2 via Config file: TinyXML2_DIR-NOTFOUND
[1.372s] -- Found ament_cmake_gtest: 1.3.10 (/home/nimesha/ros2_humble/ros2-linux/share/ament_cmake_gtest/cmake)
[1.373s] -- Found ament_cmake_pytest: 1.3.10 (/home/nimesha/ros2_humble/ros2-linux/share/ament_cmake_pytest/cmake)
[1.779s] -- Found gtest sources under '/home/nimesha/ros2_humble/ros2-linux/src/gtest_vendor': C++ tests using 'Google Test' will be built
[1.840s] -- The C compiler identification is GNU 11.4.0
[1.958s] -- Detecting C compiler ABI info
[2.039s] -- Detecting C compiler ABI info - done
[2.043s] -- Check for working C compiler: /usr/bin/cc - skipped
[2.043s] -- Detecting C compile features
[2.044s] -- Detecting C compile features - done
[2.048s] -- Looking for C++ include pthread.h
[2.146s] -- Looking for C++ include pthread.h - found
[2.146s] -- Performing Test CMAKE_HAVE_LIBC_PTHREAD
[2.236s] -- Performing Test CMAKE_HAVE_LIBC_PTHREAD - Success
[2.237s] -- Found Threads: TRUE  
[2.239s] -- Found ament_lint_auto: 0.12.11 (/home/nimesha/ros2_humble/ros2-linux/share/ament_lint_auto/cmake)
[2.716s] -- Configuring done
[2.728s] -- Generating done
[2.728s] -- Build files have been written to: /home/nimesha/Thesis/moveit_ur5_ws/build/srdfdom
[2.734s] Invoked command in '/home/nimesha/Thesis/moveit_ur5_ws/build/srdfdom' returned '0': CMAKE_PREFIX_PATH=${CMAKE_PREFIX_PATH}:/home/nimesha/Thesis/moveit_ur5_ws/install/moveit_configs_utils:/home/nimesha/Thesis/moveit_ur5_ws/install/launch_param_builder:/home/nimesha/Thesis/moveit_ur5_v2_ws/install/moveit_configs_utils:/home/nimesha/Thesis/moveit_ur5_v2_ws/install/launch_param_builder:/home/nimesha/Thesis/moveit_ur5_v2_ws/src/ws_moveit/install/moveit_configs_utils:/home/nimesha/Thesis/moveit_ur5_v2_ws/src/ws_moveit/install/launch_param_builder:/opt/ros/humble /usr/bin/cmake /home/nimesha/Thesis/moveit_ur5_ws/src/ws_moveit/src/srdfdom -DCMAKE_INSTALL_PREFIX=/home/nimesha/Thesis/moveit_ur5_ws/install/srdfdom
[2.734s] Invoking command in '/home/nimesha/Thesis/moveit_ur5_ws/build/srdfdom': CMAKE_PREFIX_PATH=${CMAKE_PREFIX_PATH}:/home/nimesha/Thesis/moveit_ur5_ws/install/moveit_configs_utils:/home/nimesha/Thesis/moveit_ur5_ws/install/launch_param_builder:/home/nimesha/Thesis/moveit_ur5_v2_ws/install/moveit_configs_utils:/home/nimesha/Thesis/moveit_ur5_v2_ws/install/launch_param_builder:/home/nimesha/Thesis/moveit_ur5_v2_ws/src/ws_moveit/install/moveit_configs_utils:/home/nimesha/Thesis/moveit_ur5_v2_ws/src/ws_moveit/install/launch_param_builder:/opt/ros/humble /usr/bin/cmake --build /home/nimesha/Thesis/moveit_ur5_ws/build/srdfdom -- -j32 -l32
[2.786s] [  9%] [32mBuilding CXX object CMakeFiles/srdfdom.dir/src/model.cpp.o[0m
[2.786s] [ 18%] [32mBuilding CXX object CMakeFiles/srdfdom.dir/src/srdf_writer.cpp.o[0m
[2.786s] [ 27%] [32mBuilding CXX object gtest/CMakeFiles/gtest.dir/src/gtest-all.cc.o[0m
[2.786s] [ 36%] [32mBuilding CXX object gtest/CMakeFiles/gtest_main.dir/src/gtest_main.cc.o[0m
[2.792s] [ 36%] Built target ament_cmake_python_copy_srdfdom
[2.988s] running egg_info
[2.988s] creating srdfdom.egg-info
[2.988s] writing srdfdom.egg-info/PKG-INFO
[2.988s] writing dependency_links to srdfdom.egg-info/dependency_links.txt
[2.989s] writing top-level names to srdfdom.egg-info/top_level.txt
[2.989s] writing manifest file 'srdfdom.egg-info/SOURCES.txt'
[2.990s] reading manifest file 'srdfdom.egg-info/SOURCES.txt'
[2.990s] writing manifest file 'srdfdom.egg-info/SOURCES.txt'
[3.011s] [ 36%] Built target ament_cmake_python_build_srdfdom_egg
[3.327s] [ 45%] [32m[1mLinking CXX static library libgtest_main.a[0m
[3.378s] [ 45%] Built target gtest_main
[4.168s] [ 54%] [32m[1mLinking CXX shared library libsrdfdom.so[0m
[4.336s] [ 54%] Built target srdfdom
[4.787s] [ 63%] [32m[1mLinking CXX static library libgtest.a[0m
[4.844s] [ 63%] Built target gtest
[4.862s] [ 72%] [32mBuilding CXX object CMakeFiles/test_cpp_C.dir/test/test_parser.cpp.o[0m
[4.863s] [ 81%] [32mBuilding CXX object CMakeFiles/test_cpp_nl_NL.UTF-8.dir/test/test_parser.cpp.o[0m
[5.817s] [ 90%] [32m[1mLinking CXX executable test_cpp_C[0m
[5.817s] [100%] [32m[1mLinking CXX executable test_cpp_nl_NL.UTF-8[0m
[5.927s] [100%] Built target test_cpp_C
[5.931s] [100%] Built target test_cpp_nl_NL.UTF-8
[5.939s] Invoked command in '/home/nimesha/Thesis/moveit_ur5_ws/build/srdfdom' returned '0': CMAKE_PREFIX_PATH=${CMAKE_PREFIX_PATH}:/home/nimesha/Thesis/moveit_ur5_ws/install/moveit_configs_utils:/home/nimesha/Thesis/moveit_ur5_ws/install/launch_param_builder:/home/nimesha/Thesis/moveit_ur5_v2_ws/install/moveit_configs_utils:/home/nimesha/Thesis/moveit_ur5_v2_ws/install/launch_param_builder:/home/nimesha/Thesis/moveit_ur5_v2_ws/src/ws_moveit/install/moveit_configs_utils:/home/nimesha/Thesis/moveit_ur5_v2_ws/src/ws_moveit/install/launch_param_builder:/opt/ros/humble /usr/bin/cmake --build /home/nimesha/Thesis/moveit_ur5_ws/build/srdfdom -- -j32 -l32
[5.998s] Invoking command in '/home/nimesha/Thesis/moveit_ur5_ws/build/srdfdom': CMAKE_PREFIX_PATH=${CMAKE_PREFIX_PATH}:/home/nimesha/Thesis/moveit_ur5_ws/install/moveit_configs_utils:/home/nimesha/Thesis/moveit_ur5_ws/install/launch_param_builder:/home/nimesha/Thesis/moveit_ur5_v2_ws/install/moveit_configs_utils:/home/nimesha/Thesis/moveit_ur5_v2_ws/install/launch_param_builder:/home/nimesha/Thesis/moveit_ur5_v2_ws/src/ws_moveit/install/moveit_configs_utils:/home/nimesha/Thesis/moveit_ur5_v2_ws/src/ws_moveit/install/launch_param_builder:/opt/ros/humble /usr/bin/cmake --install /home/nimesha/Thesis/moveit_ur5_ws/build/srdfdom
[6.003s] -- Install configuration: ""
[6.004s] -- Installing: /home/nimesha/Thesis/moveit_ur5_ws/install/srdfdom/lib/libsrdfdom.so.2.0.4
[6.004s] -- Set runtime path of "/home/nimesha/Thesis/moveit_ur5_ws/install/srdfdom/lib/libsrdfdom.so.2.0.4" to ""
[6.004s] -- Installing: /home/nimesha/Thesis/moveit_ur5_ws/install/srdfdom/lib/libsrdfdom.so
[6.004s] -- Installing: /home/nimesha/Thesis/moveit_ur5_ws/install/srdfdom/include/srdfdom
[6.005s] -- Installing: /home/nimesha/Thesis/moveit_ur5_ws/install/srdfdom/include/srdfdom/srdf_writer.h
[6.005s] -- Installing: /home/nimesha/Thesis/moveit_ur5_ws/install/srdfdom/include/srdfdom/model.h
[6.005s] -- Installing: /home/nimesha/Thesis/moveit_ur5_ws/install/srdfdom/include/srdfdom/visibility_control.h
[6.005s] -- Installing: /home/nimesha/Thesis/moveit_ur5_ws/install/srdfdom/lib/srdfdom/display_srdf
[6.006s] -- Installing: /home/nimesha/Thesis/moveit_ur5_ws/install/srdfdom/share/srdfdom/environment/pythonpath.sh
[6.006s] -- Installing: /home/nimesha/Thesis/moveit_ur5_ws/install/srdfdom/share/srdfdom/environment/pythonpath.dsv
[6.006s] -- Installing: /home/nimesha/Thesis/moveit_ur5_ws/install/srdfdom/local/lib/python3.10/dist-packages/srdfdom-2.0.4-py3.10.egg-info
[6.006s] -- Installing: /home/nimesha/Thesis/moveit_ur5_ws/install/srdfdom/local/lib/python3.10/dist-packages/srdfdom-2.0.4-py3.10.egg-info/SOURCES.txt
[6.006s] -- Installing: /home/nimesha/Thesis/moveit_ur5_ws/install/srdfdom/local/lib/python3.10/dist-packages/srdfdom-2.0.4-py3.10.egg-info/PKG-INFO
[6.006s] -- Installing: /home/nimesha/Thesis/moveit_ur5_ws/install/srdfdom/local/lib/python3.10/dist-packages/srdfdom-2.0.4-py3.10.egg-info/dependency_links.txt
[6.006s] -- Installing: /home/nimesha/Thesis/moveit_ur5_ws/install/srdfdom/local/lib/python3.10/dist-packages/srdfdom-2.0.4-py3.10.egg-info/top_level.txt
[6.006s] -- Installing: /home/nimesha/Thesis/moveit_ur5_ws/install/srdfdom/local/lib/python3.10/dist-packages/srdfdom
[6.006s] -- Installing: /home/nimesha/Thesis/moveit_ur5_ws/install/srdfdom/local/lib/python3.10/dist-packages/srdfdom/__init__.py
[6.006s] -- Installing: /home/nimesha/Thesis/moveit_ur5_ws/install/srdfdom/local/lib/python3.10/dist-packages/srdfdom/srdf.py
[6.028s] Listing '/home/nimesha/Thesis/moveit_ur5_ws/install/srdfdom/local/lib/python3.10/dist-packages/srdfdom'...
[6.028s] Compiling '/home/nimesha/Thesis/moveit_ur5_ws/install/srdfdom/local/lib/python3.10/dist-packages/srdfdom/__init__.py'...
[6.028s] Compiling '/home/nimesha/Thesis/moveit_ur5_ws/install/srdfdom/local/lib/python3.10/dist-packages/srdfdom/srdf.py'...
[6.031s] -- Installing: /home/nimesha/Thesis/moveit_ur5_ws/install/srdfdom/share/srdfdom/environment/library_path.sh
[6.031s] -- Installing: /home/nimesha/Thesis/moveit_ur5_ws/install/srdfdom/share/srdfdom/environment/library_path.dsv
[6.031s] -- Installing: /home/nimesha/Thesis/moveit_ur5_ws/install/srdfdom/share/ament_index/resource_index/package_run_dependencies/srdfdom
[6.031s] -- Installing: /home/nimesha/Thesis/moveit_ur5_ws/install/srdfdom/share/ament_index/resource_index/parent_prefix_path/srdfdom
[6.031s] -- Installing: /home/nimesha/Thesis/moveit_ur5_ws/install/srdfdom/share/srdfdom/environment/ament_prefix_path.sh
[6.032s] -- Installing: /home/nimesha/Thesis/moveit_ur5_ws/install/srdfdom/share/srdfdom/environment/ament_prefix_path.dsv
[6.032s] -- Installing: /home/nimesha/Thesis/moveit_ur5_ws/install/srdfdom/share/srdfdom/environment/path.sh
[6.032s] -- Installing: /home/nimesha/Thesis/moveit_ur5_ws/install/srdfdom/share/srdfdom/environment/path.dsv
[6.032s] -- Installing: /home/nimesha/Thesis/moveit_ur5_ws/install/srdfdom/share/srdfdom/local_setup.bash
[6.032s] -- Installing: /home/nimesha/Thesis/moveit_ur5_ws/install/srdfdom/share/srdfdom/local_setup.sh
[6.032s] -- Installing: /home/nimesha/Thesis/moveit_ur5_ws/install/srdfdom/share/srdfdom/local_setup.zsh
[6.032s] -- Installing: /home/nimesha/Thesis/moveit_ur5_ws/install/srdfdom/share/srdfdom/local_setup.dsv
[6.032s] -- Installing: /home/nimesha/Thesis/moveit_ur5_ws/install/srdfdom/share/srdfdom/package.dsv
[6.032s] -- Installing: /home/nimesha/Thesis/moveit_ur5_ws/install/srdfdom/share/ament_index/resource_index/packages/srdfdom
[6.032s] -- Installing: /home/nimesha/Thesis/moveit_ur5_ws/install/srdfdom/share/srdfdom/cmake/srdfdomTargetsExport.cmake
[6.032s] -- Installing: /home/nimesha/Thesis/moveit_ur5_ws/install/srdfdom/share/srdfdom/cmake/srdfdomTargetsExport-noconfig.cmake
[6.032s] -- Installing: /home/nimesha/Thesis/moveit_ur5_ws/install/srdfdom/share/srdfdom/cmake/ament_cmake_export_targets-extras.cmake
[6.032s] -- Installing: /home/nimesha/Thesis/moveit_ur5_ws/install/srdfdom/share/srdfdom/cmake/ament_cmake_export_dependencies-extras.cmake
[6.032s] -- Installing: /home/nimesha/Thesis/moveit_ur5_ws/install/srdfdom/share/srdfdom/cmake/srdfdomConfig.cmake
[6.033s] -- Installing: /home/nimesha/Thesis/moveit_ur5_ws/install/srdfdom/share/srdfdom/cmake/srdfdomConfig-version.cmake
[6.033s] -- Installing: /home/nimesha/Thesis/moveit_ur5_ws/install/srdfdom/share/srdfdom/package.xml
[6.034s] Invoked command in '/home/nimesha/Thesis/moveit_ur5_ws/build/srdfdom' returned '0': CMAKE_PREFIX_PATH=${CMAKE_PREFIX_PATH}:/home/nimesha/Thesis/moveit_ur5_ws/install/moveit_configs_utils:/home/nimesha/Thesis/moveit_ur5_ws/install/launch_param_builder:/home/nimesha/Thesis/moveit_ur5_v2_ws/install/moveit_configs_utils:/home/nimesha/Thesis/moveit_ur5_v2_ws/install/launch_param_builder:/home/nimesha/Thesis/moveit_ur5_v2_ws/src/ws_moveit/install/moveit_configs_utils:/home/nimesha/Thesis/moveit_ur5_v2_ws/src/ws_moveit/install/launch_param_builder:/opt/ros/humble /usr/bin/cmake --install /home/nimesha/Thesis/moveit_ur5_ws/build/srdfdom
