[0.686s] Invoking command in '/home/nimesha/thesis/ws_moveit/build/moveit_setup_controllers': AMENT_PREFIX_PATH=/home/nimesha/thesis/ws_moveit/install/moveit_setup_framework:/home/nimesha/thesis/ws_moveit/install/moveit_ros_visualization:/home/nimesha/thesis/ws_moveit/install/moveit_ros_planning_interface:/home/nimesha/thesis/ws_moveit/install/moveit_ros_move_group:/home/nimesha/thesis/ws_moveit/install/moveit_ros_warehouse:/home/nimesha/thesis/ws_moveit/install/moveit_ros_robot_interaction:/home/nimesha/thesis/ws_moveit/install/moveit_planners_ompl:/home/nimesha/thesis/ws_moveit/install/moveit_kinematics:/home/nimesha/thesis/ws_moveit/install/moveit_ros_planning:/home/nimesha/thesis/ws_moveit/install/moveit_simple_controller_manager:/home/nimesha/thesis/ws_moveit/install/moveit_ros_occupancy_map_monitor:/home/nimesha/thesis/ws_moveit/install/moveit_core:/home/nimesha/thesis/ws_moveit/install/moveit_resources_panda_moveit_config:/home/nimesha/thesis/ws_moveit/install/moveit_resources_fanuc_moveit_config:/home/nimesha/thesis/ws_moveit/install/moveit_configs_utils:/home/nimesha/thesis/ws_moveit/install/srdfdom:/home/nimesha/thesis/ws_moveit/install/launch_param_builder:/opt/ros/humble:/home/nimesha/ros2_humble/ros2-linux:/home/nimesha/thesis/ws_moveit/install/robotiq_description:/home/nimesha/thesis/ws_moveit/install/moveit_resources_prbt_support:/home/nimesha/thesis/ws_moveit/install/moveit_resources_pr2_description:/home/nimesha/thesis/ws_moveit/install/moveit_resources_panda_description:/home/nimesha/thesis/ws_moveit/install/moveit_resources_fanuc_description:/home/nimesha/thesis/ws_moveit/install/moveit_common:/opt/ros/rolling CMAKE_PREFIX_PATH=/home/nimesha/thesis/ws_moveit/install/moveit_setup_framework:/home/nimesha/thesis/ws_moveit/install/moveit_ros_visualization:/home/nimesha/thesis/ws_moveit/install/moveit_ros_planning_interface:/home/nimesha/thesis/ws_moveit/install/moveit_ros_move_group:/home/nimesha/thesis/ws_moveit/install/moveit_ros_warehouse:/home/nimesha/thesis/ws_moveit/install/moveit_ros_robot_interaction:/home/nimesha/thesis/ws_moveit/install/moveit_planners_ompl:/home/nimesha/thesis/ws_moveit/install/moveit_kinematics:/home/nimesha/thesis/ws_moveit/install/moveit_ros_planning:/home/nimesha/thesis/ws_moveit/install/moveit_simple_controller_manager:/home/nimesha/thesis/ws_moveit/install/moveit_ros_occupancy_map_monitor:/home/nimesha/thesis/ws_moveit/install/moveit_core:/home/nimesha/thesis/ws_moveit/install/moveit_resources_panda_moveit_config:/home/nimesha/thesis/ws_moveit/install/moveit_resources_fanuc_moveit_config:/home/nimesha/thesis/ws_moveit/install/srdfdom:/home/nimesha/thesis/ws_moveit/install/moveit_resources_pr2_description:/home/nimesha/thesis/ws_moveit/install/moveit_resources_panda_description:/home/nimesha/thesis/ws_moveit/install/moveit_resources_fanuc_description:/home/nimesha/thesis/ws_moveit/install/moveit_common:/home/nimesha/ros2_humble/ros2-linux:/home/nimesha/thesis/ws_moveit/install/robotiq_description:/home/nimesha/thesis/ws_moveit/install/moveit_resources_prbt_support:/opt/ros/humble:/home/nimesha/thesis/ws_moveit/install/moveit_configs_utils:/opt/ros/rolling LD_LIBRARY_PATH=/home/nimesha/thesis/ws_moveit/install/moveit_setup_framework/lib:/home/nimesha/thesis/ws_moveit/install/moveit_ros_visualization/lib:/home/nimesha/thesis/ws_moveit/install/moveit_ros_planning_interface/lib:/home/nimesha/thesis/ws_moveit/install/moveit_ros_move_group/lib:/home/nimesha/thesis/ws_moveit/install/moveit_ros_warehouse/lib:/home/nimesha/thesis/ws_moveit/install/moveit_ros_robot_interaction/lib:/home/nimesha/thesis/ws_moveit/install/moveit_planners_ompl/lib:/home/nimesha/thesis/ws_moveit/install/moveit_kinematics/lib:/home/nimesha/thesis/ws_moveit/install/moveit_ros_planning/lib:/home/nimesha/thesis/ws_moveit/install/moveit_simple_controller_manager/lib:/home/nimesha/thesis/ws_moveit/install/moveit_ros_occupancy_map_monitor/lib:/home/nimesha/thesis/ws_moveit/install/moveit_core/lib:/home/nimesha/thesis/ws_moveit/install/srdfdom/lib:/opt/ros/humble/lib/x86_64-linux-gnu:/opt/ros/humble/lib:/home/nimesha/ros2_humble/ros2-linux/opt/rviz_ogre_vendor/lib:/opt/rti.com/rti_connext_dds-6.0.1/lib/x64Linux4gcc7.3.0:/opt/rti.com/rti_connext_dds-6.0.1/bin:/home/nimesha/ros2_humble/ros2-linux/lib:/opt/ros/rolling/opt/rviz_ogre_vendor/lib:/opt/ros/rolling/lib/x86_64-linux-gnu:/opt/ros/rolling/lib:/usr/lib/nvidia PATH=/home/nimesha/thesis/ws_moveit/install/moveit_core/bin:/opt/ros/humble/bin:/opt/rti.com/rti_connext_dds-6.0.1/lib/x64Linux4gcc7.3.0:/opt/rti.com/rti_connext_dds-6.0.1/bin:/home/nimesha/ros2_humble/ros2-linux/bin:/opt/ros/rolling/bin:/usr/lib/nvidia:/home/nimesha/anaconda3/condabin:/usr/local/sbin:/usr/local/bin:/usr/sbin:/usr/bin:/sbin:/bin:/usr/games:/usr/local/games:/usr/lib/wsl/lib:/mnt/c/Program Files/WindowsApps/MicrosoftCorporationII.WindowsSubsystemForLinux_2.2.4.0_x64__8wekyb3d8bbwe:/mnt/c/Windows/system32:/mnt/c/Windows:/mnt/c/Windows/System32/Wbem:/mnt/c/Windows/System32/WindowsPowerShell/v1.0/:/mnt/c/Windows/System32/OpenSSH/:/mnt/c/Program Files (x86)/NVIDIA Corporation/PhysX/Common:/mnt/c/Program Files/NVIDIA Corporation/NVIDIA NvDLISR:/mnt/c/Program Files/Git/cmd:/mnt/c/ProgramData/chocolatey/bin:/mnt/c/Program Files/MATLAB/R2024a/bin:/mnt/c/Program Files/dotnet/:/mnt/c/Users/Nimesha/AppData/Local/Programs/Python/Python311/Scripts/:/mnt/c/Users/Nimesha/AppData/Local/Programs/Python/Python311/:/mnt/c/Users/Nimesha/AppData/Local/Microsoft/WindowsApps:/mnt/c/Users/Nimesha/AppData/Local/Programs/Microsoft VS Code/bin:/mnt/c/Program Files/Baretail:/mnt/c/Program Files/Git/usr/bin:/mnt/c/Users/Nimesha/.dotnet/tools:/snap/bin PYTHONPATH=/home/nimesha/thesis/ws_moveit/install/moveit_configs_utils/lib/python3.10/site-packages:/home/nimesha/thesis/ws_moveit/install/srdfdom/local/lib/python3.10/dist-packages:/home/nimesha/thesis/ws_moveit/install/launch_param_builder/lib/python3.10/site-packages:/opt/ros/humble/lib/python3.10/site-packages:/home/nimesha/ros2_humble/ros2-linux/local/lib/python3.10/dist-packages:/home/nimesha/ros2_humble/ros2-linux/lib/python3.10/site-packages:/opt/ros/rolling/lib/python3.10/site-packages /usr/bin/cmake /home/nimesha/thesis/ws_moveit/src/moveit2/moveit_setup_assistant/moveit_setup_controllers -DCMAKE_BUILD_TYPE=Release -DCMAKE_INSTALL_PREFIX=/home/nimesha/thesis/ws_moveit/install/moveit_setup_controllers
[0.767s] -- The C compiler identification is GNU 11.4.0
[0.909s] -- The CXX compiler identification is GNU 11.4.0
[1.003s] -- Detecting C compiler ABI info
[1.103s] -- Detecting C compiler ABI info - done
[1.112s] -- Check for working C compiler: /usr/bin/cc - skipped
[1.112s] -- Detecting C compile features
[1.112s] -- Detecting C compile features - done
[1.116s] -- Detecting CXX compiler ABI info
[1.232s] -- Detecting CXX compiler ABI info - done
[1.238s] -- Check for working CXX compiler: /usr/bin/c++ - skipped
[1.238s] -- Detecting CXX compile features
[1.238s] -- Detecting CXX compile features - done
[1.239s] -- Found moveit_common: 2.5.5 (/home/nimesha/thesis/ws_moveit/install/moveit_common/share/moveit_common/cmake)
[1.241s] -- Found ament_cmake: 1.3.10 (/home/nimesha/ros2_humble/ros2-linux/share/ament_cmake/cmake)
[1.366s] -- Found Python3: /usr/bin/python3 (found version "3.10.12") found components: Interpreter 
[1.479s] -- Found ament_cmake_ros: 0.10.0 (/home/nimesha/ros2_humble/ros2-linux/share/ament_cmake_ros/cmake)
[1.486s] -- Found ament_index_cpp: 1.4.0 (/home/nimesha/ros2_humble/ros2-linux/share/ament_index_cpp/cmake)
[1.486s] -- Found moveit_setup_framework: 2.5.5 (/home/nimesha/thesis/ws_moveit/install/moveit_setup_framework/share/moveit_setup_framework/cmake)
[1.629s] -- Found rosidl_generator_c: 3.1.5 (/home/nimesha/ros2_humble/ros2-linux/share/rosidl_generator_c/cmake)
[1.637s] -- Found rosidl_adapter: 3.1.5 (/home/nimesha/ros2_humble/ros2-linux/share/rosidl_adapter/cmake)
[1.649s] -- Found rosidl_generator_cpp: 3.1.5 (/home/nimesha/ros2_humble/ros2-linux/share/rosidl_generator_cpp/cmake)
[1.666s] -- Using all available rosidl_typesupport_c: rosidl_typesupport_fastrtps_c;rosidl_typesupport_introspection_c
[1.689s] -- Using all available rosidl_typesupport_cpp: rosidl_typesupport_fastrtps_cpp;rosidl_typesupport_introspection_cpp
[1.759s] -- Found rmw_implementation_cmake: 6.1.2 (/home/nimesha/ros2_humble/ros2-linux/share/rmw_implementation_cmake/cmake)
[1.764s] -- Found rmw_cyclonedds_cpp: 1.3.4 (/home/nimesha/ros2_humble/ros2-linux/share/rmw_cyclonedds_cpp/cmake)
[1.799s] -- Using RMW implementation 'rmw_cyclonedds_cpp' as default
[1.812s] -- Looking for pthread.h
[1.966s] -- Looking for pthread.h - found
[1.967s] -- Performing Test CMAKE_HAVE_LIBC_PTHREAD
[2.132s] -- Performing Test CMAKE_HAVE_LIBC_PTHREAD - Success
[2.133s] -- Found Threads: TRUE  
[2.305s] -- Found Boost: /usr/lib/x86_64-linux-gnu/cmake/Boost-1.74.0/BoostConfig.cmake (found version "1.74.0") found components: chrono date_time filesystem iostreams program_options regex serialization system thread 
[2.929s] -- Found parameter_traits: 0.3.8 (/opt/ros/humble/share/parameter_traits/cmake)
[2.948s] -- Found Eigen3: TRUE (found version "3.4.0") 
[2.952s] -- Found rclcpp_lifecycle: 16.0.10 (/home/nimesha/ros2_humble/ros2-linux/share/rclcpp_lifecycle/cmake)
[2.986s] -- Found Boost: /usr/lib/x86_64-linux-gnu/cmake/Boost-1.74.0/BoostConfig.cmake (found version "1.74.0") found components: filesystem 
[3.855s] -- library: /usr/lib/x86_64-linux-gnu/libcurl.so
[3.971s] -- Ensuring Eigen3 include directory is part of orocos-kdl CMake target
[4.740s] -- Found Boost: /usr/lib/x86_64-linux-gnu/cmake/Boost-1.74.0/BoostConfig.cmake (found version "1.74.0") found components: system filesystem date_time program_options thread chrono 
[4.781s] -- Found Boost: /usr/lib/x86_64-linux-gnu/cmake/Boost-1.74.0/BoostConfig.cmake (found version "1.74.0") found components: thread date_time system filesystem 
[4.799s] -- Found Boost: /usr/lib/x86_64-linux-gnu/cmake/Boost-1.74.0/BoostConfig.cmake (found version "1.74.0") found components: date_time filesystem program_options system thread 
[4.817s] -- Found Boost: /usr/lib/x86_64-linux-gnu/cmake/Boost-1.74.0/BoostConfig.cmake (found version "1.74.0") found components: thread system filesystem regex date_time program_options 
[4.941s] -- Found Boost: /usr/lib/x86_64-linux-gnu/cmake/Boost-1.74.0/BoostConfig.cmake (found version "1.74.0") found components: system filesystem date_time program_options thread 
[5.004s] -- Setting OGRE_DIR to: '/home/nimesha/ros2_humble/ros2-linux/share/rviz_ogre_vendor/cmake/../../../opt/rviz_ogre_vendor/lib/OGRE/cmake'
[5.005s] -- Found OGRE
[5.005s] --   static     : OFF
[5.005s] --   components : HLMS;MeshLodGenerator;Overlay;Paging;Property;RTShaderSystem;Terrain;Volume
[5.005s] --   plugins    : Plugin_BSPSceneManager;Plugin_OctreeSceneManager;Plugin_PCZSceneManager;Plugin_ParticleFX;RenderSystem_GL;RenderSystem_GL3Plus;Codec_STBI;Codec_EXR
[5.006s] --   media      : /home/nimesha/ros2_humble/ros2-linux/opt/rviz_ogre_vendor/share/OGRE/Media
[5.006s] -- OGRE_LIBRARIES: OgreHLMS;OgreMeshLodGenerator;OgreOverlay;OgrePaging;OgreProperty;OgreRTShaderSystem;OgreTerrain;OgreVolume;OgreMain
[5.006s] -- OGRE_LIBRARY_DIRS: /home/nimesha/ros2_humble/ros2-linux/opt/rviz_ogre_vendor/lib
[5.006s] -- OGRE_PLUGINS: Plugin_BSPSceneManager;Plugin_OctreeSceneManager;Plugin_PCZSceneManager;Plugin_ParticleFX;RenderSystem_GL;RenderSystem_GL3Plus;Codec_STBI;Codec_EXR
[5.006s] -- OGRE_PLUGIN_DIR: /home/nimesha/ros2_humble/ros2-linux/opt/rviz_ogre_vendor/lib/OGRE
[5.006s] -- rviz_ogre_vendor::OgreOverlay for IMPORTED_LOCATION_RELEASE: /home/nimesha/ros2_humble/ros2-linux/opt/rviz_ogre_vendor/lib/libOgreOverlay.so
[5.006s] -- rviz_ogre_vendor::OgreOverlay for IMPORTED_LOCATION_DEBUG: /home/nimesha/ros2_humble/ros2-linux/opt/rviz_ogre_vendor/lib/libOgreOverlay.so
[5.006s] -- rviz_ogre_vendor::OgreMain for IMPORTED_LOCATION_RELEASE: /home/nimesha/ros2_humble/ros2-linux/opt/rviz_ogre_vendor/lib/libOgreMain.so
[5.006s] -- rviz_ogre_vendor::OgreMain for IMPORTED_LOCATION_DEBUG: /home/nimesha/ros2_humble/ros2-linux/opt/rviz_ogre_vendor/lib/libOgreMain.so
[5.036s] -- Could not find freeimage library
[5.975s] -- Found ZLIB: /usr/lib/x86_64-linux-gnu/libz.so (found version "1.2.11") 
[6.220s] -- Found OpenGL: /usr/lib/x86_64-linux-gnu/libOpenGL.so   
[7.861s] -- Found X11: /usr/include   
[7.861s] -- Looking for XOpenDisplay in /usr/lib/x86_64-linux-gnu/libX11.so;/usr/lib/x86_64-linux-gnu/libXext.so
[7.961s] -- Looking for XOpenDisplay in /usr/lib/x86_64-linux-gnu/libX11.so;/usr/lib/x86_64-linux-gnu/libXext.so - found
[7.961s] -- Looking for gethostbyname
[8.049s] -- Looking for gethostbyname - found
[8.049s] -- Looking for connect
[8.147s] -- Looking for connect - found
[8.147s] -- Looking for remove
[8.252s] -- Looking for remove - found
[8.252s] -- Looking for shmat
[8.356s] -- Looking for shmat - found
[8.357s] -- Looking for IceConnectionNumber in ICE
[8.463s] -- Looking for IceConnectionNumber in ICE - found
[8.492s] -- Setting assimp_DIR to: '/home/nimesha/ros2_humble/ros2-linux/share/rviz_assimp_vendor/cmake/../../../opt/rviz_assimp_vendor/lib/cmake/assimp-4.1'
[8.564s] -- Found ament_lint_auto: 0.12.11 (/home/nimesha/ros2_humble/ros2-linux/share/ament_lint_auto/cmake)
[10.064s] -- Found gtest sources under '/home/nimesha/ros2_humble/ros2-linux/src/gtest_vendor': C++ tests using 'Google Test' will be built
[10.120s] -- Added test 'lint_cmake' to check CMake code style
[10.122s] -- Added test 'xmllint' to check XML markup files
[10.127s] -- Configuring done
[10.401s] -- Generating done
[10.407s] -- Build files have been written to: /home/nimesha/thesis/ws_moveit/build/moveit_setup_controllers
[10.484s] Invoked command in '/home/nimesha/thesis/ws_moveit/build/moveit_setup_controllers' returned '0': AMENT_PREFIX_PATH=/home/nimesha/thesis/ws_moveit/install/moveit_setup_framework:/home/nimesha/thesis/ws_moveit/install/moveit_ros_visualization:/home/nimesha/thesis/ws_moveit/install/moveit_ros_planning_interface:/home/nimesha/thesis/ws_moveit/install/moveit_ros_move_group:/home/nimesha/thesis/ws_moveit/install/moveit_ros_warehouse:/home/nimesha/thesis/ws_moveit/install/moveit_ros_robot_interaction:/home/nimesha/thesis/ws_moveit/install/moveit_planners_ompl:/home/nimesha/thesis/ws_moveit/install/moveit_kinematics:/home/nimesha/thesis/ws_moveit/install/moveit_ros_planning:/home/nimesha/thesis/ws_moveit/install/moveit_simple_controller_manager:/home/nimesha/thesis/ws_moveit/install/moveit_ros_occupancy_map_monitor:/home/nimesha/thesis/ws_moveit/install/moveit_core:/home/nimesha/thesis/ws_moveit/install/moveit_resources_panda_moveit_config:/home/nimesha/thesis/ws_moveit/install/moveit_resources_fanuc_moveit_config:/home/nimesha/thesis/ws_moveit/install/moveit_configs_utils:/home/nimesha/thesis/ws_moveit/install/srdfdom:/home/nimesha/thesis/ws_moveit/install/launch_param_builder:/opt/ros/humble:/home/nimesha/ros2_humble/ros2-linux:/home/nimesha/thesis/ws_moveit/install/robotiq_description:/home/nimesha/thesis/ws_moveit/install/moveit_resources_prbt_support:/home/nimesha/thesis/ws_moveit/install/moveit_resources_pr2_description:/home/nimesha/thesis/ws_moveit/install/moveit_resources_panda_description:/home/nimesha/thesis/ws_moveit/install/moveit_resources_fanuc_description:/home/nimesha/thesis/ws_moveit/install/moveit_common:/opt/ros/rolling CMAKE_PREFIX_PATH=/home/nimesha/thesis/ws_moveit/install/moveit_setup_framework:/home/nimesha/thesis/ws_moveit/install/moveit_ros_visualization:/home/nimesha/thesis/ws_moveit/install/moveit_ros_planning_interface:/home/nimesha/thesis/ws_moveit/install/moveit_ros_move_group:/home/nimesha/thesis/ws_moveit/install/moveit_ros_warehouse:/home/nimesha/thesis/ws_moveit/install/moveit_ros_robot_interaction:/home/nimesha/thesis/ws_moveit/install/moveit_planners_ompl:/home/nimesha/thesis/ws_moveit/install/moveit_kinematics:/home/nimesha/thesis/ws_moveit/install/moveit_ros_planning:/home/nimesha/thesis/ws_moveit/install/moveit_simple_controller_manager:/home/nimesha/thesis/ws_moveit/install/moveit_ros_occupancy_map_monitor:/home/nimesha/thesis/ws_moveit/install/moveit_core:/home/nimesha/thesis/ws_moveit/install/moveit_resources_panda_moveit_config:/home/nimesha/thesis/ws_moveit/install/moveit_resources_fanuc_moveit_config:/home/nimesha/thesis/ws_moveit/install/srdfdom:/home/nimesha/thesis/ws_moveit/install/moveit_resources_pr2_description:/home/nimesha/thesis/ws_moveit/install/moveit_resources_panda_description:/home/nimesha/thesis/ws_moveit/install/moveit_resources_fanuc_description:/home/nimesha/thesis/ws_moveit/install/moveit_common:/home/nimesha/ros2_humble/ros2-linux:/home/nimesha/thesis/ws_moveit/install/robotiq_description:/home/nimesha/thesis/ws_moveit/install/moveit_resources_prbt_support:/opt/ros/humble:/home/nimesha/thesis/ws_moveit/install/moveit_configs_utils:/opt/ros/rolling LD_LIBRARY_PATH=/home/nimesha/thesis/ws_moveit/install/moveit_setup_framework/lib:/home/nimesha/thesis/ws_moveit/install/moveit_ros_visualization/lib:/home/nimesha/thesis/ws_moveit/install/moveit_ros_planning_interface/lib:/home/nimesha/thesis/ws_moveit/install/moveit_ros_move_group/lib:/home/nimesha/thesis/ws_moveit/install/moveit_ros_warehouse/lib:/home/nimesha/thesis/ws_moveit/install/moveit_ros_robot_interaction/lib:/home/nimesha/thesis/ws_moveit/install/moveit_planners_ompl/lib:/home/nimesha/thesis/ws_moveit/install/moveit_kinematics/lib:/home/nimesha/thesis/ws_moveit/install/moveit_ros_planning/lib:/home/nimesha/thesis/ws_moveit/install/moveit_simple_controller_manager/lib:/home/nimesha/thesis/ws_moveit/install/moveit_ros_occupancy_map_monitor/lib:/home/nimesha/thesis/ws_moveit/install/moveit_core/lib:/home/nimesha/thesis/ws_moveit/install/srdfdom/lib:/opt/ros/humble/lib/x86_64-linux-gnu:/opt/ros/humble/lib:/home/nimesha/ros2_humble/ros2-linux/opt/rviz_ogre_vendor/lib:/opt/rti.com/rti_connext_dds-6.0.1/lib/x64Linux4gcc7.3.0:/opt/rti.com/rti_connext_dds-6.0.1/bin:/home/nimesha/ros2_humble/ros2-linux/lib:/opt/ros/rolling/opt/rviz_ogre_vendor/lib:/opt/ros/rolling/lib/x86_64-linux-gnu:/opt/ros/rolling/lib:/usr/lib/nvidia PATH=/home/nimesha/thesis/ws_moveit/install/moveit_core/bin:/opt/ros/humble/bin:/opt/rti.com/rti_connext_dds-6.0.1/lib/x64Linux4gcc7.3.0:/opt/rti.com/rti_connext_dds-6.0.1/bin:/home/nimesha/ros2_humble/ros2-linux/bin:/opt/ros/rolling/bin:/usr/lib/nvidia:/home/nimesha/anaconda3/condabin:/usr/local/sbin:/usr/local/bin:/usr/sbin:/usr/bin:/sbin:/bin:/usr/games:/usr/local/games:/usr/lib/wsl/lib:/mnt/c/Program Files/WindowsApps/MicrosoftCorporationII.WindowsSubsystemForLinux_2.2.4.0_x64__8wekyb3d8bbwe:/mnt/c/Windows/system32:/mnt/c/Windows:/mnt/c/Windows/System32/Wbem:/mnt/c/Windows/System32/WindowsPowerShell/v1.0/:/mnt/c/Windows/System32/OpenSSH/:/mnt/c/Program Files (x86)/NVIDIA Corporation/PhysX/Common:/mnt/c/Program Files/NVIDIA Corporation/NVIDIA NvDLISR:/mnt/c/Program Files/Git/cmd:/mnt/c/ProgramData/chocolatey/bin:/mnt/c/Program Files/MATLAB/R2024a/bin:/mnt/c/Program Files/dotnet/:/mnt/c/Users/Nimesha/AppData/Local/Programs/Python/Python311/Scripts/:/mnt/c/Users/Nimesha/AppData/Local/Programs/Python/Python311/:/mnt/c/Users/Nimesha/AppData/Local/Microsoft/WindowsApps:/mnt/c/Users/Nimesha/AppData/Local/Programs/Microsoft VS Code/bin:/mnt/c/Program Files/Baretail:/mnt/c/Program Files/Git/usr/bin:/mnt/c/Users/Nimesha/.dotnet/tools:/snap/bin PYTHONPATH=/home/nimesha/thesis/ws_moveit/install/moveit_configs_utils/lib/python3.10/site-packages:/home/nimesha/thesis/ws_moveit/install/srdfdom/local/lib/python3.10/dist-packages:/home/nimesha/thesis/ws_moveit/install/launch_param_builder/lib/python3.10/site-packages:/opt/ros/humble/lib/python3.10/site-packages:/home/nimesha/ros2_humble/ros2-linux/local/lib/python3.10/dist-packages:/home/nimesha/ros2_humble/ros2-linux/lib/python3.10/site-packages:/opt/ros/rolling/lib/python3.10/site-packages /usr/bin/cmake /home/nimesha/thesis/ws_moveit/src/moveit2/moveit_setup_assistant/moveit_setup_controllers -DCMAKE_BUILD_TYPE=Release -DCMAKE_INSTALL_PREFIX=/home/nimesha/thesis/ws_moveit/install/moveit_setup_controllers
[10.485s] Invoking command in '/home/nimesha/thesis/ws_moveit/build/moveit_setup_controllers': AMENT_PREFIX_PATH=/home/nimesha/thesis/ws_moveit/install/moveit_setup_framework:/home/nimesha/thesis/ws_moveit/install/moveit_ros_visualization:/home/nimesha/thesis/ws_moveit/install/moveit_ros_planning_interface:/home/nimesha/thesis/ws_moveit/install/moveit_ros_move_group:/home/nimesha/thesis/ws_moveit/install/moveit_ros_warehouse:/home/nimesha/thesis/ws_moveit/install/moveit_ros_robot_interaction:/home/nimesha/thesis/ws_moveit/install/moveit_planners_ompl:/home/nimesha/thesis/ws_moveit/install/moveit_kinematics:/home/nimesha/thesis/ws_moveit/install/moveit_ros_planning:/home/nimesha/thesis/ws_moveit/install/moveit_simple_controller_manager:/home/nimesha/thesis/ws_moveit/install/moveit_ros_occupancy_map_monitor:/home/nimesha/thesis/ws_moveit/install/moveit_core:/home/nimesha/thesis/ws_moveit/install/moveit_resources_panda_moveit_config:/home/nimesha/thesis/ws_moveit/install/moveit_resources_fanuc_moveit_config:/home/nimesha/thesis/ws_moveit/install/moveit_configs_utils:/home/nimesha/thesis/ws_moveit/install/srdfdom:/home/nimesha/thesis/ws_moveit/install/launch_param_builder:/opt/ros/humble:/home/nimesha/ros2_humble/ros2-linux:/home/nimesha/thesis/ws_moveit/install/robotiq_description:/home/nimesha/thesis/ws_moveit/install/moveit_resources_prbt_support:/home/nimesha/thesis/ws_moveit/install/moveit_resources_pr2_description:/home/nimesha/thesis/ws_moveit/install/moveit_resources_panda_description:/home/nimesha/thesis/ws_moveit/install/moveit_resources_fanuc_description:/home/nimesha/thesis/ws_moveit/install/moveit_common:/opt/ros/rolling CMAKE_PREFIX_PATH=/home/nimesha/thesis/ws_moveit/install/moveit_setup_framework:/home/nimesha/thesis/ws_moveit/install/moveit_ros_visualization:/home/nimesha/thesis/ws_moveit/install/moveit_ros_planning_interface:/home/nimesha/thesis/ws_moveit/install/moveit_ros_move_group:/home/nimesha/thesis/ws_moveit/install/moveit_ros_warehouse:/home/nimesha/thesis/ws_moveit/install/moveit_ros_robot_interaction:/home/nimesha/thesis/ws_moveit/install/moveit_planners_ompl:/home/nimesha/thesis/ws_moveit/install/moveit_kinematics:/home/nimesha/thesis/ws_moveit/install/moveit_ros_planning:/home/nimesha/thesis/ws_moveit/install/moveit_simple_controller_manager:/home/nimesha/thesis/ws_moveit/install/moveit_ros_occupancy_map_monitor:/home/nimesha/thesis/ws_moveit/install/moveit_core:/home/nimesha/thesis/ws_moveit/install/moveit_resources_panda_moveit_config:/home/nimesha/thesis/ws_moveit/install/moveit_resources_fanuc_moveit_config:/home/nimesha/thesis/ws_moveit/install/srdfdom:/home/nimesha/thesis/ws_moveit/install/moveit_resources_pr2_description:/home/nimesha/thesis/ws_moveit/install/moveit_resources_panda_description:/home/nimesha/thesis/ws_moveit/install/moveit_resources_fanuc_description:/home/nimesha/thesis/ws_moveit/install/moveit_common:/home/nimesha/ros2_humble/ros2-linux:/home/nimesha/thesis/ws_moveit/install/robotiq_description:/home/nimesha/thesis/ws_moveit/install/moveit_resources_prbt_support:/opt/ros/humble:/home/nimesha/thesis/ws_moveit/install/moveit_configs_utils:/opt/ros/rolling LD_LIBRARY_PATH=/home/nimesha/thesis/ws_moveit/install/moveit_setup_framework/lib:/home/nimesha/thesis/ws_moveit/install/moveit_ros_visualization/lib:/home/nimesha/thesis/ws_moveit/install/moveit_ros_planning_interface/lib:/home/nimesha/thesis/ws_moveit/install/moveit_ros_move_group/lib:/home/nimesha/thesis/ws_moveit/install/moveit_ros_warehouse/lib:/home/nimesha/thesis/ws_moveit/install/moveit_ros_robot_interaction/lib:/home/nimesha/thesis/ws_moveit/install/moveit_planners_ompl/lib:/home/nimesha/thesis/ws_moveit/install/moveit_kinematics/lib:/home/nimesha/thesis/ws_moveit/install/moveit_ros_planning/lib:/home/nimesha/thesis/ws_moveit/install/moveit_simple_controller_manager/lib:/home/nimesha/thesis/ws_moveit/install/moveit_ros_occupancy_map_monitor/lib:/home/nimesha/thesis/ws_moveit/install/moveit_core/lib:/home/nimesha/thesis/ws_moveit/install/srdfdom/lib:/opt/ros/humble/lib/x86_64-linux-gnu:/opt/ros/humble/lib:/home/nimesha/ros2_humble/ros2-linux/opt/rviz_ogre_vendor/lib:/opt/rti.com/rti_connext_dds-6.0.1/lib/x64Linux4gcc7.3.0:/opt/rti.com/rti_connext_dds-6.0.1/bin:/home/nimesha/ros2_humble/ros2-linux/lib:/opt/ros/rolling/opt/rviz_ogre_vendor/lib:/opt/ros/rolling/lib/x86_64-linux-gnu:/opt/ros/rolling/lib:/usr/lib/nvidia PATH=/home/nimesha/thesis/ws_moveit/install/moveit_core/bin:/opt/ros/humble/bin:/opt/rti.com/rti_connext_dds-6.0.1/lib/x64Linux4gcc7.3.0:/opt/rti.com/rti_connext_dds-6.0.1/bin:/home/nimesha/ros2_humble/ros2-linux/bin:/opt/ros/rolling/bin:/usr/lib/nvidia:/home/nimesha/anaconda3/condabin:/usr/local/sbin:/usr/local/bin:/usr/sbin:/usr/bin:/sbin:/bin:/usr/games:/usr/local/games:/usr/lib/wsl/lib:/mnt/c/Program Files/WindowsApps/MicrosoftCorporationII.WindowsSubsystemForLinux_2.2.4.0_x64__8wekyb3d8bbwe:/mnt/c/Windows/system32:/mnt/c/Windows:/mnt/c/Windows/System32/Wbem:/mnt/c/Windows/System32/WindowsPowerShell/v1.0/:/mnt/c/Windows/System32/OpenSSH/:/mnt/c/Program Files (x86)/NVIDIA Corporation/PhysX/Common:/mnt/c/Program Files/NVIDIA Corporation/NVIDIA NvDLISR:/mnt/c/Program Files/Git/cmd:/mnt/c/ProgramData/chocolatey/bin:/mnt/c/Program Files/MATLAB/R2024a/bin:/mnt/c/Program Files/dotnet/:/mnt/c/Users/Nimesha/AppData/Local/Programs/Python/Python311/Scripts/:/mnt/c/Users/Nimesha/AppData/Local/Programs/Python/Python311/:/mnt/c/Users/Nimesha/AppData/Local/Microsoft/WindowsApps:/mnt/c/Users/Nimesha/AppData/Local/Programs/Microsoft VS Code/bin:/mnt/c/Program Files/Baretail:/mnt/c/Program Files/Git/usr/bin:/mnt/c/Users/Nimesha/.dotnet/tools:/snap/bin PYTHONPATH=/home/nimesha/thesis/ws_moveit/install/moveit_configs_utils/lib/python3.10/site-packages:/home/nimesha/thesis/ws_moveit/install/srdfdom/local/lib/python3.10/dist-packages:/home/nimesha/thesis/ws_moveit/install/launch_param_builder/lib/python3.10/site-packages:/opt/ros/humble/lib/python3.10/site-packages:/home/nimesha/ros2_humble/ros2-linux/local/lib/python3.10/dist-packages:/home/nimesha/ros2_humble/ros2-linux/lib/python3.10/site-packages:/opt/ros/rolling/lib/python3.10/site-packages /usr/bin/cmake --build /home/nimesha/thesis/ws_moveit/build/moveit_setup_controllers -- -j32 -l32
[10.733s] [  3%] [34m[1mAutomatic MOC for target moveit_setup_controllers[0m
[10.758s] [  6%] [34m[1mAutomatic MOC for target gtest_main[0m
[10.768s] [  9%] [34m[1mAutomatic MOC for target gtest[0m
[10.844s] [  9%] Built target gtest_autogen
[10.905s] [  9%] Built target moveit_setup_controllers_autogen
[10.935s] [  9%] Built target gtest_main_autogen
[10.981s] [ 12%] [34m[1mGenerating include/moveit_setup_controllers/moc_urdf_modifications_widget.cpp[0m
[10.984s] [ 15%] [34m[1mGenerating include/moveit_setup_controllers/moc_controllers_widget.cpp[0m
[10.984s] [ 18%] [34m[1mGenerating include/moveit_setup_controllers/moc_controller_edit_widget.cpp[0m
[11.012s] [ 21%] [32mBuilding CXX object gtest/CMakeFiles/gtest.dir/gtest_autogen/mocs_compilation.cpp.o[0m
[11.032s] [ 24%] [32mBuilding CXX object gtest/CMakeFiles/gtest.dir/src/gtest-all.cc.o[0m
[11.097s] [ 27%] [32mBuilding CXX object gtest/CMakeFiles/gtest_main.dir/gtest_main_autogen/mocs_compilation.cpp.o[0m
[11.112s] [ 30%] [32mBuilding CXX object gtest/CMakeFiles/gtest_main.dir/src/gtest_main.cc.o[0m
[11.190s] [ 33%] [32mBuilding CXX object CMakeFiles/moveit_setup_controllers.dir/src/control_xacro_config.cpp.o[0m
[11.208s] [ 36%] [32mBuilding CXX object CMakeFiles/moveit_setup_controllers.dir/moveit_setup_controllers_autogen/mocs_compilation.cpp.o[0m
[11.231s] [ 39%] [32mBuilding CXX object CMakeFiles/moveit_setup_controllers.dir/src/controllers_widget.cpp.o[0m
[11.237s] [ 42%] [32mBuilding CXX object CMakeFiles/moveit_setup_controllers.dir/src/controller_edit_widget.cpp.o[0m
[11.241s] [ 45%] [32mBuilding CXX object CMakeFiles/moveit_setup_controllers.dir/src/controllers.cpp.o[0m
[11.260s] [ 48%] [32mBuilding CXX object CMakeFiles/moveit_setup_controllers.dir/src/controllers_config.cpp.o[0m
[11.295s] [ 51%] [32mBuilding CXX object CMakeFiles/moveit_setup_controllers.dir/src/moveit_controllers_config.cpp.o[0m
[11.344s] [ 54%] [32mBuilding CXX object CMakeFiles/moveit_setup_controllers.dir/src/modified_urdf_config.cpp.o[0m
[11.351s] [ 57%] [32mBuilding CXX object CMakeFiles/moveit_setup_controllers.dir/src/moveit_controllers_widget.cpp.o[0m
[11.413s] [ 60%] [32mBuilding CXX object CMakeFiles/moveit_setup_controllers.dir/src/ros2_controllers_config.cpp.o[0m
[11.466s] [ 63%] [32mBuilding CXX object CMakeFiles/moveit_setup_controllers.dir/src/ros2_controllers_widget.cpp.o[0m
[11.476s] [ 66%] [32mBuilding CXX object CMakeFiles/moveit_setup_controllers.dir/src/urdf_modifications.cpp.o[0m
[11.505s] [ 69%] [32mBuilding CXX object CMakeFiles/moveit_setup_controllers.dir/include/moveit_setup_controllers/moc_controller_edit_widget.cpp.o[0m
[11.506s] [ 72%] [32mBuilding CXX object CMakeFiles/moveit_setup_controllers.dir/src/urdf_modifications_widget.cpp.o[0m
[11.526s] [ 75%] [32mBuilding CXX object CMakeFiles/moveit_setup_controllers.dir/include/moveit_setup_controllers/moc_controllers_widget.cpp.o[0m
[11.597s] [ 78%] [32mBuilding CXX object CMakeFiles/moveit_setup_controllers.dir/include/moveit_setup_controllers/moc_urdf_modifications_widget.cpp.o[0m
[13.933s] [ 81%] [32m[1mLinking CXX static library libgtest_main.a[0m
[14.373s] [ 81%] Built target gtest_main
[197.198s] [01m[Kc++:[m[K [01;31m[Kfatal error: [m[KKilled signal terminated program cc1plus
[197.216s] compilation terminated.
[197.256s] gmake[2]: *** [CMakeFiles/moveit_setup_controllers.dir/build.make:298: CMakeFiles/moveit_setup_controllers.dir/include/moveit_setup_controllers/moc_urdf_modifications_widget.cpp.o] Error 1
[197.258s] gmake[2]: *** Waiting for unfinished jobs....
[199.185s] [ 84%] [32m[1mLinking CXX static library libgtest.a[0m
[199.409s] [ 84%] Built target gtest
[239.604s] [01m[Kc++:[m[K [01;31m[Kfatal error: [m[KKilled signal terminated program cc1plus
[239.608s] compilation terminated.
[239.653s] gmake[2]: *** [CMakeFiles/moveit_setup_controllers.dir/build.make:228: CMakeFiles/moveit_setup_controllers.dir/src/ros2_controllers_widget.cpp.o] Error 1
[261.375s] [01m[Kc++:[m[K [01;31m[Kfatal error: [m[KKilled signal terminated program cc1plus
[261.385s] compilation terminated.
[261.417s] gmake[2]: *** [CMakeFiles/moveit_setup_controllers.dir/build.make:200: CMakeFiles/moveit_setup_controllers.dir/src/moveit_controllers_widget.cpp.o] Error 1
[273.588s] [01m[Kc++:[m[K [01;31m[Kfatal error: [m[KKilled signal terminated program cc1plus
[273.589s] compilation terminated.
[273.618s] gmake[2]: *** [CMakeFiles/moveit_setup_controllers.dir/build.make:284: CMakeFiles/moveit_setup_controllers.dir/include/moveit_setup_controllers/moc_controllers_widget.cpp.o] Error 1
[378.222s] gmake[1]: *** [CMakeFiles/Makefile2:161: CMakeFiles/moveit_setup_controllers.dir/all] Error 2
[378.236s] gmake: *** [Makefile:146: all] Error 2
