-- The C compiler identification is GNU 11.4.0
-- The CXX compiler identification is GNU 11.4.0
-- Detecting C compiler ABI info
-- Detecting C compiler ABI info - done
-- Check for working C compiler: /usr/bin/cc - skipped
-- Detecting C compile features
-- Detecting C compile features - done
-- Detecting CXX compiler ABI info
-- Detecting CXX compiler ABI info - done
-- Check for working CXX compiler: /usr/bin/c++ - skipped
-- Detecting CXX compile features
-- Detecting CXX compile features - done
-- Found ament_cmake: 1.3.10 (/home/nimesha/ros2_humble/ros2-linux/share/ament_cmake/cmake)
-- Found Python3: /usr/bin/python3 (found version "3.10.12") found components: Interpreter 
-- Found rclcpp: 16.0.10 (/home/nimesha/ros2_humble/ros2-linux/share/rclcpp/cmake)
-- Found rosidl_generator_c: 3.1.5 (/home/nimesha/ros2_humble/ros2-linux/share/rosidl_generator_c/cmake)
-- Found rosidl_adapter: 3.1.5 (/home/nimesha/ros2_humble/ros2-linux/share/rosidl_adapter/cmake)
-- Found rosidl_generator_cpp: 3.1.5 (/home/nimesha/ros2_humble/ros2-linux/share/rosidl_generator_cpp/cmake)
-- Using all available rosidl_typesupport_c: rosidl_typesupport_fastrtps_c;rosidl_typesupport_introspection_c
-- Using all available rosidl_typesupport_cpp: rosidl_typesupport_fastrtps_cpp;rosidl_typesupport_introspection_cpp
-- Found rmw_implementation_cmake: 6.1.2 (/home/nimesha/ros2_humble/ros2-linux/share/rmw_implementation_cmake/cmake)
-- Found rmw_fastrtps_cpp: 6.2.7 (/home/nimesha/ros2_humble/ros2-linux/share/rmw_fastrtps_cpp/cmake)
-- Found OpenSSL: /usr/lib/x86_64-linux-gnu/libcrypto.so (found version "3.0.2")  
-- Found FastRTPS: /home/nimesha/ros2_humble/ros2-linux/include  
-- Using RMW implementation 'rmw_fastrtps_cpp' as default
-- Looking for pthread.h
-- Looking for pthread.h - found
-- Performing Test CMAKE_HAVE_LIBC_PTHREAD
-- Performing Test CMAKE_HAVE_LIBC_PTHREAD - Success
-- Found Threads: TRUE  
-- Found std_msgs: 4.2.4 (/home/nimesha/ros2_humble/ros2-linux/share/std_msgs/cmake)
-- Found ament_lint_auto: 0.12.11 (/home/nimesha/ros2_humble/ros2-linux/share/ament_lint_auto/cmake)
-- Added test 'lint_cmake' to check CMake code style
-- Added test 'xmllint' to check XML markup files
-- Configuring done
-- Generating done
-- Build files have been written to: /home/nimesha/Thesis/moveit_ur5_ws/build/ur_description
-- Install configuration: ""
-- Installing: /home/nimesha/Thesis/moveit_ur5_ws/install/ur_description/share/ur_description/urdf
-- Installing: /home/nimesha/Thesis/moveit_ur5_ws/install/ur_description/share/ur_description/urdf/ur5e_robot.xacro
-- Installing: /home/nimesha/Thesis/moveit_ur5_ws/install/ur_description/share/ur_description/urdf/inc
-- Installing: /home/nimesha/Thesis/moveit_ur5_ws/install/ur_description/share/ur_description/urdf/inc/ur_macro.xacro
-- Installing: /home/nimesha/Thesis/moveit_ur5_ws/install/ur_description/share/ur_description/urdf/inc/ur_common.xacro
-- Installing: /home/nimesha/Thesis/moveit_ur5_ws/install/ur_description/share/ur_description/urdf/inc/ur5e_macro.xacro
-- Installing: /home/nimesha/Thesis/moveit_ur5_ws/install/ur_description/share/ur_description/urdf/inc/ur_transmissions.xacro
-- Installing: /home/nimesha/Thesis/moveit_ur5_ws/install/ur_description/share/ur_description/urdf/ur5e_robot.urdf
-- Installing: /home/nimesha/Thesis/moveit_ur5_ws/install/ur_description/share/ur_description/meshes
-- Installing: /home/nimesha/Thesis/moveit_ur5_ws/install/ur_description/share/ur_description/meshes/ur5e
-- Installing: /home/nimesha/Thesis/moveit_ur5_ws/install/ur_description/share/ur_description/meshes/ur5e/collision
-- Installing: /home/nimesha/Thesis/moveit_ur5_ws/install/ur_description/share/ur_description/meshes/ur5e/collision/wrist2.stl
-- Installing: /home/nimesha/Thesis/moveit_ur5_ws/install/ur_description/share/ur_description/meshes/ur5e/collision/upperarm.stl
-- Installing: /home/nimesha/Thesis/moveit_ur5_ws/install/ur_description/share/ur_description/meshes/ur5e/collision/wrist1_test.stl
-- Installing: /home/nimesha/Thesis/moveit_ur5_ws/install/ur_description/share/ur_description/meshes/ur5e/collision/wrist3.stl
-- Installing: /home/nimesha/Thesis/moveit_ur5_ws/install/ur_description/share/ur_description/meshes/ur5e/collision/forearm.stl
-- Installing: /home/nimesha/Thesis/moveit_ur5_ws/install/ur_description/share/ur_description/meshes/ur5e/collision/wrist3_test.stl
-- Installing: /home/nimesha/Thesis/moveit_ur5_ws/install/ur_description/share/ur_description/meshes/ur5e/collision/shoulder_test.stl
-- Installing: /home/nimesha/Thesis/moveit_ur5_ws/install/ur_description/share/ur_description/meshes/ur5e/collision/base_test.stl
-- Installing: /home/nimesha/Thesis/moveit_ur5_ws/install/ur_description/share/ur_description/meshes/ur5e/collision/shoulder.stl
-- Installing: /home/nimesha/Thesis/moveit_ur5_ws/install/ur_description/share/ur_description/meshes/ur5e/collision/wrist1.stl
-- Installing: /home/nimesha/Thesis/moveit_ur5_ws/install/ur_description/share/ur_description/meshes/ur5e/collision/wrist2_test.stl
-- Installing: /home/nimesha/Thesis/moveit_ur5_ws/install/ur_description/share/ur_description/meshes/ur5e/collision/upperarm_test.stl
-- Installing: /home/nimesha/Thesis/moveit_ur5_ws/install/ur_description/share/ur_description/meshes/ur5e/collision/forearm_test.stl
-- Installing: /home/nimesha/Thesis/moveit_ur5_ws/install/ur_description/share/ur_description/meshes/ur5e/collision/base.stl
-- Installing: /home/nimesha/Thesis/moveit_ur5_ws/install/ur_description/share/ur_description/meshes/ur5e/visual
-- Installing: /home/nimesha/Thesis/moveit_ur5_ws/install/ur_description/share/ur_description/meshes/ur5e/visual/wrist1.dae
-- Installing: /home/nimesha/Thesis/moveit_ur5_ws/install/ur_description/share/ur_description/meshes/ur5e/visual/shoulder.dae
-- Installing: /home/nimesha/Thesis/moveit_ur5_ws/install/ur_description/share/ur_description/meshes/ur5e/visual/wrist2.dae
-- Installing: /home/nimesha/Thesis/moveit_ur5_ws/install/ur_description/share/ur_description/meshes/ur5e/visual/forearm.dae
-- Installing: /home/nimesha/Thesis/moveit_ur5_ws/install/ur_description/share/ur_description/meshes/ur5e/visual/wrist3.dae
-- Installing: /home/nimesha/Thesis/moveit_ur5_ws/install/ur_description/share/ur_description/meshes/ur5e/visual/upperarm.dae
-- Installing: /home/nimesha/Thesis/moveit_ur5_ws/install/ur_description/share/ur_description/meshes/ur5e/visual/base.dae
-- Installing: /home/nimesha/Thesis/moveit_ur5_ws/install/ur_description/share/ur_description/config
-- Installing: /home/nimesha/Thesis/moveit_ur5_ws/install/ur_description/share/ur_description/config/ur5e
-- Installing: /home/nimesha/Thesis/moveit_ur5_ws/install/ur_description/share/ur_description/config/ur5e/visual_parameters.yaml
-- Installing: /home/nimesha/Thesis/moveit_ur5_ws/install/ur_description/share/ur_description/config/ur5e/default_kinematics.yaml
-- Installing: /home/nimesha/Thesis/moveit_ur5_ws/install/ur_description/share/ur_description/config/ur5e/physical_parameters.yaml
-- Installing: /home/nimesha/Thesis/moveit_ur5_ws/install/ur_description/share/ur_description/config/ur5e/joint_limits.yaml
-- Installing: /home/nimesha/Thesis/moveit_ur5_ws/install/ur_description/share/ament_index/resource_index/package_run_dependencies/ur_description
-- Installing: /home/nimesha/Thesis/moveit_ur5_ws/install/ur_description/share/ament_index/resource_index/parent_prefix_path/ur_description
-- Installing: /home/nimesha/Thesis/moveit_ur5_ws/install/ur_description/share/ur_description/environment/ament_prefix_path.sh
-- Installing: /home/nimesha/Thesis/moveit_ur5_ws/install/ur_description/share/ur_description/environment/ament_prefix_path.dsv
-- Installing: /home/nimesha/Thesis/moveit_ur5_ws/install/ur_description/share/ur_description/environment/path.sh
-- Installing: /home/nimesha/Thesis/moveit_ur5_ws/install/ur_description/share/ur_description/environment/path.dsv
-- Installing: /home/nimesha/Thesis/moveit_ur5_ws/install/ur_description/share/ur_description/local_setup.bash
-- Installing: /home/nimesha/Thesis/moveit_ur5_ws/install/ur_description/share/ur_description/local_setup.sh
-- Installing: /home/nimesha/Thesis/moveit_ur5_ws/install/ur_description/share/ur_description/local_setup.zsh
-- Installing: /home/nimesha/Thesis/moveit_ur5_ws/install/ur_description/share/ur_description/local_setup.dsv
-- Installing: /home/nimesha/Thesis/moveit_ur5_ws/install/ur_description/share/ur_description/package.dsv
-- Installing: /home/nimesha/Thesis/moveit_ur5_ws/install/ur_description/share/ament_index/resource_index/packages/ur_description
-- Installing: /home/nimesha/Thesis/moveit_ur5_ws/install/ur_description/share/ur_description/cmake/ur_descriptionConfig.cmake
-- Installing: /home/nimesha/Thesis/moveit_ur5_ws/install/ur_description/share/ur_description/cmake/ur_descriptionConfig-version.cmake
-- Installing: /home/nimesha/Thesis/moveit_ur5_ws/install/ur_description/share/ur_description/package.xml
