[0.009s] Invoking command in '/home/nimesha/thesis/ws_moveit/build/moveit_common': CMAKE_PREFIX_PATH=${CMAKE_PREFIX_PATH}:/opt/ros/humble:/home/nimesha/thesis/ws_moveit/install/moveit_configs_utils:/opt/ros/rolling /usr/bin/cmake --build /home/nimesha/thesis/ws_moveit/build/moveit_common -- -j32 -l32
[0.059s] Invoked command in '/home/nimesha/thesis/ws_moveit/build/moveit_common' returned '0': CMAKE_PREFIX_PATH=${CMAKE_PREFIX_PATH}:/opt/ros/humble:/home/nimesha/thesis/ws_moveit/install/moveit_configs_utils:/opt/ros/rolling /usr/bin/cmake --build /home/nimesha/thesis/ws_moveit/build/moveit_common -- -j32 -l32
[0.083s] Invoking command in '/home/nimesha/thesis/ws_moveit/build/moveit_common': CMAKE_PREFIX_PATH=${CMAKE_PREFIX_PATH}:/opt/ros/humble:/home/nimesha/thesis/ws_moveit/install/moveit_configs_utils:/opt/ros/rolling /usr/bin/cmake --install /home/nimesha/thesis/ws_moveit/build/moveit_common
[0.087s] -- Install configuration: "Release"
[0.087s] -- Up-to-date: /home/nimesha/thesis/ws_moveit/install/moveit_common/share/ament_index/resource_index/package_run_dependencies/moveit_common
[0.087s] -- Up-to-date: /home/nimesha/thesis/ws_moveit/install/moveit_common/share/ament_index/resource_index/parent_prefix_path/moveit_common
[0.090s] -- Up-to-date: /home/nimesha/thesis/ws_moveit/install/moveit_common/share/moveit_common/environment/ament_prefix_path.sh
[0.090s] -- Up-to-date: /home/nimesha/thesis/ws_moveit/install/moveit_common/share/moveit_common/environment/ament_prefix_path.dsv
[0.090s] -- Up-to-date: /home/nimesha/thesis/ws_moveit/install/moveit_common/share/moveit_common/environment/path.sh
[0.090s] -- Up-to-date: /home/nimesha/thesis/ws_moveit/install/moveit_common/share/moveit_common/environment/path.dsv
[0.090s] -- Up-to-date: /home/nimesha/thesis/ws_moveit/install/moveit_common/share/moveit_common/local_setup.bash
[0.090s] -- Up-to-date: /home/nimesha/thesis/ws_moveit/install/moveit_common/share/moveit_common/local_setup.sh
[0.090s] -- Up-to-date: /home/nimesha/thesis/ws_moveit/install/moveit_common/share/moveit_common/local_setup.zsh
[0.090s] -- Up-to-date: /home/nimesha/thesis/ws_moveit/install/moveit_common/share/moveit_common/local_setup.dsv
[0.090s] -- Installing: /home/nimesha/thesis/ws_moveit/install/moveit_common/share/moveit_common/package.dsv
[0.090s] -- Up-to-date: /home/nimesha/thesis/ws_moveit/install/moveit_common/share/ament_index/resource_index/packages/moveit_common
[0.091s] -- Up-to-date: /home/nimesha/thesis/ws_moveit/install/moveit_common/share/moveit_common/cmake/moveit_common-extras.cmake
[0.091s] -- Up-to-date: /home/nimesha/thesis/ws_moveit/install/moveit_common/share/moveit_common/cmake/moveit_commonConfig.cmake
[0.091s] -- Up-to-date: /home/nimesha/thesis/ws_moveit/install/moveit_common/share/moveit_common/cmake/moveit_commonConfig-version.cmake
[0.091s] -- Up-to-date: /home/nimesha/thesis/ws_moveit/install/moveit_common/share/moveit_common/package.xml
[0.091s] -- Up-to-date: /home/nimesha/thesis/ws_moveit/install/moveit_common/share/moveit_common/cmake
[0.091s] -- Up-to-date: /home/nimesha/thesis/ws_moveit/install/moveit_common/share/moveit_common/cmake/moveit_package.cmake
[0.092s] Invoked command in '/home/nimesha/thesis/ws_moveit/build/moveit_common' returned '0': CMAKE_PREFIX_PATH=${CMAKE_PREFIX_PATH}:/opt/ros/humble:/home/nimesha/thesis/ws_moveit/install/moveit_configs_utils:/opt/ros/rolling /usr/bin/cmake --install /home/nimesha/thesis/ws_moveit/build/moveit_common
