[0.009s] Invoking command in '/home/nimesha/Thesis/moveit_ur5_ws/build/moveit_resources_pr2_description': CMAKE_PREFIX_PATH=${CMAKE_PREFIX_PATH}:/home/nimesha/Thesis/moveit_ur5_ws/install/moveit_configs_utils:/home/nimesha/Thesis/moveit_ur5_ws/install/launch_param_builder:/home/nimesha/Thesis/moveit_ur5_v2_ws/install/moveit_configs_utils:/home/nimesha/Thesis/moveit_ur5_v2_ws/install/launch_param_builder:/home/nimesha/Thesis/moveit_ur5_v2_ws/src/ws_moveit/install/moveit_configs_utils:/home/nimesha/Thesis/moveit_ur5_v2_ws/src/ws_moveit/install/launch_param_builder:/opt/ros/humble /usr/bin/cmake /home/nimesha/Thesis/moveit_ur5_ws/src/ws_moveit/src/moveit_resources/pr2_description -DCMAKE_INSTALL_PREFIX=/home/nimesha/Thesis/moveit_ur5_ws/install/moveit_resources_pr2_description
[0.073s] -- The C compiler identification is GNU 11.4.0
[0.267s] -- The CXX compiler identification is GNU 11.4.0
[0.358s] -- Detecting C compiler ABI info
[0.430s] -- Detecting C compiler ABI info - done
[0.434s] -- Check for working C compiler: /usr/bin/cc - skipped
[0.434s] -- Detecting C compile features
[0.434s] -- Detecting C compile features - done
[0.435s] -- Detecting CXX compiler ABI info
[0.518s] -- Detecting CXX compiler ABI info - done
[0.522s] -- Check for working CXX compiler: /usr/bin/c++ - skipped
[0.522s] -- Detecting CXX compile features
[0.522s] -- Detecting CXX compile features - done
[0.523s] -- Found ament_cmake: 1.3.10 (/home/nimesha/ros2_humble/ros2-linux/share/ament_cmake/cmake)
[0.616s] -- Found Python3: /usr/bin/python3 (found version "3.10.12") found components: Interpreter 
[0.699s] -- Configuring done
[0.700s] -- Generating done
[0.701s] -- Build files have been written to: /home/nimesha/Thesis/moveit_ur5_ws/build/moveit_resources_pr2_description
[0.704s] Invoked command in '/home/nimesha/Thesis/moveit_ur5_ws/build/moveit_resources_pr2_description' returned '0': CMAKE_PREFIX_PATH=${CMAKE_PREFIX_PATH}:/home/nimesha/Thesis/moveit_ur5_ws/install/moveit_configs_utils:/home/nimesha/Thesis/moveit_ur5_ws/install/launch_param_builder:/home/nimesha/Thesis/moveit_ur5_v2_ws/install/moveit_configs_utils:/home/nimesha/Thesis/moveit_ur5_v2_ws/install/launch_param_builder:/home/nimesha/Thesis/moveit_ur5_v2_ws/src/ws_moveit/install/moveit_configs_utils:/home/nimesha/Thesis/moveit_ur5_v2_ws/src/ws_moveit/install/launch_param_builder:/opt/ros/humble /usr/bin/cmake /home/nimesha/Thesis/moveit_ur5_ws/src/ws_moveit/src/moveit_resources/pr2_description -DCMAKE_INSTALL_PREFIX=/home/nimesha/Thesis/moveit_ur5_ws/install/moveit_resources_pr2_description
[0.704s] Invoking command in '/home/nimesha/Thesis/moveit_ur5_ws/build/moveit_resources_pr2_description': CMAKE_PREFIX_PATH=${CMAKE_PREFIX_PATH}:/home/nimesha/Thesis/moveit_ur5_ws/install/moveit_configs_utils:/home/nimesha/Thesis/moveit_ur5_ws/install/launch_param_builder:/home/nimesha/Thesis/moveit_ur5_v2_ws/install/moveit_configs_utils:/home/nimesha/Thesis/moveit_ur5_v2_ws/install/launch_param_builder:/home/nimesha/Thesis/moveit_ur5_v2_ws/src/ws_moveit/install/moveit_configs_utils:/home/nimesha/Thesis/moveit_ur5_v2_ws/src/ws_moveit/install/launch_param_builder:/opt/ros/humble /usr/bin/cmake --build /home/nimesha/Thesis/moveit_ur5_ws/build/moveit_resources_pr2_description -- -j32 -l32
[0.729s] Invoked command in '/home/nimesha/Thesis/moveit_ur5_ws/build/moveit_resources_pr2_description' returned '0': CMAKE_PREFIX_PATH=${CMAKE_PREFIX_PATH}:/home/nimesha/Thesis/moveit_ur5_ws/install/moveit_configs_utils:/home/nimesha/Thesis/moveit_ur5_ws/install/launch_param_builder:/home/nimesha/Thesis/moveit_ur5_v2_ws/install/moveit_configs_utils:/home/nimesha/Thesis/moveit_ur5_v2_ws/install/launch_param_builder:/home/nimesha/Thesis/moveit_ur5_v2_ws/src/ws_moveit/install/moveit_configs_utils:/home/nimesha/Thesis/moveit_ur5_v2_ws/src/ws_moveit/install/launch_param_builder:/opt/ros/humble /usr/bin/cmake --build /home/nimesha/Thesis/moveit_ur5_ws/build/moveit_resources_pr2_description -- -j32 -l32
[0.759s] Invoking command in '/home/nimesha/Thesis/moveit_ur5_ws/build/moveit_resources_pr2_description': CMAKE_PREFIX_PATH=${CMAKE_PREFIX_PATH}:/home/nimesha/Thesis/moveit_ur5_ws/install/moveit_configs_utils:/home/nimesha/Thesis/moveit_ur5_ws/install/launch_param_builder:/home/nimesha/Thesis/moveit_ur5_v2_ws/install/moveit_configs_utils:/home/nimesha/Thesis/moveit_ur5_v2_ws/install/launch_param_builder:/home/nimesha/Thesis/moveit_ur5_v2_ws/src/ws_moveit/install/moveit_configs_utils:/home/nimesha/Thesis/moveit_ur5_v2_ws/src/ws_moveit/install/launch_param_builder:/opt/ros/humble /usr/bin/cmake --install /home/nimesha/Thesis/moveit_ur5_ws/build/moveit_resources_pr2_description
[0.764s] -- Install configuration: ""
[0.764s] -- Installing: /home/nimesha/Thesis/moveit_ur5_ws/install/moveit_resources_pr2_description/share/ament_index/resource_index/package_run_dependencies/moveit_resources_pr2_description
[0.764s] -- Installing: /home/nimesha/Thesis/moveit_ur5_ws/install/moveit_resources_pr2_description/share/ament_index/resource_index/parent_prefix_path/moveit_resources_pr2_description
[0.765s] -- Installing: /home/nimesha/Thesis/moveit_ur5_ws/install/moveit_resources_pr2_description/share/moveit_resources_pr2_description/environment/ament_prefix_path.sh
[0.765s] -- Installing: /home/nimesha/Thesis/moveit_ur5_ws/install/moveit_resources_pr2_description/share/moveit_resources_pr2_description/environment/ament_prefix_path.dsv
[0.765s] -- Installing: /home/nimesha/Thesis/moveit_ur5_ws/install/moveit_resources_pr2_description/share/moveit_resources_pr2_description/environment/path.sh
[0.765s] -- Installing: /home/nimesha/Thesis/moveit_ur5_ws/install/moveit_resources_pr2_description/share/moveit_resources_pr2_description/environment/path.dsv
[0.765s] -- Installing: /home/nimesha/Thesis/moveit_ur5_ws/install/moveit_resources_pr2_description/share/moveit_resources_pr2_description/local_setup.bash
[0.765s] -- Installing: /home/nimesha/Thesis/moveit_ur5_ws/install/moveit_resources_pr2_description/share/moveit_resources_pr2_description/local_setup.sh
[0.765s] -- Installing: /home/nimesha/Thesis/moveit_ur5_ws/install/moveit_resources_pr2_description/share/moveit_resources_pr2_description/local_setup.zsh
[0.765s] -- Installing: /home/nimesha/Thesis/moveit_ur5_ws/install/moveit_resources_pr2_description/share/moveit_resources_pr2_description/local_setup.dsv
[0.766s] -- Installing: /home/nimesha/Thesis/moveit_ur5_ws/install/moveit_resources_pr2_description/share/moveit_resources_pr2_description/package.dsv
[0.766s] -- Installing: /home/nimesha/Thesis/moveit_ur5_ws/install/moveit_resources_pr2_description/share/ament_index/resource_index/packages/moveit_resources_pr2_description
[0.766s] -- Installing: /home/nimesha/Thesis/moveit_ur5_ws/install/moveit_resources_pr2_description/share/moveit_resources_pr2_description/cmake/moveit_resources_pr2_descriptionConfig.cmake
[0.766s] -- Installing: /home/nimesha/Thesis/moveit_ur5_ws/install/moveit_resources_pr2_description/share/moveit_resources_pr2_description/cmake/moveit_resources_pr2_descriptionConfig-version.cmake
[0.766s] -- Installing: /home/nimesha/Thesis/moveit_ur5_ws/install/moveit_resources_pr2_description/share/moveit_resources_pr2_description/package.xml
[0.766s] -- Installing: /home/nimesha/Thesis/moveit_ur5_ws/install/moveit_resources_pr2_description/share/moveit_resources_pr2_description/srdf
[0.766s] -- Installing: /home/nimesha/Thesis/moveit_ur5_ws/install/moveit_resources_pr2_description/share/moveit_resources_pr2_description/srdf/robot.xml
[0.766s] -- Installing: /home/nimesha/Thesis/moveit_ur5_ws/install/moveit_resources_pr2_description/share/moveit_resources_pr2_description/urdf
[0.767s] -- Installing: /home/nimesha/Thesis/moveit_ur5_ws/install/moveit_resources_pr2_description/share/moveit_resources_pr2_description/urdf/materials
[0.767s] -- Installing: /home/nimesha/Thesis/moveit_ur5_ws/install/moveit_resources_pr2_description/share/moveit_resources_pr2_description/urdf/materials/textures
[0.767s] -- Installing: /home/nimesha/Thesis/moveit_ur5_ws/install/moveit_resources_pr2_description/share/moveit_resources_pr2_description/urdf/materials/textures/pr2_wheel_left.png
[0.768s] -- Installing: /home/nimesha/Thesis/moveit_ur5_ws/install/moveit_resources_pr2_description/share/moveit_resources_pr2_description/urdf/materials/textures/pr2_wheel_right.png
[0.769s] -- Installing: /home/nimesha/Thesis/moveit_ur5_ws/install/moveit_resources_pr2_description/share/moveit_resources_pr2_description/urdf/materials/textures/pr2_caster_texture.png
[0.770s] -- Installing: /home/nimesha/Thesis/moveit_ur5_ws/install/moveit_resources_pr2_description/share/moveit_resources_pr2_description/urdf/meshes
[0.770s] -- Installing: /home/nimesha/Thesis/moveit_ur5_ws/install/moveit_resources_pr2_description/share/moveit_resources_pr2_description/urdf/meshes/tilting_laser_v0
[0.770s] -- Installing: /home/nimesha/Thesis/moveit_ur5_ws/install/moveit_resources_pr2_description/share/moveit_resources_pr2_description/urdf/meshes/tilting_laser_v0/tilting_hokuyo.dae
[0.772s] -- Installing: /home/nimesha/Thesis/moveit_ur5_ws/install/moveit_resources_pr2_description/share/moveit_resources_pr2_description/urdf/meshes/tilting_laser_v0/tilting_hokuyo.stl
[0.773s] -- Installing: /home/nimesha/Thesis/moveit_ur5_ws/install/moveit_resources_pr2_description/share/moveit_resources_pr2_description/urdf/meshes/tilting_laser_v0/tilting_hokuyo_L.stl
[0.774s] -- Installing: /home/nimesha/Thesis/moveit_ur5_ws/install/moveit_resources_pr2_description/share/moveit_resources_pr2_description/urdf/meshes/tilting_laser_v0/hok_tilt.stl
[0.776s] -- Installing: /home/nimesha/Thesis/moveit_ur5_ws/install/moveit_resources_pr2_description/share/moveit_resources_pr2_description/urdf/meshes/tilting_laser_v0/convex
[0.776s] -- Installing: /home/nimesha/Thesis/moveit_ur5_ws/install/moveit_resources_pr2_description/share/moveit_resources_pr2_description/urdf/meshes/tilting_laser_v0/convex/tilting_hokuyo.dae
[0.777s] -- Installing: /home/nimesha/Thesis/moveit_ur5_ws/install/moveit_resources_pr2_description/share/moveit_resources_pr2_description/urdf/meshes/tilting_laser_v0/convex/hok_tilt_convex.stla
[0.778s] -- Installing: /home/nimesha/Thesis/moveit_ur5_ws/install/moveit_resources_pr2_description/share/moveit_resources_pr2_description/urdf/meshes/tilting_laser_v0/convex/tilting_hokuyo_L_convex.stla
[0.780s] -- Installing: /home/nimesha/Thesis/moveit_ur5_ws/install/moveit_resources_pr2_description/share/moveit_resources_pr2_description/urdf/meshes/tilting_laser_v0/convex/hok_tilt.dae
[0.781s] -- Installing: /home/nimesha/Thesis/moveit_ur5_ws/install/moveit_resources_pr2_description/share/moveit_resources_pr2_description/urdf/meshes/tilting_laser_v0/convex/tilting_hokuyo_L.dae
[0.783s] -- Installing: /home/nimesha/Thesis/moveit_ur5_ws/install/moveit_resources_pr2_description/share/moveit_resources_pr2_description/urdf/meshes/tilting_laser_v0/convex/tilting_hokuyo_L_convex.stlb
[0.783s] -- Installing: /home/nimesha/Thesis/moveit_ur5_ws/install/moveit_resources_pr2_description/share/moveit_resources_pr2_description/urdf/meshes/tilting_laser_v0/convex/tilting_hokuyo_convex.stla
[0.784s] -- Installing: /home/nimesha/Thesis/moveit_ur5_ws/install/moveit_resources_pr2_description/share/moveit_resources_pr2_description/urdf/meshes/tilting_laser_v0/convex/tilting_hokuyo_L.xml
[0.785s] -- Installing: /home/nimesha/Thesis/moveit_ur5_ws/install/moveit_resources_pr2_description/share/moveit_resources_pr2_description/urdf/meshes/tilting_laser_v0/convex/hok_tilt.xml
[0.786s] -- Installing: /home/nimesha/Thesis/moveit_ur5_ws/install/moveit_resources_pr2_description/share/moveit_resources_pr2_description/urdf/meshes/tilting_laser_v0/convex/tilting_hokuyo.xml
[0.786s] -- Installing: /home/nimesha/Thesis/moveit_ur5_ws/install/moveit_resources_pr2_description/share/moveit_resources_pr2_description/urdf/meshes/tilting_laser_v0/convex/tilting_hokuyo_convex.stlb
[0.787s] -- Installing: /home/nimesha/Thesis/moveit_ur5_ws/install/moveit_resources_pr2_description/share/moveit_resources_pr2_description/urdf/meshes/tilting_laser_v0/convex/hok_tilt_convex.stlb
[0.787s] -- Installing: /home/nimesha/Thesis/moveit_ur5_ws/install/moveit_resources_pr2_description/share/moveit_resources_pr2_description/urdf/meshes/tilting_laser_v0/tilting_hokuyo_normals.tif
[0.791s] -- Installing: /home/nimesha/Thesis/moveit_ur5_ws/install/moveit_resources_pr2_description/share/moveit_resources_pr2_description/urdf/meshes/tilting_laser_v0/tilting_hokuyo_color.tif
[0.793s] -- Installing: /home/nimesha/Thesis/moveit_ur5_ws/install/moveit_resources_pr2_description/share/moveit_resources_pr2_description/urdf/meshes/upper_arm_v0
[0.793s] -- Installing: /home/nimesha/Thesis/moveit_ur5_ws/install/moveit_resources_pr2_description/share/moveit_resources_pr2_description/urdf/meshes/upper_arm_v0/forearm_roll.stl
[0.795s] -- Installing: /home/nimesha/Thesis/moveit_ur5_ws/install/moveit_resources_pr2_description/share/moveit_resources_pr2_description/urdf/meshes/upper_arm_v0/elbow_flex_color.tif
[0.800s] -- Installing: /home/nimesha/Thesis/moveit_ur5_ws/install/moveit_resources_pr2_description/share/moveit_resources_pr2_description/urdf/meshes/upper_arm_v0/upper_arm_color.tif
[0.802s] -- Installing: /home/nimesha/Thesis/moveit_ur5_ws/install/moveit_resources_pr2_description/share/moveit_resources_pr2_description/urdf/meshes/upper_arm_v0/forearm_roll_L.stl
[0.803s] -- Installing: /home/nimesha/Thesis/moveit_ur5_ws/install/moveit_resources_pr2_description/share/moveit_resources_pr2_description/urdf/meshes/upper_arm_v0/upper_arm.stl
[0.805s] -- Installing: /home/nimesha/Thesis/moveit_ur5_ws/install/moveit_resources_pr2_description/share/moveit_resources_pr2_description/urdf/meshes/upper_arm_v0/elbow_flex.stl
[0.806s] -- Installing: /home/nimesha/Thesis/moveit_ur5_ws/install/moveit_resources_pr2_description/share/moveit_resources_pr2_description/urdf/meshes/upper_arm_v0/elbow_flex.dae
[0.807s] -- Installing: /home/nimesha/Thesis/moveit_ur5_ws/install/moveit_resources_pr2_description/share/moveit_resources_pr2_description/urdf/meshes/upper_arm_v0/convex
[0.808s] -- Installing: /home/nimesha/Thesis/moveit_ur5_ws/install/moveit_resources_pr2_description/share/moveit_resources_pr2_description/urdf/meshes/upper_arm_v0/convex/forearm_roll.dae
[0.810s] -- Installing: /home/nimesha/Thesis/moveit_ur5_ws/install/moveit_resources_pr2_description/share/moveit_resources_pr2_description/urdf/meshes/upper_arm_v0/convex/forearm_roll_L_convex.stla
[0.811s] -- Installing: /home/nimesha/Thesis/moveit_ur5_ws/install/moveit_resources_pr2_description/share/moveit_resources_pr2_description/urdf/meshes/upper_arm_v0/convex/elbow_flex.xml
[0.812s] -- Installing: /home/nimesha/Thesis/moveit_ur5_ws/install/moveit_resources_pr2_description/share/moveit_resources_pr2_description/urdf/meshes/upper_arm_v0/convex/forearm_roll_L_convex.stlb
[0.812s] -- Installing: /home/nimesha/Thesis/moveit_ur5_ws/install/moveit_resources_pr2_description/share/moveit_resources_pr2_description/urdf/meshes/upper_arm_v0/convex/forearm_roll_L.dae
[0.814s] -- Installing: /home/nimesha/Thesis/moveit_ur5_ws/install/moveit_resources_pr2_description/share/moveit_resources_pr2_description/urdf/meshes/upper_arm_v0/convex/upper_arm_convex.stlb
[0.814s] -- Installing: /home/nimesha/Thesis/moveit_ur5_ws/install/moveit_resources_pr2_description/share/moveit_resources_pr2_description/urdf/meshes/upper_arm_v0/convex/forearm_roll_convex.stlb
[0.815s] -- Installing: /home/nimesha/Thesis/moveit_ur5_ws/install/moveit_resources_pr2_description/share/moveit_resources_pr2_description/urdf/meshes/upper_arm_v0/convex/forearm_roll_convex.stla
[0.816s] -- Installing: /home/nimesha/Thesis/moveit_ur5_ws/install/moveit_resources_pr2_description/share/moveit_resources_pr2_description/urdf/meshes/upper_arm_v0/convex/upper_arm.xml
[0.817s] -- Installing: /home/nimesha/Thesis/moveit_ur5_ws/install/moveit_resources_pr2_description/share/moveit_resources_pr2_description/urdf/meshes/upper_arm_v0/convex/elbow_flex.dae
[0.819s] -- Installing: /home/nimesha/Thesis/moveit_ur5_ws/install/moveit_resources_pr2_description/share/moveit_resources_pr2_description/urdf/meshes/upper_arm_v0/convex/elbow_flex_convex.stlb
[0.819s] -- Installing: /home/nimesha/Thesis/moveit_ur5_ws/install/moveit_resources_pr2_description/share/moveit_resources_pr2_description/urdf/meshes/upper_arm_v0/convex/upper_arm_convex.stla
[0.821s] -- Installing: /home/nimesha/Thesis/moveit_ur5_ws/install/moveit_resources_pr2_description/share/moveit_resources_pr2_description/urdf/meshes/upper_arm_v0/convex/forearm_roll.xml
[0.822s] -- Installing: /home/nimesha/Thesis/moveit_ur5_ws/install/moveit_resources_pr2_description/share/moveit_resources_pr2_description/urdf/meshes/upper_arm_v0/convex/upper_arm.dae
[0.823s] -- Installing: /home/nimesha/Thesis/moveit_ur5_ws/install/moveit_resources_pr2_description/share/moveit_resources_pr2_description/urdf/meshes/upper_arm_v0/convex/elbow_flex_convex.stla
[0.823s] -- Installing: /home/nimesha/Thesis/moveit_ur5_ws/install/moveit_resources_pr2_description/share/moveit_resources_pr2_description/urdf/meshes/upper_arm_v0/convex/forearm_roll_L.xml
[0.824s] -- Installing: /home/nimesha/Thesis/moveit_ur5_ws/install/moveit_resources_pr2_description/share/moveit_resources_pr2_description/urdf/meshes/upper_arm_v0/elbow_flex_normals.tif
[0.829s] -- Installing: /home/nimesha/Thesis/moveit_ur5_ws/install/moveit_resources_pr2_description/share/moveit_resources_pr2_description/urdf/meshes/upper_arm_v0/upper_arm_normals.tif
[0.835s] -- Installing: /home/nimesha/Thesis/moveit_ur5_ws/install/moveit_resources_pr2_description/share/moveit_resources_pr2_description/urdf/meshes/upper_arm_v0/upper_arm.dae
[0.837s] -- Installing: /home/nimesha/Thesis/moveit_ur5_ws/install/moveit_resources_pr2_description/share/moveit_resources_pr2_description/urdf/meshes/upper_arm_v0/upper_arm.jpg
[0.839s] -- Installing: /home/nimesha/Thesis/moveit_ur5_ws/install/moveit_resources_pr2_description/share/moveit_resources_pr2_description/urdf/meshes/torso_v0
[0.839s] -- Installing: /home/nimesha/Thesis/moveit_ur5_ws/install/moveit_resources_pr2_description/share/moveit_resources_pr2_description/urdf/meshes/torso_v0/torso_lift_L.stl
[0.839s] -- Installing: /home/nimesha/Thesis/moveit_ur5_ws/install/moveit_resources_pr2_description/share/moveit_resources_pr2_description/urdf/meshes/torso_v0/torso.stl
[0.840s] -- Installing: /home/nimesha/Thesis/moveit_ur5_ws/install/moveit_resources_pr2_description/share/moveit_resources_pr2_description/urdf/meshes/torso_v0/torso_lift_normals.tif
[0.844s] -- Installing: /home/nimesha/Thesis/moveit_ur5_ws/install/moveit_resources_pr2_description/share/moveit_resources_pr2_description/urdf/meshes/torso_v0/convex
[0.844s] -- Installing: /home/nimesha/Thesis/moveit_ur5_ws/install/moveit_resources_pr2_description/share/moveit_resources_pr2_description/urdf/meshes/torso_v0/convex/torso.dae
[0.846s] -- Installing: /home/nimesha/Thesis/moveit_ur5_ws/install/moveit_resources_pr2_description/share/moveit_resources_pr2_description/urdf/meshes/torso_v0/convex/torso_lift_L_convex.stlb
[0.846s] -- Installing: /home/nimesha/Thesis/moveit_ur5_ws/install/moveit_resources_pr2_description/share/moveit_resources_pr2_description/urdf/meshes/torso_v0/convex/torso_convex.stla
[0.847s] -- Installing: /home/nimesha/Thesis/moveit_ur5_ws/install/moveit_resources_pr2_description/share/moveit_resources_pr2_description/urdf/meshes/torso_v0/convex/torso_lift_convex.stla
[0.847s] -- Installing: /home/nimesha/Thesis/moveit_ur5_ws/install/moveit_resources_pr2_description/share/moveit_resources_pr2_description/urdf/meshes/torso_v0/convex/torso.xml
[0.848s] -- Installing: /home/nimesha/Thesis/moveit_ur5_ws/install/moveit_resources_pr2_description/share/moveit_resources_pr2_description/urdf/meshes/torso_v0/convex/torso_lift_convex.stlb
[0.848s] -- Installing: /home/nimesha/Thesis/moveit_ur5_ws/install/moveit_resources_pr2_description/share/moveit_resources_pr2_description/urdf/meshes/torso_v0/convex/torso_lift_L_convex.stla
[0.849s] -- Installing: /home/nimesha/Thesis/moveit_ur5_ws/install/moveit_resources_pr2_description/share/moveit_resources_pr2_description/urdf/meshes/torso_v0/convex/torso_lift_L.dae
[0.850s] -- Installing: /home/nimesha/Thesis/moveit_ur5_ws/install/moveit_resources_pr2_description/share/moveit_resources_pr2_description/urdf/meshes/torso_v0/convex/torso_lift.dae
[0.851s] -- Installing: /home/nimesha/Thesis/moveit_ur5_ws/install/moveit_resources_pr2_description/share/moveit_resources_pr2_description/urdf/meshes/torso_v0/convex/torso_lift.xml
[0.851s] -- Installing: /home/nimesha/Thesis/moveit_ur5_ws/install/moveit_resources_pr2_description/share/moveit_resources_pr2_description/urdf/meshes/torso_v0/convex/torso_convex.stlb
[0.851s] -- Installing: /home/nimesha/Thesis/moveit_ur5_ws/install/moveit_resources_pr2_description/share/moveit_resources_pr2_description/urdf/meshes/torso_v0/convex/torso_lift_L.xml
[0.851s] -- Installing: /home/nimesha/Thesis/moveit_ur5_ws/install/moveit_resources_pr2_description/share/moveit_resources_pr2_description/urdf/meshes/torso_v0/torso_lift.dae
[0.853s] -- Installing: /home/nimesha/Thesis/moveit_ur5_ws/install/moveit_resources_pr2_description/share/moveit_resources_pr2_description/urdf/meshes/torso_v0/torso_lift_color.tif
[0.854s] -- Installing: /home/nimesha/Thesis/moveit_ur5_ws/install/moveit_resources_pr2_description/share/moveit_resources_pr2_description/urdf/meshes/torso_v0/torso_lift.stl
[0.855s] -- Installing: /home/nimesha/Thesis/moveit_ur5_ws/install/moveit_resources_pr2_description/share/moveit_resources_pr2_description/urdf/meshes/shoulder_v0
[0.855s] -- Installing: /home/nimesha/Thesis/moveit_ur5_ws/install/moveit_resources_pr2_description/share/moveit_resources_pr2_description/urdf/meshes/shoulder_v0/shoulder_pan.stl
[0.856s] -- Installing: /home/nimesha/Thesis/moveit_ur5_ws/install/moveit_resources_pr2_description/share/moveit_resources_pr2_description/urdf/meshes/shoulder_v0/shoulder_pan_normals.tif
[0.864s] -- Installing: /home/nimesha/Thesis/moveit_ur5_ws/install/moveit_resources_pr2_description/share/moveit_resources_pr2_description/urdf/meshes/shoulder_v0/upper_arm_roll.stl
[0.866s] -- Installing: /home/nimesha/Thesis/moveit_ur5_ws/install/moveit_resources_pr2_description/share/moveit_resources_pr2_description/urdf/meshes/shoulder_v0/shoulder_lift_color.tif
[0.867s] -- Installing: /home/nimesha/Thesis/moveit_ur5_ws/install/moveit_resources_pr2_description/share/moveit_resources_pr2_description/urdf/meshes/shoulder_v0/upper_arm_roll_color.tif
[0.869s] -- Installing: /home/nimesha/Thesis/moveit_ur5_ws/install/moveit_resources_pr2_description/share/moveit_resources_pr2_description/urdf/meshes/shoulder_v0/convex
[0.869s] -- Installing: /home/nimesha/Thesis/moveit_ur5_ws/install/moveit_resources_pr2_description/share/moveit_resources_pr2_description/urdf/meshes/shoulder_v0/convex/shoulder_lift.xml
[0.870s] -- Installing: /home/nimesha/Thesis/moveit_ur5_ws/install/moveit_resources_pr2_description/share/moveit_resources_pr2_description/urdf/meshes/shoulder_v0/convex/shoulder_pan_convex.stlb
[0.870s] -- Installing: /home/nimesha/Thesis/moveit_ur5_ws/install/moveit_resources_pr2_description/share/moveit_resources_pr2_description/urdf/meshes/shoulder_v0/convex/upper_arm_roll_L.xml
[0.871s] -- Installing: /home/nimesha/Thesis/moveit_ur5_ws/install/moveit_resources_pr2_description/share/moveit_resources_pr2_description/urdf/meshes/shoulder_v0/convex/shoulder_yaw_convex.stlb
[0.872s] -- Installing: /home/nimesha/Thesis/moveit_ur5_ws/install/moveit_resources_pr2_description/share/moveit_resources_pr2_description/urdf/meshes/shoulder_v0/convex/shoulder_pan_convex.stla
[0.873s] -- Installing: /home/nimesha/Thesis/moveit_ur5_ws/install/moveit_resources_pr2_description/share/moveit_resources_pr2_description/urdf/meshes/shoulder_v0/convex/upper_arm_roll_L_convex.stlb
[0.873s] -- Installing: /home/nimesha/Thesis/moveit_ur5_ws/install/moveit_resources_pr2_description/share/moveit_resources_pr2_description/urdf/meshes/shoulder_v0/convex/upper_arm_roll_convex.stla
[0.873s] -- Installing: /home/nimesha/Thesis/moveit_ur5_ws/install/moveit_resources_pr2_description/share/moveit_resources_pr2_description/urdf/meshes/shoulder_v0/convex/shoulder_pan.dae
[0.874s] -- Installing: /home/nimesha/Thesis/moveit_ur5_ws/install/moveit_resources_pr2_description/share/moveit_resources_pr2_description/urdf/meshes/shoulder_v0/convex/shoulder_pan.xml
[0.874s] -- Installing: /home/nimesha/Thesis/moveit_ur5_ws/install/moveit_resources_pr2_description/share/moveit_resources_pr2_description/urdf/meshes/shoulder_v0/convex/upper_arm_roll.xml
[0.875s] -- Installing: /home/nimesha/Thesis/moveit_ur5_ws/install/moveit_resources_pr2_description/share/moveit_resources_pr2_description/urdf/meshes/shoulder_v0/convex/upper_arm_roll_L_convex.stla
[0.876s] -- Installing: /home/nimesha/Thesis/moveit_ur5_ws/install/moveit_resources_pr2_description/share/moveit_resources_pr2_description/urdf/meshes/shoulder_v0/convex/shoulder_yaw.xml
[0.878s] -- Installing: /home/nimesha/Thesis/moveit_ur5_ws/install/moveit_resources_pr2_description/share/moveit_resources_pr2_description/urdf/meshes/shoulder_v0/convex/upper_arm_roll_L.dae
[0.878s] -- Installing: /home/nimesha/Thesis/moveit_ur5_ws/install/moveit_resources_pr2_description/share/moveit_resources_pr2_description/urdf/meshes/shoulder_v0/convex/upper_arm_roll.dae
[0.878s] -- Installing: /home/nimesha/Thesis/moveit_ur5_ws/install/moveit_resources_pr2_description/share/moveit_resources_pr2_description/urdf/meshes/shoulder_v0/convex/shoulder_yaw_convex.stla
[0.879s] -- Installing: /home/nimesha/Thesis/moveit_ur5_ws/install/moveit_resources_pr2_description/share/moveit_resources_pr2_description/urdf/meshes/shoulder_v0/convex/shoulder_lift_convex.stla
[0.880s] -- Installing: /home/nimesha/Thesis/moveit_ur5_ws/install/moveit_resources_pr2_description/share/moveit_resources_pr2_description/urdf/meshes/shoulder_v0/convex/shoulder_lift_convex.stlb
[0.880s] -- Installing: /home/nimesha/Thesis/moveit_ur5_ws/install/moveit_resources_pr2_description/share/moveit_resources_pr2_description/urdf/meshes/shoulder_v0/convex/shoulder_lift.dae
[0.881s] -- Installing: /home/nimesha/Thesis/moveit_ur5_ws/install/moveit_resources_pr2_description/share/moveit_resources_pr2_description/urdf/meshes/shoulder_v0/convex/upper_arm_roll_convex.stlb
[0.881s] -- Installing: /home/nimesha/Thesis/moveit_ur5_ws/install/moveit_resources_pr2_description/share/moveit_resources_pr2_description/urdf/meshes/shoulder_v0/convex/shoulder_yaw.dae
[0.882s] -- Installing: /home/nimesha/Thesis/moveit_ur5_ws/install/moveit_resources_pr2_description/share/moveit_resources_pr2_description/urdf/meshes/shoulder_v0/shoulder_pan.dae
[0.883s] -- Installing: /home/nimesha/Thesis/moveit_ur5_ws/install/moveit_resources_pr2_description/share/moveit_resources_pr2_description/urdf/meshes/shoulder_v0/upper_arm_roll.dae
[0.887s] -- Installing: /home/nimesha/Thesis/moveit_ur5_ws/install/moveit_resources_pr2_description/share/moveit_resources_pr2_description/urdf/meshes/shoulder_v0/shoulder_lift_normals.tif
[0.889s] -- Installing: /home/nimesha/Thesis/moveit_ur5_ws/install/moveit_resources_pr2_description/share/moveit_resources_pr2_description/urdf/meshes/shoulder_v0/shoulder_yaw.stl
[0.890s] -- Installing: /home/nimesha/Thesis/moveit_ur5_ws/install/moveit_resources_pr2_description/share/moveit_resources_pr2_description/urdf/meshes/shoulder_v0/upper_arm_roll_L.stl
[0.890s] -- Installing: /home/nimesha/Thesis/moveit_ur5_ws/install/moveit_resources_pr2_description/share/moveit_resources_pr2_description/urdf/meshes/shoulder_v0/shoulder_lift.stl
[0.891s] -- Installing: /home/nimesha/Thesis/moveit_ur5_ws/install/moveit_resources_pr2_description/share/moveit_resources_pr2_description/urdf/meshes/shoulder_v0/shoulder_lift.dae
[0.892s] -- Installing: /home/nimesha/Thesis/moveit_ur5_ws/install/moveit_resources_pr2_description/share/moveit_resources_pr2_description/urdf/meshes/shoulder_v0/shoulder_pan_color.tif
[0.897s] -- Installing: /home/nimesha/Thesis/moveit_ur5_ws/install/moveit_resources_pr2_description/share/moveit_resources_pr2_description/urdf/meshes/shoulder_v0/upper_arm_roll_normals.tif
[0.903s] -- Installing: /home/nimesha/Thesis/moveit_ur5_ws/install/moveit_resources_pr2_description/share/moveit_resources_pr2_description/urdf/meshes/base_v0
[0.903s] -- Installing: /home/nimesha/Thesis/moveit_ur5_ws/install/moveit_resources_pr2_description/share/moveit_resources_pr2_description/urdf/meshes/base_v0/caster.stl
[0.904s] -- Installing: /home/nimesha/Thesis/moveit_ur5_ws/install/moveit_resources_pr2_description/share/moveit_resources_pr2_description/urdf/meshes/base_v0/wheel.dae
[0.905s] -- Installing: /home/nimesha/Thesis/moveit_ur5_ws/install/moveit_resources_pr2_description/share/moveit_resources_pr2_description/urdf/meshes/base_v0/wheel_color.tif
[0.907s] -- Installing: /home/nimesha/Thesis/moveit_ur5_ws/install/moveit_resources_pr2_description/share/moveit_resources_pr2_description/urdf/meshes/base_v0/base_L.stl
[0.907s] -- Installing: /home/nimesha/Thesis/moveit_ur5_ws/install/moveit_resources_pr2_description/share/moveit_resources_pr2_description/urdf/meshes/base_v0/wheel_h_color.tif
[0.912s] -- Installing: /home/nimesha/Thesis/moveit_ur5_ws/install/moveit_resources_pr2_description/share/moveit_resources_pr2_description/urdf/meshes/base_v0/convex
[0.912s] -- Installing: /home/nimesha/Thesis/moveit_ur5_ws/install/moveit_resources_pr2_description/share/moveit_resources_pr2_description/urdf/meshes/base_v0/convex/wheel_convex.stla
[0.912s] -- Installing: /home/nimesha/Thesis/moveit_ur5_ws/install/moveit_resources_pr2_description/share/moveit_resources_pr2_description/urdf/meshes/base_v0/convex/pr2_wheel.dae
[0.913s] -- Installing: /home/nimesha/Thesis/moveit_ur5_ws/install/moveit_resources_pr2_description/share/moveit_resources_pr2_description/urdf/meshes/base_v0/convex/pr2_wheel_convex.stla
[0.913s] -- Installing: /home/nimesha/Thesis/moveit_ur5_ws/install/moveit_resources_pr2_description/share/moveit_resources_pr2_description/urdf/meshes/base_v0/convex/caster_convex.stlb
[0.914s] -- Installing: /home/nimesha/Thesis/moveit_ur5_ws/install/moveit_resources_pr2_description/share/moveit_resources_pr2_description/urdf/meshes/base_v0/convex/pr2_wheel_convex.stlb
[0.914s] -- Installing: /home/nimesha/Thesis/moveit_ur5_ws/install/moveit_resources_pr2_description/share/moveit_resources_pr2_description/urdf/meshes/base_v0/convex/wheel.dae
[0.914s] -- Installing: /home/nimesha/Thesis/moveit_ur5_ws/install/moveit_resources_pr2_description/share/moveit_resources_pr2_description/urdf/meshes/base_v0/convex/pr2_wheel.xml
[0.915s] -- Installing: /home/nimesha/Thesis/moveit_ur5_ws/install/moveit_resources_pr2_description/share/moveit_resources_pr2_description/urdf/meshes/base_v0/convex/base.xml
[0.915s] -- Installing: /home/nimesha/Thesis/moveit_ur5_ws/install/moveit_resources_pr2_description/share/moveit_resources_pr2_description/urdf/meshes/base_v0/convex/base_convex.stla
[0.916s] -- Installing: /home/nimesha/Thesis/moveit_ur5_ws/install/moveit_resources_pr2_description/share/moveit_resources_pr2_description/urdf/meshes/base_v0/convex/base_L_convex.stlb
[0.917s] -- Installing: /home/nimesha/Thesis/moveit_ur5_ws/install/moveit_resources_pr2_description/share/moveit_resources_pr2_description/urdf/meshes/base_v0/convex/wheel.xml
[0.917s] -- Installing: /home/nimesha/Thesis/moveit_ur5_ws/install/moveit_resources_pr2_description/share/moveit_resources_pr2_description/urdf/meshes/base_v0/convex/wheel_convex.stlb
[0.918s] -- Installing: /home/nimesha/Thesis/moveit_ur5_ws/install/moveit_resources_pr2_description/share/moveit_resources_pr2_description/urdf/meshes/base_v0/convex/base_L.dae
[0.918s] -- Installing: /home/nimesha/Thesis/moveit_ur5_ws/install/moveit_resources_pr2_description/share/moveit_resources_pr2_description/urdf/meshes/base_v0/convex/caster.xml
[0.918s] -- Installing: /home/nimesha/Thesis/moveit_ur5_ws/install/moveit_resources_pr2_description/share/moveit_resources_pr2_description/urdf/meshes/base_v0/convex/base_convex.stlb
[0.919s] -- Installing: /home/nimesha/Thesis/moveit_ur5_ws/install/moveit_resources_pr2_description/share/moveit_resources_pr2_description/urdf/meshes/base_v0/convex/caster_L_convex.stlb
[0.919s] -- Installing: /home/nimesha/Thesis/moveit_ur5_ws/install/moveit_resources_pr2_description/share/moveit_resources_pr2_description/urdf/meshes/base_v0/convex/caster_L.dae
[0.920s] -- Installing: /home/nimesha/Thesis/moveit_ur5_ws/install/moveit_resources_pr2_description/share/moveit_resources_pr2_description/urdf/meshes/base_v0/convex/base_L_convex.stla
[0.920s] -- Installing: /home/nimesha/Thesis/moveit_ur5_ws/install/moveit_resources_pr2_description/share/moveit_resources_pr2_description/urdf/meshes/base_v0/convex/caster.dae
[0.921s] -- Installing: /home/nimesha/Thesis/moveit_ur5_ws/install/moveit_resources_pr2_description/share/moveit_resources_pr2_description/urdf/meshes/base_v0/convex/base.dae
[0.922s] -- Installing: /home/nimesha/Thesis/moveit_ur5_ws/install/moveit_resources_pr2_description/share/moveit_resources_pr2_description/urdf/meshes/base_v0/convex/base_L.xml
[0.922s] -- Installing: /home/nimesha/Thesis/moveit_ur5_ws/install/moveit_resources_pr2_description/share/moveit_resources_pr2_description/urdf/meshes/base_v0/convex/caster_L_convex.stla
[0.923s] -- Installing: /home/nimesha/Thesis/moveit_ur5_ws/install/moveit_resources_pr2_description/share/moveit_resources_pr2_description/urdf/meshes/base_v0/convex/caster_L.xml
[0.923s] -- Installing: /home/nimesha/Thesis/moveit_ur5_ws/install/moveit_resources_pr2_description/share/moveit_resources_pr2_description/urdf/meshes/base_v0/convex/caster_convex.stla
[0.924s] -- Installing: /home/nimesha/Thesis/moveit_ur5_ws/install/moveit_resources_pr2_description/share/moveit_resources_pr2_description/urdf/meshes/base_v0/base_color.tif
[0.926s] -- Installing: /home/nimesha/Thesis/moveit_ur5_ws/install/moveit_resources_pr2_description/share/moveit_resources_pr2_description/urdf/meshes/base_v0/wheel.stl
[0.927s] -- Installing: /home/nimesha/Thesis/moveit_ur5_ws/install/moveit_resources_pr2_description/share/moveit_resources_pr2_description/urdf/meshes/base_v0/base_normals.tif
[0.930s] -- Installing: /home/nimesha/Thesis/moveit_ur5_ws/install/moveit_resources_pr2_description/share/moveit_resources_pr2_description/urdf/meshes/base_v0/base.dae
[0.932s] -- Installing: /home/nimesha/Thesis/moveit_ur5_ws/install/moveit_resources_pr2_description/share/moveit_resources_pr2_description/urdf/meshes/base_v0/wheel_h.dae
[0.939s] -- Installing: /home/nimesha/Thesis/moveit_ur5_ws/install/moveit_resources_pr2_description/share/moveit_resources_pr2_description/urdf/meshes/base_v0/wheel_normals.tif
[0.944s] -- Installing: /home/nimesha/Thesis/moveit_ur5_ws/install/moveit_resources_pr2_description/share/moveit_resources_pr2_description/urdf/meshes/base_v0/caster_L.stl
[0.944s] -- Installing: /home/nimesha/Thesis/moveit_ur5_ws/install/moveit_resources_pr2_description/share/moveit_resources_pr2_description/urdf/meshes/base_v0/pr2_wheel.stl
[0.947s] -- Installing: /home/nimesha/Thesis/moveit_ur5_ws/install/moveit_resources_pr2_description/share/moveit_resources_pr2_description/urdf/meshes/base_v0/base.stl
[0.948s] -- Installing: /home/nimesha/Thesis/moveit_ur5_ws/install/moveit_resources_pr2_description/share/moveit_resources_pr2_description/urdf/meshes/sensors
[0.948s] -- Installing: /home/nimesha/Thesis/moveit_ur5_ws/install/moveit_resources_pr2_description/share/moveit_resources_pr2_description/urdf/meshes/sensors/kinect_v0
[0.948s] -- Installing: /home/nimesha/Thesis/moveit_ur5_ws/install/moveit_resources_pr2_description/share/moveit_resources_pr2_description/urdf/meshes/sensors/kinect_v0/kinect_mount.stl
[0.949s] -- Installing: /home/nimesha/Thesis/moveit_ur5_ws/install/moveit_resources_pr2_description/share/moveit_resources_pr2_description/urdf/meshes/sensors/kinect_v0/kinect_color.tga
[0.950s] -- Installing: /home/nimesha/Thesis/moveit_ur5_ws/install/moveit_resources_pr2_description/share/moveit_resources_pr2_description/urdf/meshes/sensors/kinect_v0/kinect.tga
[0.951s] -- Installing: /home/nimesha/Thesis/moveit_ur5_ws/install/moveit_resources_pr2_description/share/moveit_resources_pr2_description/urdf/meshes/sensors/kinect_v0/kinect.dae
[0.952s] -- Installing: /home/nimesha/Thesis/moveit_ur5_ws/install/moveit_resources_pr2_description/share/moveit_resources_pr2_description/urdf/meshes/sensors/kinect_prosilica_v0
[0.952s] -- Installing: /home/nimesha/Thesis/moveit_ur5_ws/install/moveit_resources_pr2_description/share/moveit_resources_pr2_description/urdf/meshes/sensors/kinect_prosilica_v0/115x100_swept_back--coarse.STL
[0.954s] -- Installing: /home/nimesha/Thesis/moveit_ur5_ws/install/moveit_resources_pr2_description/share/moveit_resources_pr2_description/urdf/meshes/sensors/kinect_prosilica_v0/115x100_swept_fwd--coarse.STL
[0.960s] -- Installing: /home/nimesha/Thesis/moveit_ur5_ws/install/moveit_resources_pr2_description/share/moveit_resources_pr2_description/urdf/meshes/sensors/kinect_prosilica_v0/115x100_swept_back_no_sensors--coarse.STL
[0.967s] -- Installing: /home/nimesha/Thesis/moveit_ur5_ws/install/moveit_resources_pr2_description/share/moveit_resources_pr2_description/urdf/meshes/sensors/kinect_prosilica_v0/115x100_swept_fwd_no_sensors--coarse.STL
[0.970s] -- Installing: /home/nimesha/Thesis/moveit_ur5_ws/install/moveit_resources_pr2_description/share/moveit_resources_pr2_description/urdf/meshes/sensors/kinect_prosilica_v0/68-04546_Kinect_Sensor--coarse.STL
[0.972s] -- Installing: /home/nimesha/Thesis/moveit_ur5_ws/install/moveit_resources_pr2_description/share/moveit_resources_pr2_description/urdf/meshes/sensors/kinect_prosilica_v0/Prosilica_w_Lens--coarse.STL
[0.981s] -- Installing: /home/nimesha/Thesis/moveit_ur5_ws/install/moveit_resources_pr2_description/share/moveit_resources_pr2_description/urdf/meshes/head_v0
[0.981s] -- Installing: /home/nimesha/Thesis/moveit_ur5_ws/install/moveit_resources_pr2_description/share/moveit_resources_pr2_description/urdf/meshes/head_v0/head_tilt_color_red.tif
[0.984s] -- Installing: /home/nimesha/Thesis/moveit_ur5_ws/install/moveit_resources_pr2_description/share/moveit_resources_pr2_description/urdf/meshes/head_v0/head_pan_color.tif
[0.985s] -- Installing: /home/nimesha/Thesis/moveit_ur5_ws/install/moveit_resources_pr2_description/share/moveit_resources_pr2_description/urdf/meshes/head_v0/head_pan.dae
[0.985s] -- Installing: /home/nimesha/Thesis/moveit_ur5_ws/install/moveit_resources_pr2_description/share/moveit_resources_pr2_description/urdf/meshes/head_v0/head_tilt.dae
[0.986s] -- Installing: /home/nimesha/Thesis/moveit_ur5_ws/install/moveit_resources_pr2_description/share/moveit_resources_pr2_description/urdf/meshes/head_v0/head_tilt_color.tif
[1.002s] -- Installing: /home/nimesha/Thesis/moveit_ur5_ws/install/moveit_resources_pr2_description/share/moveit_resources_pr2_description/urdf/meshes/head_v0/head_pan.stl
[1.002s] -- Installing: /home/nimesha/Thesis/moveit_ur5_ws/install/moveit_resources_pr2_description/share/moveit_resources_pr2_description/urdf/meshes/head_v0/convex
[1.002s] -- Installing: /home/nimesha/Thesis/moveit_ur5_ws/install/moveit_resources_pr2_description/share/moveit_resources_pr2_description/urdf/meshes/head_v0/convex/head_tilt_convex.stla
[1.003s] -- Installing: /home/nimesha/Thesis/moveit_ur5_ws/install/moveit_resources_pr2_description/share/moveit_resources_pr2_description/urdf/meshes/head_v0/convex/head_tilt_L.xml
[1.003s] -- Installing: /home/nimesha/Thesis/moveit_ur5_ws/install/moveit_resources_pr2_description/share/moveit_resources_pr2_description/urdf/meshes/head_v0/convex/head_pan_L.xml
[1.004s] -- Installing: /home/nimesha/Thesis/moveit_ur5_ws/install/moveit_resources_pr2_description/share/moveit_resources_pr2_description/urdf/meshes/head_v0/convex/head_tilt.xml
[1.004s] -- Installing: /home/nimesha/Thesis/moveit_ur5_ws/install/moveit_resources_pr2_description/share/moveit_resources_pr2_description/urdf/meshes/head_v0/convex/head_pan.dae
[1.005s] -- Installing: /home/nimesha/Thesis/moveit_ur5_ws/install/moveit_resources_pr2_description/share/moveit_resources_pr2_description/urdf/meshes/head_v0/convex/head_pan_L.dae
[1.005s] -- Installing: /home/nimesha/Thesis/moveit_ur5_ws/install/moveit_resources_pr2_description/share/moveit_resources_pr2_description/urdf/meshes/head_v0/convex/head_pan_L_convex.stla
[1.006s] -- Installing: /home/nimesha/Thesis/moveit_ur5_ws/install/moveit_resources_pr2_description/share/moveit_resources_pr2_description/urdf/meshes/head_v0/convex/head_tilt_convex.stlb
[1.006s] -- Installing: /home/nimesha/Thesis/moveit_ur5_ws/install/moveit_resources_pr2_description/share/moveit_resources_pr2_description/urdf/meshes/head_v0/convex/head_pan_L_convex.stlb
[1.008s] -- Installing: /home/nimesha/Thesis/moveit_ur5_ws/install/moveit_resources_pr2_description/share/moveit_resources_pr2_description/urdf/meshes/head_v0/convex/head_tilt_L_convex.stla
[1.008s] -- Installing: /home/nimesha/Thesis/moveit_ur5_ws/install/moveit_resources_pr2_description/share/moveit_resources_pr2_description/urdf/meshes/head_v0/convex/head_tilt.dae
[1.009s] -- Installing: /home/nimesha/Thesis/moveit_ur5_ws/install/moveit_resources_pr2_description/share/moveit_resources_pr2_description/urdf/meshes/head_v0/convex/head_pan_convex.stlb
[1.009s] -- Installing: /home/nimesha/Thesis/moveit_ur5_ws/install/moveit_resources_pr2_description/share/moveit_resources_pr2_description/urdf/meshes/head_v0/convex/head_pan.xml
[1.010s] -- Installing: /home/nimesha/Thesis/moveit_ur5_ws/install/moveit_resources_pr2_description/share/moveit_resources_pr2_description/urdf/meshes/head_v0/convex/head_tilt_L.dae
[1.010s] -- Installing: /home/nimesha/Thesis/moveit_ur5_ws/install/moveit_resources_pr2_description/share/moveit_resources_pr2_description/urdf/meshes/head_v0/convex/head_pan_convex.stla
[1.011s] -- Installing: /home/nimesha/Thesis/moveit_ur5_ws/install/moveit_resources_pr2_description/share/moveit_resources_pr2_description/urdf/meshes/head_v0/convex/head_tilt_L_convex.stlb
[1.012s] -- Installing: /home/nimesha/Thesis/moveit_ur5_ws/install/moveit_resources_pr2_description/share/moveit_resources_pr2_description/urdf/meshes/head_v0/head_tilt_color_yellow.tif
[1.015s] -- Installing: /home/nimesha/Thesis/moveit_ur5_ws/install/moveit_resources_pr2_description/share/moveit_resources_pr2_description/urdf/meshes/head_v0/head_pan_normals.tif
[1.022s] -- Installing: /home/nimesha/Thesis/moveit_ur5_ws/install/moveit_resources_pr2_description/share/moveit_resources_pr2_description/urdf/meshes/head_v0/head_pan_L.stl
[1.022s] -- Installing: /home/nimesha/Thesis/moveit_ur5_ws/install/moveit_resources_pr2_description/share/moveit_resources_pr2_description/urdf/meshes/head_v0/head_tilt.stl
[1.023s] -- Installing: /home/nimesha/Thesis/moveit_ur5_ws/install/moveit_resources_pr2_description/share/moveit_resources_pr2_description/urdf/meshes/head_v0/head_tilt_normals.tif
[1.028s] -- Installing: /home/nimesha/Thesis/moveit_ur5_ws/install/moveit_resources_pr2_description/share/moveit_resources_pr2_description/urdf/meshes/head_v0/head_tilt_L.stl
[1.028s] -- Installing: /home/nimesha/Thesis/moveit_ur5_ws/install/moveit_resources_pr2_description/share/moveit_resources_pr2_description/urdf/meshes/head_v0/head_tilt_green.tif
[1.030s] -- Installing: /home/nimesha/Thesis/moveit_ur5_ws/install/moveit_resources_pr2_description/share/moveit_resources_pr2_description/urdf/meshes/gripper_v0
[1.030s] -- Installing: /home/nimesha/Thesis/moveit_ur5_ws/install/moveit_resources_pr2_description/share/moveit_resources_pr2_description/urdf/meshes/gripper_v0/gripper_palm_color.tif
[1.032s] -- Installing: /home/nimesha/Thesis/moveit_ur5_ws/install/moveit_resources_pr2_description/share/moveit_resources_pr2_description/urdf/meshes/gripper_v0/l_finger.stl
[1.033s] -- Installing: /home/nimesha/Thesis/moveit_ur5_ws/install/moveit_resources_pr2_description/share/moveit_resources_pr2_description/urdf/meshes/gripper_v0/l_finger_tip.dae
[1.033s] -- Installing: /home/nimesha/Thesis/moveit_ur5_ws/install/moveit_resources_pr2_description/share/moveit_resources_pr2_description/urdf/meshes/gripper_v0/l_finger_tip_normals.tif
[1.039s] -- Installing: /home/nimesha/Thesis/moveit_ur5_ws/install/moveit_resources_pr2_description/share/moveit_resources_pr2_description/urdf/meshes/gripper_v0/l_finger_tip_color.tif
[1.040s] -- Installing: /home/nimesha/Thesis/moveit_ur5_ws/install/moveit_resources_pr2_description/share/moveit_resources_pr2_description/urdf/meshes/gripper_v0/l_float_color.tif
[1.041s] -- Installing: /home/nimesha/Thesis/moveit_ur5_ws/install/moveit_resources_pr2_description/share/moveit_resources_pr2_description/urdf/meshes/gripper_v0/finger_H_UV_100430.dae
[1.054s] -- Installing: /home/nimesha/Thesis/moveit_ur5_ws/install/moveit_resources_pr2_description/share/moveit_resources_pr2_description/urdf/meshes/gripper_v0/finger_tip_l.stl
[1.055s] -- Installing: /home/nimesha/Thesis/moveit_ur5_ws/install/moveit_resources_pr2_description/share/moveit_resources_pr2_description/urdf/meshes/gripper_v0/l_finger.dae
[1.056s] -- Installing: /home/nimesha/Thesis/moveit_ur5_ws/install/moveit_resources_pr2_description/share/moveit_resources_pr2_description/urdf/meshes/gripper_v0/finger_tip_r.stl
[1.057s] -- Installing: /home/nimesha/Thesis/moveit_ur5_ws/install/moveit_resources_pr2_description/share/moveit_resources_pr2_description/urdf/meshes/gripper_v0/gripper_palm.dae
[1.058s] -- Installing: /home/nimesha/Thesis/moveit_ur5_ws/install/moveit_resources_pr2_description/share/moveit_resources_pr2_description/urdf/meshes/gripper_v0/l_float_normals.tif
[1.065s] -- Installing: /home/nimesha/Thesis/moveit_ur5_ws/install/moveit_resources_pr2_description/share/moveit_resources_pr2_description/urdf/meshes/gripper_v0/gripper_palm_normals.tif
[1.075s] -- Installing: /home/nimesha/Thesis/moveit_ur5_ws/install/moveit_resources_pr2_description/share/moveit_resources_pr2_description/urdf/meshes/gripper_v0/finger_tip_H_UV_100430.dae
[1.082s] -- Installing: /home/nimesha/Thesis/moveit_ur5_ws/install/moveit_resources_pr2_description/share/moveit_resources_pr2_description/urdf/meshes/gripper_v0/l_float.dae
[1.084s] -- Installing: /home/nimesha/Thesis/moveit_ur5_ws/install/moveit_resources_pr2_description/share/moveit_resources_pr2_description/urdf/meshes/gripper_v0/gripper_palm.stl
[1.085s] -- Installing: /home/nimesha/Thesis/moveit_ur5_ws/install/moveit_resources_pr2_description/share/moveit_resources_pr2_description/urdf/meshes/gripper_v0/convex
[1.085s] -- Installing: /home/nimesha/Thesis/moveit_ur5_ws/install/moveit_resources_pr2_description/share/moveit_resources_pr2_description/urdf/meshes/gripper_v0/convex/finger_tip_r.xml
[1.086s] -- Installing: /home/nimesha/Thesis/moveit_ur5_ws/install/moveit_resources_pr2_description/share/moveit_resources_pr2_description/urdf/meshes/gripper_v0/convex/gripper_palm_convex.stla
[1.086s] -- Installing: /home/nimesha/Thesis/moveit_ur5_ws/install/moveit_resources_pr2_description/share/moveit_resources_pr2_description/urdf/meshes/gripper_v0/convex/l_floating_convex.stlb
[1.086s] -- Installing: /home/nimesha/Thesis/moveit_ur5_ws/install/moveit_resources_pr2_description/share/moveit_resources_pr2_description/urdf/meshes/gripper_v0/convex/finger_tip_pad2_r_convex.stla
[1.087s] -- Installing: /home/nimesha/Thesis/moveit_ur5_ws/install/moveit_resources_pr2_description/share/moveit_resources_pr2_description/urdf/meshes/gripper_v0/convex/l_floating_convex.stla
[1.088s] -- Installing: /home/nimesha/Thesis/moveit_ur5_ws/install/moveit_resources_pr2_description/share/moveit_resources_pr2_description/urdf/meshes/gripper_v0/convex/finger_tip_pad2_l.xml
[1.088s] -- Installing: /home/nimesha/Thesis/moveit_ur5_ws/install/moveit_resources_pr2_description/share/moveit_resources_pr2_description/urdf/meshes/gripper_v0/convex/l_floating.xml
[1.088s] -- Installing: /home/nimesha/Thesis/moveit_ur5_ws/install/moveit_resources_pr2_description/share/moveit_resources_pr2_description/urdf/meshes/gripper_v0/convex/l_finger_tip.dae
[1.089s] -- Installing: /home/nimesha/Thesis/moveit_ur5_ws/install/moveit_resources_pr2_description/share/moveit_resources_pr2_description/urdf/meshes/gripper_v0/convex/l_finger_convex.stla
[1.089s] -- Installing: /home/nimesha/Thesis/moveit_ur5_ws/install/moveit_resources_pr2_description/share/moveit_resources_pr2_description/urdf/meshes/gripper_v0/convex/finger_tip_pad2_l_convex.stla
[1.089s] -- Installing: /home/nimesha/Thesis/moveit_ur5_ws/install/moveit_resources_pr2_description/share/moveit_resources_pr2_description/urdf/meshes/gripper_v0/convex/l_finger_tip_convex.stla
[1.090s] -- Installing: /home/nimesha/Thesis/moveit_ur5_ws/install/moveit_resources_pr2_description/share/moveit_resources_pr2_description/urdf/meshes/gripper_v0/convex/l_finger_convex.stlb
[1.090s] -- Installing: /home/nimesha/Thesis/moveit_ur5_ws/install/moveit_resources_pr2_description/share/moveit_resources_pr2_description/urdf/meshes/gripper_v0/convex/upper_finger_l.dae
[1.092s] -- Installing: /home/nimesha/Thesis/moveit_ur5_ws/install/moveit_resources_pr2_description/share/moveit_resources_pr2_description/urdf/meshes/gripper_v0/convex/l_finger.dae
[1.092s] -- Installing: /home/nimesha/Thesis/moveit_ur5_ws/install/moveit_resources_pr2_description/share/moveit_resources_pr2_description/urdf/meshes/gripper_v0/convex/upper_finger_r.dae
[1.093s] -- Installing: /home/nimesha/Thesis/moveit_ur5_ws/install/moveit_resources_pr2_description/share/moveit_resources_pr2_description/urdf/meshes/gripper_v0/convex/finger_tip_l_convex.stla
[1.093s] -- Installing: /home/nimesha/Thesis/moveit_ur5_ws/install/moveit_resources_pr2_description/share/moveit_resources_pr2_description/urdf/meshes/gripper_v0/convex/l_finger_tip.xml
[1.093s] -- Installing: /home/nimesha/Thesis/moveit_ur5_ws/install/moveit_resources_pr2_description/share/moveit_resources_pr2_description/urdf/meshes/gripper_v0/convex/upper_finger_l_convex.stlb
[1.094s] -- Installing: /home/nimesha/Thesis/moveit_ur5_ws/install/moveit_resources_pr2_description/share/moveit_resources_pr2_description/urdf/meshes/gripper_v0/convex/finger_tip_pad2_l.dae
[1.094s] -- Installing: /home/nimesha/Thesis/moveit_ur5_ws/install/moveit_resources_pr2_description/share/moveit_resources_pr2_description/urdf/meshes/gripper_v0/convex/upper_finger_r_convex.stla
[1.094s] -- Installing: /home/nimesha/Thesis/moveit_ur5_ws/install/moveit_resources_pr2_description/share/moveit_resources_pr2_description/urdf/meshes/gripper_v0/convex/gripper_palm.dae
[1.094s] -- Installing: /home/nimesha/Thesis/moveit_ur5_ws/install/moveit_resources_pr2_description/share/moveit_resources_pr2_description/urdf/meshes/gripper_v0/convex/finger_tip_l.xml
[1.095s] -- Installing: /home/nimesha/Thesis/moveit_ur5_ws/install/moveit_resources_pr2_description/share/moveit_resources_pr2_description/urdf/meshes/gripper_v0/convex/gripper_palm.xml
[1.095s] -- Installing: /home/nimesha/Thesis/moveit_ur5_ws/install/moveit_resources_pr2_description/share/moveit_resources_pr2_description/urdf/meshes/gripper_v0/convex/upper_finger_l_convex.stla
[1.095s] -- Installing: /home/nimesha/Thesis/moveit_ur5_ws/install/moveit_resources_pr2_description/share/moveit_resources_pr2_description/urdf/meshes/gripper_v0/convex/finger_tip_l_convex.stlb
[1.095s] -- Installing: /home/nimesha/Thesis/moveit_ur5_ws/install/moveit_resources_pr2_description/share/moveit_resources_pr2_description/urdf/meshes/gripper_v0/convex/finger_tip_r_convex.stla
[1.096s] -- Installing: /home/nimesha/Thesis/moveit_ur5_ws/install/moveit_resources_pr2_description/share/moveit_resources_pr2_description/urdf/meshes/gripper_v0/convex/finger_tip_r.dae
[1.096s] -- Installing: /home/nimesha/Thesis/moveit_ur5_ws/install/moveit_resources_pr2_description/share/moveit_resources_pr2_description/urdf/meshes/gripper_v0/convex/finger_tip_pad2_l_convex.stlb
[1.096s] -- Installing: /home/nimesha/Thesis/moveit_ur5_ws/install/moveit_resources_pr2_description/share/moveit_resources_pr2_description/urdf/meshes/gripper_v0/convex/l_floating.dae
[1.096s] -- Installing: /home/nimesha/Thesis/moveit_ur5_ws/install/moveit_resources_pr2_description/share/moveit_resources_pr2_description/urdf/meshes/gripper_v0/convex/upper_finger_l.xml
[1.097s] -- Installing: /home/nimesha/Thesis/moveit_ur5_ws/install/moveit_resources_pr2_description/share/moveit_resources_pr2_description/urdf/meshes/gripper_v0/convex/finger_tip_l.dae
[1.099s] -- Installing: /home/nimesha/Thesis/moveit_ur5_ws/install/moveit_resources_pr2_description/share/moveit_resources_pr2_description/urdf/meshes/gripper_v0/convex/upper_finger_r.xml
[1.099s] -- Installing: /home/nimesha/Thesis/moveit_ur5_ws/install/moveit_resources_pr2_description/share/moveit_resources_pr2_description/urdf/meshes/gripper_v0/convex/finger_tip_pad2_r.xml
[1.099s] -- Installing: /home/nimesha/Thesis/moveit_ur5_ws/install/moveit_resources_pr2_description/share/moveit_resources_pr2_description/urdf/meshes/gripper_v0/convex/finger_tip_pad2_r.dae
[1.101s] -- Installing: /home/nimesha/Thesis/moveit_ur5_ws/install/moveit_resources_pr2_description/share/moveit_resources_pr2_description/urdf/meshes/gripper_v0/convex/l_finger_tip_convex.stlb
[1.101s] -- Installing: /home/nimesha/Thesis/moveit_ur5_ws/install/moveit_resources_pr2_description/share/moveit_resources_pr2_description/urdf/meshes/gripper_v0/convex/finger_tip_pad2_r_convex.stlb
[1.101s] -- Installing: /home/nimesha/Thesis/moveit_ur5_ws/install/moveit_resources_pr2_description/share/moveit_resources_pr2_description/urdf/meshes/gripper_v0/convex/upper_finger_r_convex.stlb
[1.102s] -- Installing: /home/nimesha/Thesis/moveit_ur5_ws/install/moveit_resources_pr2_description/share/moveit_resources_pr2_description/urdf/meshes/gripper_v0/convex/finger_tip_r_convex.stlb
[1.102s] -- Installing: /home/nimesha/Thesis/moveit_ur5_ws/install/moveit_resources_pr2_description/share/moveit_resources_pr2_description/urdf/meshes/gripper_v0/convex/l_finger.xml
[1.104s] -- Installing: /home/nimesha/Thesis/moveit_ur5_ws/install/moveit_resources_pr2_description/share/moveit_resources_pr2_description/urdf/meshes/gripper_v0/convex/gripper_palm_convex.stlb
[1.104s] -- Installing: /home/nimesha/Thesis/moveit_ur5_ws/install/moveit_resources_pr2_description/share/moveit_resources_pr2_description/urdf/meshes/gripper_v0/l_finger_tip.stl
[1.105s] -- Installing: /home/nimesha/Thesis/moveit_ur5_ws/install/moveit_resources_pr2_description/share/moveit_resources_pr2_description/urdf/meshes/gripper_v0/float_H_UV_100430.dae
[1.111s] -- Installing: /home/nimesha/Thesis/moveit_ur5_ws/install/moveit_resources_pr2_description/share/moveit_resources_pr2_description/urdf/meshes/gripper_v0/float_H_Color_100430.tif
[1.112s] -- Installing: /home/nimesha/Thesis/moveit_ur5_ws/install/moveit_resources_pr2_description/share/moveit_resources_pr2_description/urdf/meshes/gripper_v0/upper_finger_l.stl
[1.112s] -- Installing: /home/nimesha/Thesis/moveit_ur5_ws/install/moveit_resources_pr2_description/share/moveit_resources_pr2_description/urdf/meshes/gripper_v0/finger_tip_pad2_l.stl
[1.112s] -- Installing: /home/nimesha/Thesis/moveit_ur5_ws/install/moveit_resources_pr2_description/share/moveit_resources_pr2_description/urdf/meshes/gripper_v0/l_finger_color.tif
[1.113s] -- Installing: /home/nimesha/Thesis/moveit_ur5_ws/install/moveit_resources_pr2_description/share/moveit_resources_pr2_description/urdf/meshes/gripper_v0/palm_H_UV_100430.dae
[1.118s] -- Installing: /home/nimesha/Thesis/moveit_ur5_ws/install/moveit_resources_pr2_description/share/moveit_resources_pr2_description/urdf/meshes/gripper_v0/l_floating.stl
[1.119s] -- Installing: /home/nimesha/Thesis/moveit_ur5_ws/install/moveit_resources_pr2_description/share/moveit_resources_pr2_description/urdf/meshes/gripper_v0/l_finger_normals.tif
[1.123s] -- Installing: /home/nimesha/Thesis/moveit_ur5_ws/install/moveit_resources_pr2_description/share/moveit_resources_pr2_description/urdf/meshes/gripper_v0/finger_tip_pad2_r.stl
[1.123s] -- Installing: /home/nimesha/Thesis/moveit_ur5_ws/install/moveit_resources_pr2_description/share/moveit_resources_pr2_description/urdf/meshes/gripper_v0/fingertip_H_Color_100430.tif
[1.124s] -- Installing: /home/nimesha/Thesis/moveit_ur5_ws/install/moveit_resources_pr2_description/share/moveit_resources_pr2_description/urdf/meshes/gripper_v0/palm_H_Color_100430.tif
[1.125s] -- Installing: /home/nimesha/Thesis/moveit_ur5_ws/install/moveit_resources_pr2_description/share/moveit_resources_pr2_description/urdf/meshes/gripper_v0/upper_finger_r.stl
[1.125s] -- Installing: /home/nimesha/Thesis/moveit_ur5_ws/install/moveit_resources_pr2_description/share/moveit_resources_pr2_description/urdf/meshes/gripper_v0/finger_H_Color_100430.tif
[1.126s] -- Installing: /home/nimesha/Thesis/moveit_ur5_ws/install/moveit_resources_pr2_description/share/moveit_resources_pr2_description/urdf/meshes/forearm_v0
[1.126s] -- Installing: /home/nimesha/Thesis/moveit_ur5_ws/install/moveit_resources_pr2_description/share/moveit_resources_pr2_description/urdf/meshes/forearm_v0/wrist_flex.stl
[1.127s] -- Installing: /home/nimesha/Thesis/moveit_ur5_ws/install/moveit_resources_pr2_description/share/moveit_resources_pr2_description/urdf/meshes/forearm_v0/forearm.stl
[1.129s] -- Installing: /home/nimesha/Thesis/moveit_ur5_ws/install/moveit_resources_pr2_description/share/moveit_resources_pr2_description/urdf/meshes/forearm_v0/forearm_color.tif
[1.141s] -- Installing: /home/nimesha/Thesis/moveit_ur5_ws/install/moveit_resources_pr2_description/share/moveit_resources_pr2_description/urdf/meshes/forearm_v0/wrist_roll.stl
[1.141s] -- Installing: /home/nimesha/Thesis/moveit_ur5_ws/install/moveit_resources_pr2_description/share/moveit_resources_pr2_description/urdf/meshes/forearm_v0/convex
[1.141s] -- Installing: /home/nimesha/Thesis/moveit_ur5_ws/install/moveit_resources_pr2_description/share/moveit_resources_pr2_description/urdf/meshes/forearm_v0/convex/wrist_roll_L_convex.stla
[1.142s] -- Installing: /home/nimesha/Thesis/moveit_ur5_ws/install/moveit_resources_pr2_description/share/moveit_resources_pr2_description/urdf/meshes/forearm_v0/convex/wrist_roll_L.dae
[1.142s] -- Installing: /home/nimesha/Thesis/moveit_ur5_ws/install/moveit_resources_pr2_description/share/moveit_resources_pr2_description/urdf/meshes/forearm_v0/convex/wrist_roll_convex.stlb
[1.142s] -- Installing: /home/nimesha/Thesis/moveit_ur5_ws/install/moveit_resources_pr2_description/share/moveit_resources_pr2_description/urdf/meshes/forearm_v0/convex/wrist_flex_convex.stlb
[1.142s] -- Installing: /home/nimesha/Thesis/moveit_ur5_ws/install/moveit_resources_pr2_description/share/moveit_resources_pr2_description/urdf/meshes/forearm_v0/convex/wrist_roll.xml
[1.143s] -- Installing: /home/nimesha/Thesis/moveit_ur5_ws/install/moveit_resources_pr2_description/share/moveit_resources_pr2_description/urdf/meshes/forearm_v0/convex/wrist_flex_convex.stla
[1.143s] -- Installing: /home/nimesha/Thesis/moveit_ur5_ws/install/moveit_resources_pr2_description/share/moveit_resources_pr2_description/urdf/meshes/forearm_v0/convex/wrist_roll_L.xml
[1.143s] -- Installing: /home/nimesha/Thesis/moveit_ur5_ws/install/moveit_resources_pr2_description/share/moveit_resources_pr2_description/urdf/meshes/forearm_v0/convex/wrist_roll_L_convex.stlb
[1.143s] -- Installing: /home/nimesha/Thesis/moveit_ur5_ws/install/moveit_resources_pr2_description/share/moveit_resources_pr2_description/urdf/meshes/forearm_v0/convex/forearm_convex.stla
[1.144s] -- Installing: /home/nimesha/Thesis/moveit_ur5_ws/install/moveit_resources_pr2_description/share/moveit_resources_pr2_description/urdf/meshes/forearm_v0/convex/wrist_roll.dae
[1.144s] -- Installing: /home/nimesha/Thesis/moveit_ur5_ws/install/moveit_resources_pr2_description/share/moveit_resources_pr2_description/urdf/meshes/forearm_v0/convex/wrist_roll_convex.stla
[1.145s] -- Installing: /home/nimesha/Thesis/moveit_ur5_ws/install/moveit_resources_pr2_description/share/moveit_resources_pr2_description/urdf/meshes/forearm_v0/convex/wrist_flex.dae
[1.145s] -- Installing: /home/nimesha/Thesis/moveit_ur5_ws/install/moveit_resources_pr2_description/share/moveit_resources_pr2_description/urdf/meshes/forearm_v0/convex/wrist_flex.xml
[1.147s] -- Installing: /home/nimesha/Thesis/moveit_ur5_ws/install/moveit_resources_pr2_description/share/moveit_resources_pr2_description/urdf/meshes/forearm_v0/convex/forearm.dae
[1.148s] -- Installing: /home/nimesha/Thesis/moveit_ur5_ws/install/moveit_resources_pr2_description/share/moveit_resources_pr2_description/urdf/meshes/forearm_v0/convex/forearm.xml
[1.148s] -- Installing: /home/nimesha/Thesis/moveit_ur5_ws/install/moveit_resources_pr2_description/share/moveit_resources_pr2_description/urdf/meshes/forearm_v0/convex/forearm_convex.stlb
[1.148s] -- Installing: /home/nimesha/Thesis/moveit_ur5_ws/install/moveit_resources_pr2_description/share/moveit_resources_pr2_description/urdf/meshes/forearm_v0/wrist_flex.dae
[1.150s] -- Installing: /home/nimesha/Thesis/moveit_ur5_ws/install/moveit_resources_pr2_description/share/moveit_resources_pr2_description/urdf/meshes/forearm_v0/forearm.dae
[1.150s] -- Installing: /home/nimesha/Thesis/moveit_ur5_ws/install/moveit_resources_pr2_description/share/moveit_resources_pr2_description/urdf/meshes/forearm_v0/forearm.jpg
[1.153s] -- Installing: /home/nimesha/Thesis/moveit_ur5_ws/install/moveit_resources_pr2_description/share/moveit_resources_pr2_description/urdf/meshes/forearm_v0/wrist_normals.tif
[1.155s] -- Installing: /home/nimesha/Thesis/moveit_ur5_ws/install/moveit_resources_pr2_description/share/moveit_resources_pr2_description/urdf/meshes/forearm_v0/forearm_normals.tif
[1.161s] -- Installing: /home/nimesha/Thesis/moveit_ur5_ws/install/moveit_resources_pr2_description/share/moveit_resources_pr2_description/urdf/meshes/forearm_v0/wrist_roll_L.stl
[1.161s] -- Installing: /home/nimesha/Thesis/moveit_ur5_ws/install/moveit_resources_pr2_description/share/moveit_resources_pr2_description/urdf/meshes/forearm_v0/wrist_color.tif
[1.163s] -- Installing: /home/nimesha/Thesis/moveit_ur5_ws/install/moveit_resources_pr2_description/share/moveit_resources_pr2_description/urdf/robot.xml
[1.166s] -- Installing: /home/nimesha/Thesis/moveit_ur5_ws/install/moveit_resources_pr2_description/share/moveit_resources_pr2_description/kinect.dae
[1.172s] Invoked command in '/home/nimesha/Thesis/moveit_ur5_ws/build/moveit_resources_pr2_description' returned '0': CMAKE_PREFIX_PATH=${CMAKE_PREFIX_PATH}:/home/nimesha/Thesis/moveit_ur5_ws/install/moveit_configs_utils:/home/nimesha/Thesis/moveit_ur5_ws/install/launch_param_builder:/home/nimesha/Thesis/moveit_ur5_v2_ws/install/moveit_configs_utils:/home/nimesha/Thesis/moveit_ur5_v2_ws/install/launch_param_builder:/home/nimesha/Thesis/moveit_ur5_v2_ws/src/ws_moveit/install/moveit_configs_utils:/home/nimesha/Thesis/moveit_ur5_v2_ws/src/ws_moveit/install/launch_param_builder:/opt/ros/humble /usr/bin/cmake --install /home/nimesha/Thesis/moveit_ur5_ws/build/moveit_resources_pr2_description
