[0.094s] DEBUG:colcon:Command line arguments: ['/usr/bin/colcon', 'build', '--packages-select', 'ur_calibration']
[0.094s] DEBUG:colcon:Parsed command line arguments: Namespace(log_base=None, log_level=None, verb_name='build', build_base='build', install_base='install', merge_install=False, symlink_install=False, test_result_base=None, continue_on_error=False, executor='parallel', parallel_workers=32, event_handlers=None, ignore_user_meta=False, metas=['./colcon.meta'], base_paths=['.'], packages_ignore=None, packages_ignore_regex=None, paths=None, packages_up_to=None, packages_up_to_regex=None, packages_above=None, packages_above_and_dependencies=None, packages_above_depth=None, packages_select_by_dep=None, packages_skip_by_dep=None, packages_skip_up_to=None, packages_select_build_failed=False, packages_skip_build_finished=False, packages_select_test_failures=False, packages_skip_test_passed=False, packages_select=['ur_calibration'], packages_skip=None, packages_select_regex=None, packages_skip_regex=None, packages_start=None, packages_end=None, allow_overriding=[], cmake_args=None, cmake_target=None, cmake_target_skip_unavailable=False, cmake_clean_cache=False, cmake_clean_first=False, cmake_force_configure=False, ament_cmake_args=None, catkin_cmake_args=None, catkin_skip_building_tests=False, mixin_files=None, mixin=None, verb_parser=<colcon_mixin.mixin.mixin_argument.MixinArgumentDecorator object at 0x7fdeacd78580>, verb_extension=<colcon_core.verb.build.BuildVerb object at 0x7fdeacd3bf40>, main=<bound method BuildVerb.main of <colcon_core.verb.build.BuildVerb object at 0x7fdeacd3bf40>>, mixin_verb=('build',))
[0.188s] Level 1:colcon.colcon_core.package_discovery:discover_packages(colcon_meta) check parameters
[0.188s] Level 1:colcon.colcon_core.package_discovery:discover_packages(recursive) check parameters
[0.188s] Level 1:colcon.colcon_core.package_discovery:discover_packages(ignore) check parameters
[0.188s] Level 1:colcon.colcon_core.package_discovery:discover_packages(path) check parameters
[0.188s] Level 1:colcon.colcon_core.package_discovery:discover_packages(colcon_meta) discover
[0.188s] Level 1:colcon.colcon_core.package_discovery:discover_packages(recursive) discover
[0.188s] INFO:colcon.colcon_core.package_discovery:Crawling recursively for packages in '/home/nimesha/Thesis/Unused/moveit_ur5_ws'
[0.188s] Level 1:colcon.colcon_core.package_identification:_identify(.) by extensions ['ignore', 'ignore_ament_install']
[0.188s] Level 1:colcon.colcon_core.package_identification:_identify(.) by extension 'ignore'
[0.188s] Level 1:colcon.colcon_core.package_identification:_identify(.) by extension 'ignore_ament_install'
[0.188s] Level 1:colcon.colcon_core.package_identification:_identify(.) by extensions ['colcon_pkg']
[0.188s] Level 1:colcon.colcon_core.package_identification:_identify(.) by extension 'colcon_pkg'
[0.188s] Level 1:colcon.colcon_core.package_identification:_identify(.) by extensions ['colcon_meta']
[0.188s] Level 1:colcon.colcon_core.package_identification:_identify(.) by extension 'colcon_meta'
[0.188s] Level 1:colcon.colcon_core.package_identification:_identify(.) by extensions ['ros']
[0.188s] Level 1:colcon.colcon_core.package_identification:_identify(.) by extension 'ros'
[0.198s] Level 1:colcon.colcon_core.package_identification:_identify(.) by extensions ['cmake', 'python']
[0.198s] Level 1:colcon.colcon_core.package_identification:_identify(.) by extension 'cmake'
[0.198s] Level 1:colcon.colcon_core.package_identification:_identify(.) by extension 'python'
[0.198s] Level 1:colcon.colcon_core.package_identification:_identify(.) by extensions ['python_setup_py']
[0.198s] Level 1:colcon.colcon_core.package_identification:_identify(.) by extension 'python_setup_py'
[0.198s] Level 1:colcon.colcon_core.package_identification:_identify(build) by extensions ['ignore', 'ignore_ament_install']
[0.198s] Level 1:colcon.colcon_core.package_identification:_identify(build) by extension 'ignore'
[0.198s] Level 1:colcon.colcon_core.package_identification:_identify(build) ignored
[0.198s] Level 1:colcon.colcon_core.package_identification:_identify(install) by extensions ['ignore', 'ignore_ament_install']
[0.198s] Level 1:colcon.colcon_core.package_identification:_identify(install) by extension 'ignore'
[0.198s] Level 1:colcon.colcon_core.package_identification:_identify(install) ignored
[0.198s] Level 1:colcon.colcon_core.package_identification:_identify(log) by extensions ['ignore', 'ignore_ament_install']
[0.198s] Level 1:colcon.colcon_core.package_identification:_identify(log) by extension 'ignore'
[0.198s] Level 1:colcon.colcon_core.package_identification:_identify(log) ignored
[0.198s] Level 1:colcon.colcon_core.package_identification:_identify(src) by extensions ['ignore', 'ignore_ament_install']
[0.198s] Level 1:colcon.colcon_core.package_identification:_identify(src) by extension 'ignore'
[0.198s] Level 1:colcon.colcon_core.package_identification:_identify(src) by extension 'ignore_ament_install'
[0.198s] Level 1:colcon.colcon_core.package_identification:_identify(src) by extensions ['colcon_pkg']
[0.198s] Level 1:colcon.colcon_core.package_identification:_identify(src) by extension 'colcon_pkg'
[0.198s] Level 1:colcon.colcon_core.package_identification:_identify(src) by extensions ['colcon_meta']
[0.198s] Level 1:colcon.colcon_core.package_identification:_identify(src) by extension 'colcon_meta'
[0.198s] Level 1:colcon.colcon_core.package_identification:_identify(src) by extensions ['ros']
[0.198s] Level 1:colcon.colcon_core.package_identification:_identify(src) by extension 'ros'
[0.198s] Level 1:colcon.colcon_core.package_identification:_identify(src) by extensions ['cmake', 'python']
[0.198s] Level 1:colcon.colcon_core.package_identification:_identify(src) by extension 'cmake'
[0.198s] Level 1:colcon.colcon_core.package_identification:_identify(src) by extension 'python'
[0.198s] Level 1:colcon.colcon_core.package_identification:_identify(src) by extensions ['python_setup_py']
[0.198s] Level 1:colcon.colcon_core.package_identification:_identify(src) by extension 'python_setup_py'
[0.198s] Level 1:colcon.colcon_core.package_identification:_identify(src/ROS2_pick_and_place_UR5) by extensions ['ignore', 'ignore_ament_install']
[0.198s] Level 1:colcon.colcon_core.package_identification:_identify(src/ROS2_pick_and_place_UR5) by extension 'ignore'
[0.198s] Level 1:colcon.colcon_core.package_identification:_identify(src/ROS2_pick_and_place_UR5) by extension 'ignore_ament_install'
[0.198s] Level 1:colcon.colcon_core.package_identification:_identify(src/ROS2_pick_and_place_UR5) by extensions ['colcon_pkg']
[0.198s] Level 1:colcon.colcon_core.package_identification:_identify(src/ROS2_pick_and_place_UR5) by extension 'colcon_pkg'
[0.198s] Level 1:colcon.colcon_core.package_identification:_identify(src/ROS2_pick_and_place_UR5) by extensions ['colcon_meta']
[0.198s] Level 1:colcon.colcon_core.package_identification:_identify(src/ROS2_pick_and_place_UR5) by extension 'colcon_meta'
[0.198s] Level 1:colcon.colcon_core.package_identification:_identify(src/ROS2_pick_and_place_UR5) by extensions ['ros']
[0.198s] Level 1:colcon.colcon_core.package_identification:_identify(src/ROS2_pick_and_place_UR5) by extension 'ros'
[0.198s] Level 1:colcon.colcon_core.package_identification:_identify(src/ROS2_pick_and_place_UR5) by extensions ['cmake', 'python']
[0.198s] Level 1:colcon.colcon_core.package_identification:_identify(src/ROS2_pick_and_place_UR5) by extension 'cmake'
[0.198s] Level 1:colcon.colcon_core.package_identification:_identify(src/ROS2_pick_and_place_UR5) by extension 'python'
[0.198s] Level 1:colcon.colcon_core.package_identification:_identify(src/ROS2_pick_and_place_UR5) by extensions ['python_setup_py']
[0.199s] Level 1:colcon.colcon_core.package_identification:_identify(src/ROS2_pick_and_place_UR5) by extension 'python_setup_py'
[0.199s] Level 1:colcon.colcon_core.package_identification:_identify(src/ROS2_pick_and_place_UR5/moveit_ur5_interface) by extensions ['ignore', 'ignore_ament_install']
[0.199s] Level 1:colcon.colcon_core.package_identification:_identify(src/ROS2_pick_and_place_UR5/moveit_ur5_interface) by extension 'ignore'
[0.199s] Level 1:colcon.colcon_core.package_identification:_identify(src/ROS2_pick_and_place_UR5/moveit_ur5_interface) by extension 'ignore_ament_install'
[0.199s] Level 1:colcon.colcon_core.package_identification:_identify(src/ROS2_pick_and_place_UR5/moveit_ur5_interface) by extensions ['colcon_pkg']
[0.199s] Level 1:colcon.colcon_core.package_identification:_identify(src/ROS2_pick_and_place_UR5/moveit_ur5_interface) by extension 'colcon_pkg'
[0.199s] Level 1:colcon.colcon_core.package_identification:_identify(src/ROS2_pick_and_place_UR5/moveit_ur5_interface) by extensions ['colcon_meta']
[0.199s] Level 1:colcon.colcon_core.package_identification:_identify(src/ROS2_pick_and_place_UR5/moveit_ur5_interface) by extension 'colcon_meta'
[0.199s] Level 1:colcon.colcon_core.package_identification:_identify(src/ROS2_pick_and_place_UR5/moveit_ur5_interface) by extensions ['ros']
[0.199s] Level 1:colcon.colcon_core.package_identification:_identify(src/ROS2_pick_and_place_UR5/moveit_ur5_interface) by extension 'ros'
[0.200s] DEBUG:colcon.colcon_core.package_identification:Package 'src/ROS2_pick_and_place_UR5/moveit_ur5_interface' with type 'ros.ament_cmake' and name 'moveit_ur5_interface'
[0.200s] Level 1:colcon.colcon_core.package_identification:_identify(src/ROS2_pick_and_place_UR5/moveit_ur5_msgs) by extensions ['ignore', 'ignore_ament_install']
[0.200s] Level 1:colcon.colcon_core.package_identification:_identify(src/ROS2_pick_and_place_UR5/moveit_ur5_msgs) by extension 'ignore'
[0.200s] Level 1:colcon.colcon_core.package_identification:_identify(src/ROS2_pick_and_place_UR5/moveit_ur5_msgs) by extension 'ignore_ament_install'
[0.200s] Level 1:colcon.colcon_core.package_identification:_identify(src/ROS2_pick_and_place_UR5/moveit_ur5_msgs) by extensions ['colcon_pkg']
[0.200s] Level 1:colcon.colcon_core.package_identification:_identify(src/ROS2_pick_and_place_UR5/moveit_ur5_msgs) by extension 'colcon_pkg'
[0.200s] Level 1:colcon.colcon_core.package_identification:_identify(src/ROS2_pick_and_place_UR5/moveit_ur5_msgs) by extensions ['colcon_meta']
[0.200s] Level 1:colcon.colcon_core.package_identification:_identify(src/ROS2_pick_and_place_UR5/moveit_ur5_msgs) by extension 'colcon_meta'
[0.200s] Level 1:colcon.colcon_core.package_identification:_identify(src/ROS2_pick_and_place_UR5/moveit_ur5_msgs) by extensions ['ros']
[0.200s] Level 1:colcon.colcon_core.package_identification:_identify(src/ROS2_pick_and_place_UR5/moveit_ur5_msgs) by extension 'ros'
[0.201s] DEBUG:colcon.colcon_core.package_identification:Package 'src/ROS2_pick_and_place_UR5/moveit_ur5_msgs' with type 'ros.ament_cmake' and name 'moveit_ur5_msgs'
[0.201s] Level 1:colcon.colcon_core.package_identification:_identify(src/ROS2_pick_and_place_UR5/pnp_actionlib) by extensions ['ignore', 'ignore_ament_install']
[0.201s] Level 1:colcon.colcon_core.package_identification:_identify(src/ROS2_pick_and_place_UR5/pnp_actionlib) by extension 'ignore'
[0.201s] Level 1:colcon.colcon_core.package_identification:_identify(src/ROS2_pick_and_place_UR5/pnp_actionlib) by extension 'ignore_ament_install'
[0.201s] Level 1:colcon.colcon_core.package_identification:_identify(src/ROS2_pick_and_place_UR5/pnp_actionlib) by extensions ['colcon_pkg']
[0.201s] Level 1:colcon.colcon_core.package_identification:_identify(src/ROS2_pick_and_place_UR5/pnp_actionlib) by extension 'colcon_pkg'
[0.201s] Level 1:colcon.colcon_core.package_identification:_identify(src/ROS2_pick_and_place_UR5/pnp_actionlib) by extensions ['colcon_meta']
[0.201s] Level 1:colcon.colcon_core.package_identification:_identify(src/ROS2_pick_and_place_UR5/pnp_actionlib) by extension 'colcon_meta'
[0.201s] Level 1:colcon.colcon_core.package_identification:_identify(src/ROS2_pick_and_place_UR5/pnp_actionlib) by extensions ['ros']
[0.201s] Level 1:colcon.colcon_core.package_identification:_identify(src/ROS2_pick_and_place_UR5/pnp_actionlib) by extension 'ros'
[0.201s] DEBUG:colcon.colcon_core.package_identification:Package 'src/ROS2_pick_and_place_UR5/pnp_actionlib' with type 'ros.ament_cmake' and name 'pnp_actionlib'
[0.201s] Level 1:colcon.colcon_core.package_identification:_identify(src/ROS2_pick_and_place_UR5/pnp_msgs) by extensions ['ignore', 'ignore_ament_install']
[0.202s] Level 1:colcon.colcon_core.package_identification:_identify(src/ROS2_pick_and_place_UR5/pnp_msgs) by extension 'ignore'
[0.202s] Level 1:colcon.colcon_core.package_identification:_identify(src/ROS2_pick_and_place_UR5/pnp_msgs) by extension 'ignore_ament_install'
[0.202s] Level 1:colcon.colcon_core.package_identification:_identify(src/ROS2_pick_and_place_UR5/pnp_msgs) by extensions ['colcon_pkg']
[0.202s] Level 1:colcon.colcon_core.package_identification:_identify(src/ROS2_pick_and_place_UR5/pnp_msgs) by extension 'colcon_pkg'
[0.202s] Level 1:colcon.colcon_core.package_identification:_identify(src/ROS2_pick_and_place_UR5/pnp_msgs) by extensions ['colcon_meta']
[0.202s] Level 1:colcon.colcon_core.package_identification:_identify(src/ROS2_pick_and_place_UR5/pnp_msgs) by extension 'colcon_meta'
[0.202s] Level 1:colcon.colcon_core.package_identification:_identify(src/ROS2_pick_and_place_UR5/pnp_msgs) by extensions ['ros']
[0.202s] Level 1:colcon.colcon_core.package_identification:_identify(src/ROS2_pick_and_place_UR5/pnp_msgs) by extension 'ros'
[0.202s] DEBUG:colcon.colcon_core.package_identification:Package 'src/ROS2_pick_and_place_UR5/pnp_msgs' with type 'ros.ament_cmake' and name 'pnp_msgs'
[0.202s] Level 1:colcon.colcon_core.package_identification:_identify(src/ROS2_pick_and_place_UR5/robotiq_description) by extensions ['ignore', 'ignore_ament_install']
[0.202s] Level 1:colcon.colcon_core.package_identification:_identify(src/ROS2_pick_and_place_UR5/robotiq_description) by extension 'ignore'
[0.202s] Level 1:colcon.colcon_core.package_identification:_identify(src/ROS2_pick_and_place_UR5/robotiq_description) by extension 'ignore_ament_install'
[0.202s] Level 1:colcon.colcon_core.package_identification:_identify(src/ROS2_pick_and_place_UR5/robotiq_description) by extensions ['colcon_pkg']
[0.202s] Level 1:colcon.colcon_core.package_identification:_identify(src/ROS2_pick_and_place_UR5/robotiq_description) by extension 'colcon_pkg'
[0.202s] Level 1:colcon.colcon_core.package_identification:_identify(src/ROS2_pick_and_place_UR5/robotiq_description) by extensions ['colcon_meta']
[0.202s] Level 1:colcon.colcon_core.package_identification:_identify(src/ROS2_pick_and_place_UR5/robotiq_description) by extension 'colcon_meta'
[0.202s] Level 1:colcon.colcon_core.package_identification:_identify(src/ROS2_pick_and_place_UR5/robotiq_description) by extensions ['ros']
[0.202s] Level 1:colcon.colcon_core.package_identification:_identify(src/ROS2_pick_and_place_UR5/robotiq_description) by extension 'ros'
[0.202s] DEBUG:colcon.colcon_core.package_identification:Package 'src/ROS2_pick_and_place_UR5/robotiq_description' with type 'ros.ament_cmake' and name 'robotiq_description'
[0.203s] Level 1:colcon.colcon_core.package_identification:_identify(src/ROS2_pick_and_place_UR5/ur5_gripper_description) by extensions ['ignore', 'ignore_ament_install']
[0.203s] Level 1:colcon.colcon_core.package_identification:_identify(src/ROS2_pick_and_place_UR5/ur5_gripper_description) by extension 'ignore'
[0.203s] Level 1:colcon.colcon_core.package_identification:_identify(src/ROS2_pick_and_place_UR5/ur5_gripper_description) by extension 'ignore_ament_install'
[0.203s] Level 1:colcon.colcon_core.package_identification:_identify(src/ROS2_pick_and_place_UR5/ur5_gripper_description) by extensions ['colcon_pkg']
[0.203s] Level 1:colcon.colcon_core.package_identification:_identify(src/ROS2_pick_and_place_UR5/ur5_gripper_description) by extension 'colcon_pkg'
[0.203s] Level 1:colcon.colcon_core.package_identification:_identify(src/ROS2_pick_and_place_UR5/ur5_gripper_description) by extensions ['colcon_meta']
[0.203s] Level 1:colcon.colcon_core.package_identification:_identify(src/ROS2_pick_and_place_UR5/ur5_gripper_description) by extension 'colcon_meta'
[0.203s] Level 1:colcon.colcon_core.package_identification:_identify(src/ROS2_pick_and_place_UR5/ur5_gripper_description) by extensions ['ros']
[0.203s] Level 1:colcon.colcon_core.package_identification:_identify(src/ROS2_pick_and_place_UR5/ur5_gripper_description) by extension 'ros'
[0.203s] DEBUG:colcon.colcon_core.package_identification:Package 'src/ROS2_pick_and_place_UR5/ur5_gripper_description' with type 'ros.ament_cmake' and name 'ur5_gripper_description'
[0.203s] Level 1:colcon.colcon_core.package_identification:_identify(src/ROS2_pick_and_place_UR5/ur5_gripper_moveit_config) by extensions ['ignore', 'ignore_ament_install']
[0.203s] Level 1:colcon.colcon_core.package_identification:_identify(src/ROS2_pick_and_place_UR5/ur5_gripper_moveit_config) by extension 'ignore'
[0.203s] Level 1:colcon.colcon_core.package_identification:_identify(src/ROS2_pick_and_place_UR5/ur5_gripper_moveit_config) by extension 'ignore_ament_install'
[0.203s] Level 1:colcon.colcon_core.package_identification:_identify(src/ROS2_pick_and_place_UR5/ur5_gripper_moveit_config) by extensions ['colcon_pkg']
[0.203s] Level 1:colcon.colcon_core.package_identification:_identify(src/ROS2_pick_and_place_UR5/ur5_gripper_moveit_config) by extension 'colcon_pkg'
[0.203s] Level 1:colcon.colcon_core.package_identification:_identify(src/ROS2_pick_and_place_UR5/ur5_gripper_moveit_config) by extensions ['colcon_meta']
[0.203s] Level 1:colcon.colcon_core.package_identification:_identify(src/ROS2_pick_and_place_UR5/ur5_gripper_moveit_config) by extension 'colcon_meta'
[0.203s] Level 1:colcon.colcon_core.package_identification:_identify(src/ROS2_pick_and_place_UR5/ur5_gripper_moveit_config) by extensions ['ros']
[0.203s] Level 1:colcon.colcon_core.package_identification:_identify(src/ROS2_pick_and_place_UR5/ur5_gripper_moveit_config) by extension 'ros'
[0.204s] DEBUG:colcon.colcon_core.package_identification:Package 'src/ROS2_pick_and_place_UR5/ur5_gripper_moveit_config' with type 'ros.ament_cmake' and name 'ur5_gripper_moveit_config'
[0.204s] Level 1:colcon.colcon_core.package_identification:_identify(src/Universal_Robots_ROS2_Driver) by extensions ['ignore', 'ignore_ament_install']
[0.204s] Level 1:colcon.colcon_core.package_identification:_identify(src/Universal_Robots_ROS2_Driver) by extension 'ignore'
[0.204s] Level 1:colcon.colcon_core.package_identification:_identify(src/Universal_Robots_ROS2_Driver) by extension 'ignore_ament_install'
[0.204s] Level 1:colcon.colcon_core.package_identification:_identify(src/Universal_Robots_ROS2_Driver) by extensions ['colcon_pkg']
[0.204s] Level 1:colcon.colcon_core.package_identification:_identify(src/Universal_Robots_ROS2_Driver) by extension 'colcon_pkg'
[0.204s] Level 1:colcon.colcon_core.package_identification:_identify(src/Universal_Robots_ROS2_Driver) by extensions ['colcon_meta']
[0.204s] Level 1:colcon.colcon_core.package_identification:_identify(src/Universal_Robots_ROS2_Driver) by extension 'colcon_meta'
[0.204s] Level 1:colcon.colcon_core.package_identification:_identify(src/Universal_Robots_ROS2_Driver) by extensions ['ros']
[0.204s] Level 1:colcon.colcon_core.package_identification:_identify(src/Universal_Robots_ROS2_Driver) by extension 'ros'
[0.204s] Level 1:colcon.colcon_core.package_identification:_identify(src/Universal_Robots_ROS2_Driver) by extensions ['cmake', 'python']
[0.204s] Level 1:colcon.colcon_core.package_identification:_identify(src/Universal_Robots_ROS2_Driver) by extension 'cmake'
[0.204s] Level 1:colcon.colcon_core.package_identification:_identify(src/Universal_Robots_ROS2_Driver) by extension 'python'
[0.204s] Level 1:colcon.colcon_core.package_identification:_identify(src/Universal_Robots_ROS2_Driver) by extensions ['python_setup_py']
[0.204s] Level 1:colcon.colcon_core.package_identification:_identify(src/Universal_Robots_ROS2_Driver) by extension 'python_setup_py'
[0.204s] Level 1:colcon.colcon_core.package_identification:_identify(src/Universal_Robots_ROS2_Driver/ur) by extensions ['ignore', 'ignore_ament_install']
[0.204s] Level 1:colcon.colcon_core.package_identification:_identify(src/Universal_Robots_ROS2_Driver/ur) by extension 'ignore'
[0.204s] Level 1:colcon.colcon_core.package_identification:_identify(src/Universal_Robots_ROS2_Driver/ur) by extension 'ignore_ament_install'
[0.204s] Level 1:colcon.colcon_core.package_identification:_identify(src/Universal_Robots_ROS2_Driver/ur) by extensions ['colcon_pkg']
[0.204s] Level 1:colcon.colcon_core.package_identification:_identify(src/Universal_Robots_ROS2_Driver/ur) by extension 'colcon_pkg'
[0.204s] Level 1:colcon.colcon_core.package_identification:_identify(src/Universal_Robots_ROS2_Driver/ur) by extensions ['colcon_meta']
[0.204s] Level 1:colcon.colcon_core.package_identification:_identify(src/Universal_Robots_ROS2_Driver/ur) by extension 'colcon_meta'
[0.204s] Level 1:colcon.colcon_core.package_identification:_identify(src/Universal_Robots_ROS2_Driver/ur) by extensions ['ros']
[0.204s] Level 1:colcon.colcon_core.package_identification:_identify(src/Universal_Robots_ROS2_Driver/ur) by extension 'ros'
[0.204s] DEBUG:colcon.colcon_core.package_identification:Package 'src/Universal_Robots_ROS2_Driver/ur' with type 'ros.ament_cmake' and name 'ur'
[0.204s] Level 1:colcon.colcon_core.package_identification:_identify(src/Universal_Robots_ROS2_Driver/ur_bringup) by extensions ['ignore', 'ignore_ament_install']
[0.205s] Level 1:colcon.colcon_core.package_identification:_identify(src/Universal_Robots_ROS2_Driver/ur_bringup) by extension 'ignore'
[0.205s] Level 1:colcon.colcon_core.package_identification:_identify(src/Universal_Robots_ROS2_Driver/ur_bringup) by extension 'ignore_ament_install'
[0.205s] Level 1:colcon.colcon_core.package_identification:_identify(src/Universal_Robots_ROS2_Driver/ur_bringup) by extensions ['colcon_pkg']
[0.205s] Level 1:colcon.colcon_core.package_identification:_identify(src/Universal_Robots_ROS2_Driver/ur_bringup) by extension 'colcon_pkg'
[0.205s] Level 1:colcon.colcon_core.package_identification:_identify(src/Universal_Robots_ROS2_Driver/ur_bringup) by extensions ['colcon_meta']
[0.205s] Level 1:colcon.colcon_core.package_identification:_identify(src/Universal_Robots_ROS2_Driver/ur_bringup) by extension 'colcon_meta'
[0.205s] Level 1:colcon.colcon_core.package_identification:_identify(src/Universal_Robots_ROS2_Driver/ur_bringup) by extensions ['ros']
[0.205s] Level 1:colcon.colcon_core.package_identification:_identify(src/Universal_Robots_ROS2_Driver/ur_bringup) by extension 'ros'
[0.205s] DEBUG:colcon.colcon_core.package_identification:Package 'src/Universal_Robots_ROS2_Driver/ur_bringup' with type 'ros.ament_cmake' and name 'ur_bringup'
[0.205s] Level 1:colcon.colcon_core.package_identification:_identify(src/Universal_Robots_ROS2_Driver/ur_calibration) by extensions ['ignore', 'ignore_ament_install']
[0.205s] Level 1:colcon.colcon_core.package_identification:_identify(src/Universal_Robots_ROS2_Driver/ur_calibration) by extension 'ignore'
[0.205s] Level 1:colcon.colcon_core.package_identification:_identify(src/Universal_Robots_ROS2_Driver/ur_calibration) by extension 'ignore_ament_install'
[0.205s] Level 1:colcon.colcon_core.package_identification:_identify(src/Universal_Robots_ROS2_Driver/ur_calibration) by extensions ['colcon_pkg']
[0.205s] Level 1:colcon.colcon_core.package_identification:_identify(src/Universal_Robots_ROS2_Driver/ur_calibration) by extension 'colcon_pkg'
[0.205s] Level 1:colcon.colcon_core.package_identification:_identify(src/Universal_Robots_ROS2_Driver/ur_calibration) by extensions ['colcon_meta']
[0.205s] Level 1:colcon.colcon_core.package_identification:_identify(src/Universal_Robots_ROS2_Driver/ur_calibration) by extension 'colcon_meta'
[0.205s] Level 1:colcon.colcon_core.package_identification:_identify(src/Universal_Robots_ROS2_Driver/ur_calibration) by extensions ['ros']
[0.205s] Level 1:colcon.colcon_core.package_identification:_identify(src/Universal_Robots_ROS2_Driver/ur_calibration) by extension 'ros'
[0.206s] DEBUG:colcon.colcon_core.package_identification:Package 'src/Universal_Robots_ROS2_Driver/ur_calibration' with type 'ros.ament_cmake' and name 'ur_calibration'
[0.206s] Level 1:colcon.colcon_core.package_identification:_identify(src/Universal_Robots_ROS2_Driver/ur_controllers) by extensions ['ignore', 'ignore_ament_install']
[0.206s] Level 1:colcon.colcon_core.package_identification:_identify(src/Universal_Robots_ROS2_Driver/ur_controllers) by extension 'ignore'
[0.206s] Level 1:colcon.colcon_core.package_identification:_identify(src/Universal_Robots_ROS2_Driver/ur_controllers) by extension 'ignore_ament_install'
[0.206s] Level 1:colcon.colcon_core.package_identification:_identify(src/Universal_Robots_ROS2_Driver/ur_controllers) by extensions ['colcon_pkg']
[0.206s] Level 1:colcon.colcon_core.package_identification:_identify(src/Universal_Robots_ROS2_Driver/ur_controllers) by extension 'colcon_pkg'
[0.206s] Level 1:colcon.colcon_core.package_identification:_identify(src/Universal_Robots_ROS2_Driver/ur_controllers) by extensions ['colcon_meta']
[0.206s] Level 1:colcon.colcon_core.package_identification:_identify(src/Universal_Robots_ROS2_Driver/ur_controllers) by extension 'colcon_meta'
[0.206s] Level 1:colcon.colcon_core.package_identification:_identify(src/Universal_Robots_ROS2_Driver/ur_controllers) by extensions ['ros']
[0.206s] Level 1:colcon.colcon_core.package_identification:_identify(src/Universal_Robots_ROS2_Driver/ur_controllers) by extension 'ros'
[0.207s] DEBUG:colcon.colcon_core.package_identification:Package 'src/Universal_Robots_ROS2_Driver/ur_controllers' with type 'ros.ament_cmake' and name 'ur_controllers'
[0.207s] Level 1:colcon.colcon_core.package_identification:_identify(src/Universal_Robots_ROS2_Driver/ur_dashboard_msgs) by extensions ['ignore', 'ignore_ament_install']
[0.207s] Level 1:colcon.colcon_core.package_identification:_identify(src/Universal_Robots_ROS2_Driver/ur_dashboard_msgs) by extension 'ignore'
[0.207s] Level 1:colcon.colcon_core.package_identification:_identify(src/Universal_Robots_ROS2_Driver/ur_dashboard_msgs) by extension 'ignore_ament_install'
[0.207s] Level 1:colcon.colcon_core.package_identification:_identify(src/Universal_Robots_ROS2_Driver/ur_dashboard_msgs) by extensions ['colcon_pkg']
[0.207s] Level 1:colcon.colcon_core.package_identification:_identify(src/Universal_Robots_ROS2_Driver/ur_dashboard_msgs) by extension 'colcon_pkg'
[0.207s] Level 1:colcon.colcon_core.package_identification:_identify(src/Universal_Robots_ROS2_Driver/ur_dashboard_msgs) by extensions ['colcon_meta']
[0.207s] Level 1:colcon.colcon_core.package_identification:_identify(src/Universal_Robots_ROS2_Driver/ur_dashboard_msgs) by extension 'colcon_meta'
[0.207s] Level 1:colcon.colcon_core.package_identification:_identify(src/Universal_Robots_ROS2_Driver/ur_dashboard_msgs) by extensions ['ros']
[0.207s] Level 1:colcon.colcon_core.package_identification:_identify(src/Universal_Robots_ROS2_Driver/ur_dashboard_msgs) by extension 'ros'
[0.207s] DEBUG:colcon.colcon_core.package_identification:Package 'src/Universal_Robots_ROS2_Driver/ur_dashboard_msgs' with type 'ros.ament_cmake' and name 'ur_dashboard_msgs'
[0.207s] Level 1:colcon.colcon_core.package_identification:_identify(src/Universal_Robots_ROS2_Driver/ur_moveit_config) by extensions ['ignore', 'ignore_ament_install']
[0.207s] Level 1:colcon.colcon_core.package_identification:_identify(src/Universal_Robots_ROS2_Driver/ur_moveit_config) by extension 'ignore'
[0.207s] Level 1:colcon.colcon_core.package_identification:_identify(src/Universal_Robots_ROS2_Driver/ur_moveit_config) by extension 'ignore_ament_install'
[0.207s] Level 1:colcon.colcon_core.package_identification:_identify(src/Universal_Robots_ROS2_Driver/ur_moveit_config) by extensions ['colcon_pkg']
[0.207s] Level 1:colcon.colcon_core.package_identification:_identify(src/Universal_Robots_ROS2_Driver/ur_moveit_config) by extension 'colcon_pkg'
[0.207s] Level 1:colcon.colcon_core.package_identification:_identify(src/Universal_Robots_ROS2_Driver/ur_moveit_config) by extensions ['colcon_meta']
[0.207s] Level 1:colcon.colcon_core.package_identification:_identify(src/Universal_Robots_ROS2_Driver/ur_moveit_config) by extension 'colcon_meta'
[0.207s] Level 1:colcon.colcon_core.package_identification:_identify(src/Universal_Robots_ROS2_Driver/ur_moveit_config) by extensions ['ros']
[0.207s] Level 1:colcon.colcon_core.package_identification:_identify(src/Universal_Robots_ROS2_Driver/ur_moveit_config) by extension 'ros'
[0.208s] DEBUG:colcon.colcon_core.package_identification:Package 'src/Universal_Robots_ROS2_Driver/ur_moveit_config' with type 'ros.ament_cmake' and name 'ur_moveit_config'
[0.208s] Level 1:colcon.colcon_core.package_identification:_identify(src/Universal_Robots_ROS2_Driver/ur_robot_driver) by extensions ['ignore', 'ignore_ament_install']
[0.208s] Level 1:colcon.colcon_core.package_identification:_identify(src/Universal_Robots_ROS2_Driver/ur_robot_driver) by extension 'ignore'
[0.208s] Level 1:colcon.colcon_core.package_identification:_identify(src/Universal_Robots_ROS2_Driver/ur_robot_driver) by extension 'ignore_ament_install'
[0.208s] Level 1:colcon.colcon_core.package_identification:_identify(src/Universal_Robots_ROS2_Driver/ur_robot_driver) by extensions ['colcon_pkg']
[0.208s] Level 1:colcon.colcon_core.package_identification:_identify(src/Universal_Robots_ROS2_Driver/ur_robot_driver) by extension 'colcon_pkg'
[0.208s] Level 1:colcon.colcon_core.package_identification:_identify(src/Universal_Robots_ROS2_Driver/ur_robot_driver) by extensions ['colcon_meta']
[0.208s] Level 1:colcon.colcon_core.package_identification:_identify(src/Universal_Robots_ROS2_Driver/ur_robot_driver) by extension 'colcon_meta'
[0.208s] Level 1:colcon.colcon_core.package_identification:_identify(src/Universal_Robots_ROS2_Driver/ur_robot_driver) by extensions ['ros']
[0.208s] Level 1:colcon.colcon_core.package_identification:_identify(src/Universal_Robots_ROS2_Driver/ur_robot_driver) by extension 'ros'
[0.209s] DEBUG:colcon.colcon_core.package_identification:Package 'src/Universal_Robots_ROS2_Driver/ur_robot_driver' with type 'ros.ament_cmake' and name 'ur_robot_driver'
[0.209s] Level 1:colcon.colcon_core.package_identification:_identify(src/robotiq_2f) by extensions ['ignore', 'ignore_ament_install']
[0.209s] Level 1:colcon.colcon_core.package_identification:_identify(src/robotiq_2f) by extension 'ignore'
[0.209s] Level 1:colcon.colcon_core.package_identification:_identify(src/robotiq_2f) by extension 'ignore_ament_install'
[0.209s] Level 1:colcon.colcon_core.package_identification:_identify(src/robotiq_2f) by extensions ['colcon_pkg']
[0.209s] Level 1:colcon.colcon_core.package_identification:_identify(src/robotiq_2f) by extension 'colcon_pkg'
[0.209s] Level 1:colcon.colcon_core.package_identification:_identify(src/robotiq_2f) by extensions ['colcon_meta']
[0.209s] Level 1:colcon.colcon_core.package_identification:_identify(src/robotiq_2f) by extension 'colcon_meta'
[0.209s] Level 1:colcon.colcon_core.package_identification:_identify(src/robotiq_2f) by extensions ['ros']
[0.209s] Level 1:colcon.colcon_core.package_identification:_identify(src/robotiq_2f) by extension 'ros'
[0.209s] Level 1:colcon.colcon_core.package_identification:_identify(src/robotiq_2f) by extensions ['cmake', 'python']
[0.209s] Level 1:colcon.colcon_core.package_identification:_identify(src/robotiq_2f) by extension 'cmake'
[0.209s] Level 1:colcon.colcon_core.package_identification:_identify(src/robotiq_2f) by extension 'python'
[0.209s] Level 1:colcon.colcon_core.package_identification:_identify(src/robotiq_2f) by extensions ['python_setup_py']
[0.209s] Level 1:colcon.colcon_core.package_identification:_identify(src/robotiq_2f) by extension 'python_setup_py'
[0.209s] Level 1:colcon.colcon_core.package_identification:_identify(src/robotiq_2f/robotiq_2f_bringup) by extensions ['ignore', 'ignore_ament_install']
[0.209s] Level 1:colcon.colcon_core.package_identification:_identify(src/robotiq_2f/robotiq_2f_bringup) by extension 'ignore'
[0.209s] Level 1:colcon.colcon_core.package_identification:_identify(src/robotiq_2f/robotiq_2f_bringup) by extension 'ignore_ament_install'
[0.209s] Level 1:colcon.colcon_core.package_identification:_identify(src/robotiq_2f/robotiq_2f_bringup) by extensions ['colcon_pkg']
[0.209s] Level 1:colcon.colcon_core.package_identification:_identify(src/robotiq_2f/robotiq_2f_bringup) by extension 'colcon_pkg'
[0.209s] Level 1:colcon.colcon_core.package_identification:_identify(src/robotiq_2f/robotiq_2f_bringup) by extensions ['colcon_meta']
[0.209s] Level 1:colcon.colcon_core.package_identification:_identify(src/robotiq_2f/robotiq_2f_bringup) by extension 'colcon_meta'
[0.209s] Level 1:colcon.colcon_core.package_identification:_identify(src/robotiq_2f/robotiq_2f_bringup) by extensions ['ros']
[0.209s] Level 1:colcon.colcon_core.package_identification:_identify(src/robotiq_2f/robotiq_2f_bringup) by extension 'ros'
[0.210s] DEBUG:colcon.colcon_core.package_identification:Package 'src/robotiq_2f/robotiq_2f_bringup' with type 'ros.ament_cmake' and name 'robotiq_2f_bringup'
[0.210s] Level 1:colcon.colcon_core.package_identification:_identify(src/robotiq_2f/robotiq_2f_description) by extensions ['ignore', 'ignore_ament_install']
[0.210s] Level 1:colcon.colcon_core.package_identification:_identify(src/robotiq_2f/robotiq_2f_description) by extension 'ignore'
[0.210s] Level 1:colcon.colcon_core.package_identification:_identify(src/robotiq_2f/robotiq_2f_description) by extension 'ignore_ament_install'
[0.210s] Level 1:colcon.colcon_core.package_identification:_identify(src/robotiq_2f/robotiq_2f_description) by extensions ['colcon_pkg']
[0.210s] Level 1:colcon.colcon_core.package_identification:_identify(src/robotiq_2f/robotiq_2f_description) by extension 'colcon_pkg'
[0.210s] Level 1:colcon.colcon_core.package_identification:_identify(src/robotiq_2f/robotiq_2f_description) by extensions ['colcon_meta']
[0.210s] Level 1:colcon.colcon_core.package_identification:_identify(src/robotiq_2f/robotiq_2f_description) by extension 'colcon_meta'
[0.210s] Level 1:colcon.colcon_core.package_identification:_identify(src/robotiq_2f/robotiq_2f_description) by extensions ['ros']
[0.210s] Level 1:colcon.colcon_core.package_identification:_identify(src/robotiq_2f/robotiq_2f_description) by extension 'ros'
[0.210s] DEBUG:colcon.colcon_core.package_identification:Package 'src/robotiq_2f/robotiq_2f_description' with type 'ros.ament_cmake' and name 'robotiq_2f_description'
[0.210s] Level 1:colcon.colcon_core.package_identification:_identify(src/robotiq_2f/robotiq_2f_driver) by extensions ['ignore', 'ignore_ament_install']
[0.210s] Level 1:colcon.colcon_core.package_identification:_identify(src/robotiq_2f/robotiq_2f_driver) by extension 'ignore'
[0.210s] Level 1:colcon.colcon_core.package_identification:_identify(src/robotiq_2f/robotiq_2f_driver) by extension 'ignore_ament_install'
[0.210s] Level 1:colcon.colcon_core.package_identification:_identify(src/robotiq_2f/robotiq_2f_driver) by extensions ['colcon_pkg']
[0.210s] Level 1:colcon.colcon_core.package_identification:_identify(src/robotiq_2f/robotiq_2f_driver) by extension 'colcon_pkg'
[0.210s] Level 1:colcon.colcon_core.package_identification:_identify(src/robotiq_2f/robotiq_2f_driver) by extensions ['colcon_meta']
[0.210s] Level 1:colcon.colcon_core.package_identification:_identify(src/robotiq_2f/robotiq_2f_driver) by extension 'colcon_meta'
[0.210s] Level 1:colcon.colcon_core.package_identification:_identify(src/robotiq_2f/robotiq_2f_driver) by extensions ['ros']
[0.210s] Level 1:colcon.colcon_core.package_identification:_identify(src/robotiq_2f/robotiq_2f_driver) by extension 'ros'
[0.211s] DEBUG:colcon.colcon_core.package_identification:Package 'src/robotiq_2f/robotiq_2f_driver' with type 'ros.ament_cmake' and name 'robotiq_2f_driver'
[0.211s] Level 1:colcon.colcon_core.package_identification:_identify(src/robotiq_2f/robotiq_2f_msgs) by extensions ['ignore', 'ignore_ament_install']
[0.211s] Level 1:colcon.colcon_core.package_identification:_identify(src/robotiq_2f/robotiq_2f_msgs) by extension 'ignore'
[0.211s] Level 1:colcon.colcon_core.package_identification:_identify(src/robotiq_2f/robotiq_2f_msgs) by extension 'ignore_ament_install'
[0.211s] Level 1:colcon.colcon_core.package_identification:_identify(src/robotiq_2f/robotiq_2f_msgs) by extensions ['colcon_pkg']
[0.211s] Level 1:colcon.colcon_core.package_identification:_identify(src/robotiq_2f/robotiq_2f_msgs) by extension 'colcon_pkg'
[0.211s] Level 1:colcon.colcon_core.package_identification:_identify(src/robotiq_2f/robotiq_2f_msgs) by extensions ['colcon_meta']
[0.211s] Level 1:colcon.colcon_core.package_identification:_identify(src/robotiq_2f/robotiq_2f_msgs) by extension 'colcon_meta'
[0.211s] Level 1:colcon.colcon_core.package_identification:_identify(src/robotiq_2f/robotiq_2f_msgs) by extensions ['ros']
[0.211s] Level 1:colcon.colcon_core.package_identification:_identify(src/robotiq_2f/robotiq_2f_msgs) by extension 'ros'
[0.211s] DEBUG:colcon.colcon_core.package_identification:Package 'src/robotiq_2f/robotiq_2f_msgs' with type 'ros.ament_cmake' and name 'robotiq_2f_msgs'
[0.211s] Level 1:colcon.colcon_core.package_identification:_identify(src/robotiq_2f/robotiq_2f_tfbc) by extensions ['ignore', 'ignore_ament_install']
[0.211s] Level 1:colcon.colcon_core.package_identification:_identify(src/robotiq_2f/robotiq_2f_tfbc) by extension 'ignore'
[0.211s] Level 1:colcon.colcon_core.package_identification:_identify(src/robotiq_2f/robotiq_2f_tfbc) by extension 'ignore_ament_install'
[0.211s] Level 1:colcon.colcon_core.package_identification:_identify(src/robotiq_2f/robotiq_2f_tfbc) by extensions ['colcon_pkg']
[0.211s] Level 1:colcon.colcon_core.package_identification:_identify(src/robotiq_2f/robotiq_2f_tfbc) by extension 'colcon_pkg'
[0.211s] Level 1:colcon.colcon_core.package_identification:_identify(src/robotiq_2f/robotiq_2f_tfbc) by extensions ['colcon_meta']
[0.211s] Level 1:colcon.colcon_core.package_identification:_identify(src/robotiq_2f/robotiq_2f_tfbc) by extension 'colcon_meta'
[0.211s] Level 1:colcon.colcon_core.package_identification:_identify(src/robotiq_2f/robotiq_2f_tfbc) by extensions ['ros']
[0.211s] Level 1:colcon.colcon_core.package_identification:_identify(src/robotiq_2f/robotiq_2f_tfbc) by extension 'ros'
[0.212s] DEBUG:colcon.colcon_core.package_identification:Package 'src/robotiq_2f/robotiq_2f_tfbc' with type 'ros.ament_cmake' and name 'robotiq_2f_tfbc'
[0.212s] Level 1:colcon.colcon_core.package_identification:_identify(src/robotiq_2f/robotiq_2f_ui) by extensions ['ignore', 'ignore_ament_install']
[0.212s] Level 1:colcon.colcon_core.package_identification:_identify(src/robotiq_2f/robotiq_2f_ui) by extension 'ignore'
[0.212s] Level 1:colcon.colcon_core.package_identification:_identify(src/robotiq_2f/robotiq_2f_ui) by extension 'ignore_ament_install'
[0.212s] Level 1:colcon.colcon_core.package_identification:_identify(src/robotiq_2f/robotiq_2f_ui) by extensions ['colcon_pkg']
[0.212s] Level 1:colcon.colcon_core.package_identification:_identify(src/robotiq_2f/robotiq_2f_ui) by extension 'colcon_pkg'
[0.212s] Level 1:colcon.colcon_core.package_identification:_identify(src/robotiq_2f/robotiq_2f_ui) by extensions ['colcon_meta']
[0.212s] Level 1:colcon.colcon_core.package_identification:_identify(src/robotiq_2f/robotiq_2f_ui) by extension 'colcon_meta'
[0.212s] Level 1:colcon.colcon_core.package_identification:_identify(src/robotiq_2f/robotiq_2f_ui) by extensions ['ros']
[0.212s] Level 1:colcon.colcon_core.package_identification:_identify(src/robotiq_2f/robotiq_2f_ui) by extension 'ros'
[0.212s] DEBUG:colcon.colcon_core.package_identification:Package 'src/robotiq_2f/robotiq_2f_ui' with type 'ros.ament_cmake' and name 'robotiq_2f_driver_ui'
[0.212s] Level 1:colcon.colcon_core.package_discovery:discover_packages(recursive) using defaults
[0.212s] Level 1:colcon.colcon_core.package_discovery:discover_packages(ignore) discover
[0.212s] Level 1:colcon.colcon_core.package_discovery:discover_packages(ignore) using defaults
[0.212s] Level 1:colcon.colcon_core.package_discovery:discover_packages(path) discover
[0.212s] Level 1:colcon.colcon_core.package_discovery:discover_packages(path) using defaults
[0.225s] INFO:colcon.colcon_core.package_selection:Skipping not selected package 'moveit_ur5_msgs' in 'src/ROS2_pick_and_place_UR5/moveit_ur5_msgs'
[0.225s] INFO:colcon.colcon_core.package_selection:Skipping not selected package 'pnp_msgs' in 'src/ROS2_pick_and_place_UR5/pnp_msgs'
[0.225s] INFO:colcon.colcon_core.package_selection:Skipping not selected package 'robotiq_2f_bringup' in 'src/robotiq_2f/robotiq_2f_bringup'
[0.225s] INFO:colcon.colcon_core.package_selection:Skipping not selected package 'robotiq_2f_description' in 'src/robotiq_2f/robotiq_2f_description'
[0.225s] INFO:colcon.colcon_core.package_selection:Skipping not selected package 'robotiq_2f_msgs' in 'src/robotiq_2f/robotiq_2f_msgs'
[0.225s] INFO:colcon.colcon_core.package_selection:Skipping not selected package 'robotiq_2f_tfbc' in 'src/robotiq_2f/robotiq_2f_tfbc'
[0.225s] INFO:colcon.colcon_core.package_selection:Skipping not selected package 'robotiq_description' in 'src/ROS2_pick_and_place_UR5/robotiq_description'
[0.225s] INFO:colcon.colcon_core.package_selection:Skipping not selected package 'ur_dashboard_msgs' in 'src/Universal_Robots_ROS2_Driver/ur_dashboard_msgs'
[0.225s] INFO:colcon.colcon_core.package_selection:Skipping not selected package 'ur_moveit_config' in 'src/Universal_Robots_ROS2_Driver/ur_moveit_config'
[0.225s] INFO:colcon.colcon_core.package_selection:Skipping not selected package 'robotiq_2f_driver' in 'src/robotiq_2f/robotiq_2f_driver'
[0.225s] INFO:colcon.colcon_core.package_selection:Skipping not selected package 'robotiq_2f_driver_ui' in 'src/robotiq_2f/robotiq_2f_ui'
[0.225s] INFO:colcon.colcon_core.package_selection:Skipping not selected package 'ur5_gripper_description' in 'src/ROS2_pick_and_place_UR5/ur5_gripper_description'
[0.225s] INFO:colcon.colcon_core.package_selection:Skipping not selected package 'ur_controllers' in 'src/Universal_Robots_ROS2_Driver/ur_controllers'
[0.225s] INFO:colcon.colcon_core.package_selection:Skipping not selected package 'ur5_gripper_moveit_config' in 'src/ROS2_pick_and_place_UR5/ur5_gripper_moveit_config'
[0.225s] INFO:colcon.colcon_core.package_selection:Skipping not selected package 'ur_bringup' in 'src/Universal_Robots_ROS2_Driver/ur_bringup'
[0.225s] INFO:colcon.colcon_core.package_selection:Skipping not selected package 'ur_robot_driver' in 'src/Universal_Robots_ROS2_Driver/ur_robot_driver'
[0.225s] INFO:colcon.colcon_core.package_selection:Skipping not selected package 'moveit_ur5_interface' in 'src/ROS2_pick_and_place_UR5/moveit_ur5_interface'
[0.225s] INFO:colcon.colcon_core.package_selection:Skipping not selected package 'pnp_actionlib' in 'src/ROS2_pick_and_place_UR5/pnp_actionlib'
[0.225s] INFO:colcon.colcon_core.package_selection:Skipping not selected package 'ur' in 'src/Universal_Robots_ROS2_Driver/ur'
[0.225s] Level 1:colcon.colcon_core.package_discovery:discover_packages(prefix_path) check parameters
[0.225s] Level 1:colcon.colcon_core.package_discovery:discover_packages(prefix_path) discover
[0.227s] DEBUG:colcon.colcon_installed_package_information.package_discovery:Found 7 installed packages in /home/nimesha/Thesis/Unused/mujoco_ros2_control/install
[0.228s] DEBUG:colcon.colcon_installed_package_information.package_discovery:Found 55 installed packages in /home/nimesha/Thesis/moveit_ur5_v2_ws/src/ws_moveit/install
[0.230s] DEBUG:colcon.colcon_installed_package_information.package_discovery:Found 345 installed packages in /home/nimesha/ros2_humble/ros2-linux
[0.232s] DEBUG:colcon.colcon_installed_package_information.package_discovery:Found 209 installed packages in /opt/ros/humble
[0.234s] Level 1:colcon.colcon_core.package_discovery:discover_packages(prefix_path) using defaults
[0.257s] Level 5:colcon.colcon_core.verb:set package 'ur_calibration' build argument 'cmake_args' from command line to 'None'
[0.257s] Level 5:colcon.colcon_core.verb:set package 'ur_calibration' build argument 'cmake_target' from command line to 'None'
[0.257s] Level 5:colcon.colcon_core.verb:set package 'ur_calibration' build argument 'cmake_target_skip_unavailable' from command line to 'False'
[0.257s] Level 5:colcon.colcon_core.verb:set package 'ur_calibration' build argument 'cmake_clean_cache' from command line to 'False'
[0.257s] Level 5:colcon.colcon_core.verb:set package 'ur_calibration' build argument 'cmake_clean_first' from command line to 'False'
[0.257s] Level 5:colcon.colcon_core.verb:set package 'ur_calibration' build argument 'cmake_force_configure' from command line to 'False'
[0.257s] Level 5:colcon.colcon_core.verb:set package 'ur_calibration' build argument 'ament_cmake_args' from command line to 'None'
[0.257s] Level 5:colcon.colcon_core.verb:set package 'ur_calibration' build argument 'catkin_cmake_args' from command line to 'None'
[0.257s] Level 5:colcon.colcon_core.verb:set package 'ur_calibration' build argument 'catkin_skip_building_tests' from command line to 'False'
[0.257s] DEBUG:colcon.colcon_core.verb:Building package 'ur_calibration' with the following arguments: {'ament_cmake_args': None, 'build_base': '/home/nimesha/Thesis/Unused/moveit_ur5_ws/build/ur_calibration', 'catkin_cmake_args': None, 'catkin_skip_building_tests': False, 'cmake_args': None, 'cmake_clean_cache': False, 'cmake_clean_first': False, 'cmake_force_configure': False, 'cmake_target': None, 'cmake_target_skip_unavailable': False, 'install_base': '/home/nimesha/Thesis/Unused/moveit_ur5_ws/install/ur_calibration', 'merge_install': False, 'path': '/home/nimesha/Thesis/Unused/moveit_ur5_ws/src/Universal_Robots_ROS2_Driver/ur_calibration', 'symlink_install': False, 'test_result_base': None}
[0.258s] INFO:colcon.colcon_core.executor:Executing jobs using 'parallel' executor
[0.258s] DEBUG:colcon.colcon_parallel_executor.executor.parallel:run_until_complete
[0.258s] INFO:colcon.colcon_ros.task.ament_cmake.build:Building ROS package in '/home/nimesha/Thesis/Unused/moveit_ur5_ws/src/Universal_Robots_ROS2_Driver/ur_calibration' with build type 'ament_cmake'
[0.258s] INFO:colcon.colcon_cmake.task.cmake.build:Building CMake package in '/home/nimesha/Thesis/Unused/moveit_ur5_ws/src/Universal_Robots_ROS2_Driver/ur_calibration'
[0.260s] INFO:colcon.colcon_core.plugin_system:Skipping extension 'colcon_core.shell.bat': Not used on non-Windows systems
[0.260s] INFO:colcon.colcon_core.shell:Skip shell extension 'powershell' for command environment: Not usable outside of PowerShell
[0.260s] DEBUG:colcon.colcon_core.shell:Skip shell extension 'dsv' for command environment
[0.265s] WARNING:colcon.colcon_core.shell:The following packages are in the workspace but haven't been built:
- ur_dashboard_msgs
- ur_controllers
- ur_robot_driver
They are being used from the following locations instead:
- /opt/ros/humble
- /opt/ros/humble
- /opt/ros/humble
To suppress this warning ignore these packages in the workspace:
--packages-ignore ur_dashboard_msgs ur_controllers ur_robot_driver
[0.273s] DEBUG:colcon.colcon_core.event_handler.log_command:Invoking command in '/home/nimesha/Thesis/Unused/moveit_ur5_ws/build/ur_calibration': CMAKE_PREFIX_PATH=${CMAKE_PREFIX_PATH}:/home/nimesha/Thesis/moveit_ur5_v2_ws/src/ws_moveit/install/moveit_configs_utils:/home/nimesha/Thesis/moveit_ur5_v2_ws/src/ws_moveit/install/launch_param_builder:/opt/ros/humble /usr/bin/cmake /home/nimesha/Thesis/Unused/moveit_ur5_ws/src/Universal_Robots_ROS2_Driver/ur_calibration -DCMAKE_INSTALL_PREFIX=/home/nimesha/Thesis/Unused/moveit_ur5_ws/install/ur_calibration
[4.558s] DEBUG:colcon.colcon_core.event_handler.log_command:Invoked command in '/home/nimesha/Thesis/Unused/moveit_ur5_ws/build/ur_calibration' returned '0': CMAKE_PREFIX_PATH=${CMAKE_PREFIX_PATH}:/home/nimesha/Thesis/moveit_ur5_v2_ws/src/ws_moveit/install/moveit_configs_utils:/home/nimesha/Thesis/moveit_ur5_v2_ws/src/ws_moveit/install/launch_param_builder:/opt/ros/humble /usr/bin/cmake /home/nimesha/Thesis/Unused/moveit_ur5_ws/src/Universal_Robots_ROS2_Driver/ur_calibration -DCMAKE_INSTALL_PREFIX=/home/nimesha/Thesis/Unused/moveit_ur5_ws/install/ur_calibration
[4.560s] DEBUG:colcon.colcon_core.event_handler.log_command:Invoking command in '/home/nimesha/Thesis/Unused/moveit_ur5_ws/build/ur_calibration': CMAKE_PREFIX_PATH=${CMAKE_PREFIX_PATH}:/home/nimesha/Thesis/moveit_ur5_v2_ws/src/ws_moveit/install/moveit_configs_utils:/home/nimesha/Thesis/moveit_ur5_v2_ws/src/ws_moveit/install/launch_param_builder:/opt/ros/humble /usr/bin/cmake --build /home/nimesha/Thesis/Unused/moveit_ur5_ws/build/ur_calibration -- -j32 -l32
[15.041s] DEBUG:colcon.colcon_core.event_handler.log_command:Invoked command in '/home/nimesha/Thesis/Unused/moveit_ur5_ws/build/ur_calibration' returned '0': CMAKE_PREFIX_PATH=${CMAKE_PREFIX_PATH}:/home/nimesha/Thesis/moveit_ur5_v2_ws/src/ws_moveit/install/moveit_configs_utils:/home/nimesha/Thesis/moveit_ur5_v2_ws/src/ws_moveit/install/launch_param_builder:/opt/ros/humble /usr/bin/cmake --build /home/nimesha/Thesis/Unused/moveit_ur5_ws/build/ur_calibration -- -j32 -l32
[15.099s] DEBUG:colcon.colcon_core.event_handler.log_command:Invoking command in '/home/nimesha/Thesis/Unused/moveit_ur5_ws/build/ur_calibration': CMAKE_PREFIX_PATH=${CMAKE_PREFIX_PATH}:/home/nimesha/Thesis/moveit_ur5_v2_ws/src/ws_moveit/install/moveit_configs_utils:/home/nimesha/Thesis/moveit_ur5_v2_ws/src/ws_moveit/install/launch_param_builder:/opt/ros/humble /usr/bin/cmake --install /home/nimesha/Thesis/Unused/moveit_ur5_ws/build/ur_calibration
[15.112s] Level 1:colcon.colcon_core.environment:create_environment_scripts_only(ur_calibration)
[15.112s] DEBUG:colcon.colcon_core.event_handler.log_command:Invoked command in '/home/nimesha/Thesis/Unused/moveit_ur5_ws/build/ur_calibration' returned '0': CMAKE_PREFIX_PATH=${CMAKE_PREFIX_PATH}:/home/nimesha/Thesis/moveit_ur5_v2_ws/src/ws_moveit/install/moveit_configs_utils:/home/nimesha/Thesis/moveit_ur5_v2_ws/src/ws_moveit/install/launch_param_builder:/opt/ros/humble /usr/bin/cmake --install /home/nimesha/Thesis/Unused/moveit_ur5_ws/build/ur_calibration
[15.113s] Level 1:colcon.colcon_core.environment:checking '/home/nimesha/Thesis/Unused/moveit_ur5_ws/install/ur_calibration' for CMake module files
[15.114s] Level 1:colcon.colcon_core.environment:checking '/home/nimesha/Thesis/Unused/moveit_ur5_ws/install/ur_calibration' for CMake config files
[15.114s] Level 1:colcon.colcon_core.shell:create_environment_hook('ur_calibration', 'cmake_prefix_path')
[15.114s] INFO:colcon.colcon_core.shell:Creating environment hook '/home/nimesha/Thesis/Unused/moveit_ur5_ws/install/ur_calibration/share/ur_calibration/hook/cmake_prefix_path.ps1'
[15.114s] INFO:colcon.colcon_core.shell:Creating environment descriptor '/home/nimesha/Thesis/Unused/moveit_ur5_ws/install/ur_calibration/share/ur_calibration/hook/cmake_prefix_path.dsv'
[15.115s] INFO:colcon.colcon_core.shell:Creating environment hook '/home/nimesha/Thesis/Unused/moveit_ur5_ws/install/ur_calibration/share/ur_calibration/hook/cmake_prefix_path.sh'
[15.115s] Level 1:colcon.colcon_core.environment:checking '/home/nimesha/Thesis/Unused/moveit_ur5_ws/install/ur_calibration/lib'
[15.115s] Level 1:colcon.colcon_core.environment:checking '/home/nimesha/Thesis/Unused/moveit_ur5_ws/install/ur_calibration/bin'
[15.115s] Level 1:colcon.colcon_core.environment:checking '/home/nimesha/Thesis/Unused/moveit_ur5_ws/install/ur_calibration/lib/pkgconfig/ur_calibration.pc'
[15.116s] Level 1:colcon.colcon_core.environment:checking '/home/nimesha/Thesis/Unused/moveit_ur5_ws/install/ur_calibration/lib/python3.10/site-packages'
[15.116s] Level 1:colcon.colcon_core.environment:checking '/home/nimesha/Thesis/Unused/moveit_ur5_ws/install/ur_calibration/bin'
[15.116s] INFO:colcon.colcon_core.shell:Creating package script '/home/nimesha/Thesis/Unused/moveit_ur5_ws/install/ur_calibration/share/ur_calibration/package.ps1'
[15.116s] INFO:colcon.colcon_core.shell:Creating package descriptor '/home/nimesha/Thesis/Unused/moveit_ur5_ws/install/ur_calibration/share/ur_calibration/package.dsv'
[15.117s] INFO:colcon.colcon_core.shell:Creating package script '/home/nimesha/Thesis/Unused/moveit_ur5_ws/install/ur_calibration/share/ur_calibration/package.sh'
[15.117s] INFO:colcon.colcon_core.shell:Creating package script '/home/nimesha/Thesis/Unused/moveit_ur5_ws/install/ur_calibration/share/ur_calibration/package.bash'
[15.117s] INFO:colcon.colcon_core.shell:Creating package script '/home/nimesha/Thesis/Unused/moveit_ur5_ws/install/ur_calibration/share/ur_calibration/package.zsh'
[15.118s] Level 1:colcon.colcon_core.environment:create_file_with_runtime_dependencies(/home/nimesha/Thesis/Unused/moveit_ur5_ws/install/ur_calibration/share/colcon-core/packages/ur_calibration)
[15.179s] Level 1:colcon.colcon_core.environment:create_environment_scripts_only(ur_calibration)
[15.179s] Level 1:colcon.colcon_core.environment:checking '/home/nimesha/Thesis/Unused/moveit_ur5_ws/install/ur_calibration' for CMake module files
[15.179s] Level 1:colcon.colcon_core.environment:checking '/home/nimesha/Thesis/Unused/moveit_ur5_ws/install/ur_calibration' for CMake config files
[15.180s] Level 1:colcon.colcon_core.shell:create_environment_hook('ur_calibration', 'cmake_prefix_path')
[15.180s] INFO:colcon.colcon_core.shell:Creating environment hook '/home/nimesha/Thesis/Unused/moveit_ur5_ws/install/ur_calibration/share/ur_calibration/hook/cmake_prefix_path.ps1'
[15.180s] INFO:colcon.colcon_core.shell:Creating environment descriptor '/home/nimesha/Thesis/Unused/moveit_ur5_ws/install/ur_calibration/share/ur_calibration/hook/cmake_prefix_path.dsv'
[15.180s] INFO:colcon.colcon_core.shell:Creating environment hook '/home/nimesha/Thesis/Unused/moveit_ur5_ws/install/ur_calibration/share/ur_calibration/hook/cmake_prefix_path.sh'
[15.180s] Level 1:colcon.colcon_core.environment:checking '/home/nimesha/Thesis/Unused/moveit_ur5_ws/install/ur_calibration/lib'
[15.180s] Level 1:colcon.colcon_core.environment:checking '/home/nimesha/Thesis/Unused/moveit_ur5_ws/install/ur_calibration/bin'
[15.180s] Level 1:colcon.colcon_core.environment:checking '/home/nimesha/Thesis/Unused/moveit_ur5_ws/install/ur_calibration/lib/pkgconfig/ur_calibration.pc'
[15.180s] Level 1:colcon.colcon_core.environment:checking '/home/nimesha/Thesis/Unused/moveit_ur5_ws/install/ur_calibration/lib/python3.10/site-packages'
[15.181s] Level 1:colcon.colcon_core.environment:checking '/home/nimesha/Thesis/Unused/moveit_ur5_ws/install/ur_calibration/bin'
[15.181s] INFO:colcon.colcon_core.shell:Creating package script '/home/nimesha/Thesis/Unused/moveit_ur5_ws/install/ur_calibration/share/ur_calibration/package.ps1'
[15.181s] INFO:colcon.colcon_core.shell:Creating package descriptor '/home/nimesha/Thesis/Unused/moveit_ur5_ws/install/ur_calibration/share/ur_calibration/package.dsv'
[15.181s] INFO:colcon.colcon_core.shell:Creating package script '/home/nimesha/Thesis/Unused/moveit_ur5_ws/install/ur_calibration/share/ur_calibration/package.sh'
[15.181s] INFO:colcon.colcon_core.shell:Creating package script '/home/nimesha/Thesis/Unused/moveit_ur5_ws/install/ur_calibration/share/ur_calibration/package.bash'
[15.182s] INFO:colcon.colcon_core.shell:Creating package script '/home/nimesha/Thesis/Unused/moveit_ur5_ws/install/ur_calibration/share/ur_calibration/package.zsh'
[15.182s] Level 1:colcon.colcon_core.environment:create_file_with_runtime_dependencies(/home/nimesha/Thesis/Unused/moveit_ur5_ws/install/ur_calibration/share/colcon-core/packages/ur_calibration)
[15.182s] DEBUG:colcon.colcon_parallel_executor.executor.parallel:closing loop
[15.182s] DEBUG:colcon.colcon_parallel_executor.executor.parallel:loop closed
[15.182s] DEBUG:colcon.colcon_parallel_executor.executor.parallel:run_until_complete finished with '0'
[15.182s] DEBUG:colcon.colcon_core.event_reactor:joining thread
[15.199s] INFO:colcon.colcon_core.plugin_system:Skipping extension 'colcon_notification.desktop_notification.notify_send': Could not find 'notify-send'
[15.199s] INFO:colcon.colcon_core.plugin_system:Skipping extension 'colcon_notification.desktop_notification.terminal_notifier': Not used on non-Darwin systems
[15.199s] INFO:colcon.colcon_core.plugin_system:Skipping extension 'colcon_notification.desktop_notification.win32': Not used on non-Windows systems
[15.199s] INFO:colcon.colcon_notification.desktop_notification:Sending desktop notification using 'notify2'
[15.199s] DEBUG:colcon.colcon_notification.desktop_notification.notify2:Failed to initialize notify2: org.freedesktop.DBus.Error.FileNotFound: Failed to connect to socket /run/user/1000/bus: No such file or directory
[15.199s] DEBUG:colcon.colcon_core.event_reactor:joined thread
[15.200s] INFO:colcon.colcon_core.shell:Creating prefix script '/home/nimesha/Thesis/Unused/moveit_ur5_ws/install/local_setup.ps1'
[15.200s] INFO:colcon.colcon_core.shell:Creating prefix util module '/home/nimesha/Thesis/Unused/moveit_ur5_ws/install/_local_setup_util_ps1.py'
[15.201s] INFO:colcon.colcon_core.shell:Creating prefix chain script '/home/nimesha/Thesis/Unused/moveit_ur5_ws/install/setup.ps1'
[15.202s] INFO:colcon.colcon_core.shell:Creating prefix script '/home/nimesha/Thesis/Unused/moveit_ur5_ws/install/local_setup.sh'
[15.202s] INFO:colcon.colcon_core.shell:Creating prefix util module '/home/nimesha/Thesis/Unused/moveit_ur5_ws/install/_local_setup_util_sh.py'
[15.202s] INFO:colcon.colcon_core.shell:Creating prefix chain script '/home/nimesha/Thesis/Unused/moveit_ur5_ws/install/setup.sh'
[15.204s] INFO:colcon.colcon_core.shell:Creating prefix script '/home/nimesha/Thesis/Unused/moveit_ur5_ws/install/local_setup.bash'
[15.204s] INFO:colcon.colcon_core.shell:Creating prefix chain script '/home/nimesha/Thesis/Unused/moveit_ur5_ws/install/setup.bash'
[15.205s] INFO:colcon.colcon_core.shell:Creating prefix script '/home/nimesha/Thesis/Unused/moveit_ur5_ws/install/local_setup.zsh'
[15.205s] INFO:colcon.colcon_core.shell:Creating prefix chain script '/home/nimesha/Thesis/Unused/moveit_ur5_ws/install/setup.zsh'
