[0.060s] Invoking command in '/home/nimesha/thesis/ws_moveit/build/moveit_resources_panda_description': CMAKE_PREFIX_PATH=${CMAKE_PREFIX_PATH}:/opt/ros/humble:/home/nimesha/thesis/ws_moveit/install/moveit_configs_utils:/opt/ros/rolling /usr/bin/cmake --build /home/nimesha/thesis/ws_moveit/build/moveit_resources_panda_description -- -j32 -l32
[0.253s] Invoked command in '/home/nimesha/thesis/ws_moveit/build/moveit_resources_panda_description' returned '0': CMAKE_PREFIX_PATH=${CMAKE_PREFIX_PATH}:/opt/ros/humble:/home/nimesha/thesis/ws_moveit/install/moveit_configs_utils:/opt/ros/rolling /usr/bin/cmake --build /home/nimesha/thesis/ws_moveit/build/moveit_resources_panda_description -- -j32 -l32
[0.284s] Invoking command in '/home/nimesha/thesis/ws_moveit/build/moveit_resources_panda_description': CMAKE_PREFIX_PATH=${CMAKE_PREFIX_PATH}:/opt/ros/humble:/home/nimesha/thesis/ws_moveit/install/moveit_configs_utils:/opt/ros/rolling /usr/bin/cmake --install /home/nimesha/thesis/ws_moveit/build/moveit_resources_panda_description
[0.291s] -- Install configuration: "Release"
[0.291s] -- Up-to-date: /home/nimesha/thesis/ws_moveit/install/moveit_resources_panda_description/share/ament_index/resource_index/package_run_dependencies/moveit_resources_panda_description
[0.291s] -- Up-to-date: /home/nimesha/thesis/ws_moveit/install/moveit_resources_panda_description/share/ament_index/resource_index/parent_prefix_path/moveit_resources_panda_description
[0.295s] -- Up-to-date: /home/nimesha/thesis/ws_moveit/install/moveit_resources_panda_description/share/moveit_resources_panda_description/environment/ament_prefix_path.sh
[0.295s] -- Up-to-date: /home/nimesha/thesis/ws_moveit/install/moveit_resources_panda_description/share/moveit_resources_panda_description/environment/ament_prefix_path.dsv
[0.295s] -- Up-to-date: /home/nimesha/thesis/ws_moveit/install/moveit_resources_panda_description/share/moveit_resources_panda_description/environment/path.sh
[0.295s] -- Up-to-date: /home/nimesha/thesis/ws_moveit/install/moveit_resources_panda_description/share/moveit_resources_panda_description/environment/path.dsv
[0.295s] -- Up-to-date: /home/nimesha/thesis/ws_moveit/install/moveit_resources_panda_description/share/moveit_resources_panda_description/local_setup.bash
[0.295s] -- Up-to-date: /home/nimesha/thesis/ws_moveit/install/moveit_resources_panda_description/share/moveit_resources_panda_description/local_setup.sh
[0.295s] -- Up-to-date: /home/nimesha/thesis/ws_moveit/install/moveit_resources_panda_description/share/moveit_resources_panda_description/local_setup.zsh
[0.297s] -- Up-to-date: /home/nimesha/thesis/ws_moveit/install/moveit_resources_panda_description/share/moveit_resources_panda_description/local_setup.dsv
[0.297s] -- Installing: /home/nimesha/thesis/ws_moveit/install/moveit_resources_panda_description/share/moveit_resources_panda_description/package.dsv
[0.299s] -- Up-to-date: /home/nimesha/thesis/ws_moveit/install/moveit_resources_panda_description/share/ament_index/resource_index/packages/moveit_resources_panda_description
[0.299s] -- Up-to-date: /home/nimesha/thesis/ws_moveit/install/moveit_resources_panda_description/share/moveit_resources_panda_description/cmake/moveit_resources_panda_descriptionConfig.cmake
[0.299s] -- Up-to-date: /home/nimesha/thesis/ws_moveit/install/moveit_resources_panda_description/share/moveit_resources_panda_description/cmake/moveit_resources_panda_descriptionConfig-version.cmake
[0.300s] -- Up-to-date: /home/nimesha/thesis/ws_moveit/install/moveit_resources_panda_description/share/moveit_resources_panda_description/package.xml
[0.300s] -- Up-to-date: /home/nimesha/thesis/ws_moveit/install/moveit_resources_panda_description/share/moveit_resources_panda_description/meshes
[0.300s] -- Up-to-date: /home/nimesha/thesis/ws_moveit/install/moveit_resources_panda_description/share/moveit_resources_panda_description/meshes/collision
[0.301s] -- Up-to-date: /home/nimesha/thesis/ws_moveit/install/moveit_resources_panda_description/share/moveit_resources_panda_description/meshes/collision/finger.stl
[0.301s] -- Up-to-date: /home/nimesha/thesis/ws_moveit/install/moveit_resources_panda_description/share/moveit_resources_panda_description/meshes/collision/link3.stl
[0.301s] -- Up-to-date: /home/nimesha/thesis/ws_moveit/install/moveit_resources_panda_description/share/moveit_resources_panda_description/meshes/collision/hand.stl
[0.301s] -- Up-to-date: /home/nimesha/thesis/ws_moveit/install/moveit_resources_panda_description/share/moveit_resources_panda_description/meshes/collision/link0.stl
[0.301s] -- Up-to-date: /home/nimesha/thesis/ws_moveit/install/moveit_resources_panda_description/share/moveit_resources_panda_description/meshes/collision/link6.stl
[0.301s] -- Up-to-date: /home/nimesha/thesis/ws_moveit/install/moveit_resources_panda_description/share/moveit_resources_panda_description/meshes/collision/link5.stl
[0.301s] -- Up-to-date: /home/nimesha/thesis/ws_moveit/install/moveit_resources_panda_description/share/moveit_resources_panda_description/meshes/collision/link4.stl
[0.301s] -- Up-to-date: /home/nimesha/thesis/ws_moveit/install/moveit_resources_panda_description/share/moveit_resources_panda_description/meshes/collision/link1.stl
[0.301s] -- Up-to-date: /home/nimesha/thesis/ws_moveit/install/moveit_resources_panda_description/share/moveit_resources_panda_description/meshes/collision/link7.stl
[0.301s] -- Up-to-date: /home/nimesha/thesis/ws_moveit/install/moveit_resources_panda_description/share/moveit_resources_panda_description/meshes/collision/link2.stl
[0.301s] -- Up-to-date: /home/nimesha/thesis/ws_moveit/install/moveit_resources_panda_description/share/moveit_resources_panda_description/meshes/visual
[0.303s] -- Up-to-date: /home/nimesha/thesis/ws_moveit/install/moveit_resources_panda_description/share/moveit_resources_panda_description/meshes/visual/link3.dae
[0.303s] -- Up-to-date: /home/nimesha/thesis/ws_moveit/install/moveit_resources_panda_description/share/moveit_resources_panda_description/meshes/visual/link2.dae
[0.303s] -- Up-to-date: /home/nimesha/thesis/ws_moveit/install/moveit_resources_panda_description/share/moveit_resources_panda_description/meshes/visual/finger.dae
[0.303s] -- Up-to-date: /home/nimesha/thesis/ws_moveit/install/moveit_resources_panda_description/share/moveit_resources_panda_description/meshes/visual/link1.dae
[0.304s] -- Up-to-date: /home/nimesha/thesis/ws_moveit/install/moveit_resources_panda_description/share/moveit_resources_panda_description/meshes/visual/link6.dae
[0.304s] -- Up-to-date: /home/nimesha/thesis/ws_moveit/install/moveit_resources_panda_description/share/moveit_resources_panda_description/meshes/visual/link4.dae
[0.304s] -- Up-to-date: /home/nimesha/thesis/ws_moveit/install/moveit_resources_panda_description/share/moveit_resources_panda_description/meshes/visual/link7.dae
[0.305s] -- Up-to-date: /home/nimesha/thesis/ws_moveit/install/moveit_resources_panda_description/share/moveit_resources_panda_description/meshes/visual/link0.dae
[0.305s] -- Up-to-date: /home/nimesha/thesis/ws_moveit/install/moveit_resources_panda_description/share/moveit_resources_panda_description/meshes/visual/hand.dae
[0.305s] -- Up-to-date: /home/nimesha/thesis/ws_moveit/install/moveit_resources_panda_description/share/moveit_resources_panda_description/meshes/visual/link5.dae
[0.305s] -- Up-to-date: /home/nimesha/thesis/ws_moveit/install/moveit_resources_panda_description/share/moveit_resources_panda_description/urdf
[0.305s] -- Up-to-date: /home/nimesha/thesis/ws_moveit/install/moveit_resources_panda_description/share/moveit_resources_panda_description/urdf/panda.urdf
[0.356s] Invoked command in '/home/nimesha/thesis/ws_moveit/build/moveit_resources_panda_description' returned '0': CMAKE_PREFIX_PATH=${CMAKE_PREFIX_PATH}:/opt/ros/humble:/home/nimesha/thesis/ws_moveit/install/moveit_configs_utils:/opt/ros/rolling /usr/bin/cmake --install /home/nimesha/thesis/ws_moveit/build/moveit_resources_panda_description
