[0.228s] Invoking command in '/home/nimesha/thesis/ws_moveit/build/moveit_ros_perception': AMENT_PREFIX_PATH=/home/nimesha/thesis/ws_moveit/install/moveit_ros_planning:/home/nimesha/thesis/ws_moveit/install/moveit_ros_occupancy_map_monitor:/home/nimesha/thesis/ws_moveit/install/moveit_core:/home/nimesha/thesis/ws_moveit/install/moveit_resources_panda_moveit_config:/home/nimesha/thesis/ws_moveit/install/srdfdom:${AMENT_PREFIX_PATH} CMAKE_PREFIX_PATH=/home/nimesha/thesis/ws_moveit/install/moveit_ros_planning:/home/nimesha/thesis/ws_moveit/install/moveit_ros_occupancy_map_monitor:/home/nimesha/thesis/ws_moveit/install/moveit_core:/home/nimesha/thesis/ws_moveit/install/moveit_resources_panda_moveit_config:/home/nimesha/thesis/ws_moveit/install/srdfdom:/home/nimesha/thesis/ws_moveit/install/moveit_resources_pr2_description:/home/nimesha/thesis/ws_moveit/install/moveit_resources_panda_description:/home/nimesha/thesis/ws_moveit/install/moveit_common:/home/nimesha/ros2_humble/ros2-linux:/home/nimesha/thesis/ws_moveit/install/robotiq_description:/home/nimesha/thesis/ws_moveit/install/moveit_resources_prbt_support:/home/nimesha/thesis/ws_moveit/install/moveit_resources_fanuc_description:/opt/ros/humble:/home/nimesha/thesis/ws_moveit/install/moveit_configs_utils:/opt/ros/rolling LD_LIBRARY_PATH=/home/nimesha/thesis/ws_moveit/install/moveit_ros_planning/lib:/home/nimesha/thesis/ws_moveit/install/moveit_ros_occupancy_map_monitor/lib:/home/nimesha/thesis/ws_moveit/install/moveit_core/lib:/home/nimesha/thesis/ws_moveit/install/srdfdom/lib:/opt/ros/humble/lib/x86_64-linux-gnu:/opt/ros/humble/lib:/home/nimesha/ros2_humble/ros2-linux/opt/rviz_ogre_vendor/lib:/opt/rti.com/rti_connext_dds-6.0.1/lib/x64Linux4gcc7.3.0:/opt/rti.com/rti_connext_dds-6.0.1/bin:/home/nimesha/ros2_humble/ros2-linux/lib:/opt/ros/rolling/opt/rviz_ogre_vendor/lib:/opt/ros/rolling/lib/x86_64-linux-gnu:/opt/ros/rolling/lib:/usr/lib/nvidia PATH=/home/nimesha/thesis/ws_moveit/install/moveit_core/bin:/opt/ros/humble/bin:/opt/rti.com/rti_connext_dds-6.0.1/lib/x64Linux4gcc7.3.0:/opt/rti.com/rti_connext_dds-6.0.1/bin:/home/nimesha/ros2_humble/ros2-linux/bin:/opt/ros/rolling/bin:/usr/lib/nvidia:/home/nimesha/anaconda3/condabin:/usr/local/sbin:/usr/local/bin:/usr/sbin:/usr/bin:/sbin:/bin:/usr/games:/usr/local/games:/usr/lib/wsl/lib:/mnt/c/Program Files/WindowsApps/MicrosoftCorporationII.WindowsSubsystemForLinux_2.2.4.0_x64__8wekyb3d8bbwe:/mnt/c/Windows/system32:/mnt/c/Windows:/mnt/c/Windows/System32/Wbem:/mnt/c/Windows/System32/WindowsPowerShell/v1.0/:/mnt/c/Windows/System32/OpenSSH/:/mnt/c/Program Files (x86)/NVIDIA Corporation/PhysX/Common:/mnt/c/Program Files/NVIDIA Corporation/NVIDIA NvDLISR:/mnt/c/Program Files/Git/cmd:/mnt/c/ProgramData/chocolatey/bin:/mnt/c/Program Files/MATLAB/R2024a/bin:/mnt/c/Program Files/dotnet/:/mnt/c/Users/Nimesha/AppData/Local/Programs/Python/Python311/Scripts/:/mnt/c/Users/Nimesha/AppData/Local/Programs/Python/Python311/:/mnt/c/Users/Nimesha/AppData/Local/Microsoft/WindowsApps:/mnt/c/Users/Nimesha/AppData/Local/Programs/Microsoft VS Code/bin:/mnt/c/Program Files/Baretail:/mnt/c/Program Files/Git/usr/bin:/mnt/c/Users/Nimesha/.dotnet/tools:/snap/bin PYTHONPATH=/home/nimesha/thesis/ws_moveit/install/srdfdom/local/lib/python3.10/dist-packages:${PYTHONPATH} /usr/bin/cmake --build /home/nimesha/thesis/ws_moveit/build/moveit_ros_perception -- -j32 -l32
[0.285s] [ 10%] Built target moveit_lazy_free_space_updater
[0.290s] [ 20%] Built target moveit_point_containment_filter
[0.298s] [ 50%] Built target moveit_mesh_filter
[0.306s] [ 60%] Built target moveit_semantic_world
[0.318s] [ 70%] Built target moveit_pointcloud_octomap_updater_core
[0.329s] [ 80%] Built target moveit_depth_image_octomap_updater_core
[0.351s] [ 90%] Built target moveit_pointcloud_octomap_updater
[0.358s] [100%] Built target moveit_depth_image_octomap_updater
[0.367s] Invoked command in '/home/nimesha/thesis/ws_moveit/build/moveit_ros_perception' returned '0': AMENT_PREFIX_PATH=/home/nimesha/thesis/ws_moveit/install/moveit_ros_planning:/home/nimesha/thesis/ws_moveit/install/moveit_ros_occupancy_map_monitor:/home/nimesha/thesis/ws_moveit/install/moveit_core:/home/nimesha/thesis/ws_moveit/install/moveit_resources_panda_moveit_config:/home/nimesha/thesis/ws_moveit/install/srdfdom:${AMENT_PREFIX_PATH} CMAKE_PREFIX_PATH=/home/nimesha/thesis/ws_moveit/install/moveit_ros_planning:/home/nimesha/thesis/ws_moveit/install/moveit_ros_occupancy_map_monitor:/home/nimesha/thesis/ws_moveit/install/moveit_core:/home/nimesha/thesis/ws_moveit/install/moveit_resources_panda_moveit_config:/home/nimesha/thesis/ws_moveit/install/srdfdom:/home/nimesha/thesis/ws_moveit/install/moveit_resources_pr2_description:/home/nimesha/thesis/ws_moveit/install/moveit_resources_panda_description:/home/nimesha/thesis/ws_moveit/install/moveit_common:/home/nimesha/ros2_humble/ros2-linux:/home/nimesha/thesis/ws_moveit/install/robotiq_description:/home/nimesha/thesis/ws_moveit/install/moveit_resources_prbt_support:/home/nimesha/thesis/ws_moveit/install/moveit_resources_fanuc_description:/opt/ros/humble:/home/nimesha/thesis/ws_moveit/install/moveit_configs_utils:/opt/ros/rolling LD_LIBRARY_PATH=/home/nimesha/thesis/ws_moveit/install/moveit_ros_planning/lib:/home/nimesha/thesis/ws_moveit/install/moveit_ros_occupancy_map_monitor/lib:/home/nimesha/thesis/ws_moveit/install/moveit_core/lib:/home/nimesha/thesis/ws_moveit/install/srdfdom/lib:/opt/ros/humble/lib/x86_64-linux-gnu:/opt/ros/humble/lib:/home/nimesha/ros2_humble/ros2-linux/opt/rviz_ogre_vendor/lib:/opt/rti.com/rti_connext_dds-6.0.1/lib/x64Linux4gcc7.3.0:/opt/rti.com/rti_connext_dds-6.0.1/bin:/home/nimesha/ros2_humble/ros2-linux/lib:/opt/ros/rolling/opt/rviz_ogre_vendor/lib:/opt/ros/rolling/lib/x86_64-linux-gnu:/opt/ros/rolling/lib:/usr/lib/nvidia PATH=/home/nimesha/thesis/ws_moveit/install/moveit_core/bin:/opt/ros/humble/bin:/opt/rti.com/rti_connext_dds-6.0.1/lib/x64Linux4gcc7.3.0:/opt/rti.com/rti_connext_dds-6.0.1/bin:/home/nimesha/ros2_humble/ros2-linux/bin:/opt/ros/rolling/bin:/usr/lib/nvidia:/home/nimesha/anaconda3/condabin:/usr/local/sbin:/usr/local/bin:/usr/sbin:/usr/bin:/sbin:/bin:/usr/games:/usr/local/games:/usr/lib/wsl/lib:/mnt/c/Program Files/WindowsApps/MicrosoftCorporationII.WindowsSubsystemForLinux_2.2.4.0_x64__8wekyb3d8bbwe:/mnt/c/Windows/system32:/mnt/c/Windows:/mnt/c/Windows/System32/Wbem:/mnt/c/Windows/System32/WindowsPowerShell/v1.0/:/mnt/c/Windows/System32/OpenSSH/:/mnt/c/Program Files (x86)/NVIDIA Corporation/PhysX/Common:/mnt/c/Program Files/NVIDIA Corporation/NVIDIA NvDLISR:/mnt/c/Program Files/Git/cmd:/mnt/c/ProgramData/chocolatey/bin:/mnt/c/Program Files/MATLAB/R2024a/bin:/mnt/c/Program Files/dotnet/:/mnt/c/Users/Nimesha/AppData/Local/Programs/Python/Python311/Scripts/:/mnt/c/Users/Nimesha/AppData/Local/Programs/Python/Python311/:/mnt/c/Users/Nimesha/AppData/Local/Microsoft/WindowsApps:/mnt/c/Users/Nimesha/AppData/Local/Programs/Microsoft VS Code/bin:/mnt/c/Program Files/Baretail:/mnt/c/Program Files/Git/usr/bin:/mnt/c/Users/Nimesha/.dotnet/tools:/snap/bin PYTHONPATH=/home/nimesha/thesis/ws_moveit/install/srdfdom/local/lib/python3.10/dist-packages:${PYTHONPATH} /usr/bin/cmake --build /home/nimesha/thesis/ws_moveit/build/moveit_ros_perception -- -j32 -l32
[0.405s] Invoking command in '/home/nimesha/thesis/ws_moveit/build/moveit_ros_perception': AMENT_PREFIX_PATH=/home/nimesha/thesis/ws_moveit/install/moveit_ros_planning:/home/nimesha/thesis/ws_moveit/install/moveit_ros_occupancy_map_monitor:/home/nimesha/thesis/ws_moveit/install/moveit_core:/home/nimesha/thesis/ws_moveit/install/moveit_resources_panda_moveit_config:/home/nimesha/thesis/ws_moveit/install/srdfdom:${AMENT_PREFIX_PATH} CMAKE_PREFIX_PATH=/home/nimesha/thesis/ws_moveit/install/moveit_ros_planning:/home/nimesha/thesis/ws_moveit/install/moveit_ros_occupancy_map_monitor:/home/nimesha/thesis/ws_moveit/install/moveit_core:/home/nimesha/thesis/ws_moveit/install/moveit_resources_panda_moveit_config:/home/nimesha/thesis/ws_moveit/install/srdfdom:/home/nimesha/thesis/ws_moveit/install/moveit_resources_pr2_description:/home/nimesha/thesis/ws_moveit/install/moveit_resources_panda_description:/home/nimesha/thesis/ws_moveit/install/moveit_common:/home/nimesha/ros2_humble/ros2-linux:/home/nimesha/thesis/ws_moveit/install/robotiq_description:/home/nimesha/thesis/ws_moveit/install/moveit_resources_prbt_support:/home/nimesha/thesis/ws_moveit/install/moveit_resources_fanuc_description:/opt/ros/humble:/home/nimesha/thesis/ws_moveit/install/moveit_configs_utils:/opt/ros/rolling LD_LIBRARY_PATH=/home/nimesha/thesis/ws_moveit/install/moveit_ros_planning/lib:/home/nimesha/thesis/ws_moveit/install/moveit_ros_occupancy_map_monitor/lib:/home/nimesha/thesis/ws_moveit/install/moveit_core/lib:/home/nimesha/thesis/ws_moveit/install/srdfdom/lib:/opt/ros/humble/lib/x86_64-linux-gnu:/opt/ros/humble/lib:/home/nimesha/ros2_humble/ros2-linux/opt/rviz_ogre_vendor/lib:/opt/rti.com/rti_connext_dds-6.0.1/lib/x64Linux4gcc7.3.0:/opt/rti.com/rti_connext_dds-6.0.1/bin:/home/nimesha/ros2_humble/ros2-linux/lib:/opt/ros/rolling/opt/rviz_ogre_vendor/lib:/opt/ros/rolling/lib/x86_64-linux-gnu:/opt/ros/rolling/lib:/usr/lib/nvidia PATH=/home/nimesha/thesis/ws_moveit/install/moveit_core/bin:/opt/ros/humble/bin:/opt/rti.com/rti_connext_dds-6.0.1/lib/x64Linux4gcc7.3.0:/opt/rti.com/rti_connext_dds-6.0.1/bin:/home/nimesha/ros2_humble/ros2-linux/bin:/opt/ros/rolling/bin:/usr/lib/nvidia:/home/nimesha/anaconda3/condabin:/usr/local/sbin:/usr/local/bin:/usr/sbin:/usr/bin:/sbin:/bin:/usr/games:/usr/local/games:/usr/lib/wsl/lib:/mnt/c/Program Files/WindowsApps/MicrosoftCorporationII.WindowsSubsystemForLinux_2.2.4.0_x64__8wekyb3d8bbwe:/mnt/c/Windows/system32:/mnt/c/Windows:/mnt/c/Windows/System32/Wbem:/mnt/c/Windows/System32/WindowsPowerShell/v1.0/:/mnt/c/Windows/System32/OpenSSH/:/mnt/c/Program Files (x86)/NVIDIA Corporation/PhysX/Common:/mnt/c/Program Files/NVIDIA Corporation/NVIDIA NvDLISR:/mnt/c/Program Files/Git/cmd:/mnt/c/ProgramData/chocolatey/bin:/mnt/c/Program Files/MATLAB/R2024a/bin:/mnt/c/Program Files/dotnet/:/mnt/c/Users/Nimesha/AppData/Local/Programs/Python/Python311/Scripts/:/mnt/c/Users/Nimesha/AppData/Local/Programs/Python/Python311/:/mnt/c/Users/Nimesha/AppData/Local/Microsoft/WindowsApps:/mnt/c/Users/Nimesha/AppData/Local/Programs/Microsoft VS Code/bin:/mnt/c/Program Files/Baretail:/mnt/c/Program Files/Git/usr/bin:/mnt/c/Users/Nimesha/.dotnet/tools:/snap/bin PYTHONPATH=/home/nimesha/thesis/ws_moveit/install/srdfdom/local/lib/python3.10/dist-packages:${PYTHONPATH} /usr/bin/cmake --install /home/nimesha/thesis/ws_moveit/build/moveit_ros_perception
[0.412s] -- Install configuration: "Release"
[0.412s] -- Up-to-date: /home/nimesha/thesis/ws_moveit/install/moveit_ros_perception/include
[0.412s] -- Up-to-date: /home/nimesha/thesis/ws_moveit/install/moveit_ros_perception/include/moveit
[0.413s] -- Up-to-date: /home/nimesha/thesis/ws_moveit/install/moveit_ros_perception/include/moveit/lazy_free_space_updater
[0.413s] -- Up-to-date: /home/nimesha/thesis/ws_moveit/install/moveit_ros_perception/include/moveit/lazy_free_space_updater/lazy_free_space_updater.h
[0.413s] -- Up-to-date: /home/nimesha/thesis/ws_moveit/install/moveit_ros_perception/include
[0.413s] -- Up-to-date: /home/nimesha/thesis/ws_moveit/install/moveit_ros_perception/include/moveit
[0.413s] -- Up-to-date: /home/nimesha/thesis/ws_moveit/install/moveit_ros_perception/include/moveit/point_containment_filter
[0.413s] -- Up-to-date: /home/nimesha/thesis/ws_moveit/install/moveit_ros_perception/include/moveit/point_containment_filter/shape_mask.h
[0.414s] -- Up-to-date: /home/nimesha/thesis/ws_moveit/install/moveit_ros_perception/include
[0.414s] -- Up-to-date: /home/nimesha/thesis/ws_moveit/install/moveit_ros_perception/include/moveit
[0.414s] -- Up-to-date: /home/nimesha/thesis/ws_moveit/install/moveit_ros_perception/include/moveit/pointcloud_octomap_updater
[0.414s] -- Up-to-date: /home/nimesha/thesis/ws_moveit/install/moveit_ros_perception/include/moveit/pointcloud_octomap_updater/pointcloud_octomap_updater.h
[0.415s] -- Up-to-date: /home/nimesha/thesis/ws_moveit/install/moveit_ros_perception/include
[0.415s] -- Up-to-date: /home/nimesha/thesis/ws_moveit/install/moveit_ros_perception/include/moveit
[0.415s] -- Up-to-date: /home/nimesha/thesis/ws_moveit/install/moveit_ros_perception/include/moveit/mesh_filter
[0.416s] -- Up-to-date: /home/nimesha/thesis/ws_moveit/install/moveit_ros_perception/include/moveit/mesh_filter/filter_job.h
[0.416s] -- Up-to-date: /home/nimesha/thesis/ws_moveit/install/moveit_ros_perception/include/moveit/mesh_filter/sensor_model.h
[0.416s] -- Up-to-date: /home/nimesha/thesis/ws_moveit/install/moveit_ros_perception/include/moveit/mesh_filter/mesh_filter.h
[0.416s] -- Up-to-date: /home/nimesha/thesis/ws_moveit/install/moveit_ros_perception/include/moveit/mesh_filter/gl_renderer.h
[0.416s] -- Up-to-date: /home/nimesha/thesis/ws_moveit/install/moveit_ros_perception/include/moveit/mesh_filter/mesh_filter_base.h
[0.416s] -- Up-to-date: /home/nimesha/thesis/ws_moveit/install/moveit_ros_perception/include/moveit/mesh_filter/stereo_camera_model.h
[0.416s] -- Up-to-date: /home/nimesha/thesis/ws_moveit/install/moveit_ros_perception/include/moveit/mesh_filter/gl_mesh.h
[0.416s] -- Up-to-date: /home/nimesha/thesis/ws_moveit/install/moveit_ros_perception/include/moveit/mesh_filter/transform_provider.h
[0.416s] -- Up-to-date: /home/nimesha/thesis/ws_moveit/install/moveit_ros_perception/include/moveit/mesh_filter/depth_self_filter_nodelet.h
[0.416s] -- Up-to-date: /home/nimesha/thesis/ws_moveit/install/moveit_ros_perception/include/moveit_mesh_filter_export.h
[0.416s] -- Up-to-date: /home/nimesha/thesis/ws_moveit/install/moveit_ros_perception/include
[0.416s] -- Up-to-date: /home/nimesha/thesis/ws_moveit/install/moveit_ros_perception/include/moveit
[0.416s] -- Up-to-date: /home/nimesha/thesis/ws_moveit/install/moveit_ros_perception/include/moveit/depth_image_octomap_updater
[0.417s] -- Up-to-date: /home/nimesha/thesis/ws_moveit/install/moveit_ros_perception/include/moveit/depth_image_octomap_updater/depth_image_octomap_updater.h
[0.417s] -- Up-to-date: /home/nimesha/thesis/ws_moveit/install/moveit_ros_perception/include
[0.418s] -- Up-to-date: /home/nimesha/thesis/ws_moveit/install/moveit_ros_perception/include/moveit
[0.418s] -- Up-to-date: /home/nimesha/thesis/ws_moveit/install/moveit_ros_perception/include/moveit/semantic_world
[0.418s] -- Up-to-date: /home/nimesha/thesis/ws_moveit/install/moveit_ros_perception/include/moveit/semantic_world/semantic_world.h
[0.421s] -- Up-to-date: /home/nimesha/thesis/ws_moveit/install/moveit_ros_perception/lib/libmoveit_depth_image_octomap_updater.so.2.5.5
[0.422s] -- Up-to-date: /home/nimesha/thesis/ws_moveit/install/moveit_ros_perception/lib/libmoveit_depth_image_octomap_updater.so
[0.423s] -- Up-to-date: /home/nimesha/thesis/ws_moveit/install/moveit_ros_perception/lib/libmoveit_depth_image_octomap_updater_core.so.2.5.5
[0.423s] -- Up-to-date: /home/nimesha/thesis/ws_moveit/install/moveit_ros_perception/lib/libmoveit_depth_image_octomap_updater_core.so
[0.425s] -- Up-to-date: /home/nimesha/thesis/ws_moveit/install/moveit_ros_perception/lib/libmoveit_lazy_free_space_updater.so.2.5.5
[0.425s] -- Up-to-date: /home/nimesha/thesis/ws_moveit/install/moveit_ros_perception/lib/libmoveit_lazy_free_space_updater.so
[0.428s] -- Up-to-date: /home/nimesha/thesis/ws_moveit/install/moveit_ros_perception/lib/libmoveit_mesh_filter.so.2.5.5
[0.428s] -- Up-to-date: /home/nimesha/thesis/ws_moveit/install/moveit_ros_perception/lib/libmoveit_mesh_filter.so
[0.430s] -- Up-to-date: /home/nimesha/thesis/ws_moveit/install/moveit_ros_perception/lib/libmoveit_point_containment_filter.so.2.5.5
[0.430s] -- Up-to-date: /home/nimesha/thesis/ws_moveit/install/moveit_ros_perception/lib/libmoveit_point_containment_filter.so
[0.431s] -- Up-to-date: /home/nimesha/thesis/ws_moveit/install/moveit_ros_perception/lib/libmoveit_pointcloud_octomap_updater.so.2.5.5
[0.431s] -- Up-to-date: /home/nimesha/thesis/ws_moveit/install/moveit_ros_perception/lib/libmoveit_pointcloud_octomap_updater.so
[0.436s] -- Up-to-date: /home/nimesha/thesis/ws_moveit/install/moveit_ros_perception/lib/libmoveit_pointcloud_octomap_updater_core.so.2.5.5
[0.436s] -- Up-to-date: /home/nimesha/thesis/ws_moveit/install/moveit_ros_perception/lib/libmoveit_pointcloud_octomap_updater_core.so
[0.436s] -- Up-to-date: /home/nimesha/thesis/ws_moveit/install/moveit_ros_perception/lib/libmoveit_semantic_world.so.2.5.5
[0.436s] -- Up-to-date: /home/nimesha/thesis/ws_moveit/install/moveit_ros_perception/lib/libmoveit_semantic_world.so
[0.436s] -- Up-to-date: /home/nimesha/thesis/ws_moveit/install/moveit_ros_perception/share/moveit_ros_perception/environment/library_path.sh
[0.436s] -- Up-to-date: /home/nimesha/thesis/ws_moveit/install/moveit_ros_perception/share/moveit_ros_perception/environment/library_path.dsv
[0.436s] -- Up-to-date: /home/nimesha/thesis/ws_moveit/install/moveit_ros_perception/share/moveit_ros_perception/pointcloud_octomap_updater_plugin_description.xml
[0.436s] -- Up-to-date: /home/nimesha/thesis/ws_moveit/install/moveit_ros_perception/share/moveit_ros_perception/depth_image_octomap_updater_plugin_description.xml
[0.436s] -- Up-to-date: /home/nimesha/thesis/ws_moveit/install/moveit_ros_perception/share/ament_index/resource_index/package_run_dependencies/moveit_ros_perception
[0.436s] -- Up-to-date: /home/nimesha/thesis/ws_moveit/install/moveit_ros_perception/share/ament_index/resource_index/parent_prefix_path/moveit_ros_perception
[0.436s] -- Up-to-date: /home/nimesha/thesis/ws_moveit/install/moveit_ros_perception/share/moveit_ros_perception/environment/ament_prefix_path.sh
[0.436s] -- Up-to-date: /home/nimesha/thesis/ws_moveit/install/moveit_ros_perception/share/moveit_ros_perception/environment/ament_prefix_path.dsv
[0.436s] -- Up-to-date: /home/nimesha/thesis/ws_moveit/install/moveit_ros_perception/share/moveit_ros_perception/environment/path.sh
[0.437s] -- Up-to-date: /home/nimesha/thesis/ws_moveit/install/moveit_ros_perception/share/moveit_ros_perception/environment/path.dsv
[0.437s] -- Up-to-date: /home/nimesha/thesis/ws_moveit/install/moveit_ros_perception/share/moveit_ros_perception/local_setup.bash
[0.437s] -- Up-to-date: /home/nimesha/thesis/ws_moveit/install/moveit_ros_perception/share/moveit_ros_perception/local_setup.sh
[0.437s] -- Up-to-date: /home/nimesha/thesis/ws_moveit/install/moveit_ros_perception/share/moveit_ros_perception/local_setup.zsh
[0.437s] -- Up-to-date: /home/nimesha/thesis/ws_moveit/install/moveit_ros_perception/share/moveit_ros_perception/local_setup.dsv
[0.437s] -- Installing: /home/nimesha/thesis/ws_moveit/install/moveit_ros_perception/share/moveit_ros_perception/package.dsv
[0.437s] -- Up-to-date: /home/nimesha/thesis/ws_moveit/install/moveit_ros_perception/share/ament_index/resource_index/packages/moveit_ros_perception
[0.437s] -- Up-to-date: /home/nimesha/thesis/ws_moveit/install/moveit_ros_perception/share/ament_index/resource_index/moveit_ros_occupancy_map_monitor__pluginlib__plugin/moveit_ros_perception
[0.437s] -- Up-to-date: /home/nimesha/thesis/ws_moveit/install/moveit_ros_perception/share/moveit_ros_perception/cmake/export_moveit_ros_perceptionExport.cmake
[0.437s] -- Up-to-date: /home/nimesha/thesis/ws_moveit/install/moveit_ros_perception/share/moveit_ros_perception/cmake/export_moveit_ros_perceptionExport-release.cmake
[0.437s] -- Up-to-date: /home/nimesha/thesis/ws_moveit/install/moveit_ros_perception/share/moveit_ros_perception/cmake/ConfigExtras.cmake
[0.437s] -- Up-to-date: /home/nimesha/thesis/ws_moveit/install/moveit_ros_perception/share/moveit_ros_perception/cmake/ament_cmake_export_targets-extras.cmake
[0.438s] -- Up-to-date: /home/nimesha/thesis/ws_moveit/install/moveit_ros_perception/share/moveit_ros_perception/cmake/ament_cmake_export_dependencies-extras.cmake
[0.438s] -- Up-to-date: /home/nimesha/thesis/ws_moveit/install/moveit_ros_perception/share/moveit_ros_perception/cmake/moveit_ros_perceptionConfig.cmake
[0.438s] -- Up-to-date: /home/nimesha/thesis/ws_moveit/install/moveit_ros_perception/share/moveit_ros_perception/cmake/moveit_ros_perceptionConfig-version.cmake
[0.438s] -- Up-to-date: /home/nimesha/thesis/ws_moveit/install/moveit_ros_perception/share/moveit_ros_perception/package.xml
[0.444s] Invoked command in '/home/nimesha/thesis/ws_moveit/build/moveit_ros_perception' returned '0': AMENT_PREFIX_PATH=/home/nimesha/thesis/ws_moveit/install/moveit_ros_planning:/home/nimesha/thesis/ws_moveit/install/moveit_ros_occupancy_map_monitor:/home/nimesha/thesis/ws_moveit/install/moveit_core:/home/nimesha/thesis/ws_moveit/install/moveit_resources_panda_moveit_config:/home/nimesha/thesis/ws_moveit/install/srdfdom:${AMENT_PREFIX_PATH} CMAKE_PREFIX_PATH=/home/nimesha/thesis/ws_moveit/install/moveit_ros_planning:/home/nimesha/thesis/ws_moveit/install/moveit_ros_occupancy_map_monitor:/home/nimesha/thesis/ws_moveit/install/moveit_core:/home/nimesha/thesis/ws_moveit/install/moveit_resources_panda_moveit_config:/home/nimesha/thesis/ws_moveit/install/srdfdom:/home/nimesha/thesis/ws_moveit/install/moveit_resources_pr2_description:/home/nimesha/thesis/ws_moveit/install/moveit_resources_panda_description:/home/nimesha/thesis/ws_moveit/install/moveit_common:/home/nimesha/ros2_humble/ros2-linux:/home/nimesha/thesis/ws_moveit/install/robotiq_description:/home/nimesha/thesis/ws_moveit/install/moveit_resources_prbt_support:/home/nimesha/thesis/ws_moveit/install/moveit_resources_fanuc_description:/opt/ros/humble:/home/nimesha/thesis/ws_moveit/install/moveit_configs_utils:/opt/ros/rolling LD_LIBRARY_PATH=/home/nimesha/thesis/ws_moveit/install/moveit_ros_planning/lib:/home/nimesha/thesis/ws_moveit/install/moveit_ros_occupancy_map_monitor/lib:/home/nimesha/thesis/ws_moveit/install/moveit_core/lib:/home/nimesha/thesis/ws_moveit/install/srdfdom/lib:/opt/ros/humble/lib/x86_64-linux-gnu:/opt/ros/humble/lib:/home/nimesha/ros2_humble/ros2-linux/opt/rviz_ogre_vendor/lib:/opt/rti.com/rti_connext_dds-6.0.1/lib/x64Linux4gcc7.3.0:/opt/rti.com/rti_connext_dds-6.0.1/bin:/home/nimesha/ros2_humble/ros2-linux/lib:/opt/ros/rolling/opt/rviz_ogre_vendor/lib:/opt/ros/rolling/lib/x86_64-linux-gnu:/opt/ros/rolling/lib:/usr/lib/nvidia PATH=/home/nimesha/thesis/ws_moveit/install/moveit_core/bin:/opt/ros/humble/bin:/opt/rti.com/rti_connext_dds-6.0.1/lib/x64Linux4gcc7.3.0:/opt/rti.com/rti_connext_dds-6.0.1/bin:/home/nimesha/ros2_humble/ros2-linux/bin:/opt/ros/rolling/bin:/usr/lib/nvidia:/home/nimesha/anaconda3/condabin:/usr/local/sbin:/usr/local/bin:/usr/sbin:/usr/bin:/sbin:/bin:/usr/games:/usr/local/games:/usr/lib/wsl/lib:/mnt/c/Program Files/WindowsApps/MicrosoftCorporationII.WindowsSubsystemForLinux_2.2.4.0_x64__8wekyb3d8bbwe:/mnt/c/Windows/system32:/mnt/c/Windows:/mnt/c/Windows/System32/Wbem:/mnt/c/Windows/System32/WindowsPowerShell/v1.0/:/mnt/c/Windows/System32/OpenSSH/:/mnt/c/Program Files (x86)/NVIDIA Corporation/PhysX/Common:/mnt/c/Program Files/NVIDIA Corporation/NVIDIA NvDLISR:/mnt/c/Program Files/Git/cmd:/mnt/c/ProgramData/chocolatey/bin:/mnt/c/Program Files/MATLAB/R2024a/bin:/mnt/c/Program Files/dotnet/:/mnt/c/Users/Nimesha/AppData/Local/Programs/Python/Python311/Scripts/:/mnt/c/Users/Nimesha/AppData/Local/Programs/Python/Python311/:/mnt/c/Users/Nimesha/AppData/Local/Microsoft/WindowsApps:/mnt/c/Users/Nimesha/AppData/Local/Programs/Microsoft VS Code/bin:/mnt/c/Program Files/Baretail:/mnt/c/Program Files/Git/usr/bin:/mnt/c/Users/Nimesha/.dotnet/tools:/snap/bin PYTHONPATH=/home/nimesha/thesis/ws_moveit/install/srdfdom/local/lib/python3.10/dist-packages:${PYTHONPATH} /usr/bin/cmake --install /home/nimesha/thesis/ws_moveit/build/moveit_ros_perception
