[0.199s] Invoking command in '/home/nimesha/thesis/ws_moveit/build/moveit_resources_prbt_support': CMAKE_PREFIX_PATH=${CMAKE_PREFIX_PATH}:/opt/ros/humble:/home/nimesha/thesis/ws_moveit/install/moveit_configs_utils:/opt/ros/rolling /usr/bin/cmake /home/nimesha/thesis/ws_moveit/src/moveit2/moveit_planners/test_configs/prbt_support -DCMAKE_BUILD_TYPE=Release -DCMAKE_INSTALL_PREFIX=/home/nimesha/thesis/ws_moveit/install/moveit_resources_prbt_support
[0.329s] -- The C compiler identification is GNU 11.4.0
[0.491s] -- The CXX compiler identification is GNU 11.4.0
[0.618s] -- Detecting C compiler ABI info
[0.702s] -- Detecting C compiler ABI info - done
[0.706s] -- Check for working C compiler: /usr/bin/cc - skipped
[0.707s] -- Detecting C compile features
[0.707s] -- Detecting C compile features - done
[0.708s] -- Detecting CXX compiler ABI info
[0.790s] -- Detecting CXX compiler ABI info - done
[0.795s] -- Check for working CXX compiler: /usr/bin/c++ - skipped
[0.795s] -- Detecting CXX compile features
[0.795s] -- Detecting CXX compile features - done
[0.796s] -- Found ament_cmake: 1.3.10 (/home/nimesha/ros2_humble/ros2-linux/share/ament_cmake/cmake)
[0.898s] -- Found Python3: /usr/bin/python3 (found version "3.10.12") found components: Interpreter 
[0.985s] -- Configuring done
[0.988s] -- Generating done
[0.989s] -- Build files have been written to: /home/nimesha/thesis/ws_moveit/build/moveit_resources_prbt_support
[0.991s] Invoked command in '/home/nimesha/thesis/ws_moveit/build/moveit_resources_prbt_support' returned '0': CMAKE_PREFIX_PATH=${CMAKE_PREFIX_PATH}:/opt/ros/humble:/home/nimesha/thesis/ws_moveit/install/moveit_configs_utils:/opt/ros/rolling /usr/bin/cmake /home/nimesha/thesis/ws_moveit/src/moveit2/moveit_planners/test_configs/prbt_support -DCMAKE_BUILD_TYPE=Release -DCMAKE_INSTALL_PREFIX=/home/nimesha/thesis/ws_moveit/install/moveit_resources_prbt_support
[0.993s] Invoking command in '/home/nimesha/thesis/ws_moveit/build/moveit_resources_prbt_support': CMAKE_PREFIX_PATH=${CMAKE_PREFIX_PATH}:/opt/ros/humble:/home/nimesha/thesis/ws_moveit/install/moveit_configs_utils:/opt/ros/rolling /usr/bin/cmake --build /home/nimesha/thesis/ws_moveit/build/moveit_resources_prbt_support -- -j32 -l32
[1.027s] Invoked command in '/home/nimesha/thesis/ws_moveit/build/moveit_resources_prbt_support' returned '0': CMAKE_PREFIX_PATH=${CMAKE_PREFIX_PATH}:/opt/ros/humble:/home/nimesha/thesis/ws_moveit/install/moveit_configs_utils:/opt/ros/rolling /usr/bin/cmake --build /home/nimesha/thesis/ws_moveit/build/moveit_resources_prbt_support -- -j32 -l32
[1.053s] Invoking command in '/home/nimesha/thesis/ws_moveit/build/moveit_resources_prbt_support': CMAKE_PREFIX_PATH=${CMAKE_PREFIX_PATH}:/opt/ros/humble:/home/nimesha/thesis/ws_moveit/install/moveit_configs_utils:/opt/ros/rolling /usr/bin/cmake --install /home/nimesha/thesis/ws_moveit/build/moveit_resources_prbt_support
[1.056s] -- Install configuration: "Release"
[1.057s] -- Installing: /home/nimesha/thesis/ws_moveit/install/moveit_resources_prbt_support/share/ament_index/resource_index/package_run_dependencies/moveit_resources_prbt_support
[1.058s] -- Installing: /home/nimesha/thesis/ws_moveit/install/moveit_resources_prbt_support/share/ament_index/resource_index/parent_prefix_path/moveit_resources_prbt_support
[1.058s] -- Installing: /home/nimesha/thesis/ws_moveit/install/moveit_resources_prbt_support/share/moveit_resources_prbt_support/environment/ament_prefix_path.sh
[1.059s] -- Installing: /home/nimesha/thesis/ws_moveit/install/moveit_resources_prbt_support/share/moveit_resources_prbt_support/environment/ament_prefix_path.dsv
[1.059s] -- Installing: /home/nimesha/thesis/ws_moveit/install/moveit_resources_prbt_support/share/moveit_resources_prbt_support/environment/path.sh
[1.059s] -- Installing: /home/nimesha/thesis/ws_moveit/install/moveit_resources_prbt_support/share/moveit_resources_prbt_support/environment/path.dsv
[1.059s] -- Installing: /home/nimesha/thesis/ws_moveit/install/moveit_resources_prbt_support/share/moveit_resources_prbt_support/local_setup.bash
[1.059s] -- Installing: /home/nimesha/thesis/ws_moveit/install/moveit_resources_prbt_support/share/moveit_resources_prbt_support/local_setup.sh
[1.059s] -- Installing: /home/nimesha/thesis/ws_moveit/install/moveit_resources_prbt_support/share/moveit_resources_prbt_support/local_setup.zsh
[1.059s] -- Installing: /home/nimesha/thesis/ws_moveit/install/moveit_resources_prbt_support/share/moveit_resources_prbt_support/local_setup.dsv
[1.059s] -- Installing: /home/nimesha/thesis/ws_moveit/install/moveit_resources_prbt_support/share/moveit_resources_prbt_support/package.dsv
[1.059s] -- Installing: /home/nimesha/thesis/ws_moveit/install/moveit_resources_prbt_support/share/ament_index/resource_index/packages/moveit_resources_prbt_support
[1.059s] -- Installing: /home/nimesha/thesis/ws_moveit/install/moveit_resources_prbt_support/share/moveit_resources_prbt_support/cmake/moveit_resources_prbt_supportConfig.cmake
[1.060s] -- Installing: /home/nimesha/thesis/ws_moveit/install/moveit_resources_prbt_support/share/moveit_resources_prbt_support/cmake/moveit_resources_prbt_supportConfig-version.cmake
[1.060s] -- Installing: /home/nimesha/thesis/ws_moveit/install/moveit_resources_prbt_support/share/moveit_resources_prbt_support/package.xml
[1.060s] -- Installing: /home/nimesha/thesis/ws_moveit/install/moveit_resources_prbt_support/share/moveit_resources_prbt_support/urdf
[1.060s] -- Installing: /home/nimesha/thesis/ws_moveit/install/moveit_resources_prbt_support/share/moveit_resources_prbt_support/urdf/simple_gripper_brackets.urdf.xacro
[1.060s] -- Installing: /home/nimesha/thesis/ws_moveit/install/moveit_resources_prbt_support/share/moveit_resources_prbt_support/urdf/prbt.xacro
[1.060s] -- Installing: /home/nimesha/thesis/ws_moveit/install/moveit_resources_prbt_support/share/moveit_resources_prbt_support/urdf/prbt_macro.xacro
[1.061s] -- Installing: /home/nimesha/thesis/ws_moveit/install/moveit_resources_prbt_support/share/moveit_resources_prbt_support/urdf/prbt.ros2_control.xacro
[1.061s] -- Installing: /home/nimesha/thesis/ws_moveit/install/moveit_resources_prbt_support/share/moveit_resources_prbt_support/meshes
[1.062s] -- Installing: /home/nimesha/thesis/ws_moveit/install/moveit_resources_prbt_support/share/moveit_resources_prbt_support/meshes/foot.stl
[1.062s] -- Installing: /home/nimesha/thesis/ws_moveit/install/moveit_resources_prbt_support/share/moveit_resources_prbt_support/meshes/link_2.stl
[1.063s] -- Installing: /home/nimesha/thesis/ws_moveit/install/moveit_resources_prbt_support/share/moveit_resources_prbt_support/meshes/link_5.stl
[1.063s] -- Installing: /home/nimesha/thesis/ws_moveit/install/moveit_resources_prbt_support/share/moveit_resources_prbt_support/meshes/link_4.stl
[1.063s] -- Installing: /home/nimesha/thesis/ws_moveit/install/moveit_resources_prbt_support/share/moveit_resources_prbt_support/meshes/link_3.stl
[1.064s] -- Installing: /home/nimesha/thesis/ws_moveit/install/moveit_resources_prbt_support/share/moveit_resources_prbt_support/meshes/flange.stl
[1.064s] -- Installing: /home/nimesha/thesis/ws_moveit/install/moveit_resources_prbt_support/share/moveit_resources_prbt_support/meshes/link_4.dae
[1.066s] -- Installing: /home/nimesha/thesis/ws_moveit/install/moveit_resources_prbt_support/share/moveit_resources_prbt_support/meshes/link_2.dae
[1.069s] -- Installing: /home/nimesha/thesis/ws_moveit/install/moveit_resources_prbt_support/share/moveit_resources_prbt_support/meshes/link_1.stl
[1.073s] -- Installing: /home/nimesha/thesis/ws_moveit/install/moveit_resources_prbt_support/share/moveit_resources_prbt_support/meshes/link_1.dae
[1.076s] -- Installing: /home/nimesha/thesis/ws_moveit/install/moveit_resources_prbt_support/share/moveit_resources_prbt_support/meshes/link_5.dae
[1.078s] -- Installing: /home/nimesha/thesis/ws_moveit/install/moveit_resources_prbt_support/share/moveit_resources_prbt_support/meshes/foot.dae
[1.079s] -- Installing: /home/nimesha/thesis/ws_moveit/install/moveit_resources_prbt_support/share/moveit_resources_prbt_support/meshes/flange.dae
[1.082s] -- Installing: /home/nimesha/thesis/ws_moveit/install/moveit_resources_prbt_support/share/moveit_resources_prbt_support/meshes/link_3.dae
[1.084s] -- Installing: /home/nimesha/thesis/ws_moveit/install/moveit_resources_prbt_support/share/moveit_resources_prbt_support/config
[1.084s] -- Installing: /home/nimesha/thesis/ws_moveit/install/moveit_resources_prbt_support/share/moveit_resources_prbt_support/config/manipulator_driver.yaml
[1.084s] -- Installing: /home/nimesha/thesis/ws_moveit/install/moveit_resources_prbt_support/share/moveit_resources_prbt_support/config/manipulator_controller.yaml
[1.085s] -- Installing: /home/nimesha/thesis/ws_moveit/install/moveit_resources_prbt_support/share/moveit_resources_prbt_support/config/prbt_0_1.dcf
[1.087s] Invoked command in '/home/nimesha/thesis/ws_moveit/build/moveit_resources_prbt_support' returned '0': CMAKE_PREFIX_PATH=${CMAKE_PREFIX_PATH}:/opt/ros/humble:/home/nimesha/thesis/ws_moveit/install/moveit_configs_utils:/opt/ros/rolling /usr/bin/cmake --install /home/nimesha/thesis/ws_moveit/build/moveit_resources_prbt_support
