[0.740s] Invoking command in '/home/nimesha/thesis/ws_moveit/src/launch_param_builder': PYTHONPATH=/home/nimesha/thesis/ws_moveit/build/launch_param_builder/prefix_override:/usr/lib/python3/dist-packages/colcon_core/task/python/colcon_distutils_commands:/home/nimesha/thesis/ws_moveit/install/launch_param_builder/lib/python3.10/site-packages:${PYTHONPATH} /usr/bin/python3 -W ignore:setup.py install is deprecated setup.py egg_info --egg-base ../../build/launch_param_builder build --build-base /home/nimesha/thesis/ws_moveit/build/launch_param_builder/build install --record /home/nimesha/thesis/ws_moveit/build/launch_param_builder/install.log --single-version-externally-managed install_data
[0.928s] running egg_info
[0.929s] writing ../../build/launch_param_builder/launch_param_builder.egg-info/PKG-INFO
[0.929s] writing dependency_links to ../../build/launch_param_builder/launch_param_builder.egg-info/dependency_links.txt
[0.930s] writing entry points to ../../build/launch_param_builder/launch_param_builder.egg-info/entry_points.txt
[0.930s] writing requirements to ../../build/launch_param_builder/launch_param_builder.egg-info/requires.txt
[0.930s] writing top-level names to ../../build/launch_param_builder/launch_param_builder.egg-info/top_level.txt
[0.934s] reading manifest file '../../build/launch_param_builder/launch_param_builder.egg-info/SOURCES.txt'
[0.936s] adding license file 'LICENSE'
[0.937s] writing manifest file '../../build/launch_param_builder/launch_param_builder.egg-info/SOURCES.txt'
[0.937s] running build
[0.937s] running build_py
[0.939s] running install
[0.939s] running install_lib
[0.940s] running install_data
[0.945s] running install_egg_info
[0.947s] removing '/home/nimesha/thesis/ws_moveit/install/launch_param_builder/lib/python3.10/site-packages/launch_param_builder-0.1.1-py3.10.egg-info' (and everything under it)
[0.947s] Copying ../../build/launch_param_builder/launch_param_builder.egg-info to /home/nimesha/thesis/ws_moveit/install/launch_param_builder/lib/python3.10/site-packages/launch_param_builder-0.1.1-py3.10.egg-info
[0.947s] running install_scripts
[0.956s] writing list of installed files to '/home/nimesha/thesis/ws_moveit/build/launch_param_builder/install.log'
[0.978s] Invoked command in '/home/nimesha/thesis/ws_moveit/src/launch_param_builder' returned '0': PYTHONPATH=/home/nimesha/thesis/ws_moveit/build/launch_param_builder/prefix_override:/usr/lib/python3/dist-packages/colcon_core/task/python/colcon_distutils_commands:/home/nimesha/thesis/ws_moveit/install/launch_param_builder/lib/python3.10/site-packages:${PYTHONPATH} /usr/bin/python3 -W ignore:setup.py install is deprecated setup.py egg_info --egg-base ../../build/launch_param_builder build --build-base /home/nimesha/thesis/ws_moveit/build/launch_param_builder/build install --record /home/nimesha/thesis/ws_moveit/build/launch_param_builder/install.log --single-version-externally-managed install_data
