[0.187s] Invoking command in '/home/nimesha/thesis/ws_moveit/build/rosparam_shortcuts': CMAKE_PREFIX_PATH=${CMAKE_PREFIX_PATH}:/opt/ros/humble:/home/nimesha/thesis/ws_moveit/install/moveit_configs_utils:/opt/ros/rolling /usr/bin/cmake --build /home/nimesha/thesis/ws_moveit/build/rosparam_shortcuts -- -j32 -l32
[0.271s] [35m[1mConsolidate compiler generated dependencies of target gtest_main[0m
[0.271s] [35m[1mConsolidate compiler generated dependencies of target gtest[0m
[0.271s] [35m[1mConsolidate compiler generated dependencies of target rosparam_shortcuts[0m
[0.271s] [ 15%] Built target gtest
[0.271s] [ 30%] Built target gtest_main
[0.274s] [ 53%] Built target rosparam_shortcuts
[0.291s] [35m[1mConsolidate compiler generated dependencies of target rosparam_shortcuts_example[0m
[0.291s] [35m[1mConsolidate compiler generated dependencies of target rosparam_shortcuts_node_parameters_example[0m
[0.291s] [35m[1mConsolidate compiler generated dependencies of target test_node_parameters[0m
[0.304s] [ 69%] Built target rosparam_shortcuts_node_parameters_example
[0.307s] [ 84%] Built target rosparam_shortcuts_example
[0.309s] [100%] Built target test_node_parameters
[0.329s] Invoked command in '/home/nimesha/thesis/ws_moveit/build/rosparam_shortcuts' returned '0': CMAKE_PREFIX_PATH=${CMAKE_PREFIX_PATH}:/opt/ros/humble:/home/nimesha/thesis/ws_moveit/install/moveit_configs_utils:/opt/ros/rolling /usr/bin/cmake --build /home/nimesha/thesis/ws_moveit/build/rosparam_shortcuts -- -j32 -l32
[0.385s] Invoking command in '/home/nimesha/thesis/ws_moveit/build/rosparam_shortcuts': CMAKE_PREFIX_PATH=${CMAKE_PREFIX_PATH}:/opt/ros/humble:/home/nimesha/thesis/ws_moveit/install/moveit_configs_utils:/opt/ros/rolling /usr/bin/cmake --install /home/nimesha/thesis/ws_moveit/build/rosparam_shortcuts
[0.390s] -- Install configuration: "Release"
[0.392s] -- Up-to-date: /home/nimesha/thesis/ws_moveit/install/rosparam_shortcuts/lib/librosparam_shortcuts.so
[0.394s] -- Up-to-date: /home/nimesha/thesis/ws_moveit/install/rosparam_shortcuts/lib/rosparam_shortcuts/example
[0.395s] -- Up-to-date: /home/nimesha/thesis/ws_moveit/install/rosparam_shortcuts/lib/rosparam_shortcuts/node_parameters_example
[0.395s] -- Up-to-date: /home/nimesha/thesis/ws_moveit/install/rosparam_shortcuts/include
[0.395s] -- Up-to-date: /home/nimesha/thesis/ws_moveit/install/rosparam_shortcuts/include/rosparam_shortcuts
[0.396s] -- Up-to-date: /home/nimesha/thesis/ws_moveit/install/rosparam_shortcuts/include/rosparam_shortcuts/node_parameters.h
[0.396s] -- Up-to-date: /home/nimesha/thesis/ws_moveit/install/rosparam_shortcuts/include/rosparam_shortcuts/rosparam_shortcuts.h
[0.396s] -- Up-to-date: /home/nimesha/thesis/ws_moveit/install/rosparam_shortcuts/share/rosparam_shortcuts/launch
[0.397s] -- Up-to-date: /home/nimesha/thesis/ws_moveit/install/rosparam_shortcuts/share/rosparam_shortcuts/launch/example.launch.py
[0.397s] -- Up-to-date: /home/nimesha/thesis/ws_moveit/install/rosparam_shortcuts/share/rosparam_shortcuts/config
[0.398s] -- Up-to-date: /home/nimesha/thesis/ws_moveit/install/rosparam_shortcuts/share/rosparam_shortcuts/config/example.yaml
[0.399s] -- Up-to-date: /home/nimesha/thesis/ws_moveit/install/rosparam_shortcuts/share/rosparam_shortcuts/environment/library_path.sh
[0.399s] -- Up-to-date: /home/nimesha/thesis/ws_moveit/install/rosparam_shortcuts/share/rosparam_shortcuts/environment/library_path.dsv
[0.399s] -- Up-to-date: /home/nimesha/thesis/ws_moveit/install/rosparam_shortcuts/share/ament_index/resource_index/package_run_dependencies/rosparam_shortcuts
[0.400s] -- Up-to-date: /home/nimesha/thesis/ws_moveit/install/rosparam_shortcuts/share/ament_index/resource_index/parent_prefix_path/rosparam_shortcuts
[0.400s] -- Up-to-date: /home/nimesha/thesis/ws_moveit/install/rosparam_shortcuts/share/rosparam_shortcuts/environment/ament_prefix_path.sh
[0.400s] -- Up-to-date: /home/nimesha/thesis/ws_moveit/install/rosparam_shortcuts/share/rosparam_shortcuts/environment/ament_prefix_path.dsv
[0.400s] -- Up-to-date: /home/nimesha/thesis/ws_moveit/install/rosparam_shortcuts/share/rosparam_shortcuts/environment/path.sh
[0.400s] -- Up-to-date: /home/nimesha/thesis/ws_moveit/install/rosparam_shortcuts/share/rosparam_shortcuts/environment/path.dsv
[0.400s] -- Up-to-date: /home/nimesha/thesis/ws_moveit/install/rosparam_shortcuts/share/rosparam_shortcuts/local_setup.bash
[0.400s] -- Up-to-date: /home/nimesha/thesis/ws_moveit/install/rosparam_shortcuts/share/rosparam_shortcuts/local_setup.sh
[0.400s] -- Up-to-date: /home/nimesha/thesis/ws_moveit/install/rosparam_shortcuts/share/rosparam_shortcuts/local_setup.zsh
[0.400s] -- Up-to-date: /home/nimesha/thesis/ws_moveit/install/rosparam_shortcuts/share/rosparam_shortcuts/local_setup.dsv
[0.400s] -- Installing: /home/nimesha/thesis/ws_moveit/install/rosparam_shortcuts/share/rosparam_shortcuts/package.dsv
[0.400s] -- Up-to-date: /home/nimesha/thesis/ws_moveit/install/rosparam_shortcuts/share/ament_index/resource_index/packages/rosparam_shortcuts
[0.403s] -- Up-to-date: /home/nimesha/thesis/ws_moveit/install/rosparam_shortcuts/share/rosparam_shortcuts/cmake/export_rosparam_shortcutsExport.cmake
[0.403s] -- Up-to-date: /home/nimesha/thesis/ws_moveit/install/rosparam_shortcuts/share/rosparam_shortcuts/cmake/export_rosparam_shortcutsExport-release.cmake
[0.403s] -- Up-to-date: /home/nimesha/thesis/ws_moveit/install/rosparam_shortcuts/share/rosparam_shortcuts/cmake/ament_cmake_export_targets-extras.cmake
[0.403s] -- Up-to-date: /home/nimesha/thesis/ws_moveit/install/rosparam_shortcuts/share/rosparam_shortcuts/cmake/ament_cmake_export_dependencies-extras.cmake
[0.403s] -- Up-to-date: /home/nimesha/thesis/ws_moveit/install/rosparam_shortcuts/share/rosparam_shortcuts/cmake/rosparam_shortcutsConfig.cmake
[0.403s] -- Up-to-date: /home/nimesha/thesis/ws_moveit/install/rosparam_shortcuts/share/rosparam_shortcuts/cmake/rosparam_shortcutsConfig-version.cmake
[0.403s] -- Up-to-date: /home/nimesha/thesis/ws_moveit/install/rosparam_shortcuts/share/rosparam_shortcuts/package.xml
[0.405s] Invoked command in '/home/nimesha/thesis/ws_moveit/build/rosparam_shortcuts' returned '0': CMAKE_PREFIX_PATH=${CMAKE_PREFIX_PATH}:/opt/ros/humble:/home/nimesha/thesis/ws_moveit/install/moveit_configs_utils:/opt/ros/rolling /usr/bin/cmake --install /home/nimesha/thesis/ws_moveit/build/rosparam_shortcuts
