[0.202s] Invoking command in '/home/nimesha/thesis/ws_moveit/build/rosparam_shortcuts': CMAKE_PREFIX_PATH=${CMAKE_PREFIX_PATH}:/opt/ros/humble:/home/nimesha/thesis/ws_moveit/install/moveit_configs_utils:/opt/ros/rolling /usr/bin/cmake --build /home/nimesha/thesis/ws_moveit/build/rosparam_shortcuts -- -j32 -l32
[0.287s] [ 15%] Built target gtest_main
[0.292s] [ 30%] Built target gtest
[0.328s] [ 53%] Built target rosparam_shortcuts
[0.361s] [ 69%] Built target rosparam_shortcuts_node_parameters_example
[0.362s] [ 84%] Built target test_node_parameters
[0.362s] [100%] Built target rosparam_shortcuts_example
[0.394s] Invoked command in '/home/nimesha/thesis/ws_moveit/build/rosparam_shortcuts' returned '0': CMAKE_PREFIX_PATH=${CMAKE_PREFIX_PATH}:/opt/ros/humble:/home/nimesha/thesis/ws_moveit/install/moveit_configs_utils:/opt/ros/rolling /usr/bin/cmake --build /home/nimesha/thesis/ws_moveit/build/rosparam_shortcuts -- -j32 -l32
[0.445s] Invoking command in '/home/nimesha/thesis/ws_moveit/build/rosparam_shortcuts': CMAKE_PREFIX_PATH=${CMAKE_PREFIX_PATH}:/opt/ros/humble:/home/nimesha/thesis/ws_moveit/install/moveit_configs_utils:/opt/ros/rolling /usr/bin/cmake --install /home/nimesha/thesis/ws_moveit/build/rosparam_shortcuts
[0.460s] -- Install configuration: "Release"
[0.498s] -- Up-to-date: /home/nimesha/thesis/ws_moveit/install/rosparam_shortcuts/lib/librosparam_shortcuts.so
[0.500s] -- Up-to-date: /home/nimesha/thesis/ws_moveit/install/rosparam_shortcuts/lib/rosparam_shortcuts/example
[0.501s] -- Up-to-date: /home/nimesha/thesis/ws_moveit/install/rosparam_shortcuts/lib/rosparam_shortcuts/node_parameters_example
[0.501s] -- Up-to-date: /home/nimesha/thesis/ws_moveit/install/rosparam_shortcuts/include
[0.502s] -- Up-to-date: /home/nimesha/thesis/ws_moveit/install/rosparam_shortcuts/include/rosparam_shortcuts
[0.503s] -- Up-to-date: /home/nimesha/thesis/ws_moveit/install/rosparam_shortcuts/include/rosparam_shortcuts/node_parameters.h
[0.503s] -- Up-to-date: /home/nimesha/thesis/ws_moveit/install/rosparam_shortcuts/include/rosparam_shortcuts/rosparam_shortcuts.h
[0.503s] -- Up-to-date: /home/nimesha/thesis/ws_moveit/install/rosparam_shortcuts/share/rosparam_shortcuts/launch
[0.503s] -- Up-to-date: /home/nimesha/thesis/ws_moveit/install/rosparam_shortcuts/share/rosparam_shortcuts/launch/example.launch.py
[0.503s] -- Up-to-date: /home/nimesha/thesis/ws_moveit/install/rosparam_shortcuts/share/rosparam_shortcuts/config
[0.504s] -- Up-to-date: /home/nimesha/thesis/ws_moveit/install/rosparam_shortcuts/share/rosparam_shortcuts/config/example.yaml
[0.505s] -- Up-to-date: /home/nimesha/thesis/ws_moveit/install/rosparam_shortcuts/share/rosparam_shortcuts/environment/library_path.sh
[0.505s] -- Up-to-date: /home/nimesha/thesis/ws_moveit/install/rosparam_shortcuts/share/rosparam_shortcuts/environment/library_path.dsv
[0.505s] -- Up-to-date: /home/nimesha/thesis/ws_moveit/install/rosparam_shortcuts/share/ament_index/resource_index/package_run_dependencies/rosparam_shortcuts
[0.505s] -- Up-to-date: /home/nimesha/thesis/ws_moveit/install/rosparam_shortcuts/share/ament_index/resource_index/parent_prefix_path/rosparam_shortcuts
[0.506s] -- Up-to-date: /home/nimesha/thesis/ws_moveit/install/rosparam_shortcuts/share/rosparam_shortcuts/environment/ament_prefix_path.sh
[0.506s] -- Up-to-date: /home/nimesha/thesis/ws_moveit/install/rosparam_shortcuts/share/rosparam_shortcuts/environment/ament_prefix_path.dsv
[0.506s] -- Up-to-date: /home/nimesha/thesis/ws_moveit/install/rosparam_shortcuts/share/rosparam_shortcuts/environment/path.sh
[0.506s] -- Up-to-date: /home/nimesha/thesis/ws_moveit/install/rosparam_shortcuts/share/rosparam_shortcuts/environment/path.dsv
[0.506s] -- Up-to-date: /home/nimesha/thesis/ws_moveit/install/rosparam_shortcuts/share/rosparam_shortcuts/local_setup.bash
[0.506s] -- Up-to-date: /home/nimesha/thesis/ws_moveit/install/rosparam_shortcuts/share/rosparam_shortcuts/local_setup.sh
[0.506s] -- Up-to-date: /home/nimesha/thesis/ws_moveit/install/rosparam_shortcuts/share/rosparam_shortcuts/local_setup.zsh
[0.507s] -- Up-to-date: /home/nimesha/thesis/ws_moveit/install/rosparam_shortcuts/share/rosparam_shortcuts/local_setup.dsv
[0.507s] -- Installing: /home/nimesha/thesis/ws_moveit/install/rosparam_shortcuts/share/rosparam_shortcuts/package.dsv
[0.507s] -- Up-to-date: /home/nimesha/thesis/ws_moveit/install/rosparam_shortcuts/share/ament_index/resource_index/packages/rosparam_shortcuts
[0.509s] -- Up-to-date: /home/nimesha/thesis/ws_moveit/install/rosparam_shortcuts/share/rosparam_shortcuts/cmake/export_rosparam_shortcutsExport.cmake
[0.509s] -- Up-to-date: /home/nimesha/thesis/ws_moveit/install/rosparam_shortcuts/share/rosparam_shortcuts/cmake/export_rosparam_shortcutsExport-release.cmake
[0.509s] -- Up-to-date: /home/nimesha/thesis/ws_moveit/install/rosparam_shortcuts/share/rosparam_shortcuts/cmake/ament_cmake_export_targets-extras.cmake
[0.509s] -- Up-to-date: /home/nimesha/thesis/ws_moveit/install/rosparam_shortcuts/share/rosparam_shortcuts/cmake/ament_cmake_export_dependencies-extras.cmake
[0.509s] -- Up-to-date: /home/nimesha/thesis/ws_moveit/install/rosparam_shortcuts/share/rosparam_shortcuts/cmake/rosparam_shortcutsConfig.cmake
[0.509s] -- Up-to-date: /home/nimesha/thesis/ws_moveit/install/rosparam_shortcuts/share/rosparam_shortcuts/cmake/rosparam_shortcutsConfig-version.cmake
[0.509s] -- Up-to-date: /home/nimesha/thesis/ws_moveit/install/rosparam_shortcuts/share/rosparam_shortcuts/package.xml
[0.515s] Invoked command in '/home/nimesha/thesis/ws_moveit/build/rosparam_shortcuts' returned '0': CMAKE_PREFIX_PATH=${CMAKE_PREFIX_PATH}:/opt/ros/humble:/home/nimesha/thesis/ws_moveit/install/moveit_configs_utils:/opt/ros/rolling /usr/bin/cmake --install /home/nimesha/thesis/ws_moveit/build/rosparam_shortcuts
