[0.015s] Invoking command in '/home/nimesha/Thesis/moveit_ur5_v2_ws/build/ur_description': CMAKE_PREFIX_PATH=${CMAKE_PREFIX_PATH}:/home/nimesha/Thesis/moveit_ur5_v2_ws/install/moveit_configs_utils:/home/nimesha/Thesis/moveit_ur5_v2_ws/install/launch_param_builder:/home/nimesha/Thesis/moveit_ur5_v2_ws/src/ws_moveit/install/moveit_configs_utils:/home/nimesha/Thesis/moveit_ur5_v2_ws/src/ws_moveit/install/launch_param_builder:/opt/ros/humble /usr/bin/cmake /home/nimesha/Thesis/moveit_ur5_v2_ws/src/UR5e_robotiq_gripper_RViz/UR5e_with_2F_140_robotiq_gripper_RViz/universal_robot/ur_description -DCMAKE_INSTALL_PREFIX=/home/nimesha/Thesis/moveit_ur5_v2_ws/install/ur_description
[0.105s] -- The C compiler identification is GNU 11.4.0
[0.288s] -- The CXX compiler identification is GNU 11.4.0
[0.415s] -- Detecting C compiler ABI info
[0.505s] -- Detecting C compiler ABI info - done
[0.510s] -- Check for working C compiler: /usr/bin/cc - skipped
[0.510s] -- Detecting C compile features
[0.510s] -- Detecting C compile features - done
[0.511s] -- Detecting CXX compiler ABI info
[0.611s] -- Detecting CXX compiler ABI info - done
[0.615s] -- Check for working CXX compiler: /usr/bin/c++ - skipped
[0.615s] -- Detecting CXX compile features
[0.615s] -- Detecting CXX compile features - done
[0.620s] -- Found ament_cmake: 1.3.10 (/home/nimesha/ros2_humble/ros2-linux/share/ament_cmake/cmake)
[0.731s] -- Found Python3: /usr/bin/python3 (found version "3.10.12") found components: Interpreter 
[0.868s] -- Found rclcpp: 16.0.10 (/home/nimesha/ros2_humble/ros2-linux/share/rclcpp/cmake)
[0.981s] -- Found rosidl_generator_c: 3.1.5 (/home/nimesha/ros2_humble/ros2-linux/share/rosidl_generator_c/cmake)
[0.991s] -- Found rosidl_adapter: 3.1.5 (/home/nimesha/ros2_humble/ros2-linux/share/rosidl_adapter/cmake)
[1.004s] -- Found rosidl_generator_cpp: 3.1.5 (/home/nimesha/ros2_humble/ros2-linux/share/rosidl_generator_cpp/cmake)
[1.022s] -- Using all available rosidl_typesupport_c: rosidl_typesupport_fastrtps_c;rosidl_typesupport_introspection_c
[1.045s] -- Using all available rosidl_typesupport_cpp: rosidl_typesupport_fastrtps_cpp;rosidl_typesupport_introspection_cpp
[1.095s] -- Found rmw_implementation_cmake: 6.1.2 (/home/nimesha/ros2_humble/ros2-linux/share/rmw_implementation_cmake/cmake)
[1.102s] -- Found rmw_fastrtps_cpp: 6.2.7 (/home/nimesha/ros2_humble/ros2-linux/share/rmw_fastrtps_cpp/cmake)
[1.654s] -- Found OpenSSL: /usr/lib/x86_64-linux-gnu/libcrypto.so (found version "3.0.2")  
[2.122s] -- Found FastRTPS: /home/nimesha/ros2_humble/ros2-linux/include  
[2.901s] -- Using RMW implementation 'rmw_fastrtps_cpp' as default
[2.916s] -- Looking for pthread.h
[3.015s] -- Looking for pthread.h - found
[3.015s] -- Performing Test CMAKE_HAVE_LIBC_PTHREAD
[3.098s] -- Performing Test CMAKE_HAVE_LIBC_PTHREAD - Success
[3.099s] -- Found Threads: TRUE  
[3.129s] -- Found std_msgs: 4.2.4 (/home/nimesha/ros2_humble/ros2-linux/share/std_msgs/cmake)
[3.138s] -- Found ament_lint_auto: 0.12.11 (/home/nimesha/ros2_humble/ros2-linux/share/ament_lint_auto/cmake)
[3.198s] -- Added test 'lint_cmake' to check CMake code style
[3.200s] -- Added test 'xmllint' to check XML markup files
[3.202s] -- Configuring done
[3.205s] -- Generating done
[3.205s] -- Build files have been written to: /home/nimesha/Thesis/moveit_ur5_v2_ws/build/ur_description
[3.210s] Invoked command in '/home/nimesha/Thesis/moveit_ur5_v2_ws/build/ur_description' returned '0': CMAKE_PREFIX_PATH=${CMAKE_PREFIX_PATH}:/home/nimesha/Thesis/moveit_ur5_v2_ws/install/moveit_configs_utils:/home/nimesha/Thesis/moveit_ur5_v2_ws/install/launch_param_builder:/home/nimesha/Thesis/moveit_ur5_v2_ws/src/ws_moveit/install/moveit_configs_utils:/home/nimesha/Thesis/moveit_ur5_v2_ws/src/ws_moveit/install/launch_param_builder:/opt/ros/humble /usr/bin/cmake /home/nimesha/Thesis/moveit_ur5_v2_ws/src/UR5e_robotiq_gripper_RViz/UR5e_with_2F_140_robotiq_gripper_RViz/universal_robot/ur_description -DCMAKE_INSTALL_PREFIX=/home/nimesha/Thesis/moveit_ur5_v2_ws/install/ur_description
[3.211s] Invoking command in '/home/nimesha/Thesis/moveit_ur5_v2_ws/build/ur_description': CMAKE_PREFIX_PATH=${CMAKE_PREFIX_PATH}:/home/nimesha/Thesis/moveit_ur5_v2_ws/install/moveit_configs_utils:/home/nimesha/Thesis/moveit_ur5_v2_ws/install/launch_param_builder:/home/nimesha/Thesis/moveit_ur5_v2_ws/src/ws_moveit/install/moveit_configs_utils:/home/nimesha/Thesis/moveit_ur5_v2_ws/src/ws_moveit/install/launch_param_builder:/opt/ros/humble /usr/bin/cmake --build /home/nimesha/Thesis/moveit_ur5_v2_ws/build/ur_description -- -j32 -l32
[3.242s] Invoked command in '/home/nimesha/Thesis/moveit_ur5_v2_ws/build/ur_description' returned '0': CMAKE_PREFIX_PATH=${CMAKE_PREFIX_PATH}:/home/nimesha/Thesis/moveit_ur5_v2_ws/install/moveit_configs_utils:/home/nimesha/Thesis/moveit_ur5_v2_ws/install/launch_param_builder:/home/nimesha/Thesis/moveit_ur5_v2_ws/src/ws_moveit/install/moveit_configs_utils:/home/nimesha/Thesis/moveit_ur5_v2_ws/src/ws_moveit/install/launch_param_builder:/opt/ros/humble /usr/bin/cmake --build /home/nimesha/Thesis/moveit_ur5_v2_ws/build/ur_description -- -j32 -l32
[3.271s] Invoking command in '/home/nimesha/Thesis/moveit_ur5_v2_ws/build/ur_description': CMAKE_PREFIX_PATH=${CMAKE_PREFIX_PATH}:/home/nimesha/Thesis/moveit_ur5_v2_ws/install/moveit_configs_utils:/home/nimesha/Thesis/moveit_ur5_v2_ws/install/launch_param_builder:/home/nimesha/Thesis/moveit_ur5_v2_ws/src/ws_moveit/install/moveit_configs_utils:/home/nimesha/Thesis/moveit_ur5_v2_ws/src/ws_moveit/install/launch_param_builder:/opt/ros/humble /usr/bin/cmake --install /home/nimesha/Thesis/moveit_ur5_v2_ws/build/ur_description
[3.277s] -- Install configuration: ""
[3.277s] -- Installing: /home/nimesha/Thesis/moveit_ur5_v2_ws/install/ur_description/share/ur_description/urdf
[3.277s] -- Installing: /home/nimesha/Thesis/moveit_ur5_v2_ws/install/ur_description/share/ur_description/urdf/ur5e_robot.xacro
[3.278s] -- Installing: /home/nimesha/Thesis/moveit_ur5_v2_ws/install/ur_description/share/ur_description/urdf/inc
[3.278s] -- Installing: /home/nimesha/Thesis/moveit_ur5_v2_ws/install/ur_description/share/ur_description/urdf/inc/ur_macro.xacro
[3.278s] -- Installing: /home/nimesha/Thesis/moveit_ur5_v2_ws/install/ur_description/share/ur_description/urdf/inc/ur_common.xacro
[3.279s] -- Installing: /home/nimesha/Thesis/moveit_ur5_v2_ws/install/ur_description/share/ur_description/urdf/inc/ur5e_macro.xacro
[3.279s] -- Installing: /home/nimesha/Thesis/moveit_ur5_v2_ws/install/ur_description/share/ur_description/urdf/inc/ur_transmissions.xacro
[3.280s] -- Installing: /home/nimesha/Thesis/moveit_ur5_v2_ws/install/ur_description/share/ur_description/urdf/ur5e_robot.urdf
[3.280s] -- Installing: /home/nimesha/Thesis/moveit_ur5_v2_ws/install/ur_description/share/ur_description/meshes
[3.280s] -- Installing: /home/nimesha/Thesis/moveit_ur5_v2_ws/install/ur_description/share/ur_description/meshes/ur5e
[3.280s] -- Installing: /home/nimesha/Thesis/moveit_ur5_v2_ws/install/ur_description/share/ur_description/meshes/ur5e/collision
[3.280s] -- Installing: /home/nimesha/Thesis/moveit_ur5_v2_ws/install/ur_description/share/ur_description/meshes/ur5e/collision/wrist2.stl
[3.282s] -- Installing: /home/nimesha/Thesis/moveit_ur5_v2_ws/install/ur_description/share/ur_description/meshes/ur5e/collision/upperarm.stl
[3.283s] -- Installing: /home/nimesha/Thesis/moveit_ur5_v2_ws/install/ur_description/share/ur_description/meshes/ur5e/collision/wrist1_test.stl
[3.284s] -- Installing: /home/nimesha/Thesis/moveit_ur5_v2_ws/install/ur_description/share/ur_description/meshes/ur5e/collision/wrist3.stl
[3.284s] -- Installing: /home/nimesha/Thesis/moveit_ur5_v2_ws/install/ur_description/share/ur_description/meshes/ur5e/collision/forearm.stl
[3.285s] -- Installing: /home/nimesha/Thesis/moveit_ur5_v2_ws/install/ur_description/share/ur_description/meshes/ur5e/collision/wrist3_test.stl
[3.285s] -- Installing: /home/nimesha/Thesis/moveit_ur5_v2_ws/install/ur_description/share/ur_description/meshes/ur5e/collision/shoulder_test.stl
[3.286s] -- Installing: /home/nimesha/Thesis/moveit_ur5_v2_ws/install/ur_description/share/ur_description/meshes/ur5e/collision/base_test.stl
[3.286s] -- Installing: /home/nimesha/Thesis/moveit_ur5_v2_ws/install/ur_description/share/ur_description/meshes/ur5e/collision/shoulder.stl
[3.287s] -- Installing: /home/nimesha/Thesis/moveit_ur5_v2_ws/install/ur_description/share/ur_description/meshes/ur5e/collision/wrist1.stl
[3.288s] -- Installing: /home/nimesha/Thesis/moveit_ur5_v2_ws/install/ur_description/share/ur_description/meshes/ur5e/collision/wrist2_test.stl
[3.289s] -- Installing: /home/nimesha/Thesis/moveit_ur5_v2_ws/install/ur_description/share/ur_description/meshes/ur5e/collision/upperarm_test.stl
[3.291s] -- Installing: /home/nimesha/Thesis/moveit_ur5_v2_ws/install/ur_description/share/ur_description/meshes/ur5e/collision/forearm_test.stl
[3.293s] -- Installing: /home/nimesha/Thesis/moveit_ur5_v2_ws/install/ur_description/share/ur_description/meshes/ur5e/collision/base.stl
[3.293s] -- Installing: /home/nimesha/Thesis/moveit_ur5_v2_ws/install/ur_description/share/ur_description/meshes/ur5e/visual
[3.294s] -- Installing: /home/nimesha/Thesis/moveit_ur5_v2_ws/install/ur_description/share/ur_description/meshes/ur5e/visual/wrist1.dae
[3.301s] -- Installing: /home/nimesha/Thesis/moveit_ur5_v2_ws/install/ur_description/share/ur_description/meshes/ur5e/visual/shoulder.dae
[3.307s] -- Installing: /home/nimesha/Thesis/moveit_ur5_v2_ws/install/ur_description/share/ur_description/meshes/ur5e/visual/wrist2.dae
[3.313s] -- Installing: /home/nimesha/Thesis/moveit_ur5_v2_ws/install/ur_description/share/ur_description/meshes/ur5e/visual/forearm.dae
[3.317s] -- Installing: /home/nimesha/Thesis/moveit_ur5_v2_ws/install/ur_description/share/ur_description/meshes/ur5e/visual/wrist3.dae
[3.317s] -- Installing: /home/nimesha/Thesis/moveit_ur5_v2_ws/install/ur_description/share/ur_description/meshes/ur5e/visual/upperarm.dae
[3.329s] -- Installing: /home/nimesha/Thesis/moveit_ur5_v2_ws/install/ur_description/share/ur_description/meshes/ur5e/visual/base.dae
[3.331s] -- Installing: /home/nimesha/Thesis/moveit_ur5_v2_ws/install/ur_description/share/ur_description/config
[3.331s] -- Installing: /home/nimesha/Thesis/moveit_ur5_v2_ws/install/ur_description/share/ur_description/config/ur5e
[3.331s] -- Installing: /home/nimesha/Thesis/moveit_ur5_v2_ws/install/ur_description/share/ur_description/config/ur5e/visual_parameters.yaml
[3.331s] -- Installing: /home/nimesha/Thesis/moveit_ur5_v2_ws/install/ur_description/share/ur_description/config/ur5e/default_kinematics.yaml
[3.331s] -- Installing: /home/nimesha/Thesis/moveit_ur5_v2_ws/install/ur_description/share/ur_description/config/ur5e/physical_parameters.yaml
[3.332s] -- Installing: /home/nimesha/Thesis/moveit_ur5_v2_ws/install/ur_description/share/ur_description/config/ur5e/joint_limits.yaml
[3.332s] -- Installing: /home/nimesha/Thesis/moveit_ur5_v2_ws/install/ur_description/share/ament_index/resource_index/package_run_dependencies/ur_description
[3.333s] -- Installing: /home/nimesha/Thesis/moveit_ur5_v2_ws/install/ur_description/share/ament_index/resource_index/parent_prefix_path/ur_description
[3.333s] -- Installing: /home/nimesha/Thesis/moveit_ur5_v2_ws/install/ur_description/share/ur_description/environment/ament_prefix_path.sh
[3.333s] -- Installing: /home/nimesha/Thesis/moveit_ur5_v2_ws/install/ur_description/share/ur_description/environment/ament_prefix_path.dsv
[3.333s] -- Installing: /home/nimesha/Thesis/moveit_ur5_v2_ws/install/ur_description/share/ur_description/environment/path.sh
[3.333s] -- Installing: /home/nimesha/Thesis/moveit_ur5_v2_ws/install/ur_description/share/ur_description/environment/path.dsv
[3.333s] -- Installing: /home/nimesha/Thesis/moveit_ur5_v2_ws/install/ur_description/share/ur_description/local_setup.bash
[3.333s] -- Installing: /home/nimesha/Thesis/moveit_ur5_v2_ws/install/ur_description/share/ur_description/local_setup.sh
[3.333s] -- Installing: /home/nimesha/Thesis/moveit_ur5_v2_ws/install/ur_description/share/ur_description/local_setup.zsh
[3.333s] -- Installing: /home/nimesha/Thesis/moveit_ur5_v2_ws/install/ur_description/share/ur_description/local_setup.dsv
[3.333s] -- Installing: /home/nimesha/Thesis/moveit_ur5_v2_ws/install/ur_description/share/ur_description/package.dsv
[3.333s] -- Installing: /home/nimesha/Thesis/moveit_ur5_v2_ws/install/ur_description/share/ament_index/resource_index/packages/ur_description
[3.333s] -- Installing: /home/nimesha/Thesis/moveit_ur5_v2_ws/install/ur_description/share/ur_description/cmake/ur_descriptionConfig.cmake
[3.333s] -- Installing: /home/nimesha/Thesis/moveit_ur5_v2_ws/install/ur_description/share/ur_description/cmake/ur_descriptionConfig-version.cmake
[3.333s] -- Installing: /home/nimesha/Thesis/moveit_ur5_v2_ws/install/ur_description/share/ur_description/package.xml
[3.335s] Invoked command in '/home/nimesha/Thesis/moveit_ur5_v2_ws/build/ur_description' returned '0': CMAKE_PREFIX_PATH=${CMAKE_PREFIX_PATH}:/home/nimesha/Thesis/moveit_ur5_v2_ws/install/moveit_configs_utils:/home/nimesha/Thesis/moveit_ur5_v2_ws/install/launch_param_builder:/home/nimesha/Thesis/moveit_ur5_v2_ws/src/ws_moveit/install/moveit_configs_utils:/home/nimesha/Thesis/moveit_ur5_v2_ws/src/ws_moveit/install/launch_param_builder:/opt/ros/humble /usr/bin/cmake --install /home/nimesha/Thesis/moveit_ur5_v2_ws/build/ur_description
