[0.007s] Invoking command in '/home/nimesha/Thesis/moveit_ur5_v2_ws/src/ws_moveit/build/rosparam_shortcuts': CMAKE_PREFIX_PATH=${CMAKE_PREFIX_PATH}:/home/nimesha/Thesis/ws_moveit/install/moveit_configs_utils:/home/nimesha/Thesis/ws_moveit/install/launch_param_builder:/opt/ros/humble /usr/bin/cmake /home/nimesha/Thesis/moveit_ur5_v2_ws/src/ws_moveit/src/rosparam_shortcuts -DCMAKE_BUILD_TYPE=Release -DCMAKE_INSTALL_PREFIX=/home/nimesha/Thesis/moveit_ur5_v2_ws/src/ws_moveit/install/rosparam_shortcuts
[0.070s] -- The C compiler identification is GNU 11.4.0
[0.231s] -- The CXX compiler identification is GNU 11.4.0
[0.335s] -- Detecting C compiler ABI info
[0.401s] -- Detecting C compiler ABI info - done
[0.404s] -- Check for working C compiler: /usr/bin/cc - skipped
[0.404s] -- Detecting C compile features
[0.405s] -- Detecting C compile features - done
[0.406s] -- Detecting CXX compiler ABI info
[0.482s] -- Detecting CXX compiler ABI info - done
[0.486s] -- Check for working CXX compiler: /usr/bin/c++ - skipped
[0.486s] -- Detecting CXX compile features
[0.486s] -- Detecting CXX compile features - done
[0.487s] -- Found ament_cmake: 1.3.10 (/home/nimesha/ros2_humble/ros2-linux/share/ament_cmake/cmake)
[0.572s] -- Found Python3: /usr/bin/python3 (found version "3.10.12") found components: Interpreter 
[0.623s] -- Found eigen3_cmake_module: 0.1.1 (/home/nimesha/ros2_humble/ros2-linux/share/eigen3_cmake_module/cmake)
[0.636s] -- Found Eigen3: TRUE (found version "3.4.0") 
[0.637s] -- Found geometry_msgs: 4.2.4 (/home/nimesha/ros2_humble/ros2-linux/share/geometry_msgs/cmake)
[0.707s] -- Found rosidl_generator_c: 3.1.5 (/home/nimesha/ros2_humble/ros2-linux/share/rosidl_generator_c/cmake)
[0.709s] -- Found rosidl_adapter: 3.1.5 (/home/nimesha/ros2_humble/ros2-linux/share/rosidl_adapter/cmake)
[0.714s] -- Found rosidl_generator_cpp: 3.1.5 (/home/nimesha/ros2_humble/ros2-linux/share/rosidl_generator_cpp/cmake)
[0.720s] -- Using all available rosidl_typesupport_c: rosidl_typesupport_fastrtps_c;rosidl_typesupport_introspection_c
[0.729s] -- Using all available rosidl_typesupport_cpp: rosidl_typesupport_fastrtps_cpp;rosidl_typesupport_introspection_cpp
[0.759s] -- Found rclcpp: 16.0.10 (/home/nimesha/ros2_humble/ros2-linux/share/rclcpp/cmake)
[0.830s] -- Found rmw_implementation_cmake: 6.1.2 (/home/nimesha/ros2_humble/ros2-linux/share/rmw_implementation_cmake/cmake)
[0.835s] -- Found rmw_fastrtps_cpp: 6.2.7 (/home/nimesha/ros2_humble/ros2-linux/share/rmw_fastrtps_cpp/cmake)
[1.357s] -- Found OpenSSL: /usr/lib/x86_64-linux-gnu/libcrypto.so (found version "3.0.2")  
[1.868s] -- Found FastRTPS: /home/nimesha/ros2_humble/ros2-linux/include  
[2.673s] -- Using RMW implementation 'rmw_fastrtps_cpp' as default
[2.685s] -- Looking for pthread.h
[2.777s] -- Looking for pthread.h - found
[2.777s] -- Performing Test CMAKE_HAVE_LIBC_PTHREAD
[2.851s] -- Performing Test CMAKE_HAVE_LIBC_PTHREAD - Success
[2.852s] -- Found Threads: TRUE  
[2.899s] -- Found tf2_eigen: 0.25.7 (/home/nimesha/ros2_humble/ros2-linux/share/tf2_eigen/cmake)
[3.015s] -- Found ament_lint_auto: 0.12.11 (/home/nimesha/ros2_humble/ros2-linux/share/ament_lint_auto/cmake)
[3.016s] -- Found ament_cmake_gtest: 1.3.10 (/home/nimesha/ros2_humble/ros2-linux/share/ament_cmake_gtest/cmake)
[3.019s] -- Found ros_testing: 0.4.0 (/home/nimesha/ros2_humble/ros2-linux/share/ros_testing/cmake)
[3.022s] -- Found launch_testing_ament_cmake: 1.0.6 (/home/nimesha/ros2_humble/ros2-linux/share/launch_testing_ament_cmake/cmake)
[3.024s] -- Found python_cmake_module: 0.10.0 (/home/nimesha/ros2_humble/ros2-linux/share/python_cmake_module/cmake)
[3.072s] -- Found PythonInterp: /usr/bin/python3 (found suitable version "3.10.12", minimum required is "3.6") 
[3.185s] -- Found PythonLibs: /usr/lib/x86_64-linux-gnu/libpython3.10.so (found suitable version "3.10.12", minimum required is "3.5") 
[3.185s] -- Using PYTHON_EXECUTABLE: /usr/bin/python3
[3.185s] -- Using PYTHON_INCLUDE_DIRS: /usr/include/python3.10
[3.185s] -- Using PYTHON_LIBRARIES: /usr/lib/x86_64-linux-gnu/libpython3.10.so
[3.198s] -- Found PythonExtra: .so  
[3.248s] -- Found gtest sources under '/home/nimesha/ros2_humble/ros2-linux/src/gtest_vendor': C++ tests using 'Google Test' will be built
[3.255s] -- Added test 'copyright' to check source files copyright and LICENSE
[3.263s] -- Added test 'lint_cmake' to check CMake code style
[3.263s] -- Added test 'pep257' to check Python code against some of the docstring style conventions in PEP 257
[3.263s] -- Added test 'xmllint' to check XML markup files
[3.264s] -- Configuring done
[3.276s] -- Generating done
[3.276s] -- Build files have been written to: /home/nimesha/Thesis/moveit_ur5_v2_ws/src/ws_moveit/build/rosparam_shortcuts
[3.282s] Invoked command in '/home/nimesha/Thesis/moveit_ur5_v2_ws/src/ws_moveit/build/rosparam_shortcuts' returned '0': CMAKE_PREFIX_PATH=${CMAKE_PREFIX_PATH}:/home/nimesha/Thesis/ws_moveit/install/moveit_configs_utils:/home/nimesha/Thesis/ws_moveit/install/launch_param_builder:/opt/ros/humble /usr/bin/cmake /home/nimesha/Thesis/moveit_ur5_v2_ws/src/ws_moveit/src/rosparam_shortcuts -DCMAKE_BUILD_TYPE=Release -DCMAKE_INSTALL_PREFIX=/home/nimesha/Thesis/moveit_ur5_v2_ws/src/ws_moveit/install/rosparam_shortcuts
[3.283s] Invoking command in '/home/nimesha/Thesis/moveit_ur5_v2_ws/src/ws_moveit/build/rosparam_shortcuts': CMAKE_PREFIX_PATH=${CMAKE_PREFIX_PATH}:/home/nimesha/Thesis/ws_moveit/install/moveit_configs_utils:/home/nimesha/Thesis/ws_moveit/install/launch_param_builder:/opt/ros/humble /usr/bin/cmake --build /home/nimesha/Thesis/moveit_ur5_v2_ws/src/ws_moveit/build/rosparam_shortcuts -- -j32 -l32
[3.314s] [  7%] [32mBuilding CXX object gtest/CMakeFiles/gtest.dir/src/gtest-all.cc.o[0m
[3.315s] [ 15%] [32mBuilding CXX object gtest/CMakeFiles/gtest_main.dir/src/gtest_main.cc.o[0m
[3.315s] [ 23%] [32mBuilding CXX object CMakeFiles/rosparam_shortcuts.dir/src/node_parameters.cpp.o[0m
[3.315s] [ 30%] [32mBuilding CXX object CMakeFiles/rosparam_shortcuts.dir/src/rosparam_shortcuts.cpp.o[0m
[3.842s] [ 38%] [32m[1mLinking CXX static library libgtest_main.a[0m
[4.107s] [ 38%] Built target gtest_main
[7.169s] [ 46%] [32m[1mLinking CXX shared library librosparam_shortcuts.so[0m
[7.441s] [ 46%] Built target rosparam_shortcuts
[7.459s] [ 53%] [32mBuilding CXX object CMakeFiles/rosparam_shortcuts_example.dir/src/example.cpp.o[0m
[7.461s] [ 61%] [32mBuilding CXX object CMakeFiles/rosparam_shortcuts_node_parameters_example.dir/src/node_parameters_example.cpp.o[0m
[7.531s] [ 69%] [32m[1mLinking CXX static library libgtest.a[0m
[7.572s] [ 69%] Built target gtest
[7.592s] [ 76%] [32mBuilding CXX object CMakeFiles/test_node_parameters.dir/test/test_node_parameters.cpp.o[0m
[10.245s] [ 84%] [32m[1mLinking CXX executable example[0m
[10.251s] [ 92%] [32m[1mLinking CXX executable node_parameters_example[0m
[10.355s] [ 92%] Built target rosparam_shortcuts_example
[10.356s] [ 92%] Built target rosparam_shortcuts_node_parameters_example
[11.094s] [100%] [32m[1mLinking CXX executable test_node_parameters[0m
[11.214s] [100%] Built target test_node_parameters
[11.222s] Invoked command in '/home/nimesha/Thesis/moveit_ur5_v2_ws/src/ws_moveit/build/rosparam_shortcuts' returned '0': CMAKE_PREFIX_PATH=${CMAKE_PREFIX_PATH}:/home/nimesha/Thesis/ws_moveit/install/moveit_configs_utils:/home/nimesha/Thesis/ws_moveit/install/launch_param_builder:/opt/ros/humble /usr/bin/cmake --build /home/nimesha/Thesis/moveit_ur5_v2_ws/src/ws_moveit/build/rosparam_shortcuts -- -j32 -l32
[11.272s] Invoking command in '/home/nimesha/Thesis/moveit_ur5_v2_ws/src/ws_moveit/build/rosparam_shortcuts': CMAKE_PREFIX_PATH=${CMAKE_PREFIX_PATH}:/home/nimesha/Thesis/ws_moveit/install/moveit_configs_utils:/home/nimesha/Thesis/ws_moveit/install/launch_param_builder:/opt/ros/humble /usr/bin/cmake --install /home/nimesha/Thesis/moveit_ur5_v2_ws/src/ws_moveit/build/rosparam_shortcuts
[11.275s] -- Install configuration: "Release"
[11.276s] -- Installing: /home/nimesha/Thesis/moveit_ur5_v2_ws/src/ws_moveit/install/rosparam_shortcuts/lib/librosparam_shortcuts.so
[11.276s] -- Set runtime path of "/home/nimesha/Thesis/moveit_ur5_v2_ws/src/ws_moveit/install/rosparam_shortcuts/lib/librosparam_shortcuts.so" to ""
[11.276s] -- Installing: /home/nimesha/Thesis/moveit_ur5_v2_ws/src/ws_moveit/install/rosparam_shortcuts/lib/rosparam_shortcuts/example
[11.276s] -- Set runtime path of "/home/nimesha/Thesis/moveit_ur5_v2_ws/src/ws_moveit/install/rosparam_shortcuts/lib/rosparam_shortcuts/example" to ""
[11.276s] -- Installing: /home/nimesha/Thesis/moveit_ur5_v2_ws/src/ws_moveit/install/rosparam_shortcuts/lib/rosparam_shortcuts/node_parameters_example
[11.277s] -- Set runtime path of "/home/nimesha/Thesis/moveit_ur5_v2_ws/src/ws_moveit/install/rosparam_shortcuts/lib/rosparam_shortcuts/node_parameters_example" to ""
[11.277s] -- Installing: /home/nimesha/Thesis/moveit_ur5_v2_ws/src/ws_moveit/install/rosparam_shortcuts/include
[11.277s] -- Installing: /home/nimesha/Thesis/moveit_ur5_v2_ws/src/ws_moveit/install/rosparam_shortcuts/include/rosparam_shortcuts
[11.277s] -- Installing: /home/nimesha/Thesis/moveit_ur5_v2_ws/src/ws_moveit/install/rosparam_shortcuts/include/rosparam_shortcuts/node_parameters.h
[11.277s] -- Installing: /home/nimesha/Thesis/moveit_ur5_v2_ws/src/ws_moveit/install/rosparam_shortcuts/include/rosparam_shortcuts/rosparam_shortcuts.h
[11.277s] -- Installing: /home/nimesha/Thesis/moveit_ur5_v2_ws/src/ws_moveit/install/rosparam_shortcuts/share/rosparam_shortcuts/launch
[11.278s] -- Installing: /home/nimesha/Thesis/moveit_ur5_v2_ws/src/ws_moveit/install/rosparam_shortcuts/share/rosparam_shortcuts/launch/example.launch.py
[11.278s] -- Installing: /home/nimesha/Thesis/moveit_ur5_v2_ws/src/ws_moveit/install/rosparam_shortcuts/share/rosparam_shortcuts/config
[11.278s] -- Installing: /home/nimesha/Thesis/moveit_ur5_v2_ws/src/ws_moveit/install/rosparam_shortcuts/share/rosparam_shortcuts/config/example.yaml
[11.278s] -- Installing: /home/nimesha/Thesis/moveit_ur5_v2_ws/src/ws_moveit/install/rosparam_shortcuts/share/rosparam_shortcuts/environment/library_path.sh
[11.278s] -- Installing: /home/nimesha/Thesis/moveit_ur5_v2_ws/src/ws_moveit/install/rosparam_shortcuts/share/rosparam_shortcuts/environment/library_path.dsv
[11.279s] -- Installing: /home/nimesha/Thesis/moveit_ur5_v2_ws/src/ws_moveit/install/rosparam_shortcuts/share/ament_index/resource_index/package_run_dependencies/rosparam_shortcuts
[11.279s] -- Installing: /home/nimesha/Thesis/moveit_ur5_v2_ws/src/ws_moveit/install/rosparam_shortcuts/share/ament_index/resource_index/parent_prefix_path/rosparam_shortcuts
[11.279s] -- Installing: /home/nimesha/Thesis/moveit_ur5_v2_ws/src/ws_moveit/install/rosparam_shortcuts/share/rosparam_shortcuts/environment/ament_prefix_path.sh
[11.279s] -- Installing: /home/nimesha/Thesis/moveit_ur5_v2_ws/src/ws_moveit/install/rosparam_shortcuts/share/rosparam_shortcuts/environment/ament_prefix_path.dsv
[11.279s] -- Installing: /home/nimesha/Thesis/moveit_ur5_v2_ws/src/ws_moveit/install/rosparam_shortcuts/share/rosparam_shortcuts/environment/path.sh
[11.280s] -- Installing: /home/nimesha/Thesis/moveit_ur5_v2_ws/src/ws_moveit/install/rosparam_shortcuts/share/rosparam_shortcuts/environment/path.dsv
[11.280s] -- Installing: /home/nimesha/Thesis/moveit_ur5_v2_ws/src/ws_moveit/install/rosparam_shortcuts/share/rosparam_shortcuts/local_setup.bash
[11.280s] -- Installing: /home/nimesha/Thesis/moveit_ur5_v2_ws/src/ws_moveit/install/rosparam_shortcuts/share/rosparam_shortcuts/local_setup.sh
[11.280s] -- Installing: /home/nimesha/Thesis/moveit_ur5_v2_ws/src/ws_moveit/install/rosparam_shortcuts/share/rosparam_shortcuts/local_setup.zsh
[11.280s] -- Installing: /home/nimesha/Thesis/moveit_ur5_v2_ws/src/ws_moveit/install/rosparam_shortcuts/share/rosparam_shortcuts/local_setup.dsv
[11.280s] -- Installing: /home/nimesha/Thesis/moveit_ur5_v2_ws/src/ws_moveit/install/rosparam_shortcuts/share/rosparam_shortcuts/package.dsv
[11.280s] -- Installing: /home/nimesha/Thesis/moveit_ur5_v2_ws/src/ws_moveit/install/rosparam_shortcuts/share/ament_index/resource_index/packages/rosparam_shortcuts
[11.280s] -- Installing: /home/nimesha/Thesis/moveit_ur5_v2_ws/src/ws_moveit/install/rosparam_shortcuts/share/rosparam_shortcuts/cmake/export_rosparam_shortcutsExport.cmake
[11.280s] -- Installing: /home/nimesha/Thesis/moveit_ur5_v2_ws/src/ws_moveit/install/rosparam_shortcuts/share/rosparam_shortcuts/cmake/export_rosparam_shortcutsExport-release.cmake
[11.280s] -- Installing: /home/nimesha/Thesis/moveit_ur5_v2_ws/src/ws_moveit/install/rosparam_shortcuts/share/rosparam_shortcuts/cmake/ament_cmake_export_targets-extras.cmake
[11.280s] -- Installing: /home/nimesha/Thesis/moveit_ur5_v2_ws/src/ws_moveit/install/rosparam_shortcuts/share/rosparam_shortcuts/cmake/ament_cmake_export_dependencies-extras.cmake
[11.280s] -- Installing: /home/nimesha/Thesis/moveit_ur5_v2_ws/src/ws_moveit/install/rosparam_shortcuts/share/rosparam_shortcuts/cmake/rosparam_shortcutsConfig.cmake
[11.280s] -- Installing: /home/nimesha/Thesis/moveit_ur5_v2_ws/src/ws_moveit/install/rosparam_shortcuts/share/rosparam_shortcuts/cmake/rosparam_shortcutsConfig-version.cmake
[11.280s] -- Installing: /home/nimesha/Thesis/moveit_ur5_v2_ws/src/ws_moveit/install/rosparam_shortcuts/share/rosparam_shortcuts/package.xml
[11.281s] Invoked command in '/home/nimesha/Thesis/moveit_ur5_v2_ws/src/ws_moveit/build/rosparam_shortcuts' returned '0': CMAKE_PREFIX_PATH=${CMAKE_PREFIX_PATH}:/home/nimesha/Thesis/ws_moveit/install/moveit_configs_utils:/home/nimesha/Thesis/ws_moveit/install/launch_param_builder:/opt/ros/humble /usr/bin/cmake --install /home/nimesha/Thesis/moveit_ur5_v2_ws/src/ws_moveit/build/rosparam_shortcuts
