[0.000000] (-) TimerEvent: {}
[0.000484] (-) JobUnselected: {'identifier': 'moveit_ur5_interface'}
[0.000522] (-) JobUnselected: {'identifier': 'moveit_ur5_msgs'}
[0.000546] (-) JobUnselected: {'identifier': 'pnp_msgs'}
[0.000556] (-) JobUnselected: {'identifier': 'robotiq_2f_bringup'}
[0.000563] (-) JobUnselected: {'identifier': 'robotiq_2f_description'}
[0.000571] (-) JobUnselected: {'identifier': 'robotiq_2f_driver'}
[0.000577] (-) JobUnselected: {'identifier': 'robotiq_2f_driver_ui'}
[0.000585] (-) JobUnselected: {'identifier': 'robotiq_2f_msgs'}
[0.000591] (-) JobUnselected: {'identifier': 'robotiq_2f_tfbc'}
[0.000599] (-) JobUnselected: {'identifier': 'robotiq_description'}
[0.000605] (-) JobUnselected: {'identifier': 'ur'}
[0.000612] (-) JobUnselected: {'identifier': 'ur5_gripper_description'}
[0.000619] (-) JobUnselected: {'identifier': 'ur5_gripper_moveit_config'}
[0.000626] (-) JobUnselected: {'identifier': 'ur_bringup'}
[0.000636] (-) JobUnselected: {'identifier': 'ur_calibration'}
[0.000644] (-) JobUnselected: {'identifier': 'ur_controllers'}
[0.000665] (-) JobUnselected: {'identifier': 'ur_dashboard_msgs'}
[0.000687] (-) JobUnselected: {'identifier': 'ur_moveit_config'}
[0.000710] (-) JobUnselected: {'identifier': 'ur_robot_driver'}
[0.000735] (pnp_actionlib) JobQueued: {'identifier': 'pnp_actionlib', 'dependencies': OrderedDict([('moveit_ur5_msgs', '/home/nimesha/Thesis/Unused/moveit_ur5_ws/install/moveit_ur5_msgs'), ('pnp_msgs', '/home/nimesha/Thesis/Unused/moveit_ur5_ws/install/pnp_msgs'), ('robotiq_2f_msgs', '/home/nimesha/Thesis/Unused/moveit_ur5_ws/install/robotiq_2f_msgs'), ('robotiq_description', '/home/nimesha/Thesis/Unused/moveit_ur5_ws/install/robotiq_description'), ('ur_dashboard_msgs', '/home/nimesha/Thesis/Unused/moveit_ur5_ws/install/ur_dashboard_msgs'), ('ur5_gripper_description', '/home/nimesha/Thesis/Unused/moveit_ur5_ws/install/ur5_gripper_description'), ('ur_controllers', '/home/nimesha/Thesis/Unused/moveit_ur5_ws/install/ur_controllers'), ('ur5_gripper_moveit_config', '/home/nimesha/Thesis/Unused/moveit_ur5_ws/install/ur5_gripper_moveit_config'), ('ur_bringup', '/home/nimesha/Thesis/Unused/moveit_ur5_ws/install/ur_bringup'), ('moveit_ur5_interface', '/home/nimesha/Thesis/Unused/moveit_ur5_ws/install/moveit_ur5_interface')])}
[0.000768] (pnp_actionlib) JobStarted: {'identifier': 'pnp_actionlib'}
[0.010836] (pnp_actionlib) JobEnded: {'identifier': 'pnp_actionlib', 'rc': 1}
[0.021260] (-) EventReactorShutdown: {}
