[0.017s] Invoking command in '/home/nimesha/Thesis/moveit_ur5_v2_ws/build/srdfdom': CMAKE_PREFIX_PATH=${CMAKE_PREFIX_PATH}:/home/nimesha/Thesis/moveit_ur5_v2_ws/install/moveit_configs_utils:/home/nimesha/Thesis/moveit_ur5_v2_ws/install/launch_param_builder:/home/nimesha/Thesis/moveit_ur5_v2_ws/src/ws_moveit/install/moveit_configs_utils:/home/nimesha/Thesis/moveit_ur5_v2_ws/src/ws_moveit/install/launch_param_builder:/opt/ros/humble /usr/bin/cmake --build /home/nimesha/Thesis/moveit_ur5_v2_ws/build/srdfdom -- -j32 -l32
[0.069s] [35m[1mConsolidate compiler generated dependencies of target gtest_main[0m
[0.070s] [35m[1mConsolidate compiler generated dependencies of target gtest[0m
[0.071s] [35m[1mConsolidate compiler generated dependencies of target srdfdom[0m
[0.084s] [ 18%] Built target gtest_main
[0.086s] [ 36%] Built target gtest
[0.091s] [ 36%] Built target ament_cmake_python_copy_srdfdom
[0.117s] [ 63%] Built target srdfdom
[0.131s] [35m[1mConsolidate compiler generated dependencies of target test_cpp_C[0m
[0.131s] [35m[1mConsolidate compiler generated dependencies of target test_cpp_nl_NL.UTF-8[0m
[0.147s] [ 81%] Built target test_cpp_nl_NL.UTF-8
[0.147s] [100%] Built target test_cpp_C
[0.271s] running egg_info
[0.271s] writing srdfdom.egg-info/PKG-INFO
[0.272s] writing dependency_links to srdfdom.egg-info/dependency_links.txt
[0.272s] writing top-level names to srdfdom.egg-info/top_level.txt
[0.273s] reading manifest file 'srdfdom.egg-info/SOURCES.txt'
[0.274s] writing manifest file 'srdfdom.egg-info/SOURCES.txt'
[0.294s] [100%] Built target ament_cmake_python_build_srdfdom_egg
[0.304s] Invoked command in '/home/nimesha/Thesis/moveit_ur5_v2_ws/build/srdfdom' returned '0': CMAKE_PREFIX_PATH=${CMAKE_PREFIX_PATH}:/home/nimesha/Thesis/moveit_ur5_v2_ws/install/moveit_configs_utils:/home/nimesha/Thesis/moveit_ur5_v2_ws/install/launch_param_builder:/home/nimesha/Thesis/moveit_ur5_v2_ws/src/ws_moveit/install/moveit_configs_utils:/home/nimesha/Thesis/moveit_ur5_v2_ws/src/ws_moveit/install/launch_param_builder:/opt/ros/humble /usr/bin/cmake --build /home/nimesha/Thesis/moveit_ur5_v2_ws/build/srdfdom -- -j32 -l32
[0.374s] Invoking command in '/home/nimesha/Thesis/moveit_ur5_v2_ws/build/srdfdom': CMAKE_PREFIX_PATH=${CMAKE_PREFIX_PATH}:/home/nimesha/Thesis/moveit_ur5_v2_ws/install/moveit_configs_utils:/home/nimesha/Thesis/moveit_ur5_v2_ws/install/launch_param_builder:/home/nimesha/Thesis/moveit_ur5_v2_ws/src/ws_moveit/install/moveit_configs_utils:/home/nimesha/Thesis/moveit_ur5_v2_ws/src/ws_moveit/install/launch_param_builder:/opt/ros/humble /usr/bin/cmake --install /home/nimesha/Thesis/moveit_ur5_v2_ws/build/srdfdom
[0.381s] -- Install configuration: ""
[0.382s] -- Up-to-date: /home/nimesha/Thesis/moveit_ur5_v2_ws/install/srdfdom/lib/libsrdfdom.so.2.0.4
[0.382s] -- Up-to-date: /home/nimesha/Thesis/moveit_ur5_v2_ws/install/srdfdom/lib/libsrdfdom.so
[0.382s] -- Up-to-date: /home/nimesha/Thesis/moveit_ur5_v2_ws/install/srdfdom/include/srdfdom
[0.383s] -- Up-to-date: /home/nimesha/Thesis/moveit_ur5_v2_ws/install/srdfdom/include/srdfdom/srdf_writer.h
[0.383s] -- Up-to-date: /home/nimesha/Thesis/moveit_ur5_v2_ws/install/srdfdom/include/srdfdom/model.h
[0.383s] -- Up-to-date: /home/nimesha/Thesis/moveit_ur5_v2_ws/install/srdfdom/include/srdfdom/visibility_control.h
[0.383s] -- Up-to-date: /home/nimesha/Thesis/moveit_ur5_v2_ws/install/srdfdom/lib/srdfdom/display_srdf
[0.383s] -- Up-to-date: /home/nimesha/Thesis/moveit_ur5_v2_ws/install/srdfdom/share/srdfdom/environment/pythonpath.sh
[0.383s] -- Up-to-date: /home/nimesha/Thesis/moveit_ur5_v2_ws/install/srdfdom/share/srdfdom/environment/pythonpath.dsv
[0.383s] -- Up-to-date: /home/nimesha/Thesis/moveit_ur5_v2_ws/install/srdfdom/local/lib/python3.10/dist-packages/srdfdom-2.0.4-py3.10.egg-info
[0.383s] -- Installing: /home/nimesha/Thesis/moveit_ur5_v2_ws/install/srdfdom/local/lib/python3.10/dist-packages/srdfdom-2.0.4-py3.10.egg-info/SOURCES.txt
[0.383s] -- Installing: /home/nimesha/Thesis/moveit_ur5_v2_ws/install/srdfdom/local/lib/python3.10/dist-packages/srdfdom-2.0.4-py3.10.egg-info/PKG-INFO
[0.383s] -- Installing: /home/nimesha/Thesis/moveit_ur5_v2_ws/install/srdfdom/local/lib/python3.10/dist-packages/srdfdom-2.0.4-py3.10.egg-info/dependency_links.txt
[0.383s] -- Installing: /home/nimesha/Thesis/moveit_ur5_v2_ws/install/srdfdom/local/lib/python3.10/dist-packages/srdfdom-2.0.4-py3.10.egg-info/top_level.txt
[0.383s] -- Up-to-date: /home/nimesha/Thesis/moveit_ur5_v2_ws/install/srdfdom/local/lib/python3.10/dist-packages/srdfdom
[0.383s] -- Up-to-date: /home/nimesha/Thesis/moveit_ur5_v2_ws/install/srdfdom/local/lib/python3.10/dist-packages/srdfdom/__init__.py
[0.383s] -- Up-to-date: /home/nimesha/Thesis/moveit_ur5_v2_ws/install/srdfdom/local/lib/python3.10/dist-packages/srdfdom/srdf.py
[0.404s] Listing '/home/nimesha/Thesis/moveit_ur5_v2_ws/install/srdfdom/local/lib/python3.10/dist-packages/srdfdom'...
[0.407s] -- Up-to-date: /home/nimesha/Thesis/moveit_ur5_v2_ws/install/srdfdom/share/srdfdom/environment/library_path.sh
[0.407s] -- Up-to-date: /home/nimesha/Thesis/moveit_ur5_v2_ws/install/srdfdom/share/srdfdom/environment/library_path.dsv
[0.407s] -- Up-to-date: /home/nimesha/Thesis/moveit_ur5_v2_ws/install/srdfdom/share/ament_index/resource_index/package_run_dependencies/srdfdom
[0.407s] -- Up-to-date: /home/nimesha/Thesis/moveit_ur5_v2_ws/install/srdfdom/share/ament_index/resource_index/parent_prefix_path/srdfdom
[0.407s] -- Up-to-date: /home/nimesha/Thesis/moveit_ur5_v2_ws/install/srdfdom/share/srdfdom/environment/ament_prefix_path.sh
[0.407s] -- Up-to-date: /home/nimesha/Thesis/moveit_ur5_v2_ws/install/srdfdom/share/srdfdom/environment/ament_prefix_path.dsv
[0.407s] -- Up-to-date: /home/nimesha/Thesis/moveit_ur5_v2_ws/install/srdfdom/share/srdfdom/environment/path.sh
[0.407s] -- Up-to-date: /home/nimesha/Thesis/moveit_ur5_v2_ws/install/srdfdom/share/srdfdom/environment/path.dsv
[0.407s] -- Up-to-date: /home/nimesha/Thesis/moveit_ur5_v2_ws/install/srdfdom/share/srdfdom/local_setup.bash
[0.407s] -- Up-to-date: /home/nimesha/Thesis/moveit_ur5_v2_ws/install/srdfdom/share/srdfdom/local_setup.sh
[0.407s] -- Up-to-date: /home/nimesha/Thesis/moveit_ur5_v2_ws/install/srdfdom/share/srdfdom/local_setup.zsh
[0.407s] -- Up-to-date: /home/nimesha/Thesis/moveit_ur5_v2_ws/install/srdfdom/share/srdfdom/local_setup.dsv
[0.407s] -- Installing: /home/nimesha/Thesis/moveit_ur5_v2_ws/install/srdfdom/share/srdfdom/package.dsv
[0.408s] -- Up-to-date: /home/nimesha/Thesis/moveit_ur5_v2_ws/install/srdfdom/share/ament_index/resource_index/packages/srdfdom
[0.408s] -- Up-to-date: /home/nimesha/Thesis/moveit_ur5_v2_ws/install/srdfdom/share/srdfdom/cmake/srdfdomTargetsExport.cmake
[0.408s] -- Up-to-date: /home/nimesha/Thesis/moveit_ur5_v2_ws/install/srdfdom/share/srdfdom/cmake/srdfdomTargetsExport-noconfig.cmake
[0.408s] -- Up-to-date: /home/nimesha/Thesis/moveit_ur5_v2_ws/install/srdfdom/share/srdfdom/cmake/ament_cmake_export_targets-extras.cmake
[0.408s] -- Up-to-date: /home/nimesha/Thesis/moveit_ur5_v2_ws/install/srdfdom/share/srdfdom/cmake/ament_cmake_export_dependencies-extras.cmake
[0.408s] -- Up-to-date: /home/nimesha/Thesis/moveit_ur5_v2_ws/install/srdfdom/share/srdfdom/cmake/srdfdomConfig.cmake
[0.408s] -- Up-to-date: /home/nimesha/Thesis/moveit_ur5_v2_ws/install/srdfdom/share/srdfdom/cmake/srdfdomConfig-version.cmake
[0.408s] -- Up-to-date: /home/nimesha/Thesis/moveit_ur5_v2_ws/install/srdfdom/share/srdfdom/package.xml
[0.409s] Invoked command in '/home/nimesha/Thesis/moveit_ur5_v2_ws/build/srdfdom' returned '0': CMAKE_PREFIX_PATH=${CMAKE_PREFIX_PATH}:/home/nimesha/Thesis/moveit_ur5_v2_ws/install/moveit_configs_utils:/home/nimesha/Thesis/moveit_ur5_v2_ws/install/launch_param_builder:/home/nimesha/Thesis/moveit_ur5_v2_ws/src/ws_moveit/install/moveit_configs_utils:/home/nimesha/Thesis/moveit_ur5_v2_ws/src/ws_moveit/install/launch_param_builder:/opt/ros/humble /usr/bin/cmake --install /home/nimesha/Thesis/moveit_ur5_v2_ws/build/srdfdom
