[0.161s] Invoking command in '/home/nimesha/thesis/ws_moveit/build/moveit_resources_panda_moveit_config': CMAKE_PREFIX_PATH=/home/nimesha/thesis/ws_moveit/install/moveit_resources_panda_description:/home/nimesha/ros2_humble/ros2-linux:/home/nimesha/thesis/ws_moveit/install/robotiq_description:/home/nimesha/thesis/ws_moveit/install/moveit_resources_prbt_support:/home/nimesha/thesis/ws_moveit/install/moveit_resources_pr2_description:/home/nimesha/thesis/ws_moveit/install/moveit_resources_fanuc_description:/home/nimesha/thesis/ws_moveit/install/moveit_common:/opt/ros/humble:/home/nimesha/thesis/ws_moveit/install/moveit_configs_utils:/opt/ros/rolling /usr/bin/cmake --build /home/nimesha/thesis/ws_moveit/build/moveit_resources_panda_moveit_config -- -j32 -l32
[0.192s] Invoked command in '/home/nimesha/thesis/ws_moveit/build/moveit_resources_panda_moveit_config' returned '0': CMAKE_PREFIX_PATH=/home/nimesha/thesis/ws_moveit/install/moveit_resources_panda_description:/home/nimesha/ros2_humble/ros2-linux:/home/nimesha/thesis/ws_moveit/install/robotiq_description:/home/nimesha/thesis/ws_moveit/install/moveit_resources_prbt_support:/home/nimesha/thesis/ws_moveit/install/moveit_resources_pr2_description:/home/nimesha/thesis/ws_moveit/install/moveit_resources_fanuc_description:/home/nimesha/thesis/ws_moveit/install/moveit_common:/opt/ros/humble:/home/nimesha/thesis/ws_moveit/install/moveit_configs_utils:/opt/ros/rolling /usr/bin/cmake --build /home/nimesha/thesis/ws_moveit/build/moveit_resources_panda_moveit_config -- -j32 -l32
[0.220s] Invoking command in '/home/nimesha/thesis/ws_moveit/build/moveit_resources_panda_moveit_config': CMAKE_PREFIX_PATH=/home/nimesha/thesis/ws_moveit/install/moveit_resources_panda_description:/home/nimesha/ros2_humble/ros2-linux:/home/nimesha/thesis/ws_moveit/install/robotiq_description:/home/nimesha/thesis/ws_moveit/install/moveit_resources_prbt_support:/home/nimesha/thesis/ws_moveit/install/moveit_resources_pr2_description:/home/nimesha/thesis/ws_moveit/install/moveit_resources_fanuc_description:/home/nimesha/thesis/ws_moveit/install/moveit_common:/opt/ros/humble:/home/nimesha/thesis/ws_moveit/install/moveit_configs_utils:/opt/ros/rolling /usr/bin/cmake --install /home/nimesha/thesis/ws_moveit/build/moveit_resources_panda_moveit_config
[0.225s] -- Install configuration: "Release"
[0.225s] -- Up-to-date: /home/nimesha/thesis/ws_moveit/install/moveit_resources_panda_moveit_config/share/ament_index/resource_index/package_run_dependencies/moveit_resources_panda_moveit_config
[0.225s] -- Up-to-date: /home/nimesha/thesis/ws_moveit/install/moveit_resources_panda_moveit_config/share/ament_index/resource_index/parent_prefix_path/moveit_resources_panda_moveit_config
[0.225s] -- Up-to-date: /home/nimesha/thesis/ws_moveit/install/moveit_resources_panda_moveit_config/share/moveit_resources_panda_moveit_config/environment/ament_prefix_path.sh
[0.225s] -- Up-to-date: /home/nimesha/thesis/ws_moveit/install/moveit_resources_panda_moveit_config/share/moveit_resources_panda_moveit_config/environment/ament_prefix_path.dsv
[0.225s] -- Up-to-date: /home/nimesha/thesis/ws_moveit/install/moveit_resources_panda_moveit_config/share/moveit_resources_panda_moveit_config/environment/path.sh
[0.226s] -- Up-to-date: /home/nimesha/thesis/ws_moveit/install/moveit_resources_panda_moveit_config/share/moveit_resources_panda_moveit_config/environment/path.dsv
[0.226s] -- Up-to-date: /home/nimesha/thesis/ws_moveit/install/moveit_resources_panda_moveit_config/share/moveit_resources_panda_moveit_config/local_setup.bash
[0.226s] -- Up-to-date: /home/nimesha/thesis/ws_moveit/install/moveit_resources_panda_moveit_config/share/moveit_resources_panda_moveit_config/local_setup.sh
[0.226s] -- Up-to-date: /home/nimesha/thesis/ws_moveit/install/moveit_resources_panda_moveit_config/share/moveit_resources_panda_moveit_config/local_setup.zsh
[0.228s] -- Up-to-date: /home/nimesha/thesis/ws_moveit/install/moveit_resources_panda_moveit_config/share/moveit_resources_panda_moveit_config/local_setup.dsv
[0.228s] -- Installing: /home/nimesha/thesis/ws_moveit/install/moveit_resources_panda_moveit_config/share/moveit_resources_panda_moveit_config/package.dsv
[0.228s] -- Up-to-date: /home/nimesha/thesis/ws_moveit/install/moveit_resources_panda_moveit_config/share/ament_index/resource_index/packages/moveit_resources_panda_moveit_config
[0.228s] -- Up-to-date: /home/nimesha/thesis/ws_moveit/install/moveit_resources_panda_moveit_config/share/moveit_resources_panda_moveit_config/cmake/moveit_resources_panda_moveit_configConfig.cmake
[0.228s] -- Up-to-date: /home/nimesha/thesis/ws_moveit/install/moveit_resources_panda_moveit_config/share/moveit_resources_panda_moveit_config/cmake/moveit_resources_panda_moveit_configConfig-version.cmake
[0.229s] -- Up-to-date: /home/nimesha/thesis/ws_moveit/install/moveit_resources_panda_moveit_config/share/moveit_resources_panda_moveit_config/package.xml
[0.229s] -- Up-to-date: /home/nimesha/thesis/ws_moveit/install/moveit_resources_panda_moveit_config/share/moveit_resources_panda_moveit_config/launch
[0.229s] -- Up-to-date: /home/nimesha/thesis/ws_moveit/install/moveit_resources_panda_moveit_config/share/moveit_resources_panda_moveit_config/launch/moveit_empty.rviz
[0.229s] -- Up-to-date: /home/nimesha/thesis/ws_moveit/install/moveit_resources_panda_moveit_config/share/moveit_resources_panda_moveit_config/launch/moveit.rviz
[0.229s] -- Up-to-date: /home/nimesha/thesis/ws_moveit/install/moveit_resources_panda_moveit_config/share/moveit_resources_panda_moveit_config/launch/demo.launch.py
[0.229s] -- Up-to-date: /home/nimesha/thesis/ws_moveit/install/moveit_resources_panda_moveit_config/share/moveit_resources_panda_moveit_config/launch/moveit_rviz.launch.py
[0.229s] -- Up-to-date: /home/nimesha/thesis/ws_moveit/install/moveit_resources_panda_moveit_config/share/moveit_resources_panda_moveit_config/config
[0.229s] -- Up-to-date: /home/nimesha/thesis/ws_moveit/install/moveit_resources_panda_moveit_config/share/moveit_resources_panda_moveit_config/config/moveit_controllers.yaml
[0.229s] -- Up-to-date: /home/nimesha/thesis/ws_moveit/install/moveit_resources_panda_moveit_config/share/moveit_resources_panda_moveit_config/config/panda_hand.ros2_control.xacro
[0.229s] -- Up-to-date: /home/nimesha/thesis/ws_moveit/install/moveit_resources_panda_moveit_config/share/moveit_resources_panda_moveit_config/config/gripper_moveit_controllers.yaml
[0.229s] -- Up-to-date: /home/nimesha/thesis/ws_moveit/install/moveit_resources_panda_moveit_config/share/moveit_resources_panda_moveit_config/config/sensors_kinect_depthmap.yaml
[0.229s] -- Up-to-date: /home/nimesha/thesis/ws_moveit/install/moveit_resources_panda_moveit_config/share/moveit_resources_panda_moveit_config/config/pilz_industrial_motion_planner_planning.yaml
[0.229s] -- Up-to-date: /home/nimesha/thesis/ws_moveit/install/moveit_resources_panda_moveit_config/share/moveit_resources_panda_moveit_config/config/panda.srdf
[0.229s] -- Up-to-date: /home/nimesha/thesis/ws_moveit/install/moveit_resources_panda_moveit_config/share/moveit_resources_panda_moveit_config/config/sensors_kinect_pointcloud.yaml
[0.229s] -- Up-to-date: /home/nimesha/thesis/ws_moveit/install/moveit_resources_panda_moveit_config/share/moveit_resources_panda_moveit_config/config/panda_arm.srdf.xacro
[0.229s] -- Up-to-date: /home/nimesha/thesis/ws_moveit/install/moveit_resources_panda_moveit_config/share/moveit_resources_panda_moveit_config/config/ros2_controllers.yaml
[0.229s] -- Up-to-date: /home/nimesha/thesis/ws_moveit/install/moveit_resources_panda_moveit_config/share/moveit_resources_panda_moveit_config/config/panda.urdf.xacro
[0.229s] -- Up-to-date: /home/nimesha/thesis/ws_moveit/install/moveit_resources_panda_moveit_config/share/moveit_resources_panda_moveit_config/config/trajopt_planning.yaml
[0.229s] -- Up-to-date: /home/nimesha/thesis/ws_moveit/install/moveit_resources_panda_moveit_config/share/moveit_resources_panda_moveit_config/config/panda_arm.xacro
[0.229s] -- Up-to-date: /home/nimesha/thesis/ws_moveit/install/moveit_resources_panda_moveit_config/share/moveit_resources_panda_moveit_config/config/ompl_planning.yaml
[0.229s] -- Up-to-date: /home/nimesha/thesis/ws_moveit/install/moveit_resources_panda_moveit_config/share/moveit_resources_panda_moveit_config/config/kinematics.yaml
[0.229s] -- Up-to-date: /home/nimesha/thesis/ws_moveit/install/moveit_resources_panda_moveit_config/share/moveit_resources_panda_moveit_config/config/panda.ros2_control.xacro
[0.229s] -- Up-to-date: /home/nimesha/thesis/ws_moveit/install/moveit_resources_panda_moveit_config/share/moveit_resources_panda_moveit_config/config/pilz_cartesian_limits.yaml
[0.229s] -- Up-to-date: /home/nimesha/thesis/ws_moveit/install/moveit_resources_panda_moveit_config/share/moveit_resources_panda_moveit_config/config/hand.xacro
[0.229s] -- Up-to-date: /home/nimesha/thesis/ws_moveit/install/moveit_resources_panda_moveit_config/share/moveit_resources_panda_moveit_config/config/chomp_planning.yaml
[0.230s] -- Up-to-date: /home/nimesha/thesis/ws_moveit/install/moveit_resources_panda_moveit_config/share/moveit_resources_panda_moveit_config/config/lerp_planning.yaml
[0.230s] -- Up-to-date: /home/nimesha/thesis/ws_moveit/install/moveit_resources_panda_moveit_config/share/moveit_resources_panda_moveit_config/config/panda_arm_hand.srdf.xacro
[0.230s] -- Up-to-date: /home/nimesha/thesis/ws_moveit/install/moveit_resources_panda_moveit_config/share/moveit_resources_panda_moveit_config/config/joint_limits.yaml
[0.230s] -- Up-to-date: /home/nimesha/thesis/ws_moveit/install/moveit_resources_panda_moveit_config/share/moveit_resources_panda_moveit_config/config/initial_positions.yaml
[0.230s] -- Up-to-date: /home/nimesha/thesis/ws_moveit/install/moveit_resources_panda_moveit_config/share/moveit_resources_panda_moveit_config/.setup_assistant
[0.235s] Invoked command in '/home/nimesha/thesis/ws_moveit/build/moveit_resources_panda_moveit_config' returned '0': CMAKE_PREFIX_PATH=/home/nimesha/thesis/ws_moveit/install/moveit_resources_panda_description:/home/nimesha/ros2_humble/ros2-linux:/home/nimesha/thesis/ws_moveit/install/robotiq_description:/home/nimesha/thesis/ws_moveit/install/moveit_resources_prbt_support:/home/nimesha/thesis/ws_moveit/install/moveit_resources_pr2_description:/home/nimesha/thesis/ws_moveit/install/moveit_resources_fanuc_description:/home/nimesha/thesis/ws_moveit/install/moveit_common:/opt/ros/humble:/home/nimesha/thesis/ws_moveit/install/moveit_configs_utils:/opt/ros/rolling /usr/bin/cmake --install /home/nimesha/thesis/ws_moveit/build/moveit_resources_panda_moveit_config
