[0.013s] Invoking command in '/home/nimesha/Thesis/moveit_ur5_v2_ws/build/moveit_resources_pr2_description': CMAKE_PREFIX_PATH=${CMAKE_PREFIX_PATH}:/home/nimesha/Thesis/moveit_ur5_v2_ws/install/moveit_configs_utils:/home/nimesha/Thesis/moveit_ur5_v2_ws/install/launch_param_builder:/home/nimesha/Thesis/moveit_ur5_v2_ws/src/ws_moveit/install/moveit_configs_utils:/home/nimesha/Thesis/moveit_ur5_v2_ws/src/ws_moveit/install/launch_param_builder:/opt/ros/humble /usr/bin/cmake /home/nimesha/Thesis/moveit_ur5_v2_ws/src/ws_moveit/src/moveit_resources/pr2_description -DCMAKE_INSTALL_PREFIX=/home/nimesha/Thesis/moveit_ur5_v2_ws/install/moveit_resources_pr2_description
[0.089s] -- The C compiler identification is GNU 11.4.0
[0.272s] -- The CXX compiler identification is GNU 11.4.0
[0.454s] -- Detecting C compiler ABI info
[0.542s] -- Detecting C compiler ABI info - done
[0.546s] -- Check for working C compiler: /usr/bin/cc - skipped
[0.546s] -- Detecting C compile features
[0.546s] -- Detecting C compile features - done
[0.548s] -- Detecting CXX compiler ABI info
[0.636s] -- Detecting CXX compiler ABI info - done
[0.642s] -- Check for working CXX compiler: /usr/bin/c++ - skipped
[0.642s] -- Detecting CXX compile features
[0.642s] -- Detecting CXX compile features - done
[0.644s] -- Found ament_cmake: 1.3.10 (/home/nimesha/ros2_humble/ros2-linux/share/ament_cmake/cmake)
[0.749s] -- Found Python3: /usr/bin/python3 (found version "3.10.12") found components: Interpreter 
[0.874s] -- Configuring done
[0.875s] -- Generating done
[0.875s] -- Build files have been written to: /home/nimesha/Thesis/moveit_ur5_v2_ws/build/moveit_resources_pr2_description
[0.880s] Invoked command in '/home/nimesha/Thesis/moveit_ur5_v2_ws/build/moveit_resources_pr2_description' returned '0': CMAKE_PREFIX_PATH=${CMAKE_PREFIX_PATH}:/home/nimesha/Thesis/moveit_ur5_v2_ws/install/moveit_configs_utils:/home/nimesha/Thesis/moveit_ur5_v2_ws/install/launch_param_builder:/home/nimesha/Thesis/moveit_ur5_v2_ws/src/ws_moveit/install/moveit_configs_utils:/home/nimesha/Thesis/moveit_ur5_v2_ws/src/ws_moveit/install/launch_param_builder:/opt/ros/humble /usr/bin/cmake /home/nimesha/Thesis/moveit_ur5_v2_ws/src/ws_moveit/src/moveit_resources/pr2_description -DCMAKE_INSTALL_PREFIX=/home/nimesha/Thesis/moveit_ur5_v2_ws/install/moveit_resources_pr2_description
[0.881s] Invoking command in '/home/nimesha/Thesis/moveit_ur5_v2_ws/build/moveit_resources_pr2_description': CMAKE_PREFIX_PATH=${CMAKE_PREFIX_PATH}:/home/nimesha/Thesis/moveit_ur5_v2_ws/install/moveit_configs_utils:/home/nimesha/Thesis/moveit_ur5_v2_ws/install/launch_param_builder:/home/nimesha/Thesis/moveit_ur5_v2_ws/src/ws_moveit/install/moveit_configs_utils:/home/nimesha/Thesis/moveit_ur5_v2_ws/src/ws_moveit/install/launch_param_builder:/opt/ros/humble /usr/bin/cmake --build /home/nimesha/Thesis/moveit_ur5_v2_ws/build/moveit_resources_pr2_description -- -j32 -l32
[0.915s] Invoked command in '/home/nimesha/Thesis/moveit_ur5_v2_ws/build/moveit_resources_pr2_description' returned '0': CMAKE_PREFIX_PATH=${CMAKE_PREFIX_PATH}:/home/nimesha/Thesis/moveit_ur5_v2_ws/install/moveit_configs_utils:/home/nimesha/Thesis/moveit_ur5_v2_ws/install/launch_param_builder:/home/nimesha/Thesis/moveit_ur5_v2_ws/src/ws_moveit/install/moveit_configs_utils:/home/nimesha/Thesis/moveit_ur5_v2_ws/src/ws_moveit/install/launch_param_builder:/opt/ros/humble /usr/bin/cmake --build /home/nimesha/Thesis/moveit_ur5_v2_ws/build/moveit_resources_pr2_description -- -j32 -l32
[0.946s] Invoking command in '/home/nimesha/Thesis/moveit_ur5_v2_ws/build/moveit_resources_pr2_description': CMAKE_PREFIX_PATH=${CMAKE_PREFIX_PATH}:/home/nimesha/Thesis/moveit_ur5_v2_ws/install/moveit_configs_utils:/home/nimesha/Thesis/moveit_ur5_v2_ws/install/launch_param_builder:/home/nimesha/Thesis/moveit_ur5_v2_ws/src/ws_moveit/install/moveit_configs_utils:/home/nimesha/Thesis/moveit_ur5_v2_ws/src/ws_moveit/install/launch_param_builder:/opt/ros/humble /usr/bin/cmake --install /home/nimesha/Thesis/moveit_ur5_v2_ws/build/moveit_resources_pr2_description
[0.951s] -- Install configuration: ""
[0.952s] -- Installing: /home/nimesha/Thesis/moveit_ur5_v2_ws/install/moveit_resources_pr2_description/share/ament_index/resource_index/package_run_dependencies/moveit_resources_pr2_description
[0.952s] -- Installing: /home/nimesha/Thesis/moveit_ur5_v2_ws/install/moveit_resources_pr2_description/share/ament_index/resource_index/parent_prefix_path/moveit_resources_pr2_description
[0.952s] -- Installing: /home/nimesha/Thesis/moveit_ur5_v2_ws/install/moveit_resources_pr2_description/share/moveit_resources_pr2_description/environment/ament_prefix_path.sh
[0.952s] -- Installing: /home/nimesha/Thesis/moveit_ur5_v2_ws/install/moveit_resources_pr2_description/share/moveit_resources_pr2_description/environment/ament_prefix_path.dsv
[0.952s] -- Installing: /home/nimesha/Thesis/moveit_ur5_v2_ws/install/moveit_resources_pr2_description/share/moveit_resources_pr2_description/environment/path.sh
[0.952s] -- Installing: /home/nimesha/Thesis/moveit_ur5_v2_ws/install/moveit_resources_pr2_description/share/moveit_resources_pr2_description/environment/path.dsv
[0.952s] -- Installing: /home/nimesha/Thesis/moveit_ur5_v2_ws/install/moveit_resources_pr2_description/share/moveit_resources_pr2_description/local_setup.bash
[0.952s] -- Installing: /home/nimesha/Thesis/moveit_ur5_v2_ws/install/moveit_resources_pr2_description/share/moveit_resources_pr2_description/local_setup.sh
[0.953s] -- Installing: /home/nimesha/Thesis/moveit_ur5_v2_ws/install/moveit_resources_pr2_description/share/moveit_resources_pr2_description/local_setup.zsh
[0.953s] -- Installing: /home/nimesha/Thesis/moveit_ur5_v2_ws/install/moveit_resources_pr2_description/share/moveit_resources_pr2_description/local_setup.dsv
[0.953s] -- Installing: /home/nimesha/Thesis/moveit_ur5_v2_ws/install/moveit_resources_pr2_description/share/moveit_resources_pr2_description/package.dsv
[0.953s] -- Installing: /home/nimesha/Thesis/moveit_ur5_v2_ws/install/moveit_resources_pr2_description/share/ament_index/resource_index/packages/moveit_resources_pr2_description
[0.953s] -- Installing: /home/nimesha/Thesis/moveit_ur5_v2_ws/install/moveit_resources_pr2_description/share/moveit_resources_pr2_description/cmake/moveit_resources_pr2_descriptionConfig.cmake
[0.953s] -- Installing: /home/nimesha/Thesis/moveit_ur5_v2_ws/install/moveit_resources_pr2_description/share/moveit_resources_pr2_description/cmake/moveit_resources_pr2_descriptionConfig-version.cmake
[0.953s] -- Installing: /home/nimesha/Thesis/moveit_ur5_v2_ws/install/moveit_resources_pr2_description/share/moveit_resources_pr2_description/package.xml
[0.953s] -- Installing: /home/nimesha/Thesis/moveit_ur5_v2_ws/install/moveit_resources_pr2_description/share/moveit_resources_pr2_description/srdf
[0.953s] -- Installing: /home/nimesha/Thesis/moveit_ur5_v2_ws/install/moveit_resources_pr2_description/share/moveit_resources_pr2_description/srdf/robot.xml
[0.954s] -- Installing: /home/nimesha/Thesis/moveit_ur5_v2_ws/install/moveit_resources_pr2_description/share/moveit_resources_pr2_description/urdf
[0.954s] -- Installing: /home/nimesha/Thesis/moveit_ur5_v2_ws/install/moveit_resources_pr2_description/share/moveit_resources_pr2_description/urdf/materials
[0.954s] -- Installing: /home/nimesha/Thesis/moveit_ur5_v2_ws/install/moveit_resources_pr2_description/share/moveit_resources_pr2_description/urdf/materials/textures
[0.954s] -- Installing: /home/nimesha/Thesis/moveit_ur5_v2_ws/install/moveit_resources_pr2_description/share/moveit_resources_pr2_description/urdf/materials/textures/pr2_wheel_left.png
[0.958s] -- Installing: /home/nimesha/Thesis/moveit_ur5_v2_ws/install/moveit_resources_pr2_description/share/moveit_resources_pr2_description/urdf/materials/textures/pr2_wheel_right.png
[0.958s] -- Installing: /home/nimesha/Thesis/moveit_ur5_v2_ws/install/moveit_resources_pr2_description/share/moveit_resources_pr2_description/urdf/materials/textures/pr2_caster_texture.png
[0.959s] -- Installing: /home/nimesha/Thesis/moveit_ur5_v2_ws/install/moveit_resources_pr2_description/share/moveit_resources_pr2_description/urdf/meshes
[0.959s] -- Installing: /home/nimesha/Thesis/moveit_ur5_v2_ws/install/moveit_resources_pr2_description/share/moveit_resources_pr2_description/urdf/meshes/tilting_laser_v0
[0.959s] -- Installing: /home/nimesha/Thesis/moveit_ur5_v2_ws/install/moveit_resources_pr2_description/share/moveit_resources_pr2_description/urdf/meshes/tilting_laser_v0/tilting_hokuyo.dae
[0.960s] -- Installing: /home/nimesha/Thesis/moveit_ur5_v2_ws/install/moveit_resources_pr2_description/share/moveit_resources_pr2_description/urdf/meshes/tilting_laser_v0/tilting_hokuyo.stl
[0.963s] -- Installing: /home/nimesha/Thesis/moveit_ur5_v2_ws/install/moveit_resources_pr2_description/share/moveit_resources_pr2_description/urdf/meshes/tilting_laser_v0/tilting_hokuyo_L.stl
[0.963s] -- Installing: /home/nimesha/Thesis/moveit_ur5_v2_ws/install/moveit_resources_pr2_description/share/moveit_resources_pr2_description/urdf/meshes/tilting_laser_v0/hok_tilt.stl
[0.965s] -- Installing: /home/nimesha/Thesis/moveit_ur5_v2_ws/install/moveit_resources_pr2_description/share/moveit_resources_pr2_description/urdf/meshes/tilting_laser_v0/convex
[0.965s] -- Installing: /home/nimesha/Thesis/moveit_ur5_v2_ws/install/moveit_resources_pr2_description/share/moveit_resources_pr2_description/urdf/meshes/tilting_laser_v0/convex/tilting_hokuyo.dae
[0.965s] -- Installing: /home/nimesha/Thesis/moveit_ur5_v2_ws/install/moveit_resources_pr2_description/share/moveit_resources_pr2_description/urdf/meshes/tilting_laser_v0/convex/hok_tilt_convex.stla
[0.966s] -- Installing: /home/nimesha/Thesis/moveit_ur5_v2_ws/install/moveit_resources_pr2_description/share/moveit_resources_pr2_description/urdf/meshes/tilting_laser_v0/convex/tilting_hokuyo_L_convex.stla
[0.969s] -- Installing: /home/nimesha/Thesis/moveit_ur5_v2_ws/install/moveit_resources_pr2_description/share/moveit_resources_pr2_description/urdf/meshes/tilting_laser_v0/convex/hok_tilt.dae
[0.970s] -- Installing: /home/nimesha/Thesis/moveit_ur5_v2_ws/install/moveit_resources_pr2_description/share/moveit_resources_pr2_description/urdf/meshes/tilting_laser_v0/convex/tilting_hokuyo_L.dae
[0.971s] -- Installing: /home/nimesha/Thesis/moveit_ur5_v2_ws/install/moveit_resources_pr2_description/share/moveit_resources_pr2_description/urdf/meshes/tilting_laser_v0/convex/tilting_hokuyo_L_convex.stlb
[0.972s] -- Installing: /home/nimesha/Thesis/moveit_ur5_v2_ws/install/moveit_resources_pr2_description/share/moveit_resources_pr2_description/urdf/meshes/tilting_laser_v0/convex/tilting_hokuyo_convex.stla
[0.972s] -- Installing: /home/nimesha/Thesis/moveit_ur5_v2_ws/install/moveit_resources_pr2_description/share/moveit_resources_pr2_description/urdf/meshes/tilting_laser_v0/convex/tilting_hokuyo_L.xml
[0.975s] -- Installing: /home/nimesha/Thesis/moveit_ur5_v2_ws/install/moveit_resources_pr2_description/share/moveit_resources_pr2_description/urdf/meshes/tilting_laser_v0/convex/hok_tilt.xml
[0.976s] -- Installing: /home/nimesha/Thesis/moveit_ur5_v2_ws/install/moveit_resources_pr2_description/share/moveit_resources_pr2_description/urdf/meshes/tilting_laser_v0/convex/tilting_hokuyo.xml
[0.976s] -- Installing: /home/nimesha/Thesis/moveit_ur5_v2_ws/install/moveit_resources_pr2_description/share/moveit_resources_pr2_description/urdf/meshes/tilting_laser_v0/convex/tilting_hokuyo_convex.stlb
[0.976s] -- Installing: /home/nimesha/Thesis/moveit_ur5_v2_ws/install/moveit_resources_pr2_description/share/moveit_resources_pr2_description/urdf/meshes/tilting_laser_v0/convex/hok_tilt_convex.stlb
[0.977s] -- Installing: /home/nimesha/Thesis/moveit_ur5_v2_ws/install/moveit_resources_pr2_description/share/moveit_resources_pr2_description/urdf/meshes/tilting_laser_v0/tilting_hokuyo_normals.tif
[0.983s] -- Installing: /home/nimesha/Thesis/moveit_ur5_v2_ws/install/moveit_resources_pr2_description/share/moveit_resources_pr2_description/urdf/meshes/tilting_laser_v0/tilting_hokuyo_color.tif
[0.984s] -- Installing: /home/nimesha/Thesis/moveit_ur5_v2_ws/install/moveit_resources_pr2_description/share/moveit_resources_pr2_description/urdf/meshes/upper_arm_v0
[0.984s] -- Installing: /home/nimesha/Thesis/moveit_ur5_v2_ws/install/moveit_resources_pr2_description/share/moveit_resources_pr2_description/urdf/meshes/upper_arm_v0/forearm_roll.stl
[0.988s] -- Installing: /home/nimesha/Thesis/moveit_ur5_v2_ws/install/moveit_resources_pr2_description/share/moveit_resources_pr2_description/urdf/meshes/upper_arm_v0/elbow_flex_color.tif
[0.990s] -- Installing: /home/nimesha/Thesis/moveit_ur5_v2_ws/install/moveit_resources_pr2_description/share/moveit_resources_pr2_description/urdf/meshes/upper_arm_v0/upper_arm_color.tif
[0.992s] -- Installing: /home/nimesha/Thesis/moveit_ur5_v2_ws/install/moveit_resources_pr2_description/share/moveit_resources_pr2_description/urdf/meshes/upper_arm_v0/forearm_roll_L.stl
[0.992s] -- Installing: /home/nimesha/Thesis/moveit_ur5_v2_ws/install/moveit_resources_pr2_description/share/moveit_resources_pr2_description/urdf/meshes/upper_arm_v0/upper_arm.stl
[0.994s] -- Installing: /home/nimesha/Thesis/moveit_ur5_v2_ws/install/moveit_resources_pr2_description/share/moveit_resources_pr2_description/urdf/meshes/upper_arm_v0/elbow_flex.stl
[0.995s] -- Installing: /home/nimesha/Thesis/moveit_ur5_v2_ws/install/moveit_resources_pr2_description/share/moveit_resources_pr2_description/urdf/meshes/upper_arm_v0/elbow_flex.dae
[0.997s] -- Installing: /home/nimesha/Thesis/moveit_ur5_v2_ws/install/moveit_resources_pr2_description/share/moveit_resources_pr2_description/urdf/meshes/upper_arm_v0/convex
[0.997s] -- Installing: /home/nimesha/Thesis/moveit_ur5_v2_ws/install/moveit_resources_pr2_description/share/moveit_resources_pr2_description/urdf/meshes/upper_arm_v0/convex/forearm_roll.dae
[0.998s] -- Installing: /home/nimesha/Thesis/moveit_ur5_v2_ws/install/moveit_resources_pr2_description/share/moveit_resources_pr2_description/urdf/meshes/upper_arm_v0/convex/forearm_roll_L_convex.stla
[1.000s] -- Installing: /home/nimesha/Thesis/moveit_ur5_v2_ws/install/moveit_resources_pr2_description/share/moveit_resources_pr2_description/urdf/meshes/upper_arm_v0/convex/elbow_flex.xml
[1.000s] -- Installing: /home/nimesha/Thesis/moveit_ur5_v2_ws/install/moveit_resources_pr2_description/share/moveit_resources_pr2_description/urdf/meshes/upper_arm_v0/convex/forearm_roll_L_convex.stlb
[1.001s] -- Installing: /home/nimesha/Thesis/moveit_ur5_v2_ws/install/moveit_resources_pr2_description/share/moveit_resources_pr2_description/urdf/meshes/upper_arm_v0/convex/forearm_roll_L.dae
[1.002s] -- Installing: /home/nimesha/Thesis/moveit_ur5_v2_ws/install/moveit_resources_pr2_description/share/moveit_resources_pr2_description/urdf/meshes/upper_arm_v0/convex/upper_arm_convex.stlb
[1.002s] -- Installing: /home/nimesha/Thesis/moveit_ur5_v2_ws/install/moveit_resources_pr2_description/share/moveit_resources_pr2_description/urdf/meshes/upper_arm_v0/convex/forearm_roll_convex.stlb
[1.002s] -- Installing: /home/nimesha/Thesis/moveit_ur5_v2_ws/install/moveit_resources_pr2_description/share/moveit_resources_pr2_description/urdf/meshes/upper_arm_v0/convex/forearm_roll_convex.stla
[1.003s] -- Installing: /home/nimesha/Thesis/moveit_ur5_v2_ws/install/moveit_resources_pr2_description/share/moveit_resources_pr2_description/urdf/meshes/upper_arm_v0/convex/upper_arm.xml
[1.003s] -- Installing: /home/nimesha/Thesis/moveit_ur5_v2_ws/install/moveit_resources_pr2_description/share/moveit_resources_pr2_description/urdf/meshes/upper_arm_v0/convex/elbow_flex.dae
[1.005s] -- Installing: /home/nimesha/Thesis/moveit_ur5_v2_ws/install/moveit_resources_pr2_description/share/moveit_resources_pr2_description/urdf/meshes/upper_arm_v0/convex/elbow_flex_convex.stlb
[1.005s] -- Installing: /home/nimesha/Thesis/moveit_ur5_v2_ws/install/moveit_resources_pr2_description/share/moveit_resources_pr2_description/urdf/meshes/upper_arm_v0/convex/upper_arm_convex.stla
[1.006s] -- Installing: /home/nimesha/Thesis/moveit_ur5_v2_ws/install/moveit_resources_pr2_description/share/moveit_resources_pr2_description/urdf/meshes/upper_arm_v0/convex/forearm_roll.xml
[1.007s] -- Installing: /home/nimesha/Thesis/moveit_ur5_v2_ws/install/moveit_resources_pr2_description/share/moveit_resources_pr2_description/urdf/meshes/upper_arm_v0/convex/upper_arm.dae
[1.009s] -- Installing: /home/nimesha/Thesis/moveit_ur5_v2_ws/install/moveit_resources_pr2_description/share/moveit_resources_pr2_description/urdf/meshes/upper_arm_v0/convex/elbow_flex_convex.stla
[1.010s] -- Installing: /home/nimesha/Thesis/moveit_ur5_v2_ws/install/moveit_resources_pr2_description/share/moveit_resources_pr2_description/urdf/meshes/upper_arm_v0/convex/forearm_roll_L.xml
[1.011s] -- Installing: /home/nimesha/Thesis/moveit_ur5_v2_ws/install/moveit_resources_pr2_description/share/moveit_resources_pr2_description/urdf/meshes/upper_arm_v0/elbow_flex_normals.tif
[1.014s] -- Installing: /home/nimesha/Thesis/moveit_ur5_v2_ws/install/moveit_resources_pr2_description/share/moveit_resources_pr2_description/urdf/meshes/upper_arm_v0/upper_arm_normals.tif
[1.021s] -- Installing: /home/nimesha/Thesis/moveit_ur5_v2_ws/install/moveit_resources_pr2_description/share/moveit_resources_pr2_description/urdf/meshes/upper_arm_v0/upper_arm.dae
[1.023s] -- Installing: /home/nimesha/Thesis/moveit_ur5_v2_ws/install/moveit_resources_pr2_description/share/moveit_resources_pr2_description/urdf/meshes/upper_arm_v0/upper_arm.jpg
[1.025s] -- Installing: /home/nimesha/Thesis/moveit_ur5_v2_ws/install/moveit_resources_pr2_description/share/moveit_resources_pr2_description/urdf/meshes/torso_v0
[1.025s] -- Installing: /home/nimesha/Thesis/moveit_ur5_v2_ws/install/moveit_resources_pr2_description/share/moveit_resources_pr2_description/urdf/meshes/torso_v0/torso_lift_L.stl
[1.025s] -- Installing: /home/nimesha/Thesis/moveit_ur5_v2_ws/install/moveit_resources_pr2_description/share/moveit_resources_pr2_description/urdf/meshes/torso_v0/torso.stl
[1.026s] -- Installing: /home/nimesha/Thesis/moveit_ur5_v2_ws/install/moveit_resources_pr2_description/share/moveit_resources_pr2_description/urdf/meshes/torso_v0/torso_lift_normals.tif
[1.028s] -- Installing: /home/nimesha/Thesis/moveit_ur5_v2_ws/install/moveit_resources_pr2_description/share/moveit_resources_pr2_description/urdf/meshes/torso_v0/convex
[1.030s] -- Installing: /home/nimesha/Thesis/moveit_ur5_v2_ws/install/moveit_resources_pr2_description/share/moveit_resources_pr2_description/urdf/meshes/torso_v0/convex/torso.dae
[1.031s] -- Installing: /home/nimesha/Thesis/moveit_ur5_v2_ws/install/moveit_resources_pr2_description/share/moveit_resources_pr2_description/urdf/meshes/torso_v0/convex/torso_lift_L_convex.stlb
[1.031s] -- Installing: /home/nimesha/Thesis/moveit_ur5_v2_ws/install/moveit_resources_pr2_description/share/moveit_resources_pr2_description/urdf/meshes/torso_v0/convex/torso_convex.stla
[1.031s] -- Installing: /home/nimesha/Thesis/moveit_ur5_v2_ws/install/moveit_resources_pr2_description/share/moveit_resources_pr2_description/urdf/meshes/torso_v0/convex/torso_lift_convex.stla
[1.032s] -- Installing: /home/nimesha/Thesis/moveit_ur5_v2_ws/install/moveit_resources_pr2_description/share/moveit_resources_pr2_description/urdf/meshes/torso_v0/convex/torso.xml
[1.032s] -- Installing: /home/nimesha/Thesis/moveit_ur5_v2_ws/install/moveit_resources_pr2_description/share/moveit_resources_pr2_description/urdf/meshes/torso_v0/convex/torso_lift_convex.stlb
[1.032s] -- Installing: /home/nimesha/Thesis/moveit_ur5_v2_ws/install/moveit_resources_pr2_description/share/moveit_resources_pr2_description/urdf/meshes/torso_v0/convex/torso_lift_L_convex.stla
[1.033s] -- Installing: /home/nimesha/Thesis/moveit_ur5_v2_ws/install/moveit_resources_pr2_description/share/moveit_resources_pr2_description/urdf/meshes/torso_v0/convex/torso_lift_L.dae
[1.034s] -- Installing: /home/nimesha/Thesis/moveit_ur5_v2_ws/install/moveit_resources_pr2_description/share/moveit_resources_pr2_description/urdf/meshes/torso_v0/convex/torso_lift.dae
[1.036s] -- Installing: /home/nimesha/Thesis/moveit_ur5_v2_ws/install/moveit_resources_pr2_description/share/moveit_resources_pr2_description/urdf/meshes/torso_v0/convex/torso_lift.xml
[1.036s] -- Installing: /home/nimesha/Thesis/moveit_ur5_v2_ws/install/moveit_resources_pr2_description/share/moveit_resources_pr2_description/urdf/meshes/torso_v0/convex/torso_convex.stlb
[1.036s] -- Installing: /home/nimesha/Thesis/moveit_ur5_v2_ws/install/moveit_resources_pr2_description/share/moveit_resources_pr2_description/urdf/meshes/torso_v0/convex/torso_lift_L.xml
[1.037s] -- Installing: /home/nimesha/Thesis/moveit_ur5_v2_ws/install/moveit_resources_pr2_description/share/moveit_resources_pr2_description/urdf/meshes/torso_v0/torso_lift.dae
[1.038s] -- Installing: /home/nimesha/Thesis/moveit_ur5_v2_ws/install/moveit_resources_pr2_description/share/moveit_resources_pr2_description/urdf/meshes/torso_v0/torso_lift_color.tif
[1.039s] -- Installing: /home/nimesha/Thesis/moveit_ur5_v2_ws/install/moveit_resources_pr2_description/share/moveit_resources_pr2_description/urdf/meshes/torso_v0/torso_lift.stl
[1.040s] -- Installing: /home/nimesha/Thesis/moveit_ur5_v2_ws/install/moveit_resources_pr2_description/share/moveit_resources_pr2_description/urdf/meshes/shoulder_v0
[1.040s] -- Installing: /home/nimesha/Thesis/moveit_ur5_v2_ws/install/moveit_resources_pr2_description/share/moveit_resources_pr2_description/urdf/meshes/shoulder_v0/shoulder_pan.stl
[1.042s] -- Installing: /home/nimesha/Thesis/moveit_ur5_v2_ws/install/moveit_resources_pr2_description/share/moveit_resources_pr2_description/urdf/meshes/shoulder_v0/shoulder_pan_normals.tif
[1.046s] -- Installing: /home/nimesha/Thesis/moveit_ur5_v2_ws/install/moveit_resources_pr2_description/share/moveit_resources_pr2_description/urdf/meshes/shoulder_v0/upper_arm_roll.stl
[1.046s] -- Installing: /home/nimesha/Thesis/moveit_ur5_v2_ws/install/moveit_resources_pr2_description/share/moveit_resources_pr2_description/urdf/meshes/shoulder_v0/shoulder_lift_color.tif
[1.048s] -- Installing: /home/nimesha/Thesis/moveit_ur5_v2_ws/install/moveit_resources_pr2_description/share/moveit_resources_pr2_description/urdf/meshes/shoulder_v0/upper_arm_roll_color.tif
[1.049s] -- Installing: /home/nimesha/Thesis/moveit_ur5_v2_ws/install/moveit_resources_pr2_description/share/moveit_resources_pr2_description/urdf/meshes/shoulder_v0/convex
[1.049s] -- Installing: /home/nimesha/Thesis/moveit_ur5_v2_ws/install/moveit_resources_pr2_description/share/moveit_resources_pr2_description/urdf/meshes/shoulder_v0/convex/shoulder_lift.xml
[1.050s] -- Installing: /home/nimesha/Thesis/moveit_ur5_v2_ws/install/moveit_resources_pr2_description/share/moveit_resources_pr2_description/urdf/meshes/shoulder_v0/convex/shoulder_pan_convex.stlb
[1.050s] -- Installing: /home/nimesha/Thesis/moveit_ur5_v2_ws/install/moveit_resources_pr2_description/share/moveit_resources_pr2_description/urdf/meshes/shoulder_v0/convex/upper_arm_roll_L.xml
[1.050s] -- Installing: /home/nimesha/Thesis/moveit_ur5_v2_ws/install/moveit_resources_pr2_description/share/moveit_resources_pr2_description/urdf/meshes/shoulder_v0/convex/shoulder_yaw_convex.stlb
[1.051s] -- Installing: /home/nimesha/Thesis/moveit_ur5_v2_ws/install/moveit_resources_pr2_description/share/moveit_resources_pr2_description/urdf/meshes/shoulder_v0/convex/shoulder_pan_convex.stla
[1.051s] -- Installing: /home/nimesha/Thesis/moveit_ur5_v2_ws/install/moveit_resources_pr2_description/share/moveit_resources_pr2_description/urdf/meshes/shoulder_v0/convex/upper_arm_roll_L_convex.stlb
[1.052s] -- Installing: /home/nimesha/Thesis/moveit_ur5_v2_ws/install/moveit_resources_pr2_description/share/moveit_resources_pr2_description/urdf/meshes/shoulder_v0/convex/upper_arm_roll_convex.stla
[1.052s] -- Installing: /home/nimesha/Thesis/moveit_ur5_v2_ws/install/moveit_resources_pr2_description/share/moveit_resources_pr2_description/urdf/meshes/shoulder_v0/convex/shoulder_pan.dae
[1.053s] -- Installing: /home/nimesha/Thesis/moveit_ur5_v2_ws/install/moveit_resources_pr2_description/share/moveit_resources_pr2_description/urdf/meshes/shoulder_v0/convex/shoulder_pan.xml
[1.054s] -- Installing: /home/nimesha/Thesis/moveit_ur5_v2_ws/install/moveit_resources_pr2_description/share/moveit_resources_pr2_description/urdf/meshes/shoulder_v0/convex/upper_arm_roll.xml
[1.054s] -- Installing: /home/nimesha/Thesis/moveit_ur5_v2_ws/install/moveit_resources_pr2_description/share/moveit_resources_pr2_description/urdf/meshes/shoulder_v0/convex/upper_arm_roll_L_convex.stla
[1.055s] -- Installing: /home/nimesha/Thesis/moveit_ur5_v2_ws/install/moveit_resources_pr2_description/share/moveit_resources_pr2_description/urdf/meshes/shoulder_v0/convex/shoulder_yaw.xml
[1.055s] -- Installing: /home/nimesha/Thesis/moveit_ur5_v2_ws/install/moveit_resources_pr2_description/share/moveit_resources_pr2_description/urdf/meshes/shoulder_v0/convex/upper_arm_roll_L.dae
[1.056s] -- Installing: /home/nimesha/Thesis/moveit_ur5_v2_ws/install/moveit_resources_pr2_description/share/moveit_resources_pr2_description/urdf/meshes/shoulder_v0/convex/upper_arm_roll.dae
[1.056s] -- Installing: /home/nimesha/Thesis/moveit_ur5_v2_ws/install/moveit_resources_pr2_description/share/moveit_resources_pr2_description/urdf/meshes/shoulder_v0/convex/shoulder_yaw_convex.stla
[1.057s] -- Installing: /home/nimesha/Thesis/moveit_ur5_v2_ws/install/moveit_resources_pr2_description/share/moveit_resources_pr2_description/urdf/meshes/shoulder_v0/convex/shoulder_lift_convex.stla
[1.058s] -- Installing: /home/nimesha/Thesis/moveit_ur5_v2_ws/install/moveit_resources_pr2_description/share/moveit_resources_pr2_description/urdf/meshes/shoulder_v0/convex/shoulder_lift_convex.stlb
[1.058s] -- Installing: /home/nimesha/Thesis/moveit_ur5_v2_ws/install/moveit_resources_pr2_description/share/moveit_resources_pr2_description/urdf/meshes/shoulder_v0/convex/shoulder_lift.dae
[1.060s] -- Installing: /home/nimesha/Thesis/moveit_ur5_v2_ws/install/moveit_resources_pr2_description/share/moveit_resources_pr2_description/urdf/meshes/shoulder_v0/convex/upper_arm_roll_convex.stlb
[1.060s] -- Installing: /home/nimesha/Thesis/moveit_ur5_v2_ws/install/moveit_resources_pr2_description/share/moveit_resources_pr2_description/urdf/meshes/shoulder_v0/convex/shoulder_yaw.dae
[1.061s] -- Installing: /home/nimesha/Thesis/moveit_ur5_v2_ws/install/moveit_resources_pr2_description/share/moveit_resources_pr2_description/urdf/meshes/shoulder_v0/shoulder_pan.dae
[1.061s] -- Installing: /home/nimesha/Thesis/moveit_ur5_v2_ws/install/moveit_resources_pr2_description/share/moveit_resources_pr2_description/urdf/meshes/shoulder_v0/upper_arm_roll.dae
[1.062s] -- Installing: /home/nimesha/Thesis/moveit_ur5_v2_ws/install/moveit_resources_pr2_description/share/moveit_resources_pr2_description/urdf/meshes/shoulder_v0/shoulder_lift_normals.tif
[1.064s] -- Installing: /home/nimesha/Thesis/moveit_ur5_v2_ws/install/moveit_resources_pr2_description/share/moveit_resources_pr2_description/urdf/meshes/shoulder_v0/shoulder_yaw.stl
[1.066s] -- Installing: /home/nimesha/Thesis/moveit_ur5_v2_ws/install/moveit_resources_pr2_description/share/moveit_resources_pr2_description/urdf/meshes/shoulder_v0/upper_arm_roll_L.stl
[1.067s] -- Installing: /home/nimesha/Thesis/moveit_ur5_v2_ws/install/moveit_resources_pr2_description/share/moveit_resources_pr2_description/urdf/meshes/shoulder_v0/shoulder_lift.stl
[1.068s] -- Installing: /home/nimesha/Thesis/moveit_ur5_v2_ws/install/moveit_resources_pr2_description/share/moveit_resources_pr2_description/urdf/meshes/shoulder_v0/shoulder_lift.dae
[1.068s] -- Installing: /home/nimesha/Thesis/moveit_ur5_v2_ws/install/moveit_resources_pr2_description/share/moveit_resources_pr2_description/urdf/meshes/shoulder_v0/shoulder_pan_color.tif
[1.079s] -- Installing: /home/nimesha/Thesis/moveit_ur5_v2_ws/install/moveit_resources_pr2_description/share/moveit_resources_pr2_description/urdf/meshes/shoulder_v0/upper_arm_roll_normals.tif
[1.086s] -- Installing: /home/nimesha/Thesis/moveit_ur5_v2_ws/install/moveit_resources_pr2_description/share/moveit_resources_pr2_description/urdf/meshes/base_v0
[1.086s] -- Installing: /home/nimesha/Thesis/moveit_ur5_v2_ws/install/moveit_resources_pr2_description/share/moveit_resources_pr2_description/urdf/meshes/base_v0/caster.stl
[1.087s] -- Installing: /home/nimesha/Thesis/moveit_ur5_v2_ws/install/moveit_resources_pr2_description/share/moveit_resources_pr2_description/urdf/meshes/base_v0/wheel.dae
[1.088s] -- Installing: /home/nimesha/Thesis/moveit_ur5_v2_ws/install/moveit_resources_pr2_description/share/moveit_resources_pr2_description/urdf/meshes/base_v0/wheel_color.tif
[1.090s] -- Installing: /home/nimesha/Thesis/moveit_ur5_v2_ws/install/moveit_resources_pr2_description/share/moveit_resources_pr2_description/urdf/meshes/base_v0/base_L.stl
[1.090s] -- Installing: /home/nimesha/Thesis/moveit_ur5_v2_ws/install/moveit_resources_pr2_description/share/moveit_resources_pr2_description/urdf/meshes/base_v0/wheel_h_color.tif
[1.091s] -- Installing: /home/nimesha/Thesis/moveit_ur5_v2_ws/install/moveit_resources_pr2_description/share/moveit_resources_pr2_description/urdf/meshes/base_v0/convex
[1.091s] -- Installing: /home/nimesha/Thesis/moveit_ur5_v2_ws/install/moveit_resources_pr2_description/share/moveit_resources_pr2_description/urdf/meshes/base_v0/convex/wheel_convex.stla
[1.091s] -- Installing: /home/nimesha/Thesis/moveit_ur5_v2_ws/install/moveit_resources_pr2_description/share/moveit_resources_pr2_description/urdf/meshes/base_v0/convex/pr2_wheel.dae
[1.092s] -- Installing: /home/nimesha/Thesis/moveit_ur5_v2_ws/install/moveit_resources_pr2_description/share/moveit_resources_pr2_description/urdf/meshes/base_v0/convex/pr2_wheel_convex.stla
[1.092s] -- Installing: /home/nimesha/Thesis/moveit_ur5_v2_ws/install/moveit_resources_pr2_description/share/moveit_resources_pr2_description/urdf/meshes/base_v0/convex/caster_convex.stlb
[1.093s] -- Installing: /home/nimesha/Thesis/moveit_ur5_v2_ws/install/moveit_resources_pr2_description/share/moveit_resources_pr2_description/urdf/meshes/base_v0/convex/pr2_wheel_convex.stlb
[1.093s] -- Installing: /home/nimesha/Thesis/moveit_ur5_v2_ws/install/moveit_resources_pr2_description/share/moveit_resources_pr2_description/urdf/meshes/base_v0/convex/wheel.dae
[1.093s] -- Installing: /home/nimesha/Thesis/moveit_ur5_v2_ws/install/moveit_resources_pr2_description/share/moveit_resources_pr2_description/urdf/meshes/base_v0/convex/pr2_wheel.xml
[1.093s] -- Installing: /home/nimesha/Thesis/moveit_ur5_v2_ws/install/moveit_resources_pr2_description/share/moveit_resources_pr2_description/urdf/meshes/base_v0/convex/base.xml
[1.095s] -- Installing: /home/nimesha/Thesis/moveit_ur5_v2_ws/install/moveit_resources_pr2_description/share/moveit_resources_pr2_description/urdf/meshes/base_v0/convex/base_convex.stla
[1.096s] -- Installing: /home/nimesha/Thesis/moveit_ur5_v2_ws/install/moveit_resources_pr2_description/share/moveit_resources_pr2_description/urdf/meshes/base_v0/convex/base_L_convex.stlb
[1.096s] -- Installing: /home/nimesha/Thesis/moveit_ur5_v2_ws/install/moveit_resources_pr2_description/share/moveit_resources_pr2_description/urdf/meshes/base_v0/convex/wheel.xml
[1.097s] -- Installing: /home/nimesha/Thesis/moveit_ur5_v2_ws/install/moveit_resources_pr2_description/share/moveit_resources_pr2_description/urdf/meshes/base_v0/convex/wheel_convex.stlb
[1.097s] -- Installing: /home/nimesha/Thesis/moveit_ur5_v2_ws/install/moveit_resources_pr2_description/share/moveit_resources_pr2_description/urdf/meshes/base_v0/convex/base_L.dae
[1.098s] -- Installing: /home/nimesha/Thesis/moveit_ur5_v2_ws/install/moveit_resources_pr2_description/share/moveit_resources_pr2_description/urdf/meshes/base_v0/convex/caster.xml
[1.098s] -- Installing: /home/nimesha/Thesis/moveit_ur5_v2_ws/install/moveit_resources_pr2_description/share/moveit_resources_pr2_description/urdf/meshes/base_v0/convex/base_convex.stlb
[1.099s] -- Installing: /home/nimesha/Thesis/moveit_ur5_v2_ws/install/moveit_resources_pr2_description/share/moveit_resources_pr2_description/urdf/meshes/base_v0/convex/caster_L_convex.stlb
[1.099s] -- Installing: /home/nimesha/Thesis/moveit_ur5_v2_ws/install/moveit_resources_pr2_description/share/moveit_resources_pr2_description/urdf/meshes/base_v0/convex/caster_L.dae
[1.100s] -- Installing: /home/nimesha/Thesis/moveit_ur5_v2_ws/install/moveit_resources_pr2_description/share/moveit_resources_pr2_description/urdf/meshes/base_v0/convex/base_L_convex.stla
[1.100s] -- Installing: /home/nimesha/Thesis/moveit_ur5_v2_ws/install/moveit_resources_pr2_description/share/moveit_resources_pr2_description/urdf/meshes/base_v0/convex/caster.dae
[1.101s] -- Installing: /home/nimesha/Thesis/moveit_ur5_v2_ws/install/moveit_resources_pr2_description/share/moveit_resources_pr2_description/urdf/meshes/base_v0/convex/base.dae
[1.103s] -- Installing: /home/nimesha/Thesis/moveit_ur5_v2_ws/install/moveit_resources_pr2_description/share/moveit_resources_pr2_description/urdf/meshes/base_v0/convex/base_L.xml
[1.104s] -- Installing: /home/nimesha/Thesis/moveit_ur5_v2_ws/install/moveit_resources_pr2_description/share/moveit_resources_pr2_description/urdf/meshes/base_v0/convex/caster_L_convex.stla
[1.104s] -- Installing: /home/nimesha/Thesis/moveit_ur5_v2_ws/install/moveit_resources_pr2_description/share/moveit_resources_pr2_description/urdf/meshes/base_v0/convex/caster_L.xml
[1.105s] -- Installing: /home/nimesha/Thesis/moveit_ur5_v2_ws/install/moveit_resources_pr2_description/share/moveit_resources_pr2_description/urdf/meshes/base_v0/convex/caster_convex.stla
[1.106s] -- Installing: /home/nimesha/Thesis/moveit_ur5_v2_ws/install/moveit_resources_pr2_description/share/moveit_resources_pr2_description/urdf/meshes/base_v0/base_color.tif
[1.109s] -- Installing: /home/nimesha/Thesis/moveit_ur5_v2_ws/install/moveit_resources_pr2_description/share/moveit_resources_pr2_description/urdf/meshes/base_v0/wheel.stl
[1.110s] -- Installing: /home/nimesha/Thesis/moveit_ur5_v2_ws/install/moveit_resources_pr2_description/share/moveit_resources_pr2_description/urdf/meshes/base_v0/base_normals.tif
[1.112s] -- Installing: /home/nimesha/Thesis/moveit_ur5_v2_ws/install/moveit_resources_pr2_description/share/moveit_resources_pr2_description/urdf/meshes/base_v0/base.dae
[1.115s] -- Installing: /home/nimesha/Thesis/moveit_ur5_v2_ws/install/moveit_resources_pr2_description/share/moveit_resources_pr2_description/urdf/meshes/base_v0/wheel_h.dae
[1.121s] -- Installing: /home/nimesha/Thesis/moveit_ur5_v2_ws/install/moveit_resources_pr2_description/share/moveit_resources_pr2_description/urdf/meshes/base_v0/wheel_normals.tif
[1.127s] -- Installing: /home/nimesha/Thesis/moveit_ur5_v2_ws/install/moveit_resources_pr2_description/share/moveit_resources_pr2_description/urdf/meshes/base_v0/caster_L.stl
[1.127s] -- Installing: /home/nimesha/Thesis/moveit_ur5_v2_ws/install/moveit_resources_pr2_description/share/moveit_resources_pr2_description/urdf/meshes/base_v0/pr2_wheel.stl
[1.128s] -- Installing: /home/nimesha/Thesis/moveit_ur5_v2_ws/install/moveit_resources_pr2_description/share/moveit_resources_pr2_description/urdf/meshes/base_v0/base.stl
[1.129s] -- Installing: /home/nimesha/Thesis/moveit_ur5_v2_ws/install/moveit_resources_pr2_description/share/moveit_resources_pr2_description/urdf/meshes/sensors
[1.129s] -- Installing: /home/nimesha/Thesis/moveit_ur5_v2_ws/install/moveit_resources_pr2_description/share/moveit_resources_pr2_description/urdf/meshes/sensors/kinect_v0
[1.129s] -- Installing: /home/nimesha/Thesis/moveit_ur5_v2_ws/install/moveit_resources_pr2_description/share/moveit_resources_pr2_description/urdf/meshes/sensors/kinect_v0/kinect_mount.stl
[1.130s] -- Installing: /home/nimesha/Thesis/moveit_ur5_v2_ws/install/moveit_resources_pr2_description/share/moveit_resources_pr2_description/urdf/meshes/sensors/kinect_v0/kinect_color.tga
[1.133s] -- Installing: /home/nimesha/Thesis/moveit_ur5_v2_ws/install/moveit_resources_pr2_description/share/moveit_resources_pr2_description/urdf/meshes/sensors/kinect_v0/kinect.tga
[1.134s] -- Installing: /home/nimesha/Thesis/moveit_ur5_v2_ws/install/moveit_resources_pr2_description/share/moveit_resources_pr2_description/urdf/meshes/sensors/kinect_v0/kinect.dae
[1.137s] -- Installing: /home/nimesha/Thesis/moveit_ur5_v2_ws/install/moveit_resources_pr2_description/share/moveit_resources_pr2_description/urdf/meshes/sensors/kinect_prosilica_v0
[1.137s] -- Installing: /home/nimesha/Thesis/moveit_ur5_v2_ws/install/moveit_resources_pr2_description/share/moveit_resources_pr2_description/urdf/meshes/sensors/kinect_prosilica_v0/115x100_swept_back--coarse.STL
[1.141s] -- Installing: /home/nimesha/Thesis/moveit_ur5_v2_ws/install/moveit_resources_pr2_description/share/moveit_resources_pr2_description/urdf/meshes/sensors/kinect_prosilica_v0/115x100_swept_fwd--coarse.STL
[1.146s] -- Installing: /home/nimesha/Thesis/moveit_ur5_v2_ws/install/moveit_resources_pr2_description/share/moveit_resources_pr2_description/urdf/meshes/sensors/kinect_prosilica_v0/115x100_swept_back_no_sensors--coarse.STL
[1.148s] -- Installing: /home/nimesha/Thesis/moveit_ur5_v2_ws/install/moveit_resources_pr2_description/share/moveit_resources_pr2_description/urdf/meshes/sensors/kinect_prosilica_v0/115x100_swept_fwd_no_sensors--coarse.STL
[1.151s] -- Installing: /home/nimesha/Thesis/moveit_ur5_v2_ws/install/moveit_resources_pr2_description/share/moveit_resources_pr2_description/urdf/meshes/sensors/kinect_prosilica_v0/68-04546_Kinect_Sensor--coarse.STL
[1.152s] -- Installing: /home/nimesha/Thesis/moveit_ur5_v2_ws/install/moveit_resources_pr2_description/share/moveit_resources_pr2_description/urdf/meshes/sensors/kinect_prosilica_v0/Prosilica_w_Lens--coarse.STL
[1.160s] -- Installing: /home/nimesha/Thesis/moveit_ur5_v2_ws/install/moveit_resources_pr2_description/share/moveit_resources_pr2_description/urdf/meshes/head_v0
[1.160s] -- Installing: /home/nimesha/Thesis/moveit_ur5_v2_ws/install/moveit_resources_pr2_description/share/moveit_resources_pr2_description/urdf/meshes/head_v0/head_tilt_color_red.tif
[1.161s] -- Installing: /home/nimesha/Thesis/moveit_ur5_v2_ws/install/moveit_resources_pr2_description/share/moveit_resources_pr2_description/urdf/meshes/head_v0/head_pan_color.tif
[1.163s] -- Installing: /home/nimesha/Thesis/moveit_ur5_v2_ws/install/moveit_resources_pr2_description/share/moveit_resources_pr2_description/urdf/meshes/head_v0/head_pan.dae
[1.163s] -- Installing: /home/nimesha/Thesis/moveit_ur5_v2_ws/install/moveit_resources_pr2_description/share/moveit_resources_pr2_description/urdf/meshes/head_v0/head_tilt.dae
[1.165s] -- Installing: /home/nimesha/Thesis/moveit_ur5_v2_ws/install/moveit_resources_pr2_description/share/moveit_resources_pr2_description/urdf/meshes/head_v0/head_tilt_color.tif
[1.178s] -- Installing: /home/nimesha/Thesis/moveit_ur5_v2_ws/install/moveit_resources_pr2_description/share/moveit_resources_pr2_description/urdf/meshes/head_v0/head_pan.stl
[1.178s] -- Installing: /home/nimesha/Thesis/moveit_ur5_v2_ws/install/moveit_resources_pr2_description/share/moveit_resources_pr2_description/urdf/meshes/head_v0/convex
[1.178s] -- Installing: /home/nimesha/Thesis/moveit_ur5_v2_ws/install/moveit_resources_pr2_description/share/moveit_resources_pr2_description/urdf/meshes/head_v0/convex/head_tilt_convex.stla
[1.179s] -- Installing: /home/nimesha/Thesis/moveit_ur5_v2_ws/install/moveit_resources_pr2_description/share/moveit_resources_pr2_description/urdf/meshes/head_v0/convex/head_tilt_L.xml
[1.179s] -- Installing: /home/nimesha/Thesis/moveit_ur5_v2_ws/install/moveit_resources_pr2_description/share/moveit_resources_pr2_description/urdf/meshes/head_v0/convex/head_pan_L.xml
[1.180s] -- Installing: /home/nimesha/Thesis/moveit_ur5_v2_ws/install/moveit_resources_pr2_description/share/moveit_resources_pr2_description/urdf/meshes/head_v0/convex/head_tilt.xml
[1.181s] -- Installing: /home/nimesha/Thesis/moveit_ur5_v2_ws/install/moveit_resources_pr2_description/share/moveit_resources_pr2_description/urdf/meshes/head_v0/convex/head_pan.dae
[1.182s] -- Installing: /home/nimesha/Thesis/moveit_ur5_v2_ws/install/moveit_resources_pr2_description/share/moveit_resources_pr2_description/urdf/meshes/head_v0/convex/head_pan_L.dae
[1.182s] -- Installing: /home/nimesha/Thesis/moveit_ur5_v2_ws/install/moveit_resources_pr2_description/share/moveit_resources_pr2_description/urdf/meshes/head_v0/convex/head_pan_L_convex.stla
[1.182s] -- Installing: /home/nimesha/Thesis/moveit_ur5_v2_ws/install/moveit_resources_pr2_description/share/moveit_resources_pr2_description/urdf/meshes/head_v0/convex/head_tilt_convex.stlb
[1.182s] -- Installing: /home/nimesha/Thesis/moveit_ur5_v2_ws/install/moveit_resources_pr2_description/share/moveit_resources_pr2_description/urdf/meshes/head_v0/convex/head_pan_L_convex.stlb
[1.183s] -- Installing: /home/nimesha/Thesis/moveit_ur5_v2_ws/install/moveit_resources_pr2_description/share/moveit_resources_pr2_description/urdf/meshes/head_v0/convex/head_tilt_L_convex.stla
[1.183s] -- Installing: /home/nimesha/Thesis/moveit_ur5_v2_ws/install/moveit_resources_pr2_description/share/moveit_resources_pr2_description/urdf/meshes/head_v0/convex/head_tilt.dae
[1.184s] -- Installing: /home/nimesha/Thesis/moveit_ur5_v2_ws/install/moveit_resources_pr2_description/share/moveit_resources_pr2_description/urdf/meshes/head_v0/convex/head_pan_convex.stlb
[1.184s] -- Installing: /home/nimesha/Thesis/moveit_ur5_v2_ws/install/moveit_resources_pr2_description/share/moveit_resources_pr2_description/urdf/meshes/head_v0/convex/head_pan.xml
[1.185s] -- Installing: /home/nimesha/Thesis/moveit_ur5_v2_ws/install/moveit_resources_pr2_description/share/moveit_resources_pr2_description/urdf/meshes/head_v0/convex/head_tilt_L.dae
[1.185s] -- Installing: /home/nimesha/Thesis/moveit_ur5_v2_ws/install/moveit_resources_pr2_description/share/moveit_resources_pr2_description/urdf/meshes/head_v0/convex/head_pan_convex.stla
[1.187s] -- Installing: /home/nimesha/Thesis/moveit_ur5_v2_ws/install/moveit_resources_pr2_description/share/moveit_resources_pr2_description/urdf/meshes/head_v0/convex/head_tilt_L_convex.stlb
[1.188s] -- Installing: /home/nimesha/Thesis/moveit_ur5_v2_ws/install/moveit_resources_pr2_description/share/moveit_resources_pr2_description/urdf/meshes/head_v0/head_tilt_color_yellow.tif
[1.191s] -- Installing: /home/nimesha/Thesis/moveit_ur5_v2_ws/install/moveit_resources_pr2_description/share/moveit_resources_pr2_description/urdf/meshes/head_v0/head_pan_normals.tif
[1.196s] -- Installing: /home/nimesha/Thesis/moveit_ur5_v2_ws/install/moveit_resources_pr2_description/share/moveit_resources_pr2_description/urdf/meshes/head_v0/head_pan_L.stl
[1.197s] -- Installing: /home/nimesha/Thesis/moveit_ur5_v2_ws/install/moveit_resources_pr2_description/share/moveit_resources_pr2_description/urdf/meshes/head_v0/head_tilt.stl
[1.199s] -- Installing: /home/nimesha/Thesis/moveit_ur5_v2_ws/install/moveit_resources_pr2_description/share/moveit_resources_pr2_description/urdf/meshes/head_v0/head_tilt_normals.tif
[1.201s] -- Installing: /home/nimesha/Thesis/moveit_ur5_v2_ws/install/moveit_resources_pr2_description/share/moveit_resources_pr2_description/urdf/meshes/head_v0/head_tilt_L.stl
[1.201s] -- Installing: /home/nimesha/Thesis/moveit_ur5_v2_ws/install/moveit_resources_pr2_description/share/moveit_resources_pr2_description/urdf/meshes/head_v0/head_tilt_green.tif
[1.203s] -- Installing: /home/nimesha/Thesis/moveit_ur5_v2_ws/install/moveit_resources_pr2_description/share/moveit_resources_pr2_description/urdf/meshes/gripper_v0
[1.203s] -- Installing: /home/nimesha/Thesis/moveit_ur5_v2_ws/install/moveit_resources_pr2_description/share/moveit_resources_pr2_description/urdf/meshes/gripper_v0/gripper_palm_color.tif
[1.204s] -- Installing: /home/nimesha/Thesis/moveit_ur5_v2_ws/install/moveit_resources_pr2_description/share/moveit_resources_pr2_description/urdf/meshes/gripper_v0/l_finger.stl
[1.206s] -- Installing: /home/nimesha/Thesis/moveit_ur5_v2_ws/install/moveit_resources_pr2_description/share/moveit_resources_pr2_description/urdf/meshes/gripper_v0/l_finger_tip.dae
[1.208s] -- Installing: /home/nimesha/Thesis/moveit_ur5_v2_ws/install/moveit_resources_pr2_description/share/moveit_resources_pr2_description/urdf/meshes/gripper_v0/l_finger_tip_normals.tif
[1.212s] -- Installing: /home/nimesha/Thesis/moveit_ur5_v2_ws/install/moveit_resources_pr2_description/share/moveit_resources_pr2_description/urdf/meshes/gripper_v0/l_finger_tip_color.tif
[1.213s] -- Installing: /home/nimesha/Thesis/moveit_ur5_v2_ws/install/moveit_resources_pr2_description/share/moveit_resources_pr2_description/urdf/meshes/gripper_v0/l_float_color.tif
[1.214s] -- Installing: /home/nimesha/Thesis/moveit_ur5_v2_ws/install/moveit_resources_pr2_description/share/moveit_resources_pr2_description/urdf/meshes/gripper_v0/finger_H_UV_100430.dae
[1.224s] -- Installing: /home/nimesha/Thesis/moveit_ur5_v2_ws/install/moveit_resources_pr2_description/share/moveit_resources_pr2_description/urdf/meshes/gripper_v0/finger_tip_l.stl
[1.225s] -- Installing: /home/nimesha/Thesis/moveit_ur5_v2_ws/install/moveit_resources_pr2_description/share/moveit_resources_pr2_description/urdf/meshes/gripper_v0/l_finger.dae
[1.226s] -- Installing: /home/nimesha/Thesis/moveit_ur5_v2_ws/install/moveit_resources_pr2_description/share/moveit_resources_pr2_description/urdf/meshes/gripper_v0/finger_tip_r.stl
[1.227s] -- Installing: /home/nimesha/Thesis/moveit_ur5_v2_ws/install/moveit_resources_pr2_description/share/moveit_resources_pr2_description/urdf/meshes/gripper_v0/gripper_palm.dae
[1.228s] -- Installing: /home/nimesha/Thesis/moveit_ur5_v2_ws/install/moveit_resources_pr2_description/share/moveit_resources_pr2_description/urdf/meshes/gripper_v0/l_float_normals.tif
[1.236s] -- Installing: /home/nimesha/Thesis/moveit_ur5_v2_ws/install/moveit_resources_pr2_description/share/moveit_resources_pr2_description/urdf/meshes/gripper_v0/gripper_palm_normals.tif
[1.240s] -- Installing: /home/nimesha/Thesis/moveit_ur5_v2_ws/install/moveit_resources_pr2_description/share/moveit_resources_pr2_description/urdf/meshes/gripper_v0/finger_tip_H_UV_100430.dae
[1.247s] -- Installing: /home/nimesha/Thesis/moveit_ur5_v2_ws/install/moveit_resources_pr2_description/share/moveit_resources_pr2_description/urdf/meshes/gripper_v0/l_float.dae
[1.248s] -- Installing: /home/nimesha/Thesis/moveit_ur5_v2_ws/install/moveit_resources_pr2_description/share/moveit_resources_pr2_description/urdf/meshes/gripper_v0/gripper_palm.stl
[1.249s] -- Installing: /home/nimesha/Thesis/moveit_ur5_v2_ws/install/moveit_resources_pr2_description/share/moveit_resources_pr2_description/urdf/meshes/gripper_v0/convex
[1.249s] -- Installing: /home/nimesha/Thesis/moveit_ur5_v2_ws/install/moveit_resources_pr2_description/share/moveit_resources_pr2_description/urdf/meshes/gripper_v0/convex/finger_tip_r.xml
[1.249s] -- Installing: /home/nimesha/Thesis/moveit_ur5_v2_ws/install/moveit_resources_pr2_description/share/moveit_resources_pr2_description/urdf/meshes/gripper_v0/convex/gripper_palm_convex.stla
[1.249s] -- Installing: /home/nimesha/Thesis/moveit_ur5_v2_ws/install/moveit_resources_pr2_description/share/moveit_resources_pr2_description/urdf/meshes/gripper_v0/convex/l_floating_convex.stlb
[1.250s] -- Installing: /home/nimesha/Thesis/moveit_ur5_v2_ws/install/moveit_resources_pr2_description/share/moveit_resources_pr2_description/urdf/meshes/gripper_v0/convex/finger_tip_pad2_r_convex.stla
[1.250s] -- Installing: /home/nimesha/Thesis/moveit_ur5_v2_ws/install/moveit_resources_pr2_description/share/moveit_resources_pr2_description/urdf/meshes/gripper_v0/convex/l_floating_convex.stla
[1.250s] -- Installing: /home/nimesha/Thesis/moveit_ur5_v2_ws/install/moveit_resources_pr2_description/share/moveit_resources_pr2_description/urdf/meshes/gripper_v0/convex/finger_tip_pad2_l.xml
[1.251s] -- Installing: /home/nimesha/Thesis/moveit_ur5_v2_ws/install/moveit_resources_pr2_description/share/moveit_resources_pr2_description/urdf/meshes/gripper_v0/convex/l_floating.xml
[1.251s] -- Installing: /home/nimesha/Thesis/moveit_ur5_v2_ws/install/moveit_resources_pr2_description/share/moveit_resources_pr2_description/urdf/meshes/gripper_v0/convex/l_finger_tip.dae
[1.251s] -- Installing: /home/nimesha/Thesis/moveit_ur5_v2_ws/install/moveit_resources_pr2_description/share/moveit_resources_pr2_description/urdf/meshes/gripper_v0/convex/l_finger_convex.stla
[1.252s] -- Installing: /home/nimesha/Thesis/moveit_ur5_v2_ws/install/moveit_resources_pr2_description/share/moveit_resources_pr2_description/urdf/meshes/gripper_v0/convex/finger_tip_pad2_l_convex.stla
[1.252s] -- Installing: /home/nimesha/Thesis/moveit_ur5_v2_ws/install/moveit_resources_pr2_description/share/moveit_resources_pr2_description/urdf/meshes/gripper_v0/convex/l_finger_tip_convex.stla
[1.252s] -- Installing: /home/nimesha/Thesis/moveit_ur5_v2_ws/install/moveit_resources_pr2_description/share/moveit_resources_pr2_description/urdf/meshes/gripper_v0/convex/l_finger_convex.stlb
[1.254s] -- Installing: /home/nimesha/Thesis/moveit_ur5_v2_ws/install/moveit_resources_pr2_description/share/moveit_resources_pr2_description/urdf/meshes/gripper_v0/convex/upper_finger_l.dae
[1.254s] -- Installing: /home/nimesha/Thesis/moveit_ur5_v2_ws/install/moveit_resources_pr2_description/share/moveit_resources_pr2_description/urdf/meshes/gripper_v0/convex/l_finger.dae
[1.254s] -- Installing: /home/nimesha/Thesis/moveit_ur5_v2_ws/install/moveit_resources_pr2_description/share/moveit_resources_pr2_description/urdf/meshes/gripper_v0/convex/upper_finger_r.dae
[1.254s] -- Installing: /home/nimesha/Thesis/moveit_ur5_v2_ws/install/moveit_resources_pr2_description/share/moveit_resources_pr2_description/urdf/meshes/gripper_v0/convex/finger_tip_l_convex.stla
[1.255s] -- Installing: /home/nimesha/Thesis/moveit_ur5_v2_ws/install/moveit_resources_pr2_description/share/moveit_resources_pr2_description/urdf/meshes/gripper_v0/convex/l_finger_tip.xml
[1.255s] -- Installing: /home/nimesha/Thesis/moveit_ur5_v2_ws/install/moveit_resources_pr2_description/share/moveit_resources_pr2_description/urdf/meshes/gripper_v0/convex/upper_finger_l_convex.stlb
[1.255s] -- Installing: /home/nimesha/Thesis/moveit_ur5_v2_ws/install/moveit_resources_pr2_description/share/moveit_resources_pr2_description/urdf/meshes/gripper_v0/convex/finger_tip_pad2_l.dae
[1.255s] -- Installing: /home/nimesha/Thesis/moveit_ur5_v2_ws/install/moveit_resources_pr2_description/share/moveit_resources_pr2_description/urdf/meshes/gripper_v0/convex/upper_finger_r_convex.stla
[1.256s] -- Installing: /home/nimesha/Thesis/moveit_ur5_v2_ws/install/moveit_resources_pr2_description/share/moveit_resources_pr2_description/urdf/meshes/gripper_v0/convex/gripper_palm.dae
[1.256s] -- Installing: /home/nimesha/Thesis/moveit_ur5_v2_ws/install/moveit_resources_pr2_description/share/moveit_resources_pr2_description/urdf/meshes/gripper_v0/convex/finger_tip_l.xml
[1.256s] -- Installing: /home/nimesha/Thesis/moveit_ur5_v2_ws/install/moveit_resources_pr2_description/share/moveit_resources_pr2_description/urdf/meshes/gripper_v0/convex/gripper_palm.xml
[1.257s] -- Installing: /home/nimesha/Thesis/moveit_ur5_v2_ws/install/moveit_resources_pr2_description/share/moveit_resources_pr2_description/urdf/meshes/gripper_v0/convex/upper_finger_l_convex.stla
[1.257s] -- Installing: /home/nimesha/Thesis/moveit_ur5_v2_ws/install/moveit_resources_pr2_description/share/moveit_resources_pr2_description/urdf/meshes/gripper_v0/convex/finger_tip_l_convex.stlb
[1.257s] -- Installing: /home/nimesha/Thesis/moveit_ur5_v2_ws/install/moveit_resources_pr2_description/share/moveit_resources_pr2_description/urdf/meshes/gripper_v0/convex/finger_tip_r_convex.stla
[1.257s] -- Installing: /home/nimesha/Thesis/moveit_ur5_v2_ws/install/moveit_resources_pr2_description/share/moveit_resources_pr2_description/urdf/meshes/gripper_v0/convex/finger_tip_r.dae
[1.258s] -- Installing: /home/nimesha/Thesis/moveit_ur5_v2_ws/install/moveit_resources_pr2_description/share/moveit_resources_pr2_description/urdf/meshes/gripper_v0/convex/finger_tip_pad2_l_convex.stlb
[1.258s] -- Installing: /home/nimesha/Thesis/moveit_ur5_v2_ws/install/moveit_resources_pr2_description/share/moveit_resources_pr2_description/urdf/meshes/gripper_v0/convex/l_floating.dae
[1.258s] -- Installing: /home/nimesha/Thesis/moveit_ur5_v2_ws/install/moveit_resources_pr2_description/share/moveit_resources_pr2_description/urdf/meshes/gripper_v0/convex/upper_finger_l.xml
[1.260s] -- Installing: /home/nimesha/Thesis/moveit_ur5_v2_ws/install/moveit_resources_pr2_description/share/moveit_resources_pr2_description/urdf/meshes/gripper_v0/convex/finger_tip_l.dae
[1.261s] -- Installing: /home/nimesha/Thesis/moveit_ur5_v2_ws/install/moveit_resources_pr2_description/share/moveit_resources_pr2_description/urdf/meshes/gripper_v0/convex/upper_finger_r.xml
[1.261s] -- Installing: /home/nimesha/Thesis/moveit_ur5_v2_ws/install/moveit_resources_pr2_description/share/moveit_resources_pr2_description/urdf/meshes/gripper_v0/convex/finger_tip_pad2_r.xml
[1.262s] -- Installing: /home/nimesha/Thesis/moveit_ur5_v2_ws/install/moveit_resources_pr2_description/share/moveit_resources_pr2_description/urdf/meshes/gripper_v0/convex/finger_tip_pad2_r.dae
[1.262s] -- Installing: /home/nimesha/Thesis/moveit_ur5_v2_ws/install/moveit_resources_pr2_description/share/moveit_resources_pr2_description/urdf/meshes/gripper_v0/convex/l_finger_tip_convex.stlb
[1.262s] -- Installing: /home/nimesha/Thesis/moveit_ur5_v2_ws/install/moveit_resources_pr2_description/share/moveit_resources_pr2_description/urdf/meshes/gripper_v0/convex/finger_tip_pad2_r_convex.stlb
[1.263s] -- Installing: /home/nimesha/Thesis/moveit_ur5_v2_ws/install/moveit_resources_pr2_description/share/moveit_resources_pr2_description/urdf/meshes/gripper_v0/convex/upper_finger_r_convex.stlb
[1.263s] -- Installing: /home/nimesha/Thesis/moveit_ur5_v2_ws/install/moveit_resources_pr2_description/share/moveit_resources_pr2_description/urdf/meshes/gripper_v0/convex/finger_tip_r_convex.stlb
[1.263s] -- Installing: /home/nimesha/Thesis/moveit_ur5_v2_ws/install/moveit_resources_pr2_description/share/moveit_resources_pr2_description/urdf/meshes/gripper_v0/convex/l_finger.xml
[1.264s] -- Installing: /home/nimesha/Thesis/moveit_ur5_v2_ws/install/moveit_resources_pr2_description/share/moveit_resources_pr2_description/urdf/meshes/gripper_v0/convex/gripper_palm_convex.stlb
[1.264s] -- Installing: /home/nimesha/Thesis/moveit_ur5_v2_ws/install/moveit_resources_pr2_description/share/moveit_resources_pr2_description/urdf/meshes/gripper_v0/l_finger_tip.stl
[1.265s] -- Installing: /home/nimesha/Thesis/moveit_ur5_v2_ws/install/moveit_resources_pr2_description/share/moveit_resources_pr2_description/urdf/meshes/gripper_v0/float_H_UV_100430.dae
[1.272s] -- Installing: /home/nimesha/Thesis/moveit_ur5_v2_ws/install/moveit_resources_pr2_description/share/moveit_resources_pr2_description/urdf/meshes/gripper_v0/float_H_Color_100430.tif
[1.273s] -- Installing: /home/nimesha/Thesis/moveit_ur5_v2_ws/install/moveit_resources_pr2_description/share/moveit_resources_pr2_description/urdf/meshes/gripper_v0/upper_finger_l.stl
[1.273s] -- Installing: /home/nimesha/Thesis/moveit_ur5_v2_ws/install/moveit_resources_pr2_description/share/moveit_resources_pr2_description/urdf/meshes/gripper_v0/finger_tip_pad2_l.stl
[1.274s] -- Installing: /home/nimesha/Thesis/moveit_ur5_v2_ws/install/moveit_resources_pr2_description/share/moveit_resources_pr2_description/urdf/meshes/gripper_v0/l_finger_color.tif
[1.275s] -- Installing: /home/nimesha/Thesis/moveit_ur5_v2_ws/install/moveit_resources_pr2_description/share/moveit_resources_pr2_description/urdf/meshes/gripper_v0/palm_H_UV_100430.dae
[1.279s] -- Installing: /home/nimesha/Thesis/moveit_ur5_v2_ws/install/moveit_resources_pr2_description/share/moveit_resources_pr2_description/urdf/meshes/gripper_v0/l_floating.stl
[1.280s] -- Installing: /home/nimesha/Thesis/moveit_ur5_v2_ws/install/moveit_resources_pr2_description/share/moveit_resources_pr2_description/urdf/meshes/gripper_v0/l_finger_normals.tif
[1.283s] -- Installing: /home/nimesha/Thesis/moveit_ur5_v2_ws/install/moveit_resources_pr2_description/share/moveit_resources_pr2_description/urdf/meshes/gripper_v0/finger_tip_pad2_r.stl
[1.284s] -- Installing: /home/nimesha/Thesis/moveit_ur5_v2_ws/install/moveit_resources_pr2_description/share/moveit_resources_pr2_description/urdf/meshes/gripper_v0/fingertip_H_Color_100430.tif
[1.285s] -- Installing: /home/nimesha/Thesis/moveit_ur5_v2_ws/install/moveit_resources_pr2_description/share/moveit_resources_pr2_description/urdf/meshes/gripper_v0/palm_H_Color_100430.tif
[1.285s] -- Installing: /home/nimesha/Thesis/moveit_ur5_v2_ws/install/moveit_resources_pr2_description/share/moveit_resources_pr2_description/urdf/meshes/gripper_v0/upper_finger_r.stl
[1.286s] -- Installing: /home/nimesha/Thesis/moveit_ur5_v2_ws/install/moveit_resources_pr2_description/share/moveit_resources_pr2_description/urdf/meshes/gripper_v0/finger_H_Color_100430.tif
[1.287s] -- Installing: /home/nimesha/Thesis/moveit_ur5_v2_ws/install/moveit_resources_pr2_description/share/moveit_resources_pr2_description/urdf/meshes/forearm_v0
[1.287s] -- Installing: /home/nimesha/Thesis/moveit_ur5_v2_ws/install/moveit_resources_pr2_description/share/moveit_resources_pr2_description/urdf/meshes/forearm_v0/wrist_flex.stl
[1.287s] -- Installing: /home/nimesha/Thesis/moveit_ur5_v2_ws/install/moveit_resources_pr2_description/share/moveit_resources_pr2_description/urdf/meshes/forearm_v0/forearm.stl
[1.288s] -- Installing: /home/nimesha/Thesis/moveit_ur5_v2_ws/install/moveit_resources_pr2_description/share/moveit_resources_pr2_description/urdf/meshes/forearm_v0/forearm_color.tif
[1.302s] -- Installing: /home/nimesha/Thesis/moveit_ur5_v2_ws/install/moveit_resources_pr2_description/share/moveit_resources_pr2_description/urdf/meshes/forearm_v0/wrist_roll.stl
[1.304s] -- Installing: /home/nimesha/Thesis/moveit_ur5_v2_ws/install/moveit_resources_pr2_description/share/moveit_resources_pr2_description/urdf/meshes/forearm_v0/convex
[1.304s] -- Installing: /home/nimesha/Thesis/moveit_ur5_v2_ws/install/moveit_resources_pr2_description/share/moveit_resources_pr2_description/urdf/meshes/forearm_v0/convex/wrist_roll_L_convex.stla
[1.304s] -- Installing: /home/nimesha/Thesis/moveit_ur5_v2_ws/install/moveit_resources_pr2_description/share/moveit_resources_pr2_description/urdf/meshes/forearm_v0/convex/wrist_roll_L.dae
[1.305s] -- Installing: /home/nimesha/Thesis/moveit_ur5_v2_ws/install/moveit_resources_pr2_description/share/moveit_resources_pr2_description/urdf/meshes/forearm_v0/convex/wrist_roll_convex.stlb
[1.305s] -- Installing: /home/nimesha/Thesis/moveit_ur5_v2_ws/install/moveit_resources_pr2_description/share/moveit_resources_pr2_description/urdf/meshes/forearm_v0/convex/wrist_flex_convex.stlb
[1.305s] -- Installing: /home/nimesha/Thesis/moveit_ur5_v2_ws/install/moveit_resources_pr2_description/share/moveit_resources_pr2_description/urdf/meshes/forearm_v0/convex/wrist_roll.xml
[1.305s] -- Installing: /home/nimesha/Thesis/moveit_ur5_v2_ws/install/moveit_resources_pr2_description/share/moveit_resources_pr2_description/urdf/meshes/forearm_v0/convex/wrist_flex_convex.stla
[1.307s] -- Installing: /home/nimesha/Thesis/moveit_ur5_v2_ws/install/moveit_resources_pr2_description/share/moveit_resources_pr2_description/urdf/meshes/forearm_v0/convex/wrist_roll_L.xml
[1.307s] -- Installing: /home/nimesha/Thesis/moveit_ur5_v2_ws/install/moveit_resources_pr2_description/share/moveit_resources_pr2_description/urdf/meshes/forearm_v0/convex/wrist_roll_L_convex.stlb
[1.307s] -- Installing: /home/nimesha/Thesis/moveit_ur5_v2_ws/install/moveit_resources_pr2_description/share/moveit_resources_pr2_description/urdf/meshes/forearm_v0/convex/forearm_convex.stla
[1.309s] -- Installing: /home/nimesha/Thesis/moveit_ur5_v2_ws/install/moveit_resources_pr2_description/share/moveit_resources_pr2_description/urdf/meshes/forearm_v0/convex/wrist_roll.dae
[1.309s] -- Installing: /home/nimesha/Thesis/moveit_ur5_v2_ws/install/moveit_resources_pr2_description/share/moveit_resources_pr2_description/urdf/meshes/forearm_v0/convex/wrist_roll_convex.stla
[1.309s] -- Installing: /home/nimesha/Thesis/moveit_ur5_v2_ws/install/moveit_resources_pr2_description/share/moveit_resources_pr2_description/urdf/meshes/forearm_v0/convex/wrist_flex.dae
[1.310s] -- Installing: /home/nimesha/Thesis/moveit_ur5_v2_ws/install/moveit_resources_pr2_description/share/moveit_resources_pr2_description/urdf/meshes/forearm_v0/convex/wrist_flex.xml
[1.310s] -- Installing: /home/nimesha/Thesis/moveit_ur5_v2_ws/install/moveit_resources_pr2_description/share/moveit_resources_pr2_description/urdf/meshes/forearm_v0/convex/forearm.dae
[1.311s] -- Installing: /home/nimesha/Thesis/moveit_ur5_v2_ws/install/moveit_resources_pr2_description/share/moveit_resources_pr2_description/urdf/meshes/forearm_v0/convex/forearm.xml
[1.311s] -- Installing: /home/nimesha/Thesis/moveit_ur5_v2_ws/install/moveit_resources_pr2_description/share/moveit_resources_pr2_description/urdf/meshes/forearm_v0/convex/forearm_convex.stlb
[1.314s] -- Installing: /home/nimesha/Thesis/moveit_ur5_v2_ws/install/moveit_resources_pr2_description/share/moveit_resources_pr2_description/urdf/meshes/forearm_v0/wrist_flex.dae
[1.315s] -- Installing: /home/nimesha/Thesis/moveit_ur5_v2_ws/install/moveit_resources_pr2_description/share/moveit_resources_pr2_description/urdf/meshes/forearm_v0/forearm.dae
[1.316s] -- Installing: /home/nimesha/Thesis/moveit_ur5_v2_ws/install/moveit_resources_pr2_description/share/moveit_resources_pr2_description/urdf/meshes/forearm_v0/forearm.jpg
[1.317s] -- Installing: /home/nimesha/Thesis/moveit_ur5_v2_ws/install/moveit_resources_pr2_description/share/moveit_resources_pr2_description/urdf/meshes/forearm_v0/wrist_normals.tif
[1.320s] -- Installing: /home/nimesha/Thesis/moveit_ur5_v2_ws/install/moveit_resources_pr2_description/share/moveit_resources_pr2_description/urdf/meshes/forearm_v0/forearm_normals.tif
[1.326s] -- Installing: /home/nimesha/Thesis/moveit_ur5_v2_ws/install/moveit_resources_pr2_description/share/moveit_resources_pr2_description/urdf/meshes/forearm_v0/wrist_roll_L.stl
[1.326s] -- Installing: /home/nimesha/Thesis/moveit_ur5_v2_ws/install/moveit_resources_pr2_description/share/moveit_resources_pr2_description/urdf/meshes/forearm_v0/wrist_color.tif
[1.327s] -- Installing: /home/nimesha/Thesis/moveit_ur5_v2_ws/install/moveit_resources_pr2_description/share/moveit_resources_pr2_description/urdf/robot.xml
[1.328s] -- Installing: /home/nimesha/Thesis/moveit_ur5_v2_ws/install/moveit_resources_pr2_description/share/moveit_resources_pr2_description/kinect.dae
[1.334s] Invoked command in '/home/nimesha/Thesis/moveit_ur5_v2_ws/build/moveit_resources_pr2_description' returned '0': CMAKE_PREFIX_PATH=${CMAKE_PREFIX_PATH}:/home/nimesha/Thesis/moveit_ur5_v2_ws/install/moveit_configs_utils:/home/nimesha/Thesis/moveit_ur5_v2_ws/install/launch_param_builder:/home/nimesha/Thesis/moveit_ur5_v2_ws/src/ws_moveit/install/moveit_configs_utils:/home/nimesha/Thesis/moveit_ur5_v2_ws/src/ws_moveit/install/launch_param_builder:/opt/ros/humble /usr/bin/cmake --install /home/nimesha/Thesis/moveit_ur5_v2_ws/build/moveit_resources_pr2_description
