[0.056s] Invoking command in '/home/nimesha/thesis/ws_moveit/build/srdfdom': CMAKE_PREFIX_PATH=${CMAKE_PREFIX_PATH}:/opt/ros/humble:/home/nimesha/thesis/ws_moveit/install/moveit_configs_utils:/opt/ros/rolling /usr/bin/cmake --build /home/nimesha/thesis/ws_moveit/build/srdfdom -- -j32 -l32
[0.206s] [35m[1mConsolidate compiler generated dependencies of target gtest_main[0m
[0.206s] [35m[1mConsolidate compiler generated dependencies of target srdfdom[0m
[0.206s] [35m[1mConsolidate compiler generated dependencies of target gtest[0m
[0.207s] [  0%] Built target ament_cmake_python_copy_srdfdom
[0.208s] [ 18%] Built target gtest_main
[0.208s] [ 45%] Built target srdfdom
[0.208s] [ 63%] Built target gtest
[0.208s] [35m[1mConsolidate compiler generated dependencies of target test_cpp_C[0m
[0.208s] [35m[1mConsolidate compiler generated dependencies of target test_cpp_nl_NL.UTF-8[0m
[0.208s] [100%] Built target test_cpp_nl_NL.UTF-8
[0.209s] [100%] Built target test_cpp_C
[0.310s] running egg_info
[0.311s] writing srdfdom.egg-info/PKG-INFO
[0.311s] writing dependency_links to srdfdom.egg-info/dependency_links.txt
[0.311s] writing top-level names to srdfdom.egg-info/top_level.txt
[0.317s] reading manifest file 'srdfdom.egg-info/SOURCES.txt'
[0.317s] writing manifest file 'srdfdom.egg-info/SOURCES.txt'
[0.336s] [100%] Built target ament_cmake_python_build_srdfdom_egg
[0.356s] Invoked command in '/home/nimesha/thesis/ws_moveit/build/srdfdom' returned '0': CMAKE_PREFIX_PATH=${CMAKE_PREFIX_PATH}:/opt/ros/humble:/home/nimesha/thesis/ws_moveit/install/moveit_configs_utils:/opt/ros/rolling /usr/bin/cmake --build /home/nimesha/thesis/ws_moveit/build/srdfdom -- -j32 -l32
[0.405s] Invoking command in '/home/nimesha/thesis/ws_moveit/build/srdfdom': CMAKE_PREFIX_PATH=${CMAKE_PREFIX_PATH}:/opt/ros/humble:/home/nimesha/thesis/ws_moveit/install/moveit_configs_utils:/opt/ros/rolling /usr/bin/cmake --install /home/nimesha/thesis/ws_moveit/build/srdfdom
[0.410s] -- Install configuration: "Release"
[0.410s] -- Up-to-date: /home/nimesha/thesis/ws_moveit/install/srdfdom/lib/libsrdfdom.so.2.0.4
[0.411s] -- Up-to-date: /home/nimesha/thesis/ws_moveit/install/srdfdom/lib/libsrdfdom.so
[0.411s] -- Up-to-date: /home/nimesha/thesis/ws_moveit/install/srdfdom/include/srdfdom
[0.411s] -- Up-to-date: /home/nimesha/thesis/ws_moveit/install/srdfdom/include/srdfdom/srdf_writer.h
[0.411s] -- Up-to-date: /home/nimesha/thesis/ws_moveit/install/srdfdom/include/srdfdom/model.h
[0.411s] -- Up-to-date: /home/nimesha/thesis/ws_moveit/install/srdfdom/include/srdfdom/visibility_control.h
[0.411s] -- Up-to-date: /home/nimesha/thesis/ws_moveit/install/srdfdom/lib/srdfdom/display_srdf
[0.412s] -- Up-to-date: /home/nimesha/thesis/ws_moveit/install/srdfdom/share/srdfdom/environment/pythonpath.sh
[0.412s] -- Up-to-date: /home/nimesha/thesis/ws_moveit/install/srdfdom/share/srdfdom/environment/pythonpath.dsv
[0.413s] -- Up-to-date: /home/nimesha/thesis/ws_moveit/install/srdfdom/local/lib/python3.10/dist-packages/srdfdom-2.0.4-py3.10.egg-info
[0.414s] -- Installing: /home/nimesha/thesis/ws_moveit/install/srdfdom/local/lib/python3.10/dist-packages/srdfdom-2.0.4-py3.10.egg-info/SOURCES.txt
[0.414s] -- Installing: /home/nimesha/thesis/ws_moveit/install/srdfdom/local/lib/python3.10/dist-packages/srdfdom-2.0.4-py3.10.egg-info/PKG-INFO
[0.414s] -- Installing: /home/nimesha/thesis/ws_moveit/install/srdfdom/local/lib/python3.10/dist-packages/srdfdom-2.0.4-py3.10.egg-info/dependency_links.txt
[0.414s] -- Installing: /home/nimesha/thesis/ws_moveit/install/srdfdom/local/lib/python3.10/dist-packages/srdfdom-2.0.4-py3.10.egg-info/top_level.txt
[0.414s] -- Up-to-date: /home/nimesha/thesis/ws_moveit/install/srdfdom/local/lib/python3.10/dist-packages/srdfdom
[0.414s] -- Up-to-date: /home/nimesha/thesis/ws_moveit/install/srdfdom/local/lib/python3.10/dist-packages/srdfdom/__init__.py
[0.414s] -- Up-to-date: /home/nimesha/thesis/ws_moveit/install/srdfdom/local/lib/python3.10/dist-packages/srdfdom/srdf.py
[0.433s] Listing '/home/nimesha/thesis/ws_moveit/install/srdfdom/local/lib/python3.10/dist-packages/srdfdom'...
[0.436s] -- Up-to-date: /home/nimesha/thesis/ws_moveit/install/srdfdom/share/srdfdom/environment/library_path.sh
[0.436s] -- Up-to-date: /home/nimesha/thesis/ws_moveit/install/srdfdom/share/srdfdom/environment/library_path.dsv
[0.436s] -- Up-to-date: /home/nimesha/thesis/ws_moveit/install/srdfdom/share/ament_index/resource_index/package_run_dependencies/srdfdom
[0.436s] -- Up-to-date: /home/nimesha/thesis/ws_moveit/install/srdfdom/share/ament_index/resource_index/parent_prefix_path/srdfdom
[0.436s] -- Up-to-date: /home/nimesha/thesis/ws_moveit/install/srdfdom/share/srdfdom/environment/ament_prefix_path.sh
[0.436s] -- Up-to-date: /home/nimesha/thesis/ws_moveit/install/srdfdom/share/srdfdom/environment/ament_prefix_path.dsv
[0.436s] -- Up-to-date: /home/nimesha/thesis/ws_moveit/install/srdfdom/share/srdfdom/environment/path.sh
[0.437s] -- Up-to-date: /home/nimesha/thesis/ws_moveit/install/srdfdom/share/srdfdom/environment/path.dsv
[0.437s] -- Up-to-date: /home/nimesha/thesis/ws_moveit/install/srdfdom/share/srdfdom/local_setup.bash
[0.437s] -- Up-to-date: /home/nimesha/thesis/ws_moveit/install/srdfdom/share/srdfdom/local_setup.sh
[0.437s] -- Up-to-date: /home/nimesha/thesis/ws_moveit/install/srdfdom/share/srdfdom/local_setup.zsh
[0.437s] -- Up-to-date: /home/nimesha/thesis/ws_moveit/install/srdfdom/share/srdfdom/local_setup.dsv
[0.437s] -- Installing: /home/nimesha/thesis/ws_moveit/install/srdfdom/share/srdfdom/package.dsv
[0.437s] -- Up-to-date: /home/nimesha/thesis/ws_moveit/install/srdfdom/share/ament_index/resource_index/packages/srdfdom
[0.439s] -- Up-to-date: /home/nimesha/thesis/ws_moveit/install/srdfdom/share/srdfdom/cmake/srdfdomTargetsExport.cmake
[0.439s] -- Up-to-date: /home/nimesha/thesis/ws_moveit/install/srdfdom/share/srdfdom/cmake/srdfdomTargetsExport-release.cmake
[0.439s] -- Up-to-date: /home/nimesha/thesis/ws_moveit/install/srdfdom/share/srdfdom/cmake/ament_cmake_export_targets-extras.cmake
[0.439s] -- Up-to-date: /home/nimesha/thesis/ws_moveit/install/srdfdom/share/srdfdom/cmake/ament_cmake_export_dependencies-extras.cmake
[0.440s] -- Up-to-date: /home/nimesha/thesis/ws_moveit/install/srdfdom/share/srdfdom/cmake/srdfdomConfig.cmake
[0.440s] -- Up-to-date: /home/nimesha/thesis/ws_moveit/install/srdfdom/share/srdfdom/cmake/srdfdomConfig-version.cmake
[0.440s] -- Up-to-date: /home/nimesha/thesis/ws_moveit/install/srdfdom/share/srdfdom/package.xml
[0.444s] Invoked command in '/home/nimesha/thesis/ws_moveit/build/srdfdom' returned '0': CMAKE_PREFIX_PATH=${CMAKE_PREFIX_PATH}:/opt/ros/humble:/home/nimesha/thesis/ws_moveit/install/moveit_configs_utils:/opt/ros/rolling /usr/bin/cmake --install /home/nimesha/thesis/ws_moveit/build/srdfdom
