[35m[1mConsolidate compiler generated dependencies of target pilz_mtc[0m
[35m[1mConsolidate compiler generated dependencies of target minimal_mtc_tutorial[0m
[35m[1mConsolidate compiler generated dependencies of target robot_model_and_robot_state_tutorial[0m
[35m[1mConsolidate compiler generated dependencies of target mtc_tutorial[0m
[35m[1mConsolidate compiler generated dependencies of target servo_keyboard_input[0m
[35m[1mConsolidate compiler generated dependencies of target planning_scene_tutorial[0m
[35m[1mConsolidate compiler generated dependencies of target motion_planning_api_tutorial[0m
[35m[1mConsolidate compiler generated dependencies of target planning_scene_ros_api_tutorial[0m
[35m[1mConsolidate compiler generated dependencies of target pilz_move_group[0m
[35m[1mConsolidate compiler generated dependencies of target move_group_interface_tutorial[0m
[35m[1mConsolidate compiler generated dependencies of target servo_cpp_interface_demo[0m
[35m[1mConsolidate compiler generated dependencies of target ompl_constrained_planning[0m
[35m[1mConsolidate compiler generated dependencies of target moveit_cpp_tutorial[0m
[  3%] [32m[1mLinking CXX executable servo_keyboard_input[0m
[  7%] [32m[1mLinking CXX executable robot_model_and_robot_state_tutorial[0m
[ 11%] [32m[1mLinking CXX executable mtc_tutorial[0m
[ 15%] [32m[1mLinking CXX executable planning_scene_ros_api_tutorial[0m
[ 19%] [32m[1mLinking CXX executable minimal_mtc_tutorial[0m
[ 23%] [32m[1mLinking CXX executable planning_scene_tutorial[0m
[ 26%] [32m[1mLinking CXX executable move_group_interface_tutorial[0m
[ 30%] [32m[1mLinking CXX executable pilz_mtc[0m
[ 34%] [32m[1mLinking CXX executable pilz_move_group[0m
[ 38%] [32m[1mLinking CXX executable servo_cpp_interface_demo[0m
[ 42%] [32m[1mLinking CXX executable motion_planning_api_tutorial[0m
[ 46%] [32m[1mLinking CXX executable ompl_constrained_planning[0m
[ 50%] [32m[1mLinking CXX executable moveit_cpp_tutorial[0m
[ 53%] Built target pilz_mtc
[ 57%] Built target planning_scene_ros_api_tutorial
[ 61%] Built target pilz_move_group
[ 65%] Built target ompl_constrained_planning
[ 69%] Built target move_group_interface_tutorial
[ 73%] Built target motion_planning_api_tutorial
[ 76%] Built target moveit_cpp_tutorial
[ 80%] Built target planning_scene_tutorial
[ 84%] Built target servo_cpp_interface_demo
[ 88%] Built target minimal_mtc_tutorial
[ 92%] Built target mtc_tutorial
[ 96%] Built target robot_model_and_robot_state_tutorial
[100%] Built target servo_keyboard_input
-- Install configuration: "Release"
-- Up-to-date: /home/nimesha/Thesis/moveit_ur5_v2_ws/install/moveit2_tutorials/share/ament_index/resource_index/package_run_dependencies/moveit2_tutorials
-- Up-to-date: /home/nimesha/Thesis/moveit_ur5_v2_ws/install/moveit2_tutorials/share/ament_index/resource_index/parent_prefix_path/moveit2_tutorials
-- Up-to-date: /home/nimesha/Thesis/moveit_ur5_v2_ws/install/moveit2_tutorials/share/moveit2_tutorials/environment/ament_prefix_path.sh
-- Up-to-date: /home/nimesha/Thesis/moveit_ur5_v2_ws/install/moveit2_tutorials/share/moveit2_tutorials/environment/ament_prefix_path.dsv
-- Up-to-date: /home/nimesha/Thesis/moveit_ur5_v2_ws/install/moveit2_tutorials/share/moveit2_tutorials/environment/path.sh
-- Up-to-date: /home/nimesha/Thesis/moveit_ur5_v2_ws/install/moveit2_tutorials/share/moveit2_tutorials/environment/path.dsv
-- Up-to-date: /home/nimesha/Thesis/moveit_ur5_v2_ws/install/moveit2_tutorials/share/moveit2_tutorials/local_setup.bash
-- Up-to-date: /home/nimesha/Thesis/moveit_ur5_v2_ws/install/moveit2_tutorials/share/moveit2_tutorials/local_setup.sh
-- Up-to-date: /home/nimesha/Thesis/moveit_ur5_v2_ws/install/moveit2_tutorials/share/moveit2_tutorials/local_setup.zsh
-- Up-to-date: /home/nimesha/Thesis/moveit_ur5_v2_ws/install/moveit2_tutorials/share/moveit2_tutorials/local_setup.dsv
-- Installing: /home/nimesha/Thesis/moveit_ur5_v2_ws/install/moveit2_tutorials/share/moveit2_tutorials/package.dsv
-- Up-to-date: /home/nimesha/Thesis/moveit_ur5_v2_ws/install/moveit2_tutorials/share/ament_index/resource_index/packages/moveit2_tutorials
-- Up-to-date: /home/nimesha/Thesis/moveit_ur5_v2_ws/install/moveit2_tutorials/share/moveit2_tutorials/cmake/ament_cmake_export_dependencies-extras.cmake
-- Up-to-date: /home/nimesha/Thesis/moveit_ur5_v2_ws/install/moveit2_tutorials/share/moveit2_tutorials/cmake/ament_cmake_export_include_directories-extras.cmake
-- Up-to-date: /home/nimesha/Thesis/moveit_ur5_v2_ws/install/moveit2_tutorials/share/moveit2_tutorials/cmake/moveit2_tutorialsConfig.cmake
-- Up-to-date: /home/nimesha/Thesis/moveit_ur5_v2_ws/install/moveit2_tutorials/share/moveit2_tutorials/cmake/moveit2_tutorialsConfig-version.cmake
-- Up-to-date: /home/nimesha/Thesis/moveit_ur5_v2_ws/install/moveit2_tutorials/share/moveit2_tutorials/package.xml
-- Up-to-date: /home/nimesha/Thesis/moveit_ur5_v2_ws/install/moveit2_tutorials/share/moveit2_tutorials/launch
-- Up-to-date: /home/nimesha/Thesis/moveit_ur5_v2_ws/install/moveit2_tutorials/share/moveit2_tutorials/launch/panda_hello_moveit.rviz
-- Up-to-date: /home/nimesha/Thesis/moveit_ur5_v2_ws/install/moveit2_tutorials/share/moveit2_tutorials/launch/panda_moveit_config_demo_empty.rviz
-- Up-to-date: /home/nimesha/Thesis/moveit_ur5_v2_ws/install/moveit2_tutorials/share/moveit2_tutorials/launch/demo.launch.py
-- Up-to-date: /home/nimesha/Thesis/moveit_ur5_v2_ws/install/moveit2_tutorials/share/moveit2_tutorials/launch/panda_moveit_config_demo.rviz
-- Installing: /home/nimesha/Thesis/moveit_ur5_v2_ws/install/moveit2_tutorials/lib/moveit2_tutorials/mtc_tutorial
-- Set runtime path of "/home/nimesha/Thesis/moveit_ur5_v2_ws/install/moveit2_tutorials/lib/moveit2_tutorials/mtc_tutorial" to ""
-- Installing: /home/nimesha/Thesis/moveit_ur5_v2_ws/install/moveit2_tutorials/lib/moveit2_tutorials/minimal_mtc_tutorial
-- Set runtime path of "/home/nimesha/Thesis/moveit_ur5_v2_ws/install/moveit2_tutorials/lib/moveit2_tutorials/minimal_mtc_tutorial" to ""
-- Up-to-date: /home/nimesha/Thesis/moveit_ur5_v2_ws/install/moveit2_tutorials/share/moveit2_tutorials/launch
-- Up-to-date: /home/nimesha/Thesis/moveit_ur5_v2_ws/install/moveit2_tutorials/share/moveit2_tutorials/launch/mtc.rviz
-- Up-to-date: /home/nimesha/Thesis/moveit_ur5_v2_ws/install/moveit2_tutorials/share/moveit2_tutorials/launch/mtc_demo_minimal.launch.py
-- Up-to-date: /home/nimesha/Thesis/moveit_ur5_v2_ws/install/moveit2_tutorials/share/moveit2_tutorials/launch/pick_place_demo.launch.py
-- Up-to-date: /home/nimesha/Thesis/moveit_ur5_v2_ws/install/moveit2_tutorials/share/moveit2_tutorials/launch/mtc_demo.launch.py
-- Installing: /home/nimesha/Thesis/moveit_ur5_v2_ws/install/moveit2_tutorials/lib/moveit2_tutorials/motion_planning_api_tutorial
-- Set runtime path of "/home/nimesha/Thesis/moveit_ur5_v2_ws/install/moveit2_tutorials/lib/moveit2_tutorials/motion_planning_api_tutorial" to ""
-- Up-to-date: /home/nimesha/Thesis/moveit_ur5_v2_ws/install/moveit2_tutorials/share/moveit2_tutorials/launch
-- Up-to-date: /home/nimesha/Thesis/moveit_ur5_v2_ws/install/moveit2_tutorials/share/moveit2_tutorials/launch/motion_planning_api_tutorial.launch.py
-- Installing: /home/nimesha/Thesis/moveit_ur5_v2_ws/install/moveit2_tutorials/lib/moveit2_tutorials/move_group_interface_tutorial
-- Set runtime path of "/home/nimesha/Thesis/moveit_ur5_v2_ws/install/moveit2_tutorials/lib/moveit2_tutorials/move_group_interface_tutorial" to ""
-- Up-to-date: /home/nimesha/Thesis/moveit_ur5_v2_ws/install/moveit2_tutorials/share/moveit2_tutorials/launch
-- Up-to-date: /home/nimesha/Thesis/moveit_ur5_v2_ws/install/moveit2_tutorials/share/moveit2_tutorials/launch/move_group_interface_tutorial.launch.py
-- Up-to-date: /home/nimesha/Thesis/moveit_ur5_v2_ws/install/moveit2_tutorials/share/moveit2_tutorials/launch/move_group.rviz
-- Up-to-date: /home/nimesha/Thesis/moveit_ur5_v2_ws/install/moveit2_tutorials/share/moveit2_tutorials/launch/move_group.launch.py
-- Installing: /home/nimesha/Thesis/moveit_ur5_v2_ws/install/moveit2_tutorials/lib/moveit2_tutorials/pilz_move_group
-- Set runtime path of "/home/nimesha/Thesis/moveit_ur5_v2_ws/install/moveit2_tutorials/lib/moveit2_tutorials/pilz_move_group" to ""
-- Installing: /home/nimesha/Thesis/moveit_ur5_v2_ws/install/moveit2_tutorials/lib/moveit2_tutorials/pilz_mtc
-- Set runtime path of "/home/nimesha/Thesis/moveit_ur5_v2_ws/install/moveit2_tutorials/lib/moveit2_tutorials/pilz_mtc" to ""
-- Up-to-date: /home/nimesha/Thesis/moveit_ur5_v2_ws/install/moveit2_tutorials/share/moveit2_tutorials/launch
-- Up-to-date: /home/nimesha/Thesis/moveit_ur5_v2_ws/install/moveit2_tutorials/share/moveit2_tutorials/launch/pilz_mtc.launch.py
-- Installing: /home/nimesha/Thesis/moveit_ur5_v2_ws/install/moveit2_tutorials/lib/moveit2_tutorials/planning_scene_tutorial
-- Set runtime path of "/home/nimesha/Thesis/moveit_ur5_v2_ws/install/moveit2_tutorials/lib/moveit2_tutorials/planning_scene_tutorial" to ""
-- Up-to-date: /home/nimesha/Thesis/moveit_ur5_v2_ws/install/moveit2_tutorials/share/moveit2_tutorials/launch
-- Up-to-date: /home/nimesha/Thesis/moveit_ur5_v2_ws/install/moveit2_tutorials/share/moveit2_tutorials/launch/planning_scene_tutorial.launch.py
-- Installing: /home/nimesha/Thesis/moveit_ur5_v2_ws/install/moveit2_tutorials/lib/moveit2_tutorials/planning_scene_ros_api_tutorial
-- Set runtime path of "/home/nimesha/Thesis/moveit_ur5_v2_ws/install/moveit2_tutorials/lib/moveit2_tutorials/planning_scene_ros_api_tutorial" to ""
-- Up-to-date: /home/nimesha/Thesis/moveit_ur5_v2_ws/install/moveit2_tutorials/share/moveit2_tutorials/launch
-- Up-to-date: /home/nimesha/Thesis/moveit_ur5_v2_ws/install/moveit2_tutorials/share/moveit2_tutorials/launch/planning_scene_ros_api_tutorial.launch.py
-- Installing: /home/nimesha/Thesis/moveit_ur5_v2_ws/install/moveit2_tutorials/lib/moveit2_tutorials/robot_model_and_robot_state_tutorial
-- Set runtime path of "/home/nimesha/Thesis/moveit_ur5_v2_ws/install/moveit2_tutorials/lib/moveit2_tutorials/robot_model_and_robot_state_tutorial" to ""
-- Up-to-date: /home/nimesha/Thesis/moveit_ur5_v2_ws/install/moveit2_tutorials/share/moveit2_tutorials/launch
-- Up-to-date: /home/nimesha/Thesis/moveit_ur5_v2_ws/install/moveit2_tutorials/share/moveit2_tutorials/launch/robot_model_and_robot_state_tutorial.launch.py
-- Installing: /home/nimesha/Thesis/moveit_ur5_v2_ws/install/moveit2_tutorials/lib/moveit2_tutorials/moveit_cpp_tutorial
-- Set runtime path of "/home/nimesha/Thesis/moveit_ur5_v2_ws/install/moveit2_tutorials/lib/moveit2_tutorials/moveit_cpp_tutorial" to ""
-- Up-to-date: /home/nimesha/Thesis/moveit_ur5_v2_ws/install/moveit2_tutorials/share/moveit2_tutorials/launch
-- Up-to-date: /home/nimesha/Thesis/moveit_ur5_v2_ws/install/moveit2_tutorials/share/moveit2_tutorials/launch/moveit_cpp_tutorial.launch.py
-- Up-to-date: /home/nimesha/Thesis/moveit_ur5_v2_ws/install/moveit2_tutorials/share/moveit2_tutorials/launch/moveit_cpp_tutorial.rviz
-- Up-to-date: /home/nimesha/Thesis/moveit_ur5_v2_ws/install/moveit2_tutorials/share/moveit2_tutorials/config
-- Up-to-date: /home/nimesha/Thesis/moveit_ur5_v2_ws/install/moveit2_tutorials/share/moveit2_tutorials/config/moveit_cpp.yaml
-- Installing: /home/nimesha/Thesis/moveit_ur5_v2_ws/install/moveit2_tutorials/lib/moveit2_tutorials/servo_keyboard_input
-- Set runtime path of "/home/nimesha/Thesis/moveit_ur5_v2_ws/install/moveit2_tutorials/lib/moveit2_tutorials/servo_keyboard_input" to ""
-- Installing: /home/nimesha/Thesis/moveit_ur5_v2_ws/install/moveit2_tutorials/lib/moveit2_tutorials/servo_cpp_interface_demo
-- Set runtime path of "/home/nimesha/Thesis/moveit_ur5_v2_ws/install/moveit2_tutorials/lib/moveit2_tutorials/servo_cpp_interface_demo" to ""
-- Up-to-date: /home/nimesha/Thesis/moveit_ur5_v2_ws/install/moveit2_tutorials/share/moveit2_tutorials/launch
-- Up-to-date: /home/nimesha/Thesis/moveit_ur5_v2_ws/install/moveit2_tutorials/share/moveit2_tutorials/launch/servo_cpp_interface_demo.launch.py
-- Up-to-date: /home/nimesha/Thesis/moveit_ur5_v2_ws/install/moveit2_tutorials/share/moveit2_tutorials/config
-- Up-to-date: /home/nimesha/Thesis/moveit_ur5_v2_ws/install/moveit2_tutorials/share/moveit2_tutorials/config/demo_rviz_config.rviz
-- Up-to-date: /home/nimesha/Thesis/moveit_ur5_v2_ws/install/moveit2_tutorials/share/moveit2_tutorials/launch
-- Up-to-date: /home/nimesha/Thesis/moveit_ur5_v2_ws/install/moveit2_tutorials/share/moveit2_tutorials/launch/chomp_demo.launch.py
-- Up-to-date: /home/nimesha/Thesis/moveit_ur5_v2_ws/install/moveit2_tutorials/share/moveit2_tutorials/config
-- Up-to-date: /home/nimesha/Thesis/moveit_ur5_v2_ws/install/moveit2_tutorials/share/moveit2_tutorials/config/moveit_chomp.rviz
-- Installing: /home/nimesha/Thesis/moveit_ur5_v2_ws/install/moveit2_tutorials/lib/moveit2_tutorials/ompl_constrained_planning
-- Set runtime path of "/home/nimesha/Thesis/moveit_ur5_v2_ws/install/moveit2_tutorials/lib/moveit2_tutorials/ompl_constrained_planning" to ""
-- Up-to-date: /home/nimesha/Thesis/moveit_ur5_v2_ws/install/moveit2_tutorials/share/moveit2_tutorials/launch
-- Up-to-date: /home/nimesha/Thesis/moveit_ur5_v2_ws/install/moveit2_tutorials/share/moveit2_tutorials/launch/ompl_constrained_planning.rviz
-- Up-to-date: /home/nimesha/Thesis/moveit_ur5_v2_ws/install/moveit2_tutorials/share/moveit2_tutorials/launch/ompl_constrained_planning.launch.py
