[0.027s] Invoking command in '/home/nimesha/thesis/ws_moveit/build/rviz_marker_tools': CMAKE_PREFIX_PATH=/home/nimesha/thesis/ws_moveit/install/moveit_common:/home/nimesha/ros2_humble/ros2-linux:/home/nimesha/thesis/ws_moveit/install/robotiq_description:/home/nimesha/thesis/ws_moveit/install/moveit_resources_prbt_support:/home/nimesha/thesis/ws_moveit/install/moveit_resources_pr2_description:/home/nimesha/thesis/ws_moveit/install/moveit_resources_panda_description:/home/nimesha/thesis/ws_moveit/install/moveit_resources_fanuc_description:/opt/ros/humble:/home/nimesha/thesis/ws_moveit/install/moveit_configs_utils:/opt/ros/rolling /usr/bin/cmake /home/nimesha/thesis/ws_moveit/src/moveit_task_constructor/rviz_marker_tools -DCMAKE_BUILD_TYPE=Release -DCMAKE_INSTALL_PREFIX=/home/nimesha/thesis/ws_moveit/install/rviz_marker_tools
[0.100s] -- The C compiler identification is GNU 11.4.0
[0.314s] -- The CXX compiler identification is GNU 11.4.0
[0.508s] -- Detecting C compiler ABI info
[0.602s] -- Detecting C compiler ABI info - done
[0.607s] -- Check for working C compiler: /usr/bin/cc - skipped
[0.607s] -- Detecting C compile features
[0.607s] -- Detecting C compile features - done
[0.609s] -- Detecting CXX compiler ABI info
[0.698s] -- Detecting CXX compiler ABI info - done
[0.702s] -- Check for working CXX compiler: /usr/bin/c++ - skipped
[0.702s] -- Detecting CXX compile features
[0.703s] -- Detecting CXX compile features - done
[0.704s] -- Found ament_cmake: 1.3.10 (/home/nimesha/ros2_humble/ros2-linux/share/ament_cmake/cmake)
[0.803s] -- Found Python3: /usr/bin/python3 (found version "3.10.12") found components: Interpreter 
[0.862s] -- Found moveit_common: 2.5.5 (/home/nimesha/thesis/ws_moveit/install/moveit_common/share/moveit_common/cmake)
[0.899s] -- Found eigen3_cmake_module: 0.1.1 (/home/nimesha/ros2_humble/ros2-linux/share/eigen3_cmake_module/cmake)
[0.903s] -- Found Eigen3: TRUE (found version "3.4.0") 
[0.903s] -- Found geometry_msgs: 4.2.4 (/home/nimesha/ros2_humble/ros2-linux/share/geometry_msgs/cmake)
[0.992s] -- Found rosidl_generator_c: 3.1.5 (/home/nimesha/ros2_humble/ros2-linux/share/rosidl_generator_c/cmake)
[0.994s] -- Found rosidl_adapter: 3.1.5 (/home/nimesha/ros2_humble/ros2-linux/share/rosidl_adapter/cmake)
[0.998s] -- Found rosidl_generator_cpp: 3.1.5 (/home/nimesha/ros2_humble/ros2-linux/share/rosidl_generator_cpp/cmake)
[1.005s] -- Using all available rosidl_typesupport_c: rosidl_typesupport_fastrtps_c;rosidl_typesupport_introspection_c
[1.017s] -- Using all available rosidl_typesupport_cpp: rosidl_typesupport_fastrtps_cpp;rosidl_typesupport_introspection_cpp
[1.052s] -- Found rclcpp: 16.0.10 (/home/nimesha/ros2_humble/ros2-linux/share/rclcpp/cmake)
[1.076s] -- Found rmw_implementation_cmake: 6.1.2 (/home/nimesha/ros2_humble/ros2-linux/share/rmw_implementation_cmake/cmake)
[1.078s] -- Found rmw_cyclonedds_cpp: 1.3.4 (/home/nimesha/ros2_humble/ros2-linux/share/rmw_cyclonedds_cpp/cmake)
[1.096s] -- Using RMW implementation 'rmw_cyclonedds_cpp' as default
[1.102s] -- Looking for pthread.h
[1.184s] -- Looking for pthread.h - found
[1.184s] -- Performing Test CMAKE_HAVE_LIBC_PTHREAD
[1.265s] -- Performing Test CMAKE_HAVE_LIBC_PTHREAD - Success
[1.266s] -- Found Threads: TRUE  
[1.294s] -- Found tf2_eigen: 0.25.7 (/home/nimesha/ros2_humble/ros2-linux/share/tf2_eigen/cmake)
[1.388s] -- Found visualization_msgs: 4.2.4 (/home/nimesha/ros2_humble/ros2-linux/share/visualization_msgs/cmake)
[1.439s] -- Configuring done
[1.453s] -- Generating done
[1.454s] -- Build files have been written to: /home/nimesha/thesis/ws_moveit/build/rviz_marker_tools
[1.459s] Invoked command in '/home/nimesha/thesis/ws_moveit/build/rviz_marker_tools' returned '0': CMAKE_PREFIX_PATH=/home/nimesha/thesis/ws_moveit/install/moveit_common:/home/nimesha/ros2_humble/ros2-linux:/home/nimesha/thesis/ws_moveit/install/robotiq_description:/home/nimesha/thesis/ws_moveit/install/moveit_resources_prbt_support:/home/nimesha/thesis/ws_moveit/install/moveit_resources_pr2_description:/home/nimesha/thesis/ws_moveit/install/moveit_resources_panda_description:/home/nimesha/thesis/ws_moveit/install/moveit_resources_fanuc_description:/opt/ros/humble:/home/nimesha/thesis/ws_moveit/install/moveit_configs_utils:/opt/ros/rolling /usr/bin/cmake /home/nimesha/thesis/ws_moveit/src/moveit_task_constructor/rviz_marker_tools -DCMAKE_BUILD_TYPE=Release -DCMAKE_INSTALL_PREFIX=/home/nimesha/thesis/ws_moveit/install/rviz_marker_tools
[1.460s] Invoking command in '/home/nimesha/thesis/ws_moveit/build/rviz_marker_tools': CMAKE_PREFIX_PATH=/home/nimesha/thesis/ws_moveit/install/moveit_common:/home/nimesha/ros2_humble/ros2-linux:/home/nimesha/thesis/ws_moveit/install/robotiq_description:/home/nimesha/thesis/ws_moveit/install/moveit_resources_prbt_support:/home/nimesha/thesis/ws_moveit/install/moveit_resources_pr2_description:/home/nimesha/thesis/ws_moveit/install/moveit_resources_panda_description:/home/nimesha/thesis/ws_moveit/install/moveit_resources_fanuc_description:/opt/ros/humble:/home/nimesha/thesis/ws_moveit/install/moveit_configs_utils:/opt/ros/rolling /usr/bin/cmake --build /home/nimesha/thesis/ws_moveit/build/rviz_marker_tools -- -j32 -l32
[1.495s] [ 50%] [32mBuilding CXX object CMakeFiles/rviz_marker_tools.dir/src/marker_creation.cpp.o[0m
[6.334s] [100%] [32m[1mLinking CXX shared library librviz_marker_tools.so[0m
[6.601s] [100%] Built target rviz_marker_tools
[6.609s] Invoked command in '/home/nimesha/thesis/ws_moveit/build/rviz_marker_tools' returned '0': CMAKE_PREFIX_PATH=/home/nimesha/thesis/ws_moveit/install/moveit_common:/home/nimesha/ros2_humble/ros2-linux:/home/nimesha/thesis/ws_moveit/install/robotiq_description:/home/nimesha/thesis/ws_moveit/install/moveit_resources_prbt_support:/home/nimesha/thesis/ws_moveit/install/moveit_resources_pr2_description:/home/nimesha/thesis/ws_moveit/install/moveit_resources_panda_description:/home/nimesha/thesis/ws_moveit/install/moveit_resources_fanuc_description:/opt/ros/humble:/home/nimesha/thesis/ws_moveit/install/moveit_configs_utils:/opt/ros/rolling /usr/bin/cmake --build /home/nimesha/thesis/ws_moveit/build/rviz_marker_tools -- -j32 -l32
[6.638s] Invoking command in '/home/nimesha/thesis/ws_moveit/build/rviz_marker_tools': CMAKE_PREFIX_PATH=/home/nimesha/thesis/ws_moveit/install/moveit_common:/home/nimesha/ros2_humble/ros2-linux:/home/nimesha/thesis/ws_moveit/install/robotiq_description:/home/nimesha/thesis/ws_moveit/install/moveit_resources_prbt_support:/home/nimesha/thesis/ws_moveit/install/moveit_resources_pr2_description:/home/nimesha/thesis/ws_moveit/install/moveit_resources_panda_description:/home/nimesha/thesis/ws_moveit/install/moveit_resources_fanuc_description:/opt/ros/humble:/home/nimesha/thesis/ws_moveit/install/moveit_configs_utils:/opt/ros/rolling /usr/bin/cmake --install /home/nimesha/thesis/ws_moveit/build/rviz_marker_tools
[6.643s] -- Install configuration: "Release"
[6.643s] -- Installing: /home/nimesha/thesis/ws_moveit/install/rviz_marker_tools/include
[6.643s] -- Installing: /home/nimesha/thesis/ws_moveit/install/rviz_marker_tools/include/rviz_marker_tools
[6.643s] -- Installing: /home/nimesha/thesis/ws_moveit/install/rviz_marker_tools/include/rviz_marker_tools/marker_creation.h
[6.643s] -- Installing: /home/nimesha/thesis/ws_moveit/install/rviz_marker_tools/lib/librviz_marker_tools.so
[6.643s] -- Set runtime path of "/home/nimesha/thesis/ws_moveit/install/rviz_marker_tools/lib/librviz_marker_tools.so" to ""
[6.643s] -- Installing: /home/nimesha/thesis/ws_moveit/install/rviz_marker_tools/share/rviz_marker_tools/environment/library_path.sh
[6.644s] -- Installing: /home/nimesha/thesis/ws_moveit/install/rviz_marker_tools/share/rviz_marker_tools/environment/library_path.dsv
[6.644s] -- Installing: /home/nimesha/thesis/ws_moveit/install/rviz_marker_tools/share/ament_index/resource_index/package_run_dependencies/rviz_marker_tools
[6.644s] -- Installing: /home/nimesha/thesis/ws_moveit/install/rviz_marker_tools/share/ament_index/resource_index/parent_prefix_path/rviz_marker_tools
[6.644s] -- Installing: /home/nimesha/thesis/ws_moveit/install/rviz_marker_tools/share/rviz_marker_tools/environment/ament_prefix_path.sh
[6.644s] -- Installing: /home/nimesha/thesis/ws_moveit/install/rviz_marker_tools/share/rviz_marker_tools/environment/ament_prefix_path.dsv
[6.644s] -- Installing: /home/nimesha/thesis/ws_moveit/install/rviz_marker_tools/share/rviz_marker_tools/environment/path.sh
[6.644s] -- Installing: /home/nimesha/thesis/ws_moveit/install/rviz_marker_tools/share/rviz_marker_tools/environment/path.dsv
[6.644s] -- Installing: /home/nimesha/thesis/ws_moveit/install/rviz_marker_tools/share/rviz_marker_tools/local_setup.bash
[6.644s] -- Installing: /home/nimesha/thesis/ws_moveit/install/rviz_marker_tools/share/rviz_marker_tools/local_setup.sh
[6.644s] -- Installing: /home/nimesha/thesis/ws_moveit/install/rviz_marker_tools/share/rviz_marker_tools/local_setup.zsh
[6.645s] -- Installing: /home/nimesha/thesis/ws_moveit/install/rviz_marker_tools/share/rviz_marker_tools/local_setup.dsv
[6.645s] -- Installing: /home/nimesha/thesis/ws_moveit/install/rviz_marker_tools/share/rviz_marker_tools/package.dsv
[6.645s] -- Installing: /home/nimesha/thesis/ws_moveit/install/rviz_marker_tools/share/ament_index/resource_index/packages/rviz_marker_tools
[6.645s] -- Installing: /home/nimesha/thesis/ws_moveit/install/rviz_marker_tools/share/rviz_marker_tools/cmake/rviz_marker_toolsTargetsExport.cmake
[6.645s] -- Installing: /home/nimesha/thesis/ws_moveit/install/rviz_marker_tools/share/rviz_marker_tools/cmake/rviz_marker_toolsTargetsExport-release.cmake
[6.645s] -- Installing: /home/nimesha/thesis/ws_moveit/install/rviz_marker_tools/share/rviz_marker_tools/cmake/ament_cmake_export_targets-extras.cmake
[6.645s] -- Installing: /home/nimesha/thesis/ws_moveit/install/rviz_marker_tools/share/rviz_marker_tools/cmake/ament_cmake_export_dependencies-extras.cmake
[6.645s] -- Installing: /home/nimesha/thesis/ws_moveit/install/rviz_marker_tools/share/rviz_marker_tools/cmake/rviz_marker_toolsConfig.cmake
[6.645s] -- Installing: /home/nimesha/thesis/ws_moveit/install/rviz_marker_tools/share/rviz_marker_tools/cmake/rviz_marker_toolsConfig-version.cmake
[6.645s] -- Installing: /home/nimesha/thesis/ws_moveit/install/rviz_marker_tools/share/rviz_marker_tools/package.xml
[6.647s] Invoked command in '/home/nimesha/thesis/ws_moveit/build/rviz_marker_tools' returned '0': CMAKE_PREFIX_PATH=/home/nimesha/thesis/ws_moveit/install/moveit_common:/home/nimesha/ros2_humble/ros2-linux:/home/nimesha/thesis/ws_moveit/install/robotiq_description:/home/nimesha/thesis/ws_moveit/install/moveit_resources_prbt_support:/home/nimesha/thesis/ws_moveit/install/moveit_resources_pr2_description:/home/nimesha/thesis/ws_moveit/install/moveit_resources_panda_description:/home/nimesha/thesis/ws_moveit/install/moveit_resources_fanuc_description:/opt/ros/humble:/home/nimesha/thesis/ws_moveit/install/moveit_configs_utils:/opt/ros/rolling /usr/bin/cmake --install /home/nimesha/thesis/ws_moveit/build/rviz_marker_tools
