[0.098s] DEBUG:colcon:Command line arguments: ['/usr/bin/colcon', 'build', '--packages-select', 'moveit_ur5_interface']
[0.098s] DEBUG:colcon:Parsed command line arguments: Namespace(log_base=None, log_level=None, verb_name='build', build_base='build', install_base='install', merge_install=False, symlink_install=False, test_result_base=None, continue_on_error=False, executor='parallel', parallel_workers=32, event_handlers=None, ignore_user_meta=False, metas=['./colcon.meta'], base_paths=['.'], packages_ignore=None, packages_ignore_regex=None, paths=None, packages_up_to=None, packages_up_to_regex=None, packages_above=None, packages_above_and_dependencies=None, packages_above_depth=None, packages_select_by_dep=None, packages_skip_by_dep=None, packages_skip_up_to=None, packages_select_build_failed=False, packages_skip_build_finished=False, packages_select_test_failures=False, packages_skip_test_passed=False, packages_select=['moveit_ur5_interface'], packages_skip=None, packages_select_regex=None, packages_skip_regex=None, packages_start=None, packages_end=None, allow_overriding=[], cmake_args=None, cmake_target=None, cmake_target_skip_unavailable=False, cmake_clean_cache=False, cmake_clean_first=False, cmake_force_configure=False, ament_cmake_args=None, catkin_cmake_args=None, catkin_skip_building_tests=False, mixin_files=None, mixin=None, verb_parser=<colcon_mixin.mixin.mixin_argument.MixinArgumentDecorator object at 0x7f7998804cd0>, verb_extension=<colcon_core.verb.build.BuildVerb object at 0x7f79988047f0>, main=<bound method BuildVerb.main of <colcon_core.verb.build.BuildVerb object at 0x7f79988047f0>>, mixin_verb=('build',))
[0.192s] Level 1:colcon.colcon_core.package_discovery:discover_packages(colcon_meta) check parameters
[0.192s] Level 1:colcon.colcon_core.package_discovery:discover_packages(recursive) check parameters
[0.192s] Level 1:colcon.colcon_core.package_discovery:discover_packages(ignore) check parameters
[0.192s] Level 1:colcon.colcon_core.package_discovery:discover_packages(path) check parameters
[0.192s] Level 1:colcon.colcon_core.package_discovery:discover_packages(colcon_meta) discover
[0.192s] Level 1:colcon.colcon_core.package_discovery:discover_packages(recursive) discover
[0.193s] INFO:colcon.colcon_core.package_discovery:Crawling recursively for packages in '/home/nimesha/Thesis/Unused/moveit_ur5_ws'
[0.193s] Level 1:colcon.colcon_core.package_identification:_identify(.) by extensions ['ignore', 'ignore_ament_install']
[0.193s] Level 1:colcon.colcon_core.package_identification:_identify(.) by extension 'ignore'
[0.193s] Level 1:colcon.colcon_core.package_identification:_identify(.) by extension 'ignore_ament_install'
[0.193s] Level 1:colcon.colcon_core.package_identification:_identify(.) by extensions ['colcon_pkg']
[0.193s] Level 1:colcon.colcon_core.package_identification:_identify(.) by extension 'colcon_pkg'
[0.193s] Level 1:colcon.colcon_core.package_identification:_identify(.) by extensions ['colcon_meta']
[0.193s] Level 1:colcon.colcon_core.package_identification:_identify(.) by extension 'colcon_meta'
[0.193s] Level 1:colcon.colcon_core.package_identification:_identify(.) by extensions ['ros']
[0.193s] Level 1:colcon.colcon_core.package_identification:_identify(.) by extension 'ros'
[0.208s] Level 1:colcon.colcon_core.package_identification:_identify(.) by extensions ['cmake', 'python']
[0.210s] Level 1:colcon.colcon_core.package_identification:_identify(.) by extension 'cmake'
[0.210s] Level 1:colcon.colcon_core.package_identification:_identify(.) by extension 'python'
[0.210s] Level 1:colcon.colcon_core.package_identification:_identify(.) by extensions ['python_setup_py']
[0.210s] Level 1:colcon.colcon_core.package_identification:_identify(.) by extension 'python_setup_py'
[0.210s] Level 1:colcon.colcon_core.package_identification:_identify(build) by extensions ['ignore', 'ignore_ament_install']
[0.210s] Level 1:colcon.colcon_core.package_identification:_identify(build) by extension 'ignore'
[0.210s] Level 1:colcon.colcon_core.package_identification:_identify(build) ignored
[0.210s] Level 1:colcon.colcon_core.package_identification:_identify(install) by extensions ['ignore', 'ignore_ament_install']
[0.210s] Level 1:colcon.colcon_core.package_identification:_identify(install) by extension 'ignore'
[0.210s] Level 1:colcon.colcon_core.package_identification:_identify(install) ignored
[0.210s] Level 1:colcon.colcon_core.package_identification:_identify(log) by extensions ['ignore', 'ignore_ament_install']
[0.210s] Level 1:colcon.colcon_core.package_identification:_identify(log) by extension 'ignore'
[0.210s] Level 1:colcon.colcon_core.package_identification:_identify(log) ignored
[0.210s] Level 1:colcon.colcon_core.package_identification:_identify(src) by extensions ['ignore', 'ignore_ament_install']
[0.210s] Level 1:colcon.colcon_core.package_identification:_identify(src) by extension 'ignore'
[0.210s] Level 1:colcon.colcon_core.package_identification:_identify(src) by extension 'ignore_ament_install'
[0.210s] Level 1:colcon.colcon_core.package_identification:_identify(src) by extensions ['colcon_pkg']
[0.210s] Level 1:colcon.colcon_core.package_identification:_identify(src) by extension 'colcon_pkg'
[0.210s] Level 1:colcon.colcon_core.package_identification:_identify(src) by extensions ['colcon_meta']
[0.210s] Level 1:colcon.colcon_core.package_identification:_identify(src) by extension 'colcon_meta'
[0.210s] Level 1:colcon.colcon_core.package_identification:_identify(src) by extensions ['ros']
[0.210s] Level 1:colcon.colcon_core.package_identification:_identify(src) by extension 'ros'
[0.210s] Level 1:colcon.colcon_core.package_identification:_identify(src) by extensions ['cmake', 'python']
[0.210s] Level 1:colcon.colcon_core.package_identification:_identify(src) by extension 'cmake'
[0.210s] Level 1:colcon.colcon_core.package_identification:_identify(src) by extension 'python'
[0.210s] Level 1:colcon.colcon_core.package_identification:_identify(src) by extensions ['python_setup_py']
[0.210s] Level 1:colcon.colcon_core.package_identification:_identify(src) by extension 'python_setup_py'
[0.210s] Level 1:colcon.colcon_core.package_identification:_identify(src/ROS2_pick_and_place_UR5) by extensions ['ignore', 'ignore_ament_install']
[0.210s] Level 1:colcon.colcon_core.package_identification:_identify(src/ROS2_pick_and_place_UR5) by extension 'ignore'
[0.210s] Level 1:colcon.colcon_core.package_identification:_identify(src/ROS2_pick_and_place_UR5) by extension 'ignore_ament_install'
[0.210s] Level 1:colcon.colcon_core.package_identification:_identify(src/ROS2_pick_and_place_UR5) by extensions ['colcon_pkg']
[0.210s] Level 1:colcon.colcon_core.package_identification:_identify(src/ROS2_pick_and_place_UR5) by extension 'colcon_pkg'
[0.210s] Level 1:colcon.colcon_core.package_identification:_identify(src/ROS2_pick_and_place_UR5) by extensions ['colcon_meta']
[0.210s] Level 1:colcon.colcon_core.package_identification:_identify(src/ROS2_pick_and_place_UR5) by extension 'colcon_meta'
[0.210s] Level 1:colcon.colcon_core.package_identification:_identify(src/ROS2_pick_and_place_UR5) by extensions ['ros']
[0.210s] Level 1:colcon.colcon_core.package_identification:_identify(src/ROS2_pick_and_place_UR5) by extension 'ros'
[0.210s] Level 1:colcon.colcon_core.package_identification:_identify(src/ROS2_pick_and_place_UR5) by extensions ['cmake', 'python']
[0.210s] Level 1:colcon.colcon_core.package_identification:_identify(src/ROS2_pick_and_place_UR5) by extension 'cmake'
[0.210s] Level 1:colcon.colcon_core.package_identification:_identify(src/ROS2_pick_and_place_UR5) by extension 'python'
[0.210s] Level 1:colcon.colcon_core.package_identification:_identify(src/ROS2_pick_and_place_UR5) by extensions ['python_setup_py']
[0.210s] Level 1:colcon.colcon_core.package_identification:_identify(src/ROS2_pick_and_place_UR5) by extension 'python_setup_py'
[0.210s] Level 1:colcon.colcon_core.package_identification:_identify(src/ROS2_pick_and_place_UR5/moveit_ur5_interface) by extensions ['ignore', 'ignore_ament_install']
[0.210s] Level 1:colcon.colcon_core.package_identification:_identify(src/ROS2_pick_and_place_UR5/moveit_ur5_interface) by extension 'ignore'
[0.211s] Level 1:colcon.colcon_core.package_identification:_identify(src/ROS2_pick_and_place_UR5/moveit_ur5_interface) by extension 'ignore_ament_install'
[0.211s] Level 1:colcon.colcon_core.package_identification:_identify(src/ROS2_pick_and_place_UR5/moveit_ur5_interface) by extensions ['colcon_pkg']
[0.211s] Level 1:colcon.colcon_core.package_identification:_identify(src/ROS2_pick_and_place_UR5/moveit_ur5_interface) by extension 'colcon_pkg'
[0.211s] Level 1:colcon.colcon_core.package_identification:_identify(src/ROS2_pick_and_place_UR5/moveit_ur5_interface) by extensions ['colcon_meta']
[0.211s] Level 1:colcon.colcon_core.package_identification:_identify(src/ROS2_pick_and_place_UR5/moveit_ur5_interface) by extension 'colcon_meta'
[0.211s] Level 1:colcon.colcon_core.package_identification:_identify(src/ROS2_pick_and_place_UR5/moveit_ur5_interface) by extensions ['ros']
[0.211s] Level 1:colcon.colcon_core.package_identification:_identify(src/ROS2_pick_and_place_UR5/moveit_ur5_interface) by extension 'ros'
[0.212s] DEBUG:colcon.colcon_core.package_identification:Package 'src/ROS2_pick_and_place_UR5/moveit_ur5_interface' with type 'ros.ament_cmake' and name 'moveit_ur5_interface'
[0.212s] Level 1:colcon.colcon_core.package_identification:_identify(src/ROS2_pick_and_place_UR5/moveit_ur5_msgs) by extensions ['ignore', 'ignore_ament_install']
[0.212s] Level 1:colcon.colcon_core.package_identification:_identify(src/ROS2_pick_and_place_UR5/moveit_ur5_msgs) by extension 'ignore'
[0.212s] Level 1:colcon.colcon_core.package_identification:_identify(src/ROS2_pick_and_place_UR5/moveit_ur5_msgs) by extension 'ignore_ament_install'
[0.212s] Level 1:colcon.colcon_core.package_identification:_identify(src/ROS2_pick_and_place_UR5/moveit_ur5_msgs) by extensions ['colcon_pkg']
[0.212s] Level 1:colcon.colcon_core.package_identification:_identify(src/ROS2_pick_and_place_UR5/moveit_ur5_msgs) by extension 'colcon_pkg'
[0.212s] Level 1:colcon.colcon_core.package_identification:_identify(src/ROS2_pick_and_place_UR5/moveit_ur5_msgs) by extensions ['colcon_meta']
[0.212s] Level 1:colcon.colcon_core.package_identification:_identify(src/ROS2_pick_and_place_UR5/moveit_ur5_msgs) by extension 'colcon_meta'
[0.212s] Level 1:colcon.colcon_core.package_identification:_identify(src/ROS2_pick_and_place_UR5/moveit_ur5_msgs) by extensions ['ros']
[0.212s] Level 1:colcon.colcon_core.package_identification:_identify(src/ROS2_pick_and_place_UR5/moveit_ur5_msgs) by extension 'ros'
[0.213s] DEBUG:colcon.colcon_core.package_identification:Package 'src/ROS2_pick_and_place_UR5/moveit_ur5_msgs' with type 'ros.ament_cmake' and name 'moveit_ur5_msgs'
[0.213s] Level 1:colcon.colcon_core.package_identification:_identify(src/ROS2_pick_and_place_UR5/pnp_actionlib) by extensions ['ignore', 'ignore_ament_install']
[0.213s] Level 1:colcon.colcon_core.package_identification:_identify(src/ROS2_pick_and_place_UR5/pnp_actionlib) by extension 'ignore'
[0.213s] Level 1:colcon.colcon_core.package_identification:_identify(src/ROS2_pick_and_place_UR5/pnp_actionlib) by extension 'ignore_ament_install'
[0.213s] Level 1:colcon.colcon_core.package_identification:_identify(src/ROS2_pick_and_place_UR5/pnp_actionlib) by extensions ['colcon_pkg']
[0.213s] Level 1:colcon.colcon_core.package_identification:_identify(src/ROS2_pick_and_place_UR5/pnp_actionlib) by extension 'colcon_pkg'
[0.213s] Level 1:colcon.colcon_core.package_identification:_identify(src/ROS2_pick_and_place_UR5/pnp_actionlib) by extensions ['colcon_meta']
[0.213s] Level 1:colcon.colcon_core.package_identification:_identify(src/ROS2_pick_and_place_UR5/pnp_actionlib) by extension 'colcon_meta'
[0.213s] Level 1:colcon.colcon_core.package_identification:_identify(src/ROS2_pick_and_place_UR5/pnp_actionlib) by extensions ['ros']
[0.213s] Level 1:colcon.colcon_core.package_identification:_identify(src/ROS2_pick_and_place_UR5/pnp_actionlib) by extension 'ros'
[0.215s] DEBUG:colcon.colcon_core.package_identification:Package 'src/ROS2_pick_and_place_UR5/pnp_actionlib' with type 'ros.ament_cmake' and name 'pnp_actionlib'
[0.215s] Level 1:colcon.colcon_core.package_identification:_identify(src/ROS2_pick_and_place_UR5/pnp_msgs) by extensions ['ignore', 'ignore_ament_install']
[0.215s] Level 1:colcon.colcon_core.package_identification:_identify(src/ROS2_pick_and_place_UR5/pnp_msgs) by extension 'ignore'
[0.215s] Level 1:colcon.colcon_core.package_identification:_identify(src/ROS2_pick_and_place_UR5/pnp_msgs) by extension 'ignore_ament_install'
[0.215s] Level 1:colcon.colcon_core.package_identification:_identify(src/ROS2_pick_and_place_UR5/pnp_msgs) by extensions ['colcon_pkg']
[0.215s] Level 1:colcon.colcon_core.package_identification:_identify(src/ROS2_pick_and_place_UR5/pnp_msgs) by extension 'colcon_pkg'
[0.215s] Level 1:colcon.colcon_core.package_identification:_identify(src/ROS2_pick_and_place_UR5/pnp_msgs) by extensions ['colcon_meta']
[0.215s] Level 1:colcon.colcon_core.package_identification:_identify(src/ROS2_pick_and_place_UR5/pnp_msgs) by extension 'colcon_meta'
[0.215s] Level 1:colcon.colcon_core.package_identification:_identify(src/ROS2_pick_and_place_UR5/pnp_msgs) by extensions ['ros']
[0.215s] Level 1:colcon.colcon_core.package_identification:_identify(src/ROS2_pick_and_place_UR5/pnp_msgs) by extension 'ros'
[0.215s] DEBUG:colcon.colcon_core.package_identification:Package 'src/ROS2_pick_and_place_UR5/pnp_msgs' with type 'ros.ament_cmake' and name 'pnp_msgs'
[0.215s] Level 1:colcon.colcon_core.package_identification:_identify(src/ROS2_pick_and_place_UR5/robotiq_description) by extensions ['ignore', 'ignore_ament_install']
[0.215s] Level 1:colcon.colcon_core.package_identification:_identify(src/ROS2_pick_and_place_UR5/robotiq_description) by extension 'ignore'
[0.215s] Level 1:colcon.colcon_core.package_identification:_identify(src/ROS2_pick_and_place_UR5/robotiq_description) by extension 'ignore_ament_install'
[0.215s] Level 1:colcon.colcon_core.package_identification:_identify(src/ROS2_pick_and_place_UR5/robotiq_description) by extensions ['colcon_pkg']
[0.215s] Level 1:colcon.colcon_core.package_identification:_identify(src/ROS2_pick_and_place_UR5/robotiq_description) by extension 'colcon_pkg'
[0.215s] Level 1:colcon.colcon_core.package_identification:_identify(src/ROS2_pick_and_place_UR5/robotiq_description) by extensions ['colcon_meta']
[0.215s] Level 1:colcon.colcon_core.package_identification:_identify(src/ROS2_pick_and_place_UR5/robotiq_description) by extension 'colcon_meta'
[0.215s] Level 1:colcon.colcon_core.package_identification:_identify(src/ROS2_pick_and_place_UR5/robotiq_description) by extensions ['ros']
[0.215s] Level 1:colcon.colcon_core.package_identification:_identify(src/ROS2_pick_and_place_UR5/robotiq_description) by extension 'ros'
[0.216s] DEBUG:colcon.colcon_core.package_identification:Package 'src/ROS2_pick_and_place_UR5/robotiq_description' with type 'ros.ament_cmake' and name 'robotiq_description'
[0.216s] Level 1:colcon.colcon_core.package_identification:_identify(src/ROS2_pick_and_place_UR5/ur5_gripper_description) by extensions ['ignore', 'ignore_ament_install']
[0.216s] Level 1:colcon.colcon_core.package_identification:_identify(src/ROS2_pick_and_place_UR5/ur5_gripper_description) by extension 'ignore'
[0.216s] Level 1:colcon.colcon_core.package_identification:_identify(src/ROS2_pick_and_place_UR5/ur5_gripper_description) by extension 'ignore_ament_install'
[0.216s] Level 1:colcon.colcon_core.package_identification:_identify(src/ROS2_pick_and_place_UR5/ur5_gripper_description) by extensions ['colcon_pkg']
[0.216s] Level 1:colcon.colcon_core.package_identification:_identify(src/ROS2_pick_and_place_UR5/ur5_gripper_description) by extension 'colcon_pkg'
[0.216s] Level 1:colcon.colcon_core.package_identification:_identify(src/ROS2_pick_and_place_UR5/ur5_gripper_description) by extensions ['colcon_meta']
[0.216s] Level 1:colcon.colcon_core.package_identification:_identify(src/ROS2_pick_and_place_UR5/ur5_gripper_description) by extension 'colcon_meta'
[0.216s] Level 1:colcon.colcon_core.package_identification:_identify(src/ROS2_pick_and_place_UR5/ur5_gripper_description) by extensions ['ros']
[0.216s] Level 1:colcon.colcon_core.package_identification:_identify(src/ROS2_pick_and_place_UR5/ur5_gripper_description) by extension 'ros'
[0.216s] DEBUG:colcon.colcon_core.package_identification:Package 'src/ROS2_pick_and_place_UR5/ur5_gripper_description' with type 'ros.ament_cmake' and name 'ur5_gripper_description'
[0.217s] Level 1:colcon.colcon_core.package_identification:_identify(src/ROS2_pick_and_place_UR5/ur5_gripper_moveit_config) by extensions ['ignore', 'ignore_ament_install']
[0.217s] Level 1:colcon.colcon_core.package_identification:_identify(src/ROS2_pick_and_place_UR5/ur5_gripper_moveit_config) by extension 'ignore'
[0.217s] Level 1:colcon.colcon_core.package_identification:_identify(src/ROS2_pick_and_place_UR5/ur5_gripper_moveit_config) by extension 'ignore_ament_install'
[0.217s] Level 1:colcon.colcon_core.package_identification:_identify(src/ROS2_pick_and_place_UR5/ur5_gripper_moveit_config) by extensions ['colcon_pkg']
[0.217s] Level 1:colcon.colcon_core.package_identification:_identify(src/ROS2_pick_and_place_UR5/ur5_gripper_moveit_config) by extension 'colcon_pkg'
[0.217s] Level 1:colcon.colcon_core.package_identification:_identify(src/ROS2_pick_and_place_UR5/ur5_gripper_moveit_config) by extensions ['colcon_meta']
[0.217s] Level 1:colcon.colcon_core.package_identification:_identify(src/ROS2_pick_and_place_UR5/ur5_gripper_moveit_config) by extension 'colcon_meta'
[0.217s] Level 1:colcon.colcon_core.package_identification:_identify(src/ROS2_pick_and_place_UR5/ur5_gripper_moveit_config) by extensions ['ros']
[0.217s] Level 1:colcon.colcon_core.package_identification:_identify(src/ROS2_pick_and_place_UR5/ur5_gripper_moveit_config) by extension 'ros'
[0.217s] DEBUG:colcon.colcon_core.package_identification:Package 'src/ROS2_pick_and_place_UR5/ur5_gripper_moveit_config' with type 'ros.ament_cmake' and name 'ur5_gripper_moveit_config'
[0.218s] Level 1:colcon.colcon_core.package_identification:_identify(src/Universal_Robots_ROS2_Driver) by extensions ['ignore', 'ignore_ament_install']
[0.218s] Level 1:colcon.colcon_core.package_identification:_identify(src/Universal_Robots_ROS2_Driver) by extension 'ignore'
[0.218s] Level 1:colcon.colcon_core.package_identification:_identify(src/Universal_Robots_ROS2_Driver) by extension 'ignore_ament_install'
[0.218s] Level 1:colcon.colcon_core.package_identification:_identify(src/Universal_Robots_ROS2_Driver) by extensions ['colcon_pkg']
[0.218s] Level 1:colcon.colcon_core.package_identification:_identify(src/Universal_Robots_ROS2_Driver) by extension 'colcon_pkg'
[0.218s] Level 1:colcon.colcon_core.package_identification:_identify(src/Universal_Robots_ROS2_Driver) by extensions ['colcon_meta']
[0.218s] Level 1:colcon.colcon_core.package_identification:_identify(src/Universal_Robots_ROS2_Driver) by extension 'colcon_meta'
[0.218s] Level 1:colcon.colcon_core.package_identification:_identify(src/Universal_Robots_ROS2_Driver) by extensions ['ros']
[0.218s] Level 1:colcon.colcon_core.package_identification:_identify(src/Universal_Robots_ROS2_Driver) by extension 'ros'
[0.218s] Level 1:colcon.colcon_core.package_identification:_identify(src/Universal_Robots_ROS2_Driver) by extensions ['cmake', 'python']
[0.218s] Level 1:colcon.colcon_core.package_identification:_identify(src/Universal_Robots_ROS2_Driver) by extension 'cmake'
[0.218s] Level 1:colcon.colcon_core.package_identification:_identify(src/Universal_Robots_ROS2_Driver) by extension 'python'
[0.218s] Level 1:colcon.colcon_core.package_identification:_identify(src/Universal_Robots_ROS2_Driver) by extensions ['python_setup_py']
[0.218s] Level 1:colcon.colcon_core.package_identification:_identify(src/Universal_Robots_ROS2_Driver) by extension 'python_setup_py'
[0.218s] Level 1:colcon.colcon_core.package_identification:_identify(src/Universal_Robots_ROS2_Driver/ur) by extensions ['ignore', 'ignore_ament_install']
[0.218s] Level 1:colcon.colcon_core.package_identification:_identify(src/Universal_Robots_ROS2_Driver/ur) by extension 'ignore'
[0.218s] Level 1:colcon.colcon_core.package_identification:_identify(src/Universal_Robots_ROS2_Driver/ur) by extension 'ignore_ament_install'
[0.220s] Level 1:colcon.colcon_core.package_identification:_identify(src/Universal_Robots_ROS2_Driver/ur) by extensions ['colcon_pkg']
[0.220s] Level 1:colcon.colcon_core.package_identification:_identify(src/Universal_Robots_ROS2_Driver/ur) by extension 'colcon_pkg'
[0.220s] Level 1:colcon.colcon_core.package_identification:_identify(src/Universal_Robots_ROS2_Driver/ur) by extensions ['colcon_meta']
[0.220s] Level 1:colcon.colcon_core.package_identification:_identify(src/Universal_Robots_ROS2_Driver/ur) by extension 'colcon_meta'
[0.220s] Level 1:colcon.colcon_core.package_identification:_identify(src/Universal_Robots_ROS2_Driver/ur) by extensions ['ros']
[0.220s] Level 1:colcon.colcon_core.package_identification:_identify(src/Universal_Robots_ROS2_Driver/ur) by extension 'ros'
[0.220s] DEBUG:colcon.colcon_core.package_identification:Package 'src/Universal_Robots_ROS2_Driver/ur' with type 'ros.ament_cmake' and name 'ur'
[0.220s] Level 1:colcon.colcon_core.package_identification:_identify(src/Universal_Robots_ROS2_Driver/ur_bringup) by extensions ['ignore', 'ignore_ament_install']
[0.220s] Level 1:colcon.colcon_core.package_identification:_identify(src/Universal_Robots_ROS2_Driver/ur_bringup) by extension 'ignore'
[0.220s] Level 1:colcon.colcon_core.package_identification:_identify(src/Universal_Robots_ROS2_Driver/ur_bringup) by extension 'ignore_ament_install'
[0.220s] Level 1:colcon.colcon_core.package_identification:_identify(src/Universal_Robots_ROS2_Driver/ur_bringup) by extensions ['colcon_pkg']
[0.220s] Level 1:colcon.colcon_core.package_identification:_identify(src/Universal_Robots_ROS2_Driver/ur_bringup) by extension 'colcon_pkg'
[0.220s] Level 1:colcon.colcon_core.package_identification:_identify(src/Universal_Robots_ROS2_Driver/ur_bringup) by extensions ['colcon_meta']
[0.220s] Level 1:colcon.colcon_core.package_identification:_identify(src/Universal_Robots_ROS2_Driver/ur_bringup) by extension 'colcon_meta'
[0.220s] Level 1:colcon.colcon_core.package_identification:_identify(src/Universal_Robots_ROS2_Driver/ur_bringup) by extensions ['ros']
[0.220s] Level 1:colcon.colcon_core.package_identification:_identify(src/Universal_Robots_ROS2_Driver/ur_bringup) by extension 'ros'
[0.221s] DEBUG:colcon.colcon_core.package_identification:Package 'src/Universal_Robots_ROS2_Driver/ur_bringup' with type 'ros.ament_cmake' and name 'ur_bringup'
[0.221s] Level 1:colcon.colcon_core.package_identification:_identify(src/Universal_Robots_ROS2_Driver/ur_calibration) by extensions ['ignore', 'ignore_ament_install']
[0.221s] Level 1:colcon.colcon_core.package_identification:_identify(src/Universal_Robots_ROS2_Driver/ur_calibration) by extension 'ignore'
[0.221s] Level 1:colcon.colcon_core.package_identification:_identify(src/Universal_Robots_ROS2_Driver/ur_calibration) by extension 'ignore_ament_install'
[0.221s] Level 1:colcon.colcon_core.package_identification:_identify(src/Universal_Robots_ROS2_Driver/ur_calibration) by extensions ['colcon_pkg']
[0.221s] Level 1:colcon.colcon_core.package_identification:_identify(src/Universal_Robots_ROS2_Driver/ur_calibration) by extension 'colcon_pkg'
[0.221s] Level 1:colcon.colcon_core.package_identification:_identify(src/Universal_Robots_ROS2_Driver/ur_calibration) by extensions ['colcon_meta']
[0.221s] Level 1:colcon.colcon_core.package_identification:_identify(src/Universal_Robots_ROS2_Driver/ur_calibration) by extension 'colcon_meta'
[0.221s] Level 1:colcon.colcon_core.package_identification:_identify(src/Universal_Robots_ROS2_Driver/ur_calibration) by extensions ['ros']
[0.221s] Level 1:colcon.colcon_core.package_identification:_identify(src/Universal_Robots_ROS2_Driver/ur_calibration) by extension 'ros'
[0.221s] DEBUG:colcon.colcon_core.package_identification:Package 'src/Universal_Robots_ROS2_Driver/ur_calibration' with type 'ros.ament_cmake' and name 'ur_calibration'
[0.221s] Level 1:colcon.colcon_core.package_identification:_identify(src/Universal_Robots_ROS2_Driver/ur_controllers) by extensions ['ignore', 'ignore_ament_install']
[0.221s] Level 1:colcon.colcon_core.package_identification:_identify(src/Universal_Robots_ROS2_Driver/ur_controllers) by extension 'ignore'
[0.221s] Level 1:colcon.colcon_core.package_identification:_identify(src/Universal_Robots_ROS2_Driver/ur_controllers) by extension 'ignore_ament_install'
[0.221s] Level 1:colcon.colcon_core.package_identification:_identify(src/Universal_Robots_ROS2_Driver/ur_controllers) by extensions ['colcon_pkg']
[0.221s] Level 1:colcon.colcon_core.package_identification:_identify(src/Universal_Robots_ROS2_Driver/ur_controllers) by extension 'colcon_pkg'
[0.221s] Level 1:colcon.colcon_core.package_identification:_identify(src/Universal_Robots_ROS2_Driver/ur_controllers) by extensions ['colcon_meta']
[0.222s] Level 1:colcon.colcon_core.package_identification:_identify(src/Universal_Robots_ROS2_Driver/ur_controllers) by extension 'colcon_meta'
[0.222s] Level 1:colcon.colcon_core.package_identification:_identify(src/Universal_Robots_ROS2_Driver/ur_controllers) by extensions ['ros']
[0.222s] Level 1:colcon.colcon_core.package_identification:_identify(src/Universal_Robots_ROS2_Driver/ur_controllers) by extension 'ros'
[0.222s] DEBUG:colcon.colcon_core.package_identification:Package 'src/Universal_Robots_ROS2_Driver/ur_controllers' with type 'ros.ament_cmake' and name 'ur_controllers'
[0.222s] Level 1:colcon.colcon_core.package_identification:_identify(src/Universal_Robots_ROS2_Driver/ur_dashboard_msgs) by extensions ['ignore', 'ignore_ament_install']
[0.222s] Level 1:colcon.colcon_core.package_identification:_identify(src/Universal_Robots_ROS2_Driver/ur_dashboard_msgs) by extension 'ignore'
[0.222s] Level 1:colcon.colcon_core.package_identification:_identify(src/Universal_Robots_ROS2_Driver/ur_dashboard_msgs) by extension 'ignore_ament_install'
[0.222s] Level 1:colcon.colcon_core.package_identification:_identify(src/Universal_Robots_ROS2_Driver/ur_dashboard_msgs) by extensions ['colcon_pkg']
[0.222s] Level 1:colcon.colcon_core.package_identification:_identify(src/Universal_Robots_ROS2_Driver/ur_dashboard_msgs) by extension 'colcon_pkg'
[0.222s] Level 1:colcon.colcon_core.package_identification:_identify(src/Universal_Robots_ROS2_Driver/ur_dashboard_msgs) by extensions ['colcon_meta']
[0.222s] Level 1:colcon.colcon_core.package_identification:_identify(src/Universal_Robots_ROS2_Driver/ur_dashboard_msgs) by extension 'colcon_meta'
[0.222s] Level 1:colcon.colcon_core.package_identification:_identify(src/Universal_Robots_ROS2_Driver/ur_dashboard_msgs) by extensions ['ros']
[0.222s] Level 1:colcon.colcon_core.package_identification:_identify(src/Universal_Robots_ROS2_Driver/ur_dashboard_msgs) by extension 'ros'
[0.223s] DEBUG:colcon.colcon_core.package_identification:Package 'src/Universal_Robots_ROS2_Driver/ur_dashboard_msgs' with type 'ros.ament_cmake' and name 'ur_dashboard_msgs'
[0.223s] Level 1:colcon.colcon_core.package_identification:_identify(src/Universal_Robots_ROS2_Driver/ur_moveit_config) by extensions ['ignore', 'ignore_ament_install']
[0.223s] Level 1:colcon.colcon_core.package_identification:_identify(src/Universal_Robots_ROS2_Driver/ur_moveit_config) by extension 'ignore'
[0.223s] Level 1:colcon.colcon_core.package_identification:_identify(src/Universal_Robots_ROS2_Driver/ur_moveit_config) by extension 'ignore_ament_install'
[0.223s] Level 1:colcon.colcon_core.package_identification:_identify(src/Universal_Robots_ROS2_Driver/ur_moveit_config) by extensions ['colcon_pkg']
[0.223s] Level 1:colcon.colcon_core.package_identification:_identify(src/Universal_Robots_ROS2_Driver/ur_moveit_config) by extension 'colcon_pkg'
[0.223s] Level 1:colcon.colcon_core.package_identification:_identify(src/Universal_Robots_ROS2_Driver/ur_moveit_config) by extensions ['colcon_meta']
[0.223s] Level 1:colcon.colcon_core.package_identification:_identify(src/Universal_Robots_ROS2_Driver/ur_moveit_config) by extension 'colcon_meta'
[0.223s] Level 1:colcon.colcon_core.package_identification:_identify(src/Universal_Robots_ROS2_Driver/ur_moveit_config) by extensions ['ros']
[0.223s] Level 1:colcon.colcon_core.package_identification:_identify(src/Universal_Robots_ROS2_Driver/ur_moveit_config) by extension 'ros'
[0.223s] DEBUG:colcon.colcon_core.package_identification:Package 'src/Universal_Robots_ROS2_Driver/ur_moveit_config' with type 'ros.ament_cmake' and name 'ur_moveit_config'
[0.223s] Level 1:colcon.colcon_core.package_identification:_identify(src/Universal_Robots_ROS2_Driver/ur_robot_driver) by extensions ['ignore', 'ignore_ament_install']
[0.223s] Level 1:colcon.colcon_core.package_identification:_identify(src/Universal_Robots_ROS2_Driver/ur_robot_driver) by extension 'ignore'
[0.223s] Level 1:colcon.colcon_core.package_identification:_identify(src/Universal_Robots_ROS2_Driver/ur_robot_driver) by extension 'ignore_ament_install'
[0.223s] Level 1:colcon.colcon_core.package_identification:_identify(src/Universal_Robots_ROS2_Driver/ur_robot_driver) by extensions ['colcon_pkg']
[0.223s] Level 1:colcon.colcon_core.package_identification:_identify(src/Universal_Robots_ROS2_Driver/ur_robot_driver) by extension 'colcon_pkg'
[0.223s] Level 1:colcon.colcon_core.package_identification:_identify(src/Universal_Robots_ROS2_Driver/ur_robot_driver) by extensions ['colcon_meta']
[0.223s] Level 1:colcon.colcon_core.package_identification:_identify(src/Universal_Robots_ROS2_Driver/ur_robot_driver) by extension 'colcon_meta'
[0.224s] Level 1:colcon.colcon_core.package_identification:_identify(src/Universal_Robots_ROS2_Driver/ur_robot_driver) by extensions ['ros']
[0.224s] Level 1:colcon.colcon_core.package_identification:_identify(src/Universal_Robots_ROS2_Driver/ur_robot_driver) by extension 'ros'
[0.224s] DEBUG:colcon.colcon_core.package_identification:Package 'src/Universal_Robots_ROS2_Driver/ur_robot_driver' with type 'ros.ament_cmake' and name 'ur_robot_driver'
[0.225s] Level 1:colcon.colcon_core.package_identification:_identify(src/robotiq_2f) by extensions ['ignore', 'ignore_ament_install']
[0.225s] Level 1:colcon.colcon_core.package_identification:_identify(src/robotiq_2f) by extension 'ignore'
[0.225s] Level 1:colcon.colcon_core.package_identification:_identify(src/robotiq_2f) by extension 'ignore_ament_install'
[0.225s] Level 1:colcon.colcon_core.package_identification:_identify(src/robotiq_2f) by extensions ['colcon_pkg']
[0.225s] Level 1:colcon.colcon_core.package_identification:_identify(src/robotiq_2f) by extension 'colcon_pkg'
[0.225s] Level 1:colcon.colcon_core.package_identification:_identify(src/robotiq_2f) by extensions ['colcon_meta']
[0.225s] Level 1:colcon.colcon_core.package_identification:_identify(src/robotiq_2f) by extension 'colcon_meta'
[0.225s] Level 1:colcon.colcon_core.package_identification:_identify(src/robotiq_2f) by extensions ['ros']
[0.225s] Level 1:colcon.colcon_core.package_identification:_identify(src/robotiq_2f) by extension 'ros'
[0.225s] Level 1:colcon.colcon_core.package_identification:_identify(src/robotiq_2f) by extensions ['cmake', 'python']
[0.225s] Level 1:colcon.colcon_core.package_identification:_identify(src/robotiq_2f) by extension 'cmake'
[0.225s] Level 1:colcon.colcon_core.package_identification:_identify(src/robotiq_2f) by extension 'python'
[0.225s] Level 1:colcon.colcon_core.package_identification:_identify(src/robotiq_2f) by extensions ['python_setup_py']
[0.225s] Level 1:colcon.colcon_core.package_identification:_identify(src/robotiq_2f) by extension 'python_setup_py'
[0.225s] Level 1:colcon.colcon_core.package_identification:_identify(src/robotiq_2f/robotiq_2f_bringup) by extensions ['ignore', 'ignore_ament_install']
[0.225s] Level 1:colcon.colcon_core.package_identification:_identify(src/robotiq_2f/robotiq_2f_bringup) by extension 'ignore'
[0.225s] Level 1:colcon.colcon_core.package_identification:_identify(src/robotiq_2f/robotiq_2f_bringup) by extension 'ignore_ament_install'
[0.225s] Level 1:colcon.colcon_core.package_identification:_identify(src/robotiq_2f/robotiq_2f_bringup) by extensions ['colcon_pkg']
[0.225s] Level 1:colcon.colcon_core.package_identification:_identify(src/robotiq_2f/robotiq_2f_bringup) by extension 'colcon_pkg'
[0.225s] Level 1:colcon.colcon_core.package_identification:_identify(src/robotiq_2f/robotiq_2f_bringup) by extensions ['colcon_meta']
[0.225s] Level 1:colcon.colcon_core.package_identification:_identify(src/robotiq_2f/robotiq_2f_bringup) by extension 'colcon_meta'
[0.225s] Level 1:colcon.colcon_core.package_identification:_identify(src/robotiq_2f/robotiq_2f_bringup) by extensions ['ros']
[0.225s] Level 1:colcon.colcon_core.package_identification:_identify(src/robotiq_2f/robotiq_2f_bringup) by extension 'ros'
[0.227s] DEBUG:colcon.colcon_core.package_identification:Package 'src/robotiq_2f/robotiq_2f_bringup' with type 'ros.ament_cmake' and name 'robotiq_2f_bringup'
[0.227s] Level 1:colcon.colcon_core.package_identification:_identify(src/robotiq_2f/robotiq_2f_description) by extensions ['ignore', 'ignore_ament_install']
[0.227s] Level 1:colcon.colcon_core.package_identification:_identify(src/robotiq_2f/robotiq_2f_description) by extension 'ignore'
[0.227s] Level 1:colcon.colcon_core.package_identification:_identify(src/robotiq_2f/robotiq_2f_description) by extension 'ignore_ament_install'
[0.227s] Level 1:colcon.colcon_core.package_identification:_identify(src/robotiq_2f/robotiq_2f_description) by extensions ['colcon_pkg']
[0.227s] Level 1:colcon.colcon_core.package_identification:_identify(src/robotiq_2f/robotiq_2f_description) by extension 'colcon_pkg'
[0.227s] Level 1:colcon.colcon_core.package_identification:_identify(src/robotiq_2f/robotiq_2f_description) by extensions ['colcon_meta']
[0.227s] Level 1:colcon.colcon_core.package_identification:_identify(src/robotiq_2f/robotiq_2f_description) by extension 'colcon_meta'
[0.227s] Level 1:colcon.colcon_core.package_identification:_identify(src/robotiq_2f/robotiq_2f_description) by extensions ['ros']
[0.227s] Level 1:colcon.colcon_core.package_identification:_identify(src/robotiq_2f/robotiq_2f_description) by extension 'ros'
[0.227s] DEBUG:colcon.colcon_core.package_identification:Package 'src/robotiq_2f/robotiq_2f_description' with type 'ros.ament_cmake' and name 'robotiq_2f_description'
[0.227s] Level 1:colcon.colcon_core.package_identification:_identify(src/robotiq_2f/robotiq_2f_driver) by extensions ['ignore', 'ignore_ament_install']
[0.228s] Level 1:colcon.colcon_core.package_identification:_identify(src/robotiq_2f/robotiq_2f_driver) by extension 'ignore'
[0.228s] Level 1:colcon.colcon_core.package_identification:_identify(src/robotiq_2f/robotiq_2f_driver) by extension 'ignore_ament_install'
[0.228s] Level 1:colcon.colcon_core.package_identification:_identify(src/robotiq_2f/robotiq_2f_driver) by extensions ['colcon_pkg']
[0.228s] Level 1:colcon.colcon_core.package_identification:_identify(src/robotiq_2f/robotiq_2f_driver) by extension 'colcon_pkg'
[0.228s] Level 1:colcon.colcon_core.package_identification:_identify(src/robotiq_2f/robotiq_2f_driver) by extensions ['colcon_meta']
[0.228s] Level 1:colcon.colcon_core.package_identification:_identify(src/robotiq_2f/robotiq_2f_driver) by extension 'colcon_meta'
[0.228s] Level 1:colcon.colcon_core.package_identification:_identify(src/robotiq_2f/robotiq_2f_driver) by extensions ['ros']
[0.228s] Level 1:colcon.colcon_core.package_identification:_identify(src/robotiq_2f/robotiq_2f_driver) by extension 'ros'
[0.228s] DEBUG:colcon.colcon_core.package_identification:Package 'src/robotiq_2f/robotiq_2f_driver' with type 'ros.ament_cmake' and name 'robotiq_2f_driver'
[0.228s] Level 1:colcon.colcon_core.package_identification:_identify(src/robotiq_2f/robotiq_2f_msgs) by extensions ['ignore', 'ignore_ament_install']
[0.228s] Level 1:colcon.colcon_core.package_identification:_identify(src/robotiq_2f/robotiq_2f_msgs) by extension 'ignore'
[0.228s] Level 1:colcon.colcon_core.package_identification:_identify(src/robotiq_2f/robotiq_2f_msgs) by extension 'ignore_ament_install'
[0.228s] Level 1:colcon.colcon_core.package_identification:_identify(src/robotiq_2f/robotiq_2f_msgs) by extensions ['colcon_pkg']
[0.228s] Level 1:colcon.colcon_core.package_identification:_identify(src/robotiq_2f/robotiq_2f_msgs) by extension 'colcon_pkg'
[0.228s] Level 1:colcon.colcon_core.package_identification:_identify(src/robotiq_2f/robotiq_2f_msgs) by extensions ['colcon_meta']
[0.228s] Level 1:colcon.colcon_core.package_identification:_identify(src/robotiq_2f/robotiq_2f_msgs) by extension 'colcon_meta'
[0.228s] Level 1:colcon.colcon_core.package_identification:_identify(src/robotiq_2f/robotiq_2f_msgs) by extensions ['ros']
[0.228s] Level 1:colcon.colcon_core.package_identification:_identify(src/robotiq_2f/robotiq_2f_msgs) by extension 'ros'
[0.228s] DEBUG:colcon.colcon_core.package_identification:Package 'src/robotiq_2f/robotiq_2f_msgs' with type 'ros.ament_cmake' and name 'robotiq_2f_msgs'
[0.229s] Level 1:colcon.colcon_core.package_identification:_identify(src/robotiq_2f/robotiq_2f_tfbc) by extensions ['ignore', 'ignore_ament_install']
[0.229s] Level 1:colcon.colcon_core.package_identification:_identify(src/robotiq_2f/robotiq_2f_tfbc) by extension 'ignore'
[0.229s] Level 1:colcon.colcon_core.package_identification:_identify(src/robotiq_2f/robotiq_2f_tfbc) by extension 'ignore_ament_install'
[0.229s] Level 1:colcon.colcon_core.package_identification:_identify(src/robotiq_2f/robotiq_2f_tfbc) by extensions ['colcon_pkg']
[0.229s] Level 1:colcon.colcon_core.package_identification:_identify(src/robotiq_2f/robotiq_2f_tfbc) by extension 'colcon_pkg'
[0.229s] Level 1:colcon.colcon_core.package_identification:_identify(src/robotiq_2f/robotiq_2f_tfbc) by extensions ['colcon_meta']
[0.229s] Level 1:colcon.colcon_core.package_identification:_identify(src/robotiq_2f/robotiq_2f_tfbc) by extension 'colcon_meta'
[0.229s] Level 1:colcon.colcon_core.package_identification:_identify(src/robotiq_2f/robotiq_2f_tfbc) by extensions ['ros']
[0.229s] Level 1:colcon.colcon_core.package_identification:_identify(src/robotiq_2f/robotiq_2f_tfbc) by extension 'ros'
[0.229s] DEBUG:colcon.colcon_core.package_identification:Package 'src/robotiq_2f/robotiq_2f_tfbc' with type 'ros.ament_cmake' and name 'robotiq_2f_tfbc'
[0.229s] Level 1:colcon.colcon_core.package_identification:_identify(src/robotiq_2f/robotiq_2f_ui) by extensions ['ignore', 'ignore_ament_install']
[0.229s] Level 1:colcon.colcon_core.package_identification:_identify(src/robotiq_2f/robotiq_2f_ui) by extension 'ignore'
[0.229s] Level 1:colcon.colcon_core.package_identification:_identify(src/robotiq_2f/robotiq_2f_ui) by extension 'ignore_ament_install'
[0.229s] Level 1:colcon.colcon_core.package_identification:_identify(src/robotiq_2f/robotiq_2f_ui) by extensions ['colcon_pkg']
[0.229s] Level 1:colcon.colcon_core.package_identification:_identify(src/robotiq_2f/robotiq_2f_ui) by extension 'colcon_pkg'
[0.229s] Level 1:colcon.colcon_core.package_identification:_identify(src/robotiq_2f/robotiq_2f_ui) by extensions ['colcon_meta']
[0.229s] Level 1:colcon.colcon_core.package_identification:_identify(src/robotiq_2f/robotiq_2f_ui) by extension 'colcon_meta'
[0.229s] Level 1:colcon.colcon_core.package_identification:_identify(src/robotiq_2f/robotiq_2f_ui) by extensions ['ros']
[0.229s] Level 1:colcon.colcon_core.package_identification:_identify(src/robotiq_2f/robotiq_2f_ui) by extension 'ros'
[0.229s] DEBUG:colcon.colcon_core.package_identification:Package 'src/robotiq_2f/robotiq_2f_ui' with type 'ros.ament_cmake' and name 'robotiq_2f_driver_ui'
[0.230s] Level 1:colcon.colcon_core.package_discovery:discover_packages(recursive) using defaults
[0.230s] Level 1:colcon.colcon_core.package_discovery:discover_packages(ignore) discover
[0.230s] Level 1:colcon.colcon_core.package_discovery:discover_packages(ignore) using defaults
[0.230s] Level 1:colcon.colcon_core.package_discovery:discover_packages(path) discover
[0.230s] Level 1:colcon.colcon_core.package_discovery:discover_packages(path) using defaults
[0.246s] INFO:colcon.colcon_core.package_selection:Skipping not selected package 'moveit_ur5_msgs' in 'src/ROS2_pick_and_place_UR5/moveit_ur5_msgs'
[0.247s] INFO:colcon.colcon_core.package_selection:Skipping not selected package 'pnp_msgs' in 'src/ROS2_pick_and_place_UR5/pnp_msgs'
[0.247s] INFO:colcon.colcon_core.package_selection:Skipping not selected package 'robotiq_2f_bringup' in 'src/robotiq_2f/robotiq_2f_bringup'
[0.247s] INFO:colcon.colcon_core.package_selection:Skipping not selected package 'robotiq_2f_description' in 'src/robotiq_2f/robotiq_2f_description'
[0.247s] INFO:colcon.colcon_core.package_selection:Skipping not selected package 'robotiq_2f_msgs' in 'src/robotiq_2f/robotiq_2f_msgs'
[0.247s] INFO:colcon.colcon_core.package_selection:Skipping not selected package 'robotiq_2f_tfbc' in 'src/robotiq_2f/robotiq_2f_tfbc'
[0.247s] INFO:colcon.colcon_core.package_selection:Skipping not selected package 'robotiq_description' in 'src/ROS2_pick_and_place_UR5/robotiq_description'
[0.247s] INFO:colcon.colcon_core.package_selection:Skipping not selected package 'ur_dashboard_msgs' in 'src/Universal_Robots_ROS2_Driver/ur_dashboard_msgs'
[0.247s] INFO:colcon.colcon_core.package_selection:Skipping not selected package 'ur_moveit_config' in 'src/Universal_Robots_ROS2_Driver/ur_moveit_config'
[0.247s] INFO:colcon.colcon_core.package_selection:Skipping not selected package 'robotiq_2f_driver' in 'src/robotiq_2f/robotiq_2f_driver'
[0.247s] INFO:colcon.colcon_core.package_selection:Skipping not selected package 'robotiq_2f_driver_ui' in 'src/robotiq_2f/robotiq_2f_ui'
[0.247s] INFO:colcon.colcon_core.package_selection:Skipping not selected package 'ur5_gripper_description' in 'src/ROS2_pick_and_place_UR5/ur5_gripper_description'
[0.247s] INFO:colcon.colcon_core.package_selection:Skipping not selected package 'ur_controllers' in 'src/Universal_Robots_ROS2_Driver/ur_controllers'
[0.247s] INFO:colcon.colcon_core.package_selection:Skipping not selected package 'ur5_gripper_moveit_config' in 'src/ROS2_pick_and_place_UR5/ur5_gripper_moveit_config'
[0.247s] INFO:colcon.colcon_core.package_selection:Skipping not selected package 'ur_bringup' in 'src/Universal_Robots_ROS2_Driver/ur_bringup'
[0.247s] INFO:colcon.colcon_core.package_selection:Skipping not selected package 'ur_robot_driver' in 'src/Universal_Robots_ROS2_Driver/ur_robot_driver'
[0.247s] INFO:colcon.colcon_core.package_selection:Skipping not selected package 'ur_calibration' in 'src/Universal_Robots_ROS2_Driver/ur_calibration'
[0.247s] INFO:colcon.colcon_core.package_selection:Skipping not selected package 'pnp_actionlib' in 'src/ROS2_pick_and_place_UR5/pnp_actionlib'
[0.247s] INFO:colcon.colcon_core.package_selection:Skipping not selected package 'ur' in 'src/Universal_Robots_ROS2_Driver/ur'
[0.247s] Level 1:colcon.colcon_core.package_discovery:discover_packages(prefix_path) check parameters
[0.247s] Level 1:colcon.colcon_core.package_discovery:discover_packages(prefix_path) discover
[0.250s] DEBUG:colcon.colcon_installed_package_information.package_discovery:Found 14 installed packages in /home/nimesha/Thesis/Unused/moveit_ur5_ws/install
[0.250s] DEBUG:colcon.colcon_installed_package_information.package_discovery:Found 7 installed packages in /home/nimesha/Thesis/Unused/mujoco_ros2_control/install
[0.251s] DEBUG:colcon.colcon_installed_package_information.package_discovery:Found 55 installed packages in /home/nimesha/Thesis/moveit_ur5_v2_ws/src/ws_moveit/install
[0.254s] DEBUG:colcon.colcon_installed_package_information.package_discovery:Found 345 installed packages in /home/nimesha/ros2_humble/ros2-linux
[0.255s] DEBUG:colcon.colcon_installed_package_information.package_discovery:Found 209 installed packages in /opt/ros/humble
[0.260s] Level 1:colcon.colcon_core.package_discovery:discover_packages(prefix_path) using defaults
[0.290s] WARNING:colcon.colcon_core.package_selection:Some selected packages are already built in one or more underlay workspaces:
	'moveit_ur5_interface' is in: /home/nimesha/Thesis/Unused/moveit_ur5_ws/install/moveit_ur5_interface
If a package in a merged underlay workspace is overridden and it installs headers, then all packages in the overlay must sort their include directories by workspace order. Failure to do so may result in build failures or undefined behavior at run time.
If the overridden package is used by another package in any underlay, then the overriding package in the overlay must be API and ABI compatible or undefined behavior at run time may occur.

If you understand the risks and want to override a package anyways, add the following to the command line:
	--allow-overriding moveit_ur5_interface

This may be promoted to an error in a future release of colcon-override-check.
[0.290s] Level 5:colcon.colcon_core.verb:set package 'moveit_ur5_interface' build argument 'cmake_args' from command line to 'None'
[0.290s] Level 5:colcon.colcon_core.verb:set package 'moveit_ur5_interface' build argument 'cmake_target' from command line to 'None'
[0.290s] Level 5:colcon.colcon_core.verb:set package 'moveit_ur5_interface' build argument 'cmake_target_skip_unavailable' from command line to 'False'
[0.290s] Level 5:colcon.colcon_core.verb:set package 'moveit_ur5_interface' build argument 'cmake_clean_cache' from command line to 'False'
[0.290s] Level 5:colcon.colcon_core.verb:set package 'moveit_ur5_interface' build argument 'cmake_clean_first' from command line to 'False'
[0.290s] Level 5:colcon.colcon_core.verb:set package 'moveit_ur5_interface' build argument 'cmake_force_configure' from command line to 'False'
[0.290s] Level 5:colcon.colcon_core.verb:set package 'moveit_ur5_interface' build argument 'ament_cmake_args' from command line to 'None'
[0.290s] Level 5:colcon.colcon_core.verb:set package 'moveit_ur5_interface' build argument 'catkin_cmake_args' from command line to 'None'
[0.290s] Level 5:colcon.colcon_core.verb:set package 'moveit_ur5_interface' build argument 'catkin_skip_building_tests' from command line to 'False'
[0.290s] DEBUG:colcon.colcon_core.verb:Building package 'moveit_ur5_interface' with the following arguments: {'ament_cmake_args': None, 'build_base': '/home/nimesha/Thesis/Unused/moveit_ur5_ws/build/moveit_ur5_interface', 'catkin_cmake_args': None, 'catkin_skip_building_tests': False, 'cmake_args': None, 'cmake_clean_cache': False, 'cmake_clean_first': False, 'cmake_force_configure': False, 'cmake_target': None, 'cmake_target_skip_unavailable': False, 'install_base': '/home/nimesha/Thesis/Unused/moveit_ur5_ws/install/moveit_ur5_interface', 'merge_install': False, 'path': '/home/nimesha/Thesis/Unused/moveit_ur5_ws/src/ROS2_pick_and_place_UR5/moveit_ur5_interface', 'symlink_install': False, 'test_result_base': None}
[0.291s] INFO:colcon.colcon_core.executor:Executing jobs using 'parallel' executor
[0.291s] DEBUG:colcon.colcon_parallel_executor.executor.parallel:run_until_complete
[0.291s] INFO:colcon.colcon_ros.task.ament_cmake.build:Building ROS package in '/home/nimesha/Thesis/Unused/moveit_ur5_ws/src/ROS2_pick_and_place_UR5/moveit_ur5_interface' with build type 'ament_cmake'
[0.292s] INFO:colcon.colcon_cmake.task.cmake.build:Building CMake package in '/home/nimesha/Thesis/Unused/moveit_ur5_ws/src/ROS2_pick_and_place_UR5/moveit_ur5_interface'
[0.295s] INFO:colcon.colcon_core.plugin_system:Skipping extension 'colcon_core.shell.bat': Not used on non-Windows systems
[0.295s] INFO:colcon.colcon_core.shell:Skip shell extension 'powershell' for command environment: Not usable outside of PowerShell
[0.295s] DEBUG:colcon.colcon_core.shell:Skip shell extension 'dsv' for command environment
[0.488s] DEBUG:colcon.colcon_core.event_handler.log_command:Invoking command in '/home/nimesha/Thesis/Unused/moveit_ur5_ws/build/moveit_ur5_interface': AMENT_PREFIX_PATH=/home/nimesha/Thesis/Unused/moveit_ur5_ws/install/ur5_gripper_moveit_config:/home/nimesha/Thesis/Unused/moveit_ur5_ws/install/ur5_gripper_description:/home/nimesha/Thesis/Unused/moveit_ur5_ws/install/robotiq_description:/home/nimesha/Thesis/Unused/moveit_ur5_ws/install/moveit_ur5_msgs:${AMENT_PREFIX_PATH} CMAKE_PREFIX_PATH=/home/nimesha/Thesis/Unused/moveit_ur5_ws/install/ur_bringup:/home/nimesha/Thesis/Unused/moveit_ur5_ws/install/ur5_gripper_moveit_config:/home/nimesha/Thesis/Unused/moveit_ur5_ws/install/ur_controllers:/home/nimesha/Thesis/Unused/moveit_ur5_ws/install/ur5_gripper_description:/home/nimesha/Thesis/Unused/moveit_ur5_ws/install/ur_dashboard_msgs:/home/nimesha/Thesis/Unused/moveit_ur5_ws/install/robotiq_description:/home/nimesha/Thesis/Unused/moveit_ur5_ws/install/moveit_ur5_msgs:/home/nimesha/Thesis/Unused/moveit_ur5_ws/install/ur:/home/nimesha/Thesis/Unused/moveit_ur5_ws/install/ur_calibration:/home/nimesha/Thesis/Unused/moveit_ur5_ws/install/ur_robot_driver:/home/nimesha/Thesis/Unused/moveit_ur5_ws/install/ur_moveit_config:/home/nimesha/Thesis/Unused/mujoco_ros2_control/install/peg_in_hole:/home/nimesha/Thesis/Unused/mujoco_ros2_control/install/mujoco_ros2_control_demos:/home/nimesha/Thesis/Unused/mujoco_ros2_control/install/mujoco_ros2_control:/home/nimesha/Thesis/Unused/mujoco_ros2_control/install/panda_mujoco:/home/nimesha/Thesis/Unused/mujoco_ros2_control/install/interactive_marker:/home/nimesha/Thesis/Unused/mujoco_ros2_control/install/moveit_resources_panda_moveit_config:/home/nimesha/Thesis/Unused/mujoco_ros2_control/install/moveit_resources_panda_description:/home/nimesha/Thesis/moveit_ur5_v2_ws/src/ws_moveit/install/pilz_industrial_motion_planner_testutils:/home/nimesha/Thesis/moveit_ur5_v2_ws/src/ws_moveit/install/moveit_runtime:/home/nimesha/Thesis/moveit_ur5_v2_ws/src/ws_moveit/install/moveit2_tutorials:/home/nimesha/Thesis/moveit_ur5_v2_ws/src/ws_moveit/install/moveit:/home/nimesha/Thesis/moveit_ur5_v2_ws/src/ws_moveit/install/moveit_planners:/home/nimesha/Thesis/moveit_ur5_v2_ws/src/ws_moveit/install/pilz_industrial_motion_planner:/home/nimesha/Thesis/moveit_ur5_v2_ws/src/ws_moveit/install/moveit_visual_tools:/home/nimesha/Thesis/moveit_ur5_v2_ws/src/ws_moveit/install/moveit_task_constructor_visualization:/home/nimesha/Thesis/moveit_ur5_v2_ws/src/ws_moveit/install/moveit_task_constructor_demo:/home/nimesha/Thesis/moveit_ur5_v2_ws/src/ws_moveit/install/moveit_task_constructor_capabilities:/home/nimesha/Thesis/moveit_ur5_v2_ws/src/ws_moveit/install/moveit_task_constructor_core:/home/nimesha/Thesis/moveit_ur5_v2_ws/src/ws_moveit/install/moveit_ros_control_interface:/home/nimesha/Thesis/moveit_ur5_v2_ws/src/ws_moveit/install/moveit_plugins:/home/nimesha/Thesis/moveit_ur5_v2_ws/src/ws_moveit/install/moveit_simple_controller_manager:/home/nimesha/Thesis/moveit_ur5_v2_ws/src/ws_moveit/install/moveit_setup_assistant:/home/nimesha/Thesis/moveit_ur5_v2_ws/src/ws_moveit/install/moveit_setup_srdf_plugins:/home/nimesha/Thesis/moveit_ur5_v2_ws/src/ws_moveit/install/moveit_setup_core_plugins:/home/nimesha/Thesis/moveit_ur5_v2_ws/src/ws_moveit/install/moveit_setup_controllers:/home/nimesha/Thesis/moveit_ur5_v2_ws/src/ws_moveit/install/moveit_setup_app_plugins:/home/nimesha/Thesis/moveit_ur5_v2_ws/src/ws_moveit/install/moveit_setup_framework:/home/nimesha/Thesis/moveit_ur5_v2_ws/src/ws_moveit/install/moveit_servo:/home/nimesha/Thesis/moveit_ur5_v2_ws/src/ws_moveit/install/moveit_ros:/home/nimesha/Thesis/moveit_ur5_v2_ws/src/ws_moveit/install/moveit_ros_visualization:/home/nimesha/Thesis/moveit_ur5_v2_ws/src/ws_moveit/install/moveit_hybrid_planning:/home/nimesha/Thesis/moveit_ur5_v2_ws/src/ws_moveit/install/moveit_ros_planning_interface:/home/nimesha/Thesis/moveit_ur5_v2_ws/src/ws_moveit/install/moveit_ros_benchmarks:/home/nimesha/Thesis/moveit_ur5_v2_ws/src/ws_moveit/install/moveit_ros_warehouse:/home/nimesha/Thesis/moveit_ur5_v2_ws/src/ws_moveit/install/moveit_ros_robot_interaction:/home/nimesha/Thesis/moveit_ur5_v2_ws/src/ws_moveit/install/moveit_ros_perception:/home/nimesha/Thesis/moveit_ur5_v2_ws/src/ws_moveit/install/moveit_resources_prbt_pg70_support:/home/nimesha/Thesis/moveit_ur5_v2_ws/src/ws_moveit/install/moveit_resources_prbt_moveit_config:/home/nimesha/Thesis/moveit_ur5_v2_ws/src/ws_moveit/install/moveit_ros_move_group:/home/nimesha/Thesis/moveit_ur5_v2_ws/src/ws_moveit/install/moveit_planners_ompl:/home/nimesha/Thesis/moveit_ur5_v2_ws/src/ws_moveit/install/moveit_ros_planning:/home/nimesha/Thesis/moveit_ur5_v2_ws/src/ws_moveit/install/moveit_ros_occupancy_map_monitor:/home/nimesha/Thesis/moveit_ur5_v2_ws/src/ws_moveit/install/moveit_resources_prbt_ikfast_manipulator_plugin:/home/nimesha/Thesis/moveit_ur5_v2_ws/src/ws_moveit/install/moveit_planners_chomp:/home/nimesha/Thesis/moveit_ur5_v2_ws/src/ws_moveit/install/moveit_kinematics:/home/nimesha/Thesis/moveit_ur5_v2_ws/src/ws_moveit/install/moveit_chomp_optimizer_adapter:/home/nimesha/Thesis/moveit_ur5_v2_ws/src/ws_moveit/install/chomp_motion_planner:/home/nimesha/Thesis/moveit_ur5_v2_ws/src/ws_moveit/install/moveit_core:/home/nimesha/Thesis/moveit_ur5_v2_ws/src/ws_moveit/install/srdfdom:/home/nimesha/Thesis/moveit_ur5_v2_ws/src/ws_moveit/install/rviz_marker_tools:/home/nimesha/Thesis/moveit_ur5_v2_ws/src/ws_moveit/install/rosparam_shortcuts:/home/nimesha/Thesis/moveit_ur5_v2_ws/src/ws_moveit/install/moveit_task_constructor_msgs:/home/nimesha/Thesis/moveit_ur5_v2_ws/src/ws_moveit/install/moveit_resources_prbt_support:/home/nimesha/Thesis/moveit_ur5_v2_ws/src/ws_moveit/install/moveit_resources:/home/nimesha/Thesis/moveit_ur5_v2_ws/src/ws_moveit/install/moveit_resources_pr2_description:/home/nimesha/Thesis/moveit_ur5_v2_ws/src/ws_moveit/install/moveit_resources_panda_moveit_config:/home/nimesha/Thesis/moveit_ur5_v2_ws/src/ws_moveit/install/moveit_resources_panda_description:/home/nimesha/Thesis/moveit_ur5_v2_ws/src/ws_moveit/install/moveit_resources_fanuc_moveit_config:/home/nimesha/Thesis/moveit_ur5_v2_ws/src/ws_moveit/install/moveit_resources_fanuc_description:/home/nimesha/Thesis/moveit_ur5_v2_ws/src/ws_moveit/install/moveit_common:/home/nimesha/ros2_humble/ros2-linux:/home/nimesha/Thesis/moveit_ur5_v2_ws/src/ws_moveit/install/moveit_configs_utils:/home/nimesha/Thesis/moveit_ur5_v2_ws/src/ws_moveit/install/launch_param_builder:/opt/ros/humble LD_LIBRARY_PATH=/home/nimesha/Thesis/Unused/moveit_ur5_ws/install/ur_controllers/lib:/home/nimesha/Thesis/Unused/moveit_ur5_ws/install/ur_dashboard_msgs/lib:/home/nimesha/Thesis/Unused/moveit_ur5_ws/install/moveit_ur5_msgs/lib:/home/nimesha/Thesis/Unused/moveit_ur5_ws/install/ur_robot_driver/lib:/home/nimesha/Thesis/Unused/mujoco_ros2_control/install/mujoco_ros2_control/lib:/home/nimesha/Thesis/moveit_ur5_v2_ws/src/ws_moveit/install/pilz_industrial_motion_planner_testutils/lib:/home/nimesha/Thesis/moveit_ur5_v2_ws/src/ws_moveit/install/pilz_industrial_motion_planner/lib:/home/nimesha/Thesis/moveit_ur5_v2_ws/src/ws_moveit/install/moveit_visual_tools/lib:/home/nimesha/Thesis/moveit_ur5_v2_ws/src/ws_moveit/install/moveit_task_constructor_visualization/lib:/home/nimesha/Thesis/moveit_ur5_v2_ws/src/ws_moveit/install/moveit_task_constructor_demo/lib:/home/nimesha/Thesis/moveit_ur5_v2_ws/src/ws_moveit/install/moveit_task_constructor_capabilities/lib:/home/nimesha/Thesis/moveit_ur5_v2_ws/src/ws_moveit/install/moveit_task_constructor_core/lib:/home/nimesha/Thesis/moveit_ur5_v2_ws/src/ws_moveit/install/moveit_ros_control_interface/lib:/home/nimesha/Thesis/moveit_ur5_v2_ws/src/ws_moveit/install/moveit_simple_controller_manager/lib:/home/nimesha/Thesis/moveit_ur5_v2_ws/src/ws_moveit/install/moveit_setup_assistant/lib:/home/nimesha/Thesis/moveit_ur5_v2_ws/src/ws_moveit/install/moveit_setup_srdf_plugins/lib:/home/nimesha/Thesis/moveit_ur5_v2_ws/src/ws_moveit/install/moveit_setup_core_plugins/lib:/home/nimesha/Thesis/moveit_ur5_v2_ws/src/ws_moveit/install/moveit_setup_controllers/lib:/home/nimesha/Thesis/moveit_ur5_v2_ws/src/ws_moveit/install/moveit_setup_app_plugins/lib:/home/nimesha/Thesis/moveit_ur5_v2_ws/src/ws_moveit/install/moveit_setup_framework/lib:/home/nimesha/Thesis/moveit_ur5_v2_ws/src/ws_moveit/install/moveit_servo/lib:/home/nimesha/Thesis/moveit_ur5_v2_ws/src/ws_moveit/install/moveit_ros_visualization/lib:/home/nimesha/Thesis/moveit_ur5_v2_ws/src/ws_moveit/install/moveit_hybrid_planning/lib:/home/nimesha/Thesis/moveit_ur5_v2_ws/src/ws_moveit/install/moveit_ros_planning_interface/lib:/home/nimesha/Thesis/moveit_ur5_v2_ws/src/ws_moveit/install/moveit_ros_benchmarks/lib:/home/nimesha/Thesis/moveit_ur5_v2_ws/src/ws_moveit/install/moveit_ros_warehouse/lib:/home/nimesha/Thesis/moveit_ur5_v2_ws/src/ws_moveit/install/moveit_ros_robot_interaction/lib:/home/nimesha/Thesis/moveit_ur5_v2_ws/src/ws_moveit/install/moveit_ros_perception/lib:/home/nimesha/Thesis/moveit_ur5_v2_ws/src/ws_moveit/install/moveit_ros_move_group/lib:/home/nimesha/Thesis/moveit_ur5_v2_ws/src/ws_moveit/install/moveit_planners_ompl/lib:/home/nimesha/Thesis/moveit_ur5_v2_ws/src/ws_moveit/install/moveit_ros_planning/lib:/home/nimesha/Thesis/moveit_ur5_v2_ws/src/ws_moveit/install/moveit_ros_occupancy_map_monitor/lib:/home/nimesha/Thesis/moveit_ur5_v2_ws/src/ws_moveit/install/moveit_resources_prbt_ikfast_manipulator_plugin/lib:/home/nimesha/Thesis/moveit_ur5_v2_ws/src/ws_moveit/install/moveit_planners_chomp/lib:/home/nimesha/Thesis/moveit_ur5_v2_ws/src/ws_moveit/install/moveit_kinematics/lib:/home/nimesha/Thesis/moveit_ur5_v2_ws/src/ws_moveit/install/moveit_chomp_optimizer_adapter/lib:/home/nimesha/Thesis/moveit_ur5_v2_ws/src/ws_moveit/install/chomp_motion_planner/lib:/home/nimesha/Thesis/moveit_ur5_v2_ws/src/ws_moveit/install/moveit_core/lib:/home/nimesha/Thesis/moveit_ur5_v2_ws/src/ws_moveit/install/srdfdom/lib:/home/nimesha/Thesis/moveit_ur5_v2_ws/src/ws_moveit/install/rviz_marker_tools/lib:/home/nimesha/Thesis/moveit_ur5_v2_ws/src/ws_moveit/install/rosparam_shortcuts/lib:/home/nimesha/Thesis/moveit_ur5_v2_ws/src/ws_moveit/install/moveit_task_constructor_msgs/lib:/home/nimesha/ros2_humble/ros2-linux/opt/rviz_ogre_vendor/lib:/opt/rti.com/rti_connext_dds-6.0.1/lib/x64Linux4gcc7.3.0:/opt/rti.com/rti_connext_dds-6.0.1/bin:/home/nimesha/ros2_humble/ros2-linux/lib:/opt/ros/humble/opt/rviz_ogre_vendor/lib:/opt/ros/humble/lib/x86_64-linux-gnu:/opt/ros/humble/lib:/usr/lib/nvidia PYTHONPATH=/home/nimesha/Thesis/Unused/moveit_ur5_ws/install/moveit_ur5_msgs/local/lib/python3.10/dist-packages:${PYTHONPATH} /usr/bin/cmake /home/nimesha/Thesis/Unused/moveit_ur5_ws/src/ROS2_pick_and_place_UR5/moveit_ur5_interface -DCMAKE_INSTALL_PREFIX=/home/nimesha/Thesis/Unused/moveit_ur5_ws/install/moveit_ur5_interface
[5.929s] DEBUG:colcon.colcon_core.event_handler.log_command:Invoked command in '/home/nimesha/Thesis/Unused/moveit_ur5_ws/build/moveit_ur5_interface' returned '0': AMENT_PREFIX_PATH=/home/nimesha/Thesis/Unused/moveit_ur5_ws/install/ur5_gripper_moveit_config:/home/nimesha/Thesis/Unused/moveit_ur5_ws/install/ur5_gripper_description:/home/nimesha/Thesis/Unused/moveit_ur5_ws/install/robotiq_description:/home/nimesha/Thesis/Unused/moveit_ur5_ws/install/moveit_ur5_msgs:${AMENT_PREFIX_PATH} CMAKE_PREFIX_PATH=/home/nimesha/Thesis/Unused/moveit_ur5_ws/install/ur_bringup:/home/nimesha/Thesis/Unused/moveit_ur5_ws/install/ur5_gripper_moveit_config:/home/nimesha/Thesis/Unused/moveit_ur5_ws/install/ur_controllers:/home/nimesha/Thesis/Unused/moveit_ur5_ws/install/ur5_gripper_description:/home/nimesha/Thesis/Unused/moveit_ur5_ws/install/ur_dashboard_msgs:/home/nimesha/Thesis/Unused/moveit_ur5_ws/install/robotiq_description:/home/nimesha/Thesis/Unused/moveit_ur5_ws/install/moveit_ur5_msgs:/home/nimesha/Thesis/Unused/moveit_ur5_ws/install/ur:/home/nimesha/Thesis/Unused/moveit_ur5_ws/install/ur_calibration:/home/nimesha/Thesis/Unused/moveit_ur5_ws/install/ur_robot_driver:/home/nimesha/Thesis/Unused/moveit_ur5_ws/install/ur_moveit_config:/home/nimesha/Thesis/Unused/mujoco_ros2_control/install/peg_in_hole:/home/nimesha/Thesis/Unused/mujoco_ros2_control/install/mujoco_ros2_control_demos:/home/nimesha/Thesis/Unused/mujoco_ros2_control/install/mujoco_ros2_control:/home/nimesha/Thesis/Unused/mujoco_ros2_control/install/panda_mujoco:/home/nimesha/Thesis/Unused/mujoco_ros2_control/install/interactive_marker:/home/nimesha/Thesis/Unused/mujoco_ros2_control/install/moveit_resources_panda_moveit_config:/home/nimesha/Thesis/Unused/mujoco_ros2_control/install/moveit_resources_panda_description:/home/nimesha/Thesis/moveit_ur5_v2_ws/src/ws_moveit/install/pilz_industrial_motion_planner_testutils:/home/nimesha/Thesis/moveit_ur5_v2_ws/src/ws_moveit/install/moveit_runtime:/home/nimesha/Thesis/moveit_ur5_v2_ws/src/ws_moveit/install/moveit2_tutorials:/home/nimesha/Thesis/moveit_ur5_v2_ws/src/ws_moveit/install/moveit:/home/nimesha/Thesis/moveit_ur5_v2_ws/src/ws_moveit/install/moveit_planners:/home/nimesha/Thesis/moveit_ur5_v2_ws/src/ws_moveit/install/pilz_industrial_motion_planner:/home/nimesha/Thesis/moveit_ur5_v2_ws/src/ws_moveit/install/moveit_visual_tools:/home/nimesha/Thesis/moveit_ur5_v2_ws/src/ws_moveit/install/moveit_task_constructor_visualization:/home/nimesha/Thesis/moveit_ur5_v2_ws/src/ws_moveit/install/moveit_task_constructor_demo:/home/nimesha/Thesis/moveit_ur5_v2_ws/src/ws_moveit/install/moveit_task_constructor_capabilities:/home/nimesha/Thesis/moveit_ur5_v2_ws/src/ws_moveit/install/moveit_task_constructor_core:/home/nimesha/Thesis/moveit_ur5_v2_ws/src/ws_moveit/install/moveit_ros_control_interface:/home/nimesha/Thesis/moveit_ur5_v2_ws/src/ws_moveit/install/moveit_plugins:/home/nimesha/Thesis/moveit_ur5_v2_ws/src/ws_moveit/install/moveit_simple_controller_manager:/home/nimesha/Thesis/moveit_ur5_v2_ws/src/ws_moveit/install/moveit_setup_assistant:/home/nimesha/Thesis/moveit_ur5_v2_ws/src/ws_moveit/install/moveit_setup_srdf_plugins:/home/nimesha/Thesis/moveit_ur5_v2_ws/src/ws_moveit/install/moveit_setup_core_plugins:/home/nimesha/Thesis/moveit_ur5_v2_ws/src/ws_moveit/install/moveit_setup_controllers:/home/nimesha/Thesis/moveit_ur5_v2_ws/src/ws_moveit/install/moveit_setup_app_plugins:/home/nimesha/Thesis/moveit_ur5_v2_ws/src/ws_moveit/install/moveit_setup_framework:/home/nimesha/Thesis/moveit_ur5_v2_ws/src/ws_moveit/install/moveit_servo:/home/nimesha/Thesis/moveit_ur5_v2_ws/src/ws_moveit/install/moveit_ros:/home/nimesha/Thesis/moveit_ur5_v2_ws/src/ws_moveit/install/moveit_ros_visualization:/home/nimesha/Thesis/moveit_ur5_v2_ws/src/ws_moveit/install/moveit_hybrid_planning:/home/nimesha/Thesis/moveit_ur5_v2_ws/src/ws_moveit/install/moveit_ros_planning_interface:/home/nimesha/Thesis/moveit_ur5_v2_ws/src/ws_moveit/install/moveit_ros_benchmarks:/home/nimesha/Thesis/moveit_ur5_v2_ws/src/ws_moveit/install/moveit_ros_warehouse:/home/nimesha/Thesis/moveit_ur5_v2_ws/src/ws_moveit/install/moveit_ros_robot_interaction:/home/nimesha/Thesis/moveit_ur5_v2_ws/src/ws_moveit/install/moveit_ros_perception:/home/nimesha/Thesis/moveit_ur5_v2_ws/src/ws_moveit/install/moveit_resources_prbt_pg70_support:/home/nimesha/Thesis/moveit_ur5_v2_ws/src/ws_moveit/install/moveit_resources_prbt_moveit_config:/home/nimesha/Thesis/moveit_ur5_v2_ws/src/ws_moveit/install/moveit_ros_move_group:/home/nimesha/Thesis/moveit_ur5_v2_ws/src/ws_moveit/install/moveit_planners_ompl:/home/nimesha/Thesis/moveit_ur5_v2_ws/src/ws_moveit/install/moveit_ros_planning:/home/nimesha/Thesis/moveit_ur5_v2_ws/src/ws_moveit/install/moveit_ros_occupancy_map_monitor:/home/nimesha/Thesis/moveit_ur5_v2_ws/src/ws_moveit/install/moveit_resources_prbt_ikfast_manipulator_plugin:/home/nimesha/Thesis/moveit_ur5_v2_ws/src/ws_moveit/install/moveit_planners_chomp:/home/nimesha/Thesis/moveit_ur5_v2_ws/src/ws_moveit/install/moveit_kinematics:/home/nimesha/Thesis/moveit_ur5_v2_ws/src/ws_moveit/install/moveit_chomp_optimizer_adapter:/home/nimesha/Thesis/moveit_ur5_v2_ws/src/ws_moveit/install/chomp_motion_planner:/home/nimesha/Thesis/moveit_ur5_v2_ws/src/ws_moveit/install/moveit_core:/home/nimesha/Thesis/moveit_ur5_v2_ws/src/ws_moveit/install/srdfdom:/home/nimesha/Thesis/moveit_ur5_v2_ws/src/ws_moveit/install/rviz_marker_tools:/home/nimesha/Thesis/moveit_ur5_v2_ws/src/ws_moveit/install/rosparam_shortcuts:/home/nimesha/Thesis/moveit_ur5_v2_ws/src/ws_moveit/install/moveit_task_constructor_msgs:/home/nimesha/Thesis/moveit_ur5_v2_ws/src/ws_moveit/install/moveit_resources_prbt_support:/home/nimesha/Thesis/moveit_ur5_v2_ws/src/ws_moveit/install/moveit_resources:/home/nimesha/Thesis/moveit_ur5_v2_ws/src/ws_moveit/install/moveit_resources_pr2_description:/home/nimesha/Thesis/moveit_ur5_v2_ws/src/ws_moveit/install/moveit_resources_panda_moveit_config:/home/nimesha/Thesis/moveit_ur5_v2_ws/src/ws_moveit/install/moveit_resources_panda_description:/home/nimesha/Thesis/moveit_ur5_v2_ws/src/ws_moveit/install/moveit_resources_fanuc_moveit_config:/home/nimesha/Thesis/moveit_ur5_v2_ws/src/ws_moveit/install/moveit_resources_fanuc_description:/home/nimesha/Thesis/moveit_ur5_v2_ws/src/ws_moveit/install/moveit_common:/home/nimesha/ros2_humble/ros2-linux:/home/nimesha/Thesis/moveit_ur5_v2_ws/src/ws_moveit/install/moveit_configs_utils:/home/nimesha/Thesis/moveit_ur5_v2_ws/src/ws_moveit/install/launch_param_builder:/opt/ros/humble LD_LIBRARY_PATH=/home/nimesha/Thesis/Unused/moveit_ur5_ws/install/ur_controllers/lib:/home/nimesha/Thesis/Unused/moveit_ur5_ws/install/ur_dashboard_msgs/lib:/home/nimesha/Thesis/Unused/moveit_ur5_ws/install/moveit_ur5_msgs/lib:/home/nimesha/Thesis/Unused/moveit_ur5_ws/install/ur_robot_driver/lib:/home/nimesha/Thesis/Unused/mujoco_ros2_control/install/mujoco_ros2_control/lib:/home/nimesha/Thesis/moveit_ur5_v2_ws/src/ws_moveit/install/pilz_industrial_motion_planner_testutils/lib:/home/nimesha/Thesis/moveit_ur5_v2_ws/src/ws_moveit/install/pilz_industrial_motion_planner/lib:/home/nimesha/Thesis/moveit_ur5_v2_ws/src/ws_moveit/install/moveit_visual_tools/lib:/home/nimesha/Thesis/moveit_ur5_v2_ws/src/ws_moveit/install/moveit_task_constructor_visualization/lib:/home/nimesha/Thesis/moveit_ur5_v2_ws/src/ws_moveit/install/moveit_task_constructor_demo/lib:/home/nimesha/Thesis/moveit_ur5_v2_ws/src/ws_moveit/install/moveit_task_constructor_capabilities/lib:/home/nimesha/Thesis/moveit_ur5_v2_ws/src/ws_moveit/install/moveit_task_constructor_core/lib:/home/nimesha/Thesis/moveit_ur5_v2_ws/src/ws_moveit/install/moveit_ros_control_interface/lib:/home/nimesha/Thesis/moveit_ur5_v2_ws/src/ws_moveit/install/moveit_simple_controller_manager/lib:/home/nimesha/Thesis/moveit_ur5_v2_ws/src/ws_moveit/install/moveit_setup_assistant/lib:/home/nimesha/Thesis/moveit_ur5_v2_ws/src/ws_moveit/install/moveit_setup_srdf_plugins/lib:/home/nimesha/Thesis/moveit_ur5_v2_ws/src/ws_moveit/install/moveit_setup_core_plugins/lib:/home/nimesha/Thesis/moveit_ur5_v2_ws/src/ws_moveit/install/moveit_setup_controllers/lib:/home/nimesha/Thesis/moveit_ur5_v2_ws/src/ws_moveit/install/moveit_setup_app_plugins/lib:/home/nimesha/Thesis/moveit_ur5_v2_ws/src/ws_moveit/install/moveit_setup_framework/lib:/home/nimesha/Thesis/moveit_ur5_v2_ws/src/ws_moveit/install/moveit_servo/lib:/home/nimesha/Thesis/moveit_ur5_v2_ws/src/ws_moveit/install/moveit_ros_visualization/lib:/home/nimesha/Thesis/moveit_ur5_v2_ws/src/ws_moveit/install/moveit_hybrid_planning/lib:/home/nimesha/Thesis/moveit_ur5_v2_ws/src/ws_moveit/install/moveit_ros_planning_interface/lib:/home/nimesha/Thesis/moveit_ur5_v2_ws/src/ws_moveit/install/moveit_ros_benchmarks/lib:/home/nimesha/Thesis/moveit_ur5_v2_ws/src/ws_moveit/install/moveit_ros_warehouse/lib:/home/nimesha/Thesis/moveit_ur5_v2_ws/src/ws_moveit/install/moveit_ros_robot_interaction/lib:/home/nimesha/Thesis/moveit_ur5_v2_ws/src/ws_moveit/install/moveit_ros_perception/lib:/home/nimesha/Thesis/moveit_ur5_v2_ws/src/ws_moveit/install/moveit_ros_move_group/lib:/home/nimesha/Thesis/moveit_ur5_v2_ws/src/ws_moveit/install/moveit_planners_ompl/lib:/home/nimesha/Thesis/moveit_ur5_v2_ws/src/ws_moveit/install/moveit_ros_planning/lib:/home/nimesha/Thesis/moveit_ur5_v2_ws/src/ws_moveit/install/moveit_ros_occupancy_map_monitor/lib:/home/nimesha/Thesis/moveit_ur5_v2_ws/src/ws_moveit/install/moveit_resources_prbt_ikfast_manipulator_plugin/lib:/home/nimesha/Thesis/moveit_ur5_v2_ws/src/ws_moveit/install/moveit_planners_chomp/lib:/home/nimesha/Thesis/moveit_ur5_v2_ws/src/ws_moveit/install/moveit_kinematics/lib:/home/nimesha/Thesis/moveit_ur5_v2_ws/src/ws_moveit/install/moveit_chomp_optimizer_adapter/lib:/home/nimesha/Thesis/moveit_ur5_v2_ws/src/ws_moveit/install/chomp_motion_planner/lib:/home/nimesha/Thesis/moveit_ur5_v2_ws/src/ws_moveit/install/moveit_core/lib:/home/nimesha/Thesis/moveit_ur5_v2_ws/src/ws_moveit/install/srdfdom/lib:/home/nimesha/Thesis/moveit_ur5_v2_ws/src/ws_moveit/install/rviz_marker_tools/lib:/home/nimesha/Thesis/moveit_ur5_v2_ws/src/ws_moveit/install/rosparam_shortcuts/lib:/home/nimesha/Thesis/moveit_ur5_v2_ws/src/ws_moveit/install/moveit_task_constructor_msgs/lib:/home/nimesha/ros2_humble/ros2-linux/opt/rviz_ogre_vendor/lib:/opt/rti.com/rti_connext_dds-6.0.1/lib/x64Linux4gcc7.3.0:/opt/rti.com/rti_connext_dds-6.0.1/bin:/home/nimesha/ros2_humble/ros2-linux/lib:/opt/ros/humble/opt/rviz_ogre_vendor/lib:/opt/ros/humble/lib/x86_64-linux-gnu:/opt/ros/humble/lib:/usr/lib/nvidia PYTHONPATH=/home/nimesha/Thesis/Unused/moveit_ur5_ws/install/moveit_ur5_msgs/local/lib/python3.10/dist-packages:${PYTHONPATH} /usr/bin/cmake /home/nimesha/Thesis/Unused/moveit_ur5_ws/src/ROS2_pick_and_place_UR5/moveit_ur5_interface -DCMAKE_INSTALL_PREFIX=/home/nimesha/Thesis/Unused/moveit_ur5_ws/install/moveit_ur5_interface
[5.930s] DEBUG:colcon.colcon_core.event_handler.log_command:Invoking command in '/home/nimesha/Thesis/Unused/moveit_ur5_ws/build/moveit_ur5_interface': AMENT_PREFIX_PATH=/home/nimesha/Thesis/Unused/moveit_ur5_ws/install/ur5_gripper_moveit_config:/home/nimesha/Thesis/Unused/moveit_ur5_ws/install/ur5_gripper_description:/home/nimesha/Thesis/Unused/moveit_ur5_ws/install/robotiq_description:/home/nimesha/Thesis/Unused/moveit_ur5_ws/install/moveit_ur5_msgs:${AMENT_PREFIX_PATH} CMAKE_PREFIX_PATH=/home/nimesha/Thesis/Unused/moveit_ur5_ws/install/ur_bringup:/home/nimesha/Thesis/Unused/moveit_ur5_ws/install/ur5_gripper_moveit_config:/home/nimesha/Thesis/Unused/moveit_ur5_ws/install/ur_controllers:/home/nimesha/Thesis/Unused/moveit_ur5_ws/install/ur5_gripper_description:/home/nimesha/Thesis/Unused/moveit_ur5_ws/install/ur_dashboard_msgs:/home/nimesha/Thesis/Unused/moveit_ur5_ws/install/robotiq_description:/home/nimesha/Thesis/Unused/moveit_ur5_ws/install/moveit_ur5_msgs:/home/nimesha/Thesis/Unused/moveit_ur5_ws/install/ur:/home/nimesha/Thesis/Unused/moveit_ur5_ws/install/ur_calibration:/home/nimesha/Thesis/Unused/moveit_ur5_ws/install/ur_robot_driver:/home/nimesha/Thesis/Unused/moveit_ur5_ws/install/ur_moveit_config:/home/nimesha/Thesis/Unused/mujoco_ros2_control/install/peg_in_hole:/home/nimesha/Thesis/Unused/mujoco_ros2_control/install/mujoco_ros2_control_demos:/home/nimesha/Thesis/Unused/mujoco_ros2_control/install/mujoco_ros2_control:/home/nimesha/Thesis/Unused/mujoco_ros2_control/install/panda_mujoco:/home/nimesha/Thesis/Unused/mujoco_ros2_control/install/interactive_marker:/home/nimesha/Thesis/Unused/mujoco_ros2_control/install/moveit_resources_panda_moveit_config:/home/nimesha/Thesis/Unused/mujoco_ros2_control/install/moveit_resources_panda_description:/home/nimesha/Thesis/moveit_ur5_v2_ws/src/ws_moveit/install/pilz_industrial_motion_planner_testutils:/home/nimesha/Thesis/moveit_ur5_v2_ws/src/ws_moveit/install/moveit_runtime:/home/nimesha/Thesis/moveit_ur5_v2_ws/src/ws_moveit/install/moveit2_tutorials:/home/nimesha/Thesis/moveit_ur5_v2_ws/src/ws_moveit/install/moveit:/home/nimesha/Thesis/moveit_ur5_v2_ws/src/ws_moveit/install/moveit_planners:/home/nimesha/Thesis/moveit_ur5_v2_ws/src/ws_moveit/install/pilz_industrial_motion_planner:/home/nimesha/Thesis/moveit_ur5_v2_ws/src/ws_moveit/install/moveit_visual_tools:/home/nimesha/Thesis/moveit_ur5_v2_ws/src/ws_moveit/install/moveit_task_constructor_visualization:/home/nimesha/Thesis/moveit_ur5_v2_ws/src/ws_moveit/install/moveit_task_constructor_demo:/home/nimesha/Thesis/moveit_ur5_v2_ws/src/ws_moveit/install/moveit_task_constructor_capabilities:/home/nimesha/Thesis/moveit_ur5_v2_ws/src/ws_moveit/install/moveit_task_constructor_core:/home/nimesha/Thesis/moveit_ur5_v2_ws/src/ws_moveit/install/moveit_ros_control_interface:/home/nimesha/Thesis/moveit_ur5_v2_ws/src/ws_moveit/install/moveit_plugins:/home/nimesha/Thesis/moveit_ur5_v2_ws/src/ws_moveit/install/moveit_simple_controller_manager:/home/nimesha/Thesis/moveit_ur5_v2_ws/src/ws_moveit/install/moveit_setup_assistant:/home/nimesha/Thesis/moveit_ur5_v2_ws/src/ws_moveit/install/moveit_setup_srdf_plugins:/home/nimesha/Thesis/moveit_ur5_v2_ws/src/ws_moveit/install/moveit_setup_core_plugins:/home/nimesha/Thesis/moveit_ur5_v2_ws/src/ws_moveit/install/moveit_setup_controllers:/home/nimesha/Thesis/moveit_ur5_v2_ws/src/ws_moveit/install/moveit_setup_app_plugins:/home/nimesha/Thesis/moveit_ur5_v2_ws/src/ws_moveit/install/moveit_setup_framework:/home/nimesha/Thesis/moveit_ur5_v2_ws/src/ws_moveit/install/moveit_servo:/home/nimesha/Thesis/moveit_ur5_v2_ws/src/ws_moveit/install/moveit_ros:/home/nimesha/Thesis/moveit_ur5_v2_ws/src/ws_moveit/install/moveit_ros_visualization:/home/nimesha/Thesis/moveit_ur5_v2_ws/src/ws_moveit/install/moveit_hybrid_planning:/home/nimesha/Thesis/moveit_ur5_v2_ws/src/ws_moveit/install/moveit_ros_planning_interface:/home/nimesha/Thesis/moveit_ur5_v2_ws/src/ws_moveit/install/moveit_ros_benchmarks:/home/nimesha/Thesis/moveit_ur5_v2_ws/src/ws_moveit/install/moveit_ros_warehouse:/home/nimesha/Thesis/moveit_ur5_v2_ws/src/ws_moveit/install/moveit_ros_robot_interaction:/home/nimesha/Thesis/moveit_ur5_v2_ws/src/ws_moveit/install/moveit_ros_perception:/home/nimesha/Thesis/moveit_ur5_v2_ws/src/ws_moveit/install/moveit_resources_prbt_pg70_support:/home/nimesha/Thesis/moveit_ur5_v2_ws/src/ws_moveit/install/moveit_resources_prbt_moveit_config:/home/nimesha/Thesis/moveit_ur5_v2_ws/src/ws_moveit/install/moveit_ros_move_group:/home/nimesha/Thesis/moveit_ur5_v2_ws/src/ws_moveit/install/moveit_planners_ompl:/home/nimesha/Thesis/moveit_ur5_v2_ws/src/ws_moveit/install/moveit_ros_planning:/home/nimesha/Thesis/moveit_ur5_v2_ws/src/ws_moveit/install/moveit_ros_occupancy_map_monitor:/home/nimesha/Thesis/moveit_ur5_v2_ws/src/ws_moveit/install/moveit_resources_prbt_ikfast_manipulator_plugin:/home/nimesha/Thesis/moveit_ur5_v2_ws/src/ws_moveit/install/moveit_planners_chomp:/home/nimesha/Thesis/moveit_ur5_v2_ws/src/ws_moveit/install/moveit_kinematics:/home/nimesha/Thesis/moveit_ur5_v2_ws/src/ws_moveit/install/moveit_chomp_optimizer_adapter:/home/nimesha/Thesis/moveit_ur5_v2_ws/src/ws_moveit/install/chomp_motion_planner:/home/nimesha/Thesis/moveit_ur5_v2_ws/src/ws_moveit/install/moveit_core:/home/nimesha/Thesis/moveit_ur5_v2_ws/src/ws_moveit/install/srdfdom:/home/nimesha/Thesis/moveit_ur5_v2_ws/src/ws_moveit/install/rviz_marker_tools:/home/nimesha/Thesis/moveit_ur5_v2_ws/src/ws_moveit/install/rosparam_shortcuts:/home/nimesha/Thesis/moveit_ur5_v2_ws/src/ws_moveit/install/moveit_task_constructor_msgs:/home/nimesha/Thesis/moveit_ur5_v2_ws/src/ws_moveit/install/moveit_resources_prbt_support:/home/nimesha/Thesis/moveit_ur5_v2_ws/src/ws_moveit/install/moveit_resources:/home/nimesha/Thesis/moveit_ur5_v2_ws/src/ws_moveit/install/moveit_resources_pr2_description:/home/nimesha/Thesis/moveit_ur5_v2_ws/src/ws_moveit/install/moveit_resources_panda_moveit_config:/home/nimesha/Thesis/moveit_ur5_v2_ws/src/ws_moveit/install/moveit_resources_panda_description:/home/nimesha/Thesis/moveit_ur5_v2_ws/src/ws_moveit/install/moveit_resources_fanuc_moveit_config:/home/nimesha/Thesis/moveit_ur5_v2_ws/src/ws_moveit/install/moveit_resources_fanuc_description:/home/nimesha/Thesis/moveit_ur5_v2_ws/src/ws_moveit/install/moveit_common:/home/nimesha/ros2_humble/ros2-linux:/home/nimesha/Thesis/moveit_ur5_v2_ws/src/ws_moveit/install/moveit_configs_utils:/home/nimesha/Thesis/moveit_ur5_v2_ws/src/ws_moveit/install/launch_param_builder:/opt/ros/humble LD_LIBRARY_PATH=/home/nimesha/Thesis/Unused/moveit_ur5_ws/install/ur_controllers/lib:/home/nimesha/Thesis/Unused/moveit_ur5_ws/install/ur_dashboard_msgs/lib:/home/nimesha/Thesis/Unused/moveit_ur5_ws/install/moveit_ur5_msgs/lib:/home/nimesha/Thesis/Unused/moveit_ur5_ws/install/ur_robot_driver/lib:/home/nimesha/Thesis/Unused/mujoco_ros2_control/install/mujoco_ros2_control/lib:/home/nimesha/Thesis/moveit_ur5_v2_ws/src/ws_moveit/install/pilz_industrial_motion_planner_testutils/lib:/home/nimesha/Thesis/moveit_ur5_v2_ws/src/ws_moveit/install/pilz_industrial_motion_planner/lib:/home/nimesha/Thesis/moveit_ur5_v2_ws/src/ws_moveit/install/moveit_visual_tools/lib:/home/nimesha/Thesis/moveit_ur5_v2_ws/src/ws_moveit/install/moveit_task_constructor_visualization/lib:/home/nimesha/Thesis/moveit_ur5_v2_ws/src/ws_moveit/install/moveit_task_constructor_demo/lib:/home/nimesha/Thesis/moveit_ur5_v2_ws/src/ws_moveit/install/moveit_task_constructor_capabilities/lib:/home/nimesha/Thesis/moveit_ur5_v2_ws/src/ws_moveit/install/moveit_task_constructor_core/lib:/home/nimesha/Thesis/moveit_ur5_v2_ws/src/ws_moveit/install/moveit_ros_control_interface/lib:/home/nimesha/Thesis/moveit_ur5_v2_ws/src/ws_moveit/install/moveit_simple_controller_manager/lib:/home/nimesha/Thesis/moveit_ur5_v2_ws/src/ws_moveit/install/moveit_setup_assistant/lib:/home/nimesha/Thesis/moveit_ur5_v2_ws/src/ws_moveit/install/moveit_setup_srdf_plugins/lib:/home/nimesha/Thesis/moveit_ur5_v2_ws/src/ws_moveit/install/moveit_setup_core_plugins/lib:/home/nimesha/Thesis/moveit_ur5_v2_ws/src/ws_moveit/install/moveit_setup_controllers/lib:/home/nimesha/Thesis/moveit_ur5_v2_ws/src/ws_moveit/install/moveit_setup_app_plugins/lib:/home/nimesha/Thesis/moveit_ur5_v2_ws/src/ws_moveit/install/moveit_setup_framework/lib:/home/nimesha/Thesis/moveit_ur5_v2_ws/src/ws_moveit/install/moveit_servo/lib:/home/nimesha/Thesis/moveit_ur5_v2_ws/src/ws_moveit/install/moveit_ros_visualization/lib:/home/nimesha/Thesis/moveit_ur5_v2_ws/src/ws_moveit/install/moveit_hybrid_planning/lib:/home/nimesha/Thesis/moveit_ur5_v2_ws/src/ws_moveit/install/moveit_ros_planning_interface/lib:/home/nimesha/Thesis/moveit_ur5_v2_ws/src/ws_moveit/install/moveit_ros_benchmarks/lib:/home/nimesha/Thesis/moveit_ur5_v2_ws/src/ws_moveit/install/moveit_ros_warehouse/lib:/home/nimesha/Thesis/moveit_ur5_v2_ws/src/ws_moveit/install/moveit_ros_robot_interaction/lib:/home/nimesha/Thesis/moveit_ur5_v2_ws/src/ws_moveit/install/moveit_ros_perception/lib:/home/nimesha/Thesis/moveit_ur5_v2_ws/src/ws_moveit/install/moveit_ros_move_group/lib:/home/nimesha/Thesis/moveit_ur5_v2_ws/src/ws_moveit/install/moveit_planners_ompl/lib:/home/nimesha/Thesis/moveit_ur5_v2_ws/src/ws_moveit/install/moveit_ros_planning/lib:/home/nimesha/Thesis/moveit_ur5_v2_ws/src/ws_moveit/install/moveit_ros_occupancy_map_monitor/lib:/home/nimesha/Thesis/moveit_ur5_v2_ws/src/ws_moveit/install/moveit_resources_prbt_ikfast_manipulator_plugin/lib:/home/nimesha/Thesis/moveit_ur5_v2_ws/src/ws_moveit/install/moveit_planners_chomp/lib:/home/nimesha/Thesis/moveit_ur5_v2_ws/src/ws_moveit/install/moveit_kinematics/lib:/home/nimesha/Thesis/moveit_ur5_v2_ws/src/ws_moveit/install/moveit_chomp_optimizer_adapter/lib:/home/nimesha/Thesis/moveit_ur5_v2_ws/src/ws_moveit/install/chomp_motion_planner/lib:/home/nimesha/Thesis/moveit_ur5_v2_ws/src/ws_moveit/install/moveit_core/lib:/home/nimesha/Thesis/moveit_ur5_v2_ws/src/ws_moveit/install/srdfdom/lib:/home/nimesha/Thesis/moveit_ur5_v2_ws/src/ws_moveit/install/rviz_marker_tools/lib:/home/nimesha/Thesis/moveit_ur5_v2_ws/src/ws_moveit/install/rosparam_shortcuts/lib:/home/nimesha/Thesis/moveit_ur5_v2_ws/src/ws_moveit/install/moveit_task_constructor_msgs/lib:/home/nimesha/ros2_humble/ros2-linux/opt/rviz_ogre_vendor/lib:/opt/rti.com/rti_connext_dds-6.0.1/lib/x64Linux4gcc7.3.0:/opt/rti.com/rti_connext_dds-6.0.1/bin:/home/nimesha/ros2_humble/ros2-linux/lib:/opt/ros/humble/opt/rviz_ogre_vendor/lib:/opt/ros/humble/lib/x86_64-linux-gnu:/opt/ros/humble/lib:/usr/lib/nvidia PYTHONPATH=/home/nimesha/Thesis/Unused/moveit_ur5_ws/install/moveit_ur5_msgs/local/lib/python3.10/dist-packages:${PYTHONPATH} /usr/bin/cmake --build /home/nimesha/Thesis/Unused/moveit_ur5_ws/build/moveit_ur5_interface -- -j32 -l32
[11.564s] DEBUG:colcon.colcon_core.event_handler.log_command:Invoked command in '/home/nimesha/Thesis/Unused/moveit_ur5_ws/build/moveit_ur5_interface' returned '2': AMENT_PREFIX_PATH=/home/nimesha/Thesis/Unused/moveit_ur5_ws/install/ur5_gripper_moveit_config:/home/nimesha/Thesis/Unused/moveit_ur5_ws/install/ur5_gripper_description:/home/nimesha/Thesis/Unused/moveit_ur5_ws/install/robotiq_description:/home/nimesha/Thesis/Unused/moveit_ur5_ws/install/moveit_ur5_msgs:${AMENT_PREFIX_PATH} CMAKE_PREFIX_PATH=/home/nimesha/Thesis/Unused/moveit_ur5_ws/install/ur_bringup:/home/nimesha/Thesis/Unused/moveit_ur5_ws/install/ur5_gripper_moveit_config:/home/nimesha/Thesis/Unused/moveit_ur5_ws/install/ur_controllers:/home/nimesha/Thesis/Unused/moveit_ur5_ws/install/ur5_gripper_description:/home/nimesha/Thesis/Unused/moveit_ur5_ws/install/ur_dashboard_msgs:/home/nimesha/Thesis/Unused/moveit_ur5_ws/install/robotiq_description:/home/nimesha/Thesis/Unused/moveit_ur5_ws/install/moveit_ur5_msgs:/home/nimesha/Thesis/Unused/moveit_ur5_ws/install/ur:/home/nimesha/Thesis/Unused/moveit_ur5_ws/install/ur_calibration:/home/nimesha/Thesis/Unused/moveit_ur5_ws/install/ur_robot_driver:/home/nimesha/Thesis/Unused/moveit_ur5_ws/install/ur_moveit_config:/home/nimesha/Thesis/Unused/mujoco_ros2_control/install/peg_in_hole:/home/nimesha/Thesis/Unused/mujoco_ros2_control/install/mujoco_ros2_control_demos:/home/nimesha/Thesis/Unused/mujoco_ros2_control/install/mujoco_ros2_control:/home/nimesha/Thesis/Unused/mujoco_ros2_control/install/panda_mujoco:/home/nimesha/Thesis/Unused/mujoco_ros2_control/install/interactive_marker:/home/nimesha/Thesis/Unused/mujoco_ros2_control/install/moveit_resources_panda_moveit_config:/home/nimesha/Thesis/Unused/mujoco_ros2_control/install/moveit_resources_panda_description:/home/nimesha/Thesis/moveit_ur5_v2_ws/src/ws_moveit/install/pilz_industrial_motion_planner_testutils:/home/nimesha/Thesis/moveit_ur5_v2_ws/src/ws_moveit/install/moveit_runtime:/home/nimesha/Thesis/moveit_ur5_v2_ws/src/ws_moveit/install/moveit2_tutorials:/home/nimesha/Thesis/moveit_ur5_v2_ws/src/ws_moveit/install/moveit:/home/nimesha/Thesis/moveit_ur5_v2_ws/src/ws_moveit/install/moveit_planners:/home/nimesha/Thesis/moveit_ur5_v2_ws/src/ws_moveit/install/pilz_industrial_motion_planner:/home/nimesha/Thesis/moveit_ur5_v2_ws/src/ws_moveit/install/moveit_visual_tools:/home/nimesha/Thesis/moveit_ur5_v2_ws/src/ws_moveit/install/moveit_task_constructor_visualization:/home/nimesha/Thesis/moveit_ur5_v2_ws/src/ws_moveit/install/moveit_task_constructor_demo:/home/nimesha/Thesis/moveit_ur5_v2_ws/src/ws_moveit/install/moveit_task_constructor_capabilities:/home/nimesha/Thesis/moveit_ur5_v2_ws/src/ws_moveit/install/moveit_task_constructor_core:/home/nimesha/Thesis/moveit_ur5_v2_ws/src/ws_moveit/install/moveit_ros_control_interface:/home/nimesha/Thesis/moveit_ur5_v2_ws/src/ws_moveit/install/moveit_plugins:/home/nimesha/Thesis/moveit_ur5_v2_ws/src/ws_moveit/install/moveit_simple_controller_manager:/home/nimesha/Thesis/moveit_ur5_v2_ws/src/ws_moveit/install/moveit_setup_assistant:/home/nimesha/Thesis/moveit_ur5_v2_ws/src/ws_moveit/install/moveit_setup_srdf_plugins:/home/nimesha/Thesis/moveit_ur5_v2_ws/src/ws_moveit/install/moveit_setup_core_plugins:/home/nimesha/Thesis/moveit_ur5_v2_ws/src/ws_moveit/install/moveit_setup_controllers:/home/nimesha/Thesis/moveit_ur5_v2_ws/src/ws_moveit/install/moveit_setup_app_plugins:/home/nimesha/Thesis/moveit_ur5_v2_ws/src/ws_moveit/install/moveit_setup_framework:/home/nimesha/Thesis/moveit_ur5_v2_ws/src/ws_moveit/install/moveit_servo:/home/nimesha/Thesis/moveit_ur5_v2_ws/src/ws_moveit/install/moveit_ros:/home/nimesha/Thesis/moveit_ur5_v2_ws/src/ws_moveit/install/moveit_ros_visualization:/home/nimesha/Thesis/moveit_ur5_v2_ws/src/ws_moveit/install/moveit_hybrid_planning:/home/nimesha/Thesis/moveit_ur5_v2_ws/src/ws_moveit/install/moveit_ros_planning_interface:/home/nimesha/Thesis/moveit_ur5_v2_ws/src/ws_moveit/install/moveit_ros_benchmarks:/home/nimesha/Thesis/moveit_ur5_v2_ws/src/ws_moveit/install/moveit_ros_warehouse:/home/nimesha/Thesis/moveit_ur5_v2_ws/src/ws_moveit/install/moveit_ros_robot_interaction:/home/nimesha/Thesis/moveit_ur5_v2_ws/src/ws_moveit/install/moveit_ros_perception:/home/nimesha/Thesis/moveit_ur5_v2_ws/src/ws_moveit/install/moveit_resources_prbt_pg70_support:/home/nimesha/Thesis/moveit_ur5_v2_ws/src/ws_moveit/install/moveit_resources_prbt_moveit_config:/home/nimesha/Thesis/moveit_ur5_v2_ws/src/ws_moveit/install/moveit_ros_move_group:/home/nimesha/Thesis/moveit_ur5_v2_ws/src/ws_moveit/install/moveit_planners_ompl:/home/nimesha/Thesis/moveit_ur5_v2_ws/src/ws_moveit/install/moveit_ros_planning:/home/nimesha/Thesis/moveit_ur5_v2_ws/src/ws_moveit/install/moveit_ros_occupancy_map_monitor:/home/nimesha/Thesis/moveit_ur5_v2_ws/src/ws_moveit/install/moveit_resources_prbt_ikfast_manipulator_plugin:/home/nimesha/Thesis/moveit_ur5_v2_ws/src/ws_moveit/install/moveit_planners_chomp:/home/nimesha/Thesis/moveit_ur5_v2_ws/src/ws_moveit/install/moveit_kinematics:/home/nimesha/Thesis/moveit_ur5_v2_ws/src/ws_moveit/install/moveit_chomp_optimizer_adapter:/home/nimesha/Thesis/moveit_ur5_v2_ws/src/ws_moveit/install/chomp_motion_planner:/home/nimesha/Thesis/moveit_ur5_v2_ws/src/ws_moveit/install/moveit_core:/home/nimesha/Thesis/moveit_ur5_v2_ws/src/ws_moveit/install/srdfdom:/home/nimesha/Thesis/moveit_ur5_v2_ws/src/ws_moveit/install/rviz_marker_tools:/home/nimesha/Thesis/moveit_ur5_v2_ws/src/ws_moveit/install/rosparam_shortcuts:/home/nimesha/Thesis/moveit_ur5_v2_ws/src/ws_moveit/install/moveit_task_constructor_msgs:/home/nimesha/Thesis/moveit_ur5_v2_ws/src/ws_moveit/install/moveit_resources_prbt_support:/home/nimesha/Thesis/moveit_ur5_v2_ws/src/ws_moveit/install/moveit_resources:/home/nimesha/Thesis/moveit_ur5_v2_ws/src/ws_moveit/install/moveit_resources_pr2_description:/home/nimesha/Thesis/moveit_ur5_v2_ws/src/ws_moveit/install/moveit_resources_panda_moveit_config:/home/nimesha/Thesis/moveit_ur5_v2_ws/src/ws_moveit/install/moveit_resources_panda_description:/home/nimesha/Thesis/moveit_ur5_v2_ws/src/ws_moveit/install/moveit_resources_fanuc_moveit_config:/home/nimesha/Thesis/moveit_ur5_v2_ws/src/ws_moveit/install/moveit_resources_fanuc_description:/home/nimesha/Thesis/moveit_ur5_v2_ws/src/ws_moveit/install/moveit_common:/home/nimesha/ros2_humble/ros2-linux:/home/nimesha/Thesis/moveit_ur5_v2_ws/src/ws_moveit/install/moveit_configs_utils:/home/nimesha/Thesis/moveit_ur5_v2_ws/src/ws_moveit/install/launch_param_builder:/opt/ros/humble LD_LIBRARY_PATH=/home/nimesha/Thesis/Unused/moveit_ur5_ws/install/ur_controllers/lib:/home/nimesha/Thesis/Unused/moveit_ur5_ws/install/ur_dashboard_msgs/lib:/home/nimesha/Thesis/Unused/moveit_ur5_ws/install/moveit_ur5_msgs/lib:/home/nimesha/Thesis/Unused/moveit_ur5_ws/install/ur_robot_driver/lib:/home/nimesha/Thesis/Unused/mujoco_ros2_control/install/mujoco_ros2_control/lib:/home/nimesha/Thesis/moveit_ur5_v2_ws/src/ws_moveit/install/pilz_industrial_motion_planner_testutils/lib:/home/nimesha/Thesis/moveit_ur5_v2_ws/src/ws_moveit/install/pilz_industrial_motion_planner/lib:/home/nimesha/Thesis/moveit_ur5_v2_ws/src/ws_moveit/install/moveit_visual_tools/lib:/home/nimesha/Thesis/moveit_ur5_v2_ws/src/ws_moveit/install/moveit_task_constructor_visualization/lib:/home/nimesha/Thesis/moveit_ur5_v2_ws/src/ws_moveit/install/moveit_task_constructor_demo/lib:/home/nimesha/Thesis/moveit_ur5_v2_ws/src/ws_moveit/install/moveit_task_constructor_capabilities/lib:/home/nimesha/Thesis/moveit_ur5_v2_ws/src/ws_moveit/install/moveit_task_constructor_core/lib:/home/nimesha/Thesis/moveit_ur5_v2_ws/src/ws_moveit/install/moveit_ros_control_interface/lib:/home/nimesha/Thesis/moveit_ur5_v2_ws/src/ws_moveit/install/moveit_simple_controller_manager/lib:/home/nimesha/Thesis/moveit_ur5_v2_ws/src/ws_moveit/install/moveit_setup_assistant/lib:/home/nimesha/Thesis/moveit_ur5_v2_ws/src/ws_moveit/install/moveit_setup_srdf_plugins/lib:/home/nimesha/Thesis/moveit_ur5_v2_ws/src/ws_moveit/install/moveit_setup_core_plugins/lib:/home/nimesha/Thesis/moveit_ur5_v2_ws/src/ws_moveit/install/moveit_setup_controllers/lib:/home/nimesha/Thesis/moveit_ur5_v2_ws/src/ws_moveit/install/moveit_setup_app_plugins/lib:/home/nimesha/Thesis/moveit_ur5_v2_ws/src/ws_moveit/install/moveit_setup_framework/lib:/home/nimesha/Thesis/moveit_ur5_v2_ws/src/ws_moveit/install/moveit_servo/lib:/home/nimesha/Thesis/moveit_ur5_v2_ws/src/ws_moveit/install/moveit_ros_visualization/lib:/home/nimesha/Thesis/moveit_ur5_v2_ws/src/ws_moveit/install/moveit_hybrid_planning/lib:/home/nimesha/Thesis/moveit_ur5_v2_ws/src/ws_moveit/install/moveit_ros_planning_interface/lib:/home/nimesha/Thesis/moveit_ur5_v2_ws/src/ws_moveit/install/moveit_ros_benchmarks/lib:/home/nimesha/Thesis/moveit_ur5_v2_ws/src/ws_moveit/install/moveit_ros_warehouse/lib:/home/nimesha/Thesis/moveit_ur5_v2_ws/src/ws_moveit/install/moveit_ros_robot_interaction/lib:/home/nimesha/Thesis/moveit_ur5_v2_ws/src/ws_moveit/install/moveit_ros_perception/lib:/home/nimesha/Thesis/moveit_ur5_v2_ws/src/ws_moveit/install/moveit_ros_move_group/lib:/home/nimesha/Thesis/moveit_ur5_v2_ws/src/ws_moveit/install/moveit_planners_ompl/lib:/home/nimesha/Thesis/moveit_ur5_v2_ws/src/ws_moveit/install/moveit_ros_planning/lib:/home/nimesha/Thesis/moveit_ur5_v2_ws/src/ws_moveit/install/moveit_ros_occupancy_map_monitor/lib:/home/nimesha/Thesis/moveit_ur5_v2_ws/src/ws_moveit/install/moveit_resources_prbt_ikfast_manipulator_plugin/lib:/home/nimesha/Thesis/moveit_ur5_v2_ws/src/ws_moveit/install/moveit_planners_chomp/lib:/home/nimesha/Thesis/moveit_ur5_v2_ws/src/ws_moveit/install/moveit_kinematics/lib:/home/nimesha/Thesis/moveit_ur5_v2_ws/src/ws_moveit/install/moveit_chomp_optimizer_adapter/lib:/home/nimesha/Thesis/moveit_ur5_v2_ws/src/ws_moveit/install/chomp_motion_planner/lib:/home/nimesha/Thesis/moveit_ur5_v2_ws/src/ws_moveit/install/moveit_core/lib:/home/nimesha/Thesis/moveit_ur5_v2_ws/src/ws_moveit/install/srdfdom/lib:/home/nimesha/Thesis/moveit_ur5_v2_ws/src/ws_moveit/install/rviz_marker_tools/lib:/home/nimesha/Thesis/moveit_ur5_v2_ws/src/ws_moveit/install/rosparam_shortcuts/lib:/home/nimesha/Thesis/moveit_ur5_v2_ws/src/ws_moveit/install/moveit_task_constructor_msgs/lib:/home/nimesha/ros2_humble/ros2-linux/opt/rviz_ogre_vendor/lib:/opt/rti.com/rti_connext_dds-6.0.1/lib/x64Linux4gcc7.3.0:/opt/rti.com/rti_connext_dds-6.0.1/bin:/home/nimesha/ros2_humble/ros2-linux/lib:/opt/ros/humble/opt/rviz_ogre_vendor/lib:/opt/ros/humble/lib/x86_64-linux-gnu:/opt/ros/humble/lib:/usr/lib/nvidia PYTHONPATH=/home/nimesha/Thesis/Unused/moveit_ur5_ws/install/moveit_ur5_msgs/local/lib/python3.10/dist-packages:${PYTHONPATH} /usr/bin/cmake --build /home/nimesha/Thesis/Unused/moveit_ur5_ws/build/moveit_ur5_interface -- -j32 -l32
[11.629s] Level 1:colcon.colcon_core.environment:create_environment_scripts_only(moveit_ur5_interface)
[11.630s] Level 1:colcon.colcon_core.environment:checking '/home/nimesha/Thesis/Unused/moveit_ur5_ws/install/moveit_ur5_interface' for CMake module files
[11.630s] Level 1:colcon.colcon_core.environment:checking '/home/nimesha/Thesis/Unused/moveit_ur5_ws/install/moveit_ur5_interface' for CMake config files
[11.631s] Level 1:colcon.colcon_core.environment:checking '/home/nimesha/Thesis/Unused/moveit_ur5_ws/install/moveit_ur5_interface/bin'
[11.631s] Level 1:colcon.colcon_core.environment:checking '/home/nimesha/Thesis/Unused/moveit_ur5_ws/install/moveit_ur5_interface/lib/pkgconfig/moveit_ur5_interface.pc'
[11.631s] Level 1:colcon.colcon_core.environment:checking '/home/nimesha/Thesis/Unused/moveit_ur5_ws/install/moveit_ur5_interface/lib/python3.10/site-packages'
[11.631s] Level 1:colcon.colcon_core.environment:checking '/home/nimesha/Thesis/Unused/moveit_ur5_ws/install/moveit_ur5_interface/bin'
[11.631s] INFO:colcon.colcon_core.shell:Creating package script '/home/nimesha/Thesis/Unused/moveit_ur5_ws/install/moveit_ur5_interface/share/moveit_ur5_interface/package.ps1'
[11.632s] INFO:colcon.colcon_core.shell:Creating package descriptor '/home/nimesha/Thesis/Unused/moveit_ur5_ws/install/moveit_ur5_interface/share/moveit_ur5_interface/package.dsv'
[11.632s] INFO:colcon.colcon_core.shell:Creating package script '/home/nimesha/Thesis/Unused/moveit_ur5_ws/install/moveit_ur5_interface/share/moveit_ur5_interface/package.sh'
[11.632s] INFO:colcon.colcon_core.shell:Creating package script '/home/nimesha/Thesis/Unused/moveit_ur5_ws/install/moveit_ur5_interface/share/moveit_ur5_interface/package.bash'
[11.632s] INFO:colcon.colcon_core.shell:Creating package script '/home/nimesha/Thesis/Unused/moveit_ur5_ws/install/moveit_ur5_interface/share/moveit_ur5_interface/package.zsh'
[11.633s] Level 1:colcon.colcon_core.environment:create_file_with_runtime_dependencies(/home/nimesha/Thesis/Unused/moveit_ur5_ws/install/moveit_ur5_interface/share/colcon-core/packages/moveit_ur5_interface)
[11.643s] DEBUG:colcon.colcon_parallel_executor.executor.parallel:closing loop
[11.643s] DEBUG:colcon.colcon_parallel_executor.executor.parallel:loop closed
[11.643s] DEBUG:colcon.colcon_parallel_executor.executor.parallel:run_until_complete finished with '2'
[11.643s] DEBUG:colcon.colcon_core.event_reactor:joining thread
[11.666s] INFO:colcon.colcon_core.plugin_system:Skipping extension 'colcon_notification.desktop_notification.notify_send': Could not find 'notify-send'
[11.666s] INFO:colcon.colcon_core.plugin_system:Skipping extension 'colcon_notification.desktop_notification.terminal_notifier': Not used on non-Darwin systems
[11.667s] INFO:colcon.colcon_core.plugin_system:Skipping extension 'colcon_notification.desktop_notification.win32': Not used on non-Windows systems
[11.667s] INFO:colcon.colcon_notification.desktop_notification:Sending desktop notification using 'notify2'
[11.667s] DEBUG:colcon.colcon_notification.desktop_notification.notify2:Failed to initialize notify2: org.freedesktop.DBus.Error.FileNotFound: Failed to connect to socket /run/user/1000/bus: No such file or directory
[11.667s] DEBUG:colcon.colcon_core.event_reactor:joined thread
[11.667s] INFO:colcon.colcon_core.shell:Creating prefix script '/home/nimesha/Thesis/Unused/moveit_ur5_ws/install/local_setup.ps1'
[11.667s] INFO:colcon.colcon_core.shell:Creating prefix util module '/home/nimesha/Thesis/Unused/moveit_ur5_ws/install/_local_setup_util_ps1.py'
[11.668s] INFO:colcon.colcon_core.shell:Creating prefix chain script '/home/nimesha/Thesis/Unused/moveit_ur5_ws/install/setup.ps1'
[11.670s] INFO:colcon.colcon_core.shell:Creating prefix script '/home/nimesha/Thesis/Unused/moveit_ur5_ws/install/local_setup.sh'
[11.670s] INFO:colcon.colcon_core.shell:Creating prefix util module '/home/nimesha/Thesis/Unused/moveit_ur5_ws/install/_local_setup_util_sh.py'
[11.670s] INFO:colcon.colcon_core.shell:Creating prefix chain script '/home/nimesha/Thesis/Unused/moveit_ur5_ws/install/setup.sh'
[11.671s] INFO:colcon.colcon_core.shell:Creating prefix script '/home/nimesha/Thesis/Unused/moveit_ur5_ws/install/local_setup.bash'
[11.671s] INFO:colcon.colcon_core.shell:Creating prefix chain script '/home/nimesha/Thesis/Unused/moveit_ur5_ws/install/setup.bash'
[11.673s] INFO:colcon.colcon_core.shell:Creating prefix script '/home/nimesha/Thesis/Unused/moveit_ur5_ws/install/local_setup.zsh'
[11.673s] INFO:colcon.colcon_core.shell:Creating prefix chain script '/home/nimesha/Thesis/Unused/moveit_ur5_ws/install/setup.zsh'
