[0.010s] Invoking command in '/home/nimesha/Thesis/moveit_ur5_ws/build/moveit_common': CMAKE_PREFIX_PATH=${CMAKE_PREFIX_PATH}:/home/nimesha/Thesis/moveit_ur5_ws/install/moveit_configs_utils:/home/nimesha/Thesis/moveit_ur5_ws/install/launch_param_builder:/home/nimesha/Thesis/moveit_ur5_v2_ws/install/moveit_configs_utils:/home/nimesha/Thesis/moveit_ur5_v2_ws/install/launch_param_builder:/home/nimesha/Thesis/moveit_ur5_v2_ws/src/ws_moveit/install/moveit_configs_utils:/home/nimesha/Thesis/moveit_ur5_v2_ws/src/ws_moveit/install/launch_param_builder:/opt/ros/humble /usr/bin/cmake /home/nimesha/Thesis/moveit_ur5_ws/src/ws_moveit/src/moveit2/moveit_common -DCMAKE_INSTALL_PREFIX=/home/nimesha/Thesis/moveit_ur5_ws/install/moveit_common
[0.049s] -- Found ament_cmake: 1.3.10 (/home/nimesha/ros2_humble/ros2-linux/share/ament_cmake/cmake)
[0.193s] -- Found Python3: /usr/bin/python3 (found version "3.10.12") found components: Interpreter 
[0.286s] -- Found ament_lint_auto: 0.12.11 (/home/nimesha/ros2_humble/ros2-linux/share/ament_lint_auto/cmake)
[0.365s] -- Added test 'copyright' to check source files copyright and LICENSE
[0.368s] -- Added test 'lint_cmake' to check CMake code style
[0.370s] -- Added test 'xmllint' to check XML markup files
[0.375s] -- Configuring done
[0.382s] -- Generating done
[0.382s] -- Build files have been written to: /home/nimesha/Thesis/moveit_ur5_ws/build/moveit_common
[0.384s] Invoked command in '/home/nimesha/Thesis/moveit_ur5_ws/build/moveit_common' returned '0': CMAKE_PREFIX_PATH=${CMAKE_PREFIX_PATH}:/home/nimesha/Thesis/moveit_ur5_ws/install/moveit_configs_utils:/home/nimesha/Thesis/moveit_ur5_ws/install/launch_param_builder:/home/nimesha/Thesis/moveit_ur5_v2_ws/install/moveit_configs_utils:/home/nimesha/Thesis/moveit_ur5_v2_ws/install/launch_param_builder:/home/nimesha/Thesis/moveit_ur5_v2_ws/src/ws_moveit/install/moveit_configs_utils:/home/nimesha/Thesis/moveit_ur5_v2_ws/src/ws_moveit/install/launch_param_builder:/opt/ros/humble /usr/bin/cmake /home/nimesha/Thesis/moveit_ur5_ws/src/ws_moveit/src/moveit2/moveit_common -DCMAKE_INSTALL_PREFIX=/home/nimesha/Thesis/moveit_ur5_ws/install/moveit_common
[0.385s] Invoking command in '/home/nimesha/Thesis/moveit_ur5_ws/build/moveit_common': CMAKE_PREFIX_PATH=${CMAKE_PREFIX_PATH}:/home/nimesha/Thesis/moveit_ur5_ws/install/moveit_configs_utils:/home/nimesha/Thesis/moveit_ur5_ws/install/launch_param_builder:/home/nimesha/Thesis/moveit_ur5_v2_ws/install/moveit_configs_utils:/home/nimesha/Thesis/moveit_ur5_v2_ws/install/launch_param_builder:/home/nimesha/Thesis/moveit_ur5_v2_ws/src/ws_moveit/install/moveit_configs_utils:/home/nimesha/Thesis/moveit_ur5_v2_ws/src/ws_moveit/install/launch_param_builder:/opt/ros/humble /usr/bin/cmake --build /home/nimesha/Thesis/moveit_ur5_ws/build/moveit_common -- -j32 -l32
[0.418s] Invoked command in '/home/nimesha/Thesis/moveit_ur5_ws/build/moveit_common' returned '0': CMAKE_PREFIX_PATH=${CMAKE_PREFIX_PATH}:/home/nimesha/Thesis/moveit_ur5_ws/install/moveit_configs_utils:/home/nimesha/Thesis/moveit_ur5_ws/install/launch_param_builder:/home/nimesha/Thesis/moveit_ur5_v2_ws/install/moveit_configs_utils:/home/nimesha/Thesis/moveit_ur5_v2_ws/install/launch_param_builder:/home/nimesha/Thesis/moveit_ur5_v2_ws/src/ws_moveit/install/moveit_configs_utils:/home/nimesha/Thesis/moveit_ur5_v2_ws/src/ws_moveit/install/launch_param_builder:/opt/ros/humble /usr/bin/cmake --build /home/nimesha/Thesis/moveit_ur5_ws/build/moveit_common -- -j32 -l32
[0.460s] Invoking command in '/home/nimesha/Thesis/moveit_ur5_ws/build/moveit_common': CMAKE_PREFIX_PATH=${CMAKE_PREFIX_PATH}:/home/nimesha/Thesis/moveit_ur5_ws/install/moveit_configs_utils:/home/nimesha/Thesis/moveit_ur5_ws/install/launch_param_builder:/home/nimesha/Thesis/moveit_ur5_v2_ws/install/moveit_configs_utils:/home/nimesha/Thesis/moveit_ur5_v2_ws/install/launch_param_builder:/home/nimesha/Thesis/moveit_ur5_v2_ws/src/ws_moveit/install/moveit_configs_utils:/home/nimesha/Thesis/moveit_ur5_v2_ws/src/ws_moveit/install/launch_param_builder:/opt/ros/humble /usr/bin/cmake --install /home/nimesha/Thesis/moveit_ur5_ws/build/moveit_common
[0.466s] -- Install configuration: ""
[0.466s] -- Installing: /home/nimesha/Thesis/moveit_ur5_ws/install/moveit_common/share/ament_index/resource_index/package_run_dependencies/moveit_common
[0.466s] -- Installing: /home/nimesha/Thesis/moveit_ur5_ws/install/moveit_common/share/ament_index/resource_index/parent_prefix_path/moveit_common
[0.466s] -- Installing: /home/nimesha/Thesis/moveit_ur5_ws/install/moveit_common/share/moveit_common/environment/ament_prefix_path.sh
[0.466s] -- Installing: /home/nimesha/Thesis/moveit_ur5_ws/install/moveit_common/share/moveit_common/environment/ament_prefix_path.dsv
[0.466s] -- Installing: /home/nimesha/Thesis/moveit_ur5_ws/install/moveit_common/share/moveit_common/environment/path.sh
[0.466s] -- Installing: /home/nimesha/Thesis/moveit_ur5_ws/install/moveit_common/share/moveit_common/environment/path.dsv
[0.466s] -- Installing: /home/nimesha/Thesis/moveit_ur5_ws/install/moveit_common/share/moveit_common/local_setup.bash
[0.467s] -- Installing: /home/nimesha/Thesis/moveit_ur5_ws/install/moveit_common/share/moveit_common/local_setup.sh
[0.467s] -- Installing: /home/nimesha/Thesis/moveit_ur5_ws/install/moveit_common/share/moveit_common/local_setup.zsh
[0.467s] -- Installing: /home/nimesha/Thesis/moveit_ur5_ws/install/moveit_common/share/moveit_common/local_setup.dsv
[0.467s] -- Installing: /home/nimesha/Thesis/moveit_ur5_ws/install/moveit_common/share/moveit_common/package.dsv
[0.467s] -- Installing: /home/nimesha/Thesis/moveit_ur5_ws/install/moveit_common/share/ament_index/resource_index/packages/moveit_common
[0.467s] -- Installing: /home/nimesha/Thesis/moveit_ur5_ws/install/moveit_common/share/moveit_common/cmake/moveit_common-extras.cmake
[0.467s] -- Installing: /home/nimesha/Thesis/moveit_ur5_ws/install/moveit_common/share/moveit_common/cmake/moveit_commonConfig.cmake
[0.467s] -- Installing: /home/nimesha/Thesis/moveit_ur5_ws/install/moveit_common/share/moveit_common/cmake/moveit_commonConfig-version.cmake
[0.467s] -- Installing: /home/nimesha/Thesis/moveit_ur5_ws/install/moveit_common/share/moveit_common/package.xml
[0.467s] -- Up-to-date: /home/nimesha/Thesis/moveit_ur5_ws/install/moveit_common/share/moveit_common/cmake
[0.467s] -- Installing: /home/nimesha/Thesis/moveit_ur5_ws/install/moveit_common/share/moveit_common/cmake/moveit_package.cmake
[0.469s] Invoked command in '/home/nimesha/Thesis/moveit_ur5_ws/build/moveit_common' returned '0': CMAKE_PREFIX_PATH=${CMAKE_PREFIX_PATH}:/home/nimesha/Thesis/moveit_ur5_ws/install/moveit_configs_utils:/home/nimesha/Thesis/moveit_ur5_ws/install/launch_param_builder:/home/nimesha/Thesis/moveit_ur5_v2_ws/install/moveit_configs_utils:/home/nimesha/Thesis/moveit_ur5_v2_ws/install/launch_param_builder:/home/nimesha/Thesis/moveit_ur5_v2_ws/src/ws_moveit/install/moveit_configs_utils:/home/nimesha/Thesis/moveit_ur5_v2_ws/src/ws_moveit/install/launch_param_builder:/opt/ros/humble /usr/bin/cmake --install /home/nimesha/Thesis/moveit_ur5_ws/build/moveit_common
