[0.017s] Invoking command in '/home/nimesha/Thesis/mujoco_ros2_control/build/mujoco_ros2_control_demos': CMAKE_PREFIX_PATH=${CMAKE_PREFIX_PATH}:/home/nimesha/Thesis/ws_moveit/install/moveit_configs_utils:/home/nimesha/Thesis/ws_moveit/install/launch_param_builder:/home/nimesha/thesis/ws_moveit/install/moveit_configs_utils:/home/nimesha/thesis/ws_moveit/install/launch_param_builder:/opt/ros/humble /usr/bin/cmake --build /home/nimesha/Thesis/mujoco_ros2_control/build/mujoco_ros2_control_demos -- -j32 -l32
[0.134s] [35m[1mConsolidate compiler generated dependencies of target example_gripper[0m
[0.134s] [35m[1mConsolidate compiler generated dependencies of target example_position[0m
[0.134s] [35m[1mConsolidate compiler generated dependencies of target example_tricycle_drive[0m
[0.135s] [35m[1mConsolidate compiler generated dependencies of target example_effort[0m
[0.135s] [35m[1mConsolidate compiler generated dependencies of target example_velocity[0m
[0.135s] [35m[1mConsolidate compiler generated dependencies of target example_diff_drive[0m
[0.152s] [ 16%] Built target example_position
[0.152s] [ 33%] Built target example_effort
[0.153s] [ 50%] Built target example_gripper
[0.154s] [ 66%] Built target example_tricycle_drive
[0.154s] [ 83%] Built target example_velocity
[0.157s] [100%] Built target example_diff_drive
[0.166s] Invoked command in '/home/nimesha/Thesis/mujoco_ros2_control/build/mujoco_ros2_control_demos' returned '0': CMAKE_PREFIX_PATH=${CMAKE_PREFIX_PATH}:/home/nimesha/Thesis/ws_moveit/install/moveit_configs_utils:/home/nimesha/Thesis/ws_moveit/install/launch_param_builder:/home/nimesha/thesis/ws_moveit/install/moveit_configs_utils:/home/nimesha/thesis/ws_moveit/install/launch_param_builder:/opt/ros/humble /usr/bin/cmake --build /home/nimesha/Thesis/mujoco_ros2_control/build/mujoco_ros2_control_demos -- -j32 -l32
[0.248s] Invoking command in '/home/nimesha/Thesis/mujoco_ros2_control/build/mujoco_ros2_control_demos': CMAKE_PREFIX_PATH=${CMAKE_PREFIX_PATH}:/home/nimesha/Thesis/ws_moveit/install/moveit_configs_utils:/home/nimesha/Thesis/ws_moveit/install/launch_param_builder:/home/nimesha/thesis/ws_moveit/install/moveit_configs_utils:/home/nimesha/thesis/ws_moveit/install/launch_param_builder:/opt/ros/humble /usr/bin/cmake --install /home/nimesha/Thesis/mujoco_ros2_control/build/mujoco_ros2_control_demos
[0.254s] -- Install configuration: ""
[0.254s] -- Installing: /home/nimesha/Thesis/mujoco_ros2_control/install/mujoco_ros2_control_demos/share/mujoco_ros2_control_demos//launch
[0.256s] -- Installing: /home/nimesha/Thesis/mujoco_ros2_control/install/mujoco_ros2_control_demos/share/mujoco_ros2_control_demos//launch/vertical_cart_example_position_pid.launch.py
[0.256s] -- Installing: /home/nimesha/Thesis/mujoco_ros2_control/install/mujoco_ros2_control_demos/share/mujoco_ros2_control_demos//launch/gripper_mimic_joint_example.launch.py
[0.256s] -- Installing: /home/nimesha/Thesis/mujoco_ros2_control/install/mujoco_ros2_control_demos/share/mujoco_ros2_control_demos//launch/vertical_cart_example_velocity.launch.py
[0.256s] -- Installing: /home/nimesha/Thesis/mujoco_ros2_control/install/mujoco_ros2_control_demos/share/mujoco_ros2_control_demos//launch/diff_drive.launch.py
[0.257s] -- Installing: /home/nimesha/Thesis/mujoco_ros2_control/install/mujoco_ros2_control_demos/share/mujoco_ros2_control_demos//launch/cart_example_effort.launch.py
[0.257s] -- Installing: /home/nimesha/Thesis/mujoco_ros2_control/install/mujoco_ros2_control_demos/share/mujoco_ros2_control_demos//launch/tricycle_drive.launch.py
[0.257s] -- Installing: /home/nimesha/Thesis/mujoco_ros2_control/install/mujoco_ros2_control_demos/share/mujoco_ros2_control_demos//launch/cart_example_velocity.launch.py
[0.258s] -- Installing: /home/nimesha/Thesis/mujoco_ros2_control/install/mujoco_ros2_control_demos/share/mujoco_ros2_control_demos//launch/ft_sensor_example.launch.py
[0.258s] -- Installing: /home/nimesha/Thesis/mujoco_ros2_control/install/mujoco_ros2_control_demos/share/mujoco_ros2_control_demos//launch/cart_example_position.launch.py
[0.258s] -- Installing: /home/nimesha/Thesis/mujoco_ros2_control/install/mujoco_ros2_control_demos/share/mujoco_ros2_control_demos//config
[0.258s] -- Installing: /home/nimesha/Thesis/mujoco_ros2_control/install/mujoco_ros2_control_demos/share/mujoco_ros2_control_demos//config/tricycle_drive_controller.yaml
[0.258s] -- Installing: /home/nimesha/Thesis/mujoco_ros2_control/install/mujoco_ros2_control_demos/share/mujoco_ros2_control_demos//config/gripper_controller.yaml
[0.259s] -- Installing: /home/nimesha/Thesis/mujoco_ros2_control/install/mujoco_ros2_control_demos/share/mujoco_ros2_control_demos//config/cartpole_controller_velocity.yaml
[0.259s] -- Installing: /home/nimesha/Thesis/mujoco_ros2_control/install/mujoco_ros2_control_demos/share/mujoco_ros2_control_demos//config/cartpole_controller_position.yaml
[0.259s] -- Installing: /home/nimesha/Thesis/mujoco_ros2_control/install/mujoco_ros2_control_demos/share/mujoco_ros2_control_demos//config/cartpole_controller_effort.yaml
[0.259s] -- Installing: /home/nimesha/Thesis/mujoco_ros2_control/install/mujoco_ros2_control_demos/share/mujoco_ros2_control_demos//config/diff_drive_controller.yaml
[0.259s] -- Installing: /home/nimesha/Thesis/mujoco_ros2_control/install/mujoco_ros2_control_demos/share/mujoco_ros2_control_demos//config/ft_broadcaster.yaml
[0.260s] -- Installing: /home/nimesha/Thesis/mujoco_ros2_control/install/mujoco_ros2_control_demos/share/mujoco_ros2_control_demos//urdf
[0.260s] -- Installing: /home/nimesha/Thesis/mujoco_ros2_control/install/mujoco_ros2_control_demos/share/mujoco_ros2_control_demos//urdf/test_gripper_mimic_joint.xacro.urdf
[0.260s] -- Installing: /home/nimesha/Thesis/mujoco_ros2_control/install/mujoco_ros2_control_demos/share/mujoco_ros2_control_demos//urdf/test_cart_position.xacro.urdf
[0.260s] -- Installing: /home/nimesha/Thesis/mujoco_ros2_control/install/mujoco_ros2_control_demos/share/mujoco_ros2_control_demos//urdf/test_ft_sensor.xacro.urdf
[0.261s] -- Installing: /home/nimesha/Thesis/mujoco_ros2_control/install/mujoco_ros2_control_demos/share/mujoco_ros2_control_demos//urdf/test_cart_velocity.xacro.urdf
[0.261s] -- Installing: /home/nimesha/Thesis/mujoco_ros2_control/install/mujoco_ros2_control_demos/share/mujoco_ros2_control_demos//urdf/test_diff_drive.xacro.urdf
[0.261s] -- Installing: /home/nimesha/Thesis/mujoco_ros2_control/install/mujoco_ros2_control_demos/share/mujoco_ros2_control_demos//urdf/test_tricycle_drive.xacro.urdf
[0.261s] -- Installing: /home/nimesha/Thesis/mujoco_ros2_control/install/mujoco_ros2_control_demos/share/mujoco_ros2_control_demos//urdf/test_cart_effort.xacro.urdf
[0.261s] -- Installing: /home/nimesha/Thesis/mujoco_ros2_control/install/mujoco_ros2_control_demos/share/mujoco_ros2_control_demos//urdf/test_vertical_cart_velocity_pid.xacro.urdf
[0.262s] -- Installing: /home/nimesha/Thesis/mujoco_ros2_control/install/mujoco_ros2_control_demos/share/mujoco_ros2_control_demos//urdf/test_vertical_cart_position_pid.xacro.urdf
[0.262s] -- Installing: /home/nimesha/Thesis/mujoco_ros2_control/install/mujoco_ros2_control_demos/share/mujoco_ros2_control_demos//mujoco_models
[0.262s] -- Installing: /home/nimesha/Thesis/mujoco_ros2_control/install/mujoco_ros2_control_demos/share/mujoco_ros2_control_demos//mujoco_models/test_tricycle_drive.xml
[0.262s] -- Installing: /home/nimesha/Thesis/mujoco_ros2_control/install/mujoco_ros2_control_demos/share/mujoco_ros2_control_demos//mujoco_models/test_ft_sensor.xml
[0.263s] -- Installing: /home/nimesha/Thesis/mujoco_ros2_control/install/mujoco_ros2_control_demos/share/mujoco_ros2_control_demos//mujoco_models/test_vertical_cart.xml
[0.263s] -- Installing: /home/nimesha/Thesis/mujoco_ros2_control/install/mujoco_ros2_control_demos/share/mujoco_ros2_control_demos//mujoco_models/test_gripper_mimic_joint.xml
[0.263s] -- Installing: /home/nimesha/Thesis/mujoco_ros2_control/install/mujoco_ros2_control_demos/share/mujoco_ros2_control_demos//mujoco_models/test_cart.xml
[0.263s] -- Installing: /home/nimesha/Thesis/mujoco_ros2_control/install/mujoco_ros2_control_demos/share/mujoco_ros2_control_demos//mujoco_models/test_diff_drive.xml
[0.263s] -- Installing: /home/nimesha/Thesis/mujoco_ros2_control/install/mujoco_ros2_control_demos/lib/mujoco_ros2_control_demos/example_position
[0.265s] -- Set runtime path of "/home/nimesha/Thesis/mujoco_ros2_control/install/mujoco_ros2_control_demos/lib/mujoco_ros2_control_demos/example_position" to ""
[0.265s] -- Installing: /home/nimesha/Thesis/mujoco_ros2_control/install/mujoco_ros2_control_demos/lib/mujoco_ros2_control_demos/example_velocity
[0.267s] -- Set runtime path of "/home/nimesha/Thesis/mujoco_ros2_control/install/mujoco_ros2_control_demos/lib/mujoco_ros2_control_demos/example_velocity" to ""
[0.267s] -- Installing: /home/nimesha/Thesis/mujoco_ros2_control/install/mujoco_ros2_control_demos/lib/mujoco_ros2_control_demos/example_effort
[0.268s] -- Set runtime path of "/home/nimesha/Thesis/mujoco_ros2_control/install/mujoco_ros2_control_demos/lib/mujoco_ros2_control_demos/example_effort" to ""
[0.268s] -- Installing: /home/nimesha/Thesis/mujoco_ros2_control/install/mujoco_ros2_control_demos/lib/mujoco_ros2_control_demos/example_diff_drive
[0.270s] -- Set runtime path of "/home/nimesha/Thesis/mujoco_ros2_control/install/mujoco_ros2_control_demos/lib/mujoco_ros2_control_demos/example_diff_drive" to ""
[0.270s] -- Installing: /home/nimesha/Thesis/mujoco_ros2_control/install/mujoco_ros2_control_demos/lib/mujoco_ros2_control_demos/example_tricycle_drive
[0.271s] -- Set runtime path of "/home/nimesha/Thesis/mujoco_ros2_control/install/mujoco_ros2_control_demos/lib/mujoco_ros2_control_demos/example_tricycle_drive" to ""
[0.271s] -- Installing: /home/nimesha/Thesis/mujoco_ros2_control/install/mujoco_ros2_control_demos/lib/mujoco_ros2_control_demos/example_gripper
[0.273s] -- Set runtime path of "/home/nimesha/Thesis/mujoco_ros2_control/install/mujoco_ros2_control_demos/lib/mujoco_ros2_control_demos/example_gripper" to ""
[0.274s] -- Installing: /home/nimesha/Thesis/mujoco_ros2_control/install/mujoco_ros2_control_demos/share/ament_index/resource_index/package_run_dependencies/mujoco_ros2_control_demos
[0.274s] -- Installing: /home/nimesha/Thesis/mujoco_ros2_control/install/mujoco_ros2_control_demos/share/ament_index/resource_index/parent_prefix_path/mujoco_ros2_control_demos
[0.274s] -- Installing: /home/nimesha/Thesis/mujoco_ros2_control/install/mujoco_ros2_control_demos/share/mujoco_ros2_control_demos/environment/ament_prefix_path.sh
[0.275s] -- Installing: /home/nimesha/Thesis/mujoco_ros2_control/install/mujoco_ros2_control_demos/share/mujoco_ros2_control_demos/environment/ament_prefix_path.dsv
[0.275s] -- Installing: /home/nimesha/Thesis/mujoco_ros2_control/install/mujoco_ros2_control_demos/share/mujoco_ros2_control_demos/environment/path.sh
[0.275s] -- Installing: /home/nimesha/Thesis/mujoco_ros2_control/install/mujoco_ros2_control_demos/share/mujoco_ros2_control_demos/environment/path.dsv
[0.276s] -- Installing: /home/nimesha/Thesis/mujoco_ros2_control/install/mujoco_ros2_control_demos/share/mujoco_ros2_control_demos/local_setup.bash
[0.276s] -- Installing: /home/nimesha/Thesis/mujoco_ros2_control/install/mujoco_ros2_control_demos/share/mujoco_ros2_control_demos/local_setup.sh
[0.276s] -- Installing: /home/nimesha/Thesis/mujoco_ros2_control/install/mujoco_ros2_control_demos/share/mujoco_ros2_control_demos/local_setup.zsh
[0.276s] -- Installing: /home/nimesha/Thesis/mujoco_ros2_control/install/mujoco_ros2_control_demos/share/mujoco_ros2_control_demos/local_setup.dsv
[0.276s] -- Installing: /home/nimesha/Thesis/mujoco_ros2_control/install/mujoco_ros2_control_demos/share/mujoco_ros2_control_demos/package.dsv
[0.277s] -- Installing: /home/nimesha/Thesis/mujoco_ros2_control/install/mujoco_ros2_control_demos/share/ament_index/resource_index/packages/mujoco_ros2_control_demos
[0.277s] -- Installing: /home/nimesha/Thesis/mujoco_ros2_control/install/mujoco_ros2_control_demos/share/mujoco_ros2_control_demos/cmake/mujoco_ros2_control_demosConfig.cmake
[0.277s] -- Installing: /home/nimesha/Thesis/mujoco_ros2_control/install/mujoco_ros2_control_demos/share/mujoco_ros2_control_demos/cmake/mujoco_ros2_control_demosConfig-version.cmake
[0.277s] -- Installing: /home/nimesha/Thesis/mujoco_ros2_control/install/mujoco_ros2_control_demos/share/mujoco_ros2_control_demos/package.xml
[0.279s] Invoked command in '/home/nimesha/Thesis/mujoco_ros2_control/build/mujoco_ros2_control_demos' returned '0': CMAKE_PREFIX_PATH=${CMAKE_PREFIX_PATH}:/home/nimesha/Thesis/ws_moveit/install/moveit_configs_utils:/home/nimesha/Thesis/ws_moveit/install/launch_param_builder:/home/nimesha/thesis/ws_moveit/install/moveit_configs_utils:/home/nimesha/thesis/ws_moveit/install/launch_param_builder:/opt/ros/humble /usr/bin/cmake --install /home/nimesha/Thesis/mujoco_ros2_control/build/mujoco_ros2_control_demos
