[0.737s] Invoking command in '/home/nimesha/Thesis/moveit_ur5_v2_ws/src/ws_moveit/src/launch_param_builder': PYTHONPATH=/home/nimesha/Thesis/moveit_ur5_v2_ws/build/launch_param_builder/prefix_override:/usr/lib/python3/dist-packages/colcon_core/task/python/colcon_distutils_commands:/home/nimesha/Thesis/moveit_ur5_v2_ws/install/launch_param_builder/lib/python3.10/site-packages:${PYTHONPATH} /usr/bin/python3 -W ignore:setup.py install is deprecated setup.py egg_info --egg-base ../../../../build/launch_param_builder build --build-base /home/nimesha/Thesis/moveit_ur5_v2_ws/build/launch_param_builder/build install --record /home/nimesha/Thesis/moveit_ur5_v2_ws/build/launch_param_builder/install.log --single-version-externally-managed install_data
[0.919s] running egg_info
[0.919s] writing ../../../../build/launch_param_builder/launch_param_builder.egg-info/PKG-INFO
[0.919s] writing dependency_links to ../../../../build/launch_param_builder/launch_param_builder.egg-info/dependency_links.txt
[0.920s] writing entry points to ../../../../build/launch_param_builder/launch_param_builder.egg-info/entry_points.txt
[0.920s] writing requirements to ../../../../build/launch_param_builder/launch_param_builder.egg-info/requires.txt
[0.920s] writing top-level names to ../../../../build/launch_param_builder/launch_param_builder.egg-info/top_level.txt
[0.921s] reading manifest file '../../../../build/launch_param_builder/launch_param_builder.egg-info/SOURCES.txt'
[0.921s] adding license file 'LICENSE'
[0.922s] writing manifest file '../../../../build/launch_param_builder/launch_param_builder.egg-info/SOURCES.txt'
[0.922s] running build
[0.922s] running build_py
[0.922s] running install
[0.922s] running install_lib
[0.923s] running install_data
[0.923s] running install_egg_info
[0.924s] removing '/home/nimesha/Thesis/moveit_ur5_v2_ws/install/launch_param_builder/lib/python3.10/site-packages/launch_param_builder-0.1.1-py3.10.egg-info' (and everything under it)
[0.924s] Copying ../../../../build/launch_param_builder/launch_param_builder.egg-info to /home/nimesha/Thesis/moveit_ur5_v2_ws/install/launch_param_builder/lib/python3.10/site-packages/launch_param_builder-0.1.1-py3.10.egg-info
[0.925s] running install_scripts
[0.939s] writing list of installed files to '/home/nimesha/Thesis/moveit_ur5_v2_ws/build/launch_param_builder/install.log'
[0.957s] Invoked command in '/home/nimesha/Thesis/moveit_ur5_v2_ws/src/ws_moveit/src/launch_param_builder' returned '0': PYTHONPATH=/home/nimesha/Thesis/moveit_ur5_v2_ws/build/launch_param_builder/prefix_override:/usr/lib/python3/dist-packages/colcon_core/task/python/colcon_distutils_commands:/home/nimesha/Thesis/moveit_ur5_v2_ws/install/launch_param_builder/lib/python3.10/site-packages:${PYTHONPATH} /usr/bin/python3 -W ignore:setup.py install is deprecated setup.py egg_info --egg-base ../../../../build/launch_param_builder build --build-base /home/nimesha/Thesis/moveit_ur5_v2_ws/build/launch_param_builder/build install --record /home/nimesha/Thesis/moveit_ur5_v2_ws/build/launch_param_builder/install.log --single-version-externally-managed install_data
