[0.007s] Invoking command in '/home/nimesha/Thesis/moveit_ur5_v2_ws/src/ws_moveit/build/srdfdom': CMAKE_PREFIX_PATH=${CMAKE_PREFIX_PATH}:/home/nimesha/Thesis/ws_moveit/install/moveit_configs_utils:/home/nimesha/Thesis/ws_moveit/install/launch_param_builder:/opt/ros/humble /usr/bin/cmake /home/nimesha/Thesis/moveit_ur5_v2_ws/src/ws_moveit/src/srdfdom -DCMAKE_BUILD_TYPE=Release -DCMAKE_INSTALL_PREFIX=/home/nimesha/Thesis/moveit_ur5_v2_ws/src/ws_moveit/install/srdfdom
[0.076s] -- The CXX compiler identification is GNU 11.4.0
[0.186s] -- Detecting CXX compiler ABI info
[0.263s] -- Detecting CXX compiler ABI info - done
[0.270s] -- Check for working CXX compiler: /usr/bin/c++ - skipped
[0.271s] -- Detecting CXX compile features
[0.272s] -- Detecting CXX compile features - done
[0.292s] -- Found Boost: /usr/lib/x86_64-linux-gnu/cmake/Boost-1.74.0/BoostConfig.cmake (found version "1.74.0")  
[0.299s] -- Found ament_cmake: 1.3.10 (/home/nimesha/ros2_humble/ros2-linux/share/ament_cmake/cmake)
[0.386s] -- Found Python3: /usr/bin/python3 (found version "3.10.12") found components: Interpreter 
[0.436s] -- Found urdf: 2.6.0 (/home/nimesha/ros2_humble/ros2-linux/share/urdf/cmake)
[0.994s] -- Found TinyXML2 via Config file: TinyXML2_DIR-NOTFOUND
[1.050s] -- Found ament_cmake_gtest: 1.3.10 (/home/nimesha/ros2_humble/ros2-linux/share/ament_cmake_gtest/cmake)
[1.051s] -- Found ament_cmake_pytest: 1.3.10 (/home/nimesha/ros2_humble/ros2-linux/share/ament_cmake_pytest/cmake)
[1.366s] -- Found gtest sources under '/home/nimesha/ros2_humble/ros2-linux/src/gtest_vendor': C++ tests using 'Google Test' will be built
[1.414s] -- The C compiler identification is GNU 11.4.0
[1.521s] -- Detecting C compiler ABI info
[1.595s] -- Detecting C compiler ABI info - done
[1.601s] -- Check for working C compiler: /usr/bin/cc - skipped
[1.601s] -- Detecting C compile features
[1.601s] -- Detecting C compile features - done
[1.603s] -- Looking for C++ include pthread.h
[1.686s] -- Looking for C++ include pthread.h - found
[1.686s] -- Performing Test CMAKE_HAVE_LIBC_PTHREAD
[1.771s] -- Performing Test CMAKE_HAVE_LIBC_PTHREAD - Success
[1.772s] -- Found Threads: TRUE  
[1.776s] -- Found ament_lint_auto: 0.12.11 (/home/nimesha/ros2_humble/ros2-linux/share/ament_lint_auto/cmake)
[2.200s] -- Configuring done
[2.216s] -- Generating done
[2.217s] -- Build files have been written to: /home/nimesha/Thesis/moveit_ur5_v2_ws/src/ws_moveit/build/srdfdom
[2.221s] Invoked command in '/home/nimesha/Thesis/moveit_ur5_v2_ws/src/ws_moveit/build/srdfdom' returned '0': CMAKE_PREFIX_PATH=${CMAKE_PREFIX_PATH}:/home/nimesha/Thesis/ws_moveit/install/moveit_configs_utils:/home/nimesha/Thesis/ws_moveit/install/launch_param_builder:/opt/ros/humble /usr/bin/cmake /home/nimesha/Thesis/moveit_ur5_v2_ws/src/ws_moveit/src/srdfdom -DCMAKE_BUILD_TYPE=Release -DCMAKE_INSTALL_PREFIX=/home/nimesha/Thesis/moveit_ur5_v2_ws/src/ws_moveit/install/srdfdom
[2.223s] Invoking command in '/home/nimesha/Thesis/moveit_ur5_v2_ws/src/ws_moveit/build/srdfdom': CMAKE_PREFIX_PATH=${CMAKE_PREFIX_PATH}:/home/nimesha/Thesis/ws_moveit/install/moveit_configs_utils:/home/nimesha/Thesis/ws_moveit/install/launch_param_builder:/opt/ros/humble /usr/bin/cmake --build /home/nimesha/Thesis/moveit_ur5_v2_ws/src/ws_moveit/build/srdfdom -- -j32 -l32
[2.255s] [  9%] [32mBuilding CXX object gtest/CMakeFiles/gtest_main.dir/src/gtest_main.cc.o[0m
[2.255s] [ 18%] [32mBuilding CXX object CMakeFiles/srdfdom.dir/src/model.cpp.o[0m
[2.256s] [ 27%] [32mBuilding CXX object CMakeFiles/srdfdom.dir/src/srdf_writer.cpp.o[0m
[2.257s] [ 36%] [32mBuilding CXX object gtest/CMakeFiles/gtest.dir/src/gtest-all.cc.o[0m
[2.267s] [ 36%] Built target ament_cmake_python_copy_srdfdom
[2.412s] running egg_info
[2.412s] creating srdfdom.egg-info
[2.412s] writing srdfdom.egg-info/PKG-INFO
[2.412s] writing dependency_links to srdfdom.egg-info/dependency_links.txt
[2.412s] writing top-level names to srdfdom.egg-info/top_level.txt
[2.412s] writing manifest file 'srdfdom.egg-info/SOURCES.txt'
[2.413s] reading manifest file 'srdfdom.egg-info/SOURCES.txt'
[2.414s] writing manifest file 'srdfdom.egg-info/SOURCES.txt'
[2.431s] [ 36%] Built target ament_cmake_python_build_srdfdom_egg
[2.700s] [ 45%] [32m[1mLinking CXX static library libgtest_main.a[0m
[2.744s] [ 45%] Built target gtest_main
[4.667s] [ 54%] [32m[1mLinking CXX shared library libsrdfdom.so[0m
[4.800s] [ 54%] Built target srdfdom
[6.952s] [ 63%] [32m[1mLinking CXX static library libgtest.a[0m
[6.990s] [ 63%] Built target gtest
[7.004s] [ 72%] [32mBuilding CXX object CMakeFiles/test_cpp_C.dir/test/test_parser.cpp.o[0m
[7.007s] [ 81%] [32mBuilding CXX object CMakeFiles/test_cpp_nl_NL.UTF-8.dir/test/test_parser.cpp.o[0m
[8.773s] [ 90%] [32m[1mLinking CXX executable test_cpp_C[0m
[8.865s] [ 90%] Built target test_cpp_C
[8.880s] [100%] [32m[1mLinking CXX executable test_cpp_nl_NL.UTF-8[0m
[8.964s] [100%] Built target test_cpp_nl_NL.UTF-8
[8.970s] Invoked command in '/home/nimesha/Thesis/moveit_ur5_v2_ws/src/ws_moveit/build/srdfdom' returned '0': CMAKE_PREFIX_PATH=${CMAKE_PREFIX_PATH}:/home/nimesha/Thesis/ws_moveit/install/moveit_configs_utils:/home/nimesha/Thesis/ws_moveit/install/launch_param_builder:/opt/ros/humble /usr/bin/cmake --build /home/nimesha/Thesis/moveit_ur5_v2_ws/src/ws_moveit/build/srdfdom -- -j32 -l32
[9.015s] Invoking command in '/home/nimesha/Thesis/moveit_ur5_v2_ws/src/ws_moveit/build/srdfdom': CMAKE_PREFIX_PATH=${CMAKE_PREFIX_PATH}:/home/nimesha/Thesis/ws_moveit/install/moveit_configs_utils:/home/nimesha/Thesis/ws_moveit/install/launch_param_builder:/opt/ros/humble /usr/bin/cmake --install /home/nimesha/Thesis/moveit_ur5_v2_ws/src/ws_moveit/build/srdfdom
[9.018s] -- Install configuration: "Release"
[9.018s] -- Installing: /home/nimesha/Thesis/moveit_ur5_v2_ws/src/ws_moveit/install/srdfdom/lib/libsrdfdom.so.2.0.4
[9.018s] -- Set runtime path of "/home/nimesha/Thesis/moveit_ur5_v2_ws/src/ws_moveit/install/srdfdom/lib/libsrdfdom.so.2.0.4" to ""
[9.018s] -- Installing: /home/nimesha/Thesis/moveit_ur5_v2_ws/src/ws_moveit/install/srdfdom/lib/libsrdfdom.so
[9.019s] -- Installing: /home/nimesha/Thesis/moveit_ur5_v2_ws/src/ws_moveit/install/srdfdom/include/srdfdom
[9.019s] -- Installing: /home/nimesha/Thesis/moveit_ur5_v2_ws/src/ws_moveit/install/srdfdom/include/srdfdom/srdf_writer.h
[9.019s] -- Installing: /home/nimesha/Thesis/moveit_ur5_v2_ws/src/ws_moveit/install/srdfdom/include/srdfdom/model.h
[9.019s] -- Installing: /home/nimesha/Thesis/moveit_ur5_v2_ws/src/ws_moveit/install/srdfdom/include/srdfdom/visibility_control.h
[9.019s] -- Installing: /home/nimesha/Thesis/moveit_ur5_v2_ws/src/ws_moveit/install/srdfdom/lib/srdfdom/display_srdf
[9.019s] -- Installing: /home/nimesha/Thesis/moveit_ur5_v2_ws/src/ws_moveit/install/srdfdom/share/srdfdom/environment/pythonpath.sh
[9.019s] -- Installing: /home/nimesha/Thesis/moveit_ur5_v2_ws/src/ws_moveit/install/srdfdom/share/srdfdom/environment/pythonpath.dsv
[9.019s] -- Installing: /home/nimesha/Thesis/moveit_ur5_v2_ws/src/ws_moveit/install/srdfdom/local/lib/python3.10/dist-packages/srdfdom-2.0.4-py3.10.egg-info
[9.020s] -- Installing: /home/nimesha/Thesis/moveit_ur5_v2_ws/src/ws_moveit/install/srdfdom/local/lib/python3.10/dist-packages/srdfdom-2.0.4-py3.10.egg-info/SOURCES.txt
[9.020s] -- Installing: /home/nimesha/Thesis/moveit_ur5_v2_ws/src/ws_moveit/install/srdfdom/local/lib/python3.10/dist-packages/srdfdom-2.0.4-py3.10.egg-info/PKG-INFO
[9.020s] -- Installing: /home/nimesha/Thesis/moveit_ur5_v2_ws/src/ws_moveit/install/srdfdom/local/lib/python3.10/dist-packages/srdfdom-2.0.4-py3.10.egg-info/dependency_links.txt
[9.020s] -- Installing: /home/nimesha/Thesis/moveit_ur5_v2_ws/src/ws_moveit/install/srdfdom/local/lib/python3.10/dist-packages/srdfdom-2.0.4-py3.10.egg-info/top_level.txt
[9.020s] -- Installing: /home/nimesha/Thesis/moveit_ur5_v2_ws/src/ws_moveit/install/srdfdom/local/lib/python3.10/dist-packages/srdfdom
[9.020s] -- Installing: /home/nimesha/Thesis/moveit_ur5_v2_ws/src/ws_moveit/install/srdfdom/local/lib/python3.10/dist-packages/srdfdom/__init__.py
[9.020s] -- Installing: /home/nimesha/Thesis/moveit_ur5_v2_ws/src/ws_moveit/install/srdfdom/local/lib/python3.10/dist-packages/srdfdom/srdf.py
[9.041s] Listing '/home/nimesha/Thesis/moveit_ur5_v2_ws/src/ws_moveit/install/srdfdom/local/lib/python3.10/dist-packages/srdfdom'...
[9.041s] Compiling '/home/nimesha/Thesis/moveit_ur5_v2_ws/src/ws_moveit/install/srdfdom/local/lib/python3.10/dist-packages/srdfdom/__init__.py'...
[9.041s] Compiling '/home/nimesha/Thesis/moveit_ur5_v2_ws/src/ws_moveit/install/srdfdom/local/lib/python3.10/dist-packages/srdfdom/srdf.py'...
[9.045s] -- Installing: /home/nimesha/Thesis/moveit_ur5_v2_ws/src/ws_moveit/install/srdfdom/share/srdfdom/environment/library_path.sh
[9.045s] -- Installing: /home/nimesha/Thesis/moveit_ur5_v2_ws/src/ws_moveit/install/srdfdom/share/srdfdom/environment/library_path.dsv
[9.045s] -- Installing: /home/nimesha/Thesis/moveit_ur5_v2_ws/src/ws_moveit/install/srdfdom/share/ament_index/resource_index/package_run_dependencies/srdfdom
[9.045s] -- Installing: /home/nimesha/Thesis/moveit_ur5_v2_ws/src/ws_moveit/install/srdfdom/share/ament_index/resource_index/parent_prefix_path/srdfdom
[9.045s] -- Installing: /home/nimesha/Thesis/moveit_ur5_v2_ws/src/ws_moveit/install/srdfdom/share/srdfdom/environment/ament_prefix_path.sh
[9.046s] -- Installing: /home/nimesha/Thesis/moveit_ur5_v2_ws/src/ws_moveit/install/srdfdom/share/srdfdom/environment/ament_prefix_path.dsv
[9.046s] -- Installing: /home/nimesha/Thesis/moveit_ur5_v2_ws/src/ws_moveit/install/srdfdom/share/srdfdom/environment/path.sh
[9.046s] -- Installing: /home/nimesha/Thesis/moveit_ur5_v2_ws/src/ws_moveit/install/srdfdom/share/srdfdom/environment/path.dsv
[9.046s] -- Installing: /home/nimesha/Thesis/moveit_ur5_v2_ws/src/ws_moveit/install/srdfdom/share/srdfdom/local_setup.bash
[9.046s] -- Installing: /home/nimesha/Thesis/moveit_ur5_v2_ws/src/ws_moveit/install/srdfdom/share/srdfdom/local_setup.sh
[9.046s] -- Installing: /home/nimesha/Thesis/moveit_ur5_v2_ws/src/ws_moveit/install/srdfdom/share/srdfdom/local_setup.zsh
[9.046s] -- Installing: /home/nimesha/Thesis/moveit_ur5_v2_ws/src/ws_moveit/install/srdfdom/share/srdfdom/local_setup.dsv
[9.046s] -- Installing: /home/nimesha/Thesis/moveit_ur5_v2_ws/src/ws_moveit/install/srdfdom/share/srdfdom/package.dsv
[9.046s] -- Installing: /home/nimesha/Thesis/moveit_ur5_v2_ws/src/ws_moveit/install/srdfdom/share/ament_index/resource_index/packages/srdfdom
[9.047s] -- Installing: /home/nimesha/Thesis/moveit_ur5_v2_ws/src/ws_moveit/install/srdfdom/share/srdfdom/cmake/srdfdomTargetsExport.cmake
[9.047s] -- Installing: /home/nimesha/Thesis/moveit_ur5_v2_ws/src/ws_moveit/install/srdfdom/share/srdfdom/cmake/srdfdomTargetsExport-release.cmake
[9.047s] -- Installing: /home/nimesha/Thesis/moveit_ur5_v2_ws/src/ws_moveit/install/srdfdom/share/srdfdom/cmake/ament_cmake_export_targets-extras.cmake
[9.047s] -- Installing: /home/nimesha/Thesis/moveit_ur5_v2_ws/src/ws_moveit/install/srdfdom/share/srdfdom/cmake/ament_cmake_export_dependencies-extras.cmake
[9.047s] -- Installing: /home/nimesha/Thesis/moveit_ur5_v2_ws/src/ws_moveit/install/srdfdom/share/srdfdom/cmake/srdfdomConfig.cmake
[9.047s] -- Installing: /home/nimesha/Thesis/moveit_ur5_v2_ws/src/ws_moveit/install/srdfdom/share/srdfdom/cmake/srdfdomConfig-version.cmake
[9.047s] -- Installing: /home/nimesha/Thesis/moveit_ur5_v2_ws/src/ws_moveit/install/srdfdom/share/srdfdom/package.xml
[9.049s] Invoked command in '/home/nimesha/Thesis/moveit_ur5_v2_ws/src/ws_moveit/build/srdfdom' returned '0': CMAKE_PREFIX_PATH=${CMAKE_PREFIX_PATH}:/home/nimesha/Thesis/ws_moveit/install/moveit_configs_utils:/home/nimesha/Thesis/ws_moveit/install/launch_param_builder:/opt/ros/humble /usr/bin/cmake --install /home/nimesha/Thesis/moveit_ur5_v2_ws/src/ws_moveit/build/srdfdom
