[0.057s] Invoking command in '/home/nimesha/thesis/ws_moveit/build/rviz_marker_tools': CMAKE_PREFIX_PATH=/home/nimesha/thesis/ws_moveit/install/moveit_common:/home/nimesha/ros2_humble/ros2-linux:/home/nimesha/thesis/ws_moveit/install/robotiq_description:/home/nimesha/thesis/ws_moveit/install/moveit_resources_prbt_support:/home/nimesha/thesis/ws_moveit/install/moveit_resources_pr2_description:/home/nimesha/thesis/ws_moveit/install/moveit_resources_panda_description:/home/nimesha/thesis/ws_moveit/install/moveit_resources_fanuc_description:/opt/ros/humble:/home/nimesha/thesis/ws_moveit/install/moveit_configs_utils:/opt/ros/rolling /usr/bin/cmake --build /home/nimesha/thesis/ws_moveit/build/rviz_marker_tools -- -j32 -l32
[0.182s] [100%] Built target rviz_marker_tools
[0.205s] Invoked command in '/home/nimesha/thesis/ws_moveit/build/rviz_marker_tools' returned '0': CMAKE_PREFIX_PATH=/home/nimesha/thesis/ws_moveit/install/moveit_common:/home/nimesha/ros2_humble/ros2-linux:/home/nimesha/thesis/ws_moveit/install/robotiq_description:/home/nimesha/thesis/ws_moveit/install/moveit_resources_prbt_support:/home/nimesha/thesis/ws_moveit/install/moveit_resources_pr2_description:/home/nimesha/thesis/ws_moveit/install/moveit_resources_panda_description:/home/nimesha/thesis/ws_moveit/install/moveit_resources_fanuc_description:/opt/ros/humble:/home/nimesha/thesis/ws_moveit/install/moveit_configs_utils:/opt/ros/rolling /usr/bin/cmake --build /home/nimesha/thesis/ws_moveit/build/rviz_marker_tools -- -j32 -l32
[0.233s] Invoking command in '/home/nimesha/thesis/ws_moveit/build/rviz_marker_tools': CMAKE_PREFIX_PATH=/home/nimesha/thesis/ws_moveit/install/moveit_common:/home/nimesha/ros2_humble/ros2-linux:/home/nimesha/thesis/ws_moveit/install/robotiq_description:/home/nimesha/thesis/ws_moveit/install/moveit_resources_prbt_support:/home/nimesha/thesis/ws_moveit/install/moveit_resources_pr2_description:/home/nimesha/thesis/ws_moveit/install/moveit_resources_panda_description:/home/nimesha/thesis/ws_moveit/install/moveit_resources_fanuc_description:/opt/ros/humble:/home/nimesha/thesis/ws_moveit/install/moveit_configs_utils:/opt/ros/rolling /usr/bin/cmake --install /home/nimesha/thesis/ws_moveit/build/rviz_marker_tools
[0.238s] -- Install configuration: "Release"
[0.238s] -- Up-to-date: /home/nimesha/thesis/ws_moveit/install/rviz_marker_tools/include
[0.238s] -- Up-to-date: /home/nimesha/thesis/ws_moveit/install/rviz_marker_tools/include/rviz_marker_tools
[0.238s] -- Up-to-date: /home/nimesha/thesis/ws_moveit/install/rviz_marker_tools/include/rviz_marker_tools/marker_creation.h
[0.239s] -- Up-to-date: /home/nimesha/thesis/ws_moveit/install/rviz_marker_tools/lib/librviz_marker_tools.so
[0.240s] -- Up-to-date: /home/nimesha/thesis/ws_moveit/install/rviz_marker_tools/share/rviz_marker_tools/environment/library_path.sh
[0.240s] -- Up-to-date: /home/nimesha/thesis/ws_moveit/install/rviz_marker_tools/share/rviz_marker_tools/environment/library_path.dsv
[0.240s] -- Up-to-date: /home/nimesha/thesis/ws_moveit/install/rviz_marker_tools/share/ament_index/resource_index/package_run_dependencies/rviz_marker_tools
[0.241s] -- Up-to-date: /home/nimesha/thesis/ws_moveit/install/rviz_marker_tools/share/ament_index/resource_index/parent_prefix_path/rviz_marker_tools
[0.241s] -- Up-to-date: /home/nimesha/thesis/ws_moveit/install/rviz_marker_tools/share/rviz_marker_tools/environment/ament_prefix_path.sh
[0.241s] -- Up-to-date: /home/nimesha/thesis/ws_moveit/install/rviz_marker_tools/share/rviz_marker_tools/environment/ament_prefix_path.dsv
[0.241s] -- Up-to-date: /home/nimesha/thesis/ws_moveit/install/rviz_marker_tools/share/rviz_marker_tools/environment/path.sh
[0.241s] -- Up-to-date: /home/nimesha/thesis/ws_moveit/install/rviz_marker_tools/share/rviz_marker_tools/environment/path.dsv
[0.241s] -- Up-to-date: /home/nimesha/thesis/ws_moveit/install/rviz_marker_tools/share/rviz_marker_tools/local_setup.bash
[0.241s] -- Up-to-date: /home/nimesha/thesis/ws_moveit/install/rviz_marker_tools/share/rviz_marker_tools/local_setup.sh
[0.241s] -- Up-to-date: /home/nimesha/thesis/ws_moveit/install/rviz_marker_tools/share/rviz_marker_tools/local_setup.zsh
[0.242s] -- Up-to-date: /home/nimesha/thesis/ws_moveit/install/rviz_marker_tools/share/rviz_marker_tools/local_setup.dsv
[0.242s] -- Installing: /home/nimesha/thesis/ws_moveit/install/rviz_marker_tools/share/rviz_marker_tools/package.dsv
[0.242s] -- Up-to-date: /home/nimesha/thesis/ws_moveit/install/rviz_marker_tools/share/ament_index/resource_index/packages/rviz_marker_tools
[0.243s] -- Up-to-date: /home/nimesha/thesis/ws_moveit/install/rviz_marker_tools/share/rviz_marker_tools/cmake/rviz_marker_toolsTargetsExport.cmake
[0.243s] -- Up-to-date: /home/nimesha/thesis/ws_moveit/install/rviz_marker_tools/share/rviz_marker_tools/cmake/rviz_marker_toolsTargetsExport-release.cmake
[0.243s] -- Up-to-date: /home/nimesha/thesis/ws_moveit/install/rviz_marker_tools/share/rviz_marker_tools/cmake/ament_cmake_export_targets-extras.cmake
[0.243s] -- Up-to-date: /home/nimesha/thesis/ws_moveit/install/rviz_marker_tools/share/rviz_marker_tools/cmake/ament_cmake_export_dependencies-extras.cmake
[0.243s] -- Up-to-date: /home/nimesha/thesis/ws_moveit/install/rviz_marker_tools/share/rviz_marker_tools/cmake/rviz_marker_toolsConfig.cmake
[0.243s] -- Up-to-date: /home/nimesha/thesis/ws_moveit/install/rviz_marker_tools/share/rviz_marker_tools/cmake/rviz_marker_toolsConfig-version.cmake
[0.244s] -- Up-to-date: /home/nimesha/thesis/ws_moveit/install/rviz_marker_tools/share/rviz_marker_tools/package.xml
[0.245s] Invoked command in '/home/nimesha/thesis/ws_moveit/build/rviz_marker_tools' returned '0': CMAKE_PREFIX_PATH=/home/nimesha/thesis/ws_moveit/install/moveit_common:/home/nimesha/ros2_humble/ros2-linux:/home/nimesha/thesis/ws_moveit/install/robotiq_description:/home/nimesha/thesis/ws_moveit/install/moveit_resources_prbt_support:/home/nimesha/thesis/ws_moveit/install/moveit_resources_pr2_description:/home/nimesha/thesis/ws_moveit/install/moveit_resources_panda_description:/home/nimesha/thesis/ws_moveit/install/moveit_resources_fanuc_description:/opt/ros/humble:/home/nimesha/thesis/ws_moveit/install/moveit_configs_utils:/opt/ros/rolling /usr/bin/cmake --install /home/nimesha/thesis/ws_moveit/build/rviz_marker_tools
