[01m[Kc++:[m[K [01;31m[Kfatal error: [m[KKilled signal terminated program cc1plus
compilation terminated.
gmake[2]: *** [ompl_interface/CMakeFiles/moveit_ompl_interface.dir/build.make:104: ompl_interface/CMakeFiles/moveit_ompl_interface.dir/src/model_based_planning_context.cpp.o] Error 1
gmake[2]: *** Waiting for unfinished jobs....
[01m[Kc++:[m[K [01;31m[Kfatal error: [m[KKilled signal terminated program cc1plus
compilation terminated.
gmake[2]: *** [ompl_interface/CMakeFiles/moveit_ompl_interface.dir/build.make:188: ompl_interface/CMakeFiles/moveit_ompl_interface.dir/src/parameterization/joint_space/joint_model_state_space_factory.cpp.o] Error 1
[01m[Kc++:[m[K [01;31m[Kfatal error: [m[KKilled signal terminated program cc1plus
compilation terminated.
gmake[2]: *** [ompl_interface/CMakeFiles/moveit_ompl_interface.dir/build.make:258: ompl_interface/CMakeFiles/moveit_ompl_interface.dir/src/detail/state_validity_checker.cpp.o] Error 1
[01m[Kc++:[m[K [01;31m[Kfatal error: [m[KKilled signal terminated program cc1plus
compilation terminated.
gmake[2]: *** [ompl_interface/CMakeFiles/moveit_ompl_interface.dir/build.make:342: ompl_interface/CMakeFiles/moveit_ompl_interface.dir/src/detail/constrained_goal_sampler.cpp.o] Error 1
[01m[Kc++:[m[K [01;31m[Kfatal error: [m[KKilled signal terminated program cc1plus
compilation terminated.
gmake[2]: *** [ompl_interface/CMakeFiles/moveit_ompl_interface.dir/build.make:90: ompl_interface/CMakeFiles/moveit_ompl_interface.dir/src/planning_context_manager.cpp.o] Error 1
[01m[Kc++:[m[K [01;31m[Kfatal error: [m[KKilled signal terminated program cc1plus
compilation terminated.
gmake[2]: *** [ompl_interface/CMakeFiles/moveit_ompl_interface.dir/build.make:300: ompl_interface/CMakeFiles/moveit_ompl_interface.dir/src/detail/constraints_library.cpp.o] Error 1
gmake[1]: *** [CMakeFiles/Makefile2:186: ompl_interface/CMakeFiles/moveit_ompl_interface.dir/all] Error 2
gmake: *** [Makefile:146: all] Error 2
