[0.008s] Invoking command in '/home/nimesha/Thesis/moveit_ur5_v2_ws/src/ws_moveit/build/moveit_resources_pr2_description': CMAKE_PREFIX_PATH=${CMAKE_PREFIX_PATH}:/home/nimesha/Thesis/ws_moveit/install/moveit_configs_utils:/home/nimesha/Thesis/ws_moveit/install/launch_param_builder:/opt/ros/humble /usr/bin/cmake /home/nimesha/Thesis/moveit_ur5_v2_ws/src/ws_moveit/src/moveit_resources/pr2_description -DCMAKE_BUILD_TYPE=Release -DCMAKE_INSTALL_PREFIX=/home/nimesha/Thesis/moveit_ur5_v2_ws/src/ws_moveit/install/moveit_resources_pr2_description
[0.095s] -- The C compiler identification is GNU 11.4.0
[0.278s] -- The CXX compiler identification is GNU 11.4.0
[0.389s] -- Detecting C compiler ABI info
[0.461s] -- Detecting C compiler ABI info - done
[0.464s] -- Check for working C compiler: /usr/bin/cc - skipped
[0.465s] -- Detecting C compile features
[0.465s] -- Detecting C compile features - done
[0.468s] -- Detecting CXX compiler ABI info
[0.541s] -- Detecting CXX compiler ABI info - done
[0.545s] -- Check for working CXX compiler: /usr/bin/c++ - skipped
[0.545s] -- Detecting CXX compile features
[0.545s] -- Detecting CXX compile features - done
[0.546s] -- Found ament_cmake: 1.3.10 (/home/nimesha/ros2_humble/ros2-linux/share/ament_cmake/cmake)
[0.628s] -- Found Python3: /usr/bin/python3 (found version "3.10.12") found components: Interpreter 
[0.713s] -- Configuring done
[0.715s] -- Generating done
[0.715s] -- Build files have been written to: /home/nimesha/Thesis/moveit_ur5_v2_ws/src/ws_moveit/build/moveit_resources_pr2_description
[0.718s] Invoked command in '/home/nimesha/Thesis/moveit_ur5_v2_ws/src/ws_moveit/build/moveit_resources_pr2_description' returned '0': CMAKE_PREFIX_PATH=${CMAKE_PREFIX_PATH}:/home/nimesha/Thesis/ws_moveit/install/moveit_configs_utils:/home/nimesha/Thesis/ws_moveit/install/launch_param_builder:/opt/ros/humble /usr/bin/cmake /home/nimesha/Thesis/moveit_ur5_v2_ws/src/ws_moveit/src/moveit_resources/pr2_description -DCMAKE_BUILD_TYPE=Release -DCMAKE_INSTALL_PREFIX=/home/nimesha/Thesis/moveit_ur5_v2_ws/src/ws_moveit/install/moveit_resources_pr2_description
[0.718s] Invoking command in '/home/nimesha/Thesis/moveit_ur5_v2_ws/src/ws_moveit/build/moveit_resources_pr2_description': CMAKE_PREFIX_PATH=${CMAKE_PREFIX_PATH}:/home/nimesha/Thesis/ws_moveit/install/moveit_configs_utils:/home/nimesha/Thesis/ws_moveit/install/launch_param_builder:/opt/ros/humble /usr/bin/cmake --build /home/nimesha/Thesis/moveit_ur5_v2_ws/src/ws_moveit/build/moveit_resources_pr2_description -- -j32 -l32
[0.739s] Invoked command in '/home/nimesha/Thesis/moveit_ur5_v2_ws/src/ws_moveit/build/moveit_resources_pr2_description' returned '0': CMAKE_PREFIX_PATH=${CMAKE_PREFIX_PATH}:/home/nimesha/Thesis/ws_moveit/install/moveit_configs_utils:/home/nimesha/Thesis/ws_moveit/install/launch_param_builder:/opt/ros/humble /usr/bin/cmake --build /home/nimesha/Thesis/moveit_ur5_v2_ws/src/ws_moveit/build/moveit_resources_pr2_description -- -j32 -l32
[0.764s] Invoking command in '/home/nimesha/Thesis/moveit_ur5_v2_ws/src/ws_moveit/build/moveit_resources_pr2_description': CMAKE_PREFIX_PATH=${CMAKE_PREFIX_PATH}:/home/nimesha/Thesis/ws_moveit/install/moveit_configs_utils:/home/nimesha/Thesis/ws_moveit/install/launch_param_builder:/opt/ros/humble /usr/bin/cmake --install /home/nimesha/Thesis/moveit_ur5_v2_ws/src/ws_moveit/build/moveit_resources_pr2_description
[0.769s] -- Install configuration: "Release"
[0.770s] -- Installing: /home/nimesha/Thesis/moveit_ur5_v2_ws/src/ws_moveit/install/moveit_resources_pr2_description/share/ament_index/resource_index/package_run_dependencies/moveit_resources_pr2_description
[0.770s] -- Installing: /home/nimesha/Thesis/moveit_ur5_v2_ws/src/ws_moveit/install/moveit_resources_pr2_description/share/ament_index/resource_index/parent_prefix_path/moveit_resources_pr2_description
[0.770s] -- Installing: /home/nimesha/Thesis/moveit_ur5_v2_ws/src/ws_moveit/install/moveit_resources_pr2_description/share/moveit_resources_pr2_description/environment/ament_prefix_path.sh
[0.770s] -- Installing: /home/nimesha/Thesis/moveit_ur5_v2_ws/src/ws_moveit/install/moveit_resources_pr2_description/share/moveit_resources_pr2_description/environment/ament_prefix_path.dsv
[0.770s] -- Installing: /home/nimesha/Thesis/moveit_ur5_v2_ws/src/ws_moveit/install/moveit_resources_pr2_description/share/moveit_resources_pr2_description/environment/path.sh
[0.770s] -- Installing: /home/nimesha/Thesis/moveit_ur5_v2_ws/src/ws_moveit/install/moveit_resources_pr2_description/share/moveit_resources_pr2_description/environment/path.dsv
[0.770s] -- Installing: /home/nimesha/Thesis/moveit_ur5_v2_ws/src/ws_moveit/install/moveit_resources_pr2_description/share/moveit_resources_pr2_description/local_setup.bash
[0.770s] -- Installing: /home/nimesha/Thesis/moveit_ur5_v2_ws/src/ws_moveit/install/moveit_resources_pr2_description/share/moveit_resources_pr2_description/local_setup.sh
[0.771s] -- Installing: /home/nimesha/Thesis/moveit_ur5_v2_ws/src/ws_moveit/install/moveit_resources_pr2_description/share/moveit_resources_pr2_description/local_setup.zsh
[0.771s] -- Installing: /home/nimesha/Thesis/moveit_ur5_v2_ws/src/ws_moveit/install/moveit_resources_pr2_description/share/moveit_resources_pr2_description/local_setup.dsv
[0.771s] -- Installing: /home/nimesha/Thesis/moveit_ur5_v2_ws/src/ws_moveit/install/moveit_resources_pr2_description/share/moveit_resources_pr2_description/package.dsv
[0.771s] -- Installing: /home/nimesha/Thesis/moveit_ur5_v2_ws/src/ws_moveit/install/moveit_resources_pr2_description/share/ament_index/resource_index/packages/moveit_resources_pr2_description
[0.771s] -- Installing: /home/nimesha/Thesis/moveit_ur5_v2_ws/src/ws_moveit/install/moveit_resources_pr2_description/share/moveit_resources_pr2_description/cmake/moveit_resources_pr2_descriptionConfig.cmake
[0.771s] -- Installing: /home/nimesha/Thesis/moveit_ur5_v2_ws/src/ws_moveit/install/moveit_resources_pr2_description/share/moveit_resources_pr2_description/cmake/moveit_resources_pr2_descriptionConfig-version.cmake
[0.771s] -- Installing: /home/nimesha/Thesis/moveit_ur5_v2_ws/src/ws_moveit/install/moveit_resources_pr2_description/share/moveit_resources_pr2_description/package.xml
[0.771s] -- Installing: /home/nimesha/Thesis/moveit_ur5_v2_ws/src/ws_moveit/install/moveit_resources_pr2_description/share/moveit_resources_pr2_description/srdf
[0.772s] -- Installing: /home/nimesha/Thesis/moveit_ur5_v2_ws/src/ws_moveit/install/moveit_resources_pr2_description/share/moveit_resources_pr2_description/srdf/robot.xml
[0.772s] -- Installing: /home/nimesha/Thesis/moveit_ur5_v2_ws/src/ws_moveit/install/moveit_resources_pr2_description/share/moveit_resources_pr2_description/urdf
[0.774s] -- Installing: /home/nimesha/Thesis/moveit_ur5_v2_ws/src/ws_moveit/install/moveit_resources_pr2_description/share/moveit_resources_pr2_description/urdf/materials
[0.775s] -- Installing: /home/nimesha/Thesis/moveit_ur5_v2_ws/src/ws_moveit/install/moveit_resources_pr2_description/share/moveit_resources_pr2_description/urdf/materials/textures
[0.775s] -- Installing: /home/nimesha/Thesis/moveit_ur5_v2_ws/src/ws_moveit/install/moveit_resources_pr2_description/share/moveit_resources_pr2_description/urdf/materials/textures/pr2_wheel_left.png
[0.776s] -- Installing: /home/nimesha/Thesis/moveit_ur5_v2_ws/src/ws_moveit/install/moveit_resources_pr2_description/share/moveit_resources_pr2_description/urdf/materials/textures/pr2_wheel_right.png
[0.777s] -- Installing: /home/nimesha/Thesis/moveit_ur5_v2_ws/src/ws_moveit/install/moveit_resources_pr2_description/share/moveit_resources_pr2_description/urdf/materials/textures/pr2_caster_texture.png
[0.777s] -- Installing: /home/nimesha/Thesis/moveit_ur5_v2_ws/src/ws_moveit/install/moveit_resources_pr2_description/share/moveit_resources_pr2_description/urdf/meshes
[0.779s] -- Installing: /home/nimesha/Thesis/moveit_ur5_v2_ws/src/ws_moveit/install/moveit_resources_pr2_description/share/moveit_resources_pr2_description/urdf/meshes/tilting_laser_v0
[0.779s] -- Installing: /home/nimesha/Thesis/moveit_ur5_v2_ws/src/ws_moveit/install/moveit_resources_pr2_description/share/moveit_resources_pr2_description/urdf/meshes/tilting_laser_v0/tilting_hokuyo.dae
[0.780s] -- Installing: /home/nimesha/Thesis/moveit_ur5_v2_ws/src/ws_moveit/install/moveit_resources_pr2_description/share/moveit_resources_pr2_description/urdf/meshes/tilting_laser_v0/tilting_hokuyo.stl
[0.782s] -- Installing: /home/nimesha/Thesis/moveit_ur5_v2_ws/src/ws_moveit/install/moveit_resources_pr2_description/share/moveit_resources_pr2_description/urdf/meshes/tilting_laser_v0/tilting_hokuyo_L.stl
[0.782s] -- Installing: /home/nimesha/Thesis/moveit_ur5_v2_ws/src/ws_moveit/install/moveit_resources_pr2_description/share/moveit_resources_pr2_description/urdf/meshes/tilting_laser_v0/hok_tilt.stl
[0.783s] -- Installing: /home/nimesha/Thesis/moveit_ur5_v2_ws/src/ws_moveit/install/moveit_resources_pr2_description/share/moveit_resources_pr2_description/urdf/meshes/tilting_laser_v0/convex
[0.784s] -- Installing: /home/nimesha/Thesis/moveit_ur5_v2_ws/src/ws_moveit/install/moveit_resources_pr2_description/share/moveit_resources_pr2_description/urdf/meshes/tilting_laser_v0/convex/tilting_hokuyo.dae
[0.784s] -- Installing: /home/nimesha/Thesis/moveit_ur5_v2_ws/src/ws_moveit/install/moveit_resources_pr2_description/share/moveit_resources_pr2_description/urdf/meshes/tilting_laser_v0/convex/hok_tilt_convex.stla
[0.787s] -- Installing: /home/nimesha/Thesis/moveit_ur5_v2_ws/src/ws_moveit/install/moveit_resources_pr2_description/share/moveit_resources_pr2_description/urdf/meshes/tilting_laser_v0/convex/tilting_hokuyo_L_convex.stla
[0.788s] -- Installing: /home/nimesha/Thesis/moveit_ur5_v2_ws/src/ws_moveit/install/moveit_resources_pr2_description/share/moveit_resources_pr2_description/urdf/meshes/tilting_laser_v0/convex/hok_tilt.dae
[0.789s] -- Installing: /home/nimesha/Thesis/moveit_ur5_v2_ws/src/ws_moveit/install/moveit_resources_pr2_description/share/moveit_resources_pr2_description/urdf/meshes/tilting_laser_v0/convex/tilting_hokuyo_L.dae
[0.790s] -- Installing: /home/nimesha/Thesis/moveit_ur5_v2_ws/src/ws_moveit/install/moveit_resources_pr2_description/share/moveit_resources_pr2_description/urdf/meshes/tilting_laser_v0/convex/tilting_hokuyo_L_convex.stlb
[0.791s] -- Installing: /home/nimesha/Thesis/moveit_ur5_v2_ws/src/ws_moveit/install/moveit_resources_pr2_description/share/moveit_resources_pr2_description/urdf/meshes/tilting_laser_v0/convex/tilting_hokuyo_convex.stla
[0.793s] -- Installing: /home/nimesha/Thesis/moveit_ur5_v2_ws/src/ws_moveit/install/moveit_resources_pr2_description/share/moveit_resources_pr2_description/urdf/meshes/tilting_laser_v0/convex/tilting_hokuyo_L.xml
[0.793s] -- Installing: /home/nimesha/Thesis/moveit_ur5_v2_ws/src/ws_moveit/install/moveit_resources_pr2_description/share/moveit_resources_pr2_description/urdf/meshes/tilting_laser_v0/convex/hok_tilt.xml
[0.794s] -- Installing: /home/nimesha/Thesis/moveit_ur5_v2_ws/src/ws_moveit/install/moveit_resources_pr2_description/share/moveit_resources_pr2_description/urdf/meshes/tilting_laser_v0/convex/tilting_hokuyo.xml
[0.795s] -- Installing: /home/nimesha/Thesis/moveit_ur5_v2_ws/src/ws_moveit/install/moveit_resources_pr2_description/share/moveit_resources_pr2_description/urdf/meshes/tilting_laser_v0/convex/tilting_hokuyo_convex.stlb
[0.795s] -- Installing: /home/nimesha/Thesis/moveit_ur5_v2_ws/src/ws_moveit/install/moveit_resources_pr2_description/share/moveit_resources_pr2_description/urdf/meshes/tilting_laser_v0/convex/hok_tilt_convex.stlb
[0.795s] -- Installing: /home/nimesha/Thesis/moveit_ur5_v2_ws/src/ws_moveit/install/moveit_resources_pr2_description/share/moveit_resources_pr2_description/urdf/meshes/tilting_laser_v0/tilting_hokuyo_normals.tif
[0.801s] -- Installing: /home/nimesha/Thesis/moveit_ur5_v2_ws/src/ws_moveit/install/moveit_resources_pr2_description/share/moveit_resources_pr2_description/urdf/meshes/tilting_laser_v0/tilting_hokuyo_color.tif
[0.802s] -- Installing: /home/nimesha/Thesis/moveit_ur5_v2_ws/src/ws_moveit/install/moveit_resources_pr2_description/share/moveit_resources_pr2_description/urdf/meshes/upper_arm_v0
[0.804s] -- Installing: /home/nimesha/Thesis/moveit_ur5_v2_ws/src/ws_moveit/install/moveit_resources_pr2_description/share/moveit_resources_pr2_description/urdf/meshes/upper_arm_v0/forearm_roll.stl
[0.805s] -- Installing: /home/nimesha/Thesis/moveit_ur5_v2_ws/src/ws_moveit/install/moveit_resources_pr2_description/share/moveit_resources_pr2_description/urdf/meshes/upper_arm_v0/elbow_flex_color.tif
[0.806s] -- Installing: /home/nimesha/Thesis/moveit_ur5_v2_ws/src/ws_moveit/install/moveit_resources_pr2_description/share/moveit_resources_pr2_description/urdf/meshes/upper_arm_v0/upper_arm_color.tif
[0.808s] -- Installing: /home/nimesha/Thesis/moveit_ur5_v2_ws/src/ws_moveit/install/moveit_resources_pr2_description/share/moveit_resources_pr2_description/urdf/meshes/upper_arm_v0/forearm_roll_L.stl
[0.808s] -- Installing: /home/nimesha/Thesis/moveit_ur5_v2_ws/src/ws_moveit/install/moveit_resources_pr2_description/share/moveit_resources_pr2_description/urdf/meshes/upper_arm_v0/upper_arm.stl
[0.812s] -- Installing: /home/nimesha/Thesis/moveit_ur5_v2_ws/src/ws_moveit/install/moveit_resources_pr2_description/share/moveit_resources_pr2_description/urdf/meshes/upper_arm_v0/elbow_flex.stl
[0.813s] -- Installing: /home/nimesha/Thesis/moveit_ur5_v2_ws/src/ws_moveit/install/moveit_resources_pr2_description/share/moveit_resources_pr2_description/urdf/meshes/upper_arm_v0/elbow_flex.dae
[0.814s] -- Installing: /home/nimesha/Thesis/moveit_ur5_v2_ws/src/ws_moveit/install/moveit_resources_pr2_description/share/moveit_resources_pr2_description/urdf/meshes/upper_arm_v0/convex
[0.814s] -- Installing: /home/nimesha/Thesis/moveit_ur5_v2_ws/src/ws_moveit/install/moveit_resources_pr2_description/share/moveit_resources_pr2_description/urdf/meshes/upper_arm_v0/convex/forearm_roll.dae
[0.817s] -- Installing: /home/nimesha/Thesis/moveit_ur5_v2_ws/src/ws_moveit/install/moveit_resources_pr2_description/share/moveit_resources_pr2_description/urdf/meshes/upper_arm_v0/convex/forearm_roll_L_convex.stla
[0.818s] -- Installing: /home/nimesha/Thesis/moveit_ur5_v2_ws/src/ws_moveit/install/moveit_resources_pr2_description/share/moveit_resources_pr2_description/urdf/meshes/upper_arm_v0/convex/elbow_flex.xml
[0.818s] -- Installing: /home/nimesha/Thesis/moveit_ur5_v2_ws/src/ws_moveit/install/moveit_resources_pr2_description/share/moveit_resources_pr2_description/urdf/meshes/upper_arm_v0/convex/forearm_roll_L_convex.stlb
[0.819s] -- Installing: /home/nimesha/Thesis/moveit_ur5_v2_ws/src/ws_moveit/install/moveit_resources_pr2_description/share/moveit_resources_pr2_description/urdf/meshes/upper_arm_v0/convex/forearm_roll_L.dae
[0.823s] -- Installing: /home/nimesha/Thesis/moveit_ur5_v2_ws/src/ws_moveit/install/moveit_resources_pr2_description/share/moveit_resources_pr2_description/urdf/meshes/upper_arm_v0/convex/upper_arm_convex.stlb
[0.824s] -- Installing: /home/nimesha/Thesis/moveit_ur5_v2_ws/src/ws_moveit/install/moveit_resources_pr2_description/share/moveit_resources_pr2_description/urdf/meshes/upper_arm_v0/convex/forearm_roll_convex.stlb
[0.824s] -- Installing: /home/nimesha/Thesis/moveit_ur5_v2_ws/src/ws_moveit/install/moveit_resources_pr2_description/share/moveit_resources_pr2_description/urdf/meshes/upper_arm_v0/convex/forearm_roll_convex.stla
[0.825s] -- Installing: /home/nimesha/Thesis/moveit_ur5_v2_ws/src/ws_moveit/install/moveit_resources_pr2_description/share/moveit_resources_pr2_description/urdf/meshes/upper_arm_v0/convex/upper_arm.xml
[0.828s] -- Installing: /home/nimesha/Thesis/moveit_ur5_v2_ws/src/ws_moveit/install/moveit_resources_pr2_description/share/moveit_resources_pr2_description/urdf/meshes/upper_arm_v0/convex/elbow_flex.dae
[0.831s] -- Installing: /home/nimesha/Thesis/moveit_ur5_v2_ws/src/ws_moveit/install/moveit_resources_pr2_description/share/moveit_resources_pr2_description/urdf/meshes/upper_arm_v0/convex/elbow_flex_convex.stlb
[0.831s] -- Installing: /home/nimesha/Thesis/moveit_ur5_v2_ws/src/ws_moveit/install/moveit_resources_pr2_description/share/moveit_resources_pr2_description/urdf/meshes/upper_arm_v0/convex/upper_arm_convex.stla
[0.832s] -- Installing: /home/nimesha/Thesis/moveit_ur5_v2_ws/src/ws_moveit/install/moveit_resources_pr2_description/share/moveit_resources_pr2_description/urdf/meshes/upper_arm_v0/convex/forearm_roll.xml
[0.835s] -- Installing: /home/nimesha/Thesis/moveit_ur5_v2_ws/src/ws_moveit/install/moveit_resources_pr2_description/share/moveit_resources_pr2_description/urdf/meshes/upper_arm_v0/convex/upper_arm.dae
[0.836s] -- Installing: /home/nimesha/Thesis/moveit_ur5_v2_ws/src/ws_moveit/install/moveit_resources_pr2_description/share/moveit_resources_pr2_description/urdf/meshes/upper_arm_v0/convex/elbow_flex_convex.stla
[0.837s] -- Installing: /home/nimesha/Thesis/moveit_ur5_v2_ws/src/ws_moveit/install/moveit_resources_pr2_description/share/moveit_resources_pr2_description/urdf/meshes/upper_arm_v0/convex/forearm_roll_L.xml
[0.837s] -- Installing: /home/nimesha/Thesis/moveit_ur5_v2_ws/src/ws_moveit/install/moveit_resources_pr2_description/share/moveit_resources_pr2_description/urdf/meshes/upper_arm_v0/elbow_flex_normals.tif
[0.839s] -- Installing: /home/nimesha/Thesis/moveit_ur5_v2_ws/src/ws_moveit/install/moveit_resources_pr2_description/share/moveit_resources_pr2_description/urdf/meshes/upper_arm_v0/upper_arm_normals.tif
[0.845s] -- Installing: /home/nimesha/Thesis/moveit_ur5_v2_ws/src/ws_moveit/install/moveit_resources_pr2_description/share/moveit_resources_pr2_description/urdf/meshes/upper_arm_v0/upper_arm.dae
[0.847s] -- Installing: /home/nimesha/Thesis/moveit_ur5_v2_ws/src/ws_moveit/install/moveit_resources_pr2_description/share/moveit_resources_pr2_description/urdf/meshes/upper_arm_v0/upper_arm.jpg
[0.849s] -- Installing: /home/nimesha/Thesis/moveit_ur5_v2_ws/src/ws_moveit/install/moveit_resources_pr2_description/share/moveit_resources_pr2_description/urdf/meshes/torso_v0
[0.849s] -- Installing: /home/nimesha/Thesis/moveit_ur5_v2_ws/src/ws_moveit/install/moveit_resources_pr2_description/share/moveit_resources_pr2_description/urdf/meshes/torso_v0/torso_lift_L.stl
[0.850s] -- Installing: /home/nimesha/Thesis/moveit_ur5_v2_ws/src/ws_moveit/install/moveit_resources_pr2_description/share/moveit_resources_pr2_description/urdf/meshes/torso_v0/torso.stl
[0.851s] -- Installing: /home/nimesha/Thesis/moveit_ur5_v2_ws/src/ws_moveit/install/moveit_resources_pr2_description/share/moveit_resources_pr2_description/urdf/meshes/torso_v0/torso_lift_normals.tif
[0.854s] -- Installing: /home/nimesha/Thesis/moveit_ur5_v2_ws/src/ws_moveit/install/moveit_resources_pr2_description/share/moveit_resources_pr2_description/urdf/meshes/torso_v0/convex
[0.854s] -- Installing: /home/nimesha/Thesis/moveit_ur5_v2_ws/src/ws_moveit/install/moveit_resources_pr2_description/share/moveit_resources_pr2_description/urdf/meshes/torso_v0/convex/torso.dae
[0.855s] -- Installing: /home/nimesha/Thesis/moveit_ur5_v2_ws/src/ws_moveit/install/moveit_resources_pr2_description/share/moveit_resources_pr2_description/urdf/meshes/torso_v0/convex/torso_lift_L_convex.stlb
[0.855s] -- Installing: /home/nimesha/Thesis/moveit_ur5_v2_ws/src/ws_moveit/install/moveit_resources_pr2_description/share/moveit_resources_pr2_description/urdf/meshes/torso_v0/convex/torso_convex.stla
[0.856s] -- Installing: /home/nimesha/Thesis/moveit_ur5_v2_ws/src/ws_moveit/install/moveit_resources_pr2_description/share/moveit_resources_pr2_description/urdf/meshes/torso_v0/convex/torso_lift_convex.stla
[0.856s] -- Installing: /home/nimesha/Thesis/moveit_ur5_v2_ws/src/ws_moveit/install/moveit_resources_pr2_description/share/moveit_resources_pr2_description/urdf/meshes/torso_v0/convex/torso.xml
[0.857s] -- Installing: /home/nimesha/Thesis/moveit_ur5_v2_ws/src/ws_moveit/install/moveit_resources_pr2_description/share/moveit_resources_pr2_description/urdf/meshes/torso_v0/convex/torso_lift_convex.stlb
[0.857s] -- Installing: /home/nimesha/Thesis/moveit_ur5_v2_ws/src/ws_moveit/install/moveit_resources_pr2_description/share/moveit_resources_pr2_description/urdf/meshes/torso_v0/convex/torso_lift_L_convex.stla
[0.859s] -- Installing: /home/nimesha/Thesis/moveit_ur5_v2_ws/src/ws_moveit/install/moveit_resources_pr2_description/share/moveit_resources_pr2_description/urdf/meshes/torso_v0/convex/torso_lift_L.dae
[0.860s] -- Installing: /home/nimesha/Thesis/moveit_ur5_v2_ws/src/ws_moveit/install/moveit_resources_pr2_description/share/moveit_resources_pr2_description/urdf/meshes/torso_v0/convex/torso_lift.dae
[0.860s] -- Installing: /home/nimesha/Thesis/moveit_ur5_v2_ws/src/ws_moveit/install/moveit_resources_pr2_description/share/moveit_resources_pr2_description/urdf/meshes/torso_v0/convex/torso_lift.xml
[0.861s] -- Installing: /home/nimesha/Thesis/moveit_ur5_v2_ws/src/ws_moveit/install/moveit_resources_pr2_description/share/moveit_resources_pr2_description/urdf/meshes/torso_v0/convex/torso_convex.stlb
[0.861s] -- Installing: /home/nimesha/Thesis/moveit_ur5_v2_ws/src/ws_moveit/install/moveit_resources_pr2_description/share/moveit_resources_pr2_description/urdf/meshes/torso_v0/convex/torso_lift_L.xml
[0.861s] -- Installing: /home/nimesha/Thesis/moveit_ur5_v2_ws/src/ws_moveit/install/moveit_resources_pr2_description/share/moveit_resources_pr2_description/urdf/meshes/torso_v0/torso_lift.dae
[0.862s] -- Installing: /home/nimesha/Thesis/moveit_ur5_v2_ws/src/ws_moveit/install/moveit_resources_pr2_description/share/moveit_resources_pr2_description/urdf/meshes/torso_v0/torso_lift_color.tif
[0.863s] -- Installing: /home/nimesha/Thesis/moveit_ur5_v2_ws/src/ws_moveit/install/moveit_resources_pr2_description/share/moveit_resources_pr2_description/urdf/meshes/torso_v0/torso_lift.stl
[0.864s] -- Installing: /home/nimesha/Thesis/moveit_ur5_v2_ws/src/ws_moveit/install/moveit_resources_pr2_description/share/moveit_resources_pr2_description/urdf/meshes/shoulder_v0
[0.865s] -- Installing: /home/nimesha/Thesis/moveit_ur5_v2_ws/src/ws_moveit/install/moveit_resources_pr2_description/share/moveit_resources_pr2_description/urdf/meshes/shoulder_v0/shoulder_pan.stl
[0.866s] -- Installing: /home/nimesha/Thesis/moveit_ur5_v2_ws/src/ws_moveit/install/moveit_resources_pr2_description/share/moveit_resources_pr2_description/urdf/meshes/shoulder_v0/shoulder_pan_normals.tif
[0.872s] -- Installing: /home/nimesha/Thesis/moveit_ur5_v2_ws/src/ws_moveit/install/moveit_resources_pr2_description/share/moveit_resources_pr2_description/urdf/meshes/shoulder_v0/upper_arm_roll.stl
[0.872s] -- Installing: /home/nimesha/Thesis/moveit_ur5_v2_ws/src/ws_moveit/install/moveit_resources_pr2_description/share/moveit_resources_pr2_description/urdf/meshes/shoulder_v0/shoulder_lift_color.tif
[0.873s] -- Installing: /home/nimesha/Thesis/moveit_ur5_v2_ws/src/ws_moveit/install/moveit_resources_pr2_description/share/moveit_resources_pr2_description/urdf/meshes/shoulder_v0/upper_arm_roll_color.tif
[0.874s] -- Installing: /home/nimesha/Thesis/moveit_ur5_v2_ws/src/ws_moveit/install/moveit_resources_pr2_description/share/moveit_resources_pr2_description/urdf/meshes/shoulder_v0/convex
[0.874s] -- Installing: /home/nimesha/Thesis/moveit_ur5_v2_ws/src/ws_moveit/install/moveit_resources_pr2_description/share/moveit_resources_pr2_description/urdf/meshes/shoulder_v0/convex/shoulder_lift.xml
[0.875s] -- Installing: /home/nimesha/Thesis/moveit_ur5_v2_ws/src/ws_moveit/install/moveit_resources_pr2_description/share/moveit_resources_pr2_description/urdf/meshes/shoulder_v0/convex/shoulder_pan_convex.stlb
[0.875s] -- Installing: /home/nimesha/Thesis/moveit_ur5_v2_ws/src/ws_moveit/install/moveit_resources_pr2_description/share/moveit_resources_pr2_description/urdf/meshes/shoulder_v0/convex/upper_arm_roll_L.xml
[0.875s] -- Installing: /home/nimesha/Thesis/moveit_ur5_v2_ws/src/ws_moveit/install/moveit_resources_pr2_description/share/moveit_resources_pr2_description/urdf/meshes/shoulder_v0/convex/shoulder_yaw_convex.stlb
[0.875s] -- Installing: /home/nimesha/Thesis/moveit_ur5_v2_ws/src/ws_moveit/install/moveit_resources_pr2_description/share/moveit_resources_pr2_description/urdf/meshes/shoulder_v0/convex/shoulder_pan_convex.stla
[0.877s] -- Installing: /home/nimesha/Thesis/moveit_ur5_v2_ws/src/ws_moveit/install/moveit_resources_pr2_description/share/moveit_resources_pr2_description/urdf/meshes/shoulder_v0/convex/upper_arm_roll_L_convex.stlb
[0.877s] -- Installing: /home/nimesha/Thesis/moveit_ur5_v2_ws/src/ws_moveit/install/moveit_resources_pr2_description/share/moveit_resources_pr2_description/urdf/meshes/shoulder_v0/convex/upper_arm_roll_convex.stla
[0.878s] -- Installing: /home/nimesha/Thesis/moveit_ur5_v2_ws/src/ws_moveit/install/moveit_resources_pr2_description/share/moveit_resources_pr2_description/urdf/meshes/shoulder_v0/convex/shoulder_pan.dae
[0.879s] -- Installing: /home/nimesha/Thesis/moveit_ur5_v2_ws/src/ws_moveit/install/moveit_resources_pr2_description/share/moveit_resources_pr2_description/urdf/meshes/shoulder_v0/convex/shoulder_pan.xml
[0.879s] -- Installing: /home/nimesha/Thesis/moveit_ur5_v2_ws/src/ws_moveit/install/moveit_resources_pr2_description/share/moveit_resources_pr2_description/urdf/meshes/shoulder_v0/convex/upper_arm_roll.xml
[0.879s] -- Installing: /home/nimesha/Thesis/moveit_ur5_v2_ws/src/ws_moveit/install/moveit_resources_pr2_description/share/moveit_resources_pr2_description/urdf/meshes/shoulder_v0/convex/upper_arm_roll_L_convex.stla
[0.879s] -- Installing: /home/nimesha/Thesis/moveit_ur5_v2_ws/src/ws_moveit/install/moveit_resources_pr2_description/share/moveit_resources_pr2_description/urdf/meshes/shoulder_v0/convex/shoulder_yaw.xml
[0.880s] -- Installing: /home/nimesha/Thesis/moveit_ur5_v2_ws/src/ws_moveit/install/moveit_resources_pr2_description/share/moveit_resources_pr2_description/urdf/meshes/shoulder_v0/convex/upper_arm_roll_L.dae
[0.880s] -- Installing: /home/nimesha/Thesis/moveit_ur5_v2_ws/src/ws_moveit/install/moveit_resources_pr2_description/share/moveit_resources_pr2_description/urdf/meshes/shoulder_v0/convex/upper_arm_roll.dae
[0.880s] -- Installing: /home/nimesha/Thesis/moveit_ur5_v2_ws/src/ws_moveit/install/moveit_resources_pr2_description/share/moveit_resources_pr2_description/urdf/meshes/shoulder_v0/convex/shoulder_yaw_convex.stla
[0.881s] -- Installing: /home/nimesha/Thesis/moveit_ur5_v2_ws/src/ws_moveit/install/moveit_resources_pr2_description/share/moveit_resources_pr2_description/urdf/meshes/shoulder_v0/convex/shoulder_lift_convex.stla
[0.884s] -- Installing: /home/nimesha/Thesis/moveit_ur5_v2_ws/src/ws_moveit/install/moveit_resources_pr2_description/share/moveit_resources_pr2_description/urdf/meshes/shoulder_v0/convex/shoulder_lift_convex.stlb
[0.884s] -- Installing: /home/nimesha/Thesis/moveit_ur5_v2_ws/src/ws_moveit/install/moveit_resources_pr2_description/share/moveit_resources_pr2_description/urdf/meshes/shoulder_v0/convex/shoulder_lift.dae
[0.884s] -- Installing: /home/nimesha/Thesis/moveit_ur5_v2_ws/src/ws_moveit/install/moveit_resources_pr2_description/share/moveit_resources_pr2_description/urdf/meshes/shoulder_v0/convex/upper_arm_roll_convex.stlb
[0.885s] -- Installing: /home/nimesha/Thesis/moveit_ur5_v2_ws/src/ws_moveit/install/moveit_resources_pr2_description/share/moveit_resources_pr2_description/urdf/meshes/shoulder_v0/convex/shoulder_yaw.dae
[0.885s] -- Installing: /home/nimesha/Thesis/moveit_ur5_v2_ws/src/ws_moveit/install/moveit_resources_pr2_description/share/moveit_resources_pr2_description/urdf/meshes/shoulder_v0/shoulder_pan.dae
[0.886s] -- Installing: /home/nimesha/Thesis/moveit_ur5_v2_ws/src/ws_moveit/install/moveit_resources_pr2_description/share/moveit_resources_pr2_description/urdf/meshes/shoulder_v0/upper_arm_roll.dae
[0.887s] -- Installing: /home/nimesha/Thesis/moveit_ur5_v2_ws/src/ws_moveit/install/moveit_resources_pr2_description/share/moveit_resources_pr2_description/urdf/meshes/shoulder_v0/shoulder_lift_normals.tif
[0.891s] -- Installing: /home/nimesha/Thesis/moveit_ur5_v2_ws/src/ws_moveit/install/moveit_resources_pr2_description/share/moveit_resources_pr2_description/urdf/meshes/shoulder_v0/shoulder_yaw.stl
[0.891s] -- Installing: /home/nimesha/Thesis/moveit_ur5_v2_ws/src/ws_moveit/install/moveit_resources_pr2_description/share/moveit_resources_pr2_description/urdf/meshes/shoulder_v0/upper_arm_roll_L.stl
[0.891s] -- Installing: /home/nimesha/Thesis/moveit_ur5_v2_ws/src/ws_moveit/install/moveit_resources_pr2_description/share/moveit_resources_pr2_description/urdf/meshes/shoulder_v0/shoulder_lift.stl
[0.892s] -- Installing: /home/nimesha/Thesis/moveit_ur5_v2_ws/src/ws_moveit/install/moveit_resources_pr2_description/share/moveit_resources_pr2_description/urdf/meshes/shoulder_v0/shoulder_lift.dae
[0.893s] -- Installing: /home/nimesha/Thesis/moveit_ur5_v2_ws/src/ws_moveit/install/moveit_resources_pr2_description/share/moveit_resources_pr2_description/urdf/meshes/shoulder_v0/shoulder_pan_color.tif
[0.903s] -- Installing: /home/nimesha/Thesis/moveit_ur5_v2_ws/src/ws_moveit/install/moveit_resources_pr2_description/share/moveit_resources_pr2_description/urdf/meshes/shoulder_v0/upper_arm_roll_normals.tif
[0.908s] -- Installing: /home/nimesha/Thesis/moveit_ur5_v2_ws/src/ws_moveit/install/moveit_resources_pr2_description/share/moveit_resources_pr2_description/urdf/meshes/base_v0
[0.908s] -- Installing: /home/nimesha/Thesis/moveit_ur5_v2_ws/src/ws_moveit/install/moveit_resources_pr2_description/share/moveit_resources_pr2_description/urdf/meshes/base_v0/caster.stl
[0.909s] -- Installing: /home/nimesha/Thesis/moveit_ur5_v2_ws/src/ws_moveit/install/moveit_resources_pr2_description/share/moveit_resources_pr2_description/urdf/meshes/base_v0/wheel.dae
[0.910s] -- Installing: /home/nimesha/Thesis/moveit_ur5_v2_ws/src/ws_moveit/install/moveit_resources_pr2_description/share/moveit_resources_pr2_description/urdf/meshes/base_v0/wheel_color.tif
[0.911s] -- Installing: /home/nimesha/Thesis/moveit_ur5_v2_ws/src/ws_moveit/install/moveit_resources_pr2_description/share/moveit_resources_pr2_description/urdf/meshes/base_v0/base_L.stl
[0.912s] -- Installing: /home/nimesha/Thesis/moveit_ur5_v2_ws/src/ws_moveit/install/moveit_resources_pr2_description/share/moveit_resources_pr2_description/urdf/meshes/base_v0/wheel_h_color.tif
[0.914s] -- Installing: /home/nimesha/Thesis/moveit_ur5_v2_ws/src/ws_moveit/install/moveit_resources_pr2_description/share/moveit_resources_pr2_description/urdf/meshes/base_v0/convex
[0.914s] -- Installing: /home/nimesha/Thesis/moveit_ur5_v2_ws/src/ws_moveit/install/moveit_resources_pr2_description/share/moveit_resources_pr2_description/urdf/meshes/base_v0/convex/wheel_convex.stla
[0.914s] -- Installing: /home/nimesha/Thesis/moveit_ur5_v2_ws/src/ws_moveit/install/moveit_resources_pr2_description/share/moveit_resources_pr2_description/urdf/meshes/base_v0/convex/pr2_wheel.dae
[0.915s] -- Installing: /home/nimesha/Thesis/moveit_ur5_v2_ws/src/ws_moveit/install/moveit_resources_pr2_description/share/moveit_resources_pr2_description/urdf/meshes/base_v0/convex/pr2_wheel_convex.stla
[0.916s] -- Installing: /home/nimesha/Thesis/moveit_ur5_v2_ws/src/ws_moveit/install/moveit_resources_pr2_description/share/moveit_resources_pr2_description/urdf/meshes/base_v0/convex/caster_convex.stlb
[0.916s] -- Installing: /home/nimesha/Thesis/moveit_ur5_v2_ws/src/ws_moveit/install/moveit_resources_pr2_description/share/moveit_resources_pr2_description/urdf/meshes/base_v0/convex/pr2_wheel_convex.stlb
[0.916s] -- Installing: /home/nimesha/Thesis/moveit_ur5_v2_ws/src/ws_moveit/install/moveit_resources_pr2_description/share/moveit_resources_pr2_description/urdf/meshes/base_v0/convex/wheel.dae
[0.917s] -- Installing: /home/nimesha/Thesis/moveit_ur5_v2_ws/src/ws_moveit/install/moveit_resources_pr2_description/share/moveit_resources_pr2_description/urdf/meshes/base_v0/convex/pr2_wheel.xml
[0.917s] -- Installing: /home/nimesha/Thesis/moveit_ur5_v2_ws/src/ws_moveit/install/moveit_resources_pr2_description/share/moveit_resources_pr2_description/urdf/meshes/base_v0/convex/base.xml
[0.918s] -- Installing: /home/nimesha/Thesis/moveit_ur5_v2_ws/src/ws_moveit/install/moveit_resources_pr2_description/share/moveit_resources_pr2_description/urdf/meshes/base_v0/convex/base_convex.stla
[0.920s] -- Installing: /home/nimesha/Thesis/moveit_ur5_v2_ws/src/ws_moveit/install/moveit_resources_pr2_description/share/moveit_resources_pr2_description/urdf/meshes/base_v0/convex/base_L_convex.stlb
[0.920s] -- Installing: /home/nimesha/Thesis/moveit_ur5_v2_ws/src/ws_moveit/install/moveit_resources_pr2_description/share/moveit_resources_pr2_description/urdf/meshes/base_v0/convex/wheel.xml
[0.920s] -- Installing: /home/nimesha/Thesis/moveit_ur5_v2_ws/src/ws_moveit/install/moveit_resources_pr2_description/share/moveit_resources_pr2_description/urdf/meshes/base_v0/convex/wheel_convex.stlb
[0.920s] -- Installing: /home/nimesha/Thesis/moveit_ur5_v2_ws/src/ws_moveit/install/moveit_resources_pr2_description/share/moveit_resources_pr2_description/urdf/meshes/base_v0/convex/base_L.dae
[0.921s] -- Installing: /home/nimesha/Thesis/moveit_ur5_v2_ws/src/ws_moveit/install/moveit_resources_pr2_description/share/moveit_resources_pr2_description/urdf/meshes/base_v0/convex/caster.xml
[0.921s] -- Installing: /home/nimesha/Thesis/moveit_ur5_v2_ws/src/ws_moveit/install/moveit_resources_pr2_description/share/moveit_resources_pr2_description/urdf/meshes/base_v0/convex/base_convex.stlb
[0.923s] -- Installing: /home/nimesha/Thesis/moveit_ur5_v2_ws/src/ws_moveit/install/moveit_resources_pr2_description/share/moveit_resources_pr2_description/urdf/meshes/base_v0/convex/caster_L_convex.stlb
[0.923s] -- Installing: /home/nimesha/Thesis/moveit_ur5_v2_ws/src/ws_moveit/install/moveit_resources_pr2_description/share/moveit_resources_pr2_description/urdf/meshes/base_v0/convex/caster_L.dae
[0.925s] -- Installing: /home/nimesha/Thesis/moveit_ur5_v2_ws/src/ws_moveit/install/moveit_resources_pr2_description/share/moveit_resources_pr2_description/urdf/meshes/base_v0/convex/base_L_convex.stla
[0.926s] -- Installing: /home/nimesha/Thesis/moveit_ur5_v2_ws/src/ws_moveit/install/moveit_resources_pr2_description/share/moveit_resources_pr2_description/urdf/meshes/base_v0/convex/caster.dae
[0.927s] -- Installing: /home/nimesha/Thesis/moveit_ur5_v2_ws/src/ws_moveit/install/moveit_resources_pr2_description/share/moveit_resources_pr2_description/urdf/meshes/base_v0/convex/base.dae
[0.928s] -- Installing: /home/nimesha/Thesis/moveit_ur5_v2_ws/src/ws_moveit/install/moveit_resources_pr2_description/share/moveit_resources_pr2_description/urdf/meshes/base_v0/convex/base_L.xml
[0.928s] -- Installing: /home/nimesha/Thesis/moveit_ur5_v2_ws/src/ws_moveit/install/moveit_resources_pr2_description/share/moveit_resources_pr2_description/urdf/meshes/base_v0/convex/caster_L_convex.stla
[0.929s] -- Installing: /home/nimesha/Thesis/moveit_ur5_v2_ws/src/ws_moveit/install/moveit_resources_pr2_description/share/moveit_resources_pr2_description/urdf/meshes/base_v0/convex/caster_L.xml
[0.929s] -- Installing: /home/nimesha/Thesis/moveit_ur5_v2_ws/src/ws_moveit/install/moveit_resources_pr2_description/share/moveit_resources_pr2_description/urdf/meshes/base_v0/convex/caster_convex.stla
[0.929s] -- Installing: /home/nimesha/Thesis/moveit_ur5_v2_ws/src/ws_moveit/install/moveit_resources_pr2_description/share/moveit_resources_pr2_description/urdf/meshes/base_v0/base_color.tif
[0.930s] -- Installing: /home/nimesha/Thesis/moveit_ur5_v2_ws/src/ws_moveit/install/moveit_resources_pr2_description/share/moveit_resources_pr2_description/urdf/meshes/base_v0/wheel.stl
[0.933s] -- Installing: /home/nimesha/Thesis/moveit_ur5_v2_ws/src/ws_moveit/install/moveit_resources_pr2_description/share/moveit_resources_pr2_description/urdf/meshes/base_v0/base_normals.tif
[0.936s] -- Installing: /home/nimesha/Thesis/moveit_ur5_v2_ws/src/ws_moveit/install/moveit_resources_pr2_description/share/moveit_resources_pr2_description/urdf/meshes/base_v0/base.dae
[0.936s] -- Installing: /home/nimesha/Thesis/moveit_ur5_v2_ws/src/ws_moveit/install/moveit_resources_pr2_description/share/moveit_resources_pr2_description/urdf/meshes/base_v0/wheel_h.dae
[0.943s] -- Installing: /home/nimesha/Thesis/moveit_ur5_v2_ws/src/ws_moveit/install/moveit_resources_pr2_description/share/moveit_resources_pr2_description/urdf/meshes/base_v0/wheel_normals.tif
[0.948s] -- Installing: /home/nimesha/Thesis/moveit_ur5_v2_ws/src/ws_moveit/install/moveit_resources_pr2_description/share/moveit_resources_pr2_description/urdf/meshes/base_v0/caster_L.stl
[0.948s] -- Installing: /home/nimesha/Thesis/moveit_ur5_v2_ws/src/ws_moveit/install/moveit_resources_pr2_description/share/moveit_resources_pr2_description/urdf/meshes/base_v0/pr2_wheel.stl
[0.951s] -- Installing: /home/nimesha/Thesis/moveit_ur5_v2_ws/src/ws_moveit/install/moveit_resources_pr2_description/share/moveit_resources_pr2_description/urdf/meshes/base_v0/base.stl
[0.951s] -- Installing: /home/nimesha/Thesis/moveit_ur5_v2_ws/src/ws_moveit/install/moveit_resources_pr2_description/share/moveit_resources_pr2_description/urdf/meshes/sensors
[0.952s] -- Installing: /home/nimesha/Thesis/moveit_ur5_v2_ws/src/ws_moveit/install/moveit_resources_pr2_description/share/moveit_resources_pr2_description/urdf/meshes/sensors/kinect_v0
[0.952s] -- Installing: /home/nimesha/Thesis/moveit_ur5_v2_ws/src/ws_moveit/install/moveit_resources_pr2_description/share/moveit_resources_pr2_description/urdf/meshes/sensors/kinect_v0/kinect_mount.stl
[0.953s] -- Installing: /home/nimesha/Thesis/moveit_ur5_v2_ws/src/ws_moveit/install/moveit_resources_pr2_description/share/moveit_resources_pr2_description/urdf/meshes/sensors/kinect_v0/kinect_color.tga
[0.954s] -- Installing: /home/nimesha/Thesis/moveit_ur5_v2_ws/src/ws_moveit/install/moveit_resources_pr2_description/share/moveit_resources_pr2_description/urdf/meshes/sensors/kinect_v0/kinect.tga
[0.956s] -- Installing: /home/nimesha/Thesis/moveit_ur5_v2_ws/src/ws_moveit/install/moveit_resources_pr2_description/share/moveit_resources_pr2_description/urdf/meshes/sensors/kinect_v0/kinect.dae
[0.957s] -- Installing: /home/nimesha/Thesis/moveit_ur5_v2_ws/src/ws_moveit/install/moveit_resources_pr2_description/share/moveit_resources_pr2_description/urdf/meshes/sensors/kinect_prosilica_v0
[0.958s] -- Installing: /home/nimesha/Thesis/moveit_ur5_v2_ws/src/ws_moveit/install/moveit_resources_pr2_description/share/moveit_resources_pr2_description/urdf/meshes/sensors/kinect_prosilica_v0/115x100_swept_back--coarse.STL
[0.963s] -- Installing: /home/nimesha/Thesis/moveit_ur5_v2_ws/src/ws_moveit/install/moveit_resources_pr2_description/share/moveit_resources_pr2_description/urdf/meshes/sensors/kinect_prosilica_v0/115x100_swept_fwd--coarse.STL
[0.966s] -- Installing: /home/nimesha/Thesis/moveit_ur5_v2_ws/src/ws_moveit/install/moveit_resources_pr2_description/share/moveit_resources_pr2_description/urdf/meshes/sensors/kinect_prosilica_v0/115x100_swept_back_no_sensors--coarse.STL
[0.970s] -- Installing: /home/nimesha/Thesis/moveit_ur5_v2_ws/src/ws_moveit/install/moveit_resources_pr2_description/share/moveit_resources_pr2_description/urdf/meshes/sensors/kinect_prosilica_v0/115x100_swept_fwd_no_sensors--coarse.STL
[0.973s] -- Installing: /home/nimesha/Thesis/moveit_ur5_v2_ws/src/ws_moveit/install/moveit_resources_pr2_description/share/moveit_resources_pr2_description/urdf/meshes/sensors/kinect_prosilica_v0/68-04546_Kinect_Sensor--coarse.STL
[0.975s] -- Installing: /home/nimesha/Thesis/moveit_ur5_v2_ws/src/ws_moveit/install/moveit_resources_pr2_description/share/moveit_resources_pr2_description/urdf/meshes/sensors/kinect_prosilica_v0/Prosilica_w_Lens--coarse.STL
[0.981s] -- Installing: /home/nimesha/Thesis/moveit_ur5_v2_ws/src/ws_moveit/install/moveit_resources_pr2_description/share/moveit_resources_pr2_description/urdf/meshes/head_v0
[0.981s] -- Installing: /home/nimesha/Thesis/moveit_ur5_v2_ws/src/ws_moveit/install/moveit_resources_pr2_description/share/moveit_resources_pr2_description/urdf/meshes/head_v0/head_tilt_color_red.tif
[0.982s] -- Installing: /home/nimesha/Thesis/moveit_ur5_v2_ws/src/ws_moveit/install/moveit_resources_pr2_description/share/moveit_resources_pr2_description/urdf/meshes/head_v0/head_pan_color.tif
[0.983s] -- Installing: /home/nimesha/Thesis/moveit_ur5_v2_ws/src/ws_moveit/install/moveit_resources_pr2_description/share/moveit_resources_pr2_description/urdf/meshes/head_v0/head_pan.dae
[0.983s] -- Installing: /home/nimesha/Thesis/moveit_ur5_v2_ws/src/ws_moveit/install/moveit_resources_pr2_description/share/moveit_resources_pr2_description/urdf/meshes/head_v0/head_tilt.dae
[0.985s] -- Installing: /home/nimesha/Thesis/moveit_ur5_v2_ws/src/ws_moveit/install/moveit_resources_pr2_description/share/moveit_resources_pr2_description/urdf/meshes/head_v0/head_tilt_color.tif
[0.997s] -- Installing: /home/nimesha/Thesis/moveit_ur5_v2_ws/src/ws_moveit/install/moveit_resources_pr2_description/share/moveit_resources_pr2_description/urdf/meshes/head_v0/head_pan.stl
[0.997s] -- Installing: /home/nimesha/Thesis/moveit_ur5_v2_ws/src/ws_moveit/install/moveit_resources_pr2_description/share/moveit_resources_pr2_description/urdf/meshes/head_v0/convex
[0.999s] -- Installing: /home/nimesha/Thesis/moveit_ur5_v2_ws/src/ws_moveit/install/moveit_resources_pr2_description/share/moveit_resources_pr2_description/urdf/meshes/head_v0/convex/head_tilt_convex.stla
[1.000s] -- Installing: /home/nimesha/Thesis/moveit_ur5_v2_ws/src/ws_moveit/install/moveit_resources_pr2_description/share/moveit_resources_pr2_description/urdf/meshes/head_v0/convex/head_tilt_L.xml
[1.000s] -- Installing: /home/nimesha/Thesis/moveit_ur5_v2_ws/src/ws_moveit/install/moveit_resources_pr2_description/share/moveit_resources_pr2_description/urdf/meshes/head_v0/convex/head_pan_L.xml
[1.001s] -- Installing: /home/nimesha/Thesis/moveit_ur5_v2_ws/src/ws_moveit/install/moveit_resources_pr2_description/share/moveit_resources_pr2_description/urdf/meshes/head_v0/convex/head_tilt.xml
[1.001s] -- Installing: /home/nimesha/Thesis/moveit_ur5_v2_ws/src/ws_moveit/install/moveit_resources_pr2_description/share/moveit_resources_pr2_description/urdf/meshes/head_v0/convex/head_pan.dae
[1.002s] -- Installing: /home/nimesha/Thesis/moveit_ur5_v2_ws/src/ws_moveit/install/moveit_resources_pr2_description/share/moveit_resources_pr2_description/urdf/meshes/head_v0/convex/head_pan_L.dae
[1.002s] -- Installing: /home/nimesha/Thesis/moveit_ur5_v2_ws/src/ws_moveit/install/moveit_resources_pr2_description/share/moveit_resources_pr2_description/urdf/meshes/head_v0/convex/head_pan_L_convex.stla
[1.002s] -- Installing: /home/nimesha/Thesis/moveit_ur5_v2_ws/src/ws_moveit/install/moveit_resources_pr2_description/share/moveit_resources_pr2_description/urdf/meshes/head_v0/convex/head_tilt_convex.stlb
[1.003s] -- Installing: /home/nimesha/Thesis/moveit_ur5_v2_ws/src/ws_moveit/install/moveit_resources_pr2_description/share/moveit_resources_pr2_description/urdf/meshes/head_v0/convex/head_pan_L_convex.stlb
[1.003s] -- Installing: /home/nimesha/Thesis/moveit_ur5_v2_ws/src/ws_moveit/install/moveit_resources_pr2_description/share/moveit_resources_pr2_description/urdf/meshes/head_v0/convex/head_tilt_L_convex.stla
[1.005s] -- Installing: /home/nimesha/Thesis/moveit_ur5_v2_ws/src/ws_moveit/install/moveit_resources_pr2_description/share/moveit_resources_pr2_description/urdf/meshes/head_v0/convex/head_tilt.dae
[1.005s] -- Installing: /home/nimesha/Thesis/moveit_ur5_v2_ws/src/ws_moveit/install/moveit_resources_pr2_description/share/moveit_resources_pr2_description/urdf/meshes/head_v0/convex/head_pan_convex.stlb
[1.006s] -- Installing: /home/nimesha/Thesis/moveit_ur5_v2_ws/src/ws_moveit/install/moveit_resources_pr2_description/share/moveit_resources_pr2_description/urdf/meshes/head_v0/convex/head_pan.xml
[1.006s] -- Installing: /home/nimesha/Thesis/moveit_ur5_v2_ws/src/ws_moveit/install/moveit_resources_pr2_description/share/moveit_resources_pr2_description/urdf/meshes/head_v0/convex/head_tilt_L.dae
[1.007s] -- Installing: /home/nimesha/Thesis/moveit_ur5_v2_ws/src/ws_moveit/install/moveit_resources_pr2_description/share/moveit_resources_pr2_description/urdf/meshes/head_v0/convex/head_pan_convex.stla
[1.008s] -- Installing: /home/nimesha/Thesis/moveit_ur5_v2_ws/src/ws_moveit/install/moveit_resources_pr2_description/share/moveit_resources_pr2_description/urdf/meshes/head_v0/convex/head_tilt_L_convex.stlb
[1.008s] -- Installing: /home/nimesha/Thesis/moveit_ur5_v2_ws/src/ws_moveit/install/moveit_resources_pr2_description/share/moveit_resources_pr2_description/urdf/meshes/head_v0/head_tilt_color_yellow.tif
[1.009s] -- Installing: /home/nimesha/Thesis/moveit_ur5_v2_ws/src/ws_moveit/install/moveit_resources_pr2_description/share/moveit_resources_pr2_description/urdf/meshes/head_v0/head_pan_normals.tif
[1.017s] -- Installing: /home/nimesha/Thesis/moveit_ur5_v2_ws/src/ws_moveit/install/moveit_resources_pr2_description/share/moveit_resources_pr2_description/urdf/meshes/head_v0/head_pan_L.stl
[1.017s] -- Installing: /home/nimesha/Thesis/moveit_ur5_v2_ws/src/ws_moveit/install/moveit_resources_pr2_description/share/moveit_resources_pr2_description/urdf/meshes/head_v0/head_tilt.stl
[1.019s] -- Installing: /home/nimesha/Thesis/moveit_ur5_v2_ws/src/ws_moveit/install/moveit_resources_pr2_description/share/moveit_resources_pr2_description/urdf/meshes/head_v0/head_tilt_normals.tif
[1.020s] -- Installing: /home/nimesha/Thesis/moveit_ur5_v2_ws/src/ws_moveit/install/moveit_resources_pr2_description/share/moveit_resources_pr2_description/urdf/meshes/head_v0/head_tilt_L.stl
[1.021s] -- Installing: /home/nimesha/Thesis/moveit_ur5_v2_ws/src/ws_moveit/install/moveit_resources_pr2_description/share/moveit_resources_pr2_description/urdf/meshes/head_v0/head_tilt_green.tif
[1.023s] -- Installing: /home/nimesha/Thesis/moveit_ur5_v2_ws/src/ws_moveit/install/moveit_resources_pr2_description/share/moveit_resources_pr2_description/urdf/meshes/gripper_v0
[1.024s] -- Installing: /home/nimesha/Thesis/moveit_ur5_v2_ws/src/ws_moveit/install/moveit_resources_pr2_description/share/moveit_resources_pr2_description/urdf/meshes/gripper_v0/gripper_palm_color.tif
[1.024s] -- Installing: /home/nimesha/Thesis/moveit_ur5_v2_ws/src/ws_moveit/install/moveit_resources_pr2_description/share/moveit_resources_pr2_description/urdf/meshes/gripper_v0/l_finger.stl
[1.029s] -- Installing: /home/nimesha/Thesis/moveit_ur5_v2_ws/src/ws_moveit/install/moveit_resources_pr2_description/share/moveit_resources_pr2_description/urdf/meshes/gripper_v0/l_finger_tip.dae
[1.029s] -- Installing: /home/nimesha/Thesis/moveit_ur5_v2_ws/src/ws_moveit/install/moveit_resources_pr2_description/share/moveit_resources_pr2_description/urdf/meshes/gripper_v0/l_finger_tip_normals.tif
[1.033s] -- Installing: /home/nimesha/Thesis/moveit_ur5_v2_ws/src/ws_moveit/install/moveit_resources_pr2_description/share/moveit_resources_pr2_description/urdf/meshes/gripper_v0/l_finger_tip_color.tif
[1.033s] -- Installing: /home/nimesha/Thesis/moveit_ur5_v2_ws/src/ws_moveit/install/moveit_resources_pr2_description/share/moveit_resources_pr2_description/urdf/meshes/gripper_v0/l_float_color.tif
[1.035s] -- Installing: /home/nimesha/Thesis/moveit_ur5_v2_ws/src/ws_moveit/install/moveit_resources_pr2_description/share/moveit_resources_pr2_description/urdf/meshes/gripper_v0/finger_H_UV_100430.dae
[1.044s] -- Installing: /home/nimesha/Thesis/moveit_ur5_v2_ws/src/ws_moveit/install/moveit_resources_pr2_description/share/moveit_resources_pr2_description/urdf/meshes/gripper_v0/finger_tip_l.stl
[1.045s] -- Installing: /home/nimesha/Thesis/moveit_ur5_v2_ws/src/ws_moveit/install/moveit_resources_pr2_description/share/moveit_resources_pr2_description/urdf/meshes/gripper_v0/l_finger.dae
[1.048s] -- Installing: /home/nimesha/Thesis/moveit_ur5_v2_ws/src/ws_moveit/install/moveit_resources_pr2_description/share/moveit_resources_pr2_description/urdf/meshes/gripper_v0/finger_tip_r.stl
[1.049s] -- Installing: /home/nimesha/Thesis/moveit_ur5_v2_ws/src/ws_moveit/install/moveit_resources_pr2_description/share/moveit_resources_pr2_description/urdf/meshes/gripper_v0/gripper_palm.dae
[1.049s] -- Installing: /home/nimesha/Thesis/moveit_ur5_v2_ws/src/ws_moveit/install/moveit_resources_pr2_description/share/moveit_resources_pr2_description/urdf/meshes/gripper_v0/l_float_normals.tif
[1.055s] -- Installing: /home/nimesha/Thesis/moveit_ur5_v2_ws/src/ws_moveit/install/moveit_resources_pr2_description/share/moveit_resources_pr2_description/urdf/meshes/gripper_v0/gripper_palm_normals.tif
[1.060s] -- Installing: /home/nimesha/Thesis/moveit_ur5_v2_ws/src/ws_moveit/install/moveit_resources_pr2_description/share/moveit_resources_pr2_description/urdf/meshes/gripper_v0/finger_tip_H_UV_100430.dae
[1.067s] -- Installing: /home/nimesha/Thesis/moveit_ur5_v2_ws/src/ws_moveit/install/moveit_resources_pr2_description/share/moveit_resources_pr2_description/urdf/meshes/gripper_v0/l_float.dae
[1.068s] -- Installing: /home/nimesha/Thesis/moveit_ur5_v2_ws/src/ws_moveit/install/moveit_resources_pr2_description/share/moveit_resources_pr2_description/urdf/meshes/gripper_v0/gripper_palm.stl
[1.068s] -- Installing: /home/nimesha/Thesis/moveit_ur5_v2_ws/src/ws_moveit/install/moveit_resources_pr2_description/share/moveit_resources_pr2_description/urdf/meshes/gripper_v0/convex
[1.069s] -- Installing: /home/nimesha/Thesis/moveit_ur5_v2_ws/src/ws_moveit/install/moveit_resources_pr2_description/share/moveit_resources_pr2_description/urdf/meshes/gripper_v0/convex/finger_tip_r.xml
[1.069s] -- Installing: /home/nimesha/Thesis/moveit_ur5_v2_ws/src/ws_moveit/install/moveit_resources_pr2_description/share/moveit_resources_pr2_description/urdf/meshes/gripper_v0/convex/gripper_palm_convex.stla
[1.069s] -- Installing: /home/nimesha/Thesis/moveit_ur5_v2_ws/src/ws_moveit/install/moveit_resources_pr2_description/share/moveit_resources_pr2_description/urdf/meshes/gripper_v0/convex/l_floating_convex.stlb
[1.069s] -- Installing: /home/nimesha/Thesis/moveit_ur5_v2_ws/src/ws_moveit/install/moveit_resources_pr2_description/share/moveit_resources_pr2_description/urdf/meshes/gripper_v0/convex/finger_tip_pad2_r_convex.stla
[1.070s] -- Installing: /home/nimesha/Thesis/moveit_ur5_v2_ws/src/ws_moveit/install/moveit_resources_pr2_description/share/moveit_resources_pr2_description/urdf/meshes/gripper_v0/convex/l_floating_convex.stla
[1.070s] -- Installing: /home/nimesha/Thesis/moveit_ur5_v2_ws/src/ws_moveit/install/moveit_resources_pr2_description/share/moveit_resources_pr2_description/urdf/meshes/gripper_v0/convex/finger_tip_pad2_l.xml
[1.072s] -- Installing: /home/nimesha/Thesis/moveit_ur5_v2_ws/src/ws_moveit/install/moveit_resources_pr2_description/share/moveit_resources_pr2_description/urdf/meshes/gripper_v0/convex/l_floating.xml
[1.072s] -- Installing: /home/nimesha/Thesis/moveit_ur5_v2_ws/src/ws_moveit/install/moveit_resources_pr2_description/share/moveit_resources_pr2_description/urdf/meshes/gripper_v0/convex/l_finger_tip.dae
[1.072s] -- Installing: /home/nimesha/Thesis/moveit_ur5_v2_ws/src/ws_moveit/install/moveit_resources_pr2_description/share/moveit_resources_pr2_description/urdf/meshes/gripper_v0/convex/l_finger_convex.stla
[1.073s] -- Installing: /home/nimesha/Thesis/moveit_ur5_v2_ws/src/ws_moveit/install/moveit_resources_pr2_description/share/moveit_resources_pr2_description/urdf/meshes/gripper_v0/convex/finger_tip_pad2_l_convex.stla
[1.073s] -- Installing: /home/nimesha/Thesis/moveit_ur5_v2_ws/src/ws_moveit/install/moveit_resources_pr2_description/share/moveit_resources_pr2_description/urdf/meshes/gripper_v0/convex/l_finger_tip_convex.stla
[1.073s] -- Installing: /home/nimesha/Thesis/moveit_ur5_v2_ws/src/ws_moveit/install/moveit_resources_pr2_description/share/moveit_resources_pr2_description/urdf/meshes/gripper_v0/convex/l_finger_convex.stlb
[1.074s] -- Installing: /home/nimesha/Thesis/moveit_ur5_v2_ws/src/ws_moveit/install/moveit_resources_pr2_description/share/moveit_resources_pr2_description/urdf/meshes/gripper_v0/convex/upper_finger_l.dae
[1.074s] -- Installing: /home/nimesha/Thesis/moveit_ur5_v2_ws/src/ws_moveit/install/moveit_resources_pr2_description/share/moveit_resources_pr2_description/urdf/meshes/gripper_v0/convex/l_finger.dae
[1.074s] -- Installing: /home/nimesha/Thesis/moveit_ur5_v2_ws/src/ws_moveit/install/moveit_resources_pr2_description/share/moveit_resources_pr2_description/urdf/meshes/gripper_v0/convex/upper_finger_r.dae
[1.074s] -- Installing: /home/nimesha/Thesis/moveit_ur5_v2_ws/src/ws_moveit/install/moveit_resources_pr2_description/share/moveit_resources_pr2_description/urdf/meshes/gripper_v0/convex/finger_tip_l_convex.stla
[1.075s] -- Installing: /home/nimesha/Thesis/moveit_ur5_v2_ws/src/ws_moveit/install/moveit_resources_pr2_description/share/moveit_resources_pr2_description/urdf/meshes/gripper_v0/convex/l_finger_tip.xml
[1.075s] -- Installing: /home/nimesha/Thesis/moveit_ur5_v2_ws/src/ws_moveit/install/moveit_resources_pr2_description/share/moveit_resources_pr2_description/urdf/meshes/gripper_v0/convex/upper_finger_l_convex.stlb
[1.075s] -- Installing: /home/nimesha/Thesis/moveit_ur5_v2_ws/src/ws_moveit/install/moveit_resources_pr2_description/share/moveit_resources_pr2_description/urdf/meshes/gripper_v0/convex/finger_tip_pad2_l.dae
[1.075s] -- Installing: /home/nimesha/Thesis/moveit_ur5_v2_ws/src/ws_moveit/install/moveit_resources_pr2_description/share/moveit_resources_pr2_description/urdf/meshes/gripper_v0/convex/upper_finger_r_convex.stla
[1.076s] -- Installing: /home/nimesha/Thesis/moveit_ur5_v2_ws/src/ws_moveit/install/moveit_resources_pr2_description/share/moveit_resources_pr2_description/urdf/meshes/gripper_v0/convex/gripper_palm.dae
[1.076s] -- Installing: /home/nimesha/Thesis/moveit_ur5_v2_ws/src/ws_moveit/install/moveit_resources_pr2_description/share/moveit_resources_pr2_description/urdf/meshes/gripper_v0/convex/finger_tip_l.xml
[1.078s] -- Installing: /home/nimesha/Thesis/moveit_ur5_v2_ws/src/ws_moveit/install/moveit_resources_pr2_description/share/moveit_resources_pr2_description/urdf/meshes/gripper_v0/convex/gripper_palm.xml
[1.078s] -- Installing: /home/nimesha/Thesis/moveit_ur5_v2_ws/src/ws_moveit/install/moveit_resources_pr2_description/share/moveit_resources_pr2_description/urdf/meshes/gripper_v0/convex/upper_finger_l_convex.stla
[1.078s] -- Installing: /home/nimesha/Thesis/moveit_ur5_v2_ws/src/ws_moveit/install/moveit_resources_pr2_description/share/moveit_resources_pr2_description/urdf/meshes/gripper_v0/convex/finger_tip_l_convex.stlb
[1.078s] -- Installing: /home/nimesha/Thesis/moveit_ur5_v2_ws/src/ws_moveit/install/moveit_resources_pr2_description/share/moveit_resources_pr2_description/urdf/meshes/gripper_v0/convex/finger_tip_r_convex.stla
[1.079s] -- Installing: /home/nimesha/Thesis/moveit_ur5_v2_ws/src/ws_moveit/install/moveit_resources_pr2_description/share/moveit_resources_pr2_description/urdf/meshes/gripper_v0/convex/finger_tip_r.dae
[1.079s] -- Installing: /home/nimesha/Thesis/moveit_ur5_v2_ws/src/ws_moveit/install/moveit_resources_pr2_description/share/moveit_resources_pr2_description/urdf/meshes/gripper_v0/convex/finger_tip_pad2_l_convex.stlb
[1.080s] -- Installing: /home/nimesha/Thesis/moveit_ur5_v2_ws/src/ws_moveit/install/moveit_resources_pr2_description/share/moveit_resources_pr2_description/urdf/meshes/gripper_v0/convex/l_floating.dae
[1.080s] -- Installing: /home/nimesha/Thesis/moveit_ur5_v2_ws/src/ws_moveit/install/moveit_resources_pr2_description/share/moveit_resources_pr2_description/urdf/meshes/gripper_v0/convex/upper_finger_l.xml
[1.080s] -- Installing: /home/nimesha/Thesis/moveit_ur5_v2_ws/src/ws_moveit/install/moveit_resources_pr2_description/share/moveit_resources_pr2_description/urdf/meshes/gripper_v0/convex/finger_tip_l.dae
[1.080s] -- Installing: /home/nimesha/Thesis/moveit_ur5_v2_ws/src/ws_moveit/install/moveit_resources_pr2_description/share/moveit_resources_pr2_description/urdf/meshes/gripper_v0/convex/upper_finger_r.xml
[1.080s] -- Installing: /home/nimesha/Thesis/moveit_ur5_v2_ws/src/ws_moveit/install/moveit_resources_pr2_description/share/moveit_resources_pr2_description/urdf/meshes/gripper_v0/convex/finger_tip_pad2_r.xml
[1.081s] -- Installing: /home/nimesha/Thesis/moveit_ur5_v2_ws/src/ws_moveit/install/moveit_resources_pr2_description/share/moveit_resources_pr2_description/urdf/meshes/gripper_v0/convex/finger_tip_pad2_r.dae
[1.081s] -- Installing: /home/nimesha/Thesis/moveit_ur5_v2_ws/src/ws_moveit/install/moveit_resources_pr2_description/share/moveit_resources_pr2_description/urdf/meshes/gripper_v0/convex/l_finger_tip_convex.stlb
[1.081s] -- Installing: /home/nimesha/Thesis/moveit_ur5_v2_ws/src/ws_moveit/install/moveit_resources_pr2_description/share/moveit_resources_pr2_description/urdf/meshes/gripper_v0/convex/finger_tip_pad2_r_convex.stlb
[1.081s] -- Installing: /home/nimesha/Thesis/moveit_ur5_v2_ws/src/ws_moveit/install/moveit_resources_pr2_description/share/moveit_resources_pr2_description/urdf/meshes/gripper_v0/convex/upper_finger_r_convex.stlb
[1.081s] -- Installing: /home/nimesha/Thesis/moveit_ur5_v2_ws/src/ws_moveit/install/moveit_resources_pr2_description/share/moveit_resources_pr2_description/urdf/meshes/gripper_v0/convex/finger_tip_r_convex.stlb
[1.082s] -- Installing: /home/nimesha/Thesis/moveit_ur5_v2_ws/src/ws_moveit/install/moveit_resources_pr2_description/share/moveit_resources_pr2_description/urdf/meshes/gripper_v0/convex/l_finger.xml
[1.083s] -- Installing: /home/nimesha/Thesis/moveit_ur5_v2_ws/src/ws_moveit/install/moveit_resources_pr2_description/share/moveit_resources_pr2_description/urdf/meshes/gripper_v0/convex/gripper_palm_convex.stlb
[1.083s] -- Installing: /home/nimesha/Thesis/moveit_ur5_v2_ws/src/ws_moveit/install/moveit_resources_pr2_description/share/moveit_resources_pr2_description/urdf/meshes/gripper_v0/l_finger_tip.stl
[1.084s] -- Installing: /home/nimesha/Thesis/moveit_ur5_v2_ws/src/ws_moveit/install/moveit_resources_pr2_description/share/moveit_resources_pr2_description/urdf/meshes/gripper_v0/float_H_UV_100430.dae
[1.090s] -- Installing: /home/nimesha/Thesis/moveit_ur5_v2_ws/src/ws_moveit/install/moveit_resources_pr2_description/share/moveit_resources_pr2_description/urdf/meshes/gripper_v0/float_H_Color_100430.tif
[1.091s] -- Installing: /home/nimesha/Thesis/moveit_ur5_v2_ws/src/ws_moveit/install/moveit_resources_pr2_description/share/moveit_resources_pr2_description/urdf/meshes/gripper_v0/upper_finger_l.stl
[1.091s] -- Installing: /home/nimesha/Thesis/moveit_ur5_v2_ws/src/ws_moveit/install/moveit_resources_pr2_description/share/moveit_resources_pr2_description/urdf/meshes/gripper_v0/finger_tip_pad2_l.stl
[1.092s] -- Installing: /home/nimesha/Thesis/moveit_ur5_v2_ws/src/ws_moveit/install/moveit_resources_pr2_description/share/moveit_resources_pr2_description/urdf/meshes/gripper_v0/l_finger_color.tif
[1.093s] -- Installing: /home/nimesha/Thesis/moveit_ur5_v2_ws/src/ws_moveit/install/moveit_resources_pr2_description/share/moveit_resources_pr2_description/urdf/meshes/gripper_v0/palm_H_UV_100430.dae
[1.100s] -- Installing: /home/nimesha/Thesis/moveit_ur5_v2_ws/src/ws_moveit/install/moveit_resources_pr2_description/share/moveit_resources_pr2_description/urdf/meshes/gripper_v0/l_floating.stl
[1.102s] -- Installing: /home/nimesha/Thesis/moveit_ur5_v2_ws/src/ws_moveit/install/moveit_resources_pr2_description/share/moveit_resources_pr2_description/urdf/meshes/gripper_v0/l_finger_normals.tif
[1.108s] -- Installing: /home/nimesha/Thesis/moveit_ur5_v2_ws/src/ws_moveit/install/moveit_resources_pr2_description/share/moveit_resources_pr2_description/urdf/meshes/gripper_v0/finger_tip_pad2_r.stl
[1.109s] -- Installing: /home/nimesha/Thesis/moveit_ur5_v2_ws/src/ws_moveit/install/moveit_resources_pr2_description/share/moveit_resources_pr2_description/urdf/meshes/gripper_v0/fingertip_H_Color_100430.tif
[1.110s] -- Installing: /home/nimesha/Thesis/moveit_ur5_v2_ws/src/ws_moveit/install/moveit_resources_pr2_description/share/moveit_resources_pr2_description/urdf/meshes/gripper_v0/palm_H_Color_100430.tif
[1.111s] -- Installing: /home/nimesha/Thesis/moveit_ur5_v2_ws/src/ws_moveit/install/moveit_resources_pr2_description/share/moveit_resources_pr2_description/urdf/meshes/gripper_v0/upper_finger_r.stl
[1.111s] -- Installing: /home/nimesha/Thesis/moveit_ur5_v2_ws/src/ws_moveit/install/moveit_resources_pr2_description/share/moveit_resources_pr2_description/urdf/meshes/gripper_v0/finger_H_Color_100430.tif
[1.112s] -- Installing: /home/nimesha/Thesis/moveit_ur5_v2_ws/src/ws_moveit/install/moveit_resources_pr2_description/share/moveit_resources_pr2_description/urdf/meshes/forearm_v0
[1.114s] -- Installing: /home/nimesha/Thesis/moveit_ur5_v2_ws/src/ws_moveit/install/moveit_resources_pr2_description/share/moveit_resources_pr2_description/urdf/meshes/forearm_v0/wrist_flex.stl
[1.115s] -- Installing: /home/nimesha/Thesis/moveit_ur5_v2_ws/src/ws_moveit/install/moveit_resources_pr2_description/share/moveit_resources_pr2_description/urdf/meshes/forearm_v0/forearm.stl
[1.116s] -- Installing: /home/nimesha/Thesis/moveit_ur5_v2_ws/src/ws_moveit/install/moveit_resources_pr2_description/share/moveit_resources_pr2_description/urdf/meshes/forearm_v0/forearm_color.tif
[1.133s] -- Installing: /home/nimesha/Thesis/moveit_ur5_v2_ws/src/ws_moveit/install/moveit_resources_pr2_description/share/moveit_resources_pr2_description/urdf/meshes/forearm_v0/wrist_roll.stl
[1.133s] -- Installing: /home/nimesha/Thesis/moveit_ur5_v2_ws/src/ws_moveit/install/moveit_resources_pr2_description/share/moveit_resources_pr2_description/urdf/meshes/forearm_v0/convex
[1.133s] -- Installing: /home/nimesha/Thesis/moveit_ur5_v2_ws/src/ws_moveit/install/moveit_resources_pr2_description/share/moveit_resources_pr2_description/urdf/meshes/forearm_v0/convex/wrist_roll_L_convex.stla
[1.133s] -- Installing: /home/nimesha/Thesis/moveit_ur5_v2_ws/src/ws_moveit/install/moveit_resources_pr2_description/share/moveit_resources_pr2_description/urdf/meshes/forearm_v0/convex/wrist_roll_L.dae
[1.134s] -- Installing: /home/nimesha/Thesis/moveit_ur5_v2_ws/src/ws_moveit/install/moveit_resources_pr2_description/share/moveit_resources_pr2_description/urdf/meshes/forearm_v0/convex/wrist_roll_convex.stlb
[1.134s] -- Installing: /home/nimesha/Thesis/moveit_ur5_v2_ws/src/ws_moveit/install/moveit_resources_pr2_description/share/moveit_resources_pr2_description/urdf/meshes/forearm_v0/convex/wrist_flex_convex.stlb
[1.134s] -- Installing: /home/nimesha/Thesis/moveit_ur5_v2_ws/src/ws_moveit/install/moveit_resources_pr2_description/share/moveit_resources_pr2_description/urdf/meshes/forearm_v0/convex/wrist_roll.xml
[1.134s] -- Installing: /home/nimesha/Thesis/moveit_ur5_v2_ws/src/ws_moveit/install/moveit_resources_pr2_description/share/moveit_resources_pr2_description/urdf/meshes/forearm_v0/convex/wrist_flex_convex.stla
[1.135s] -- Installing: /home/nimesha/Thesis/moveit_ur5_v2_ws/src/ws_moveit/install/moveit_resources_pr2_description/share/moveit_resources_pr2_description/urdf/meshes/forearm_v0/convex/wrist_roll_L.xml
[1.135s] -- Installing: /home/nimesha/Thesis/moveit_ur5_v2_ws/src/ws_moveit/install/moveit_resources_pr2_description/share/moveit_resources_pr2_description/urdf/meshes/forearm_v0/convex/wrist_roll_L_convex.stlb
[1.135s] -- Installing: /home/nimesha/Thesis/moveit_ur5_v2_ws/src/ws_moveit/install/moveit_resources_pr2_description/share/moveit_resources_pr2_description/urdf/meshes/forearm_v0/convex/forearm_convex.stla
[1.136s] -- Installing: /home/nimesha/Thesis/moveit_ur5_v2_ws/src/ws_moveit/install/moveit_resources_pr2_description/share/moveit_resources_pr2_description/urdf/meshes/forearm_v0/convex/wrist_roll.dae
[1.139s] -- Installing: /home/nimesha/Thesis/moveit_ur5_v2_ws/src/ws_moveit/install/moveit_resources_pr2_description/share/moveit_resources_pr2_description/urdf/meshes/forearm_v0/convex/wrist_roll_convex.stla
[1.139s] -- Installing: /home/nimesha/Thesis/moveit_ur5_v2_ws/src/ws_moveit/install/moveit_resources_pr2_description/share/moveit_resources_pr2_description/urdf/meshes/forearm_v0/convex/wrist_flex.dae
[1.139s] -- Installing: /home/nimesha/Thesis/moveit_ur5_v2_ws/src/ws_moveit/install/moveit_resources_pr2_description/share/moveit_resources_pr2_description/urdf/meshes/forearm_v0/convex/wrist_flex.xml
[1.139s] -- Installing: /home/nimesha/Thesis/moveit_ur5_v2_ws/src/ws_moveit/install/moveit_resources_pr2_description/share/moveit_resources_pr2_description/urdf/meshes/forearm_v0/convex/forearm.dae
[1.141s] -- Installing: /home/nimesha/Thesis/moveit_ur5_v2_ws/src/ws_moveit/install/moveit_resources_pr2_description/share/moveit_resources_pr2_description/urdf/meshes/forearm_v0/convex/forearm.xml
[1.141s] -- Installing: /home/nimesha/Thesis/moveit_ur5_v2_ws/src/ws_moveit/install/moveit_resources_pr2_description/share/moveit_resources_pr2_description/urdf/meshes/forearm_v0/convex/forearm_convex.stlb
[1.142s] -- Installing: /home/nimesha/Thesis/moveit_ur5_v2_ws/src/ws_moveit/install/moveit_resources_pr2_description/share/moveit_resources_pr2_description/urdf/meshes/forearm_v0/wrist_flex.dae
[1.143s] -- Installing: /home/nimesha/Thesis/moveit_ur5_v2_ws/src/ws_moveit/install/moveit_resources_pr2_description/share/moveit_resources_pr2_description/urdf/meshes/forearm_v0/forearm.dae
[1.146s] -- Installing: /home/nimesha/Thesis/moveit_ur5_v2_ws/src/ws_moveit/install/moveit_resources_pr2_description/share/moveit_resources_pr2_description/urdf/meshes/forearm_v0/forearm.jpg
[1.147s] -- Installing: /home/nimesha/Thesis/moveit_ur5_v2_ws/src/ws_moveit/install/moveit_resources_pr2_description/share/moveit_resources_pr2_description/urdf/meshes/forearm_v0/wrist_normals.tif
[1.152s] -- Installing: /home/nimesha/Thesis/moveit_ur5_v2_ws/src/ws_moveit/install/moveit_resources_pr2_description/share/moveit_resources_pr2_description/urdf/meshes/forearm_v0/forearm_normals.tif
[1.158s] -- Installing: /home/nimesha/Thesis/moveit_ur5_v2_ws/src/ws_moveit/install/moveit_resources_pr2_description/share/moveit_resources_pr2_description/urdf/meshes/forearm_v0/wrist_roll_L.stl
[1.158s] -- Installing: /home/nimesha/Thesis/moveit_ur5_v2_ws/src/ws_moveit/install/moveit_resources_pr2_description/share/moveit_resources_pr2_description/urdf/meshes/forearm_v0/wrist_color.tif
[1.159s] -- Installing: /home/nimesha/Thesis/moveit_ur5_v2_ws/src/ws_moveit/install/moveit_resources_pr2_description/share/moveit_resources_pr2_description/urdf/robot.xml
[1.160s] -- Installing: /home/nimesha/Thesis/moveit_ur5_v2_ws/src/ws_moveit/install/moveit_resources_pr2_description/share/moveit_resources_pr2_description/kinect.dae
[1.166s] Invoked command in '/home/nimesha/Thesis/moveit_ur5_v2_ws/src/ws_moveit/build/moveit_resources_pr2_description' returned '0': CMAKE_PREFIX_PATH=${CMAKE_PREFIX_PATH}:/home/nimesha/Thesis/ws_moveit/install/moveit_configs_utils:/home/nimesha/Thesis/ws_moveit/install/launch_param_builder:/opt/ros/humble /usr/bin/cmake --install /home/nimesha/Thesis/moveit_ur5_v2_ws/src/ws_moveit/build/moveit_resources_pr2_description
