[0.000000] (-) TimerEvent: {}
[0.001054] (-) JobUnselected: {'identifier': 'chomp_motion_planner'}
[0.001079] (-) JobUnselected: {'identifier': 'launch_param_builder'}
[0.001090] (-) JobUnselected: {'identifier': 'moveit'}
[0.001097] (-) JobUnselected: {'identifier': 'moveit2_tutorials'}
[0.001104] (-) JobUnselected: {'identifier': 'moveit_chomp_optimizer_adapter'}
[0.001122] (-) JobUnselected: {'identifier': 'moveit_common'}
[0.001133] (-) JobUnselected: {'identifier': 'moveit_configs_utils'}
[0.001141] (-) JobUnselected: {'identifier': 'moveit_core'}
[0.001148] (-) JobUnselected: {'identifier': 'moveit_hybrid_planning'}
[0.001155] (-) JobUnselected: {'identifier': 'moveit_kinematics'}
[0.001161] (-) JobUnselected: {'identifier': 'moveit_planners'}
[0.001167] (-) JobUnselected: {'identifier': 'moveit_planners_chomp'}
[0.001174] (-) JobUnselected: {'identifier': 'moveit_planners_ompl'}
[0.001180] (-) JobUnselected: {'identifier': 'moveit_plugins'}
[0.001187] (-) JobUnselected: {'identifier': 'moveit_resources'}
[0.001194] (-) JobUnselected: {'identifier': 'moveit_resources_fanuc_description'}
[0.001200] (-) JobUnselected: {'identifier': 'moveit_resources_fanuc_moveit_config'}
[0.001207] (-) JobUnselected: {'identifier': 'moveit_resources_panda_description'}
[0.001214] (-) JobUnselected: {'identifier': 'moveit_resources_panda_moveit_config'}
[0.001220] (-) JobUnselected: {'identifier': 'moveit_resources_pr2_description'}
[0.001227] (-) JobUnselected: {'identifier': 'moveit_resources_prbt_ikfast_manipulator_plugin'}
[0.001234] (-) JobUnselected: {'identifier': 'moveit_resources_prbt_moveit_config'}
[0.001240] (-) JobUnselected: {'identifier': 'moveit_resources_prbt_pg70_support'}
[0.001246] (-) JobUnselected: {'identifier': 'moveit_resources_prbt_support'}
[0.001253] (-) JobUnselected: {'identifier': 'moveit_ros'}
[0.001259] (-) JobUnselected: {'identifier': 'moveit_ros_benchmarks'}
[0.001265] (-) JobUnselected: {'identifier': 'moveit_ros_control_interface'}
[0.001272] (-) JobUnselected: {'identifier': 'moveit_ros_move_group'}
[0.001279] (-) JobUnselected: {'identifier': 'moveit_ros_occupancy_map_monitor'}
[0.001285] (-) JobUnselected: {'identifier': 'moveit_ros_perception'}
[0.001292] (-) JobUnselected: {'identifier': 'moveit_ros_planning'}
[0.001298] (-) JobUnselected: {'identifier': 'moveit_ros_planning_interface'}
[0.001305] (-) JobUnselected: {'identifier': 'moveit_ros_robot_interaction'}
[0.001312] (-) JobUnselected: {'identifier': 'moveit_ros_visualization'}
[0.001319] (-) JobUnselected: {'identifier': 'moveit_ros_warehouse'}
[0.001325] (-) JobUnselected: {'identifier': 'moveit_runtime'}
[0.001332] (-) JobUnselected: {'identifier': 'moveit_servo'}
[0.001339] (-) JobUnselected: {'identifier': 'moveit_setup_app_plugins'}
[0.001345] (-) JobUnselected: {'identifier': 'moveit_setup_assistant'}
[0.001351] (-) JobUnselected: {'identifier': 'moveit_setup_controllers'}
[0.001358] (-) JobUnselected: {'identifier': 'moveit_setup_core_plugins'}
[0.001364] (-) JobUnselected: {'identifier': 'moveit_setup_framework'}
[0.001371] (-) JobUnselected: {'identifier': 'moveit_setup_srdf_plugins'}
[0.001377] (-) JobUnselected: {'identifier': 'moveit_simple_controller_manager'}
[0.001384] (-) JobUnselected: {'identifier': 'moveit_task_constructor_capabilities'}
[0.001391] (-) JobUnselected: {'identifier': 'moveit_task_constructor_core'}
[0.001397] (-) JobUnselected: {'identifier': 'moveit_task_constructor_demo'}
[0.001404] (-) JobUnselected: {'identifier': 'moveit_task_constructor_msgs'}
[0.001410] (-) JobUnselected: {'identifier': 'moveit_task_constructor_visualization'}
[0.001417] (-) JobUnselected: {'identifier': 'moveit_visual_tools'}
[0.001423] (-) JobUnselected: {'identifier': 'mtc_tutorial'}
[0.001430] (-) JobUnselected: {'identifier': 'pilz_industrial_motion_planner'}
[0.001436] (-) JobUnselected: {'identifier': 'pilz_industrial_motion_planner_testutils'}
[0.001443] (-) JobUnselected: {'identifier': 'robot_moveit_config'}
[0.001449] (-) JobUnselected: {'identifier': 'robotiq_2f_140_gripper_visualization'}
[0.001456] (-) JobUnselected: {'identifier': 'rosparam_shortcuts'}
[0.001465] (-) JobUnselected: {'identifier': 'rviz_marker_tools'}
[0.001471] (-) JobUnselected: {'identifier': 'srdfdom'}
[0.001478] (-) JobUnselected: {'identifier': 'ur5e_gripper_visualization'}
[0.001485] (-) JobUnselected: {'identifier': 'ur_description'}
[0.001492] (-) EventReactorShutdown: {}
