-- Install configuration: ""
-- Up-to-date: /home/nimesha/Thesis/moveit_ur5_v2_ws/install/robotiq_2f_140_gripper_visualization/share/robotiq_2f_140_gripper_visualization/urdf
-- Up-to-date: /home/nimesha/Thesis/moveit_ur5_v2_ws/install/robotiq_2f_140_gripper_visualization/share/robotiq_2f_140_gripper_visualization/urdf/robotiq_arg2f_140_model.xacro
-- Up-to-date: /home/nimesha/Thesis/moveit_ur5_v2_ws/install/robotiq_2f_140_gripper_visualization/share/robotiq_2f_140_gripper_visualization/urdf/robotiq_arg2f.xacro
-- Up-to-date: /home/nimesha/Thesis/moveit_ur5_v2_ws/install/robotiq_2f_140_gripper_visualization/share/robotiq_2f_140_gripper_visualization/urdf/robotiq_arg2f_transmission.xacro
-- Up-to-date: /home/nimesha/Thesis/moveit_ur5_v2_ws/install/robotiq_2f_140_gripper_visualization/share/robotiq_2f_140_gripper_visualization/urdf/robotiq_arg2f_140_model_macro.xacro
-- Up-to-date: /home/nimesha/Thesis/moveit_ur5_v2_ws/install/robotiq_2f_140_gripper_visualization/share/robotiq_2f_140_gripper_visualization/meshes
-- Up-to-date: /home/nimesha/Thesis/moveit_ur5_v2_ws/install/robotiq_2f_140_gripper_visualization/share/robotiq_2f_140_gripper_visualization/meshes/collision
-- Up-to-date: /home/nimesha/Thesis/moveit_ur5_v2_ws/install/robotiq_2f_140_gripper_visualization/share/robotiq_2f_140_gripper_visualization/meshes/collision/robotiq_arg2f_base_link.stl
-- Up-to-date: /home/nimesha/Thesis/moveit_ur5_v2_ws/install/robotiq_2f_140_gripper_visualization/share/robotiq_2f_140_gripper_visualization/meshes/collision/robotiq_arg2f_140_inner_finger.stl
-- Up-to-date: /home/nimesha/Thesis/moveit_ur5_v2_ws/install/robotiq_2f_140_gripper_visualization/share/robotiq_2f_140_gripper_visualization/meshes/collision/robotiq_arg2f_140_outer_finger.stl
-- Up-to-date: /home/nimesha/Thesis/moveit_ur5_v2_ws/install/robotiq_2f_140_gripper_visualization/share/robotiq_2f_140_gripper_visualization/meshes/collision/robotiq_arg2f_140_inner_knuckle.stl
-- Up-to-date: /home/nimesha/Thesis/moveit_ur5_v2_ws/install/robotiq_2f_140_gripper_visualization/share/robotiq_2f_140_gripper_visualization/meshes/collision/robotiq_arg2f_coupling.stl
-- Up-to-date: /home/nimesha/Thesis/moveit_ur5_v2_ws/install/robotiq_2f_140_gripper_visualization/share/robotiq_2f_140_gripper_visualization/meshes/collision/robotiq_arg2f_140_outer_knuckle.stl
-- Up-to-date: /home/nimesha/Thesis/moveit_ur5_v2_ws/install/robotiq_2f_140_gripper_visualization/share/robotiq_2f_140_gripper_visualization/meshes/visual
-- Up-to-date: /home/nimesha/Thesis/moveit_ur5_v2_ws/install/robotiq_2f_140_gripper_visualization/share/robotiq_2f_140_gripper_visualization/meshes/visual/robotiq_arg2f_base_link.stl
-- Up-to-date: /home/nimesha/Thesis/moveit_ur5_v2_ws/install/robotiq_2f_140_gripper_visualization/share/robotiq_2f_140_gripper_visualization/meshes/visual/robotiq_arg2f_140_inner_finger.stl
-- Up-to-date: /home/nimesha/Thesis/moveit_ur5_v2_ws/install/robotiq_2f_140_gripper_visualization/share/robotiq_2f_140_gripper_visualization/meshes/visual/robotiq_arg2f_140_outer_finger.stl
-- Up-to-date: /home/nimesha/Thesis/moveit_ur5_v2_ws/install/robotiq_2f_140_gripper_visualization/share/robotiq_2f_140_gripper_visualization/meshes/visual/robotiq_arg2f_140_inner_knuckle.stl
-- Up-to-date: /home/nimesha/Thesis/moveit_ur5_v2_ws/install/robotiq_2f_140_gripper_visualization/share/robotiq_2f_140_gripper_visualization/meshes/visual/robotiq_arg2f_coupling.stl
-- Up-to-date: /home/nimesha/Thesis/moveit_ur5_v2_ws/install/robotiq_2f_140_gripper_visualization/share/robotiq_2f_140_gripper_visualization/meshes/visual/robotiq_arg2f_140_outer_knuckle.stl
-- Up-to-date: /home/nimesha/Thesis/moveit_ur5_v2_ws/install/robotiq_2f_140_gripper_visualization/share/ament_index/resource_index/package_run_dependencies/robotiq_2f_140_gripper_visualization
-- Up-to-date: /home/nimesha/Thesis/moveit_ur5_v2_ws/install/robotiq_2f_140_gripper_visualization/share/ament_index/resource_index/parent_prefix_path/robotiq_2f_140_gripper_visualization
-- Up-to-date: /home/nimesha/Thesis/moveit_ur5_v2_ws/install/robotiq_2f_140_gripper_visualization/share/robotiq_2f_140_gripper_visualization/environment/ament_prefix_path.sh
-- Up-to-date: /home/nimesha/Thesis/moveit_ur5_v2_ws/install/robotiq_2f_140_gripper_visualization/share/robotiq_2f_140_gripper_visualization/environment/ament_prefix_path.dsv
-- Up-to-date: /home/nimesha/Thesis/moveit_ur5_v2_ws/install/robotiq_2f_140_gripper_visualization/share/robotiq_2f_140_gripper_visualization/environment/path.sh
-- Up-to-date: /home/nimesha/Thesis/moveit_ur5_v2_ws/install/robotiq_2f_140_gripper_visualization/share/robotiq_2f_140_gripper_visualization/environment/path.dsv
-- Up-to-date: /home/nimesha/Thesis/moveit_ur5_v2_ws/install/robotiq_2f_140_gripper_visualization/share/robotiq_2f_140_gripper_visualization/local_setup.bash
-- Up-to-date: /home/nimesha/Thesis/moveit_ur5_v2_ws/install/robotiq_2f_140_gripper_visualization/share/robotiq_2f_140_gripper_visualization/local_setup.sh
-- Up-to-date: /home/nimesha/Thesis/moveit_ur5_v2_ws/install/robotiq_2f_140_gripper_visualization/share/robotiq_2f_140_gripper_visualization/local_setup.zsh
-- Up-to-date: /home/nimesha/Thesis/moveit_ur5_v2_ws/install/robotiq_2f_140_gripper_visualization/share/robotiq_2f_140_gripper_visualization/local_setup.dsv
-- Installing: /home/nimesha/Thesis/moveit_ur5_v2_ws/install/robotiq_2f_140_gripper_visualization/share/robotiq_2f_140_gripper_visualization/package.dsv
-- Up-to-date: /home/nimesha/Thesis/moveit_ur5_v2_ws/install/robotiq_2f_140_gripper_visualization/share/ament_index/resource_index/packages/robotiq_2f_140_gripper_visualization
-- Up-to-date: /home/nimesha/Thesis/moveit_ur5_v2_ws/install/robotiq_2f_140_gripper_visualization/share/robotiq_2f_140_gripper_visualization/cmake/robotiq_2f_140_gripper_visualizationConfig.cmake
-- Up-to-date: /home/nimesha/Thesis/moveit_ur5_v2_ws/install/robotiq_2f_140_gripper_visualization/share/robotiq_2f_140_gripper_visualization/cmake/robotiq_2f_140_gripper_visualizationConfig-version.cmake
-- Up-to-date: /home/nimesha/Thesis/moveit_ur5_v2_ws/install/robotiq_2f_140_gripper_visualization/share/robotiq_2f_140_gripper_visualization/package.xml
