[0.230s] DEBUG:colcon:Command line arguments: ['/usr/bin/colcon', 'build']
[0.231s] DEBUG:colcon:Parsed command line arguments: Namespace(log_base=None, log_level=None, verb_name='build', build_base='build', install_base='install', merge_install=False, symlink_install=False, test_result_base=None, continue_on_error=False, executor='parallel', parallel_workers=32, event_handlers=None, ignore_user_meta=False, metas=['./colcon.meta'], base_paths=['.'], packages_ignore=None, packages_ignore_regex=None, paths=None, packages_up_to=None, packages_up_to_regex=None, packages_above=None, packages_above_and_dependencies=None, packages_above_depth=None, packages_select_by_dep=None, packages_skip_by_dep=None, packages_skip_up_to=None, packages_select_build_failed=False, packages_skip_build_finished=False, packages_select_test_failures=False, packages_skip_test_passed=False, packages_select=None, packages_skip=None, packages_select_regex=None, packages_skip_regex=None, packages_start=None, packages_end=None, allow_overriding=[], cmake_args=None, cmake_target=None, cmake_target_skip_unavailable=False, cmake_clean_cache=False, cmake_clean_first=False, cmake_force_configure=False, ament_cmake_args=None, catkin_cmake_args=None, catkin_skip_building_tests=False, mixin_files=None, mixin=None, verb_parser=<colcon_mixin.mixin.mixin_argument.MixinArgumentDecorator object at 0x7fb89d064ee0>, verb_extension=<colcon_core.verb.build.BuildVerb object at 0x7fb89d064a00>, main=<bound method BuildVerb.main of <colcon_core.verb.build.BuildVerb object at 0x7fb89d064a00>>, mixin_verb=('build',))
[0.581s] Level 1:colcon.colcon_core.package_discovery:discover_packages(colcon_meta) check parameters
[0.581s] Level 1:colcon.colcon_core.package_discovery:discover_packages(recursive) check parameters
[0.581s] Level 1:colcon.colcon_core.package_discovery:discover_packages(ignore) check parameters
[0.581s] Level 1:colcon.colcon_core.package_discovery:discover_packages(path) check parameters
[0.581s] Level 1:colcon.colcon_core.package_discovery:discover_packages(colcon_meta) discover
[0.581s] Level 1:colcon.colcon_core.package_discovery:discover_packages(recursive) discover
[0.581s] INFO:colcon.colcon_core.package_discovery:Crawling recursively for packages in '/home/nimesha/Thesis/mujoco_ros2_control'
[0.581s] Level 1:colcon.colcon_core.package_identification:_identify(.) by extensions ['ignore', 'ignore_ament_install']
[0.581s] Level 1:colcon.colcon_core.package_identification:_identify(.) by extension 'ignore'
[0.581s] Level 1:colcon.colcon_core.package_identification:_identify(.) by extension 'ignore_ament_install'
[0.581s] Level 1:colcon.colcon_core.package_identification:_identify(.) by extensions ['colcon_pkg']
[0.581s] Level 1:colcon.colcon_core.package_identification:_identify(.) by extension 'colcon_pkg'
[0.581s] Level 1:colcon.colcon_core.package_identification:_identify(.) by extensions ['colcon_meta']
[0.581s] Level 1:colcon.colcon_core.package_identification:_identify(.) by extension 'colcon_meta'
[0.581s] Level 1:colcon.colcon_core.package_identification:_identify(.) by extensions ['ros']
[0.581s] Level 1:colcon.colcon_core.package_identification:_identify(.) by extension 'ros'
[0.599s] Level 1:colcon.colcon_core.package_identification:_identify(.) by extensions ['cmake', 'python']
[0.599s] Level 1:colcon.colcon_core.package_identification:_identify(.) by extension 'cmake'
[0.599s] Level 1:colcon.colcon_core.package_identification:_identify(.) by extension 'python'
[0.599s] Level 1:colcon.colcon_core.package_identification:_identify(.) by extensions ['python_setup_py']
[0.599s] Level 1:colcon.colcon_core.package_identification:_identify(.) by extension 'python_setup_py'
[0.600s] Level 1:colcon.colcon_core.package_identification:_identify(build) by extensions ['ignore', 'ignore_ament_install']
[0.600s] Level 1:colcon.colcon_core.package_identification:_identify(build) by extension 'ignore'
[0.600s] Level 1:colcon.colcon_core.package_identification:_identify(build) ignored
[0.600s] Level 1:colcon.colcon_core.package_identification:_identify(doc) by extensions ['ignore', 'ignore_ament_install']
[0.600s] Level 1:colcon.colcon_core.package_identification:_identify(doc) by extension 'ignore'
[0.600s] Level 1:colcon.colcon_core.package_identification:_identify(doc) by extension 'ignore_ament_install'
[0.600s] Level 1:colcon.colcon_core.package_identification:_identify(doc) by extensions ['colcon_pkg']
[0.600s] Level 1:colcon.colcon_core.package_identification:_identify(doc) by extension 'colcon_pkg'
[0.600s] Level 1:colcon.colcon_core.package_identification:_identify(doc) by extensions ['colcon_meta']
[0.600s] Level 1:colcon.colcon_core.package_identification:_identify(doc) by extension 'colcon_meta'
[0.600s] Level 1:colcon.colcon_core.package_identification:_identify(doc) by extensions ['ros']
[0.600s] Level 1:colcon.colcon_core.package_identification:_identify(doc) by extension 'ros'
[0.600s] Level 1:colcon.colcon_core.package_identification:_identify(doc) by extensions ['cmake', 'python']
[0.600s] Level 1:colcon.colcon_core.package_identification:_identify(doc) by extension 'cmake'
[0.600s] Level 1:colcon.colcon_core.package_identification:_identify(doc) by extension 'python'
[0.600s] Level 1:colcon.colcon_core.package_identification:_identify(doc) by extensions ['python_setup_py']
[0.600s] Level 1:colcon.colcon_core.package_identification:_identify(doc) by extension 'python_setup_py'
[0.600s] Level 1:colcon.colcon_core.package_identification:_identify(doc/images) by extensions ['ignore', 'ignore_ament_install']
[0.600s] Level 1:colcon.colcon_core.package_identification:_identify(doc/images) by extension 'ignore'
[0.601s] Level 1:colcon.colcon_core.package_identification:_identify(doc/images) by extension 'ignore_ament_install'
[0.601s] Level 1:colcon.colcon_core.package_identification:_identify(doc/images) by extensions ['colcon_pkg']
[0.601s] Level 1:colcon.colcon_core.package_identification:_identify(doc/images) by extension 'colcon_pkg'
[0.601s] Level 1:colcon.colcon_core.package_identification:_identify(doc/images) by extensions ['colcon_meta']
[0.601s] Level 1:colcon.colcon_core.package_identification:_identify(doc/images) by extension 'colcon_meta'
[0.601s] Level 1:colcon.colcon_core.package_identification:_identify(doc/images) by extensions ['ros']
[0.601s] Level 1:colcon.colcon_core.package_identification:_identify(doc/images) by extension 'ros'
[0.601s] Level 1:colcon.colcon_core.package_identification:_identify(doc/images) by extensions ['cmake', 'python']
[0.601s] Level 1:colcon.colcon_core.package_identification:_identify(doc/images) by extension 'cmake'
[0.601s] Level 1:colcon.colcon_core.package_identification:_identify(doc/images) by extension 'python'
[0.601s] Level 1:colcon.colcon_core.package_identification:_identify(doc/images) by extensions ['python_setup_py']
[0.601s] Level 1:colcon.colcon_core.package_identification:_identify(doc/images) by extension 'python_setup_py'
[0.601s] Level 1:colcon.colcon_core.package_identification:_identify(docker) by extensions ['ignore', 'ignore_ament_install']
[0.601s] Level 1:colcon.colcon_core.package_identification:_identify(docker) by extension 'ignore'
[0.601s] Level 1:colcon.colcon_core.package_identification:_identify(docker) by extension 'ignore_ament_install'
[0.601s] Level 1:colcon.colcon_core.package_identification:_identify(docker) by extensions ['colcon_pkg']
[0.601s] Level 1:colcon.colcon_core.package_identification:_identify(docker) by extension 'colcon_pkg'
[0.601s] Level 1:colcon.colcon_core.package_identification:_identify(docker) by extensions ['colcon_meta']
[0.601s] Level 1:colcon.colcon_core.package_identification:_identify(docker) by extension 'colcon_meta'
[0.601s] Level 1:colcon.colcon_core.package_identification:_identify(docker) by extensions ['ros']
[0.601s] Level 1:colcon.colcon_core.package_identification:_identify(docker) by extension 'ros'
[0.601s] Level 1:colcon.colcon_core.package_identification:_identify(docker) by extensions ['cmake', 'python']
[0.601s] Level 1:colcon.colcon_core.package_identification:_identify(docker) by extension 'cmake'
[0.601s] Level 1:colcon.colcon_core.package_identification:_identify(docker) by extension 'python'
[0.601s] Level 1:colcon.colcon_core.package_identification:_identify(docker) by extensions ['python_setup_py']
[0.601s] Level 1:colcon.colcon_core.package_identification:_identify(docker) by extension 'python_setup_py'
[0.601s] Level 1:colcon.colcon_core.package_identification:_identify(install) by extensions ['ignore', 'ignore_ament_install']
[0.601s] Level 1:colcon.colcon_core.package_identification:_identify(install) by extension 'ignore'
[0.601s] Level 1:colcon.colcon_core.package_identification:_identify(install) ignored
[0.602s] Level 1:colcon.colcon_core.package_identification:_identify(log) by extensions ['ignore', 'ignore_ament_install']
[0.602s] Level 1:colcon.colcon_core.package_identification:_identify(log) by extension 'ignore'
[0.602s] Level 1:colcon.colcon_core.package_identification:_identify(log) ignored
[0.602s] Level 1:colcon.colcon_core.package_identification:_identify(mujoco_ros2_control) by extensions ['ignore', 'ignore_ament_install']
[0.602s] Level 1:colcon.colcon_core.package_identification:_identify(mujoco_ros2_control) by extension 'ignore'
[0.602s] Level 1:colcon.colcon_core.package_identification:_identify(mujoco_ros2_control) by extension 'ignore_ament_install'
[0.602s] Level 1:colcon.colcon_core.package_identification:_identify(mujoco_ros2_control) by extensions ['colcon_pkg']
[0.602s] Level 1:colcon.colcon_core.package_identification:_identify(mujoco_ros2_control) by extension 'colcon_pkg'
[0.602s] Level 1:colcon.colcon_core.package_identification:_identify(mujoco_ros2_control) by extensions ['colcon_meta']
[0.602s] Level 1:colcon.colcon_core.package_identification:_identify(mujoco_ros2_control) by extension 'colcon_meta'
[0.602s] Level 1:colcon.colcon_core.package_identification:_identify(mujoco_ros2_control) by extensions ['ros']
[0.602s] Level 1:colcon.colcon_core.package_identification:_identify(mujoco_ros2_control) by extension 'ros'
[0.605s] DEBUG:colcon.colcon_core.package_identification:Package 'mujoco_ros2_control' with type 'ros.ament_cmake' and name 'mujoco_ros2_control'
[0.605s] Level 1:colcon.colcon_core.package_identification:_identify(mujoco_ros2_control_demos) by extensions ['ignore', 'ignore_ament_install']
[0.605s] Level 1:colcon.colcon_core.package_identification:_identify(mujoco_ros2_control_demos) by extension 'ignore'
[0.605s] Level 1:colcon.colcon_core.package_identification:_identify(mujoco_ros2_control_demos) by extension 'ignore_ament_install'
[0.605s] Level 1:colcon.colcon_core.package_identification:_identify(mujoco_ros2_control_demos) by extensions ['colcon_pkg']
[0.605s] Level 1:colcon.colcon_core.package_identification:_identify(mujoco_ros2_control_demos) by extension 'colcon_pkg'
[0.605s] Level 1:colcon.colcon_core.package_identification:_identify(mujoco_ros2_control_demos) by extensions ['colcon_meta']
[0.605s] Level 1:colcon.colcon_core.package_identification:_identify(mujoco_ros2_control_demos) by extension 'colcon_meta'
[0.605s] Level 1:colcon.colcon_core.package_identification:_identify(mujoco_ros2_control_demos) by extensions ['ros']
[0.605s] Level 1:colcon.colcon_core.package_identification:_identify(mujoco_ros2_control_demos) by extension 'ros'
[0.606s] DEBUG:colcon.colcon_core.package_identification:Package 'mujoco_ros2_control_demos' with type 'ros.ament_cmake' and name 'mujoco_ros2_control_demos'
[0.606s] Level 1:colcon.colcon_core.package_discovery:discover_packages(recursive) using defaults
[0.606s] Level 1:colcon.colcon_core.package_discovery:discover_packages(ignore) discover
[0.606s] Level 1:colcon.colcon_core.package_discovery:discover_packages(ignore) using defaults
[0.606s] Level 1:colcon.colcon_core.package_discovery:discover_packages(path) discover
[0.606s] Level 1:colcon.colcon_core.package_discovery:discover_packages(path) using defaults
[0.630s] Level 1:colcon.colcon_core.package_discovery:discover_packages(prefix_path) check parameters
[0.630s] Level 1:colcon.colcon_core.package_discovery:discover_packages(prefix_path) discover
[0.632s] WARNING:colcon.colcon_core.prefix_path.colcon:The path '/home/nimesha/Thesis/mujoco_ros2_control_examples/install' in the environment variable COLCON_PREFIX_PATH doesn't exist
[0.640s] WARNING:colcon.colcon_ros.prefix_path.ament:The path '/home/nimesha/Thesis/mujoco_ros2_control_examples/install/peg_in_hole' in the environment variable AMENT_PREFIX_PATH doesn't exist
[0.640s] WARNING:colcon.colcon_ros.prefix_path.ament:The path '/home/nimesha/Thesis/mujoco_ros2_control_examples/install/panda_mujoco' in the environment variable AMENT_PREFIX_PATH doesn't exist
[0.640s] WARNING:colcon.colcon_ros.prefix_path.ament:The path '/home/nimesha/Thesis/mujoco_ros2_control_examples/install/interactive_marker' in the environment variable AMENT_PREFIX_PATH doesn't exist
[0.640s] WARNING:colcon.colcon_ros.prefix_path.ament:The path '/home/nimesha/Thesis/mujoco_ros2_control_examples/install/moveit_resources_panda_moveit_config' in the environment variable AMENT_PREFIX_PATH doesn't exist
[0.640s] WARNING:colcon.colcon_ros.prefix_path.ament:The path '/home/nimesha/Thesis/mujoco_ros2_control_examples/install/moveit_resources_panda_description' in the environment variable AMENT_PREFIX_PATH doesn't exist
[0.642s] WARNING:colcon.colcon_ros.prefix_path.catkin:The path '/home/nimesha/Thesis/mujoco_ros2_control_examples/install/peg_in_hole' in the environment variable CMAKE_PREFIX_PATH doesn't exist
[0.642s] WARNING:colcon.colcon_ros.prefix_path.catkin:The path '/home/nimesha/Thesis/mujoco_ros2_control_examples/install/panda_mujoco' in the environment variable CMAKE_PREFIX_PATH doesn't exist
[0.642s] WARNING:colcon.colcon_ros.prefix_path.catkin:The path '/home/nimesha/Thesis/mujoco_ros2_control_examples/install/interactive_marker' in the environment variable CMAKE_PREFIX_PATH doesn't exist
[0.642s] WARNING:colcon.colcon_ros.prefix_path.catkin:The path '/home/nimesha/Thesis/mujoco_ros2_control_examples/install/moveit_resources_panda_moveit_config' in the environment variable CMAKE_PREFIX_PATH doesn't exist
[0.642s] WARNING:colcon.colcon_ros.prefix_path.catkin:The path '/home/nimesha/Thesis/mujoco_ros2_control_examples/install/moveit_resources_panda_description' in the environment variable CMAKE_PREFIX_PATH doesn't exist
[0.644s] DEBUG:colcon.colcon_installed_package_information.package_discovery:Found 55 installed packages in /home/nimesha/Thesis/ws_moveit/install
[0.649s] DEBUG:colcon.colcon_installed_package_information.package_discovery:Found 345 installed packages in /home/nimesha/ros2_humble/ros2-linux
[0.650s] DEBUG:colcon.colcon_installed_package_information.package_discovery:Found 2 installed packages in /home/nimesha/thesis/mujoco_ros2_control/install
[0.651s] DEBUG:colcon.colcon_installed_package_information.package_discovery:Found 55 installed packages in /home/nimesha/thesis/ws_moveit/install
[0.653s] DEBUG:colcon.colcon_installed_package_information.package_discovery:Found 171 installed packages in /opt/ros/humble
[0.655s] Level 1:colcon.colcon_core.package_discovery:discover_packages(prefix_path) using defaults
[0.791s] Level 5:colcon.colcon_core.verb:set package 'mujoco_ros2_control' build argument 'cmake_args' from command line to 'None'
[0.791s] Level 5:colcon.colcon_core.verb:set package 'mujoco_ros2_control' build argument 'cmake_target' from command line to 'None'
[0.791s] Level 5:colcon.colcon_core.verb:set package 'mujoco_ros2_control' build argument 'cmake_target_skip_unavailable' from command line to 'False'
[0.791s] Level 5:colcon.colcon_core.verb:set package 'mujoco_ros2_control' build argument 'cmake_clean_cache' from command line to 'False'
[0.791s] Level 5:colcon.colcon_core.verb:set package 'mujoco_ros2_control' build argument 'cmake_clean_first' from command line to 'False'
[0.791s] Level 5:colcon.colcon_core.verb:set package 'mujoco_ros2_control' build argument 'cmake_force_configure' from command line to 'False'
[0.791s] Level 5:colcon.colcon_core.verb:set package 'mujoco_ros2_control' build argument 'ament_cmake_args' from command line to 'None'
[0.791s] Level 5:colcon.colcon_core.verb:set package 'mujoco_ros2_control' build argument 'catkin_cmake_args' from command line to 'None'
[0.791s] Level 5:colcon.colcon_core.verb:set package 'mujoco_ros2_control' build argument 'catkin_skip_building_tests' from command line to 'False'
[0.791s] DEBUG:colcon.colcon_core.verb:Building package 'mujoco_ros2_control' with the following arguments: {'ament_cmake_args': None, 'build_base': '/home/nimesha/Thesis/mujoco_ros2_control/build/mujoco_ros2_control', 'catkin_cmake_args': None, 'catkin_skip_building_tests': False, 'cmake_args': None, 'cmake_clean_cache': False, 'cmake_clean_first': False, 'cmake_force_configure': False, 'cmake_target': None, 'cmake_target_skip_unavailable': False, 'install_base': '/home/nimesha/Thesis/mujoco_ros2_control/install/mujoco_ros2_control', 'merge_install': False, 'path': '/home/nimesha/Thesis/mujoco_ros2_control/mujoco_ros2_control', 'symlink_install': False, 'test_result_base': None}
[0.791s] Level 5:colcon.colcon_core.verb:set package 'mujoco_ros2_control_demos' build argument 'cmake_args' from command line to 'None'
[0.791s] Level 5:colcon.colcon_core.verb:set package 'mujoco_ros2_control_demos' build argument 'cmake_target' from command line to 'None'
[0.791s] Level 5:colcon.colcon_core.verb:set package 'mujoco_ros2_control_demos' build argument 'cmake_target_skip_unavailable' from command line to 'False'
[0.791s] Level 5:colcon.colcon_core.verb:set package 'mujoco_ros2_control_demos' build argument 'cmake_clean_cache' from command line to 'False'
[0.791s] Level 5:colcon.colcon_core.verb:set package 'mujoco_ros2_control_demos' build argument 'cmake_clean_first' from command line to 'False'
[0.791s] Level 5:colcon.colcon_core.verb:set package 'mujoco_ros2_control_demos' build argument 'cmake_force_configure' from command line to 'False'
[0.791s] Level 5:colcon.colcon_core.verb:set package 'mujoco_ros2_control_demos' build argument 'ament_cmake_args' from command line to 'None'
[0.791s] Level 5:colcon.colcon_core.verb:set package 'mujoco_ros2_control_demos' build argument 'catkin_cmake_args' from command line to 'None'
[0.791s] Level 5:colcon.colcon_core.verb:set package 'mujoco_ros2_control_demos' build argument 'catkin_skip_building_tests' from command line to 'False'
[0.792s] DEBUG:colcon.colcon_core.verb:Building package 'mujoco_ros2_control_demos' with the following arguments: {'ament_cmake_args': None, 'build_base': '/home/nimesha/Thesis/mujoco_ros2_control/build/mujoco_ros2_control_demos', 'catkin_cmake_args': None, 'catkin_skip_building_tests': False, 'cmake_args': None, 'cmake_clean_cache': False, 'cmake_clean_first': False, 'cmake_force_configure': False, 'cmake_target': None, 'cmake_target_skip_unavailable': False, 'install_base': '/home/nimesha/Thesis/mujoco_ros2_control/install/mujoco_ros2_control_demos', 'merge_install': False, 'path': '/home/nimesha/Thesis/mujoco_ros2_control/mujoco_ros2_control_demos', 'symlink_install': False, 'test_result_base': None}
[0.792s] INFO:colcon.colcon_core.executor:Executing jobs using 'parallel' executor
[0.792s] DEBUG:colcon.colcon_parallel_executor.executor.parallel:run_until_complete
[0.793s] INFO:colcon.colcon_ros.task.ament_cmake.build:Building ROS package in '/home/nimesha/Thesis/mujoco_ros2_control/mujoco_ros2_control' with build type 'ament_cmake'
[0.793s] INFO:colcon.colcon_cmake.task.cmake.build:Building CMake package in '/home/nimesha/Thesis/mujoco_ros2_control/mujoco_ros2_control'
[0.797s] INFO:colcon.colcon_core.plugin_system:Skipping extension 'colcon_core.shell.bat': Not used on non-Windows systems
[0.797s] INFO:colcon.colcon_core.shell:Skip shell extension 'powershell' for command environment: Not usable outside of PowerShell
[0.797s] DEBUG:colcon.colcon_core.shell:Skip shell extension 'dsv' for command environment
[0.804s] INFO:colcon.colcon_ros.task.ament_cmake.build:Building ROS package in '/home/nimesha/Thesis/mujoco_ros2_control/mujoco_ros2_control_demos' with build type 'ament_cmake'
[0.804s] INFO:colcon.colcon_cmake.task.cmake.build:Building CMake package in '/home/nimesha/Thesis/mujoco_ros2_control/mujoco_ros2_control_demos'
[0.804s] INFO:colcon.colcon_core.shell:Skip shell extension 'powershell' for command environment: Not usable outside of PowerShell
[0.804s] DEBUG:colcon.colcon_core.shell:Skip shell extension 'dsv' for command environment
[0.815s] DEBUG:colcon.colcon_core.event_handler.log_command:Invoking command in '/home/nimesha/Thesis/mujoco_ros2_control/build/mujoco_ros2_control': CMAKE_PREFIX_PATH=${CMAKE_PREFIX_PATH}:/home/nimesha/Thesis/ws_moveit/install/moveit_configs_utils:/home/nimesha/Thesis/ws_moveit/install/launch_param_builder:/home/nimesha/thesis/ws_moveit/install/moveit_configs_utils:/home/nimesha/thesis/ws_moveit/install/launch_param_builder:/opt/ros/humble /usr/bin/cmake /home/nimesha/Thesis/mujoco_ros2_control/mujoco_ros2_control -DCMAKE_INSTALL_PREFIX=/home/nimesha/Thesis/mujoco_ros2_control/install/mujoco_ros2_control
[0.822s] DEBUG:colcon.colcon_core.event_handler.log_command:Invoking command in '/home/nimesha/Thesis/mujoco_ros2_control/build/mujoco_ros2_control_demos': CMAKE_PREFIX_PATH=${CMAKE_PREFIX_PATH}:/home/nimesha/Thesis/ws_moveit/install/moveit_configs_utils:/home/nimesha/Thesis/ws_moveit/install/launch_param_builder:/home/nimesha/thesis/ws_moveit/install/moveit_configs_utils:/home/nimesha/thesis/ws_moveit/install/launch_param_builder:/opt/ros/humble /usr/bin/cmake --build /home/nimesha/Thesis/mujoco_ros2_control/build/mujoco_ros2_control_demos -- -j32 -l32
[0.970s] DEBUG:colcon.colcon_core.event_handler.log_command:Invoked command in '/home/nimesha/Thesis/mujoco_ros2_control/build/mujoco_ros2_control_demos' returned '0': CMAKE_PREFIX_PATH=${CMAKE_PREFIX_PATH}:/home/nimesha/Thesis/ws_moveit/install/moveit_configs_utils:/home/nimesha/Thesis/ws_moveit/install/launch_param_builder:/home/nimesha/thesis/ws_moveit/install/moveit_configs_utils:/home/nimesha/thesis/ws_moveit/install/launch_param_builder:/opt/ros/humble /usr/bin/cmake --build /home/nimesha/Thesis/mujoco_ros2_control/build/mujoco_ros2_control_demos -- -j32 -l32
[1.053s] DEBUG:colcon.colcon_core.event_handler.log_command:Invoking command in '/home/nimesha/Thesis/mujoco_ros2_control/build/mujoco_ros2_control_demos': CMAKE_PREFIX_PATH=${CMAKE_PREFIX_PATH}:/home/nimesha/Thesis/ws_moveit/install/moveit_configs_utils:/home/nimesha/Thesis/ws_moveit/install/launch_param_builder:/home/nimesha/thesis/ws_moveit/install/moveit_configs_utils:/home/nimesha/thesis/ws_moveit/install/launch_param_builder:/opt/ros/humble /usr/bin/cmake --install /home/nimesha/Thesis/mujoco_ros2_control/build/mujoco_ros2_control_demos
[1.083s] Level 1:colcon.colcon_core.environment:create_environment_scripts_only(mujoco_ros2_control_demos)
[1.084s] DEBUG:colcon.colcon_core.event_handler.log_command:Invoked command in '/home/nimesha/Thesis/mujoco_ros2_control/build/mujoco_ros2_control_demos' returned '0': CMAKE_PREFIX_PATH=${CMAKE_PREFIX_PATH}:/home/nimesha/Thesis/ws_moveit/install/moveit_configs_utils:/home/nimesha/Thesis/ws_moveit/install/launch_param_builder:/home/nimesha/thesis/ws_moveit/install/moveit_configs_utils:/home/nimesha/thesis/ws_moveit/install/launch_param_builder:/opt/ros/humble /usr/bin/cmake --install /home/nimesha/Thesis/mujoco_ros2_control/build/mujoco_ros2_control_demos
[1.089s] Level 1:colcon.colcon_core.environment:checking '/home/nimesha/Thesis/mujoco_ros2_control/install/mujoco_ros2_control_demos' for CMake module files
[1.089s] Level 1:colcon.colcon_core.environment:checking '/home/nimesha/Thesis/mujoco_ros2_control/install/mujoco_ros2_control_demos' for CMake config files
[1.089s] Level 1:colcon.colcon_core.shell:create_environment_hook('mujoco_ros2_control_demos', 'cmake_prefix_path')
[1.089s] INFO:colcon.colcon_core.shell:Creating environment hook '/home/nimesha/Thesis/mujoco_ros2_control/install/mujoco_ros2_control_demos/share/mujoco_ros2_control_demos/hook/cmake_prefix_path.ps1'
[1.090s] INFO:colcon.colcon_core.shell:Creating environment descriptor '/home/nimesha/Thesis/mujoco_ros2_control/install/mujoco_ros2_control_demos/share/mujoco_ros2_control_demos/hook/cmake_prefix_path.dsv'
[1.091s] INFO:colcon.colcon_core.shell:Creating environment hook '/home/nimesha/Thesis/mujoco_ros2_control/install/mujoco_ros2_control_demos/share/mujoco_ros2_control_demos/hook/cmake_prefix_path.sh'
[1.092s] Level 1:colcon.colcon_core.environment:checking '/home/nimesha/Thesis/mujoco_ros2_control/install/mujoco_ros2_control_demos/lib'
[1.092s] Level 1:colcon.colcon_core.environment:checking '/home/nimesha/Thesis/mujoco_ros2_control/install/mujoco_ros2_control_demos/bin'
[1.092s] Level 1:colcon.colcon_core.environment:checking '/home/nimesha/Thesis/mujoco_ros2_control/install/mujoco_ros2_control_demos/lib/pkgconfig/mujoco_ros2_control_demos.pc'
[1.092s] Level 1:colcon.colcon_core.environment:checking '/home/nimesha/Thesis/mujoco_ros2_control/install/mujoco_ros2_control_demos/lib/python3.10/site-packages'
[1.092s] Level 1:colcon.colcon_core.environment:checking '/home/nimesha/Thesis/mujoco_ros2_control/install/mujoco_ros2_control_demos/bin'
[1.092s] INFO:colcon.colcon_core.shell:Creating package script '/home/nimesha/Thesis/mujoco_ros2_control/install/mujoco_ros2_control_demos/share/mujoco_ros2_control_demos/package.ps1'
[1.093s] INFO:colcon.colcon_core.shell:Creating package descriptor '/home/nimesha/Thesis/mujoco_ros2_control/install/mujoco_ros2_control_demos/share/mujoco_ros2_control_demos/package.dsv'
[1.093s] INFO:colcon.colcon_core.shell:Creating package script '/home/nimesha/Thesis/mujoco_ros2_control/install/mujoco_ros2_control_demos/share/mujoco_ros2_control_demos/package.sh'
[1.094s] INFO:colcon.colcon_core.shell:Creating package script '/home/nimesha/Thesis/mujoco_ros2_control/install/mujoco_ros2_control_demos/share/mujoco_ros2_control_demos/package.bash'
[1.095s] INFO:colcon.colcon_core.shell:Creating package script '/home/nimesha/Thesis/mujoco_ros2_control/install/mujoco_ros2_control_demos/share/mujoco_ros2_control_demos/package.zsh'
[1.095s] Level 1:colcon.colcon_core.environment:create_file_with_runtime_dependencies(/home/nimesha/Thesis/mujoco_ros2_control/install/mujoco_ros2_control_demos/share/colcon-core/packages/mujoco_ros2_control_demos)
[1.169s] Level 1:colcon.colcon_core.environment:create_environment_scripts_only(mujoco_ros2_control_demos)
[1.169s] Level 1:colcon.colcon_core.environment:checking '/home/nimesha/Thesis/mujoco_ros2_control/install/mujoco_ros2_control_demos' for CMake module files
[1.169s] Level 1:colcon.colcon_core.environment:checking '/home/nimesha/Thesis/mujoco_ros2_control/install/mujoco_ros2_control_demos' for CMake config files
[1.169s] Level 1:colcon.colcon_core.shell:create_environment_hook('mujoco_ros2_control_demos', 'cmake_prefix_path')
[1.169s] INFO:colcon.colcon_core.shell:Creating environment hook '/home/nimesha/Thesis/mujoco_ros2_control/install/mujoco_ros2_control_demos/share/mujoco_ros2_control_demos/hook/cmake_prefix_path.ps1'
[1.170s] INFO:colcon.colcon_core.shell:Creating environment descriptor '/home/nimesha/Thesis/mujoco_ros2_control/install/mujoco_ros2_control_demos/share/mujoco_ros2_control_demos/hook/cmake_prefix_path.dsv'
[1.170s] INFO:colcon.colcon_core.shell:Creating environment hook '/home/nimesha/Thesis/mujoco_ros2_control/install/mujoco_ros2_control_demos/share/mujoco_ros2_control_demos/hook/cmake_prefix_path.sh'
[1.170s] Level 1:colcon.colcon_core.environment:checking '/home/nimesha/Thesis/mujoco_ros2_control/install/mujoco_ros2_control_demos/lib'
[1.170s] Level 1:colcon.colcon_core.environment:checking '/home/nimesha/Thesis/mujoco_ros2_control/install/mujoco_ros2_control_demos/bin'
[1.170s] Level 1:colcon.colcon_core.environment:checking '/home/nimesha/Thesis/mujoco_ros2_control/install/mujoco_ros2_control_demos/lib/pkgconfig/mujoco_ros2_control_demos.pc'
[1.170s] Level 1:colcon.colcon_core.environment:checking '/home/nimesha/Thesis/mujoco_ros2_control/install/mujoco_ros2_control_demos/lib/python3.10/site-packages'
[1.170s] Level 1:colcon.colcon_core.environment:checking '/home/nimesha/Thesis/mujoco_ros2_control/install/mujoco_ros2_control_demos/bin'
[1.170s] INFO:colcon.colcon_core.shell:Creating package script '/home/nimesha/Thesis/mujoco_ros2_control/install/mujoco_ros2_control_demos/share/mujoco_ros2_control_demos/package.ps1'
[1.171s] INFO:colcon.colcon_core.shell:Creating package descriptor '/home/nimesha/Thesis/mujoco_ros2_control/install/mujoco_ros2_control_demos/share/mujoco_ros2_control_demos/package.dsv'
[1.171s] INFO:colcon.colcon_core.shell:Creating package script '/home/nimesha/Thesis/mujoco_ros2_control/install/mujoco_ros2_control_demos/share/mujoco_ros2_control_demos/package.sh'
[1.171s] INFO:colcon.colcon_core.shell:Creating package script '/home/nimesha/Thesis/mujoco_ros2_control/install/mujoco_ros2_control_demos/share/mujoco_ros2_control_demos/package.bash'
[1.171s] INFO:colcon.colcon_core.shell:Creating package script '/home/nimesha/Thesis/mujoco_ros2_control/install/mujoco_ros2_control_demos/share/mujoco_ros2_control_demos/package.zsh'
[1.171s] Level 1:colcon.colcon_core.environment:create_file_with_runtime_dependencies(/home/nimesha/Thesis/mujoco_ros2_control/install/mujoco_ros2_control_demos/share/colcon-core/packages/mujoco_ros2_control_demos)
[2.240s] DEBUG:colcon.colcon_core.event_handler.log_command:Invoked command in '/home/nimesha/Thesis/mujoco_ros2_control/build/mujoco_ros2_control' returned '0': CMAKE_PREFIX_PATH=${CMAKE_PREFIX_PATH}:/home/nimesha/Thesis/ws_moveit/install/moveit_configs_utils:/home/nimesha/Thesis/ws_moveit/install/launch_param_builder:/home/nimesha/thesis/ws_moveit/install/moveit_configs_utils:/home/nimesha/thesis/ws_moveit/install/launch_param_builder:/opt/ros/humble /usr/bin/cmake /home/nimesha/Thesis/mujoco_ros2_control/mujoco_ros2_control -DCMAKE_INSTALL_PREFIX=/home/nimesha/Thesis/mujoco_ros2_control/install/mujoco_ros2_control
[2.242s] DEBUG:colcon.colcon_core.event_handler.log_command:Invoking command in '/home/nimesha/Thesis/mujoco_ros2_control/build/mujoco_ros2_control': CMAKE_PREFIX_PATH=${CMAKE_PREFIX_PATH}:/home/nimesha/Thesis/ws_moveit/install/moveit_configs_utils:/home/nimesha/Thesis/ws_moveit/install/launch_param_builder:/home/nimesha/thesis/ws_moveit/install/moveit_configs_utils:/home/nimesha/thesis/ws_moveit/install/launch_param_builder:/opt/ros/humble /usr/bin/cmake --build /home/nimesha/Thesis/mujoco_ros2_control/build/mujoco_ros2_control -- -j32 -l32
[7.153s] DEBUG:colcon.colcon_core.event_handler.log_command:Invoked command in '/home/nimesha/Thesis/mujoco_ros2_control/build/mujoco_ros2_control' returned '0': CMAKE_PREFIX_PATH=${CMAKE_PREFIX_PATH}:/home/nimesha/Thesis/ws_moveit/install/moveit_configs_utils:/home/nimesha/Thesis/ws_moveit/install/launch_param_builder:/home/nimesha/thesis/ws_moveit/install/moveit_configs_utils:/home/nimesha/thesis/ws_moveit/install/launch_param_builder:/opt/ros/humble /usr/bin/cmake --build /home/nimesha/Thesis/mujoco_ros2_control/build/mujoco_ros2_control -- -j32 -l32
[7.215s] DEBUG:colcon.colcon_core.event_handler.log_command:Invoking command in '/home/nimesha/Thesis/mujoco_ros2_control/build/mujoco_ros2_control': CMAKE_PREFIX_PATH=${CMAKE_PREFIX_PATH}:/home/nimesha/Thesis/ws_moveit/install/moveit_configs_utils:/home/nimesha/Thesis/ws_moveit/install/launch_param_builder:/home/nimesha/thesis/ws_moveit/install/moveit_configs_utils:/home/nimesha/thesis/ws_moveit/install/launch_param_builder:/opt/ros/humble /usr/bin/cmake --install /home/nimesha/Thesis/mujoco_ros2_control/build/mujoco_ros2_control
[7.227s] Level 1:colcon.colcon_core.environment:create_environment_scripts_only(mujoco_ros2_control)
[7.227s] DEBUG:colcon.colcon_core.event_handler.log_command:Invoked command in '/home/nimesha/Thesis/mujoco_ros2_control/build/mujoco_ros2_control' returned '0': CMAKE_PREFIX_PATH=${CMAKE_PREFIX_PATH}:/home/nimesha/Thesis/ws_moveit/install/moveit_configs_utils:/home/nimesha/Thesis/ws_moveit/install/launch_param_builder:/home/nimesha/thesis/ws_moveit/install/moveit_configs_utils:/home/nimesha/thesis/ws_moveit/install/launch_param_builder:/opt/ros/humble /usr/bin/cmake --install /home/nimesha/Thesis/mujoco_ros2_control/build/mujoco_ros2_control
[7.227s] Level 1:colcon.colcon_core.environment:checking '/home/nimesha/Thesis/mujoco_ros2_control/install/mujoco_ros2_control' for CMake module files
[7.227s] Level 1:colcon.colcon_core.environment:checking '/home/nimesha/Thesis/mujoco_ros2_control/install/mujoco_ros2_control' for CMake config files
[7.228s] Level 1:colcon.colcon_core.shell:create_environment_hook('mujoco_ros2_control', 'cmake_prefix_path')
[7.228s] INFO:colcon.colcon_core.shell:Creating environment hook '/home/nimesha/Thesis/mujoco_ros2_control/install/mujoco_ros2_control/share/mujoco_ros2_control/hook/cmake_prefix_path.ps1'
[7.228s] INFO:colcon.colcon_core.shell:Creating environment descriptor '/home/nimesha/Thesis/mujoco_ros2_control/install/mujoco_ros2_control/share/mujoco_ros2_control/hook/cmake_prefix_path.dsv'
[7.228s] INFO:colcon.colcon_core.shell:Creating environment hook '/home/nimesha/Thesis/mujoco_ros2_control/install/mujoco_ros2_control/share/mujoco_ros2_control/hook/cmake_prefix_path.sh'
[7.229s] Level 1:colcon.colcon_core.environment:checking '/home/nimesha/Thesis/mujoco_ros2_control/install/mujoco_ros2_control/lib'
[7.229s] Level 1:colcon.colcon_core.shell:create_environment_hook('mujoco_ros2_control', 'ld_library_path_lib')
[7.229s] INFO:colcon.colcon_core.shell:Creating environment hook '/home/nimesha/Thesis/mujoco_ros2_control/install/mujoco_ros2_control/share/mujoco_ros2_control/hook/ld_library_path_lib.ps1'
[7.229s] INFO:colcon.colcon_core.shell:Creating environment descriptor '/home/nimesha/Thesis/mujoco_ros2_control/install/mujoco_ros2_control/share/mujoco_ros2_control/hook/ld_library_path_lib.dsv'
[7.229s] INFO:colcon.colcon_core.shell:Creating environment hook '/home/nimesha/Thesis/mujoco_ros2_control/install/mujoco_ros2_control/share/mujoco_ros2_control/hook/ld_library_path_lib.sh'
[7.229s] Level 1:colcon.colcon_core.environment:checking '/home/nimesha/Thesis/mujoco_ros2_control/install/mujoco_ros2_control/bin'
[7.229s] Level 1:colcon.colcon_core.environment:checking '/home/nimesha/Thesis/mujoco_ros2_control/install/mujoco_ros2_control/lib/pkgconfig/mujoco_ros2_control.pc'
[7.229s] Level 1:colcon.colcon_core.environment:checking '/home/nimesha/Thesis/mujoco_ros2_control/install/mujoco_ros2_control/lib/python3.10/site-packages'
[7.229s] Level 1:colcon.colcon_core.environment:checking '/home/nimesha/Thesis/mujoco_ros2_control/install/mujoco_ros2_control/bin'
[7.229s] INFO:colcon.colcon_core.shell:Creating package script '/home/nimesha/Thesis/mujoco_ros2_control/install/mujoco_ros2_control/share/mujoco_ros2_control/package.ps1'
[7.230s] INFO:colcon.colcon_core.shell:Creating package descriptor '/home/nimesha/Thesis/mujoco_ros2_control/install/mujoco_ros2_control/share/mujoco_ros2_control/package.dsv'
[7.230s] INFO:colcon.colcon_core.shell:Creating package script '/home/nimesha/Thesis/mujoco_ros2_control/install/mujoco_ros2_control/share/mujoco_ros2_control/package.sh'
[7.230s] INFO:colcon.colcon_core.shell:Creating package script '/home/nimesha/Thesis/mujoco_ros2_control/install/mujoco_ros2_control/share/mujoco_ros2_control/package.bash'
[7.230s] INFO:colcon.colcon_core.shell:Creating package script '/home/nimesha/Thesis/mujoco_ros2_control/install/mujoco_ros2_control/share/mujoco_ros2_control/package.zsh'
[7.230s] Level 1:colcon.colcon_core.environment:create_file_with_runtime_dependencies(/home/nimesha/Thesis/mujoco_ros2_control/install/mujoco_ros2_control/share/colcon-core/packages/mujoco_ros2_control)
[7.289s] Level 1:colcon.colcon_core.environment:create_environment_scripts_only(mujoco_ros2_control)
[7.289s] Level 1:colcon.colcon_core.environment:checking '/home/nimesha/Thesis/mujoco_ros2_control/install/mujoco_ros2_control' for CMake module files
[7.289s] Level 1:colcon.colcon_core.environment:checking '/home/nimesha/Thesis/mujoco_ros2_control/install/mujoco_ros2_control' for CMake config files
[7.289s] Level 1:colcon.colcon_core.shell:create_environment_hook('mujoco_ros2_control', 'cmake_prefix_path')
[7.290s] INFO:colcon.colcon_core.shell:Creating environment hook '/home/nimesha/Thesis/mujoco_ros2_control/install/mujoco_ros2_control/share/mujoco_ros2_control/hook/cmake_prefix_path.ps1'
[7.290s] INFO:colcon.colcon_core.shell:Creating environment descriptor '/home/nimesha/Thesis/mujoco_ros2_control/install/mujoco_ros2_control/share/mujoco_ros2_control/hook/cmake_prefix_path.dsv'
[7.290s] INFO:colcon.colcon_core.shell:Creating environment hook '/home/nimesha/Thesis/mujoco_ros2_control/install/mujoco_ros2_control/share/mujoco_ros2_control/hook/cmake_prefix_path.sh'
[7.290s] Level 1:colcon.colcon_core.environment:checking '/home/nimesha/Thesis/mujoco_ros2_control/install/mujoco_ros2_control/lib'
[7.290s] Level 1:colcon.colcon_core.shell:create_environment_hook('mujoco_ros2_control', 'ld_library_path_lib')
[7.290s] INFO:colcon.colcon_core.shell:Creating environment hook '/home/nimesha/Thesis/mujoco_ros2_control/install/mujoco_ros2_control/share/mujoco_ros2_control/hook/ld_library_path_lib.ps1'
[7.290s] INFO:colcon.colcon_core.shell:Creating environment descriptor '/home/nimesha/Thesis/mujoco_ros2_control/install/mujoco_ros2_control/share/mujoco_ros2_control/hook/ld_library_path_lib.dsv'
[7.290s] INFO:colcon.colcon_core.shell:Creating environment hook '/home/nimesha/Thesis/mujoco_ros2_control/install/mujoco_ros2_control/share/mujoco_ros2_control/hook/ld_library_path_lib.sh'
[7.291s] Level 1:colcon.colcon_core.environment:checking '/home/nimesha/Thesis/mujoco_ros2_control/install/mujoco_ros2_control/bin'
[7.291s] Level 1:colcon.colcon_core.environment:checking '/home/nimesha/Thesis/mujoco_ros2_control/install/mujoco_ros2_control/lib/pkgconfig/mujoco_ros2_control.pc'
[7.291s] Level 1:colcon.colcon_core.environment:checking '/home/nimesha/Thesis/mujoco_ros2_control/install/mujoco_ros2_control/lib/python3.10/site-packages'
[7.291s] Level 1:colcon.colcon_core.environment:checking '/home/nimesha/Thesis/mujoco_ros2_control/install/mujoco_ros2_control/bin'
[7.291s] INFO:colcon.colcon_core.shell:Creating package script '/home/nimesha/Thesis/mujoco_ros2_control/install/mujoco_ros2_control/share/mujoco_ros2_control/package.ps1'
[7.291s] INFO:colcon.colcon_core.shell:Creating package descriptor '/home/nimesha/Thesis/mujoco_ros2_control/install/mujoco_ros2_control/share/mujoco_ros2_control/package.dsv'
[7.291s] INFO:colcon.colcon_core.shell:Creating package script '/home/nimesha/Thesis/mujoco_ros2_control/install/mujoco_ros2_control/share/mujoco_ros2_control/package.sh'
[7.291s] INFO:colcon.colcon_core.shell:Creating package script '/home/nimesha/Thesis/mujoco_ros2_control/install/mujoco_ros2_control/share/mujoco_ros2_control/package.bash'
[7.292s] INFO:colcon.colcon_core.shell:Creating package script '/home/nimesha/Thesis/mujoco_ros2_control/install/mujoco_ros2_control/share/mujoco_ros2_control/package.zsh'
[7.292s] Level 1:colcon.colcon_core.environment:create_file_with_runtime_dependencies(/home/nimesha/Thesis/mujoco_ros2_control/install/mujoco_ros2_control/share/colcon-core/packages/mujoco_ros2_control)
[7.292s] DEBUG:colcon.colcon_parallel_executor.executor.parallel:closing loop
[7.292s] DEBUG:colcon.colcon_parallel_executor.executor.parallel:loop closed
[7.292s] DEBUG:colcon.colcon_parallel_executor.executor.parallel:run_until_complete finished with '0'
[7.292s] DEBUG:colcon.colcon_core.event_reactor:joining thread
[7.314s] INFO:colcon.colcon_core.plugin_system:Skipping extension 'colcon_notification.desktop_notification.notify_send': Could not find 'notify-send'
[7.314s] INFO:colcon.colcon_core.plugin_system:Skipping extension 'colcon_notification.desktop_notification.terminal_notifier': Not used on non-Darwin systems
[7.314s] INFO:colcon.colcon_core.plugin_system:Skipping extension 'colcon_notification.desktop_notification.win32': Not used on non-Windows systems
[7.314s] INFO:colcon.colcon_notification.desktop_notification:Sending desktop notification using 'notify2'
[7.314s] DEBUG:colcon.colcon_notification.desktop_notification.notify2:Failed to initialize notify2: org.freedesktop.DBus.Error.FileNotFound: Failed to connect to socket /run/user/1000/bus: No such file or directory
[7.314s] DEBUG:colcon.colcon_core.event_reactor:joined thread
[7.315s] INFO:colcon.colcon_core.shell:Creating prefix script '/home/nimesha/Thesis/mujoco_ros2_control/install/local_setup.ps1'
[7.316s] INFO:colcon.colcon_core.shell:Creating prefix util module '/home/nimesha/Thesis/mujoco_ros2_control/install/_local_setup_util_ps1.py'
[7.317s] INFO:colcon.colcon_core.shell:Creating prefix chain script '/home/nimesha/Thesis/mujoco_ros2_control/install/setup.ps1'
[7.319s] INFO:colcon.colcon_core.shell:Creating prefix script '/home/nimesha/Thesis/mujoco_ros2_control/install/local_setup.sh'
[7.320s] INFO:colcon.colcon_core.shell:Creating prefix util module '/home/nimesha/Thesis/mujoco_ros2_control/install/_local_setup_util_sh.py'
[7.320s] INFO:colcon.colcon_core.shell:Creating prefix chain script '/home/nimesha/Thesis/mujoco_ros2_control/install/setup.sh'
[7.322s] INFO:colcon.colcon_core.shell:Creating prefix script '/home/nimesha/Thesis/mujoco_ros2_control/install/local_setup.bash'
[7.322s] INFO:colcon.colcon_core.shell:Creating prefix chain script '/home/nimesha/Thesis/mujoco_ros2_control/install/setup.bash'
[7.324s] INFO:colcon.colcon_core.shell:Creating prefix script '/home/nimesha/Thesis/mujoco_ros2_control/install/local_setup.zsh'
[7.325s] INFO:colcon.colcon_core.shell:Creating prefix chain script '/home/nimesha/Thesis/mujoco_ros2_control/install/setup.zsh'
