[0.198s] Invoking command in '/home/nimesha/thesis/ws_moveit/build/rosparam_shortcuts': CMAKE_PREFIX_PATH=${CMAKE_PREFIX_PATH}:/opt/ros/humble:/home/nimesha/thesis/ws_moveit/install/moveit_configs_utils:/opt/ros/rolling /usr/bin/cmake /home/nimesha/thesis/ws_moveit/src/rosparam_shortcuts -DCMAKE_BUILD_TYPE=Release -DCMAKE_INSTALL_PREFIX=/home/nimesha/thesis/ws_moveit/install/rosparam_shortcuts
[0.320s] -- The C compiler identification is GNU 11.4.0
[0.560s] -- The CXX compiler identification is GNU 11.4.0
[0.733s] -- Detecting C compiler ABI info
[0.822s] -- Detecting C compiler ABI info - done
[0.826s] -- Check for working C compiler: /usr/bin/cc - skipped
[0.827s] -- Detecting C compile features
[0.827s] -- Detecting C compile features - done
[0.829s] -- Detecting CXX compiler ABI info
[0.944s] -- Detecting CXX compiler ABI info - done
[0.949s] -- Check for working CXX compiler: /usr/bin/c++ - skipped
[0.949s] -- Detecting CXX compile features
[0.949s] -- Detecting CXX compile features - done
[0.950s] -- Found ament_cmake: 1.3.10 (/home/nimesha/ros2_humble/ros2-linux/share/ament_cmake/cmake)
[1.046s] -- Found Python3: /usr/bin/python3 (found version "3.10.12") found components: Interpreter 
[1.097s] -- Found eigen3_cmake_module: 0.1.1 (/home/nimesha/ros2_humble/ros2-linux/share/eigen3_cmake_module/cmake)
[1.103s] -- Found Eigen3: TRUE (found version "3.4.0") 
[1.105s] -- Found geometry_msgs: 4.2.4 (/home/nimesha/ros2_humble/ros2-linux/share/geometry_msgs/cmake)
[1.195s] -- Found rosidl_generator_c: 3.1.5 (/home/nimesha/ros2_humble/ros2-linux/share/rosidl_generator_c/cmake)
[1.198s] -- Found rosidl_adapter: 3.1.5 (/home/nimesha/ros2_humble/ros2-linux/share/rosidl_adapter/cmake)
[1.202s] -- Found rosidl_generator_cpp: 3.1.5 (/home/nimesha/ros2_humble/ros2-linux/share/rosidl_generator_cpp/cmake)
[1.210s] -- Using all available rosidl_typesupport_c: rosidl_typesupport_fastrtps_c;rosidl_typesupport_introspection_c
[1.219s] -- Using all available rosidl_typesupport_cpp: rosidl_typesupport_fastrtps_cpp;rosidl_typesupport_introspection_cpp
[1.264s] -- Found rclcpp: 16.0.10 (/home/nimesha/ros2_humble/ros2-linux/share/rclcpp/cmake)
[1.327s] -- Found rmw_implementation_cmake: 6.1.2 (/home/nimesha/ros2_humble/ros2-linux/share/rmw_implementation_cmake/cmake)
[1.331s] -- Found rmw_cyclonedds_cpp: 1.3.4 (/home/nimesha/ros2_humble/ros2-linux/share/rmw_cyclonedds_cpp/cmake)
[1.365s] -- Using RMW implementation 'rmw_cyclonedds_cpp' as default
[1.379s] -- Looking for pthread.h
[1.472s] -- Looking for pthread.h - found
[1.474s] -- Performing Test CMAKE_HAVE_LIBC_PTHREAD
[1.549s] -- Performing Test CMAKE_HAVE_LIBC_PTHREAD - Success
[1.549s] -- Found Threads: TRUE  
[1.590s] -- Found tf2_eigen: 0.25.7 (/home/nimesha/ros2_humble/ros2-linux/share/tf2_eigen/cmake)
[1.694s] -- Found ament_lint_auto: 0.12.11 (/home/nimesha/ros2_humble/ros2-linux/share/ament_lint_auto/cmake)
[1.695s] -- Found ament_cmake_gtest: 1.3.10 (/home/nimesha/ros2_humble/ros2-linux/share/ament_cmake_gtest/cmake)
[1.700s] -- Found ros_testing: 0.4.0 (/home/nimesha/ros2_humble/ros2-linux/share/ros_testing/cmake)
[1.701s] -- Found launch_testing_ament_cmake: 1.0.6 (/home/nimesha/ros2_humble/ros2-linux/share/launch_testing_ament_cmake/cmake)
[1.704s] -- Found python_cmake_module: 0.10.0 (/home/nimesha/ros2_humble/ros2-linux/share/python_cmake_module/cmake)
[1.760s] -- Found PythonInterp: /usr/bin/python3 (found suitable version "3.10.12", minimum required is "3.6") 
[1.900s] -- Found PythonLibs: /usr/lib/x86_64-linux-gnu/libpython3.10.so (found suitable version "3.10.12", minimum required is "3.5") 
[1.901s] -- Using PYTHON_EXECUTABLE: /usr/bin/python3
[1.901s] -- Using PYTHON_INCLUDE_DIRS: /usr/include/python3.10
[1.901s] -- Using PYTHON_LIBRARIES: /usr/lib/x86_64-linux-gnu/libpython3.10.so
[1.913s] -- Found PythonExtra: .so  
[1.957s] -- Found gtest sources under '/home/nimesha/ros2_humble/ros2-linux/src/gtest_vendor': C++ tests using 'Google Test' will be built
[1.963s] -- Added test 'copyright' to check source files copyright and LICENSE
[1.968s] -- Added test 'lint_cmake' to check CMake code style
[1.969s] -- Added test 'pep257' to check Python code against some of the docstring style conventions in PEP 257
[1.969s] -- Added test 'xmllint' to check XML markup files
[1.970s] -- Configuring done
[1.985s] -- Generating done
[1.986s] -- Build files have been written to: /home/nimesha/thesis/ws_moveit/build/rosparam_shortcuts
[1.992s] Invoked command in '/home/nimesha/thesis/ws_moveit/build/rosparam_shortcuts' returned '0': CMAKE_PREFIX_PATH=${CMAKE_PREFIX_PATH}:/opt/ros/humble:/home/nimesha/thesis/ws_moveit/install/moveit_configs_utils:/opt/ros/rolling /usr/bin/cmake /home/nimesha/thesis/ws_moveit/src/rosparam_shortcuts -DCMAKE_BUILD_TYPE=Release -DCMAKE_INSTALL_PREFIX=/home/nimesha/thesis/ws_moveit/install/rosparam_shortcuts
[1.994s] Invoking command in '/home/nimesha/thesis/ws_moveit/build/rosparam_shortcuts': CMAKE_PREFIX_PATH=${CMAKE_PREFIX_PATH}:/opt/ros/humble:/home/nimesha/thesis/ws_moveit/install/moveit_configs_utils:/opt/ros/rolling /usr/bin/cmake --build /home/nimesha/thesis/ws_moveit/build/rosparam_shortcuts -- -j32 -l32
[2.028s] [  7%] [32mBuilding CXX object CMakeFiles/rosparam_shortcuts.dir/src/rosparam_shortcuts.cpp.o[0m
[2.029s] [ 15%] [32mBuilding CXX object gtest/CMakeFiles/gtest_main.dir/src/gtest_main.cc.o[0m
[2.029s] [ 30%] [32mBuilding CXX object CMakeFiles/rosparam_shortcuts.dir/src/node_parameters.cpp.o[0m
[2.029s] [ 30%] [32mBuilding CXX object gtest/CMakeFiles/gtest.dir/src/gtest-all.cc.o[0m
[2.656s] [ 38%] [32m[1mLinking CXX static library libgtest_main.a[0m
[2.981s] [ 38%] Built target gtest_main
[7.455s] [ 46%] [32m[1mLinking CXX shared library librosparam_shortcuts.so[0m
[7.571s] [ 46%] Built target rosparam_shortcuts
[7.589s] [ 53%] [32mBuilding CXX object CMakeFiles/rosparam_shortcuts_node_parameters_example.dir/src/node_parameters_example.cpp.o[0m
[7.590s] [ 61%] [32mBuilding CXX object CMakeFiles/rosparam_shortcuts_example.dir/src/example.cpp.o[0m
[8.436s] [ 69%] [32m[1mLinking CXX static library libgtest.a[0m
[8.482s] [ 69%] Built target gtest
[8.500s] [ 76%] [32mBuilding CXX object CMakeFiles/test_node_parameters.dir/test/test_node_parameters.cpp.o[0m
[9.968s] [ 84%] [32m[1mLinking CXX executable node_parameters_example[0m
[10.099s] [ 84%] Built target rosparam_shortcuts_node_parameters_example
[10.367s] [ 92%] [32m[1mLinking CXX executable example[0m
[10.498s] [ 92%] Built target rosparam_shortcuts_example
[11.840s] [100%] [32m[1mLinking CXX executable test_node_parameters[0m
[11.982s] [100%] Built target test_node_parameters
[11.988s] Invoked command in '/home/nimesha/thesis/ws_moveit/build/rosparam_shortcuts' returned '0': CMAKE_PREFIX_PATH=${CMAKE_PREFIX_PATH}:/opt/ros/humble:/home/nimesha/thesis/ws_moveit/install/moveit_configs_utils:/opt/ros/rolling /usr/bin/cmake --build /home/nimesha/thesis/ws_moveit/build/rosparam_shortcuts -- -j32 -l32
[12.031s] Invoking command in '/home/nimesha/thesis/ws_moveit/build/rosparam_shortcuts': CMAKE_PREFIX_PATH=${CMAKE_PREFIX_PATH}:/opt/ros/humble:/home/nimesha/thesis/ws_moveit/install/moveit_configs_utils:/opt/ros/rolling /usr/bin/cmake --install /home/nimesha/thesis/ws_moveit/build/rosparam_shortcuts
[12.035s] -- Install configuration: "Release"
[12.035s] -- Installing: /home/nimesha/thesis/ws_moveit/install/rosparam_shortcuts/lib/librosparam_shortcuts.so
[12.035s] -- Set runtime path of "/home/nimesha/thesis/ws_moveit/install/rosparam_shortcuts/lib/librosparam_shortcuts.so" to ""
[12.036s] -- Installing: /home/nimesha/thesis/ws_moveit/install/rosparam_shortcuts/lib/rosparam_shortcuts/example
[12.036s] -- Set runtime path of "/home/nimesha/thesis/ws_moveit/install/rosparam_shortcuts/lib/rosparam_shortcuts/example" to ""
[12.036s] -- Installing: /home/nimesha/thesis/ws_moveit/install/rosparam_shortcuts/lib/rosparam_shortcuts/node_parameters_example
[12.036s] -- Set runtime path of "/home/nimesha/thesis/ws_moveit/install/rosparam_shortcuts/lib/rosparam_shortcuts/node_parameters_example" to ""
[12.036s] -- Installing: /home/nimesha/thesis/ws_moveit/install/rosparam_shortcuts/include
[12.036s] -- Installing: /home/nimesha/thesis/ws_moveit/install/rosparam_shortcuts/include/rosparam_shortcuts
[12.036s] -- Installing: /home/nimesha/thesis/ws_moveit/install/rosparam_shortcuts/include/rosparam_shortcuts/node_parameters.h
[12.036s] -- Installing: /home/nimesha/thesis/ws_moveit/install/rosparam_shortcuts/include/rosparam_shortcuts/rosparam_shortcuts.h
[12.036s] -- Installing: /home/nimesha/thesis/ws_moveit/install/rosparam_shortcuts/share/rosparam_shortcuts/launch
[12.037s] -- Installing: /home/nimesha/thesis/ws_moveit/install/rosparam_shortcuts/share/rosparam_shortcuts/launch/example.launch.py
[12.037s] -- Installing: /home/nimesha/thesis/ws_moveit/install/rosparam_shortcuts/share/rosparam_shortcuts/config
[12.037s] -- Installing: /home/nimesha/thesis/ws_moveit/install/rosparam_shortcuts/share/rosparam_shortcuts/config/example.yaml
[12.037s] -- Installing: /home/nimesha/thesis/ws_moveit/install/rosparam_shortcuts/share/rosparam_shortcuts/environment/library_path.sh
[12.037s] -- Installing: /home/nimesha/thesis/ws_moveit/install/rosparam_shortcuts/share/rosparam_shortcuts/environment/library_path.dsv
[12.038s] -- Installing: /home/nimesha/thesis/ws_moveit/install/rosparam_shortcuts/share/ament_index/resource_index/package_run_dependencies/rosparam_shortcuts
[12.038s] -- Installing: /home/nimesha/thesis/ws_moveit/install/rosparam_shortcuts/share/ament_index/resource_index/parent_prefix_path/rosparam_shortcuts
[12.038s] -- Installing: /home/nimesha/thesis/ws_moveit/install/rosparam_shortcuts/share/rosparam_shortcuts/environment/ament_prefix_path.sh
[12.038s] -- Installing: /home/nimesha/thesis/ws_moveit/install/rosparam_shortcuts/share/rosparam_shortcuts/environment/ament_prefix_path.dsv
[12.038s] -- Installing: /home/nimesha/thesis/ws_moveit/install/rosparam_shortcuts/share/rosparam_shortcuts/environment/path.sh
[12.038s] -- Installing: /home/nimesha/thesis/ws_moveit/install/rosparam_shortcuts/share/rosparam_shortcuts/environment/path.dsv
[12.038s] -- Installing: /home/nimesha/thesis/ws_moveit/install/rosparam_shortcuts/share/rosparam_shortcuts/local_setup.bash
[12.038s] -- Installing: /home/nimesha/thesis/ws_moveit/install/rosparam_shortcuts/share/rosparam_shortcuts/local_setup.sh
[12.038s] -- Installing: /home/nimesha/thesis/ws_moveit/install/rosparam_shortcuts/share/rosparam_shortcuts/local_setup.zsh
[12.038s] -- Installing: /home/nimesha/thesis/ws_moveit/install/rosparam_shortcuts/share/rosparam_shortcuts/local_setup.dsv
[12.038s] -- Installing: /home/nimesha/thesis/ws_moveit/install/rosparam_shortcuts/share/rosparam_shortcuts/package.dsv
[12.038s] -- Installing: /home/nimesha/thesis/ws_moveit/install/rosparam_shortcuts/share/ament_index/resource_index/packages/rosparam_shortcuts
[12.038s] -- Installing: /home/nimesha/thesis/ws_moveit/install/rosparam_shortcuts/share/rosparam_shortcuts/cmake/export_rosparam_shortcutsExport.cmake
[12.038s] -- Installing: /home/nimesha/thesis/ws_moveit/install/rosparam_shortcuts/share/rosparam_shortcuts/cmake/export_rosparam_shortcutsExport-release.cmake
[12.038s] -- Installing: /home/nimesha/thesis/ws_moveit/install/rosparam_shortcuts/share/rosparam_shortcuts/cmake/ament_cmake_export_targets-extras.cmake
[12.038s] -- Installing: /home/nimesha/thesis/ws_moveit/install/rosparam_shortcuts/share/rosparam_shortcuts/cmake/ament_cmake_export_dependencies-extras.cmake
[12.038s] -- Installing: /home/nimesha/thesis/ws_moveit/install/rosparam_shortcuts/share/rosparam_shortcuts/cmake/rosparam_shortcutsConfig.cmake
[12.038s] -- Installing: /home/nimesha/thesis/ws_moveit/install/rosparam_shortcuts/share/rosparam_shortcuts/cmake/rosparam_shortcutsConfig-version.cmake
[12.038s] -- Installing: /home/nimesha/thesis/ws_moveit/install/rosparam_shortcuts/share/rosparam_shortcuts/package.xml
[12.039s] Invoked command in '/home/nimesha/thesis/ws_moveit/build/rosparam_shortcuts' returned '0': CMAKE_PREFIX_PATH=${CMAKE_PREFIX_PATH}:/opt/ros/humble:/home/nimesha/thesis/ws_moveit/install/moveit_configs_utils:/opt/ros/rolling /usr/bin/cmake --install /home/nimesha/thesis/ws_moveit/build/rosparam_shortcuts
