[0.823s] Invoking command in '/home/nimesha/thesis/ws_moveit/src/launch_param_builder': PYTHONPATH=/home/nimesha/thesis/ws_moveit/build/launch_param_builder/prefix_override:/usr/lib/python3/dist-packages/colcon_core/task/python/colcon_distutils_commands:/home/nimesha/thesis/ws_moveit/install/launch_param_builder/lib/python3.10/site-packages:${PYTHONPATH} /usr/bin/python3 -W ignore:setup.py install is deprecated setup.py egg_info --egg-base ../../build/launch_param_builder build --build-base /home/nimesha/thesis/ws_moveit/build/launch_param_builder/build install --record /home/nimesha/thesis/ws_moveit/build/launch_param_builder/install.log --single-version-externally-managed install_data
[0.976s] running egg_info
[0.977s] writing ../../build/launch_param_builder/launch_param_builder.egg-info/PKG-INFO
[0.978s] writing dependency_links to ../../build/launch_param_builder/launch_param_builder.egg-info/dependency_links.txt
[0.978s] writing entry points to ../../build/launch_param_builder/launch_param_builder.egg-info/entry_points.txt
[0.978s] writing requirements to ../../build/launch_param_builder/launch_param_builder.egg-info/requires.txt
[0.978s] writing top-level names to ../../build/launch_param_builder/launch_param_builder.egg-info/top_level.txt
[0.981s] reading manifest file '../../build/launch_param_builder/launch_param_builder.egg-info/SOURCES.txt'
[0.982s] adding license file 'LICENSE'
[0.982s] writing manifest file '../../build/launch_param_builder/launch_param_builder.egg-info/SOURCES.txt'
[0.982s] running build
[0.983s] running build_py
[0.985s] running install
[0.985s] running install_lib
[0.990s] running install_data
[0.992s] running install_egg_info
[0.993s] removing '/home/nimesha/thesis/ws_moveit/install/launch_param_builder/lib/python3.10/site-packages/launch_param_builder-0.1.1-py3.10.egg-info' (and everything under it)
[0.993s] Copying ../../build/launch_param_builder/launch_param_builder.egg-info to /home/nimesha/thesis/ws_moveit/install/launch_param_builder/lib/python3.10/site-packages/launch_param_builder-0.1.1-py3.10.egg-info
[0.993s] running install_scripts
[1.007s] writing list of installed files to '/home/nimesha/thesis/ws_moveit/build/launch_param_builder/install.log'
[1.026s] Invoked command in '/home/nimesha/thesis/ws_moveit/src/launch_param_builder' returned '0': PYTHONPATH=/home/nimesha/thesis/ws_moveit/build/launch_param_builder/prefix_override:/usr/lib/python3/dist-packages/colcon_core/task/python/colcon_distutils_commands:/home/nimesha/thesis/ws_moveit/install/launch_param_builder/lib/python3.10/site-packages:${PYTHONPATH} /usr/bin/python3 -W ignore:setup.py install is deprecated setup.py egg_info --egg-base ../../build/launch_param_builder build --build-base /home/nimesha/thesis/ws_moveit/build/launch_param_builder/build install --record /home/nimesha/thesis/ws_moveit/build/launch_param_builder/install.log --single-version-externally-managed install_data
