[0.016s] Invoking command in '/home/nimesha/Thesis/moveit_ur5_v2_ws/build/moveit_resources_prbt_support': CMAKE_PREFIX_PATH=${CMAKE_PREFIX_PATH}:/home/nimesha/Thesis/moveit_ur5_v2_ws/install/moveit_configs_utils:/home/nimesha/Thesis/moveit_ur5_v2_ws/install/launch_param_builder:/home/nimesha/Thesis/moveit_ur5_v2_ws/src/ws_moveit/install/moveit_configs_utils:/home/nimesha/Thesis/moveit_ur5_v2_ws/src/ws_moveit/install/launch_param_builder:/opt/ros/humble /usr/bin/cmake /home/nimesha/Thesis/moveit_ur5_v2_ws/src/ws_moveit/src/moveit2/moveit_planners/test_configs/prbt_support -DCMAKE_INSTALL_PREFIX=/home/nimesha/Thesis/moveit_ur5_v2_ws/install/moveit_resources_prbt_support
[0.094s] -- The C compiler identification is GNU 11.4.0
[0.277s] -- The CXX compiler identification is GNU 11.4.0
[0.350s] -- Detecting C compiler ABI info
[0.452s] -- Detecting C compiler ABI info - done
[0.456s] -- Check for working C compiler: /usr/bin/cc - skipped
[0.457s] -- Detecting C compile features
[0.458s] -- Detecting C compile features - done
[0.459s] -- Detecting CXX compiler ABI info
[0.562s] -- Detecting CXX compiler ABI info - done
[0.566s] -- Check for working CXX compiler: /usr/bin/c++ - skipped
[0.566s] -- Detecting CXX compile features
[0.566s] -- Detecting CXX compile features - done
[0.569s] -- Found ament_cmake: 1.3.10 (/home/nimesha/ros2_humble/ros2-linux/share/ament_cmake/cmake)
[0.680s] -- Found Python3: /usr/bin/python3 (found version "3.10.12") found components: Interpreter 
[0.814s] -- Configuring done
[0.816s] -- Generating done
[0.816s] -- Build files have been written to: /home/nimesha/Thesis/moveit_ur5_v2_ws/build/moveit_resources_prbt_support
[0.818s] Invoked command in '/home/nimesha/Thesis/moveit_ur5_v2_ws/build/moveit_resources_prbt_support' returned '0': CMAKE_PREFIX_PATH=${CMAKE_PREFIX_PATH}:/home/nimesha/Thesis/moveit_ur5_v2_ws/install/moveit_configs_utils:/home/nimesha/Thesis/moveit_ur5_v2_ws/install/launch_param_builder:/home/nimesha/Thesis/moveit_ur5_v2_ws/src/ws_moveit/install/moveit_configs_utils:/home/nimesha/Thesis/moveit_ur5_v2_ws/src/ws_moveit/install/launch_param_builder:/opt/ros/humble /usr/bin/cmake /home/nimesha/Thesis/moveit_ur5_v2_ws/src/ws_moveit/src/moveit2/moveit_planners/test_configs/prbt_support -DCMAKE_INSTALL_PREFIX=/home/nimesha/Thesis/moveit_ur5_v2_ws/install/moveit_resources_prbt_support
[0.819s] Invoking command in '/home/nimesha/Thesis/moveit_ur5_v2_ws/build/moveit_resources_prbt_support': CMAKE_PREFIX_PATH=${CMAKE_PREFIX_PATH}:/home/nimesha/Thesis/moveit_ur5_v2_ws/install/moveit_configs_utils:/home/nimesha/Thesis/moveit_ur5_v2_ws/install/launch_param_builder:/home/nimesha/Thesis/moveit_ur5_v2_ws/src/ws_moveit/install/moveit_configs_utils:/home/nimesha/Thesis/moveit_ur5_v2_ws/src/ws_moveit/install/launch_param_builder:/opt/ros/humble /usr/bin/cmake --build /home/nimesha/Thesis/moveit_ur5_v2_ws/build/moveit_resources_prbt_support -- -j32 -l32
[0.858s] Invoked command in '/home/nimesha/Thesis/moveit_ur5_v2_ws/build/moveit_resources_prbt_support' returned '0': CMAKE_PREFIX_PATH=${CMAKE_PREFIX_PATH}:/home/nimesha/Thesis/moveit_ur5_v2_ws/install/moveit_configs_utils:/home/nimesha/Thesis/moveit_ur5_v2_ws/install/launch_param_builder:/home/nimesha/Thesis/moveit_ur5_v2_ws/src/ws_moveit/install/moveit_configs_utils:/home/nimesha/Thesis/moveit_ur5_v2_ws/src/ws_moveit/install/launch_param_builder:/opt/ros/humble /usr/bin/cmake --build /home/nimesha/Thesis/moveit_ur5_v2_ws/build/moveit_resources_prbt_support -- -j32 -l32
[0.890s] Invoking command in '/home/nimesha/Thesis/moveit_ur5_v2_ws/build/moveit_resources_prbt_support': CMAKE_PREFIX_PATH=${CMAKE_PREFIX_PATH}:/home/nimesha/Thesis/moveit_ur5_v2_ws/install/moveit_configs_utils:/home/nimesha/Thesis/moveit_ur5_v2_ws/install/launch_param_builder:/home/nimesha/Thesis/moveit_ur5_v2_ws/src/ws_moveit/install/moveit_configs_utils:/home/nimesha/Thesis/moveit_ur5_v2_ws/src/ws_moveit/install/launch_param_builder:/opt/ros/humble /usr/bin/cmake --install /home/nimesha/Thesis/moveit_ur5_v2_ws/build/moveit_resources_prbt_support
[0.895s] -- Install configuration: ""
[0.895s] -- Installing: /home/nimesha/Thesis/moveit_ur5_v2_ws/install/moveit_resources_prbt_support/share/ament_index/resource_index/package_run_dependencies/moveit_resources_prbt_support
[0.895s] -- Installing: /home/nimesha/Thesis/moveit_ur5_v2_ws/install/moveit_resources_prbt_support/share/ament_index/resource_index/parent_prefix_path/moveit_resources_prbt_support
[0.895s] -- Installing: /home/nimesha/Thesis/moveit_ur5_v2_ws/install/moveit_resources_prbt_support/share/moveit_resources_prbt_support/environment/ament_prefix_path.sh
[0.895s] -- Installing: /home/nimesha/Thesis/moveit_ur5_v2_ws/install/moveit_resources_prbt_support/share/moveit_resources_prbt_support/environment/ament_prefix_path.dsv
[0.896s] -- Installing: /home/nimesha/Thesis/moveit_ur5_v2_ws/install/moveit_resources_prbt_support/share/moveit_resources_prbt_support/environment/path.sh
[0.896s] -- Installing: /home/nimesha/Thesis/moveit_ur5_v2_ws/install/moveit_resources_prbt_support/share/moveit_resources_prbt_support/environment/path.dsv
[0.896s] -- Installing: /home/nimesha/Thesis/moveit_ur5_v2_ws/install/moveit_resources_prbt_support/share/moveit_resources_prbt_support/local_setup.bash
[0.896s] -- Installing: /home/nimesha/Thesis/moveit_ur5_v2_ws/install/moveit_resources_prbt_support/share/moveit_resources_prbt_support/local_setup.sh
[0.896s] -- Installing: /home/nimesha/Thesis/moveit_ur5_v2_ws/install/moveit_resources_prbt_support/share/moveit_resources_prbt_support/local_setup.zsh
[0.896s] -- Installing: /home/nimesha/Thesis/moveit_ur5_v2_ws/install/moveit_resources_prbt_support/share/moveit_resources_prbt_support/local_setup.dsv
[0.896s] -- Installing: /home/nimesha/Thesis/moveit_ur5_v2_ws/install/moveit_resources_prbt_support/share/moveit_resources_prbt_support/package.dsv
[0.896s] -- Installing: /home/nimesha/Thesis/moveit_ur5_v2_ws/install/moveit_resources_prbt_support/share/ament_index/resource_index/packages/moveit_resources_prbt_support
[0.896s] -- Installing: /home/nimesha/Thesis/moveit_ur5_v2_ws/install/moveit_resources_prbt_support/share/moveit_resources_prbt_support/cmake/moveit_resources_prbt_supportConfig.cmake
[0.896s] -- Installing: /home/nimesha/Thesis/moveit_ur5_v2_ws/install/moveit_resources_prbt_support/share/moveit_resources_prbt_support/cmake/moveit_resources_prbt_supportConfig-version.cmake
[0.896s] -- Installing: /home/nimesha/Thesis/moveit_ur5_v2_ws/install/moveit_resources_prbt_support/share/moveit_resources_prbt_support/package.xml
[0.896s] -- Installing: /home/nimesha/Thesis/moveit_ur5_v2_ws/install/moveit_resources_prbt_support/share/moveit_resources_prbt_support/urdf
[0.896s] -- Installing: /home/nimesha/Thesis/moveit_ur5_v2_ws/install/moveit_resources_prbt_support/share/moveit_resources_prbt_support/urdf/simple_gripper_brackets.urdf.xacro
[0.897s] -- Installing: /home/nimesha/Thesis/moveit_ur5_v2_ws/install/moveit_resources_prbt_support/share/moveit_resources_prbt_support/urdf/prbt.xacro
[0.899s] -- Installing: /home/nimesha/Thesis/moveit_ur5_v2_ws/install/moveit_resources_prbt_support/share/moveit_resources_prbt_support/urdf/prbt_macro.xacro
[0.901s] -- Installing: /home/nimesha/Thesis/moveit_ur5_v2_ws/install/moveit_resources_prbt_support/share/moveit_resources_prbt_support/urdf/prbt.ros2_control.xacro
[0.901s] -- Installing: /home/nimesha/Thesis/moveit_ur5_v2_ws/install/moveit_resources_prbt_support/share/moveit_resources_prbt_support/meshes
[0.901s] -- Installing: /home/nimesha/Thesis/moveit_ur5_v2_ws/install/moveit_resources_prbt_support/share/moveit_resources_prbt_support/meshes/foot.stl
[0.902s] -- Installing: /home/nimesha/Thesis/moveit_ur5_v2_ws/install/moveit_resources_prbt_support/share/moveit_resources_prbt_support/meshes/link_2.stl
[0.902s] -- Installing: /home/nimesha/Thesis/moveit_ur5_v2_ws/install/moveit_resources_prbt_support/share/moveit_resources_prbt_support/meshes/link_5.stl
[0.903s] -- Installing: /home/nimesha/Thesis/moveit_ur5_v2_ws/install/moveit_resources_prbt_support/share/moveit_resources_prbt_support/meshes/link_4.stl
[0.904s] -- Installing: /home/nimesha/Thesis/moveit_ur5_v2_ws/install/moveit_resources_prbt_support/share/moveit_resources_prbt_support/meshes/link_3.stl
[0.908s] -- Installing: /home/nimesha/Thesis/moveit_ur5_v2_ws/install/moveit_resources_prbt_support/share/moveit_resources_prbt_support/meshes/flange.stl
[0.909s] -- Installing: /home/nimesha/Thesis/moveit_ur5_v2_ws/install/moveit_resources_prbt_support/share/moveit_resources_prbt_support/meshes/link_4.dae
[0.915s] -- Installing: /home/nimesha/Thesis/moveit_ur5_v2_ws/install/moveit_resources_prbt_support/share/moveit_resources_prbt_support/meshes/link_2.dae
[0.921s] -- Installing: /home/nimesha/Thesis/moveit_ur5_v2_ws/install/moveit_resources_prbt_support/share/moveit_resources_prbt_support/meshes/link_1.stl
[0.922s] -- Installing: /home/nimesha/Thesis/moveit_ur5_v2_ws/install/moveit_resources_prbt_support/share/moveit_resources_prbt_support/meshes/link_1.dae
[0.927s] -- Installing: /home/nimesha/Thesis/moveit_ur5_v2_ws/install/moveit_resources_prbt_support/share/moveit_resources_prbt_support/meshes/link_5.dae
[0.930s] -- Installing: /home/nimesha/Thesis/moveit_ur5_v2_ws/install/moveit_resources_prbt_support/share/moveit_resources_prbt_support/meshes/foot.dae
[0.934s] -- Installing: /home/nimesha/Thesis/moveit_ur5_v2_ws/install/moveit_resources_prbt_support/share/moveit_resources_prbt_support/meshes/flange.dae
[0.936s] -- Installing: /home/nimesha/Thesis/moveit_ur5_v2_ws/install/moveit_resources_prbt_support/share/moveit_resources_prbt_support/meshes/link_3.dae
[0.939s] -- Installing: /home/nimesha/Thesis/moveit_ur5_v2_ws/install/moveit_resources_prbt_support/share/moveit_resources_prbt_support/config
[0.939s] -- Installing: /home/nimesha/Thesis/moveit_ur5_v2_ws/install/moveit_resources_prbt_support/share/moveit_resources_prbt_support/config/manipulator_driver.yaml
[0.939s] -- Installing: /home/nimesha/Thesis/moveit_ur5_v2_ws/install/moveit_resources_prbt_support/share/moveit_resources_prbt_support/config/manipulator_controller.yaml
[0.940s] -- Installing: /home/nimesha/Thesis/moveit_ur5_v2_ws/install/moveit_resources_prbt_support/share/moveit_resources_prbt_support/config/prbt_0_1.dcf
[0.944s] Invoked command in '/home/nimesha/Thesis/moveit_ur5_v2_ws/build/moveit_resources_prbt_support' returned '0': CMAKE_PREFIX_PATH=${CMAKE_PREFIX_PATH}:/home/nimesha/Thesis/moveit_ur5_v2_ws/install/moveit_configs_utils:/home/nimesha/Thesis/moveit_ur5_v2_ws/install/launch_param_builder:/home/nimesha/Thesis/moveit_ur5_v2_ws/src/ws_moveit/install/moveit_configs_utils:/home/nimesha/Thesis/moveit_ur5_v2_ws/src/ws_moveit/install/launch_param_builder:/opt/ros/humble /usr/bin/cmake --install /home/nimesha/Thesis/moveit_ur5_v2_ws/build/moveit_resources_prbt_support
