[0.035s] Invoking command in '/home/nimesha/thesis/ws_moveit/build/moveit_resources_fanuc_moveit_config': CMAKE_PREFIX_PATH=/home/nimesha/thesis/ws_moveit/install/moveit_resources_fanuc_description:/home/nimesha/ros2_humble/ros2-linux:/home/nimesha/thesis/ws_moveit/install/robotiq_description:/home/nimesha/thesis/ws_moveit/install/moveit_resources_prbt_support:/home/nimesha/thesis/ws_moveit/install/moveit_resources_pr2_description:/home/nimesha/thesis/ws_moveit/install/moveit_resources_panda_description:/home/nimesha/thesis/ws_moveit/install/moveit_common:/opt/ros/humble:/home/nimesha/thesis/ws_moveit/install/moveit_configs_utils:/opt/ros/rolling /usr/bin/cmake --build /home/nimesha/thesis/ws_moveit/build/moveit_resources_fanuc_moveit_config -- -j32 -l32
[0.069s] Invoked command in '/home/nimesha/thesis/ws_moveit/build/moveit_resources_fanuc_moveit_config' returned '0': CMAKE_PREFIX_PATH=/home/nimesha/thesis/ws_moveit/install/moveit_resources_fanuc_description:/home/nimesha/ros2_humble/ros2-linux:/home/nimesha/thesis/ws_moveit/install/robotiq_description:/home/nimesha/thesis/ws_moveit/install/moveit_resources_prbt_support:/home/nimesha/thesis/ws_moveit/install/moveit_resources_pr2_description:/home/nimesha/thesis/ws_moveit/install/moveit_resources_panda_description:/home/nimesha/thesis/ws_moveit/install/moveit_common:/opt/ros/humble:/home/nimesha/thesis/ws_moveit/install/moveit_configs_utils:/opt/ros/rolling /usr/bin/cmake --build /home/nimesha/thesis/ws_moveit/build/moveit_resources_fanuc_moveit_config -- -j32 -l32
[0.094s] Invoking command in '/home/nimesha/thesis/ws_moveit/build/moveit_resources_fanuc_moveit_config': CMAKE_PREFIX_PATH=/home/nimesha/thesis/ws_moveit/install/moveit_resources_fanuc_description:/home/nimesha/ros2_humble/ros2-linux:/home/nimesha/thesis/ws_moveit/install/robotiq_description:/home/nimesha/thesis/ws_moveit/install/moveit_resources_prbt_support:/home/nimesha/thesis/ws_moveit/install/moveit_resources_pr2_description:/home/nimesha/thesis/ws_moveit/install/moveit_resources_panda_description:/home/nimesha/thesis/ws_moveit/install/moveit_common:/opt/ros/humble:/home/nimesha/thesis/ws_moveit/install/moveit_configs_utils:/opt/ros/rolling /usr/bin/cmake --install /home/nimesha/thesis/ws_moveit/build/moveit_resources_fanuc_moveit_config
[0.098s] -- Install configuration: "Release"
[0.098s] -- Up-to-date: /home/nimesha/thesis/ws_moveit/install/moveit_resources_fanuc_moveit_config/share/ament_index/resource_index/package_run_dependencies/moveit_resources_fanuc_moveit_config
[0.098s] -- Up-to-date: /home/nimesha/thesis/ws_moveit/install/moveit_resources_fanuc_moveit_config/share/ament_index/resource_index/parent_prefix_path/moveit_resources_fanuc_moveit_config
[0.101s] -- Up-to-date: /home/nimesha/thesis/ws_moveit/install/moveit_resources_fanuc_moveit_config/share/moveit_resources_fanuc_moveit_config/environment/ament_prefix_path.sh
[0.101s] -- Up-to-date: /home/nimesha/thesis/ws_moveit/install/moveit_resources_fanuc_moveit_config/share/moveit_resources_fanuc_moveit_config/environment/ament_prefix_path.dsv
[0.102s] -- Up-to-date: /home/nimesha/thesis/ws_moveit/install/moveit_resources_fanuc_moveit_config/share/moveit_resources_fanuc_moveit_config/environment/path.sh
[0.102s] -- Up-to-date: /home/nimesha/thesis/ws_moveit/install/moveit_resources_fanuc_moveit_config/share/moveit_resources_fanuc_moveit_config/environment/path.dsv
[0.102s] -- Up-to-date: /home/nimesha/thesis/ws_moveit/install/moveit_resources_fanuc_moveit_config/share/moveit_resources_fanuc_moveit_config/local_setup.bash
[0.102s] -- Up-to-date: /home/nimesha/thesis/ws_moveit/install/moveit_resources_fanuc_moveit_config/share/moveit_resources_fanuc_moveit_config/local_setup.sh
[0.103s] -- Up-to-date: /home/nimesha/thesis/ws_moveit/install/moveit_resources_fanuc_moveit_config/share/moveit_resources_fanuc_moveit_config/local_setup.zsh
[0.103s] -- Up-to-date: /home/nimesha/thesis/ws_moveit/install/moveit_resources_fanuc_moveit_config/share/moveit_resources_fanuc_moveit_config/local_setup.dsv
[0.103s] -- Up-to-date: /home/nimesha/thesis/ws_moveit/install/moveit_resources_fanuc_moveit_config/share/moveit_resources_fanuc_moveit_config/package.dsv
[0.104s] -- Up-to-date: /home/nimesha/thesis/ws_moveit/install/moveit_resources_fanuc_moveit_config/share/ament_index/resource_index/packages/moveit_resources_fanuc_moveit_config
[0.104s] -- Up-to-date: /home/nimesha/thesis/ws_moveit/install/moveit_resources_fanuc_moveit_config/share/moveit_resources_fanuc_moveit_config/cmake/moveit_resources_fanuc_moveit_configConfig.cmake
[0.104s] -- Up-to-date: /home/nimesha/thesis/ws_moveit/install/moveit_resources_fanuc_moveit_config/share/moveit_resources_fanuc_moveit_config/cmake/moveit_resources_fanuc_moveit_configConfig-version.cmake
[0.104s] -- Up-to-date: /home/nimesha/thesis/ws_moveit/install/moveit_resources_fanuc_moveit_config/share/moveit_resources_fanuc_moveit_config/package.xml
[0.104s] -- Up-to-date: /home/nimesha/thesis/ws_moveit/install/moveit_resources_fanuc_moveit_config/share/moveit_resources_fanuc_moveit_config/launch
[0.106s] -- Up-to-date: /home/nimesha/thesis/ws_moveit/install/moveit_resources_fanuc_moveit_config/share/moveit_resources_fanuc_moveit_config/launch/moveit.rviz
[0.106s] -- Up-to-date: /home/nimesha/thesis/ws_moveit/install/moveit_resources_fanuc_moveit_config/share/moveit_resources_fanuc_moveit_config/launch/demo.launch.py
[0.106s] -- Up-to-date: /home/nimesha/thesis/ws_moveit/install/moveit_resources_fanuc_moveit_config/share/moveit_resources_fanuc_moveit_config/config
[0.106s] -- Up-to-date: /home/nimesha/thesis/ws_moveit/install/moveit_resources_fanuc_moveit_config/share/moveit_resources_fanuc_moveit_config/config/moveit_controllers.yaml
[0.106s] -- Up-to-date: /home/nimesha/thesis/ws_moveit/install/moveit_resources_fanuc_moveit_config/share/moveit_resources_fanuc_moveit_config/config/ros2_controllers.yaml
[0.106s] -- Up-to-date: /home/nimesha/thesis/ws_moveit/install/moveit_resources_fanuc_moveit_config/share/moveit_resources_fanuc_moveit_config/config/fanuc.srdf
[0.107s] -- Up-to-date: /home/nimesha/thesis/ws_moveit/install/moveit_resources_fanuc_moveit_config/share/moveit_resources_fanuc_moveit_config/config/ompl_planning.yaml
[0.107s] -- Up-to-date: /home/nimesha/thesis/ws_moveit/install/moveit_resources_fanuc_moveit_config/share/moveit_resources_fanuc_moveit_config/config/sensors_3d.yaml
[0.107s] -- Up-to-date: /home/nimesha/thesis/ws_moveit/install/moveit_resources_fanuc_moveit_config/share/moveit_resources_fanuc_moveit_config/config/kinematics.yaml
[0.107s] -- Up-to-date: /home/nimesha/thesis/ws_moveit/install/moveit_resources_fanuc_moveit_config/share/moveit_resources_fanuc_moveit_config/config/pilz_cartesian_limits.yaml
[0.107s] -- Up-to-date: /home/nimesha/thesis/ws_moveit/install/moveit_resources_fanuc_moveit_config/share/moveit_resources_fanuc_moveit_config/config/fanuc.ros2_control.xacro
[0.107s] -- Up-to-date: /home/nimesha/thesis/ws_moveit/install/moveit_resources_fanuc_moveit_config/share/moveit_resources_fanuc_moveit_config/config/chomp_planning.yaml
[0.107s] -- Up-to-date: /home/nimesha/thesis/ws_moveit/install/moveit_resources_fanuc_moveit_config/share/moveit_resources_fanuc_moveit_config/config/fanuc.urdf.xacro
[0.107s] -- Up-to-date: /home/nimesha/thesis/ws_moveit/install/moveit_resources_fanuc_moveit_config/share/moveit_resources_fanuc_moveit_config/config/joint_limits.yaml
[0.107s] -- Up-to-date: /home/nimesha/thesis/ws_moveit/install/moveit_resources_fanuc_moveit_config/share/moveit_resources_fanuc_moveit_config/config/initial_positions.yaml
[0.107s] -- Up-to-date: /home/nimesha/thesis/ws_moveit/install/moveit_resources_fanuc_moveit_config/share/moveit_resources_fanuc_moveit_config/.setup_assistant
[0.113s] Invoked command in '/home/nimesha/thesis/ws_moveit/build/moveit_resources_fanuc_moveit_config' returned '0': CMAKE_PREFIX_PATH=/home/nimesha/thesis/ws_moveit/install/moveit_resources_fanuc_description:/home/nimesha/ros2_humble/ros2-linux:/home/nimesha/thesis/ws_moveit/install/robotiq_description:/home/nimesha/thesis/ws_moveit/install/moveit_resources_prbt_support:/home/nimesha/thesis/ws_moveit/install/moveit_resources_pr2_description:/home/nimesha/thesis/ws_moveit/install/moveit_resources_panda_description:/home/nimesha/thesis/ws_moveit/install/moveit_common:/opt/ros/humble:/home/nimesha/thesis/ws_moveit/install/moveit_configs_utils:/opt/ros/rolling /usr/bin/cmake --install /home/nimesha/thesis/ws_moveit/build/moveit_resources_fanuc_moveit_config
