-- Found ament_cmake: 1.3.10 (/home/nimesha/ros2_humble/ros2-linux/share/ament_cmake/cmake)
-- Found rclcpp: 16.0.10 (/home/nimesha/ros2_humble/ros2-linux/share/rclcpp/cmake)
-- Found rosidl_generator_c: 3.1.5 (/home/nimesha/ros2_humble/ros2-linux/share/rosidl_generator_c/cmake)
-- Found rosidl_adapter: 3.1.5 (/home/nimesha/ros2_humble/ros2-linux/share/rosidl_adapter/cmake)
-- Found rosidl_generator_cpp: 3.1.5 (/home/nimesha/ros2_humble/ros2-linux/share/rosidl_generator_cpp/cmake)
-- Using all available rosidl_typesupport_c: rosidl_typesupport_fastrtps_c;rosidl_typesupport_introspection_c
-- Using all available rosidl_typesupport_cpp: rosidl_typesupport_fastrtps_cpp;rosidl_typesupport_introspection_cpp
-- Found rmw_implementation_cmake: 6.1.2 (/home/nimesha/ros2_humble/ros2-linux/share/rmw_implementation_cmake/cmake)
-- Found rmw_cyclonedds_cpp: 1.3.4 (/home/nimesha/ros2_humble/ros2-linux/share/rmw_cyclonedds_cpp/cmake)
-- Using RMW implementation 'rmw_cyclonedds_cpp' as default
-- Found hardware_interface: 2.43.0 (/opt/ros/humble/share/hardware_interface/cmake)
-- Found controller_manager: 2.43.0 (/opt/ros/humble/share/controller_manager/cmake)
-- Found joint_limits: 2.43.0 (/opt/ros/humble/share/joint_limits/cmake)
-- Found urdf: 2.6.0 (/home/nimesha/ros2_humble/ros2-linux/share/urdf/cmake)
-- Found control_toolbox: 3.2.0 (/opt/ros/humble/share/control_toolbox/cmake)
-- Found parameter_traits: 0.3.8 (/opt/ros/humble/share/parameter_traits/cmake)
-- Found ament_lint_auto: 0.12.11 (/home/nimesha/ros2_humble/ros2-linux/share/ament_lint_auto/cmake)
-- Added test 'clang_format' to check C / C++ code style
-- Added test 'cppcheck' to perform static code analysis on C / C++ code
-- Configured cppcheck include dirs: /home/nimesha/Thesis/mujoco_ros2_control/mujoco_ros2_control/include
-- Configured cppcheck exclude dirs and/or files: 
-- Added test 'cpplint' to check C / C++ code against the Google style
-- Configured cpplint exclude dirs and/or files: 
-- Added test 'lint_cmake' to check CMake code style
-- Added test 'copyright' to check source files copyright and LICENSE
-- Configuring done
-- Generating done
-- Build files have been written to: /home/nimesha/Thesis/mujoco_ros2_control/build/mujoco_ros2_control
[ 33%] [32mBuilding CXX object CMakeFiles/mujoco_ros2_control.dir/src/mujoco_rendering.cpp.o[0m
[ 33%] [32mBuilding CXX object CMakeFiles/mujoco_ros2_control.dir/src/mujoco_ros2_control_node.cpp.o[0m
[ 50%] [32mBuilding CXX object CMakeFiles/mujoco_system_plugins.dir/src/mujoco_system.cpp.o[0m
[ 66%] [32mBuilding CXX object CMakeFiles/mujoco_ros2_control.dir/src/mujoco_ros2_control.cpp.o[0m
[ 83%] [32m[1mLinking CXX shared library libmujoco_system_plugins.so[0m
[ 83%] Built target mujoco_system_plugins
[100%] [32m[1mLinking CXX executable mujoco_ros2_control[0m
[100%] Built target mujoco_ros2_control
-- Install configuration: ""
-- Installing: /home/nimesha/Thesis/mujoco_ros2_control/install/mujoco_ros2_control/lib/libmujoco_system_plugins.so
-- Set runtime path of "/home/nimesha/Thesis/mujoco_ros2_control/install/mujoco_ros2_control/lib/libmujoco_system_plugins.so" to "/home/nimesha/ros2_humble/ros2-linux/lib:/opt/ros/humble/lib:/home/nimesha/.mujoco/mujoco-3.1.4/lib"
-- Installing: /home/nimesha/Thesis/mujoco_ros2_control/install/mujoco_ros2_control/lib/mujoco_ros2_control/mujoco_ros2_control
-- Set runtime path of "/home/nimesha/Thesis/mujoco_ros2_control/install/mujoco_ros2_control/lib/mujoco_ros2_control/mujoco_ros2_control" to "/home/nimesha/ros2_humble/ros2-linux/lib:/opt/ros/humble/lib:/home/nimesha/.mujoco/mujoco-3.1.4/lib"
-- Installing: /home/nimesha/Thesis/mujoco_ros2_control/install/mujoco_ros2_control/share/mujoco_ros2_control/mujoco_system_plugins.xml
-- Installing: /home/nimesha/Thesis/mujoco_ros2_control/install/mujoco_ros2_control/share/ament_index/resource_index/package_run_dependencies/mujoco_ros2_control
-- Installing: /home/nimesha/Thesis/mujoco_ros2_control/install/mujoco_ros2_control/share/ament_index/resource_index/parent_prefix_path/mujoco_ros2_control
-- Installing: /home/nimesha/Thesis/mujoco_ros2_control/install/mujoco_ros2_control/share/mujoco_ros2_control/environment/ament_prefix_path.sh
-- Installing: /home/nimesha/Thesis/mujoco_ros2_control/install/mujoco_ros2_control/share/mujoco_ros2_control/environment/ament_prefix_path.dsv
-- Installing: /home/nimesha/Thesis/mujoco_ros2_control/install/mujoco_ros2_control/share/mujoco_ros2_control/environment/path.sh
-- Installing: /home/nimesha/Thesis/mujoco_ros2_control/install/mujoco_ros2_control/share/mujoco_ros2_control/environment/path.dsv
-- Installing: /home/nimesha/Thesis/mujoco_ros2_control/install/mujoco_ros2_control/share/mujoco_ros2_control/local_setup.bash
-- Installing: /home/nimesha/Thesis/mujoco_ros2_control/install/mujoco_ros2_control/share/mujoco_ros2_control/local_setup.sh
-- Installing: /home/nimesha/Thesis/mujoco_ros2_control/install/mujoco_ros2_control/share/mujoco_ros2_control/local_setup.zsh
-- Installing: /home/nimesha/Thesis/mujoco_ros2_control/install/mujoco_ros2_control/share/mujoco_ros2_control/local_setup.dsv
-- Installing: /home/nimesha/Thesis/mujoco_ros2_control/install/mujoco_ros2_control/share/mujoco_ros2_control/package.dsv
-- Installing: /home/nimesha/Thesis/mujoco_ros2_control/install/mujoco_ros2_control/share/ament_index/resource_index/packages/mujoco_ros2_control
-- Installing: /home/nimesha/Thesis/mujoco_ros2_control/install/mujoco_ros2_control/share/ament_index/resource_index/mujoco_ros2_control__pluginlib__plugin/mujoco_ros2_control
-- Installing: /home/nimesha/Thesis/mujoco_ros2_control/install/mujoco_ros2_control/share/mujoco_ros2_control/cmake/mujoco_ros2_controlConfig.cmake
-- Installing: /home/nimesha/Thesis/mujoco_ros2_control/install/mujoco_ros2_control/share/mujoco_ros2_control/cmake/mujoco_ros2_controlConfig-version.cmake
-- Installing: /home/nimesha/Thesis/mujoco_ros2_control/install/mujoco_ros2_control/share/mujoco_ros2_control/package.xml
