[0.224s] Invoking command in '/home/nimesha/thesis/ws_moveit/build/moveit_ros_planning': AMENT_PREFIX_PATH=/home/nimesha/thesis/ws_moveit/install/moveit_ros_occupancy_map_monitor:/home/nimesha/thesis/ws_moveit/install/moveit_core:/home/nimesha/thesis/ws_moveit/install/moveit_resources_panda_moveit_config:/home/nimesha/thesis/ws_moveit/install/srdfdom:${AMENT_PREFIX_PATH} CMAKE_PREFIX_PATH=/home/nimesha/thesis/ws_moveit/install/moveit_ros_occupancy_map_monitor:/home/nimesha/thesis/ws_moveit/install/moveit_core:/home/nimesha/thesis/ws_moveit/install/moveit_resources_panda_moveit_config:/home/nimesha/thesis/ws_moveit/install/srdfdom:/home/nimesha/thesis/ws_moveit/install/moveit_resources_pr2_description:/home/nimesha/thesis/ws_moveit/install/moveit_resources_panda_description:/home/nimesha/thesis/ws_moveit/install/moveit_common:/home/nimesha/ros2_humble/ros2-linux:/home/nimesha/thesis/ws_moveit/install/robotiq_description:/home/nimesha/thesis/ws_moveit/install/moveit_resources_prbt_support:/home/nimesha/thesis/ws_moveit/install/moveit_resources_fanuc_description:/opt/ros/humble:/home/nimesha/thesis/ws_moveit/install/moveit_configs_utils:/opt/ros/rolling LD_LIBRARY_PATH=/home/nimesha/thesis/ws_moveit/install/moveit_ros_occupancy_map_monitor/lib:/home/nimesha/thesis/ws_moveit/install/moveit_core/lib:/home/nimesha/thesis/ws_moveit/install/srdfdom/lib:/opt/ros/humble/lib/x86_64-linux-gnu:/opt/ros/humble/lib:/home/nimesha/ros2_humble/ros2-linux/opt/rviz_ogre_vendor/lib:/opt/rti.com/rti_connext_dds-6.0.1/lib/x64Linux4gcc7.3.0:/opt/rti.com/rti_connext_dds-6.0.1/bin:/home/nimesha/ros2_humble/ros2-linux/lib:/opt/ros/rolling/opt/rviz_ogre_vendor/lib:/opt/ros/rolling/lib/x86_64-linux-gnu:/opt/ros/rolling/lib:/usr/lib/nvidia PATH=/home/nimesha/thesis/ws_moveit/install/moveit_core/bin:/opt/ros/humble/bin:/opt/rti.com/rti_connext_dds-6.0.1/lib/x64Linux4gcc7.3.0:/opt/rti.com/rti_connext_dds-6.0.1/bin:/home/nimesha/ros2_humble/ros2-linux/bin:/opt/ros/rolling/bin:/usr/lib/nvidia:/home/nimesha/anaconda3/condabin:/usr/local/sbin:/usr/local/bin:/usr/sbin:/usr/bin:/sbin:/bin:/usr/games:/usr/local/games:/usr/lib/wsl/lib:/mnt/c/Program Files/WindowsApps/MicrosoftCorporationII.WindowsSubsystemForLinux_2.2.4.0_x64__8wekyb3d8bbwe:/mnt/c/Windows/system32:/mnt/c/Windows:/mnt/c/Windows/System32/Wbem:/mnt/c/Windows/System32/WindowsPowerShell/v1.0/:/mnt/c/Windows/System32/OpenSSH/:/mnt/c/Program Files (x86)/NVIDIA Corporation/PhysX/Common:/mnt/c/Program Files/NVIDIA Corporation/NVIDIA NvDLISR:/mnt/c/Program Files/Git/cmd:/mnt/c/ProgramData/chocolatey/bin:/mnt/c/Program Files/MATLAB/R2024a/bin:/mnt/c/Program Files/dotnet/:/mnt/c/Users/Nimesha/AppData/Local/Programs/Python/Python311/Scripts/:/mnt/c/Users/Nimesha/AppData/Local/Programs/Python/Python311/:/mnt/c/Users/Nimesha/AppData/Local/Microsoft/WindowsApps:/mnt/c/Users/Nimesha/AppData/Local/Programs/Microsoft VS Code/bin:/mnt/c/Program Files/Baretail:/mnt/c/Program Files/Git/usr/bin:/mnt/c/Users/Nimesha/.dotnet/tools:/snap/bin PYTHONPATH=/home/nimesha/thesis/ws_moveit/install/srdfdom/local/lib/python3.10/dist-packages:${PYTHONPATH} /usr/bin/cmake /home/nimesha/thesis/ws_moveit/src/moveit2/moveit_ros/planning -DCMAKE_BUILD_TYPE=Release -DCMAKE_INSTALL_PREFIX=/home/nimesha/thesis/ws_moveit/install/moveit_ros_planning
[0.297s] -- The C compiler identification is GNU 11.4.0
[0.464s] -- The CXX compiler identification is GNU 11.4.0
[0.573s] -- Detecting C compiler ABI info
[0.657s] -- Detecting C compiler ABI info - done
[0.662s] -- Check for working C compiler: /usr/bin/cc - skipped
[0.662s] -- Detecting C compile features
[0.662s] -- Detecting C compile features - done
[0.664s] -- Detecting CXX compiler ABI info
[0.753s] -- Detecting CXX compiler ABI info - done
[0.757s] -- Check for working CXX compiler: /usr/bin/c++ - skipped
[0.757s] -- Detecting CXX compile features
[0.758s] -- Detecting CXX compile features - done
[0.758s] -- Found moveit_common: 2.5.5 (/home/nimesha/thesis/ws_moveit/install/moveit_common/share/moveit_common/cmake)
[0.760s] -- Found ament_cmake: 1.3.10 (/home/nimesha/ros2_humble/ros2-linux/share/ament_cmake/cmake)
[0.864s] -- Found Python3: /usr/bin/python3 (found version "3.10.12") found components: Interpreter 
[0.966s] -- Found moveit_msgs: 2.2.1 (/opt/ros/humble/share/moveit_msgs/cmake)
[1.040s] -- Found rosidl_generator_c: 3.1.5 (/home/nimesha/ros2_humble/ros2-linux/share/rosidl_generator_c/cmake)
[1.043s] -- Found rosidl_adapter: 3.1.5 (/home/nimesha/ros2_humble/ros2-linux/share/rosidl_adapter/cmake)
[1.048s] -- Found rosidl_generator_cpp: 3.1.5 (/home/nimesha/ros2_humble/ros2-linux/share/rosidl_generator_cpp/cmake)
[1.055s] -- Using all available rosidl_typesupport_c: rosidl_typesupport_fastrtps_c;rosidl_typesupport_introspection_c
[1.066s] -- Using all available rosidl_typesupport_cpp: rosidl_typesupport_fastrtps_cpp;rosidl_typesupport_introspection_cpp
[1.183s] -- Found pluginlib: 5.1.0 (/home/nimesha/ros2_humble/ros2-linux/share/pluginlib/cmake)
[1.674s] -- Found rclcpp: 16.0.10 (/home/nimesha/ros2_humble/ros2-linux/share/rclcpp/cmake)
[1.699s] -- Found rmw_implementation_cmake: 6.1.2 (/home/nimesha/ros2_humble/ros2-linux/share/rmw_implementation_cmake/cmake)
[1.701s] -- Found rmw_cyclonedds_cpp: 1.3.4 (/home/nimesha/ros2_humble/ros2-linux/share/rmw_cyclonedds_cpp/cmake)
[1.717s] -- Using RMW implementation 'rmw_cyclonedds_cpp' as default
[1.723s] -- Looking for pthread.h
[1.836s] -- Looking for pthread.h - found
[1.836s] -- Performing Test CMAKE_HAVE_LIBC_PTHREAD
[1.921s] -- Performing Test CMAKE_HAVE_LIBC_PTHREAD - Success
[1.921s] -- Found Threads: TRUE  
[1.946s] -- Found message_filters: 4.3.4 (/home/nimesha/ros2_humble/ros2-linux/share/message_filters/cmake)
[1.947s] -- Found srdfdom: 2.0.4 (/home/nimesha/thesis/ws_moveit/install/srdfdom/share/srdfdom/cmake)
[1.955s] -- Found tf2: 0.25.7 (/home/nimesha/ros2_humble/ros2-linux/share/tf2/cmake)
[1.957s] -- Found tf2_geometry_msgs: 0.25.7 (/home/nimesha/ros2_humble/ros2-linux/share/tf2_geometry_msgs/cmake)
[1.978s] -- Found eigen3_cmake_module: 0.1.1 (/home/nimesha/ros2_humble/ros2-linux/share/eigen3_cmake_module/cmake)
[1.979s] -- Found Eigen3: TRUE (found version "3.4.0") 
[1.979s] -- Ensuring Eigen3 include directory is part of orocos-kdl CMake target
[2.022s] -- Found tf2_eigen: 0.25.7 (/home/nimesha/ros2_humble/ros2-linux/share/tf2_eigen/cmake)
[2.025s] -- Found moveit_core: 2.5.5 (/home/nimesha/thesis/ws_moveit/install/moveit_core/share/moveit_core/cmake)
[2.051s] -- Found Boost: /usr/lib/x86_64-linux-gnu/cmake/Boost-1.74.0/BoostConfig.cmake (found version "1.74.0") found components: chrono date_time filesystem iostreams program_options regex serialization system thread 
[2.557s] -- Found parameter_traits: 0.3.8 (/opt/ros/humble/share/parameter_traits/cmake)
[2.566s] -- Found rclcpp_lifecycle: 16.0.10 (/home/nimesha/ros2_humble/ros2-linux/share/rclcpp_lifecycle/cmake)
[2.583s] -- Found Boost: /usr/lib/x86_64-linux-gnu/cmake/Boost-1.74.0/BoostConfig.cmake (found version "1.74.0") found components: filesystem 
[3.212s] -- library: /usr/lib/x86_64-linux-gnu/libcurl.so
[3.245s] -- Found moveit_ros_occupancy_map_monitor: 2.5.5 (/home/nimesha/thesis/ws_moveit/install/moveit_ros_occupancy_map_monitor/share/moveit_ros_occupancy_map_monitor/cmake)
[3.258s] -- Found Boost: /usr/lib/x86_64-linux-gnu/cmake/Boost-1.74.0/BoostConfig.cmake (found version "1.74.0") found components: system filesystem date_time program_options thread chrono 
[3.283s] -- Performing Test COMPILER_HAS_HIDDEN_VISIBILITY
[3.369s] -- Performing Test COMPILER_HAS_HIDDEN_VISIBILITY - Success
[3.369s] -- Performing Test COMPILER_HAS_HIDDEN_INLINE_VISIBILITY
[3.454s] -- Performing Test COMPILER_HAS_HIDDEN_INLINE_VISIBILITY - Success
[3.454s] -- Performing Test COMPILER_HAS_DEPRECATED_ATTR
[3.540s] -- Performing Test COMPILER_HAS_DEPRECATED_ATTR - Success
[3.559s] -- Found ament_cmake_gtest: 1.3.10 (/home/nimesha/ros2_humble/ros2-linux/share/ament_cmake_gtest/cmake)
[3.560s] -- Found ament_cmake_gmock: 1.3.10 (/home/nimesha/ros2_humble/ros2-linux/share/ament_cmake_gmock/cmake)
[3.561s] -- Found gmock sources under '/home/nimesha/ros2_humble/ros2-linux/src/gmock_vendor': C++ tests using 'Google Mock' will be built
[3.564s] -- Found gtest sources under '/home/nimesha/ros2_humble/ros2-linux/src/gtest_vendor': C++ tests using 'Google Test' will be built
[3.586s] -- Found ament_lint_auto: 0.12.11 (/home/nimesha/ros2_humble/ros2-linux/share/ament_lint_auto/cmake)
[3.594s] -- Found launch_testing_ament_cmake: 1.0.6 (/home/nimesha/ros2_humble/ros2-linux/share/launch_testing_ament_cmake/cmake)
[3.595s] -- Found python_cmake_module: 0.10.0 (/home/nimesha/ros2_humble/ros2-linux/share/python_cmake_module/cmake)
[3.642s] -- Found PythonInterp: /usr/bin/python3 (found suitable version "3.10.12", minimum required is "3.6") 
[3.784s] -- Found PythonLibs: /usr/lib/x86_64-linux-gnu/libpython3.10.so (found suitable version "3.10.12", minimum required is "3.5") 
[3.784s] -- Using PYTHON_EXECUTABLE: /usr/bin/python3
[3.784s] -- Using PYTHON_INCLUDE_DIRS: /usr/include/python3.10
[3.784s] -- Using PYTHON_LIBRARIES: /usr/lib/x86_64-linux-gnu/libpython3.10.so
[3.800s] -- Found PythonExtra: .so  
[3.836s] -- Added test 'cppcheck' to perform static code analysis on C / C++ code
[3.836s] -- Configured cppcheck include dirs: /home/nimesha/thesis/ws_moveit/src/moveit2/moveit_ros/planning/rdf_loader/include;/home/nimesha/thesis/ws_moveit/src/moveit2/moveit_ros/planning/kinematics_plugin_loader/include;/home/nimesha/thesis/ws_moveit/src/moveit2/moveit_ros/planning/robot_model_loader/include;/home/nimesha/thesis/ws_moveit/src/moveit2/moveit_ros/planning/constraint_sampler_manager_loader/include;/home/nimesha/thesis/ws_moveit/src/moveit2/moveit_ros/planning/planning_pipeline/include;/home/nimesha/thesis/ws_moveit/src/moveit2/moveit_ros/planning/planning_scene_monitor/include;/home/nimesha/thesis/ws_moveit/src/moveit2/moveit_ros/planning/trajectory_execution_manager/include;/home/nimesha/thesis/ws_moveit/src/moveit2/moveit_ros/planning/plan_execution/include;/home/nimesha/thesis/ws_moveit/src/moveit2/moveit_ros/planning/collision_plugin_loader/include;/home/nimesha/thesis/ws_moveit/src/moveit2/moveit_ros/planning/moveit_cpp/include
[3.836s] -- Configured cppcheck exclude dirs and/or files: 
[3.837s] -- Added test 'lint_cmake' to check CMake code style
[3.838s] -- Added test 'pep257' to check Python code against some of the docstring style conventions in PEP 257
[3.839s] -- Added test 'xmllint' to check XML markup files
[3.841s] -- Configuring done
[4.044s] -- Generating done
[4.046s] -- Build files have been written to: /home/nimesha/thesis/ws_moveit/build/moveit_ros_planning
[4.062s] Invoked command in '/home/nimesha/thesis/ws_moveit/build/moveit_ros_planning' returned '0': AMENT_PREFIX_PATH=/home/nimesha/thesis/ws_moveit/install/moveit_ros_occupancy_map_monitor:/home/nimesha/thesis/ws_moveit/install/moveit_core:/home/nimesha/thesis/ws_moveit/install/moveit_resources_panda_moveit_config:/home/nimesha/thesis/ws_moveit/install/srdfdom:${AMENT_PREFIX_PATH} CMAKE_PREFIX_PATH=/home/nimesha/thesis/ws_moveit/install/moveit_ros_occupancy_map_monitor:/home/nimesha/thesis/ws_moveit/install/moveit_core:/home/nimesha/thesis/ws_moveit/install/moveit_resources_panda_moveit_config:/home/nimesha/thesis/ws_moveit/install/srdfdom:/home/nimesha/thesis/ws_moveit/install/moveit_resources_pr2_description:/home/nimesha/thesis/ws_moveit/install/moveit_resources_panda_description:/home/nimesha/thesis/ws_moveit/install/moveit_common:/home/nimesha/ros2_humble/ros2-linux:/home/nimesha/thesis/ws_moveit/install/robotiq_description:/home/nimesha/thesis/ws_moveit/install/moveit_resources_prbt_support:/home/nimesha/thesis/ws_moveit/install/moveit_resources_fanuc_description:/opt/ros/humble:/home/nimesha/thesis/ws_moveit/install/moveit_configs_utils:/opt/ros/rolling LD_LIBRARY_PATH=/home/nimesha/thesis/ws_moveit/install/moveit_ros_occupancy_map_monitor/lib:/home/nimesha/thesis/ws_moveit/install/moveit_core/lib:/home/nimesha/thesis/ws_moveit/install/srdfdom/lib:/opt/ros/humble/lib/x86_64-linux-gnu:/opt/ros/humble/lib:/home/nimesha/ros2_humble/ros2-linux/opt/rviz_ogre_vendor/lib:/opt/rti.com/rti_connext_dds-6.0.1/lib/x64Linux4gcc7.3.0:/opt/rti.com/rti_connext_dds-6.0.1/bin:/home/nimesha/ros2_humble/ros2-linux/lib:/opt/ros/rolling/opt/rviz_ogre_vendor/lib:/opt/ros/rolling/lib/x86_64-linux-gnu:/opt/ros/rolling/lib:/usr/lib/nvidia PATH=/home/nimesha/thesis/ws_moveit/install/moveit_core/bin:/opt/ros/humble/bin:/opt/rti.com/rti_connext_dds-6.0.1/lib/x64Linux4gcc7.3.0:/opt/rti.com/rti_connext_dds-6.0.1/bin:/home/nimesha/ros2_humble/ros2-linux/bin:/opt/ros/rolling/bin:/usr/lib/nvidia:/home/nimesha/anaconda3/condabin:/usr/local/sbin:/usr/local/bin:/usr/sbin:/usr/bin:/sbin:/bin:/usr/games:/usr/local/games:/usr/lib/wsl/lib:/mnt/c/Program Files/WindowsApps/MicrosoftCorporationII.WindowsSubsystemForLinux_2.2.4.0_x64__8wekyb3d8bbwe:/mnt/c/Windows/system32:/mnt/c/Windows:/mnt/c/Windows/System32/Wbem:/mnt/c/Windows/System32/WindowsPowerShell/v1.0/:/mnt/c/Windows/System32/OpenSSH/:/mnt/c/Program Files (x86)/NVIDIA Corporation/PhysX/Common:/mnt/c/Program Files/NVIDIA Corporation/NVIDIA NvDLISR:/mnt/c/Program Files/Git/cmd:/mnt/c/ProgramData/chocolatey/bin:/mnt/c/Program Files/MATLAB/R2024a/bin:/mnt/c/Program Files/dotnet/:/mnt/c/Users/Nimesha/AppData/Local/Programs/Python/Python311/Scripts/:/mnt/c/Users/Nimesha/AppData/Local/Programs/Python/Python311/:/mnt/c/Users/Nimesha/AppData/Local/Microsoft/WindowsApps:/mnt/c/Users/Nimesha/AppData/Local/Programs/Microsoft VS Code/bin:/mnt/c/Program Files/Baretail:/mnt/c/Program Files/Git/usr/bin:/mnt/c/Users/Nimesha/.dotnet/tools:/snap/bin PYTHONPATH=/home/nimesha/thesis/ws_moveit/install/srdfdom/local/lib/python3.10/dist-packages:${PYTHONPATH} /usr/bin/cmake /home/nimesha/thesis/ws_moveit/src/moveit2/moveit_ros/planning -DCMAKE_BUILD_TYPE=Release -DCMAKE_INSTALL_PREFIX=/home/nimesha/thesis/ws_moveit/install/moveit_ros_planning
[4.064s] Invoking command in '/home/nimesha/thesis/ws_moveit/build/moveit_ros_planning': AMENT_PREFIX_PATH=/home/nimesha/thesis/ws_moveit/install/moveit_ros_occupancy_map_monitor:/home/nimesha/thesis/ws_moveit/install/moveit_core:/home/nimesha/thesis/ws_moveit/install/moveit_resources_panda_moveit_config:/home/nimesha/thesis/ws_moveit/install/srdfdom:${AMENT_PREFIX_PATH} CMAKE_PREFIX_PATH=/home/nimesha/thesis/ws_moveit/install/moveit_ros_occupancy_map_monitor:/home/nimesha/thesis/ws_moveit/install/moveit_core:/home/nimesha/thesis/ws_moveit/install/moveit_resources_panda_moveit_config:/home/nimesha/thesis/ws_moveit/install/srdfdom:/home/nimesha/thesis/ws_moveit/install/moveit_resources_pr2_description:/home/nimesha/thesis/ws_moveit/install/moveit_resources_panda_description:/home/nimesha/thesis/ws_moveit/install/moveit_common:/home/nimesha/ros2_humble/ros2-linux:/home/nimesha/thesis/ws_moveit/install/robotiq_description:/home/nimesha/thesis/ws_moveit/install/moveit_resources_prbt_support:/home/nimesha/thesis/ws_moveit/install/moveit_resources_fanuc_description:/opt/ros/humble:/home/nimesha/thesis/ws_moveit/install/moveit_configs_utils:/opt/ros/rolling LD_LIBRARY_PATH=/home/nimesha/thesis/ws_moveit/install/moveit_ros_occupancy_map_monitor/lib:/home/nimesha/thesis/ws_moveit/install/moveit_core/lib:/home/nimesha/thesis/ws_moveit/install/srdfdom/lib:/opt/ros/humble/lib/x86_64-linux-gnu:/opt/ros/humble/lib:/home/nimesha/ros2_humble/ros2-linux/opt/rviz_ogre_vendor/lib:/opt/rti.com/rti_connext_dds-6.0.1/lib/x64Linux4gcc7.3.0:/opt/rti.com/rti_connext_dds-6.0.1/bin:/home/nimesha/ros2_humble/ros2-linux/lib:/opt/ros/rolling/opt/rviz_ogre_vendor/lib:/opt/ros/rolling/lib/x86_64-linux-gnu:/opt/ros/rolling/lib:/usr/lib/nvidia PATH=/home/nimesha/thesis/ws_moveit/install/moveit_core/bin:/opt/ros/humble/bin:/opt/rti.com/rti_connext_dds-6.0.1/lib/x64Linux4gcc7.3.0:/opt/rti.com/rti_connext_dds-6.0.1/bin:/home/nimesha/ros2_humble/ros2-linux/bin:/opt/ros/rolling/bin:/usr/lib/nvidia:/home/nimesha/anaconda3/condabin:/usr/local/sbin:/usr/local/bin:/usr/sbin:/usr/bin:/sbin:/bin:/usr/games:/usr/local/games:/usr/lib/wsl/lib:/mnt/c/Program Files/WindowsApps/MicrosoftCorporationII.WindowsSubsystemForLinux_2.2.4.0_x64__8wekyb3d8bbwe:/mnt/c/Windows/system32:/mnt/c/Windows:/mnt/c/Windows/System32/Wbem:/mnt/c/Windows/System32/WindowsPowerShell/v1.0/:/mnt/c/Windows/System32/OpenSSH/:/mnt/c/Program Files (x86)/NVIDIA Corporation/PhysX/Common:/mnt/c/Program Files/NVIDIA Corporation/NVIDIA NvDLISR:/mnt/c/Program Files/Git/cmd:/mnt/c/ProgramData/chocolatey/bin:/mnt/c/Program Files/MATLAB/R2024a/bin:/mnt/c/Program Files/dotnet/:/mnt/c/Users/Nimesha/AppData/Local/Programs/Python/Python311/Scripts/:/mnt/c/Users/Nimesha/AppData/Local/Programs/Python/Python311/:/mnt/c/Users/Nimesha/AppData/Local/Microsoft/WindowsApps:/mnt/c/Users/Nimesha/AppData/Local/Programs/Microsoft VS Code/bin:/mnt/c/Program Files/Baretail:/mnt/c/Program Files/Git/usr/bin:/mnt/c/Users/Nimesha/.dotnet/tools:/snap/bin PYTHONPATH=/home/nimesha/thesis/ws_moveit/install/srdfdom/local/lib/python3.10/dist-packages:${PYTHONPATH} /usr/bin/cmake --build /home/nimesha/thesis/ws_moveit/build/moveit_ros_planning -- -j32 -l32
[4.107s] [  1%] [32mBuilding CXX object collision_plugin_loader/CMakeFiles/moveit_collision_plugin_loader.dir/src/collision_plugin_loader.cpp.o[0m
[4.107s] [  3%] [32mBuilding CXX object gmock/CMakeFiles/gmock.dir/home/nimesha/ros2_humble/ros2-linux/src/gtest_vendor/src/gtest-all.cc.o[0m
[4.107s] [  4%] [32mBuilding CXX object planning_pipeline/CMakeFiles/moveit_planning_pipeline.dir/src/planning_pipeline.cpp.o[0m
[4.109s] [  6%] [32mBuilding CXX object planning_request_adapter_plugins/CMakeFiles/moveit_default_planning_request_adapter_plugins.dir/src/fix_start_state_bounds.cpp.o[0m
[4.109s] [  8%] [32mBuilding CXX object gmock/CMakeFiles/gmock.dir/src/gmock-all.cc.o[0m
[4.110s] [  9%] [32mBuilding CXX object gmock/CMakeFiles/gmock_main.dir/src/gmock_main.cc.o[0m
[4.111s] [ 11%] [32mBuilding CXX object rdf_loader/CMakeFiles/moveit_rdf_loader.dir/src/rdf_loader.cpp.o[0m
[4.111s] [ 12%] [32mBuilding CXX object planning_request_adapter_plugins/CMakeFiles/moveit_default_planning_request_adapter_plugins.dir/src/empty.cpp.o[0m
[4.111s] [ 14%] [32mBuilding CXX object planning_request_adapter_plugins/CMakeFiles/moveit_default_planning_request_adapter_plugins.dir/src/fix_start_state_collision.cpp.o[0m
[4.111s] [ 16%] [32mBuilding CXX object planning_request_adapter_plugins/CMakeFiles/moveit_list_request_adapter_plugins.dir/src/list.cpp.o[0m
[4.112s] [ 17%] [32mBuilding CXX object planning_request_adapter_plugins/CMakeFiles/moveit_default_planning_request_adapter_plugins.dir/src/fix_workspace_bounds.cpp.o[0m
[4.112s] [ 19%] [32mBuilding CXX object rdf_loader/CMakeFiles/moveit_rdf_loader.dir/src/synchronized_string_parameter.cpp.o[0m
[4.113s] [ 20%] [32mBuilding CXX object planning_request_adapter_plugins/CMakeFiles/moveit_default_planning_request_adapter_plugins.dir/src/add_time_parameterization.cpp.o[0m
[4.113s] [ 22%] [32mBuilding CXX object planning_request_adapter_plugins/CMakeFiles/moveit_default_planning_request_adapter_plugins.dir/src/fix_start_state_path_constraints.cpp.o[0m
[4.114s] [ 25%] [32mBuilding CXX object planning_request_adapter_plugins/CMakeFiles/moveit_default_planning_request_adapter_plugins.dir/src/add_iterative_spline_parameterization.cpp.o[0m
[4.114s] [ 25%] [32mBuilding CXX object planning_request_adapter_plugins/CMakeFiles/moveit_default_planning_request_adapter_plugins.dir/src/add_ruckig_traj_smoothing.cpp.o[0m
[4.115s] [ 27%] [32mBuilding CXX object planning_request_adapter_plugins/CMakeFiles/moveit_default_planning_request_adapter_plugins.dir/src/add_time_optimal_parameterization.cpp.o[0m
[4.115s] [ 29%] [32mBuilding CXX object planning_request_adapter_plugins/CMakeFiles/moveit_default_planning_request_adapter_plugins.dir/src/resolve_constraint_frames.cpp.o[0m
[5.677s] [ 30%] [32m[1mLinking CXX static library libgmock_main.a[0m
[5.787s] [ 30%] Built target gmock_main
[14.028s] [ 32%] [32m[1mLinking CXX static library libgmock.a[0m
[14.118s] [ 33%] [32m[1mLinking CXX shared library libmoveit_collision_plugin_loader.so[0m
[14.128s] [ 33%] Built target gmock
[14.473s] [ 33%] Built target moveit_collision_plugin_loader
[15.977s] [ 35%] [32m[1mLinking CXX shared library libmoveit_default_planning_request_adapter_plugins.so[0m
[16.182s] [ 35%] Built target moveit_default_planning_request_adapter_plugins
[17.393s] [ 37%] [32m[1mLinking CXX shared library libmoveit_rdf_loader.so[0m
[17.602s] [ 37%] Built target moveit_rdf_loader
[17.623s] [ 38%] [32mBuilding CXX object kinematics_plugin_loader/CMakeFiles/moveit_kinematics_plugin_loader.dir/src/kinematics_plugin_loader.cpp.o[0m
[17.624s] [ 40%] [32mBuilding CXX object constraint_sampler_manager_loader/CMakeFiles/moveit_constraint_sampler_manager_loader.dir/src/constraint_sampler_manager_loader.cpp.o[0m
[17.841s] [ 41%] [32m[1mLinking CXX executable moveit_list_request_adapter_plugins[0m
[18.030s] [ 41%] Built target moveit_list_request_adapter_plugins
[22.540s] [ 43%] [32m[1mLinking CXX shared library libmoveit_planning_pipeline.so[0m
[22.729s] [ 43%] Built target moveit_planning_pipeline
[26.059s] [ 45%] [32m[1mLinking CXX shared library libmoveit_kinematics_plugin_loader.so[0m
[26.279s] [ 45%] Built target moveit_kinematics_plugin_loader
[26.295s] [ 46%] [32mBuilding CXX object robot_model_loader/CMakeFiles/moveit_robot_model_loader.dir/src/robot_model_loader.cpp.o[0m
[26.510s] [ 48%] [32m[1mLinking CXX shared library libmoveit_constraint_sampler_manager_loader.so[0m
[26.729s] [ 48%] Built target moveit_constraint_sampler_manager_loader
[30.085s] [ 50%] [32m[1mLinking CXX shared library libmoveit_robot_model_loader.so[0m
[30.243s] [ 50%] Built target moveit_robot_model_loader
[30.258s] [ 51%] [32mBuilding CXX object planning_scene_monitor/CMakeFiles/moveit_planning_scene_monitor.dir/src/planning_scene_monitor.cpp.o[0m
[30.258s] [ 54%] [32mBuilding CXX object planning_components_tools/CMakeFiles/moveit_print_planning_model_info.dir/src/print_planning_model_info.cpp.o[0m
[30.258s] [ 54%] [32mBuilding CXX object planning_scene_monitor/CMakeFiles/moveit_planning_scene_monitor.dir/src/current_state_monitor.cpp.o[0m
[30.258s] [ 56%] [32mBuilding CXX object planning_scene_monitor/CMakeFiles/moveit_planning_scene_monitor.dir/src/trajectory_monitor_middleware_handle.cpp.o[0m
[30.260s] [ 58%] [32mBuilding CXX object planning_scene_monitor/CMakeFiles/moveit_planning_scene_monitor.dir/src/trajectory_monitor.cpp.o[0m
[30.260s] [ 59%] [32mBuilding CXX object planning_scene_monitor/CMakeFiles/moveit_planning_scene_monitor.dir/src/current_state_monitor_middleware_handle.cpp.o[0m
[34.243s] [ 61%] [32m[1mLinking CXX executable moveit_print_planning_model_info[0m
[34.474s] [ 61%] Built target moveit_print_planning_model_info
[51.771s] [ 62%] [32m[1mLinking CXX shared library libmoveit_planning_scene_monitor.so[0m
[52.061s] [ 62%] Built target moveit_planning_scene_monitor
[52.079s] [ 64%] [32mBuilding CXX object planning_scene_monitor/CMakeFiles/current_state_monitor_tests.dir/test/current_state_monitor_tests.cpp.o[0m
[52.080s] [ 66%] [32mBuilding CXX object planning_scene_monitor/CMakeFiles/trajectory_monitor_tests.dir/test/trajectory_monitor_tests.cpp.o[0m
[52.082s] [ 67%] [32mBuilding CXX object planning_components_tools/CMakeFiles/moveit_display_random_state.dir/src/display_random_state.cpp.o[0m
[52.082s] [ 69%] [32mBuilding CXX object trajectory_execution_manager/CMakeFiles/moveit_trajectory_execution_manager.dir/src/trajectory_execution_manager.cpp.o[0m
[52.083s] [ 70%] [32mBuilding CXX object planning_scene_monitor/CMakeFiles/demo_scene.dir/demos/demo_scene.cpp.o[0m
[52.083s] [ 72%] [32mBuilding CXX object planning_components_tools/CMakeFiles/moveit_visualize_robot_collision_volume.dir/src/visualize_robot_collision_volume.cpp.o[0m
[52.084s] [ 74%] [32mBuilding CXX object planning_components_tools/CMakeFiles/moveit_evaluate_collision_checking_speed.dir/src/evaluate_collision_checking_speed.cpp.o[0m
[52.084s] [ 75%] [32mBuilding CXX object planning_components_tools/CMakeFiles/moveit_print_planning_scene_info.dir/src/print_planning_scene_info.cpp.o[0m
[52.085s] [ 77%] [32mBuilding CXX object planning_components_tools/CMakeFiles/moveit_publish_scene_from_text.dir/src/publish_scene_from_text.cpp.o[0m
[59.600s] [ 79%] [32m[1mLinking CXX executable moveit_print_planning_scene_info[0m
[59.921s] [ 79%] Built target moveit_print_planning_scene_info
[61.480s] [ 80%] [32m[1mLinking CXX executable moveit_evaluate_collision_checking_speed[0m
[61.585s] [ 82%] [32m[1mLinking CXX executable trajectory_monitor_tests[0m
[61.708s] [ 83%] [32m[1mLinking CXX executable current_state_monitor_tests[0m
[61.806s] [ 85%] [32m[1mLinking CXX executable demo_scene[0m
[61.845s] [ 85%] Built target moveit_evaluate_collision_checking_speed
[61.928s] [ 85%] Built target trajectory_monitor_tests
[62.025s] [ 85%] Built target demo_scene
[62.034s] [ 85%] Built target current_state_monitor_tests
[62.436s] [ 87%] [32m[1mLinking CXX executable moveit_visualize_robot_collision_volume[0m
[62.465s] [ 88%] [32m[1mLinking CXX executable moveit_display_random_state[0m
[62.695s] [ 88%] Built target moveit_visualize_robot_collision_volume
[62.850s] [ 88%] Built target moveit_display_random_state
[63.759s] [ 90%] [32m[1mLinking CXX executable moveit_publish_scene_from_text[0m
[64.014s] [ 90%] Built target moveit_publish_scene_from_text
[71.466s] [ 91%] [32m[1mLinking CXX shared library libmoveit_trajectory_execution_manager.so[0m
[71.692s] [ 91%] Built target moveit_trajectory_execution_manager
[71.706s] [ 93%] [32mBuilding CXX object plan_execution/CMakeFiles/moveit_plan_execution.dir/src/plan_execution.cpp.o[0m
[71.707s] [ 95%] [32mBuilding CXX object moveit_cpp/CMakeFiles/moveit_cpp.dir/src/moveit_cpp.cpp.o[0m
[71.709s] [ 96%] [32mBuilding CXX object moveit_cpp/CMakeFiles/moveit_cpp.dir/src/planning_component.cpp.o[0m
[78.901s] [ 98%] [32m[1mLinking CXX shared library libmoveit_plan_execution.so[0m
[79.090s] [ 98%] Built target moveit_plan_execution
[81.615s] [100%] [32m[1mLinking CXX shared library libmoveit_cpp.so[0m
[81.831s] [100%] Built target moveit_cpp
[81.839s] Invoked command in '/home/nimesha/thesis/ws_moveit/build/moveit_ros_planning' returned '0': AMENT_PREFIX_PATH=/home/nimesha/thesis/ws_moveit/install/moveit_ros_occupancy_map_monitor:/home/nimesha/thesis/ws_moveit/install/moveit_core:/home/nimesha/thesis/ws_moveit/install/moveit_resources_panda_moveit_config:/home/nimesha/thesis/ws_moveit/install/srdfdom:${AMENT_PREFIX_PATH} CMAKE_PREFIX_PATH=/home/nimesha/thesis/ws_moveit/install/moveit_ros_occupancy_map_monitor:/home/nimesha/thesis/ws_moveit/install/moveit_core:/home/nimesha/thesis/ws_moveit/install/moveit_resources_panda_moveit_config:/home/nimesha/thesis/ws_moveit/install/srdfdom:/home/nimesha/thesis/ws_moveit/install/moveit_resources_pr2_description:/home/nimesha/thesis/ws_moveit/install/moveit_resources_panda_description:/home/nimesha/thesis/ws_moveit/install/moveit_common:/home/nimesha/ros2_humble/ros2-linux:/home/nimesha/thesis/ws_moveit/install/robotiq_description:/home/nimesha/thesis/ws_moveit/install/moveit_resources_prbt_support:/home/nimesha/thesis/ws_moveit/install/moveit_resources_fanuc_description:/opt/ros/humble:/home/nimesha/thesis/ws_moveit/install/moveit_configs_utils:/opt/ros/rolling LD_LIBRARY_PATH=/home/nimesha/thesis/ws_moveit/install/moveit_ros_occupancy_map_monitor/lib:/home/nimesha/thesis/ws_moveit/install/moveit_core/lib:/home/nimesha/thesis/ws_moveit/install/srdfdom/lib:/opt/ros/humble/lib/x86_64-linux-gnu:/opt/ros/humble/lib:/home/nimesha/ros2_humble/ros2-linux/opt/rviz_ogre_vendor/lib:/opt/rti.com/rti_connext_dds-6.0.1/lib/x64Linux4gcc7.3.0:/opt/rti.com/rti_connext_dds-6.0.1/bin:/home/nimesha/ros2_humble/ros2-linux/lib:/opt/ros/rolling/opt/rviz_ogre_vendor/lib:/opt/ros/rolling/lib/x86_64-linux-gnu:/opt/ros/rolling/lib:/usr/lib/nvidia PATH=/home/nimesha/thesis/ws_moveit/install/moveit_core/bin:/opt/ros/humble/bin:/opt/rti.com/rti_connext_dds-6.0.1/lib/x64Linux4gcc7.3.0:/opt/rti.com/rti_connext_dds-6.0.1/bin:/home/nimesha/ros2_humble/ros2-linux/bin:/opt/ros/rolling/bin:/usr/lib/nvidia:/home/nimesha/anaconda3/condabin:/usr/local/sbin:/usr/local/bin:/usr/sbin:/usr/bin:/sbin:/bin:/usr/games:/usr/local/games:/usr/lib/wsl/lib:/mnt/c/Program Files/WindowsApps/MicrosoftCorporationII.WindowsSubsystemForLinux_2.2.4.0_x64__8wekyb3d8bbwe:/mnt/c/Windows/system32:/mnt/c/Windows:/mnt/c/Windows/System32/Wbem:/mnt/c/Windows/System32/WindowsPowerShell/v1.0/:/mnt/c/Windows/System32/OpenSSH/:/mnt/c/Program Files (x86)/NVIDIA Corporation/PhysX/Common:/mnt/c/Program Files/NVIDIA Corporation/NVIDIA NvDLISR:/mnt/c/Program Files/Git/cmd:/mnt/c/ProgramData/chocolatey/bin:/mnt/c/Program Files/MATLAB/R2024a/bin:/mnt/c/Program Files/dotnet/:/mnt/c/Users/Nimesha/AppData/Local/Programs/Python/Python311/Scripts/:/mnt/c/Users/Nimesha/AppData/Local/Programs/Python/Python311/:/mnt/c/Users/Nimesha/AppData/Local/Microsoft/WindowsApps:/mnt/c/Users/Nimesha/AppData/Local/Programs/Microsoft VS Code/bin:/mnt/c/Program Files/Baretail:/mnt/c/Program Files/Git/usr/bin:/mnt/c/Users/Nimesha/.dotnet/tools:/snap/bin PYTHONPATH=/home/nimesha/thesis/ws_moveit/install/srdfdom/local/lib/python3.10/dist-packages:${PYTHONPATH} /usr/bin/cmake --build /home/nimesha/thesis/ws_moveit/build/moveit_ros_planning -- -j32 -l32
[81.882s] Invoking command in '/home/nimesha/thesis/ws_moveit/build/moveit_ros_planning': AMENT_PREFIX_PATH=/home/nimesha/thesis/ws_moveit/install/moveit_ros_occupancy_map_monitor:/home/nimesha/thesis/ws_moveit/install/moveit_core:/home/nimesha/thesis/ws_moveit/install/moveit_resources_panda_moveit_config:/home/nimesha/thesis/ws_moveit/install/srdfdom:${AMENT_PREFIX_PATH} CMAKE_PREFIX_PATH=/home/nimesha/thesis/ws_moveit/install/moveit_ros_occupancy_map_monitor:/home/nimesha/thesis/ws_moveit/install/moveit_core:/home/nimesha/thesis/ws_moveit/install/moveit_resources_panda_moveit_config:/home/nimesha/thesis/ws_moveit/install/srdfdom:/home/nimesha/thesis/ws_moveit/install/moveit_resources_pr2_description:/home/nimesha/thesis/ws_moveit/install/moveit_resources_panda_description:/home/nimesha/thesis/ws_moveit/install/moveit_common:/home/nimesha/ros2_humble/ros2-linux:/home/nimesha/thesis/ws_moveit/install/robotiq_description:/home/nimesha/thesis/ws_moveit/install/moveit_resources_prbt_support:/home/nimesha/thesis/ws_moveit/install/moveit_resources_fanuc_description:/opt/ros/humble:/home/nimesha/thesis/ws_moveit/install/moveit_configs_utils:/opt/ros/rolling LD_LIBRARY_PATH=/home/nimesha/thesis/ws_moveit/install/moveit_ros_occupancy_map_monitor/lib:/home/nimesha/thesis/ws_moveit/install/moveit_core/lib:/home/nimesha/thesis/ws_moveit/install/srdfdom/lib:/opt/ros/humble/lib/x86_64-linux-gnu:/opt/ros/humble/lib:/home/nimesha/ros2_humble/ros2-linux/opt/rviz_ogre_vendor/lib:/opt/rti.com/rti_connext_dds-6.0.1/lib/x64Linux4gcc7.3.0:/opt/rti.com/rti_connext_dds-6.0.1/bin:/home/nimesha/ros2_humble/ros2-linux/lib:/opt/ros/rolling/opt/rviz_ogre_vendor/lib:/opt/ros/rolling/lib/x86_64-linux-gnu:/opt/ros/rolling/lib:/usr/lib/nvidia PATH=/home/nimesha/thesis/ws_moveit/install/moveit_core/bin:/opt/ros/humble/bin:/opt/rti.com/rti_connext_dds-6.0.1/lib/x64Linux4gcc7.3.0:/opt/rti.com/rti_connext_dds-6.0.1/bin:/home/nimesha/ros2_humble/ros2-linux/bin:/opt/ros/rolling/bin:/usr/lib/nvidia:/home/nimesha/anaconda3/condabin:/usr/local/sbin:/usr/local/bin:/usr/sbin:/usr/bin:/sbin:/bin:/usr/games:/usr/local/games:/usr/lib/wsl/lib:/mnt/c/Program Files/WindowsApps/MicrosoftCorporationII.WindowsSubsystemForLinux_2.2.4.0_x64__8wekyb3d8bbwe:/mnt/c/Windows/system32:/mnt/c/Windows:/mnt/c/Windows/System32/Wbem:/mnt/c/Windows/System32/WindowsPowerShell/v1.0/:/mnt/c/Windows/System32/OpenSSH/:/mnt/c/Program Files (x86)/NVIDIA Corporation/PhysX/Common:/mnt/c/Program Files/NVIDIA Corporation/NVIDIA NvDLISR:/mnt/c/Program Files/Git/cmd:/mnt/c/ProgramData/chocolatey/bin:/mnt/c/Program Files/MATLAB/R2024a/bin:/mnt/c/Program Files/dotnet/:/mnt/c/Users/Nimesha/AppData/Local/Programs/Python/Python311/Scripts/:/mnt/c/Users/Nimesha/AppData/Local/Programs/Python/Python311/:/mnt/c/Users/Nimesha/AppData/Local/Microsoft/WindowsApps:/mnt/c/Users/Nimesha/AppData/Local/Programs/Microsoft VS Code/bin:/mnt/c/Program Files/Baretail:/mnt/c/Program Files/Git/usr/bin:/mnt/c/Users/Nimesha/.dotnet/tools:/snap/bin PYTHONPATH=/home/nimesha/thesis/ws_moveit/install/srdfdom/local/lib/python3.10/dist-packages:${PYTHONPATH} /usr/bin/cmake --install /home/nimesha/thesis/ws_moveit/build/moveit_ros_planning
[81.887s] -- Install configuration: "Release"
[81.887s] -- Installing: /home/nimesha/thesis/ws_moveit/install/moveit_ros_planning/include
[81.887s] -- Installing: /home/nimesha/thesis/ws_moveit/install/moveit_ros_planning/include/moveit
[81.887s] -- Installing: /home/nimesha/thesis/ws_moveit/install/moveit_ros_planning/include/moveit/rdf_loader
[81.887s] -- Installing: /home/nimesha/thesis/ws_moveit/install/moveit_ros_planning/include/moveit/rdf_loader/synchronized_string_parameter.h
[81.887s] -- Installing: /home/nimesha/thesis/ws_moveit/install/moveit_ros_planning/include/moveit/rdf_loader/rdf_loader.h
[81.887s] -- Installing: /home/nimesha/thesis/ws_moveit/install/moveit_ros_planning/share/moveit_ros_planning/rdf_loader/test/data
[81.887s] -- Installing: /home/nimesha/thesis/ws_moveit/install/moveit_ros_planning/share/moveit_ros_planning/rdf_loader/test/data/kermit.urdf
[81.888s] -- Installing: /home/nimesha/thesis/ws_moveit/install/moveit_ros_planning/share/moveit_ros_planning/rdf_loader/test/data/robin.srdf.xacro
[81.888s] -- Installing: /home/nimesha/thesis/ws_moveit/install/moveit_ros_planning/share/moveit_ros_planning/rdf_loader/test/data/gonzo.srdf
[81.888s] -- Installing: /home/nimesha/thesis/ws_moveit/install/moveit_ros_planning/share/moveit_ros_planning/rdf_loader/test/data/gonzo.urdf
[81.888s] -- Installing: /home/nimesha/thesis/ws_moveit/install/moveit_ros_planning/share/moveit_ros_planning/rdf_loader/test/data/kermit.srdf
[81.888s] -- Installing: /home/nimesha/thesis/ws_moveit/install/moveit_ros_planning/share/moveit_ros_planning/rdf_loader/test/launch
[81.888s] -- Installing: /home/nimesha/thesis/ws_moveit/install/moveit_ros_planning/share/moveit_ros_planning/rdf_loader/test/launch/test_rdf_integration.test.py
[81.889s] -- Up-to-date: /home/nimesha/thesis/ws_moveit/install/moveit_ros_planning/include
[81.889s] -- Up-to-date: /home/nimesha/thesis/ws_moveit/install/moveit_ros_planning/include/moveit
[81.889s] -- Installing: /home/nimesha/thesis/ws_moveit/install/moveit_ros_planning/include/moveit/collision_plugin_loader
[81.889s] -- Installing: /home/nimesha/thesis/ws_moveit/install/moveit_ros_planning/include/moveit/collision_plugin_loader/collision_plugin_loader.h
[81.889s] -- Up-to-date: /home/nimesha/thesis/ws_moveit/install/moveit_ros_planning/include
[81.889s] -- Up-to-date: /home/nimesha/thesis/ws_moveit/install/moveit_ros_planning/include/moveit
[81.889s] -- Installing: /home/nimesha/thesis/ws_moveit/install/moveit_ros_planning/include/moveit/kinematics_plugin_loader
[81.889s] -- Installing: /home/nimesha/thesis/ws_moveit/install/moveit_ros_planning/include/moveit/kinematics_plugin_loader/kinematics_plugin_loader.h
[81.889s] -- Up-to-date: /home/nimesha/thesis/ws_moveit/install/moveit_ros_planning/include
[81.889s] -- Up-to-date: /home/nimesha/thesis/ws_moveit/install/moveit_ros_planning/include/moveit
[81.889s] -- Installing: /home/nimesha/thesis/ws_moveit/install/moveit_ros_planning/include/moveit/robot_model_loader
[81.889s] -- Installing: /home/nimesha/thesis/ws_moveit/install/moveit_ros_planning/include/moveit/robot_model_loader/robot_model_loader.h
[81.889s] -- Up-to-date: /home/nimesha/thesis/ws_moveit/install/moveit_ros_planning/include
[81.889s] -- Up-to-date: /home/nimesha/thesis/ws_moveit/install/moveit_ros_planning/include/moveit
[81.890s] -- Installing: /home/nimesha/thesis/ws_moveit/install/moveit_ros_planning/include/moveit/constraint_sampler_manager_loader
[81.890s] -- Installing: /home/nimesha/thesis/ws_moveit/install/moveit_ros_planning/include/moveit/constraint_sampler_manager_loader/constraint_sampler_manager_loader.h
[81.890s] -- Up-to-date: /home/nimesha/thesis/ws_moveit/install/moveit_ros_planning/include
[81.890s] -- Up-to-date: /home/nimesha/thesis/ws_moveit/install/moveit_ros_planning/include/moveit
[81.890s] -- Installing: /home/nimesha/thesis/ws_moveit/install/moveit_ros_planning/include/moveit/planning_pipeline
[81.890s] -- Installing: /home/nimesha/thesis/ws_moveit/install/moveit_ros_planning/include/moveit/planning_pipeline/planning_pipeline.h
[81.890s] -- Installing: /home/nimesha/thesis/ws_moveit/install/moveit_ros_planning/include/moveit_planning_pipeline_export.h
[81.890s] -- Installing: /home/nimesha/thesis/ws_moveit/install/moveit_ros_planning/lib/moveit_ros_planning/moveit_list_request_adapter_plugins
[81.890s] -- Set runtime path of "/home/nimesha/thesis/ws_moveit/install/moveit_ros_planning/lib/moveit_ros_planning/moveit_list_request_adapter_plugins" to ""
[81.890s] -- Installing: /home/nimesha/thesis/ws_moveit/install/moveit_ros_planning/lib/moveit_ros_planning/demo_scene
[81.891s] -- Set runtime path of "/home/nimesha/thesis/ws_moveit/install/moveit_ros_planning/lib/moveit_ros_planning/demo_scene" to ""
[81.891s] -- Up-to-date: /home/nimesha/thesis/ws_moveit/install/moveit_ros_planning/include
[81.891s] -- Up-to-date: /home/nimesha/thesis/ws_moveit/install/moveit_ros_planning/include/moveit
[81.891s] -- Installing: /home/nimesha/thesis/ws_moveit/install/moveit_ros_planning/include/moveit/planning_scene_monitor
[81.891s] -- Installing: /home/nimesha/thesis/ws_moveit/install/moveit_ros_planning/include/moveit/planning_scene_monitor/current_state_monitor.h
[81.891s] -- Installing: /home/nimesha/thesis/ws_moveit/install/moveit_ros_planning/include/moveit/planning_scene_monitor/current_state_monitor_middleware_handle.hpp
[81.891s] -- Installing: /home/nimesha/thesis/ws_moveit/install/moveit_ros_planning/include/moveit/planning_scene_monitor/planning_scene_monitor.h
[81.891s] -- Installing: /home/nimesha/thesis/ws_moveit/install/moveit_ros_planning/include/moveit/planning_scene_monitor/trajectory_monitor_middleware_handle.hpp
[81.891s] -- Installing: /home/nimesha/thesis/ws_moveit/install/moveit_ros_planning/include/moveit/planning_scene_monitor/trajectory_monitor.h
[81.891s] -- Installing: /home/nimesha/thesis/ws_moveit/install/moveit_ros_planning/include/moveit_planning_scene_monitor_export.h
[81.892s] -- Installing: /home/nimesha/thesis/ws_moveit/install/moveit_ros_planning/lib/moveit_ros_planning/moveit_print_planning_model_info
[81.892s] -- Set runtime path of "/home/nimesha/thesis/ws_moveit/install/moveit_ros_planning/lib/moveit_ros_planning/moveit_print_planning_model_info" to ""
[81.892s] -- Installing: /home/nimesha/thesis/ws_moveit/install/moveit_ros_planning/lib/moveit_ros_planning/moveit_print_planning_scene_info
[81.892s] -- Set runtime path of "/home/nimesha/thesis/ws_moveit/install/moveit_ros_planning/lib/moveit_ros_planning/moveit_print_planning_scene_info" to ""
[81.892s] -- Installing: /home/nimesha/thesis/ws_moveit/install/moveit_ros_planning/lib/moveit_ros_planning/moveit_display_random_state
[81.892s] -- Set runtime path of "/home/nimesha/thesis/ws_moveit/install/moveit_ros_planning/lib/moveit_ros_planning/moveit_display_random_state" to ""
[81.892s] -- Installing: /home/nimesha/thesis/ws_moveit/install/moveit_ros_planning/lib/moveit_ros_planning/moveit_visualize_robot_collision_volume
[81.892s] -- Set runtime path of "/home/nimesha/thesis/ws_moveit/install/moveit_ros_planning/lib/moveit_ros_planning/moveit_visualize_robot_collision_volume" to ""
[81.892s] -- Installing: /home/nimesha/thesis/ws_moveit/install/moveit_ros_planning/lib/moveit_ros_planning/moveit_evaluate_collision_checking_speed
[81.892s] -- Set runtime path of "/home/nimesha/thesis/ws_moveit/install/moveit_ros_planning/lib/moveit_ros_planning/moveit_evaluate_collision_checking_speed" to ""
[81.892s] -- Installing: /home/nimesha/thesis/ws_moveit/install/moveit_ros_planning/lib/moveit_ros_planning/moveit_publish_scene_from_text
[81.893s] -- Set runtime path of "/home/nimesha/thesis/ws_moveit/install/moveit_ros_planning/lib/moveit_ros_planning/moveit_publish_scene_from_text" to ""
[81.893s] -- Up-to-date: /home/nimesha/thesis/ws_moveit/install/moveit_ros_planning/include
[81.893s] -- Up-to-date: /home/nimesha/thesis/ws_moveit/install/moveit_ros_planning/include/moveit
[81.893s] -- Installing: /home/nimesha/thesis/ws_moveit/install/moveit_ros_planning/include/moveit/trajectory_execution_manager
[81.893s] -- Installing: /home/nimesha/thesis/ws_moveit/install/moveit_ros_planning/include/moveit/trajectory_execution_manager/trajectory_execution_manager.h
[81.893s] -- Installing: /home/nimesha/thesis/ws_moveit/install/moveit_ros_planning/include/moveit_trajectory_execution_manager_export.h
[81.893s] -- Up-to-date: /home/nimesha/thesis/ws_moveit/install/moveit_ros_planning/include
[81.893s] -- Up-to-date: /home/nimesha/thesis/ws_moveit/install/moveit_ros_planning/include/moveit
[81.893s] -- Installing: /home/nimesha/thesis/ws_moveit/install/moveit_ros_planning/include/moveit/plan_execution
[81.893s] -- Installing: /home/nimesha/thesis/ws_moveit/install/moveit_ros_planning/include/moveit/plan_execution/plan_representation.h
[81.893s] -- Installing: /home/nimesha/thesis/ws_moveit/install/moveit_ros_planning/include/moveit/plan_execution/plan_execution.h
[81.893s] -- Up-to-date: /home/nimesha/thesis/ws_moveit/install/moveit_ros_planning/include
[81.893s] -- Up-to-date: /home/nimesha/thesis/ws_moveit/install/moveit_ros_planning/include/moveit
[81.894s] -- Installing: /home/nimesha/thesis/ws_moveit/install/moveit_ros_planning/include/moveit/moveit_cpp
[81.894s] -- Installing: /home/nimesha/thesis/ws_moveit/install/moveit_ros_planning/include/moveit/moveit_cpp/moveit_cpp.h
[81.894s] -- Installing: /home/nimesha/thesis/ws_moveit/install/moveit_ros_planning/include/moveit/moveit_cpp/planning_component.h
[81.894s] -- Installing: /home/nimesha/thesis/ws_moveit/install/moveit_ros_planning/lib/libmoveit_rdf_loader.so.2.5.5
[81.894s] -- Set runtime path of "/home/nimesha/thesis/ws_moveit/install/moveit_ros_planning/lib/libmoveit_rdf_loader.so.2.5.5" to ""
[81.894s] -- Installing: /home/nimesha/thesis/ws_moveit/install/moveit_ros_planning/lib/libmoveit_rdf_loader.so
[81.894s] -- Installing: /home/nimesha/thesis/ws_moveit/install/moveit_ros_planning/lib/libmoveit_kinematics_plugin_loader.so.2.5.5
[81.894s] -- Set runtime path of "/home/nimesha/thesis/ws_moveit/install/moveit_ros_planning/lib/libmoveit_kinematics_plugin_loader.so.2.5.5" to ""
[81.894s] -- Installing: /home/nimesha/thesis/ws_moveit/install/moveit_ros_planning/lib/libmoveit_kinematics_plugin_loader.so
[81.894s] -- Installing: /home/nimesha/thesis/ws_moveit/install/moveit_ros_planning/lib/libmoveit_robot_model_loader.so.2.5.5
[81.895s] -- Set runtime path of "/home/nimesha/thesis/ws_moveit/install/moveit_ros_planning/lib/libmoveit_robot_model_loader.so.2.5.5" to ""
[81.895s] -- Installing: /home/nimesha/thesis/ws_moveit/install/moveit_ros_planning/lib/libmoveit_robot_model_loader.so
[81.895s] -- Installing: /home/nimesha/thesis/ws_moveit/install/moveit_ros_planning/lib/libmoveit_constraint_sampler_manager_loader.so.2.5.5
[81.895s] -- Set runtime path of "/home/nimesha/thesis/ws_moveit/install/moveit_ros_planning/lib/libmoveit_constraint_sampler_manager_loader.so.2.5.5" to ""
[81.895s] -- Installing: /home/nimesha/thesis/ws_moveit/install/moveit_ros_planning/lib/libmoveit_constraint_sampler_manager_loader.so
[81.895s] -- Installing: /home/nimesha/thesis/ws_moveit/install/moveit_ros_planning/lib/libmoveit_planning_pipeline.so.2.5.5
[81.896s] -- Set runtime path of "/home/nimesha/thesis/ws_moveit/install/moveit_ros_planning/lib/libmoveit_planning_pipeline.so.2.5.5" to ""
[81.896s] -- Installing: /home/nimesha/thesis/ws_moveit/install/moveit_ros_planning/lib/libmoveit_planning_pipeline.so
[81.896s] -- Installing: /home/nimesha/thesis/ws_moveit/install/moveit_ros_planning/lib/libmoveit_trajectory_execution_manager.so.2.5.5
[81.897s] -- Set runtime path of "/home/nimesha/thesis/ws_moveit/install/moveit_ros_planning/lib/libmoveit_trajectory_execution_manager.so.2.5.5" to ""
[81.897s] -- Installing: /home/nimesha/thesis/ws_moveit/install/moveit_ros_planning/lib/libmoveit_trajectory_execution_manager.so
[81.897s] -- Installing: /home/nimesha/thesis/ws_moveit/install/moveit_ros_planning/lib/libmoveit_plan_execution.so.2.5.5
[81.897s] -- Set runtime path of "/home/nimesha/thesis/ws_moveit/install/moveit_ros_planning/lib/libmoveit_plan_execution.so.2.5.5" to ""
[81.897s] -- Installing: /home/nimesha/thesis/ws_moveit/install/moveit_ros_planning/lib/libmoveit_plan_execution.so
[81.897s] -- Installing: /home/nimesha/thesis/ws_moveit/install/moveit_ros_planning/lib/libmoveit_planning_scene_monitor.so.2.5.5
[81.899s] -- Set runtime path of "/home/nimesha/thesis/ws_moveit/install/moveit_ros_planning/lib/libmoveit_planning_scene_monitor.so.2.5.5" to ""
[81.899s] -- Installing: /home/nimesha/thesis/ws_moveit/install/moveit_ros_planning/lib/libmoveit_planning_scene_monitor.so
[81.899s] -- Installing: /home/nimesha/thesis/ws_moveit/install/moveit_ros_planning/lib/libmoveit_collision_plugin_loader.so.2.5.5
[81.899s] -- Set runtime path of "/home/nimesha/thesis/ws_moveit/install/moveit_ros_planning/lib/libmoveit_collision_plugin_loader.so.2.5.5" to ""
[81.899s] -- Installing: /home/nimesha/thesis/ws_moveit/install/moveit_ros_planning/lib/libmoveit_collision_plugin_loader.so
[81.899s] -- Installing: /home/nimesha/thesis/ws_moveit/install/moveit_ros_planning/lib/libmoveit_default_planning_request_adapter_plugins.so.2.5.5
[81.899s] -- Set runtime path of "/home/nimesha/thesis/ws_moveit/install/moveit_ros_planning/lib/libmoveit_default_planning_request_adapter_plugins.so.2.5.5" to ""
[81.899s] -- Installing: /home/nimesha/thesis/ws_moveit/install/moveit_ros_planning/lib/libmoveit_default_planning_request_adapter_plugins.so
[81.900s] -- Installing: /home/nimesha/thesis/ws_moveit/install/moveit_ros_planning/lib/libmoveit_cpp.so.2.5.5
[81.900s] -- Set runtime path of "/home/nimesha/thesis/ws_moveit/install/moveit_ros_planning/lib/libmoveit_cpp.so.2.5.5" to ""
[81.900s] -- Installing: /home/nimesha/thesis/ws_moveit/install/moveit_ros_planning/lib/libmoveit_cpp.so
[81.900s] -- Installing: /home/nimesha/thesis/ws_moveit/install/moveit_ros_planning/share/moveit_ros_planning/environment/library_path.sh
[81.900s] -- Installing: /home/nimesha/thesis/ws_moveit/install/moveit_ros_planning/share/moveit_ros_planning/environment/library_path.dsv
[81.900s] -- Installing: /home/nimesha/thesis/ws_moveit/install/moveit_ros_planning/share/moveit_ros_planning/planning_request_adapters_plugin_description.xml
[81.901s] -- Installing: /home/nimesha/thesis/ws_moveit/install/moveit_ros_planning/share/ament_index/resource_index/package_run_dependencies/moveit_ros_planning
[81.901s] -- Installing: /home/nimesha/thesis/ws_moveit/install/moveit_ros_planning/share/ament_index/resource_index/parent_prefix_path/moveit_ros_planning
[81.901s] -- Installing: /home/nimesha/thesis/ws_moveit/install/moveit_ros_planning/share/moveit_ros_planning/environment/ament_prefix_path.sh
[81.901s] -- Installing: /home/nimesha/thesis/ws_moveit/install/moveit_ros_planning/share/moveit_ros_planning/environment/ament_prefix_path.dsv
[81.901s] -- Installing: /home/nimesha/thesis/ws_moveit/install/moveit_ros_planning/share/moveit_ros_planning/environment/path.sh
[81.901s] -- Installing: /home/nimesha/thesis/ws_moveit/install/moveit_ros_planning/share/moveit_ros_planning/environment/path.dsv
[81.901s] -- Installing: /home/nimesha/thesis/ws_moveit/install/moveit_ros_planning/share/moveit_ros_planning/local_setup.bash
[81.901s] -- Installing: /home/nimesha/thesis/ws_moveit/install/moveit_ros_planning/share/moveit_ros_planning/local_setup.sh
[81.901s] -- Installing: /home/nimesha/thesis/ws_moveit/install/moveit_ros_planning/share/moveit_ros_planning/local_setup.zsh
[81.901s] -- Installing: /home/nimesha/thesis/ws_moveit/install/moveit_ros_planning/share/moveit_ros_planning/local_setup.dsv
[81.901s] -- Installing: /home/nimesha/thesis/ws_moveit/install/moveit_ros_planning/share/moveit_ros_planning/package.dsv
[81.901s] -- Installing: /home/nimesha/thesis/ws_moveit/install/moveit_ros_planning/share/ament_index/resource_index/packages/moveit_ros_planning
[81.902s] -- Installing: /home/nimesha/thesis/ws_moveit/install/moveit_ros_planning/share/ament_index/resource_index/moveit_core__pluginlib__plugin/moveit_ros_planning
[81.902s] -- Installing: /home/nimesha/thesis/ws_moveit/install/moveit_ros_planning/share/moveit_ros_planning/cmake/export_moveit_ros_planningExport.cmake
[81.902s] -- Installing: /home/nimesha/thesis/ws_moveit/install/moveit_ros_planning/share/moveit_ros_planning/cmake/export_moveit_ros_planningExport-release.cmake
[81.902s] -- Installing: /home/nimesha/thesis/ws_moveit/install/moveit_ros_planning/share/moveit_ros_planning/cmake/ConfigExtras.cmake
[81.902s] -- Installing: /home/nimesha/thesis/ws_moveit/install/moveit_ros_planning/share/moveit_ros_planning/cmake/ament_cmake_export_targets-extras.cmake
[81.902s] -- Installing: /home/nimesha/thesis/ws_moveit/install/moveit_ros_planning/share/moveit_ros_planning/cmake/ament_cmake_export_dependencies-extras.cmake
[81.902s] -- Installing: /home/nimesha/thesis/ws_moveit/install/moveit_ros_planning/share/moveit_ros_planning/cmake/moveit_ros_planningConfig.cmake
[81.902s] -- Installing: /home/nimesha/thesis/ws_moveit/install/moveit_ros_planning/share/moveit_ros_planning/cmake/moveit_ros_planningConfig-version.cmake
[81.902s] -- Installing: /home/nimesha/thesis/ws_moveit/install/moveit_ros_planning/share/moveit_ros_planning/package.xml
[81.904s] Invoked command in '/home/nimesha/thesis/ws_moveit/build/moveit_ros_planning' returned '0': AMENT_PREFIX_PATH=/home/nimesha/thesis/ws_moveit/install/moveit_ros_occupancy_map_monitor:/home/nimesha/thesis/ws_moveit/install/moveit_core:/home/nimesha/thesis/ws_moveit/install/moveit_resources_panda_moveit_config:/home/nimesha/thesis/ws_moveit/install/srdfdom:${AMENT_PREFIX_PATH} CMAKE_PREFIX_PATH=/home/nimesha/thesis/ws_moveit/install/moveit_ros_occupancy_map_monitor:/home/nimesha/thesis/ws_moveit/install/moveit_core:/home/nimesha/thesis/ws_moveit/install/moveit_resources_panda_moveit_config:/home/nimesha/thesis/ws_moveit/install/srdfdom:/home/nimesha/thesis/ws_moveit/install/moveit_resources_pr2_description:/home/nimesha/thesis/ws_moveit/install/moveit_resources_panda_description:/home/nimesha/thesis/ws_moveit/install/moveit_common:/home/nimesha/ros2_humble/ros2-linux:/home/nimesha/thesis/ws_moveit/install/robotiq_description:/home/nimesha/thesis/ws_moveit/install/moveit_resources_prbt_support:/home/nimesha/thesis/ws_moveit/install/moveit_resources_fanuc_description:/opt/ros/humble:/home/nimesha/thesis/ws_moveit/install/moveit_configs_utils:/opt/ros/rolling LD_LIBRARY_PATH=/home/nimesha/thesis/ws_moveit/install/moveit_ros_occupancy_map_monitor/lib:/home/nimesha/thesis/ws_moveit/install/moveit_core/lib:/home/nimesha/thesis/ws_moveit/install/srdfdom/lib:/opt/ros/humble/lib/x86_64-linux-gnu:/opt/ros/humble/lib:/home/nimesha/ros2_humble/ros2-linux/opt/rviz_ogre_vendor/lib:/opt/rti.com/rti_connext_dds-6.0.1/lib/x64Linux4gcc7.3.0:/opt/rti.com/rti_connext_dds-6.0.1/bin:/home/nimesha/ros2_humble/ros2-linux/lib:/opt/ros/rolling/opt/rviz_ogre_vendor/lib:/opt/ros/rolling/lib/x86_64-linux-gnu:/opt/ros/rolling/lib:/usr/lib/nvidia PATH=/home/nimesha/thesis/ws_moveit/install/moveit_core/bin:/opt/ros/humble/bin:/opt/rti.com/rti_connext_dds-6.0.1/lib/x64Linux4gcc7.3.0:/opt/rti.com/rti_connext_dds-6.0.1/bin:/home/nimesha/ros2_humble/ros2-linux/bin:/opt/ros/rolling/bin:/usr/lib/nvidia:/home/nimesha/anaconda3/condabin:/usr/local/sbin:/usr/local/bin:/usr/sbin:/usr/bin:/sbin:/bin:/usr/games:/usr/local/games:/usr/lib/wsl/lib:/mnt/c/Program Files/WindowsApps/MicrosoftCorporationII.WindowsSubsystemForLinux_2.2.4.0_x64__8wekyb3d8bbwe:/mnt/c/Windows/system32:/mnt/c/Windows:/mnt/c/Windows/System32/Wbem:/mnt/c/Windows/System32/WindowsPowerShell/v1.0/:/mnt/c/Windows/System32/OpenSSH/:/mnt/c/Program Files (x86)/NVIDIA Corporation/PhysX/Common:/mnt/c/Program Files/NVIDIA Corporation/NVIDIA NvDLISR:/mnt/c/Program Files/Git/cmd:/mnt/c/ProgramData/chocolatey/bin:/mnt/c/Program Files/MATLAB/R2024a/bin:/mnt/c/Program Files/dotnet/:/mnt/c/Users/Nimesha/AppData/Local/Programs/Python/Python311/Scripts/:/mnt/c/Users/Nimesha/AppData/Local/Programs/Python/Python311/:/mnt/c/Users/Nimesha/AppData/Local/Microsoft/WindowsApps:/mnt/c/Users/Nimesha/AppData/Local/Programs/Microsoft VS Code/bin:/mnt/c/Program Files/Baretail:/mnt/c/Program Files/Git/usr/bin:/mnt/c/Users/Nimesha/.dotnet/tools:/snap/bin PYTHONPATH=/home/nimesha/thesis/ws_moveit/install/srdfdom/local/lib/python3.10/dist-packages:${PYTHONPATH} /usr/bin/cmake --install /home/nimesha/thesis/ws_moveit/build/moveit_ros_planning
