[0.695s] Invoking command in '/home/nimesha/thesis/ws_moveit/build/moveit_setup_core_plugins': AMENT_PREFIX_PATH=/home/nimesha/thesis/ws_moveit/install/moveit_setup_framework:/home/nimesha/thesis/ws_moveit/install/moveit_ros_visualization:/home/nimesha/thesis/ws_moveit/install/moveit_ros_planning_interface:/home/nimesha/thesis/ws_moveit/install/moveit_ros_move_group:/home/nimesha/thesis/ws_moveit/install/moveit_ros_warehouse:/home/nimesha/thesis/ws_moveit/install/moveit_ros_robot_interaction:/home/nimesha/thesis/ws_moveit/install/moveit_planners_ompl:/home/nimesha/thesis/ws_moveit/install/moveit_kinematics:/home/nimesha/thesis/ws_moveit/install/moveit_ros_planning:/home/nimesha/thesis/ws_moveit/install/moveit_simple_controller_manager:/home/nimesha/thesis/ws_moveit/install/moveit_ros_occupancy_map_monitor:/home/nimesha/thesis/ws_moveit/install/moveit_core:/home/nimesha/thesis/ws_moveit/install/moveit_resources_panda_moveit_config:/home/nimesha/thesis/ws_moveit/install/moveit_resources_fanuc_moveit_config:/home/nimesha/thesis/ws_moveit/install/moveit_configs_utils:/home/nimesha/thesis/ws_moveit/install/srdfdom:/home/nimesha/thesis/ws_moveit/install/launch_param_builder:/opt/ros/humble:/home/nimesha/ros2_humble/ros2-linux:/home/nimesha/thesis/ws_moveit/install/robotiq_description:/home/nimesha/thesis/ws_moveit/install/moveit_resources_prbt_support:/home/nimesha/thesis/ws_moveit/install/moveit_resources_pr2_description:/home/nimesha/thesis/ws_moveit/install/moveit_resources_panda_description:/home/nimesha/thesis/ws_moveit/install/moveit_resources_fanuc_description:/home/nimesha/thesis/ws_moveit/install/moveit_common:/opt/ros/rolling CMAKE_PREFIX_PATH=/home/nimesha/thesis/ws_moveit/install/moveit_setup_framework:/home/nimesha/thesis/ws_moveit/install/moveit_ros_visualization:/home/nimesha/thesis/ws_moveit/install/moveit_ros_planning_interface:/home/nimesha/thesis/ws_moveit/install/moveit_ros_move_group:/home/nimesha/thesis/ws_moveit/install/moveit_ros_warehouse:/home/nimesha/thesis/ws_moveit/install/moveit_ros_robot_interaction:/home/nimesha/thesis/ws_moveit/install/moveit_planners_ompl:/home/nimesha/thesis/ws_moveit/install/moveit_kinematics:/home/nimesha/thesis/ws_moveit/install/moveit_ros_planning:/home/nimesha/thesis/ws_moveit/install/moveit_simple_controller_manager:/home/nimesha/thesis/ws_moveit/install/moveit_ros_occupancy_map_monitor:/home/nimesha/thesis/ws_moveit/install/moveit_core:/home/nimesha/thesis/ws_moveit/install/moveit_resources_panda_moveit_config:/home/nimesha/thesis/ws_moveit/install/moveit_resources_fanuc_moveit_config:/home/nimesha/thesis/ws_moveit/install/srdfdom:/home/nimesha/thesis/ws_moveit/install/moveit_resources_pr2_description:/home/nimesha/thesis/ws_moveit/install/moveit_resources_panda_description:/home/nimesha/thesis/ws_moveit/install/moveit_resources_fanuc_description:/home/nimesha/thesis/ws_moveit/install/moveit_common:/home/nimesha/ros2_humble/ros2-linux:/home/nimesha/thesis/ws_moveit/install/robotiq_description:/home/nimesha/thesis/ws_moveit/install/moveit_resources_prbt_support:/opt/ros/humble:/home/nimesha/thesis/ws_moveit/install/moveit_configs_utils:/opt/ros/rolling LD_LIBRARY_PATH=/home/nimesha/thesis/ws_moveit/install/moveit_setup_framework/lib:/home/nimesha/thesis/ws_moveit/install/moveit_ros_visualization/lib:/home/nimesha/thesis/ws_moveit/install/moveit_ros_planning_interface/lib:/home/nimesha/thesis/ws_moveit/install/moveit_ros_move_group/lib:/home/nimesha/thesis/ws_moveit/install/moveit_ros_warehouse/lib:/home/nimesha/thesis/ws_moveit/install/moveit_ros_robot_interaction/lib:/home/nimesha/thesis/ws_moveit/install/moveit_planners_ompl/lib:/home/nimesha/thesis/ws_moveit/install/moveit_kinematics/lib:/home/nimesha/thesis/ws_moveit/install/moveit_ros_planning/lib:/home/nimesha/thesis/ws_moveit/install/moveit_simple_controller_manager/lib:/home/nimesha/thesis/ws_moveit/install/moveit_ros_occupancy_map_monitor/lib:/home/nimesha/thesis/ws_moveit/install/moveit_core/lib:/home/nimesha/thesis/ws_moveit/install/srdfdom/lib:/opt/ros/humble/lib/x86_64-linux-gnu:/opt/ros/humble/lib:/home/nimesha/ros2_humble/ros2-linux/opt/rviz_ogre_vendor/lib:/opt/rti.com/rti_connext_dds-6.0.1/lib/x64Linux4gcc7.3.0:/opt/rti.com/rti_connext_dds-6.0.1/bin:/home/nimesha/ros2_humble/ros2-linux/lib:/opt/ros/rolling/opt/rviz_ogre_vendor/lib:/opt/ros/rolling/lib/x86_64-linux-gnu:/opt/ros/rolling/lib:/usr/lib/nvidia PATH=/home/nimesha/thesis/ws_moveit/install/moveit_core/bin:/opt/ros/humble/bin:/opt/rti.com/rti_connext_dds-6.0.1/lib/x64Linux4gcc7.3.0:/opt/rti.com/rti_connext_dds-6.0.1/bin:/home/nimesha/ros2_humble/ros2-linux/bin:/opt/ros/rolling/bin:/usr/lib/nvidia:/home/nimesha/anaconda3/condabin:/usr/local/sbin:/usr/local/bin:/usr/sbin:/usr/bin:/sbin:/bin:/usr/games:/usr/local/games:/usr/lib/wsl/lib:/mnt/c/Program Files/WindowsApps/MicrosoftCorporationII.WindowsSubsystemForLinux_2.2.4.0_x64__8wekyb3d8bbwe:/mnt/c/Windows/system32:/mnt/c/Windows:/mnt/c/Windows/System32/Wbem:/mnt/c/Windows/System32/WindowsPowerShell/v1.0/:/mnt/c/Windows/System32/OpenSSH/:/mnt/c/Program Files (x86)/NVIDIA Corporation/PhysX/Common:/mnt/c/Program Files/NVIDIA Corporation/NVIDIA NvDLISR:/mnt/c/Program Files/Git/cmd:/mnt/c/ProgramData/chocolatey/bin:/mnt/c/Program Files/MATLAB/R2024a/bin:/mnt/c/Program Files/dotnet/:/mnt/c/Users/Nimesha/AppData/Local/Programs/Python/Python311/Scripts/:/mnt/c/Users/Nimesha/AppData/Local/Programs/Python/Python311/:/mnt/c/Users/Nimesha/AppData/Local/Microsoft/WindowsApps:/mnt/c/Users/Nimesha/AppData/Local/Programs/Microsoft VS Code/bin:/mnt/c/Program Files/Baretail:/mnt/c/Program Files/Git/usr/bin:/mnt/c/Users/Nimesha/.dotnet/tools:/snap/bin PYTHONPATH=/home/nimesha/thesis/ws_moveit/install/moveit_configs_utils/lib/python3.10/site-packages:/home/nimesha/thesis/ws_moveit/install/srdfdom/local/lib/python3.10/dist-packages:/home/nimesha/thesis/ws_moveit/install/launch_param_builder/lib/python3.10/site-packages:/opt/ros/humble/lib/python3.10/site-packages:/home/nimesha/ros2_humble/ros2-linux/local/lib/python3.10/dist-packages:/home/nimesha/ros2_humble/ros2-linux/lib/python3.10/site-packages:/opt/ros/rolling/lib/python3.10/site-packages /usr/bin/cmake /home/nimesha/thesis/ws_moveit/src/moveit2/moveit_setup_assistant/moveit_setup_core_plugins -DCMAKE_BUILD_TYPE=Release -DCMAKE_INSTALL_PREFIX=/home/nimesha/thesis/ws_moveit/install/moveit_setup_core_plugins
[0.768s] -- The C compiler identification is GNU 11.4.0
[0.910s] -- The CXX compiler identification is GNU 11.4.0
[0.999s] -- Detecting C compiler ABI info
[1.096s] -- Detecting C compiler ABI info - done
[1.102s] -- Check for working C compiler: /usr/bin/cc - skipped
[1.103s] -- Detecting C compile features
[1.103s] -- Detecting C compile features - done
[1.105s] -- Detecting CXX compiler ABI info
[1.226s] -- Detecting CXX compiler ABI info - done
[1.231s] -- Check for working CXX compiler: /usr/bin/c++ - skipped
[1.231s] -- Detecting CXX compile features
[1.232s] -- Detecting CXX compile features - done
[1.233s] -- Found moveit_common: 2.5.5 (/home/nimesha/thesis/ws_moveit/install/moveit_common/share/moveit_common/cmake)
[1.235s] -- Found ament_cmake: 1.3.10 (/home/nimesha/ros2_humble/ros2-linux/share/ament_cmake/cmake)
[1.359s] -- Found Python3: /usr/bin/python3 (found version "3.10.12") found components: Interpreter 
[1.473s] -- Found ament_cmake_ros: 0.10.0 (/home/nimesha/ros2_humble/ros2-linux/share/ament_cmake_ros/cmake)
[1.480s] -- Found ament_index_cpp: 1.4.0 (/home/nimesha/ros2_humble/ros2-linux/share/ament_index_cpp/cmake)
[1.481s] -- Found moveit_ros_visualization: 2.5.5 (/home/nimesha/thesis/ws_moveit/install/moveit_ros_visualization/share/moveit_ros_visualization/cmake)
[1.847s] -- Found Boost: /usr/lib/x86_64-linux-gnu/cmake/Boost-1.74.0/BoostConfig.cmake (found version "1.74.0") found components: thread date_time system filesystem 
[1.988s] -- Found Boost: /usr/lib/x86_64-linux-gnu/cmake/Boost-1.74.0/BoostConfig.cmake (found version "1.74.0") found components: filesystem 
[2.048s] -- Found rosidl_generator_c: 3.1.5 (/home/nimesha/ros2_humble/ros2-linux/share/rosidl_generator_c/cmake)
[2.056s] -- Found rosidl_adapter: 3.1.5 (/home/nimesha/ros2_humble/ros2-linux/share/rosidl_adapter/cmake)
[2.069s] -- Found rosidl_generator_cpp: 3.1.5 (/home/nimesha/ros2_humble/ros2-linux/share/rosidl_generator_cpp/cmake)
[2.088s] -- Using all available rosidl_typesupport_c: rosidl_typesupport_fastrtps_c;rosidl_typesupport_introspection_c
[2.106s] -- Using all available rosidl_typesupport_cpp: rosidl_typesupport_fastrtps_cpp;rosidl_typesupport_introspection_cpp
[2.219s] -- Found rmw_implementation_cmake: 6.1.2 (/home/nimesha/ros2_humble/ros2-linux/share/rmw_implementation_cmake/cmake)
[2.224s] -- Found rmw_cyclonedds_cpp: 1.3.4 (/home/nimesha/ros2_humble/ros2-linux/share/rmw_cyclonedds_cpp/cmake)
[2.260s] -- Using RMW implementation 'rmw_cyclonedds_cpp' as default
[2.275s] -- Found Threads: TRUE  
[3.401s] -- library: /usr/lib/x86_64-linux-gnu/libcurl.so
[3.515s] -- Found Boost: /usr/lib/x86_64-linux-gnu/cmake/Boost-1.74.0/BoostConfig.cmake (found version "1.74.0") found components: system filesystem date_time program_options thread chrono 
[4.729s] -- Found Boost: /usr/lib/x86_64-linux-gnu/cmake/Boost-1.74.0/BoostConfig.cmake (found version "1.74.0") found components: chrono date_time filesystem iostreams program_options regex serialization system thread 
[5.598s] -- Found parameter_traits: 0.3.8 (/opt/ros/humble/share/parameter_traits/cmake)
[5.617s] -- Found Eigen3: TRUE (found version "3.4.0") 
[5.621s] -- Found rclcpp_lifecycle: 16.0.10 (/home/nimesha/ros2_humble/ros2-linux/share/rclcpp_lifecycle/cmake)
[5.701s] -- Ensuring Eigen3 include directory is part of orocos-kdl CMake target
[5.831s] -- Found Boost: /usr/lib/x86_64-linux-gnu/cmake/Boost-1.74.0/BoostConfig.cmake (found version "1.74.0") found components: date_time filesystem program_options system thread 
[5.842s] -- Found Boost: /usr/lib/x86_64-linux-gnu/cmake/Boost-1.74.0/BoostConfig.cmake (found version "1.74.0") found components: thread system filesystem regex date_time program_options 
[5.948s] -- Found Boost: /usr/lib/x86_64-linux-gnu/cmake/Boost-1.74.0/BoostConfig.cmake (found version "1.74.0") found components: system filesystem date_time program_options thread 
[5.995s] -- Setting OGRE_DIR to: '/home/nimesha/ros2_humble/ros2-linux/share/rviz_ogre_vendor/cmake/../../../opt/rviz_ogre_vendor/lib/OGRE/cmake'
[5.995s] -- Found OGRE
[5.996s] --   static     : OFF
[5.996s] --   components : HLMS;MeshLodGenerator;Overlay;Paging;Property;RTShaderSystem;Terrain;Volume
[5.996s] --   plugins    : Plugin_BSPSceneManager;Plugin_OctreeSceneManager;Plugin_PCZSceneManager;Plugin_ParticleFX;RenderSystem_GL;RenderSystem_GL3Plus;Codec_STBI;Codec_EXR
[5.996s] --   media      : /home/nimesha/ros2_humble/ros2-linux/opt/rviz_ogre_vendor/share/OGRE/Media
[5.996s] -- OGRE_LIBRARIES: OgreHLMS;OgreMeshLodGenerator;OgreOverlay;OgrePaging;OgreProperty;OgreRTShaderSystem;OgreTerrain;OgreVolume;OgreMain
[5.996s] -- OGRE_LIBRARY_DIRS: /home/nimesha/ros2_humble/ros2-linux/opt/rviz_ogre_vendor/lib
[5.996s] -- OGRE_PLUGINS: Plugin_BSPSceneManager;Plugin_OctreeSceneManager;Plugin_PCZSceneManager;Plugin_ParticleFX;RenderSystem_GL;RenderSystem_GL3Plus;Codec_STBI;Codec_EXR
[5.996s] -- OGRE_PLUGIN_DIR: /home/nimesha/ros2_humble/ros2-linux/opt/rviz_ogre_vendor/lib/OGRE
[5.996s] -- rviz_ogre_vendor::OgreOverlay for IMPORTED_LOCATION_RELEASE: /home/nimesha/ros2_humble/ros2-linux/opt/rviz_ogre_vendor/lib/libOgreOverlay.so
[5.997s] -- rviz_ogre_vendor::OgreOverlay for IMPORTED_LOCATION_DEBUG: /home/nimesha/ros2_humble/ros2-linux/opt/rviz_ogre_vendor/lib/libOgreOverlay.so
[5.997s] -- rviz_ogre_vendor::OgreMain for IMPORTED_LOCATION_RELEASE: /home/nimesha/ros2_humble/ros2-linux/opt/rviz_ogre_vendor/lib/libOgreMain.so
[5.997s] -- rviz_ogre_vendor::OgreMain for IMPORTED_LOCATION_DEBUG: /home/nimesha/ros2_humble/ros2-linux/opt/rviz_ogre_vendor/lib/libOgreMain.so
[6.020s] -- Could not find freeimage library
[7.104s] -- Found ZLIB: /usr/lib/x86_64-linux-gnu/libz.so (found version "1.2.11") 
[7.438s] -- Found OpenGL: /usr/lib/x86_64-linux-gnu/libOpenGL.so   
[8.845s] -- Found X11: /usr/include   
[8.845s] -- Looking for XOpenDisplay in /usr/lib/x86_64-linux-gnu/libX11.so;/usr/lib/x86_64-linux-gnu/libXext.so
[8.930s] -- Looking for XOpenDisplay in /usr/lib/x86_64-linux-gnu/libX11.so;/usr/lib/x86_64-linux-gnu/libXext.so - found
[8.930s] -- Looking for gethostbyname
[9.014s] -- Looking for gethostbyname - found
[9.014s] -- Looking for connect
[9.096s] -- Looking for connect - found
[9.096s] -- Looking for remove
[9.182s] -- Looking for remove - found
[9.182s] -- Looking for shmat
[9.262s] -- Looking for shmat - found
[9.262s] -- Looking for IceConnectionNumber in ICE
[9.347s] -- Looking for IceConnectionNumber in ICE - found
[9.445s] -- Setting assimp_DIR to: '/home/nimesha/ros2_humble/ros2-linux/share/rviz_assimp_vendor/cmake/../../../opt/rviz_assimp_vendor/lib/cmake/assimp-4.1'
[9.587s] -- Found moveit_setup_framework: 2.5.5 (/home/nimesha/thesis/ws_moveit/install/moveit_setup_framework/share/moveit_setup_framework/cmake)
[9.614s] -- Found ament_lint_auto: 0.12.11 (/home/nimesha/ros2_humble/ros2-linux/share/ament_lint_auto/cmake)
[10.663s] -- Added test 'lint_cmake' to check CMake code style
[10.664s] -- Added test 'xmllint' to check XML markup files
[10.669s] -- Configuring done
[10.820s] -- Generating done
[10.826s] -- Build files have been written to: /home/nimesha/thesis/ws_moveit/build/moveit_setup_core_plugins
[10.869s] Invoked command in '/home/nimesha/thesis/ws_moveit/build/moveit_setup_core_plugins' returned '0': AMENT_PREFIX_PATH=/home/nimesha/thesis/ws_moveit/install/moveit_setup_framework:/home/nimesha/thesis/ws_moveit/install/moveit_ros_visualization:/home/nimesha/thesis/ws_moveit/install/moveit_ros_planning_interface:/home/nimesha/thesis/ws_moveit/install/moveit_ros_move_group:/home/nimesha/thesis/ws_moveit/install/moveit_ros_warehouse:/home/nimesha/thesis/ws_moveit/install/moveit_ros_robot_interaction:/home/nimesha/thesis/ws_moveit/install/moveit_planners_ompl:/home/nimesha/thesis/ws_moveit/install/moveit_kinematics:/home/nimesha/thesis/ws_moveit/install/moveit_ros_planning:/home/nimesha/thesis/ws_moveit/install/moveit_simple_controller_manager:/home/nimesha/thesis/ws_moveit/install/moveit_ros_occupancy_map_monitor:/home/nimesha/thesis/ws_moveit/install/moveit_core:/home/nimesha/thesis/ws_moveit/install/moveit_resources_panda_moveit_config:/home/nimesha/thesis/ws_moveit/install/moveit_resources_fanuc_moveit_config:/home/nimesha/thesis/ws_moveit/install/moveit_configs_utils:/home/nimesha/thesis/ws_moveit/install/srdfdom:/home/nimesha/thesis/ws_moveit/install/launch_param_builder:/opt/ros/humble:/home/nimesha/ros2_humble/ros2-linux:/home/nimesha/thesis/ws_moveit/install/robotiq_description:/home/nimesha/thesis/ws_moveit/install/moveit_resources_prbt_support:/home/nimesha/thesis/ws_moveit/install/moveit_resources_pr2_description:/home/nimesha/thesis/ws_moveit/install/moveit_resources_panda_description:/home/nimesha/thesis/ws_moveit/install/moveit_resources_fanuc_description:/home/nimesha/thesis/ws_moveit/install/moveit_common:/opt/ros/rolling CMAKE_PREFIX_PATH=/home/nimesha/thesis/ws_moveit/install/moveit_setup_framework:/home/nimesha/thesis/ws_moveit/install/moveit_ros_visualization:/home/nimesha/thesis/ws_moveit/install/moveit_ros_planning_interface:/home/nimesha/thesis/ws_moveit/install/moveit_ros_move_group:/home/nimesha/thesis/ws_moveit/install/moveit_ros_warehouse:/home/nimesha/thesis/ws_moveit/install/moveit_ros_robot_interaction:/home/nimesha/thesis/ws_moveit/install/moveit_planners_ompl:/home/nimesha/thesis/ws_moveit/install/moveit_kinematics:/home/nimesha/thesis/ws_moveit/install/moveit_ros_planning:/home/nimesha/thesis/ws_moveit/install/moveit_simple_controller_manager:/home/nimesha/thesis/ws_moveit/install/moveit_ros_occupancy_map_monitor:/home/nimesha/thesis/ws_moveit/install/moveit_core:/home/nimesha/thesis/ws_moveit/install/moveit_resources_panda_moveit_config:/home/nimesha/thesis/ws_moveit/install/moveit_resources_fanuc_moveit_config:/home/nimesha/thesis/ws_moveit/install/srdfdom:/home/nimesha/thesis/ws_moveit/install/moveit_resources_pr2_description:/home/nimesha/thesis/ws_moveit/install/moveit_resources_panda_description:/home/nimesha/thesis/ws_moveit/install/moveit_resources_fanuc_description:/home/nimesha/thesis/ws_moveit/install/moveit_common:/home/nimesha/ros2_humble/ros2-linux:/home/nimesha/thesis/ws_moveit/install/robotiq_description:/home/nimesha/thesis/ws_moveit/install/moveit_resources_prbt_support:/opt/ros/humble:/home/nimesha/thesis/ws_moveit/install/moveit_configs_utils:/opt/ros/rolling LD_LIBRARY_PATH=/home/nimesha/thesis/ws_moveit/install/moveit_setup_framework/lib:/home/nimesha/thesis/ws_moveit/install/moveit_ros_visualization/lib:/home/nimesha/thesis/ws_moveit/install/moveit_ros_planning_interface/lib:/home/nimesha/thesis/ws_moveit/install/moveit_ros_move_group/lib:/home/nimesha/thesis/ws_moveit/install/moveit_ros_warehouse/lib:/home/nimesha/thesis/ws_moveit/install/moveit_ros_robot_interaction/lib:/home/nimesha/thesis/ws_moveit/install/moveit_planners_ompl/lib:/home/nimesha/thesis/ws_moveit/install/moveit_kinematics/lib:/home/nimesha/thesis/ws_moveit/install/moveit_ros_planning/lib:/home/nimesha/thesis/ws_moveit/install/moveit_simple_controller_manager/lib:/home/nimesha/thesis/ws_moveit/install/moveit_ros_occupancy_map_monitor/lib:/home/nimesha/thesis/ws_moveit/install/moveit_core/lib:/home/nimesha/thesis/ws_moveit/install/srdfdom/lib:/opt/ros/humble/lib/x86_64-linux-gnu:/opt/ros/humble/lib:/home/nimesha/ros2_humble/ros2-linux/opt/rviz_ogre_vendor/lib:/opt/rti.com/rti_connext_dds-6.0.1/lib/x64Linux4gcc7.3.0:/opt/rti.com/rti_connext_dds-6.0.1/bin:/home/nimesha/ros2_humble/ros2-linux/lib:/opt/ros/rolling/opt/rviz_ogre_vendor/lib:/opt/ros/rolling/lib/x86_64-linux-gnu:/opt/ros/rolling/lib:/usr/lib/nvidia PATH=/home/nimesha/thesis/ws_moveit/install/moveit_core/bin:/opt/ros/humble/bin:/opt/rti.com/rti_connext_dds-6.0.1/lib/x64Linux4gcc7.3.0:/opt/rti.com/rti_connext_dds-6.0.1/bin:/home/nimesha/ros2_humble/ros2-linux/bin:/opt/ros/rolling/bin:/usr/lib/nvidia:/home/nimesha/anaconda3/condabin:/usr/local/sbin:/usr/local/bin:/usr/sbin:/usr/bin:/sbin:/bin:/usr/games:/usr/local/games:/usr/lib/wsl/lib:/mnt/c/Program Files/WindowsApps/MicrosoftCorporationII.WindowsSubsystemForLinux_2.2.4.0_x64__8wekyb3d8bbwe:/mnt/c/Windows/system32:/mnt/c/Windows:/mnt/c/Windows/System32/Wbem:/mnt/c/Windows/System32/WindowsPowerShell/v1.0/:/mnt/c/Windows/System32/OpenSSH/:/mnt/c/Program Files (x86)/NVIDIA Corporation/PhysX/Common:/mnt/c/Program Files/NVIDIA Corporation/NVIDIA NvDLISR:/mnt/c/Program Files/Git/cmd:/mnt/c/ProgramData/chocolatey/bin:/mnt/c/Program Files/MATLAB/R2024a/bin:/mnt/c/Program Files/dotnet/:/mnt/c/Users/Nimesha/AppData/Local/Programs/Python/Python311/Scripts/:/mnt/c/Users/Nimesha/AppData/Local/Programs/Python/Python311/:/mnt/c/Users/Nimesha/AppData/Local/Microsoft/WindowsApps:/mnt/c/Users/Nimesha/AppData/Local/Programs/Microsoft VS Code/bin:/mnt/c/Program Files/Baretail:/mnt/c/Program Files/Git/usr/bin:/mnt/c/Users/Nimesha/.dotnet/tools:/snap/bin PYTHONPATH=/home/nimesha/thesis/ws_moveit/install/moveit_configs_utils/lib/python3.10/site-packages:/home/nimesha/thesis/ws_moveit/install/srdfdom/local/lib/python3.10/dist-packages:/home/nimesha/thesis/ws_moveit/install/launch_param_builder/lib/python3.10/site-packages:/opt/ros/humble/lib/python3.10/site-packages:/home/nimesha/ros2_humble/ros2-linux/local/lib/python3.10/dist-packages:/home/nimesha/ros2_humble/ros2-linux/lib/python3.10/site-packages:/opt/ros/rolling/lib/python3.10/site-packages /usr/bin/cmake /home/nimesha/thesis/ws_moveit/src/moveit2/moveit_setup_assistant/moveit_setup_core_plugins -DCMAKE_BUILD_TYPE=Release -DCMAKE_INSTALL_PREFIX=/home/nimesha/thesis/ws_moveit/install/moveit_setup_core_plugins
[10.869s] Invoking command in '/home/nimesha/thesis/ws_moveit/build/moveit_setup_core_plugins': AMENT_PREFIX_PATH=/home/nimesha/thesis/ws_moveit/install/moveit_setup_framework:/home/nimesha/thesis/ws_moveit/install/moveit_ros_visualization:/home/nimesha/thesis/ws_moveit/install/moveit_ros_planning_interface:/home/nimesha/thesis/ws_moveit/install/moveit_ros_move_group:/home/nimesha/thesis/ws_moveit/install/moveit_ros_warehouse:/home/nimesha/thesis/ws_moveit/install/moveit_ros_robot_interaction:/home/nimesha/thesis/ws_moveit/install/moveit_planners_ompl:/home/nimesha/thesis/ws_moveit/install/moveit_kinematics:/home/nimesha/thesis/ws_moveit/install/moveit_ros_planning:/home/nimesha/thesis/ws_moveit/install/moveit_simple_controller_manager:/home/nimesha/thesis/ws_moveit/install/moveit_ros_occupancy_map_monitor:/home/nimesha/thesis/ws_moveit/install/moveit_core:/home/nimesha/thesis/ws_moveit/install/moveit_resources_panda_moveit_config:/home/nimesha/thesis/ws_moveit/install/moveit_resources_fanuc_moveit_config:/home/nimesha/thesis/ws_moveit/install/moveit_configs_utils:/home/nimesha/thesis/ws_moveit/install/srdfdom:/home/nimesha/thesis/ws_moveit/install/launch_param_builder:/opt/ros/humble:/home/nimesha/ros2_humble/ros2-linux:/home/nimesha/thesis/ws_moveit/install/robotiq_description:/home/nimesha/thesis/ws_moveit/install/moveit_resources_prbt_support:/home/nimesha/thesis/ws_moveit/install/moveit_resources_pr2_description:/home/nimesha/thesis/ws_moveit/install/moveit_resources_panda_description:/home/nimesha/thesis/ws_moveit/install/moveit_resources_fanuc_description:/home/nimesha/thesis/ws_moveit/install/moveit_common:/opt/ros/rolling CMAKE_PREFIX_PATH=/home/nimesha/thesis/ws_moveit/install/moveit_setup_framework:/home/nimesha/thesis/ws_moveit/install/moveit_ros_visualization:/home/nimesha/thesis/ws_moveit/install/moveit_ros_planning_interface:/home/nimesha/thesis/ws_moveit/install/moveit_ros_move_group:/home/nimesha/thesis/ws_moveit/install/moveit_ros_warehouse:/home/nimesha/thesis/ws_moveit/install/moveit_ros_robot_interaction:/home/nimesha/thesis/ws_moveit/install/moveit_planners_ompl:/home/nimesha/thesis/ws_moveit/install/moveit_kinematics:/home/nimesha/thesis/ws_moveit/install/moveit_ros_planning:/home/nimesha/thesis/ws_moveit/install/moveit_simple_controller_manager:/home/nimesha/thesis/ws_moveit/install/moveit_ros_occupancy_map_monitor:/home/nimesha/thesis/ws_moveit/install/moveit_core:/home/nimesha/thesis/ws_moveit/install/moveit_resources_panda_moveit_config:/home/nimesha/thesis/ws_moveit/install/moveit_resources_fanuc_moveit_config:/home/nimesha/thesis/ws_moveit/install/srdfdom:/home/nimesha/thesis/ws_moveit/install/moveit_resources_pr2_description:/home/nimesha/thesis/ws_moveit/install/moveit_resources_panda_description:/home/nimesha/thesis/ws_moveit/install/moveit_resources_fanuc_description:/home/nimesha/thesis/ws_moveit/install/moveit_common:/home/nimesha/ros2_humble/ros2-linux:/home/nimesha/thesis/ws_moveit/install/robotiq_description:/home/nimesha/thesis/ws_moveit/install/moveit_resources_prbt_support:/opt/ros/humble:/home/nimesha/thesis/ws_moveit/install/moveit_configs_utils:/opt/ros/rolling LD_LIBRARY_PATH=/home/nimesha/thesis/ws_moveit/install/moveit_setup_framework/lib:/home/nimesha/thesis/ws_moveit/install/moveit_ros_visualization/lib:/home/nimesha/thesis/ws_moveit/install/moveit_ros_planning_interface/lib:/home/nimesha/thesis/ws_moveit/install/moveit_ros_move_group/lib:/home/nimesha/thesis/ws_moveit/install/moveit_ros_warehouse/lib:/home/nimesha/thesis/ws_moveit/install/moveit_ros_robot_interaction/lib:/home/nimesha/thesis/ws_moveit/install/moveit_planners_ompl/lib:/home/nimesha/thesis/ws_moveit/install/moveit_kinematics/lib:/home/nimesha/thesis/ws_moveit/install/moveit_ros_planning/lib:/home/nimesha/thesis/ws_moveit/install/moveit_simple_controller_manager/lib:/home/nimesha/thesis/ws_moveit/install/moveit_ros_occupancy_map_monitor/lib:/home/nimesha/thesis/ws_moveit/install/moveit_core/lib:/home/nimesha/thesis/ws_moveit/install/srdfdom/lib:/opt/ros/humble/lib/x86_64-linux-gnu:/opt/ros/humble/lib:/home/nimesha/ros2_humble/ros2-linux/opt/rviz_ogre_vendor/lib:/opt/rti.com/rti_connext_dds-6.0.1/lib/x64Linux4gcc7.3.0:/opt/rti.com/rti_connext_dds-6.0.1/bin:/home/nimesha/ros2_humble/ros2-linux/lib:/opt/ros/rolling/opt/rviz_ogre_vendor/lib:/opt/ros/rolling/lib/x86_64-linux-gnu:/opt/ros/rolling/lib:/usr/lib/nvidia PATH=/home/nimesha/thesis/ws_moveit/install/moveit_core/bin:/opt/ros/humble/bin:/opt/rti.com/rti_connext_dds-6.0.1/lib/x64Linux4gcc7.3.0:/opt/rti.com/rti_connext_dds-6.0.1/bin:/home/nimesha/ros2_humble/ros2-linux/bin:/opt/ros/rolling/bin:/usr/lib/nvidia:/home/nimesha/anaconda3/condabin:/usr/local/sbin:/usr/local/bin:/usr/sbin:/usr/bin:/sbin:/bin:/usr/games:/usr/local/games:/usr/lib/wsl/lib:/mnt/c/Program Files/WindowsApps/MicrosoftCorporationII.WindowsSubsystemForLinux_2.2.4.0_x64__8wekyb3d8bbwe:/mnt/c/Windows/system32:/mnt/c/Windows:/mnt/c/Windows/System32/Wbem:/mnt/c/Windows/System32/WindowsPowerShell/v1.0/:/mnt/c/Windows/System32/OpenSSH/:/mnt/c/Program Files (x86)/NVIDIA Corporation/PhysX/Common:/mnt/c/Program Files/NVIDIA Corporation/NVIDIA NvDLISR:/mnt/c/Program Files/Git/cmd:/mnt/c/ProgramData/chocolatey/bin:/mnt/c/Program Files/MATLAB/R2024a/bin:/mnt/c/Program Files/dotnet/:/mnt/c/Users/Nimesha/AppData/Local/Programs/Python/Python311/Scripts/:/mnt/c/Users/Nimesha/AppData/Local/Programs/Python/Python311/:/mnt/c/Users/Nimesha/AppData/Local/Microsoft/WindowsApps:/mnt/c/Users/Nimesha/AppData/Local/Programs/Microsoft VS Code/bin:/mnt/c/Program Files/Baretail:/mnt/c/Program Files/Git/usr/bin:/mnt/c/Users/Nimesha/.dotnet/tools:/snap/bin PYTHONPATH=/home/nimesha/thesis/ws_moveit/install/moveit_configs_utils/lib/python3.10/site-packages:/home/nimesha/thesis/ws_moveit/install/srdfdom/local/lib/python3.10/dist-packages:/home/nimesha/thesis/ws_moveit/install/launch_param_builder/lib/python3.10/site-packages:/opt/ros/humble/lib/python3.10/site-packages:/home/nimesha/ros2_humble/ros2-linux/local/lib/python3.10/dist-packages:/home/nimesha/ros2_humble/ros2-linux/lib/python3.10/site-packages:/opt/ros/rolling/lib/python3.10/site-packages /usr/bin/cmake --build /home/nimesha/thesis/ws_moveit/build/moveit_setup_core_plugins -- -j32 -l32
[11.120s] [  6%] [34m[1mAutomatic MOC for target moveit_setup_core_plugins[0m
[11.269s] [  6%] Built target moveit_setup_core_plugins_autogen
[11.368s] [ 13%] [34m[1mGenerating include/moveit_setup_core_plugins/moc_start_screen_widget.cpp[0m
[11.390s] [ 20%] [34m[1mGenerating include/moveit_setup_core_plugins/moc_author_information_widget.cpp[0m
[11.414s] [ 26%] [34m[1mGenerating include/moveit_setup_core_plugins/moc_configuration_files_widget.cpp[0m
[11.603s] [ 33%] [32mBuilding CXX object CMakeFiles/moveit_setup_core_plugins.dir/moveit_setup_core_plugins_autogen/mocs_compilation.cpp.o[0m
[11.631s] [ 40%] [32mBuilding CXX object CMakeFiles/moveit_setup_core_plugins.dir/src/start_screen.cpp.o[0m
[11.640s] [ 46%] [32mBuilding CXX object CMakeFiles/moveit_setup_core_plugins.dir/src/start_screen_widget.cpp.o[0m
[11.658s] [ 53%] [32mBuilding CXX object CMakeFiles/moveit_setup_core_plugins.dir/src/configuration_files.cpp.o[0m
[11.679s] [ 60%] [32mBuilding CXX object CMakeFiles/moveit_setup_core_plugins.dir/src/configuration_files_widget.cpp.o[0m
[11.770s] [ 73%] [32mBuilding CXX object CMakeFiles/moveit_setup_core_plugins.dir/src/author_information.cpp.o[0m
[11.778s] [ 73%] [32mBuilding CXX object CMakeFiles/moveit_setup_core_plugins.dir/include/moveit_setup_core_plugins/moc_start_screen_widget.cpp.o[0m
[11.779s] [ 80%] [32mBuilding CXX object CMakeFiles/moveit_setup_core_plugins.dir/src/author_information_widget.cpp.o[0m
[11.782s] [ 86%] [32mBuilding CXX object CMakeFiles/moveit_setup_core_plugins.dir/include/moveit_setup_core_plugins/moc_configuration_files_widget.cpp.o[0m
[11.825s] [ 93%] [32mBuilding CXX object CMakeFiles/moveit_setup_core_plugins.dir/include/moveit_setup_core_plugins/moc_author_information_widget.cpp.o[0m
[149.505s] [01m[Kc++:[m[K [01;31m[Kfatal error: [m[KKilled signal terminated program cc1plus
[149.524s] compilation terminated.
[149.623s] gmake[2]: *** [CMakeFiles/moveit_setup_core_plugins.dir/build.make:144: CMakeFiles/moveit_setup_core_plugins.dir/src/configuration_files_widget.cpp.o] Error 1
[149.630s] gmake[2]: *** Waiting for unfinished jobs....
[191.433s] [01m[Kc++:[m[K [01;31m[Kfatal error: [m[KKilled signal terminated program cc1plus
[191.435s] compilation terminated.
[191.446s] gmake[2]: *** [CMakeFiles/moveit_setup_core_plugins.dir/build.make:200: CMakeFiles/moveit_setup_core_plugins.dir/include/moveit_setup_core_plugins/moc_configuration_files_widget.cpp.o] Error 1
[210.132s] [01m[Kc++:[m[K [01;31m[Kfatal error: [m[KKilled signal terminated program cc1plus
[210.150s] compilation terminated.
[210.196s] gmake[2]: *** [CMakeFiles/moveit_setup_core_plugins.dir/build.make:116: CMakeFiles/moveit_setup_core_plugins.dir/src/start_screen_widget.cpp.o] Error 1
[233.185s] [01m[Kc++:[m[K [01;31m[Kfatal error: [m[KKilled signal terminated program cc1plus
[233.188s] compilation terminated.
[233.232s] gmake[2]: *** [CMakeFiles/moveit_setup_core_plugins.dir/build.make:172: CMakeFiles/moveit_setup_core_plugins.dir/src/author_information_widget.cpp.o] Error 1
[379.855s] gmake[1]: *** [CMakeFiles/Makefile2:138: CMakeFiles/moveit_setup_core_plugins.dir/all] Error 2
[379.870s] gmake: *** [Makefile:146: all] Error 2
