[0.021s] Invoking command in '/home/nimesha/Thesis/mujoco_ros2_control/build/mujoco_ros2_control': CMAKE_PREFIX_PATH=${CMAKE_PREFIX_PATH}:/home/nimesha/Thesis/ws_moveit/install/moveit_configs_utils:/home/nimesha/Thesis/ws_moveit/install/launch_param_builder:/home/nimesha/thesis/ws_moveit/install/moveit_configs_utils:/home/nimesha/thesis/ws_moveit/install/launch_param_builder:/opt/ros/humble /usr/bin/cmake /home/nimesha/Thesis/mujoco_ros2_control/mujoco_ros2_control -DCMAKE_INSTALL_PREFIX=/home/nimesha/Thesis/mujoco_ros2_control/install/mujoco_ros2_control
[0.355s] -- The C compiler identification is GNU 11.4.0
[0.566s] -- The CXX compiler identification is GNU 11.4.0
[0.675s] -- Detecting C compiler ABI info
[0.770s] -- Detecting C compiler ABI info - done
[0.773s] -- Check for working C compiler: /usr/bin/cc - skipped
[0.774s] -- Detecting C compile features
[0.775s] -- Detecting C compile features - done
[0.779s] -- Detecting CXX compiler ABI info
[0.862s] -- Detecting CXX compiler ABI info - done
[0.866s] -- Check for working CXX compiler: /usr/bin/c++ - skipped
[0.866s] -- Detecting CXX compile features
[0.866s] -- Detecting CXX compile features - done
[0.904s] -- Found ament_cmake: 1.3.10 (/home/nimesha/ros2_humble/ros2-linux/share/ament_cmake/cmake)
[1.023s] -- Found Python3: /usr/bin/python3 (found version "3.10.12") found components: Interpreter 
[1.141s] -- Found rclcpp: 16.0.10 (/home/nimesha/ros2_humble/ros2-linux/share/rclcpp/cmake)
[1.266s] -- Found rosidl_generator_c: 3.1.5 (/home/nimesha/ros2_humble/ros2-linux/share/rosidl_generator_c/cmake)
[1.277s] -- Found rosidl_adapter: 3.1.5 (/home/nimesha/ros2_humble/ros2-linux/share/rosidl_adapter/cmake)
[1.292s] -- Found rosidl_generator_cpp: 3.1.5 (/home/nimesha/ros2_humble/ros2-linux/share/rosidl_generator_cpp/cmake)
[1.334s] -- Using all available rosidl_typesupport_c: rosidl_typesupport_fastrtps_c;rosidl_typesupport_introspection_c
[1.362s] -- Using all available rosidl_typesupport_cpp: rosidl_typesupport_fastrtps_cpp;rosidl_typesupport_introspection_cpp
[1.443s] -- Found rmw_implementation_cmake: 6.1.2 (/home/nimesha/ros2_humble/ros2-linux/share/rmw_implementation_cmake/cmake)
[1.453s] -- Found rmw_cyclonedds_cpp: 1.3.4 (/home/nimesha/ros2_humble/ros2-linux/share/rmw_cyclonedds_cpp/cmake)
[1.502s] -- Using RMW implementation 'rmw_cyclonedds_cpp' as default
[1.528s] -- Looking for pthread.h
[1.622s] -- Looking for pthread.h - found
[1.622s] -- Performing Test CMAKE_HAVE_LIBC_PTHREAD
[1.699s] -- Performing Test CMAKE_HAVE_LIBC_PTHREAD - Success
[1.699s] -- Found Threads: TRUE  
[1.748s] -- Found hardware_interface: 2.43.0 (/opt/ros/humble/share/hardware_interface/cmake)
[2.542s] -- Found controller_manager: 2.43.0 (/opt/ros/humble/share/controller_manager/cmake)
[2.619s] -- Found joint_limits: 2.43.0 (/opt/ros/humble/share/joint_limits/cmake)
[2.629s] -- Found urdf: 2.6.0 (/home/nimesha/ros2_humble/ros2-linux/share/urdf/cmake)
[2.681s] -- Found control_toolbox: 3.2.0 (/opt/ros/humble/share/control_toolbox/cmake)
[2.708s] -- Found parameter_traits: 0.3.8 (/opt/ros/humble/share/parameter_traits/cmake)
[2.881s] -- Found ament_lint_auto: 0.12.11 (/home/nimesha/ros2_humble/ros2-linux/share/ament_lint_auto/cmake)
[2.978s] -- Added test 'clang_format' to check C / C++ code style
[2.981s] -- Added test 'cppcheck' to perform static code analysis on C / C++ code
[2.981s] -- Configured cppcheck include dirs: /home/nimesha/Thesis/mujoco_ros2_control/mujoco_ros2_control/include
[2.981s] -- Configured cppcheck exclude dirs and/or files: 
[2.984s] -- Added test 'cpplint' to check C / C++ code against the Google style
[2.984s] -- Configured cpplint exclude dirs and/or files: 
[2.986s] -- Added test 'lint_cmake' to check CMake code style
[2.988s] -- Added test 'copyright' to check source files copyright and LICENSE
[2.991s] -- Configuring done
[2.992s] [0mCMake Error: The following variables are used in this project, but they are set to NOTFOUND.
[2.992s] Please set them or make sure they are set and tested correctly in the CMake files:
[2.992s] MUJOCO_LIB
[2.992s]     linked by target "mujoco_ros2_control" in directory /home/nimesha/Thesis/mujoco_ros2_control/mujoco_ros2_control
[2.992s]     linked by target "mujoco_system_plugins" in directory /home/nimesha/Thesis/mujoco_ros2_control/mujoco_ros2_control
[2.992s] [0m
[3.143s] -- Generating done
[3.144s] [0mCMake Generate step failed.  Build files cannot be regenerated correctly.[0m
[3.151s] Invoked command in '/home/nimesha/Thesis/mujoco_ros2_control/build/mujoco_ros2_control' returned '1': CMAKE_PREFIX_PATH=${CMAKE_PREFIX_PATH}:/home/nimesha/Thesis/ws_moveit/install/moveit_configs_utils:/home/nimesha/Thesis/ws_moveit/install/launch_param_builder:/home/nimesha/thesis/ws_moveit/install/moveit_configs_utils:/home/nimesha/thesis/ws_moveit/install/launch_param_builder:/opt/ros/humble /usr/bin/cmake /home/nimesha/Thesis/mujoco_ros2_control/mujoco_ros2_control -DCMAKE_INSTALL_PREFIX=/home/nimesha/Thesis/mujoco_ros2_control/install/mujoco_ros2_control
