[0.000000] (-) TimerEvent: {}
[0.000249] (-) JobUnselected: {'identifier': 'moveit_ur5_interface'}
[0.000275] (-) JobUnselected: {'identifier': 'moveit_ur5_msgs'}
[0.000284] (-) JobUnselected: {'identifier': 'pnp_actionlib'}
[0.000290] (-) JobUnselected: {'identifier': 'pnp_msgs'}
[0.000307] (-) JobUnselected: {'identifier': 'robotiq_2f_bringup'}
[0.000316] (-) JobUnselected: {'identifier': 'robotiq_2f_description'}
[0.000323] (-) JobUnselected: {'identifier': 'robotiq_2f_driver'}
[0.000328] (-) JobUnselected: {'identifier': 'robotiq_2f_driver_ui'}
[0.000334] (-) JobUnselected: {'identifier': 'robotiq_2f_msgs'}
[0.000340] (-) JobUnselected: {'identifier': 'robotiq_2f_tfbc'}
[0.000345] (-) JobUnselected: {'identifier': 'robotiq_description'}
[0.000351] (-) JobUnselected: {'identifier': 'ur'}
[0.000357] (-) JobUnselected: {'identifier': 'ur5_gripper_description'}
[0.000363] (-) JobUnselected: {'identifier': 'ur5_gripper_moveit_config'}
[0.000369] (-) JobUnselected: {'identifier': 'ur_bringup'}
[0.000379] (-) JobUnselected: {'identifier': 'ur_calibration'}
[0.000385] (-) JobUnselected: {'identifier': 'ur_controllers'}
[0.000391] (-) JobUnselected: {'identifier': 'ur_dashboard_msgs'}
[0.000397] (-) JobUnselected: {'identifier': 'ur_moveit_config'}
[0.000403] (-) JobUnselected: {'identifier': 'ur_robot_driver'}
[0.000409] (-) EventReactorShutdown: {}
