[0.095s] DEBUG:colcon:Command line arguments: ['/usr/bin/colcon', 'build', '--packages-select', 'moveit_ur5_msgs']
[0.095s] DEBUG:colcon:Parsed command line arguments: Namespace(log_base=None, log_level=None, verb_name='build', build_base='build', install_base='install', merge_install=False, symlink_install=False, test_result_base=None, continue_on_error=False, executor='parallel', parallel_workers=32, event_handlers=None, ignore_user_meta=False, metas=['./colcon.meta'], base_paths=['.'], packages_ignore=None, packages_ignore_regex=None, paths=None, packages_up_to=None, packages_up_to_regex=None, packages_above=None, packages_above_and_dependencies=None, packages_above_depth=None, packages_select_by_dep=None, packages_skip_by_dep=None, packages_skip_up_to=None, packages_select_build_failed=False, packages_skip_build_finished=False, packages_select_test_failures=False, packages_skip_test_passed=False, packages_select=['moveit_ur5_msgs'], packages_skip=None, packages_select_regex=None, packages_skip_regex=None, packages_start=None, packages_end=None, allow_overriding=[], cmake_args=None, cmake_target=None, cmake_target_skip_unavailable=False, cmake_clean_cache=False, cmake_clean_first=False, cmake_force_configure=False, ament_cmake_args=None, catkin_cmake_args=None, catkin_skip_building_tests=False, mixin_files=None, mixin=None, verb_parser=<colcon_mixin.mixin.mixin_argument.MixinArgumentDecorator object at 0x7f7390210cd0>, verb_extension=<colcon_core.verb.build.BuildVerb object at 0x7f73902107f0>, main=<bound method BuildVerb.main of <colcon_core.verb.build.BuildVerb object at 0x7f73902107f0>>, mixin_verb=('build',))
[0.190s] Level 1:colcon.colcon_core.package_discovery:discover_packages(colcon_meta) check parameters
[0.190s] Level 1:colcon.colcon_core.package_discovery:discover_packages(recursive) check parameters
[0.190s] Level 1:colcon.colcon_core.package_discovery:discover_packages(ignore) check parameters
[0.190s] Level 1:colcon.colcon_core.package_discovery:discover_packages(path) check parameters
[0.190s] Level 1:colcon.colcon_core.package_discovery:discover_packages(colcon_meta) discover
[0.190s] Level 1:colcon.colcon_core.package_discovery:discover_packages(recursive) discover
[0.190s] INFO:colcon.colcon_core.package_discovery:Crawling recursively for packages in '/home/nimesha/Thesis/Unused/moveit_ur5_ws'
[0.190s] Level 1:colcon.colcon_core.package_identification:_identify(.) by extensions ['ignore', 'ignore_ament_install']
[0.190s] Level 1:colcon.colcon_core.package_identification:_identify(.) by extension 'ignore'
[0.190s] Level 1:colcon.colcon_core.package_identification:_identify(.) by extension 'ignore_ament_install'
[0.190s] Level 1:colcon.colcon_core.package_identification:_identify(.) by extensions ['colcon_pkg']
[0.190s] Level 1:colcon.colcon_core.package_identification:_identify(.) by extension 'colcon_pkg'
[0.190s] Level 1:colcon.colcon_core.package_identification:_identify(.) by extensions ['colcon_meta']
[0.190s] Level 1:colcon.colcon_core.package_identification:_identify(.) by extension 'colcon_meta'
[0.190s] Level 1:colcon.colcon_core.package_identification:_identify(.) by extensions ['ros']
[0.190s] Level 1:colcon.colcon_core.package_identification:_identify(.) by extension 'ros'
[0.201s] Level 1:colcon.colcon_core.package_identification:_identify(.) by extensions ['cmake', 'python']
[0.201s] Level 1:colcon.colcon_core.package_identification:_identify(.) by extension 'cmake'
[0.201s] Level 1:colcon.colcon_core.package_identification:_identify(.) by extension 'python'
[0.201s] Level 1:colcon.colcon_core.package_identification:_identify(.) by extensions ['python_setup_py']
[0.201s] Level 1:colcon.colcon_core.package_identification:_identify(.) by extension 'python_setup_py'
[0.201s] Level 1:colcon.colcon_core.package_identification:_identify(build) by extensions ['ignore', 'ignore_ament_install']
[0.202s] Level 1:colcon.colcon_core.package_identification:_identify(build) by extension 'ignore'
[0.202s] Level 1:colcon.colcon_core.package_identification:_identify(build) ignored
[0.202s] Level 1:colcon.colcon_core.package_identification:_identify(install) by extensions ['ignore', 'ignore_ament_install']
[0.202s] Level 1:colcon.colcon_core.package_identification:_identify(install) by extension 'ignore'
[0.202s] Level 1:colcon.colcon_core.package_identification:_identify(install) ignored
[0.202s] Level 1:colcon.colcon_core.package_identification:_identify(log) by extensions ['ignore', 'ignore_ament_install']
[0.202s] Level 1:colcon.colcon_core.package_identification:_identify(log) by extension 'ignore'
[0.202s] Level 1:colcon.colcon_core.package_identification:_identify(log) ignored
[0.202s] Level 1:colcon.colcon_core.package_identification:_identify(src) by extensions ['ignore', 'ignore_ament_install']
[0.202s] Level 1:colcon.colcon_core.package_identification:_identify(src) by extension 'ignore'
[0.202s] Level 1:colcon.colcon_core.package_identification:_identify(src) by extension 'ignore_ament_install'
[0.202s] Level 1:colcon.colcon_core.package_identification:_identify(src) by extensions ['colcon_pkg']
[0.202s] Level 1:colcon.colcon_core.package_identification:_identify(src) by extension 'colcon_pkg'
[0.202s] Level 1:colcon.colcon_core.package_identification:_identify(src) by extensions ['colcon_meta']
[0.202s] Level 1:colcon.colcon_core.package_identification:_identify(src) by extension 'colcon_meta'
[0.202s] Level 1:colcon.colcon_core.package_identification:_identify(src) by extensions ['ros']
[0.202s] Level 1:colcon.colcon_core.package_identification:_identify(src) by extension 'ros'
[0.202s] Level 1:colcon.colcon_core.package_identification:_identify(src) by extensions ['cmake', 'python']
[0.202s] Level 1:colcon.colcon_core.package_identification:_identify(src) by extension 'cmake'
[0.202s] Level 1:colcon.colcon_core.package_identification:_identify(src) by extension 'python'
[0.202s] Level 1:colcon.colcon_core.package_identification:_identify(src) by extensions ['python_setup_py']
[0.202s] Level 1:colcon.colcon_core.package_identification:_identify(src) by extension 'python_setup_py'
[0.202s] Level 1:colcon.colcon_core.package_identification:_identify(src/ROS2_pick_and_place_UR5) by extensions ['ignore', 'ignore_ament_install']
[0.202s] Level 1:colcon.colcon_core.package_identification:_identify(src/ROS2_pick_and_place_UR5) by extension 'ignore'
[0.202s] Level 1:colcon.colcon_core.package_identification:_identify(src/ROS2_pick_and_place_UR5) by extension 'ignore_ament_install'
[0.202s] Level 1:colcon.colcon_core.package_identification:_identify(src/ROS2_pick_and_place_UR5) by extensions ['colcon_pkg']
[0.202s] Level 1:colcon.colcon_core.package_identification:_identify(src/ROS2_pick_and_place_UR5) by extension 'colcon_pkg'
[0.202s] Level 1:colcon.colcon_core.package_identification:_identify(src/ROS2_pick_and_place_UR5) by extensions ['colcon_meta']
[0.202s] Level 1:colcon.colcon_core.package_identification:_identify(src/ROS2_pick_and_place_UR5) by extension 'colcon_meta'
[0.202s] Level 1:colcon.colcon_core.package_identification:_identify(src/ROS2_pick_and_place_UR5) by extensions ['ros']
[0.202s] Level 1:colcon.colcon_core.package_identification:_identify(src/ROS2_pick_and_place_UR5) by extension 'ros'
[0.202s] Level 1:colcon.colcon_core.package_identification:_identify(src/ROS2_pick_and_place_UR5) by extensions ['cmake', 'python']
[0.202s] Level 1:colcon.colcon_core.package_identification:_identify(src/ROS2_pick_and_place_UR5) by extension 'cmake'
[0.202s] Level 1:colcon.colcon_core.package_identification:_identify(src/ROS2_pick_and_place_UR5) by extension 'python'
[0.202s] Level 1:colcon.colcon_core.package_identification:_identify(src/ROS2_pick_and_place_UR5) by extensions ['python_setup_py']
[0.202s] Level 1:colcon.colcon_core.package_identification:_identify(src/ROS2_pick_and_place_UR5) by extension 'python_setup_py'
[0.202s] Level 1:colcon.colcon_core.package_identification:_identify(src/ROS2_pick_and_place_UR5/moveit_ur5_interface) by extensions ['ignore', 'ignore_ament_install']
[0.202s] Level 1:colcon.colcon_core.package_identification:_identify(src/ROS2_pick_and_place_UR5/moveit_ur5_interface) by extension 'ignore'
[0.202s] Level 1:colcon.colcon_core.package_identification:_identify(src/ROS2_pick_and_place_UR5/moveit_ur5_interface) by extension 'ignore_ament_install'
[0.202s] Level 1:colcon.colcon_core.package_identification:_identify(src/ROS2_pick_and_place_UR5/moveit_ur5_interface) by extensions ['colcon_pkg']
[0.202s] Level 1:colcon.colcon_core.package_identification:_identify(src/ROS2_pick_and_place_UR5/moveit_ur5_interface) by extension 'colcon_pkg'
[0.202s] Level 1:colcon.colcon_core.package_identification:_identify(src/ROS2_pick_and_place_UR5/moveit_ur5_interface) by extensions ['colcon_meta']
[0.202s] Level 1:colcon.colcon_core.package_identification:_identify(src/ROS2_pick_and_place_UR5/moveit_ur5_interface) by extension 'colcon_meta'
[0.202s] Level 1:colcon.colcon_core.package_identification:_identify(src/ROS2_pick_and_place_UR5/moveit_ur5_interface) by extensions ['ros']
[0.202s] Level 1:colcon.colcon_core.package_identification:_identify(src/ROS2_pick_and_place_UR5/moveit_ur5_interface) by extension 'ros'
[0.204s] DEBUG:colcon.colcon_core.package_identification:Package 'src/ROS2_pick_and_place_UR5/moveit_ur5_interface' with type 'ros.ament_cmake' and name 'moveit_ur5_interface'
[0.204s] Level 1:colcon.colcon_core.package_identification:_identify(src/ROS2_pick_and_place_UR5/moveit_ur5_msgs) by extensions ['ignore', 'ignore_ament_install']
[0.204s] Level 1:colcon.colcon_core.package_identification:_identify(src/ROS2_pick_and_place_UR5/moveit_ur5_msgs) by extension 'ignore'
[0.204s] Level 1:colcon.colcon_core.package_identification:_identify(src/ROS2_pick_and_place_UR5/moveit_ur5_msgs) by extension 'ignore_ament_install'
[0.204s] Level 1:colcon.colcon_core.package_identification:_identify(src/ROS2_pick_and_place_UR5/moveit_ur5_msgs) by extensions ['colcon_pkg']
[0.204s] Level 1:colcon.colcon_core.package_identification:_identify(src/ROS2_pick_and_place_UR5/moveit_ur5_msgs) by extension 'colcon_pkg'
[0.204s] Level 1:colcon.colcon_core.package_identification:_identify(src/ROS2_pick_and_place_UR5/moveit_ur5_msgs) by extensions ['colcon_meta']
[0.204s] Level 1:colcon.colcon_core.package_identification:_identify(src/ROS2_pick_and_place_UR5/moveit_ur5_msgs) by extension 'colcon_meta'
[0.204s] Level 1:colcon.colcon_core.package_identification:_identify(src/ROS2_pick_and_place_UR5/moveit_ur5_msgs) by extensions ['ros']
[0.204s] Level 1:colcon.colcon_core.package_identification:_identify(src/ROS2_pick_and_place_UR5/moveit_ur5_msgs) by extension 'ros'
[0.205s] DEBUG:colcon.colcon_core.package_identification:Package 'src/ROS2_pick_and_place_UR5/moveit_ur5_msgs' with type 'ros.ament_cmake' and name 'moveit_ur5_msgs'
[0.205s] Level 1:colcon.colcon_core.package_identification:_identify(src/ROS2_pick_and_place_UR5/pnp_actionlib) by extensions ['ignore', 'ignore_ament_install']
[0.205s] Level 1:colcon.colcon_core.package_identification:_identify(src/ROS2_pick_and_place_UR5/pnp_actionlib) by extension 'ignore'
[0.205s] Level 1:colcon.colcon_core.package_identification:_identify(src/ROS2_pick_and_place_UR5/pnp_actionlib) by extension 'ignore_ament_install'
[0.205s] Level 1:colcon.colcon_core.package_identification:_identify(src/ROS2_pick_and_place_UR5/pnp_actionlib) by extensions ['colcon_pkg']
[0.205s] Level 1:colcon.colcon_core.package_identification:_identify(src/ROS2_pick_and_place_UR5/pnp_actionlib) by extension 'colcon_pkg'
[0.205s] Level 1:colcon.colcon_core.package_identification:_identify(src/ROS2_pick_and_place_UR5/pnp_actionlib) by extensions ['colcon_meta']
[0.205s] Level 1:colcon.colcon_core.package_identification:_identify(src/ROS2_pick_and_place_UR5/pnp_actionlib) by extension 'colcon_meta'
[0.205s] Level 1:colcon.colcon_core.package_identification:_identify(src/ROS2_pick_and_place_UR5/pnp_actionlib) by extensions ['ros']
[0.205s] Level 1:colcon.colcon_core.package_identification:_identify(src/ROS2_pick_and_place_UR5/pnp_actionlib) by extension 'ros'
[0.207s] DEBUG:colcon.colcon_core.package_identification:Package 'src/ROS2_pick_and_place_UR5/pnp_actionlib' with type 'ros.ament_cmake' and name 'pnp_actionlib'
[0.208s] Level 1:colcon.colcon_core.package_identification:_identify(src/ROS2_pick_and_place_UR5/pnp_msgs) by extensions ['ignore', 'ignore_ament_install']
[0.208s] Level 1:colcon.colcon_core.package_identification:_identify(src/ROS2_pick_and_place_UR5/pnp_msgs) by extension 'ignore'
[0.208s] Level 1:colcon.colcon_core.package_identification:_identify(src/ROS2_pick_and_place_UR5/pnp_msgs) by extension 'ignore_ament_install'
[0.208s] Level 1:colcon.colcon_core.package_identification:_identify(src/ROS2_pick_and_place_UR5/pnp_msgs) by extensions ['colcon_pkg']
[0.208s] Level 1:colcon.colcon_core.package_identification:_identify(src/ROS2_pick_and_place_UR5/pnp_msgs) by extension 'colcon_pkg'
[0.208s] Level 1:colcon.colcon_core.package_identification:_identify(src/ROS2_pick_and_place_UR5/pnp_msgs) by extensions ['colcon_meta']
[0.208s] Level 1:colcon.colcon_core.package_identification:_identify(src/ROS2_pick_and_place_UR5/pnp_msgs) by extension 'colcon_meta'
[0.208s] Level 1:colcon.colcon_core.package_identification:_identify(src/ROS2_pick_and_place_UR5/pnp_msgs) by extensions ['ros']
[0.208s] Level 1:colcon.colcon_core.package_identification:_identify(src/ROS2_pick_and_place_UR5/pnp_msgs) by extension 'ros'
[0.208s] DEBUG:colcon.colcon_core.package_identification:Package 'src/ROS2_pick_and_place_UR5/pnp_msgs' with type 'ros.ament_cmake' and name 'pnp_msgs'
[0.208s] Level 1:colcon.colcon_core.package_identification:_identify(src/ROS2_pick_and_place_UR5/robotiq_description) by extensions ['ignore', 'ignore_ament_install']
[0.208s] Level 1:colcon.colcon_core.package_identification:_identify(src/ROS2_pick_and_place_UR5/robotiq_description) by extension 'ignore'
[0.208s] Level 1:colcon.colcon_core.package_identification:_identify(src/ROS2_pick_and_place_UR5/robotiq_description) by extension 'ignore_ament_install'
[0.208s] Level 1:colcon.colcon_core.package_identification:_identify(src/ROS2_pick_and_place_UR5/robotiq_description) by extensions ['colcon_pkg']
[0.208s] Level 1:colcon.colcon_core.package_identification:_identify(src/ROS2_pick_and_place_UR5/robotiq_description) by extension 'colcon_pkg'
[0.208s] Level 1:colcon.colcon_core.package_identification:_identify(src/ROS2_pick_and_place_UR5/robotiq_description) by extensions ['colcon_meta']
[0.208s] Level 1:colcon.colcon_core.package_identification:_identify(src/ROS2_pick_and_place_UR5/robotiq_description) by extension 'colcon_meta'
[0.208s] Level 1:colcon.colcon_core.package_identification:_identify(src/ROS2_pick_and_place_UR5/robotiq_description) by extensions ['ros']
[0.208s] Level 1:colcon.colcon_core.package_identification:_identify(src/ROS2_pick_and_place_UR5/robotiq_description) by extension 'ros'
[0.210s] DEBUG:colcon.colcon_core.package_identification:Package 'src/ROS2_pick_and_place_UR5/robotiq_description' with type 'ros.ament_cmake' and name 'robotiq_description'
[0.210s] Level 1:colcon.colcon_core.package_identification:_identify(src/ROS2_pick_and_place_UR5/ur5_gripper_description) by extensions ['ignore', 'ignore_ament_install']
[0.210s] Level 1:colcon.colcon_core.package_identification:_identify(src/ROS2_pick_and_place_UR5/ur5_gripper_description) by extension 'ignore'
[0.210s] Level 1:colcon.colcon_core.package_identification:_identify(src/ROS2_pick_and_place_UR5/ur5_gripper_description) by extension 'ignore_ament_install'
[0.210s] Level 1:colcon.colcon_core.package_identification:_identify(src/ROS2_pick_and_place_UR5/ur5_gripper_description) by extensions ['colcon_pkg']
[0.210s] Level 1:colcon.colcon_core.package_identification:_identify(src/ROS2_pick_and_place_UR5/ur5_gripper_description) by extension 'colcon_pkg'
[0.210s] Level 1:colcon.colcon_core.package_identification:_identify(src/ROS2_pick_and_place_UR5/ur5_gripper_description) by extensions ['colcon_meta']
[0.210s] Level 1:colcon.colcon_core.package_identification:_identify(src/ROS2_pick_and_place_UR5/ur5_gripper_description) by extension 'colcon_meta'
[0.210s] Level 1:colcon.colcon_core.package_identification:_identify(src/ROS2_pick_and_place_UR5/ur5_gripper_description) by extensions ['ros']
[0.210s] Level 1:colcon.colcon_core.package_identification:_identify(src/ROS2_pick_and_place_UR5/ur5_gripper_description) by extension 'ros'
[0.210s] DEBUG:colcon.colcon_core.package_identification:Package 'src/ROS2_pick_and_place_UR5/ur5_gripper_description' with type 'ros.ament_cmake' and name 'ur5_gripper_description'
[0.210s] Level 1:colcon.colcon_core.package_identification:_identify(src/ROS2_pick_and_place_UR5/ur5_gripper_moveit_config) by extensions ['ignore', 'ignore_ament_install']
[0.210s] Level 1:colcon.colcon_core.package_identification:_identify(src/ROS2_pick_and_place_UR5/ur5_gripper_moveit_config) by extension 'ignore'
[0.210s] Level 1:colcon.colcon_core.package_identification:_identify(src/ROS2_pick_and_place_UR5/ur5_gripper_moveit_config) by extension 'ignore_ament_install'
[0.210s] Level 1:colcon.colcon_core.package_identification:_identify(src/ROS2_pick_and_place_UR5/ur5_gripper_moveit_config) by extensions ['colcon_pkg']
[0.211s] Level 1:colcon.colcon_core.package_identification:_identify(src/ROS2_pick_and_place_UR5/ur5_gripper_moveit_config) by extension 'colcon_pkg'
[0.211s] Level 1:colcon.colcon_core.package_identification:_identify(src/ROS2_pick_and_place_UR5/ur5_gripper_moveit_config) by extensions ['colcon_meta']
[0.211s] Level 1:colcon.colcon_core.package_identification:_identify(src/ROS2_pick_and_place_UR5/ur5_gripper_moveit_config) by extension 'colcon_meta'
[0.211s] Level 1:colcon.colcon_core.package_identification:_identify(src/ROS2_pick_and_place_UR5/ur5_gripper_moveit_config) by extensions ['ros']
[0.211s] Level 1:colcon.colcon_core.package_identification:_identify(src/ROS2_pick_and_place_UR5/ur5_gripper_moveit_config) by extension 'ros'
[0.211s] DEBUG:colcon.colcon_core.package_identification:Package 'src/ROS2_pick_and_place_UR5/ur5_gripper_moveit_config' with type 'ros.ament_cmake' and name 'ur5_gripper_moveit_config'
[0.211s] Level 1:colcon.colcon_core.package_identification:_identify(src/Universal_Robots_ROS2_Driver) by extensions ['ignore', 'ignore_ament_install']
[0.211s] Level 1:colcon.colcon_core.package_identification:_identify(src/Universal_Robots_ROS2_Driver) by extension 'ignore'
[0.211s] Level 1:colcon.colcon_core.package_identification:_identify(src/Universal_Robots_ROS2_Driver) by extension 'ignore_ament_install'
[0.211s] Level 1:colcon.colcon_core.package_identification:_identify(src/Universal_Robots_ROS2_Driver) by extensions ['colcon_pkg']
[0.211s] Level 1:colcon.colcon_core.package_identification:_identify(src/Universal_Robots_ROS2_Driver) by extension 'colcon_pkg'
[0.211s] Level 1:colcon.colcon_core.package_identification:_identify(src/Universal_Robots_ROS2_Driver) by extensions ['colcon_meta']
[0.211s] Level 1:colcon.colcon_core.package_identification:_identify(src/Universal_Robots_ROS2_Driver) by extension 'colcon_meta'
[0.211s] Level 1:colcon.colcon_core.package_identification:_identify(src/Universal_Robots_ROS2_Driver) by extensions ['ros']
[0.211s] Level 1:colcon.colcon_core.package_identification:_identify(src/Universal_Robots_ROS2_Driver) by extension 'ros'
[0.211s] Level 1:colcon.colcon_core.package_identification:_identify(src/Universal_Robots_ROS2_Driver) by extensions ['cmake', 'python']
[0.211s] Level 1:colcon.colcon_core.package_identification:_identify(src/Universal_Robots_ROS2_Driver) by extension 'cmake'
[0.211s] Level 1:colcon.colcon_core.package_identification:_identify(src/Universal_Robots_ROS2_Driver) by extension 'python'
[0.211s] Level 1:colcon.colcon_core.package_identification:_identify(src/Universal_Robots_ROS2_Driver) by extensions ['python_setup_py']
[0.211s] Level 1:colcon.colcon_core.package_identification:_identify(src/Universal_Robots_ROS2_Driver) by extension 'python_setup_py'
[0.211s] Level 1:colcon.colcon_core.package_identification:_identify(src/Universal_Robots_ROS2_Driver/ur) by extensions ['ignore', 'ignore_ament_install']
[0.211s] Level 1:colcon.colcon_core.package_identification:_identify(src/Universal_Robots_ROS2_Driver/ur) by extension 'ignore'
[0.211s] Level 1:colcon.colcon_core.package_identification:_identify(src/Universal_Robots_ROS2_Driver/ur) by extension 'ignore_ament_install'
[0.211s] Level 1:colcon.colcon_core.package_identification:_identify(src/Universal_Robots_ROS2_Driver/ur) by extensions ['colcon_pkg']
[0.211s] Level 1:colcon.colcon_core.package_identification:_identify(src/Universal_Robots_ROS2_Driver/ur) by extension 'colcon_pkg'
[0.211s] Level 1:colcon.colcon_core.package_identification:_identify(src/Universal_Robots_ROS2_Driver/ur) by extensions ['colcon_meta']
[0.211s] Level 1:colcon.colcon_core.package_identification:_identify(src/Universal_Robots_ROS2_Driver/ur) by extension 'colcon_meta'
[0.211s] Level 1:colcon.colcon_core.package_identification:_identify(src/Universal_Robots_ROS2_Driver/ur) by extensions ['ros']
[0.211s] Level 1:colcon.colcon_core.package_identification:_identify(src/Universal_Robots_ROS2_Driver/ur) by extension 'ros'
[0.212s] DEBUG:colcon.colcon_core.package_identification:Package 'src/Universal_Robots_ROS2_Driver/ur' with type 'ros.ament_cmake' and name 'ur'
[0.212s] Level 1:colcon.colcon_core.package_identification:_identify(src/Universal_Robots_ROS2_Driver/ur_bringup) by extensions ['ignore', 'ignore_ament_install']
[0.212s] Level 1:colcon.colcon_core.package_identification:_identify(src/Universal_Robots_ROS2_Driver/ur_bringup) by extension 'ignore'
[0.212s] Level 1:colcon.colcon_core.package_identification:_identify(src/Universal_Robots_ROS2_Driver/ur_bringup) by extension 'ignore_ament_install'
[0.213s] Level 1:colcon.colcon_core.package_identification:_identify(src/Universal_Robots_ROS2_Driver/ur_bringup) by extensions ['colcon_pkg']
[0.213s] Level 1:colcon.colcon_core.package_identification:_identify(src/Universal_Robots_ROS2_Driver/ur_bringup) by extension 'colcon_pkg'
[0.213s] Level 1:colcon.colcon_core.package_identification:_identify(src/Universal_Robots_ROS2_Driver/ur_bringup) by extensions ['colcon_meta']
[0.213s] Level 1:colcon.colcon_core.package_identification:_identify(src/Universal_Robots_ROS2_Driver/ur_bringup) by extension 'colcon_meta'
[0.213s] Level 1:colcon.colcon_core.package_identification:_identify(src/Universal_Robots_ROS2_Driver/ur_bringup) by extensions ['ros']
[0.213s] Level 1:colcon.colcon_core.package_identification:_identify(src/Universal_Robots_ROS2_Driver/ur_bringup) by extension 'ros'
[0.213s] DEBUG:colcon.colcon_core.package_identification:Package 'src/Universal_Robots_ROS2_Driver/ur_bringup' with type 'ros.ament_cmake' and name 'ur_bringup'
[0.214s] Level 1:colcon.colcon_core.package_identification:_identify(src/Universal_Robots_ROS2_Driver/ur_calibration) by extensions ['ignore', 'ignore_ament_install']
[0.214s] Level 1:colcon.colcon_core.package_identification:_identify(src/Universal_Robots_ROS2_Driver/ur_calibration) by extension 'ignore'
[0.214s] Level 1:colcon.colcon_core.package_identification:_identify(src/Universal_Robots_ROS2_Driver/ur_calibration) by extension 'ignore_ament_install'
[0.214s] Level 1:colcon.colcon_core.package_identification:_identify(src/Universal_Robots_ROS2_Driver/ur_calibration) by extensions ['colcon_pkg']
[0.214s] Level 1:colcon.colcon_core.package_identification:_identify(src/Universal_Robots_ROS2_Driver/ur_calibration) by extension 'colcon_pkg'
[0.214s] Level 1:colcon.colcon_core.package_identification:_identify(src/Universal_Robots_ROS2_Driver/ur_calibration) by extensions ['colcon_meta']
[0.214s] Level 1:colcon.colcon_core.package_identification:_identify(src/Universal_Robots_ROS2_Driver/ur_calibration) by extension 'colcon_meta'
[0.214s] Level 1:colcon.colcon_core.package_identification:_identify(src/Universal_Robots_ROS2_Driver/ur_calibration) by extensions ['ros']
[0.214s] Level 1:colcon.colcon_core.package_identification:_identify(src/Universal_Robots_ROS2_Driver/ur_calibration) by extension 'ros'
[0.214s] DEBUG:colcon.colcon_core.package_identification:Package 'src/Universal_Robots_ROS2_Driver/ur_calibration' with type 'ros.ament_cmake' and name 'ur_calibration'
[0.214s] Level 1:colcon.colcon_core.package_identification:_identify(src/Universal_Robots_ROS2_Driver/ur_controllers) by extensions ['ignore', 'ignore_ament_install']
[0.214s] Level 1:colcon.colcon_core.package_identification:_identify(src/Universal_Robots_ROS2_Driver/ur_controllers) by extension 'ignore'
[0.214s] Level 1:colcon.colcon_core.package_identification:_identify(src/Universal_Robots_ROS2_Driver/ur_controllers) by extension 'ignore_ament_install'
[0.214s] Level 1:colcon.colcon_core.package_identification:_identify(src/Universal_Robots_ROS2_Driver/ur_controllers) by extensions ['colcon_pkg']
[0.214s] Level 1:colcon.colcon_core.package_identification:_identify(src/Universal_Robots_ROS2_Driver/ur_controllers) by extension 'colcon_pkg'
[0.214s] Level 1:colcon.colcon_core.package_identification:_identify(src/Universal_Robots_ROS2_Driver/ur_controllers) by extensions ['colcon_meta']
[0.214s] Level 1:colcon.colcon_core.package_identification:_identify(src/Universal_Robots_ROS2_Driver/ur_controllers) by extension 'colcon_meta'
[0.214s] Level 1:colcon.colcon_core.package_identification:_identify(src/Universal_Robots_ROS2_Driver/ur_controllers) by extensions ['ros']
[0.214s] Level 1:colcon.colcon_core.package_identification:_identify(src/Universal_Robots_ROS2_Driver/ur_controllers) by extension 'ros'
[0.215s] DEBUG:colcon.colcon_core.package_identification:Package 'src/Universal_Robots_ROS2_Driver/ur_controllers' with type 'ros.ament_cmake' and name 'ur_controllers'
[0.215s] Level 1:colcon.colcon_core.package_identification:_identify(src/Universal_Robots_ROS2_Driver/ur_dashboard_msgs) by extensions ['ignore', 'ignore_ament_install']
[0.215s] Level 1:colcon.colcon_core.package_identification:_identify(src/Universal_Robots_ROS2_Driver/ur_dashboard_msgs) by extension 'ignore'
[0.215s] Level 1:colcon.colcon_core.package_identification:_identify(src/Universal_Robots_ROS2_Driver/ur_dashboard_msgs) by extension 'ignore_ament_install'
[0.215s] Level 1:colcon.colcon_core.package_identification:_identify(src/Universal_Robots_ROS2_Driver/ur_dashboard_msgs) by extensions ['colcon_pkg']
[0.215s] Level 1:colcon.colcon_core.package_identification:_identify(src/Universal_Robots_ROS2_Driver/ur_dashboard_msgs) by extension 'colcon_pkg'
[0.215s] Level 1:colcon.colcon_core.package_identification:_identify(src/Universal_Robots_ROS2_Driver/ur_dashboard_msgs) by extensions ['colcon_meta']
[0.215s] Level 1:colcon.colcon_core.package_identification:_identify(src/Universal_Robots_ROS2_Driver/ur_dashboard_msgs) by extension 'colcon_meta'
[0.215s] Level 1:colcon.colcon_core.package_identification:_identify(src/Universal_Robots_ROS2_Driver/ur_dashboard_msgs) by extensions ['ros']
[0.215s] Level 1:colcon.colcon_core.package_identification:_identify(src/Universal_Robots_ROS2_Driver/ur_dashboard_msgs) by extension 'ros'
[0.215s] DEBUG:colcon.colcon_core.package_identification:Package 'src/Universal_Robots_ROS2_Driver/ur_dashboard_msgs' with type 'ros.ament_cmake' and name 'ur_dashboard_msgs'
[0.216s] Level 1:colcon.colcon_core.package_identification:_identify(src/Universal_Robots_ROS2_Driver/ur_moveit_config) by extensions ['ignore', 'ignore_ament_install']
[0.216s] Level 1:colcon.colcon_core.package_identification:_identify(src/Universal_Robots_ROS2_Driver/ur_moveit_config) by extension 'ignore'
[0.216s] Level 1:colcon.colcon_core.package_identification:_identify(src/Universal_Robots_ROS2_Driver/ur_moveit_config) by extension 'ignore_ament_install'
[0.216s] Level 1:colcon.colcon_core.package_identification:_identify(src/Universal_Robots_ROS2_Driver/ur_moveit_config) by extensions ['colcon_pkg']
[0.216s] Level 1:colcon.colcon_core.package_identification:_identify(src/Universal_Robots_ROS2_Driver/ur_moveit_config) by extension 'colcon_pkg'
[0.216s] Level 1:colcon.colcon_core.package_identification:_identify(src/Universal_Robots_ROS2_Driver/ur_moveit_config) by extensions ['colcon_meta']
[0.216s] Level 1:colcon.colcon_core.package_identification:_identify(src/Universal_Robots_ROS2_Driver/ur_moveit_config) by extension 'colcon_meta'
[0.216s] Level 1:colcon.colcon_core.package_identification:_identify(src/Universal_Robots_ROS2_Driver/ur_moveit_config) by extensions ['ros']
[0.216s] Level 1:colcon.colcon_core.package_identification:_identify(src/Universal_Robots_ROS2_Driver/ur_moveit_config) by extension 'ros'
[0.216s] DEBUG:colcon.colcon_core.package_identification:Package 'src/Universal_Robots_ROS2_Driver/ur_moveit_config' with type 'ros.ament_cmake' and name 'ur_moveit_config'
[0.216s] Level 1:colcon.colcon_core.package_identification:_identify(src/Universal_Robots_ROS2_Driver/ur_robot_driver) by extensions ['ignore', 'ignore_ament_install']
[0.216s] Level 1:colcon.colcon_core.package_identification:_identify(src/Universal_Robots_ROS2_Driver/ur_robot_driver) by extension 'ignore'
[0.216s] Level 1:colcon.colcon_core.package_identification:_identify(src/Universal_Robots_ROS2_Driver/ur_robot_driver) by extension 'ignore_ament_install'
[0.216s] Level 1:colcon.colcon_core.package_identification:_identify(src/Universal_Robots_ROS2_Driver/ur_robot_driver) by extensions ['colcon_pkg']
[0.216s] Level 1:colcon.colcon_core.package_identification:_identify(src/Universal_Robots_ROS2_Driver/ur_robot_driver) by extension 'colcon_pkg'
[0.216s] Level 1:colcon.colcon_core.package_identification:_identify(src/Universal_Robots_ROS2_Driver/ur_robot_driver) by extensions ['colcon_meta']
[0.216s] Level 1:colcon.colcon_core.package_identification:_identify(src/Universal_Robots_ROS2_Driver/ur_robot_driver) by extension 'colcon_meta'
[0.216s] Level 1:colcon.colcon_core.package_identification:_identify(src/Universal_Robots_ROS2_Driver/ur_robot_driver) by extensions ['ros']
[0.216s] Level 1:colcon.colcon_core.package_identification:_identify(src/Universal_Robots_ROS2_Driver/ur_robot_driver) by extension 'ros'
[0.217s] DEBUG:colcon.colcon_core.package_identification:Package 'src/Universal_Robots_ROS2_Driver/ur_robot_driver' with type 'ros.ament_cmake' and name 'ur_robot_driver'
[0.217s] Level 1:colcon.colcon_core.package_identification:_identify(src/robotiq_2f) by extensions ['ignore', 'ignore_ament_install']
[0.217s] Level 1:colcon.colcon_core.package_identification:_identify(src/robotiq_2f) by extension 'ignore'
[0.217s] Level 1:colcon.colcon_core.package_identification:_identify(src/robotiq_2f) by extension 'ignore_ament_install'
[0.217s] Level 1:colcon.colcon_core.package_identification:_identify(src/robotiq_2f) by extensions ['colcon_pkg']
[0.217s] Level 1:colcon.colcon_core.package_identification:_identify(src/robotiq_2f) by extension 'colcon_pkg'
[0.217s] Level 1:colcon.colcon_core.package_identification:_identify(src/robotiq_2f) by extensions ['colcon_meta']
[0.217s] Level 1:colcon.colcon_core.package_identification:_identify(src/robotiq_2f) by extension 'colcon_meta'
[0.217s] Level 1:colcon.colcon_core.package_identification:_identify(src/robotiq_2f) by extensions ['ros']
[0.217s] Level 1:colcon.colcon_core.package_identification:_identify(src/robotiq_2f) by extension 'ros'
[0.218s] Level 1:colcon.colcon_core.package_identification:_identify(src/robotiq_2f) by extensions ['cmake', 'python']
[0.218s] Level 1:colcon.colcon_core.package_identification:_identify(src/robotiq_2f) by extension 'cmake'
[0.218s] Level 1:colcon.colcon_core.package_identification:_identify(src/robotiq_2f) by extension 'python'
[0.218s] Level 1:colcon.colcon_core.package_identification:_identify(src/robotiq_2f) by extensions ['python_setup_py']
[0.218s] Level 1:colcon.colcon_core.package_identification:_identify(src/robotiq_2f) by extension 'python_setup_py'
[0.218s] Level 1:colcon.colcon_core.package_identification:_identify(src/robotiq_2f/robotiq_2f_bringup) by extensions ['ignore', 'ignore_ament_install']
[0.218s] Level 1:colcon.colcon_core.package_identification:_identify(src/robotiq_2f/robotiq_2f_bringup) by extension 'ignore'
[0.218s] Level 1:colcon.colcon_core.package_identification:_identify(src/robotiq_2f/robotiq_2f_bringup) by extension 'ignore_ament_install'
[0.218s] Level 1:colcon.colcon_core.package_identification:_identify(src/robotiq_2f/robotiq_2f_bringup) by extensions ['colcon_pkg']
[0.218s] Level 1:colcon.colcon_core.package_identification:_identify(src/robotiq_2f/robotiq_2f_bringup) by extension 'colcon_pkg'
[0.218s] Level 1:colcon.colcon_core.package_identification:_identify(src/robotiq_2f/robotiq_2f_bringup) by extensions ['colcon_meta']
[0.218s] Level 1:colcon.colcon_core.package_identification:_identify(src/robotiq_2f/robotiq_2f_bringup) by extension 'colcon_meta'
[0.218s] Level 1:colcon.colcon_core.package_identification:_identify(src/robotiq_2f/robotiq_2f_bringup) by extensions ['ros']
[0.218s] Level 1:colcon.colcon_core.package_identification:_identify(src/robotiq_2f/robotiq_2f_bringup) by extension 'ros'
[0.219s] DEBUG:colcon.colcon_core.package_identification:Package 'src/robotiq_2f/robotiq_2f_bringup' with type 'ros.ament_cmake' and name 'robotiq_2f_bringup'
[0.219s] Level 1:colcon.colcon_core.package_identification:_identify(src/robotiq_2f/robotiq_2f_description) by extensions ['ignore', 'ignore_ament_install']
[0.219s] Level 1:colcon.colcon_core.package_identification:_identify(src/robotiq_2f/robotiq_2f_description) by extension 'ignore'
[0.219s] Level 1:colcon.colcon_core.package_identification:_identify(src/robotiq_2f/robotiq_2f_description) by extension 'ignore_ament_install'
[0.219s] Level 1:colcon.colcon_core.package_identification:_identify(src/robotiq_2f/robotiq_2f_description) by extensions ['colcon_pkg']
[0.219s] Level 1:colcon.colcon_core.package_identification:_identify(src/robotiq_2f/robotiq_2f_description) by extension 'colcon_pkg'
[0.219s] Level 1:colcon.colcon_core.package_identification:_identify(src/robotiq_2f/robotiq_2f_description) by extensions ['colcon_meta']
[0.219s] Level 1:colcon.colcon_core.package_identification:_identify(src/robotiq_2f/robotiq_2f_description) by extension 'colcon_meta'
[0.219s] Level 1:colcon.colcon_core.package_identification:_identify(src/robotiq_2f/robotiq_2f_description) by extensions ['ros']
[0.219s] Level 1:colcon.colcon_core.package_identification:_identify(src/robotiq_2f/robotiq_2f_description) by extension 'ros'
[0.220s] DEBUG:colcon.colcon_core.package_identification:Package 'src/robotiq_2f/robotiq_2f_description' with type 'ros.ament_cmake' and name 'robotiq_2f_description'
[0.220s] Level 1:colcon.colcon_core.package_identification:_identify(src/robotiq_2f/robotiq_2f_driver) by extensions ['ignore', 'ignore_ament_install']
[0.220s] Level 1:colcon.colcon_core.package_identification:_identify(src/robotiq_2f/robotiq_2f_driver) by extension 'ignore'
[0.220s] Level 1:colcon.colcon_core.package_identification:_identify(src/robotiq_2f/robotiq_2f_driver) by extension 'ignore_ament_install'
[0.220s] Level 1:colcon.colcon_core.package_identification:_identify(src/robotiq_2f/robotiq_2f_driver) by extensions ['colcon_pkg']
[0.220s] Level 1:colcon.colcon_core.package_identification:_identify(src/robotiq_2f/robotiq_2f_driver) by extension 'colcon_pkg'
[0.220s] Level 1:colcon.colcon_core.package_identification:_identify(src/robotiq_2f/robotiq_2f_driver) by extensions ['colcon_meta']
[0.220s] Level 1:colcon.colcon_core.package_identification:_identify(src/robotiq_2f/robotiq_2f_driver) by extension 'colcon_meta'
[0.220s] Level 1:colcon.colcon_core.package_identification:_identify(src/robotiq_2f/robotiq_2f_driver) by extensions ['ros']
[0.220s] Level 1:colcon.colcon_core.package_identification:_identify(src/robotiq_2f/robotiq_2f_driver) by extension 'ros'
[0.220s] DEBUG:colcon.colcon_core.package_identification:Package 'src/robotiq_2f/robotiq_2f_driver' with type 'ros.ament_cmake' and name 'robotiq_2f_driver'
[0.220s] Level 1:colcon.colcon_core.package_identification:_identify(src/robotiq_2f/robotiq_2f_msgs) by extensions ['ignore', 'ignore_ament_install']
[0.220s] Level 1:colcon.colcon_core.package_identification:_identify(src/robotiq_2f/robotiq_2f_msgs) by extension 'ignore'
[0.220s] Level 1:colcon.colcon_core.package_identification:_identify(src/robotiq_2f/robotiq_2f_msgs) by extension 'ignore_ament_install'
[0.220s] Level 1:colcon.colcon_core.package_identification:_identify(src/robotiq_2f/robotiq_2f_msgs) by extensions ['colcon_pkg']
[0.220s] Level 1:colcon.colcon_core.package_identification:_identify(src/robotiq_2f/robotiq_2f_msgs) by extension 'colcon_pkg'
[0.220s] Level 1:colcon.colcon_core.package_identification:_identify(src/robotiq_2f/robotiq_2f_msgs) by extensions ['colcon_meta']
[0.220s] Level 1:colcon.colcon_core.package_identification:_identify(src/robotiq_2f/robotiq_2f_msgs) by extension 'colcon_meta'
[0.220s] Level 1:colcon.colcon_core.package_identification:_identify(src/robotiq_2f/robotiq_2f_msgs) by extensions ['ros']
[0.220s] Level 1:colcon.colcon_core.package_identification:_identify(src/robotiq_2f/robotiq_2f_msgs) by extension 'ros'
[0.221s] DEBUG:colcon.colcon_core.package_identification:Package 'src/robotiq_2f/robotiq_2f_msgs' with type 'ros.ament_cmake' and name 'robotiq_2f_msgs'
[0.221s] Level 1:colcon.colcon_core.package_identification:_identify(src/robotiq_2f/robotiq_2f_tfbc) by extensions ['ignore', 'ignore_ament_install']
[0.221s] Level 1:colcon.colcon_core.package_identification:_identify(src/robotiq_2f/robotiq_2f_tfbc) by extension 'ignore'
[0.221s] Level 1:colcon.colcon_core.package_identification:_identify(src/robotiq_2f/robotiq_2f_tfbc) by extension 'ignore_ament_install'
[0.221s] Level 1:colcon.colcon_core.package_identification:_identify(src/robotiq_2f/robotiq_2f_tfbc) by extensions ['colcon_pkg']
[0.221s] Level 1:colcon.colcon_core.package_identification:_identify(src/robotiq_2f/robotiq_2f_tfbc) by extension 'colcon_pkg'
[0.221s] Level 1:colcon.colcon_core.package_identification:_identify(src/robotiq_2f/robotiq_2f_tfbc) by extensions ['colcon_meta']
[0.221s] Level 1:colcon.colcon_core.package_identification:_identify(src/robotiq_2f/robotiq_2f_tfbc) by extension 'colcon_meta'
[0.221s] Level 1:colcon.colcon_core.package_identification:_identify(src/robotiq_2f/robotiq_2f_tfbc) by extensions ['ros']
[0.221s] Level 1:colcon.colcon_core.package_identification:_identify(src/robotiq_2f/robotiq_2f_tfbc) by extension 'ros'
[0.221s] DEBUG:colcon.colcon_core.package_identification:Package 'src/robotiq_2f/robotiq_2f_tfbc' with type 'ros.ament_cmake' and name 'robotiq_2f_tfbc'
[0.221s] Level 1:colcon.colcon_core.package_identification:_identify(src/robotiq_2f/robotiq_2f_ui) by extensions ['ignore', 'ignore_ament_install']
[0.221s] Level 1:colcon.colcon_core.package_identification:_identify(src/robotiq_2f/robotiq_2f_ui) by extension 'ignore'
[0.221s] Level 1:colcon.colcon_core.package_identification:_identify(src/robotiq_2f/robotiq_2f_ui) by extension 'ignore_ament_install'
[0.221s] Level 1:colcon.colcon_core.package_identification:_identify(src/robotiq_2f/robotiq_2f_ui) by extensions ['colcon_pkg']
[0.221s] Level 1:colcon.colcon_core.package_identification:_identify(src/robotiq_2f/robotiq_2f_ui) by extension 'colcon_pkg'
[0.221s] Level 1:colcon.colcon_core.package_identification:_identify(src/robotiq_2f/robotiq_2f_ui) by extensions ['colcon_meta']
[0.221s] Level 1:colcon.colcon_core.package_identification:_identify(src/robotiq_2f/robotiq_2f_ui) by extension 'colcon_meta'
[0.221s] Level 1:colcon.colcon_core.package_identification:_identify(src/robotiq_2f/robotiq_2f_ui) by extensions ['ros']
[0.221s] Level 1:colcon.colcon_core.package_identification:_identify(src/robotiq_2f/robotiq_2f_ui) by extension 'ros'
[0.222s] DEBUG:colcon.colcon_core.package_identification:Package 'src/robotiq_2f/robotiq_2f_ui' with type 'ros.ament_cmake' and name 'robotiq_2f_driver_ui'
[0.222s] Level 1:colcon.colcon_core.package_discovery:discover_packages(recursive) using defaults
[0.222s] Level 1:colcon.colcon_core.package_discovery:discover_packages(ignore) discover
[0.222s] Level 1:colcon.colcon_core.package_discovery:discover_packages(ignore) using defaults
[0.222s] Level 1:colcon.colcon_core.package_discovery:discover_packages(path) discover
[0.222s] Level 1:colcon.colcon_core.package_discovery:discover_packages(path) using defaults
[0.237s] INFO:colcon.colcon_core.package_selection:Skipping not selected package 'pnp_msgs' in 'src/ROS2_pick_and_place_UR5/pnp_msgs'
[0.237s] INFO:colcon.colcon_core.package_selection:Skipping not selected package 'robotiq_2f_bringup' in 'src/robotiq_2f/robotiq_2f_bringup'
[0.237s] INFO:colcon.colcon_core.package_selection:Skipping not selected package 'robotiq_2f_description' in 'src/robotiq_2f/robotiq_2f_description'
[0.237s] INFO:colcon.colcon_core.package_selection:Skipping not selected package 'robotiq_2f_msgs' in 'src/robotiq_2f/robotiq_2f_msgs'
[0.237s] INFO:colcon.colcon_core.package_selection:Skipping not selected package 'robotiq_2f_tfbc' in 'src/robotiq_2f/robotiq_2f_tfbc'
[0.237s] INFO:colcon.colcon_core.package_selection:Skipping not selected package 'robotiq_description' in 'src/ROS2_pick_and_place_UR5/robotiq_description'
[0.237s] INFO:colcon.colcon_core.package_selection:Skipping not selected package 'ur_dashboard_msgs' in 'src/Universal_Robots_ROS2_Driver/ur_dashboard_msgs'
[0.237s] INFO:colcon.colcon_core.package_selection:Skipping not selected package 'ur_moveit_config' in 'src/Universal_Robots_ROS2_Driver/ur_moveit_config'
[0.237s] INFO:colcon.colcon_core.package_selection:Skipping not selected package 'robotiq_2f_driver' in 'src/robotiq_2f/robotiq_2f_driver'
[0.237s] INFO:colcon.colcon_core.package_selection:Skipping not selected package 'robotiq_2f_driver_ui' in 'src/robotiq_2f/robotiq_2f_ui'
[0.237s] INFO:colcon.colcon_core.package_selection:Skipping not selected package 'ur5_gripper_description' in 'src/ROS2_pick_and_place_UR5/ur5_gripper_description'
[0.237s] INFO:colcon.colcon_core.package_selection:Skipping not selected package 'ur_controllers' in 'src/Universal_Robots_ROS2_Driver/ur_controllers'
[0.237s] INFO:colcon.colcon_core.package_selection:Skipping not selected package 'ur5_gripper_moveit_config' in 'src/ROS2_pick_and_place_UR5/ur5_gripper_moveit_config'
[0.237s] INFO:colcon.colcon_core.package_selection:Skipping not selected package 'ur_bringup' in 'src/Universal_Robots_ROS2_Driver/ur_bringup'
[0.237s] INFO:colcon.colcon_core.package_selection:Skipping not selected package 'ur_robot_driver' in 'src/Universal_Robots_ROS2_Driver/ur_robot_driver'
[0.237s] INFO:colcon.colcon_core.package_selection:Skipping not selected package 'moveit_ur5_interface' in 'src/ROS2_pick_and_place_UR5/moveit_ur5_interface'
[0.237s] INFO:colcon.colcon_core.package_selection:Skipping not selected package 'ur_calibration' in 'src/Universal_Robots_ROS2_Driver/ur_calibration'
[0.237s] INFO:colcon.colcon_core.package_selection:Skipping not selected package 'pnp_actionlib' in 'src/ROS2_pick_and_place_UR5/pnp_actionlib'
[0.237s] INFO:colcon.colcon_core.package_selection:Skipping not selected package 'ur' in 'src/Universal_Robots_ROS2_Driver/ur'
[0.237s] Level 1:colcon.colcon_core.package_discovery:discover_packages(prefix_path) check parameters
[0.237s] Level 1:colcon.colcon_core.package_discovery:discover_packages(prefix_path) discover
[0.239s] DEBUG:colcon.colcon_installed_package_information.package_discovery:Found 8 installed packages in /home/nimesha/Thesis/Unused/moveit_ur5_ws/install
[0.239s] DEBUG:colcon.colcon_installed_package_information.package_discovery:Found 7 installed packages in /home/nimesha/Thesis/Unused/mujoco_ros2_control/install
[0.240s] DEBUG:colcon.colcon_installed_package_information.package_discovery:Found 55 installed packages in /home/nimesha/Thesis/moveit_ur5_v2_ws/src/ws_moveit/install
[0.242s] DEBUG:colcon.colcon_installed_package_information.package_discovery:Found 345 installed packages in /home/nimesha/ros2_humble/ros2-linux
[0.243s] DEBUG:colcon.colcon_installed_package_information.package_discovery:Found 209 installed packages in /opt/ros/humble
[0.246s] Level 1:colcon.colcon_core.package_discovery:discover_packages(prefix_path) using defaults
[0.268s] Level 5:colcon.colcon_core.verb:set package 'moveit_ur5_msgs' build argument 'cmake_args' from command line to 'None'
[0.268s] Level 5:colcon.colcon_core.verb:set package 'moveit_ur5_msgs' build argument 'cmake_target' from command line to 'None'
[0.268s] Level 5:colcon.colcon_core.verb:set package 'moveit_ur5_msgs' build argument 'cmake_target_skip_unavailable' from command line to 'False'
[0.268s] Level 5:colcon.colcon_core.verb:set package 'moveit_ur5_msgs' build argument 'cmake_clean_cache' from command line to 'False'
[0.268s] Level 5:colcon.colcon_core.verb:set package 'moveit_ur5_msgs' build argument 'cmake_clean_first' from command line to 'False'
[0.268s] Level 5:colcon.colcon_core.verb:set package 'moveit_ur5_msgs' build argument 'cmake_force_configure' from command line to 'False'
[0.268s] Level 5:colcon.colcon_core.verb:set package 'moveit_ur5_msgs' build argument 'ament_cmake_args' from command line to 'None'
[0.268s] Level 5:colcon.colcon_core.verb:set package 'moveit_ur5_msgs' build argument 'catkin_cmake_args' from command line to 'None'
[0.268s] Level 5:colcon.colcon_core.verb:set package 'moveit_ur5_msgs' build argument 'catkin_skip_building_tests' from command line to 'False'
[0.268s] DEBUG:colcon.colcon_core.verb:Building package 'moveit_ur5_msgs' with the following arguments: {'ament_cmake_args': None, 'build_base': '/home/nimesha/Thesis/Unused/moveit_ur5_ws/build/moveit_ur5_msgs', 'catkin_cmake_args': None, 'catkin_skip_building_tests': False, 'cmake_args': None, 'cmake_clean_cache': False, 'cmake_clean_first': False, 'cmake_force_configure': False, 'cmake_target': None, 'cmake_target_skip_unavailable': False, 'install_base': '/home/nimesha/Thesis/Unused/moveit_ur5_ws/install/moveit_ur5_msgs', 'merge_install': False, 'path': '/home/nimesha/Thesis/Unused/moveit_ur5_ws/src/ROS2_pick_and_place_UR5/moveit_ur5_msgs', 'symlink_install': False, 'test_result_base': None}
[0.268s] INFO:colcon.colcon_core.executor:Executing jobs using 'parallel' executor
[0.269s] DEBUG:colcon.colcon_parallel_executor.executor.parallel:run_until_complete
[0.269s] INFO:colcon.colcon_ros.task.ament_cmake.build:Building ROS package in '/home/nimesha/Thesis/Unused/moveit_ur5_ws/src/ROS2_pick_and_place_UR5/moveit_ur5_msgs' with build type 'ament_cmake'
[0.269s] INFO:colcon.colcon_cmake.task.cmake.build:Building CMake package in '/home/nimesha/Thesis/Unused/moveit_ur5_ws/src/ROS2_pick_and_place_UR5/moveit_ur5_msgs'
[0.271s] INFO:colcon.colcon_core.plugin_system:Skipping extension 'colcon_core.shell.bat': Not used on non-Windows systems
[0.271s] INFO:colcon.colcon_core.shell:Skip shell extension 'powershell' for command environment: Not usable outside of PowerShell
[0.271s] DEBUG:colcon.colcon_core.shell:Skip shell extension 'dsv' for command environment
[0.282s] DEBUG:colcon.colcon_core.event_handler.log_command:Invoking command in '/home/nimesha/Thesis/Unused/moveit_ur5_ws/build/moveit_ur5_msgs': CMAKE_PREFIX_PATH=${CMAKE_PREFIX_PATH}:/home/nimesha/Thesis/moveit_ur5_v2_ws/src/ws_moveit/install/moveit_configs_utils:/home/nimesha/Thesis/moveit_ur5_v2_ws/src/ws_moveit/install/launch_param_builder:/opt/ros/humble /usr/bin/cmake /home/nimesha/Thesis/Unused/moveit_ur5_ws/src/ROS2_pick_and_place_UR5/moveit_ur5_msgs -DCMAKE_INSTALL_PREFIX=/home/nimesha/Thesis/Unused/moveit_ur5_ws/install/moveit_ur5_msgs
[4.691s] DEBUG:colcon.colcon_core.event_handler.log_command:Invoked command in '/home/nimesha/Thesis/Unused/moveit_ur5_ws/build/moveit_ur5_msgs' returned '0': CMAKE_PREFIX_PATH=${CMAKE_PREFIX_PATH}:/home/nimesha/Thesis/moveit_ur5_v2_ws/src/ws_moveit/install/moveit_configs_utils:/home/nimesha/Thesis/moveit_ur5_v2_ws/src/ws_moveit/install/launch_param_builder:/opt/ros/humble /usr/bin/cmake /home/nimesha/Thesis/Unused/moveit_ur5_ws/src/ROS2_pick_and_place_UR5/moveit_ur5_msgs -DCMAKE_INSTALL_PREFIX=/home/nimesha/Thesis/Unused/moveit_ur5_ws/install/moveit_ur5_msgs
[4.692s] DEBUG:colcon.colcon_core.event_handler.log_command:Invoking command in '/home/nimesha/Thesis/Unused/moveit_ur5_ws/build/moveit_ur5_msgs': CMAKE_PREFIX_PATH=${CMAKE_PREFIX_PATH}:/home/nimesha/Thesis/moveit_ur5_v2_ws/src/ws_moveit/install/moveit_configs_utils:/home/nimesha/Thesis/moveit_ur5_v2_ws/src/ws_moveit/install/launch_param_builder:/opt/ros/humble /usr/bin/cmake --build /home/nimesha/Thesis/Unused/moveit_ur5_ws/build/moveit_ur5_msgs -- -j32 -l32
[5.860s] DEBUG:colcon.colcon_core.event_handler.log_command:Invoked command in '/home/nimesha/Thesis/Unused/moveit_ur5_ws/build/moveit_ur5_msgs' returned '0': CMAKE_PREFIX_PATH=${CMAKE_PREFIX_PATH}:/home/nimesha/Thesis/moveit_ur5_v2_ws/src/ws_moveit/install/moveit_configs_utils:/home/nimesha/Thesis/moveit_ur5_v2_ws/src/ws_moveit/install/launch_param_builder:/opt/ros/humble /usr/bin/cmake --build /home/nimesha/Thesis/Unused/moveit_ur5_ws/build/moveit_ur5_msgs -- -j32 -l32
[5.969s] DEBUG:colcon.colcon_core.event_handler.log_command:Invoking command in '/home/nimesha/Thesis/Unused/moveit_ur5_ws/build/moveit_ur5_msgs': CMAKE_PREFIX_PATH=${CMAKE_PREFIX_PATH}:/home/nimesha/Thesis/moveit_ur5_v2_ws/src/ws_moveit/install/moveit_configs_utils:/home/nimesha/Thesis/moveit_ur5_v2_ws/src/ws_moveit/install/launch_param_builder:/opt/ros/humble /usr/bin/cmake --install /home/nimesha/Thesis/Unused/moveit_ur5_ws/build/moveit_ur5_msgs
[6.009s] Level 1:colcon.colcon_core.environment:create_environment_scripts_only(moveit_ur5_msgs)
[6.010s] DEBUG:colcon.colcon_core.event_handler.log_command:Invoked command in '/home/nimesha/Thesis/Unused/moveit_ur5_ws/build/moveit_ur5_msgs' returned '0': CMAKE_PREFIX_PATH=${CMAKE_PREFIX_PATH}:/home/nimesha/Thesis/moveit_ur5_v2_ws/src/ws_moveit/install/moveit_configs_utils:/home/nimesha/Thesis/moveit_ur5_v2_ws/src/ws_moveit/install/launch_param_builder:/opt/ros/humble /usr/bin/cmake --install /home/nimesha/Thesis/Unused/moveit_ur5_ws/build/moveit_ur5_msgs
[6.011s] Level 1:colcon.colcon_core.environment:checking '/home/nimesha/Thesis/Unused/moveit_ur5_ws/install/moveit_ur5_msgs' for CMake module files
[6.011s] Level 1:colcon.colcon_core.environment:checking '/home/nimesha/Thesis/Unused/moveit_ur5_ws/install/moveit_ur5_msgs' for CMake config files
[6.011s] Level 1:colcon.colcon_core.shell:create_environment_hook('moveit_ur5_msgs', 'cmake_prefix_path')
[6.011s] INFO:colcon.colcon_core.shell:Creating environment hook '/home/nimesha/Thesis/Unused/moveit_ur5_ws/install/moveit_ur5_msgs/share/moveit_ur5_msgs/hook/cmake_prefix_path.ps1'
[6.012s] INFO:colcon.colcon_core.shell:Creating environment descriptor '/home/nimesha/Thesis/Unused/moveit_ur5_ws/install/moveit_ur5_msgs/share/moveit_ur5_msgs/hook/cmake_prefix_path.dsv'
[6.012s] INFO:colcon.colcon_core.shell:Creating environment hook '/home/nimesha/Thesis/Unused/moveit_ur5_ws/install/moveit_ur5_msgs/share/moveit_ur5_msgs/hook/cmake_prefix_path.sh'
[6.013s] Level 1:colcon.colcon_core.environment:checking '/home/nimesha/Thesis/Unused/moveit_ur5_ws/install/moveit_ur5_msgs/lib'
[6.013s] Level 1:colcon.colcon_core.shell:create_environment_hook('moveit_ur5_msgs', 'ld_library_path_lib')
[6.013s] INFO:colcon.colcon_core.shell:Creating environment hook '/home/nimesha/Thesis/Unused/moveit_ur5_ws/install/moveit_ur5_msgs/share/moveit_ur5_msgs/hook/ld_library_path_lib.ps1'
[6.013s] INFO:colcon.colcon_core.shell:Creating environment descriptor '/home/nimesha/Thesis/Unused/moveit_ur5_ws/install/moveit_ur5_msgs/share/moveit_ur5_msgs/hook/ld_library_path_lib.dsv'
[6.013s] INFO:colcon.colcon_core.shell:Creating environment hook '/home/nimesha/Thesis/Unused/moveit_ur5_ws/install/moveit_ur5_msgs/share/moveit_ur5_msgs/hook/ld_library_path_lib.sh'
[6.013s] Level 1:colcon.colcon_core.environment:checking '/home/nimesha/Thesis/Unused/moveit_ur5_ws/install/moveit_ur5_msgs/bin'
[6.013s] Level 1:colcon.colcon_core.environment:checking '/home/nimesha/Thesis/Unused/moveit_ur5_ws/install/moveit_ur5_msgs/lib/pkgconfig/moveit_ur5_msgs.pc'
[6.013s] Level 1:colcon.colcon_core.environment:checking '/home/nimesha/Thesis/Unused/moveit_ur5_ws/install/moveit_ur5_msgs/lib/python3.10/site-packages'
[6.014s] Level 1:colcon.colcon_core.environment:checking '/home/nimesha/Thesis/Unused/moveit_ur5_ws/install/moveit_ur5_msgs/bin'
[6.014s] INFO:colcon.colcon_core.shell:Creating package script '/home/nimesha/Thesis/Unused/moveit_ur5_ws/install/moveit_ur5_msgs/share/moveit_ur5_msgs/package.ps1'
[6.014s] INFO:colcon.colcon_core.shell:Creating package descriptor '/home/nimesha/Thesis/Unused/moveit_ur5_ws/install/moveit_ur5_msgs/share/moveit_ur5_msgs/package.dsv'
[6.014s] INFO:colcon.colcon_core.shell:Creating package script '/home/nimesha/Thesis/Unused/moveit_ur5_ws/install/moveit_ur5_msgs/share/moveit_ur5_msgs/package.sh'
[6.015s] INFO:colcon.colcon_core.shell:Creating package script '/home/nimesha/Thesis/Unused/moveit_ur5_ws/install/moveit_ur5_msgs/share/moveit_ur5_msgs/package.bash'
[6.015s] INFO:colcon.colcon_core.shell:Creating package script '/home/nimesha/Thesis/Unused/moveit_ur5_ws/install/moveit_ur5_msgs/share/moveit_ur5_msgs/package.zsh'
[6.015s] Level 1:colcon.colcon_core.environment:create_file_with_runtime_dependencies(/home/nimesha/Thesis/Unused/moveit_ur5_ws/install/moveit_ur5_msgs/share/colcon-core/packages/moveit_ur5_msgs)
[6.115s] Level 1:colcon.colcon_core.environment:create_environment_scripts_only(moveit_ur5_msgs)
[6.115s] Level 1:colcon.colcon_core.environment:checking '/home/nimesha/Thesis/Unused/moveit_ur5_ws/install/moveit_ur5_msgs' for CMake module files
[6.115s] Level 1:colcon.colcon_core.environment:checking '/home/nimesha/Thesis/Unused/moveit_ur5_ws/install/moveit_ur5_msgs' for CMake config files
[6.116s] Level 1:colcon.colcon_core.shell:create_environment_hook('moveit_ur5_msgs', 'cmake_prefix_path')
[6.116s] INFO:colcon.colcon_core.shell:Creating environment hook '/home/nimesha/Thesis/Unused/moveit_ur5_ws/install/moveit_ur5_msgs/share/moveit_ur5_msgs/hook/cmake_prefix_path.ps1'
[6.116s] INFO:colcon.colcon_core.shell:Creating environment descriptor '/home/nimesha/Thesis/Unused/moveit_ur5_ws/install/moveit_ur5_msgs/share/moveit_ur5_msgs/hook/cmake_prefix_path.dsv'
[6.116s] INFO:colcon.colcon_core.shell:Creating environment hook '/home/nimesha/Thesis/Unused/moveit_ur5_ws/install/moveit_ur5_msgs/share/moveit_ur5_msgs/hook/cmake_prefix_path.sh'
[6.116s] Level 1:colcon.colcon_core.environment:checking '/home/nimesha/Thesis/Unused/moveit_ur5_ws/install/moveit_ur5_msgs/lib'
[6.116s] Level 1:colcon.colcon_core.shell:create_environment_hook('moveit_ur5_msgs', 'ld_library_path_lib')
[6.117s] INFO:colcon.colcon_core.shell:Creating environment hook '/home/nimesha/Thesis/Unused/moveit_ur5_ws/install/moveit_ur5_msgs/share/moveit_ur5_msgs/hook/ld_library_path_lib.ps1'
[6.117s] INFO:colcon.colcon_core.shell:Creating environment descriptor '/home/nimesha/Thesis/Unused/moveit_ur5_ws/install/moveit_ur5_msgs/share/moveit_ur5_msgs/hook/ld_library_path_lib.dsv'
[6.117s] INFO:colcon.colcon_core.shell:Creating environment hook '/home/nimesha/Thesis/Unused/moveit_ur5_ws/install/moveit_ur5_msgs/share/moveit_ur5_msgs/hook/ld_library_path_lib.sh'
[6.117s] Level 1:colcon.colcon_core.environment:checking '/home/nimesha/Thesis/Unused/moveit_ur5_ws/install/moveit_ur5_msgs/bin'
[6.117s] Level 1:colcon.colcon_core.environment:checking '/home/nimesha/Thesis/Unused/moveit_ur5_ws/install/moveit_ur5_msgs/lib/pkgconfig/moveit_ur5_msgs.pc'
[6.117s] Level 1:colcon.colcon_core.environment:checking '/home/nimesha/Thesis/Unused/moveit_ur5_ws/install/moveit_ur5_msgs/lib/python3.10/site-packages'
[6.117s] Level 1:colcon.colcon_core.environment:checking '/home/nimesha/Thesis/Unused/moveit_ur5_ws/install/moveit_ur5_msgs/bin'
[6.118s] INFO:colcon.colcon_core.shell:Creating package script '/home/nimesha/Thesis/Unused/moveit_ur5_ws/install/moveit_ur5_msgs/share/moveit_ur5_msgs/package.ps1'
[6.118s] INFO:colcon.colcon_core.shell:Creating package descriptor '/home/nimesha/Thesis/Unused/moveit_ur5_ws/install/moveit_ur5_msgs/share/moveit_ur5_msgs/package.dsv'
[6.118s] INFO:colcon.colcon_core.shell:Creating package script '/home/nimesha/Thesis/Unused/moveit_ur5_ws/install/moveit_ur5_msgs/share/moveit_ur5_msgs/package.sh'
[6.118s] INFO:colcon.colcon_core.shell:Creating package script '/home/nimesha/Thesis/Unused/moveit_ur5_ws/install/moveit_ur5_msgs/share/moveit_ur5_msgs/package.bash'
[6.118s] INFO:colcon.colcon_core.shell:Creating package script '/home/nimesha/Thesis/Unused/moveit_ur5_ws/install/moveit_ur5_msgs/share/moveit_ur5_msgs/package.zsh'
[6.118s] Level 1:colcon.colcon_core.environment:create_file_with_runtime_dependencies(/home/nimesha/Thesis/Unused/moveit_ur5_ws/install/moveit_ur5_msgs/share/colcon-core/packages/moveit_ur5_msgs)
[6.119s] DEBUG:colcon.colcon_parallel_executor.executor.parallel:closing loop
[6.119s] DEBUG:colcon.colcon_parallel_executor.executor.parallel:loop closed
[6.119s] DEBUG:colcon.colcon_parallel_executor.executor.parallel:run_until_complete finished with '0'
[6.119s] DEBUG:colcon.colcon_core.event_reactor:joining thread
[6.133s] INFO:colcon.colcon_core.plugin_system:Skipping extension 'colcon_notification.desktop_notification.notify_send': Could not find 'notify-send'
[6.133s] INFO:colcon.colcon_core.plugin_system:Skipping extension 'colcon_notification.desktop_notification.terminal_notifier': Not used on non-Darwin systems
[6.134s] INFO:colcon.colcon_core.plugin_system:Skipping extension 'colcon_notification.desktop_notification.win32': Not used on non-Windows systems
[6.134s] INFO:colcon.colcon_notification.desktop_notification:Sending desktop notification using 'notify2'
[6.134s] DEBUG:colcon.colcon_notification.desktop_notification.notify2:Failed to initialize notify2: org.freedesktop.DBus.Error.FileNotFound: Failed to connect to socket /run/user/1000/bus: No such file or directory
[6.134s] DEBUG:colcon.colcon_core.event_reactor:joined thread
[6.134s] INFO:colcon.colcon_core.shell:Creating prefix script '/home/nimesha/Thesis/Unused/moveit_ur5_ws/install/local_setup.ps1'
[6.134s] INFO:colcon.colcon_core.shell:Creating prefix util module '/home/nimesha/Thesis/Unused/moveit_ur5_ws/install/_local_setup_util_ps1.py'
[6.135s] INFO:colcon.colcon_core.shell:Creating prefix chain script '/home/nimesha/Thesis/Unused/moveit_ur5_ws/install/setup.ps1'
[6.136s] INFO:colcon.colcon_core.shell:Creating prefix script '/home/nimesha/Thesis/Unused/moveit_ur5_ws/install/local_setup.sh'
[6.137s] INFO:colcon.colcon_core.shell:Creating prefix util module '/home/nimesha/Thesis/Unused/moveit_ur5_ws/install/_local_setup_util_sh.py'
[6.137s] INFO:colcon.colcon_core.shell:Creating prefix chain script '/home/nimesha/Thesis/Unused/moveit_ur5_ws/install/setup.sh'
[6.138s] INFO:colcon.colcon_core.shell:Creating prefix script '/home/nimesha/Thesis/Unused/moveit_ur5_ws/install/local_setup.bash'
[6.139s] INFO:colcon.colcon_core.shell:Creating prefix chain script '/home/nimesha/Thesis/Unused/moveit_ur5_ws/install/setup.bash'
[6.140s] INFO:colcon.colcon_core.shell:Creating prefix script '/home/nimesha/Thesis/Unused/moveit_ur5_ws/install/local_setup.zsh'
[6.140s] INFO:colcon.colcon_core.shell:Creating prefix chain script '/home/nimesha/Thesis/Unused/moveit_ur5_ws/install/setup.zsh'
