[0.269s] Invoking command in '/home/nimesha/Thesis/moveit_ur5_v2_ws/build/robotiq_2f_140_gripper_visualization': CMAKE_PREFIX_PATH=${CMAKE_PREFIX_PATH}:/home/nimesha/Thesis/moveit_ur5_v2_ws/install/moveit_configs_utils:/home/nimesha/Thesis/moveit_ur5_v2_ws/install/launch_param_builder:/home/nimesha/Thesis/moveit_ur5_v2_ws/src/ws_moveit/install/moveit_configs_utils:/home/nimesha/Thesis/moveit_ur5_v2_ws/src/ws_moveit/install/launch_param_builder:/opt/ros/humble /usr/bin/cmake --build /home/nimesha/Thesis/moveit_ur5_v2_ws/build/robotiq_2f_140_gripper_visualization -- -j32 -l32
[0.332s] Invoked command in '/home/nimesha/Thesis/moveit_ur5_v2_ws/build/robotiq_2f_140_gripper_visualization' returned '0': CMAKE_PREFIX_PATH=${CMAKE_PREFIX_PATH}:/home/nimesha/Thesis/moveit_ur5_v2_ws/install/moveit_configs_utils:/home/nimesha/Thesis/moveit_ur5_v2_ws/install/launch_param_builder:/home/nimesha/Thesis/moveit_ur5_v2_ws/src/ws_moveit/install/moveit_configs_utils:/home/nimesha/Thesis/moveit_ur5_v2_ws/src/ws_moveit/install/launch_param_builder:/opt/ros/humble /usr/bin/cmake --build /home/nimesha/Thesis/moveit_ur5_v2_ws/build/robotiq_2f_140_gripper_visualization -- -j32 -l32
[0.490s] Invoking command in '/home/nimesha/Thesis/moveit_ur5_v2_ws/build/robotiq_2f_140_gripper_visualization': CMAKE_PREFIX_PATH=${CMAKE_PREFIX_PATH}:/home/nimesha/Thesis/moveit_ur5_v2_ws/install/moveit_configs_utils:/home/nimesha/Thesis/moveit_ur5_v2_ws/install/launch_param_builder:/home/nimesha/Thesis/moveit_ur5_v2_ws/src/ws_moveit/install/moveit_configs_utils:/home/nimesha/Thesis/moveit_ur5_v2_ws/src/ws_moveit/install/launch_param_builder:/opt/ros/humble /usr/bin/cmake --install /home/nimesha/Thesis/moveit_ur5_v2_ws/build/robotiq_2f_140_gripper_visualization
[0.513s] -- Install configuration: ""
[0.513s] -- Up-to-date: /home/nimesha/Thesis/moveit_ur5_v2_ws/install/robotiq_2f_140_gripper_visualization/share/robotiq_2f_140_gripper_visualization/urdf
[0.514s] -- Up-to-date: /home/nimesha/Thesis/moveit_ur5_v2_ws/install/robotiq_2f_140_gripper_visualization/share/robotiq_2f_140_gripper_visualization/urdf/robotiq_arg2f_140_model.xacro
[0.515s] -- Up-to-date: /home/nimesha/Thesis/moveit_ur5_v2_ws/install/robotiq_2f_140_gripper_visualization/share/robotiq_2f_140_gripper_visualization/urdf/robotiq_arg2f.xacro
[0.517s] -- Up-to-date: /home/nimesha/Thesis/moveit_ur5_v2_ws/install/robotiq_2f_140_gripper_visualization/share/robotiq_2f_140_gripper_visualization/urdf/robotiq_arg2f_transmission.xacro
[0.517s] -- Up-to-date: /home/nimesha/Thesis/moveit_ur5_v2_ws/install/robotiq_2f_140_gripper_visualization/share/robotiq_2f_140_gripper_visualization/urdf/robotiq_arg2f_140_model_macro.xacro
[0.517s] -- Up-to-date: /home/nimesha/Thesis/moveit_ur5_v2_ws/install/robotiq_2f_140_gripper_visualization/share/robotiq_2f_140_gripper_visualization/meshes
[0.517s] -- Up-to-date: /home/nimesha/Thesis/moveit_ur5_v2_ws/install/robotiq_2f_140_gripper_visualization/share/robotiq_2f_140_gripper_visualization/meshes/collision
[0.518s] -- Up-to-date: /home/nimesha/Thesis/moveit_ur5_v2_ws/install/robotiq_2f_140_gripper_visualization/share/robotiq_2f_140_gripper_visualization/meshes/collision/robotiq_arg2f_base_link.stl
[0.518s] -- Up-to-date: /home/nimesha/Thesis/moveit_ur5_v2_ws/install/robotiq_2f_140_gripper_visualization/share/robotiq_2f_140_gripper_visualization/meshes/collision/robotiq_arg2f_140_inner_finger.stl
[0.519s] -- Up-to-date: /home/nimesha/Thesis/moveit_ur5_v2_ws/install/robotiq_2f_140_gripper_visualization/share/robotiq_2f_140_gripper_visualization/meshes/collision/robotiq_arg2f_140_outer_finger.stl
[0.520s] -- Up-to-date: /home/nimesha/Thesis/moveit_ur5_v2_ws/install/robotiq_2f_140_gripper_visualization/share/robotiq_2f_140_gripper_visualization/meshes/collision/robotiq_arg2f_140_inner_knuckle.stl
[0.520s] -- Up-to-date: /home/nimesha/Thesis/moveit_ur5_v2_ws/install/robotiq_2f_140_gripper_visualization/share/robotiq_2f_140_gripper_visualization/meshes/collision/robotiq_arg2f_coupling.stl
[0.520s] -- Up-to-date: /home/nimesha/Thesis/moveit_ur5_v2_ws/install/robotiq_2f_140_gripper_visualization/share/robotiq_2f_140_gripper_visualization/meshes/collision/robotiq_arg2f_140_outer_knuckle.stl
[0.520s] -- Up-to-date: /home/nimesha/Thesis/moveit_ur5_v2_ws/install/robotiq_2f_140_gripper_visualization/share/robotiq_2f_140_gripper_visualization/meshes/visual
[0.520s] -- Up-to-date: /home/nimesha/Thesis/moveit_ur5_v2_ws/install/robotiq_2f_140_gripper_visualization/share/robotiq_2f_140_gripper_visualization/meshes/visual/robotiq_arg2f_base_link.stl
[0.520s] -- Up-to-date: /home/nimesha/Thesis/moveit_ur5_v2_ws/install/robotiq_2f_140_gripper_visualization/share/robotiq_2f_140_gripper_visualization/meshes/visual/robotiq_arg2f_140_inner_finger.stl
[0.521s] -- Up-to-date: /home/nimesha/Thesis/moveit_ur5_v2_ws/install/robotiq_2f_140_gripper_visualization/share/robotiq_2f_140_gripper_visualization/meshes/visual/robotiq_arg2f_140_outer_finger.stl
[0.521s] -- Up-to-date: /home/nimesha/Thesis/moveit_ur5_v2_ws/install/robotiq_2f_140_gripper_visualization/share/robotiq_2f_140_gripper_visualization/meshes/visual/robotiq_arg2f_140_inner_knuckle.stl
[0.521s] -- Up-to-date: /home/nimesha/Thesis/moveit_ur5_v2_ws/install/robotiq_2f_140_gripper_visualization/share/robotiq_2f_140_gripper_visualization/meshes/visual/robotiq_arg2f_coupling.stl
[0.521s] -- Up-to-date: /home/nimesha/Thesis/moveit_ur5_v2_ws/install/robotiq_2f_140_gripper_visualization/share/robotiq_2f_140_gripper_visualization/meshes/visual/robotiq_arg2f_140_outer_knuckle.stl
[0.521s] -- Up-to-date: /home/nimesha/Thesis/moveit_ur5_v2_ws/install/robotiq_2f_140_gripper_visualization/share/ament_index/resource_index/package_run_dependencies/robotiq_2f_140_gripper_visualization
[0.521s] -- Up-to-date: /home/nimesha/Thesis/moveit_ur5_v2_ws/install/robotiq_2f_140_gripper_visualization/share/ament_index/resource_index/parent_prefix_path/robotiq_2f_140_gripper_visualization
[0.521s] -- Up-to-date: /home/nimesha/Thesis/moveit_ur5_v2_ws/install/robotiq_2f_140_gripper_visualization/share/robotiq_2f_140_gripper_visualization/environment/ament_prefix_path.sh
[0.521s] -- Up-to-date: /home/nimesha/Thesis/moveit_ur5_v2_ws/install/robotiq_2f_140_gripper_visualization/share/robotiq_2f_140_gripper_visualization/environment/ament_prefix_path.dsv
[0.521s] -- Up-to-date: /home/nimesha/Thesis/moveit_ur5_v2_ws/install/robotiq_2f_140_gripper_visualization/share/robotiq_2f_140_gripper_visualization/environment/path.sh
[0.521s] -- Up-to-date: /home/nimesha/Thesis/moveit_ur5_v2_ws/install/robotiq_2f_140_gripper_visualization/share/robotiq_2f_140_gripper_visualization/environment/path.dsv
[0.522s] -- Up-to-date: /home/nimesha/Thesis/moveit_ur5_v2_ws/install/robotiq_2f_140_gripper_visualization/share/robotiq_2f_140_gripper_visualization/local_setup.bash
[0.522s] -- Up-to-date: /home/nimesha/Thesis/moveit_ur5_v2_ws/install/robotiq_2f_140_gripper_visualization/share/robotiq_2f_140_gripper_visualization/local_setup.sh
[0.522s] -- Up-to-date: /home/nimesha/Thesis/moveit_ur5_v2_ws/install/robotiq_2f_140_gripper_visualization/share/robotiq_2f_140_gripper_visualization/local_setup.zsh
[0.522s] -- Up-to-date: /home/nimesha/Thesis/moveit_ur5_v2_ws/install/robotiq_2f_140_gripper_visualization/share/robotiq_2f_140_gripper_visualization/local_setup.dsv
[0.522s] -- Installing: /home/nimesha/Thesis/moveit_ur5_v2_ws/install/robotiq_2f_140_gripper_visualization/share/robotiq_2f_140_gripper_visualization/package.dsv
[0.522s] -- Up-to-date: /home/nimesha/Thesis/moveit_ur5_v2_ws/install/robotiq_2f_140_gripper_visualization/share/ament_index/resource_index/packages/robotiq_2f_140_gripper_visualization
[0.522s] -- Up-to-date: /home/nimesha/Thesis/moveit_ur5_v2_ws/install/robotiq_2f_140_gripper_visualization/share/robotiq_2f_140_gripper_visualization/cmake/robotiq_2f_140_gripper_visualizationConfig.cmake
[0.523s] -- Up-to-date: /home/nimesha/Thesis/moveit_ur5_v2_ws/install/robotiq_2f_140_gripper_visualization/share/robotiq_2f_140_gripper_visualization/cmake/robotiq_2f_140_gripper_visualizationConfig-version.cmake
[0.523s] -- Up-to-date: /home/nimesha/Thesis/moveit_ur5_v2_ws/install/robotiq_2f_140_gripper_visualization/share/robotiq_2f_140_gripper_visualization/package.xml
[0.557s] Invoked command in '/home/nimesha/Thesis/moveit_ur5_v2_ws/build/robotiq_2f_140_gripper_visualization' returned '0': CMAKE_PREFIX_PATH=${CMAKE_PREFIX_PATH}:/home/nimesha/Thesis/moveit_ur5_v2_ws/install/moveit_configs_utils:/home/nimesha/Thesis/moveit_ur5_v2_ws/install/launch_param_builder:/home/nimesha/Thesis/moveit_ur5_v2_ws/src/ws_moveit/install/moveit_configs_utils:/home/nimesha/Thesis/moveit_ur5_v2_ws/src/ws_moveit/install/launch_param_builder:/opt/ros/humble /usr/bin/cmake --install /home/nimesha/Thesis/moveit_ur5_v2_ws/build/robotiq_2f_140_gripper_visualization
