[0.057s] Invoking command in '/home/nimesha/thesis/ws_moveit/build/moveit_common': CMAKE_PREFIX_PATH=${CMAKE_PREFIX_PATH}:/opt/ros/humble:/home/nimesha/thesis/ws_moveit/install/moveit_configs_utils:/opt/ros/rolling /usr/bin/cmake --build /home/nimesha/thesis/ws_moveit/build/moveit_common -- -j32 -l32
[0.238s] Invoked command in '/home/nimesha/thesis/ws_moveit/build/moveit_common' returned '0': CMAKE_PREFIX_PATH=${CMAKE_PREFIX_PATH}:/opt/ros/humble:/home/nimesha/thesis/ws_moveit/install/moveit_configs_utils:/opt/ros/rolling /usr/bin/cmake --build /home/nimesha/thesis/ws_moveit/build/moveit_common -- -j32 -l32
[0.271s] Invoking command in '/home/nimesha/thesis/ws_moveit/build/moveit_common': CMAKE_PREFIX_PATH=${CMAKE_PREFIX_PATH}:/opt/ros/humble:/home/nimesha/thesis/ws_moveit/install/moveit_configs_utils:/opt/ros/rolling /usr/bin/cmake --install /home/nimesha/thesis/ws_moveit/build/moveit_common
[0.279s] -- Install configuration: "Release"
[0.280s] -- Up-to-date: /home/nimesha/thesis/ws_moveit/install/moveit_common/share/ament_index/resource_index/package_run_dependencies/moveit_common
[0.281s] -- Up-to-date: /home/nimesha/thesis/ws_moveit/install/moveit_common/share/ament_index/resource_index/parent_prefix_path/moveit_common
[0.282s] -- Up-to-date: /home/nimesha/thesis/ws_moveit/install/moveit_common/share/moveit_common/environment/ament_prefix_path.sh
[0.283s] -- Up-to-date: /home/nimesha/thesis/ws_moveit/install/moveit_common/share/moveit_common/environment/ament_prefix_path.dsv
[0.283s] -- Up-to-date: /home/nimesha/thesis/ws_moveit/install/moveit_common/share/moveit_common/environment/path.sh
[0.283s] -- Up-to-date: /home/nimesha/thesis/ws_moveit/install/moveit_common/share/moveit_common/environment/path.dsv
[0.284s] -- Up-to-date: /home/nimesha/thesis/ws_moveit/install/moveit_common/share/moveit_common/local_setup.bash
[0.285s] -- Up-to-date: /home/nimesha/thesis/ws_moveit/install/moveit_common/share/moveit_common/local_setup.sh
[0.287s] -- Up-to-date: /home/nimesha/thesis/ws_moveit/install/moveit_common/share/moveit_common/local_setup.zsh
[0.287s] -- Up-to-date: /home/nimesha/thesis/ws_moveit/install/moveit_common/share/moveit_common/local_setup.dsv
[0.287s] -- Installing: /home/nimesha/thesis/ws_moveit/install/moveit_common/share/moveit_common/package.dsv
[0.289s] -- Up-to-date: /home/nimesha/thesis/ws_moveit/install/moveit_common/share/ament_index/resource_index/packages/moveit_common
[0.289s] -- Up-to-date: /home/nimesha/thesis/ws_moveit/install/moveit_common/share/moveit_common/cmake/moveit_common-extras.cmake
[0.289s] -- Up-to-date: /home/nimesha/thesis/ws_moveit/install/moveit_common/share/moveit_common/cmake/moveit_commonConfig.cmake
[0.289s] -- Up-to-date: /home/nimesha/thesis/ws_moveit/install/moveit_common/share/moveit_common/cmake/moveit_commonConfig-version.cmake
[0.289s] -- Up-to-date: /home/nimesha/thesis/ws_moveit/install/moveit_common/share/moveit_common/package.xml
[0.289s] -- Up-to-date: /home/nimesha/thesis/ws_moveit/install/moveit_common/share/moveit_common/cmake
[0.290s] -- Up-to-date: /home/nimesha/thesis/ws_moveit/install/moveit_common/share/moveit_common/cmake/moveit_package.cmake
[0.294s] Invoked command in '/home/nimesha/thesis/ws_moveit/build/moveit_common' returned '0': CMAKE_PREFIX_PATH=${CMAKE_PREFIX_PATH}:/opt/ros/humble:/home/nimesha/thesis/ws_moveit/install/moveit_configs_utils:/opt/ros/rolling /usr/bin/cmake --install /home/nimesha/thesis/ws_moveit/build/moveit_common
