[0.569s] Invoking command in '/home/nimesha/thesis/ws_moveit/src/launch_param_builder': PYTHONPATH=/home/nimesha/thesis/ws_moveit/build/launch_param_builder/prefix_override:/usr/lib/python3/dist-packages/colcon_core/task/python/colcon_distutils_commands:/home/nimesha/thesis/ws_moveit/install/launch_param_builder/lib/python3.10/site-packages:${PYTHONPATH} /usr/bin/python3 -W ignore:setup.py install is deprecated setup.py egg_info --egg-base ../../build/launch_param_builder build --build-base /home/nimesha/thesis/ws_moveit/build/launch_param_builder/build install --record /home/nimesha/thesis/ws_moveit/build/launch_param_builder/install.log --single-version-externally-managed install_data
[0.695s] running egg_info
[0.696s] writing ../../build/launch_param_builder/launch_param_builder.egg-info/PKG-INFO
[0.696s] writing dependency_links to ../../build/launch_param_builder/launch_param_builder.egg-info/dependency_links.txt
[0.697s] writing entry points to ../../build/launch_param_builder/launch_param_builder.egg-info/entry_points.txt
[0.697s] writing requirements to ../../build/launch_param_builder/launch_param_builder.egg-info/requires.txt
[0.697s] writing top-level names to ../../build/launch_param_builder/launch_param_builder.egg-info/top_level.txt
[0.698s] reading manifest file '../../build/launch_param_builder/launch_param_builder.egg-info/SOURCES.txt'
[0.699s] adding license file 'LICENSE'
[0.699s] writing manifest file '../../build/launch_param_builder/launch_param_builder.egg-info/SOURCES.txt'
[0.699s] running build
[0.699s] running build_py
[0.700s] running install
[0.700s] running install_lib
[0.701s] running install_data
[0.702s] running install_egg_info
[0.703s] removing '/home/nimesha/thesis/ws_moveit/install/launch_param_builder/lib/python3.10/site-packages/launch_param_builder-0.1.1-py3.10.egg-info' (and everything under it)
[0.704s] Copying ../../build/launch_param_builder/launch_param_builder.egg-info to /home/nimesha/thesis/ws_moveit/install/launch_param_builder/lib/python3.10/site-packages/launch_param_builder-0.1.1-py3.10.egg-info
[0.704s] running install_scripts
[0.715s] writing list of installed files to '/home/nimesha/thesis/ws_moveit/build/launch_param_builder/install.log'
[0.726s] Invoked command in '/home/nimesha/thesis/ws_moveit/src/launch_param_builder' returned '0': PYTHONPATH=/home/nimesha/thesis/ws_moveit/build/launch_param_builder/prefix_override:/usr/lib/python3/dist-packages/colcon_core/task/python/colcon_distutils_commands:/home/nimesha/thesis/ws_moveit/install/launch_param_builder/lib/python3.10/site-packages:${PYTHONPATH} /usr/bin/python3 -W ignore:setup.py install is deprecated setup.py egg_info --egg-base ../../build/launch_param_builder build --build-base /home/nimesha/thesis/ws_moveit/build/launch_param_builder/build install --record /home/nimesha/thesis/ws_moveit/build/launch_param_builder/install.log --single-version-externally-managed install_data
