[0.008s] Invoking command in '/home/nimesha/Thesis/moveit_ur5_v2_ws/src/ws_moveit/build/moveit_resources_fanuc_description': CMAKE_PREFIX_PATH=${CMAKE_PREFIX_PATH}:/home/nimesha/Thesis/ws_moveit/install/moveit_configs_utils:/home/nimesha/Thesis/ws_moveit/install/launch_param_builder:/opt/ros/humble /usr/bin/cmake /home/nimesha/Thesis/moveit_ur5_v2_ws/src/ws_moveit/src/moveit_resources/fanuc_description -DCMAKE_BUILD_TYPE=Release -DCMAKE_INSTALL_PREFIX=/home/nimesha/Thesis/moveit_ur5_v2_ws/src/ws_moveit/install/moveit_resources_fanuc_description
[0.262s] -- The C compiler identification is GNU 11.4.0
[0.519s] -- The CXX compiler identification is GNU 11.4.0
[0.613s] -- Detecting C compiler ABI info
[0.687s] -- Detecting C compiler ABI info - done
[0.692s] -- Check for working C compiler: /usr/bin/cc - skipped
[0.696s] -- Detecting C compile features
[0.697s] -- Detecting C compile features - done
[0.699s] -- Detecting CXX compiler ABI info
[0.775s] -- Detecting CXX compiler ABI info - done
[0.780s] -- Check for working CXX compiler: /usr/bin/c++ - skipped
[0.780s] -- Detecting CXX compile features
[0.780s] -- Detecting CXX compile features - done
[0.780s] -- Found ament_cmake: 1.3.10 (/home/nimesha/ros2_humble/ros2-linux/share/ament_cmake/cmake)
[0.870s] -- Found Python3: /usr/bin/python3 (found version "3.10.12") found components: Interpreter 
[0.956s] -- Configuring done
[0.958s] -- Generating done
[0.958s] -- Build files have been written to: /home/nimesha/Thesis/moveit_ur5_v2_ws/src/ws_moveit/build/moveit_resources_fanuc_description
[0.962s] Invoked command in '/home/nimesha/Thesis/moveit_ur5_v2_ws/src/ws_moveit/build/moveit_resources_fanuc_description' returned '0': CMAKE_PREFIX_PATH=${CMAKE_PREFIX_PATH}:/home/nimesha/Thesis/ws_moveit/install/moveit_configs_utils:/home/nimesha/Thesis/ws_moveit/install/launch_param_builder:/opt/ros/humble /usr/bin/cmake /home/nimesha/Thesis/moveit_ur5_v2_ws/src/ws_moveit/src/moveit_resources/fanuc_description -DCMAKE_BUILD_TYPE=Release -DCMAKE_INSTALL_PREFIX=/home/nimesha/Thesis/moveit_ur5_v2_ws/src/ws_moveit/install/moveit_resources_fanuc_description
[0.962s] Invoking command in '/home/nimesha/Thesis/moveit_ur5_v2_ws/src/ws_moveit/build/moveit_resources_fanuc_description': CMAKE_PREFIX_PATH=${CMAKE_PREFIX_PATH}:/home/nimesha/Thesis/ws_moveit/install/moveit_configs_utils:/home/nimesha/Thesis/ws_moveit/install/launch_param_builder:/opt/ros/humble /usr/bin/cmake --build /home/nimesha/Thesis/moveit_ur5_v2_ws/src/ws_moveit/build/moveit_resources_fanuc_description -- -j32 -l32
[0.984s] Invoked command in '/home/nimesha/Thesis/moveit_ur5_v2_ws/src/ws_moveit/build/moveit_resources_fanuc_description' returned '0': CMAKE_PREFIX_PATH=${CMAKE_PREFIX_PATH}:/home/nimesha/Thesis/ws_moveit/install/moveit_configs_utils:/home/nimesha/Thesis/ws_moveit/install/launch_param_builder:/opt/ros/humble /usr/bin/cmake --build /home/nimesha/Thesis/moveit_ur5_v2_ws/src/ws_moveit/build/moveit_resources_fanuc_description -- -j32 -l32
[1.006s] Invoking command in '/home/nimesha/Thesis/moveit_ur5_v2_ws/src/ws_moveit/build/moveit_resources_fanuc_description': CMAKE_PREFIX_PATH=${CMAKE_PREFIX_PATH}:/home/nimesha/Thesis/ws_moveit/install/moveit_configs_utils:/home/nimesha/Thesis/ws_moveit/install/launch_param_builder:/opt/ros/humble /usr/bin/cmake --install /home/nimesha/Thesis/moveit_ur5_v2_ws/src/ws_moveit/build/moveit_resources_fanuc_description
[1.011s] -- Install configuration: "Release"
[1.011s] -- Installing: /home/nimesha/Thesis/moveit_ur5_v2_ws/src/ws_moveit/install/moveit_resources_fanuc_description/share/ament_index/resource_index/package_run_dependencies/moveit_resources_fanuc_description
[1.011s] -- Installing: /home/nimesha/Thesis/moveit_ur5_v2_ws/src/ws_moveit/install/moveit_resources_fanuc_description/share/ament_index/resource_index/parent_prefix_path/moveit_resources_fanuc_description
[1.012s] -- Installing: /home/nimesha/Thesis/moveit_ur5_v2_ws/src/ws_moveit/install/moveit_resources_fanuc_description/share/moveit_resources_fanuc_description/environment/ament_prefix_path.sh
[1.012s] -- Installing: /home/nimesha/Thesis/moveit_ur5_v2_ws/src/ws_moveit/install/moveit_resources_fanuc_description/share/moveit_resources_fanuc_description/environment/ament_prefix_path.dsv
[1.012s] -- Installing: /home/nimesha/Thesis/moveit_ur5_v2_ws/src/ws_moveit/install/moveit_resources_fanuc_description/share/moveit_resources_fanuc_description/environment/path.sh
[1.012s] -- Installing: /home/nimesha/Thesis/moveit_ur5_v2_ws/src/ws_moveit/install/moveit_resources_fanuc_description/share/moveit_resources_fanuc_description/environment/path.dsv
[1.012s] -- Installing: /home/nimesha/Thesis/moveit_ur5_v2_ws/src/ws_moveit/install/moveit_resources_fanuc_description/share/moveit_resources_fanuc_description/local_setup.bash
[1.012s] -- Installing: /home/nimesha/Thesis/moveit_ur5_v2_ws/src/ws_moveit/install/moveit_resources_fanuc_description/share/moveit_resources_fanuc_description/local_setup.sh
[1.012s] -- Installing: /home/nimesha/Thesis/moveit_ur5_v2_ws/src/ws_moveit/install/moveit_resources_fanuc_description/share/moveit_resources_fanuc_description/local_setup.zsh
[1.012s] -- Installing: /home/nimesha/Thesis/moveit_ur5_v2_ws/src/ws_moveit/install/moveit_resources_fanuc_description/share/moveit_resources_fanuc_description/local_setup.dsv
[1.012s] -- Installing: /home/nimesha/Thesis/moveit_ur5_v2_ws/src/ws_moveit/install/moveit_resources_fanuc_description/share/moveit_resources_fanuc_description/package.dsv
[1.012s] -- Installing: /home/nimesha/Thesis/moveit_ur5_v2_ws/src/ws_moveit/install/moveit_resources_fanuc_description/share/ament_index/resource_index/packages/moveit_resources_fanuc_description
[1.012s] -- Installing: /home/nimesha/Thesis/moveit_ur5_v2_ws/src/ws_moveit/install/moveit_resources_fanuc_description/share/moveit_resources_fanuc_description/cmake/moveit_resources_fanuc_descriptionConfig.cmake
[1.013s] -- Installing: /home/nimesha/Thesis/moveit_ur5_v2_ws/src/ws_moveit/install/moveit_resources_fanuc_description/share/moveit_resources_fanuc_description/cmake/moveit_resources_fanuc_descriptionConfig-version.cmake
[1.013s] -- Installing: /home/nimesha/Thesis/moveit_ur5_v2_ws/src/ws_moveit/install/moveit_resources_fanuc_description/share/moveit_resources_fanuc_description/package.xml
[1.013s] -- Installing: /home/nimesha/Thesis/moveit_ur5_v2_ws/src/ws_moveit/install/moveit_resources_fanuc_description/share/moveit_resources_fanuc_description/meshes
[1.013s] -- Installing: /home/nimesha/Thesis/moveit_ur5_v2_ws/src/ws_moveit/install/moveit_resources_fanuc_description/share/moveit_resources_fanuc_description/meshes/collision
[1.014s] -- Installing: /home/nimesha/Thesis/moveit_ur5_v2_ws/src/ws_moveit/install/moveit_resources_fanuc_description/share/moveit_resources_fanuc_description/meshes/collision/link_6.stl
[1.016s] -- Installing: /home/nimesha/Thesis/moveit_ur5_v2_ws/src/ws_moveit/install/moveit_resources_fanuc_description/share/moveit_resources_fanuc_description/meshes/collision/link_2.stl
[1.017s] -- Installing: /home/nimesha/Thesis/moveit_ur5_v2_ws/src/ws_moveit/install/moveit_resources_fanuc_description/share/moveit_resources_fanuc_description/meshes/collision/link_5.stl
[1.018s] -- Installing: /home/nimesha/Thesis/moveit_ur5_v2_ws/src/ws_moveit/install/moveit_resources_fanuc_description/share/moveit_resources_fanuc_description/meshes/collision/link_4.stl
[1.019s] -- Installing: /home/nimesha/Thesis/moveit_ur5_v2_ws/src/ws_moveit/install/moveit_resources_fanuc_description/share/moveit_resources_fanuc_description/meshes/collision/link_3.stl
[1.022s] -- Installing: /home/nimesha/Thesis/moveit_ur5_v2_ws/src/ws_moveit/install/moveit_resources_fanuc_description/share/moveit_resources_fanuc_description/meshes/collision/link_1.stl
[1.024s] -- Installing: /home/nimesha/Thesis/moveit_ur5_v2_ws/src/ws_moveit/install/moveit_resources_fanuc_description/share/moveit_resources_fanuc_description/meshes/collision/base_link.stl
[1.025s] -- Installing: /home/nimesha/Thesis/moveit_ur5_v2_ws/src/ws_moveit/install/moveit_resources_fanuc_description/share/moveit_resources_fanuc_description/meshes/visual
[1.025s] -- Installing: /home/nimesha/Thesis/moveit_ur5_v2_ws/src/ws_moveit/install/moveit_resources_fanuc_description/share/moveit_resources_fanuc_description/meshes/visual/link_6.stl
[1.026s] -- Installing: /home/nimesha/Thesis/moveit_ur5_v2_ws/src/ws_moveit/install/moveit_resources_fanuc_description/share/moveit_resources_fanuc_description/meshes/visual/link_2.stl
[1.028s] -- Installing: /home/nimesha/Thesis/moveit_ur5_v2_ws/src/ws_moveit/install/moveit_resources_fanuc_description/share/moveit_resources_fanuc_description/meshes/visual/link_5.stl
[1.029s] -- Installing: /home/nimesha/Thesis/moveit_ur5_v2_ws/src/ws_moveit/install/moveit_resources_fanuc_description/share/moveit_resources_fanuc_description/meshes/visual/link_4.stl
[1.030s] -- Installing: /home/nimesha/Thesis/moveit_ur5_v2_ws/src/ws_moveit/install/moveit_resources_fanuc_description/share/moveit_resources_fanuc_description/meshes/visual/link_3.stl
[1.032s] -- Installing: /home/nimesha/Thesis/moveit_ur5_v2_ws/src/ws_moveit/install/moveit_resources_fanuc_description/share/moveit_resources_fanuc_description/meshes/visual/link_1.stl
[1.035s] -- Installing: /home/nimesha/Thesis/moveit_ur5_v2_ws/src/ws_moveit/install/moveit_resources_fanuc_description/share/moveit_resources_fanuc_description/meshes/visual/base_link.stl
[1.036s] -- Installing: /home/nimesha/Thesis/moveit_ur5_v2_ws/src/ws_moveit/install/moveit_resources_fanuc_description/share/moveit_resources_fanuc_description/urdf
[1.036s] -- Installing: /home/nimesha/Thesis/moveit_ur5_v2_ws/src/ws_moveit/install/moveit_resources_fanuc_description/share/moveit_resources_fanuc_description/urdf/fanuc.urdf
[1.038s] Invoked command in '/home/nimesha/Thesis/moveit_ur5_v2_ws/src/ws_moveit/build/moveit_resources_fanuc_description' returned '0': CMAKE_PREFIX_PATH=${CMAKE_PREFIX_PATH}:/home/nimesha/Thesis/ws_moveit/install/moveit_configs_utils:/home/nimesha/Thesis/ws_moveit/install/launch_param_builder:/opt/ros/humble /usr/bin/cmake --install /home/nimesha/Thesis/moveit_ur5_v2_ws/src/ws_moveit/build/moveit_resources_fanuc_description
