[0.516s] Invoking command in '/home/nimesha/thesis/ws_moveit/src/moveit2/moveit_configs_utils': AMENT_PREFIX_PATH=/home/nimesha/thesis/ws_moveit/install/srdfdom:/home/nimesha/thesis/ws_moveit/install/launch_param_builder:${AMENT_PREFIX_PATH} CMAKE_PREFIX_PATH=/home/nimesha/thesis/ws_moveit/install/srdfdom:${CMAKE_PREFIX_PATH} LD_LIBRARY_PATH=/home/nimesha/thesis/ws_moveit/install/srdfdom/lib:/opt/ros/humble/lib/x86_64-linux-gnu:/opt/ros/humble/lib:/home/nimesha/ros2_humble/ros2-linux/opt/rviz_ogre_vendor/lib:/opt/rti.com/rti_connext_dds-6.0.1/lib/x64Linux4gcc7.3.0:/opt/rti.com/rti_connext_dds-6.0.1/bin:/home/nimesha/ros2_humble/ros2-linux/lib:/opt/ros/rolling/opt/rviz_ogre_vendor/lib:/opt/ros/rolling/lib/x86_64-linux-gnu:/opt/ros/rolling/lib:/usr/lib/nvidia PYTHONPATH=/home/nimesha/thesis/ws_moveit/build/moveit_configs_utils/prefix_override:/usr/lib/python3/dist-packages/colcon_core/task/python/colcon_distutils_commands:/home/nimesha/thesis/ws_moveit/install/moveit_configs_utils/lib/python3.10/site-packages:/home/nimesha/thesis/ws_moveit/install/srdfdom/local/lib/python3.10/dist-packages:/home/nimesha/thesis/ws_moveit/install/launch_param_builder/lib/python3.10/site-packages:${PYTHONPATH} /usr/bin/python3 -W ignore:setup.py install is deprecated setup.py egg_info --egg-base ../../../build/moveit_configs_utils build --build-base /home/nimesha/thesis/ws_moveit/build/moveit_configs_utils/build install --record /home/nimesha/thesis/ws_moveit/build/moveit_configs_utils/install.log --single-version-externally-managed install_data
[0.644s] running egg_info
[0.644s] creating ../../../build/moveit_configs_utils/moveit_configs_utils.egg-info
[0.645s] writing ../../../build/moveit_configs_utils/moveit_configs_utils.egg-info/PKG-INFO
[0.645s] writing dependency_links to ../../../build/moveit_configs_utils/moveit_configs_utils.egg-info/dependency_links.txt
[0.645s] writing entry points to ../../../build/moveit_configs_utils/moveit_configs_utils.egg-info/entry_points.txt
[0.645s] writing requirements to ../../../build/moveit_configs_utils/moveit_configs_utils.egg-info/requires.txt
[0.645s] writing top-level names to ../../../build/moveit_configs_utils/moveit_configs_utils.egg-info/top_level.txt
[0.645s] writing manifest file '../../../build/moveit_configs_utils/moveit_configs_utils.egg-info/SOURCES.txt'
[0.646s] reading manifest file '../../../build/moveit_configs_utils/moveit_configs_utils.egg-info/SOURCES.txt'
[0.647s] writing manifest file '../../../build/moveit_configs_utils/moveit_configs_utils.egg-info/SOURCES.txt'
[0.647s] running build
[0.647s] running build_py
[0.647s] creating /home/nimesha/thesis/ws_moveit/build/moveit_configs_utils/build
[0.647s] creating /home/nimesha/thesis/ws_moveit/build/moveit_configs_utils/build/lib
[0.647s] creating /home/nimesha/thesis/ws_moveit/build/moveit_configs_utils/build/lib/moveit_configs_utils
[0.647s] copying moveit_configs_utils/launch_utils.py -> /home/nimesha/thesis/ws_moveit/build/moveit_configs_utils/build/lib/moveit_configs_utils
[0.649s] copying moveit_configs_utils/launches.py -> /home/nimesha/thesis/ws_moveit/build/moveit_configs_utils/build/lib/moveit_configs_utils
[0.649s] copying moveit_configs_utils/__init__.py -> /home/nimesha/thesis/ws_moveit/build/moveit_configs_utils/build/lib/moveit_configs_utils
[0.650s] copying moveit_configs_utils/moveit_configs_builder.py -> /home/nimesha/thesis/ws_moveit/build/moveit_configs_utils/build/lib/moveit_configs_utils
[0.650s] creating /home/nimesha/thesis/ws_moveit/build/moveit_configs_utils/build/lib/moveit_configs_utils/substitutions
[0.650s] copying moveit_configs_utils/substitutions/__init__.py -> /home/nimesha/thesis/ws_moveit/build/moveit_configs_utils/build/lib/moveit_configs_utils/substitutions
[0.650s] copying moveit_configs_utils/substitutions/xacro.py -> /home/nimesha/thesis/ws_moveit/build/moveit_configs_utils/build/lib/moveit_configs_utils/substitutions
[0.651s] running install
[0.651s] running install_lib
[0.651s] creating /home/nimesha/thesis/ws_moveit/install/moveit_configs_utils/lib/python3.10/site-packages/moveit_configs_utils
[0.652s] copying /home/nimesha/thesis/ws_moveit/build/moveit_configs_utils/build/lib/moveit_configs_utils/launch_utils.py -> /home/nimesha/thesis/ws_moveit/install/moveit_configs_utils/lib/python3.10/site-packages/moveit_configs_utils
[0.652s] copying /home/nimesha/thesis/ws_moveit/build/moveit_configs_utils/build/lib/moveit_configs_utils/launches.py -> /home/nimesha/thesis/ws_moveit/install/moveit_configs_utils/lib/python3.10/site-packages/moveit_configs_utils
[0.652s] copying /home/nimesha/thesis/ws_moveit/build/moveit_configs_utils/build/lib/moveit_configs_utils/__init__.py -> /home/nimesha/thesis/ws_moveit/install/moveit_configs_utils/lib/python3.10/site-packages/moveit_configs_utils
[0.652s] copying /home/nimesha/thesis/ws_moveit/build/moveit_configs_utils/build/lib/moveit_configs_utils/moveit_configs_builder.py -> /home/nimesha/thesis/ws_moveit/install/moveit_configs_utils/lib/python3.10/site-packages/moveit_configs_utils
[0.652s] creating /home/nimesha/thesis/ws_moveit/install/moveit_configs_utils/lib/python3.10/site-packages/moveit_configs_utils/substitutions
[0.652s] copying /home/nimesha/thesis/ws_moveit/build/moveit_configs_utils/build/lib/moveit_configs_utils/substitutions/__init__.py -> /home/nimesha/thesis/ws_moveit/install/moveit_configs_utils/lib/python3.10/site-packages/moveit_configs_utils/substitutions
[0.652s] copying /home/nimesha/thesis/ws_moveit/build/moveit_configs_utils/build/lib/moveit_configs_utils/substitutions/xacro.py -> /home/nimesha/thesis/ws_moveit/install/moveit_configs_utils/lib/python3.10/site-packages/moveit_configs_utils/substitutions
[0.652s] byte-compiling /home/nimesha/thesis/ws_moveit/install/moveit_configs_utils/lib/python3.10/site-packages/moveit_configs_utils/launch_utils.py to launch_utils.cpython-310.pyc
[0.653s] byte-compiling /home/nimesha/thesis/ws_moveit/install/moveit_configs_utils/lib/python3.10/site-packages/moveit_configs_utils/launches.py to launches.cpython-310.pyc
[0.653s] byte-compiling /home/nimesha/thesis/ws_moveit/install/moveit_configs_utils/lib/python3.10/site-packages/moveit_configs_utils/__init__.py to __init__.cpython-310.pyc
[0.653s] byte-compiling /home/nimesha/thesis/ws_moveit/install/moveit_configs_utils/lib/python3.10/site-packages/moveit_configs_utils/moveit_configs_builder.py to moveit_configs_builder.cpython-310.pyc
[0.655s] byte-compiling /home/nimesha/thesis/ws_moveit/install/moveit_configs_utils/lib/python3.10/site-packages/moveit_configs_utils/substitutions/__init__.py to __init__.cpython-310.pyc
[0.655s] byte-compiling /home/nimesha/thesis/ws_moveit/install/moveit_configs_utils/lib/python3.10/site-packages/moveit_configs_utils/substitutions/xacro.py to xacro.cpython-310.pyc
[0.655s] running install_data
[0.655s] creating /home/nimesha/thesis/ws_moveit/install/moveit_configs_utils/share/ament_index
[0.656s] creating /home/nimesha/thesis/ws_moveit/install/moveit_configs_utils/share/ament_index/resource_index
[0.656s] creating /home/nimesha/thesis/ws_moveit/install/moveit_configs_utils/share/ament_index/resource_index/packages
[0.656s] copying resource/moveit_configs_utils -> /home/nimesha/thesis/ws_moveit/install/moveit_configs_utils/share/ament_index/resource_index/packages
[0.656s] copying package.xml -> /home/nimesha/thesis/ws_moveit/install/moveit_configs_utils/share/moveit_configs_utils
[0.656s] creating /home/nimesha/thesis/ws_moveit/install/moveit_configs_utils/share/moveit_configs_utils/default_configs
[0.656s] copying default_configs/pilz_industrial_motion_planner_planning.yaml -> /home/nimesha/thesis/ws_moveit/install/moveit_configs_utils/share/moveit_configs_utils/default_configs
[0.656s] copying default_configs/ompl_planning.yaml -> /home/nimesha/thesis/ws_moveit/install/moveit_configs_utils/share/moveit_configs_utils/default_configs
[0.656s] copying default_configs/ompl_defaults.yaml -> /home/nimesha/thesis/ws_moveit/install/moveit_configs_utils/share/moveit_configs_utils/default_configs
[0.657s] copying default_configs/chomp_planning.yaml -> /home/nimesha/thesis/ws_moveit/install/moveit_configs_utils/share/moveit_configs_utils/default_configs
[0.657s] running install_egg_info
[0.658s] Copying ../../../build/moveit_configs_utils/moveit_configs_utils.egg-info to /home/nimesha/thesis/ws_moveit/install/moveit_configs_utils/lib/python3.10/site-packages/moveit_configs_utils-2.5.5-py3.10.egg-info
[0.658s] running install_scripts
[0.670s] writing list of installed files to '/home/nimesha/thesis/ws_moveit/build/moveit_configs_utils/install.log'
[0.685s] Invoked command in '/home/nimesha/thesis/ws_moveit/src/moveit2/moveit_configs_utils' returned '0': AMENT_PREFIX_PATH=/home/nimesha/thesis/ws_moveit/install/srdfdom:/home/nimesha/thesis/ws_moveit/install/launch_param_builder:${AMENT_PREFIX_PATH} CMAKE_PREFIX_PATH=/home/nimesha/thesis/ws_moveit/install/srdfdom:${CMAKE_PREFIX_PATH} LD_LIBRARY_PATH=/home/nimesha/thesis/ws_moveit/install/srdfdom/lib:/opt/ros/humble/lib/x86_64-linux-gnu:/opt/ros/humble/lib:/home/nimesha/ros2_humble/ros2-linux/opt/rviz_ogre_vendor/lib:/opt/rti.com/rti_connext_dds-6.0.1/lib/x64Linux4gcc7.3.0:/opt/rti.com/rti_connext_dds-6.0.1/bin:/home/nimesha/ros2_humble/ros2-linux/lib:/opt/ros/rolling/opt/rviz_ogre_vendor/lib:/opt/ros/rolling/lib/x86_64-linux-gnu:/opt/ros/rolling/lib:/usr/lib/nvidia PYTHONPATH=/home/nimesha/thesis/ws_moveit/build/moveit_configs_utils/prefix_override:/usr/lib/python3/dist-packages/colcon_core/task/python/colcon_distutils_commands:/home/nimesha/thesis/ws_moveit/install/moveit_configs_utils/lib/python3.10/site-packages:/home/nimesha/thesis/ws_moveit/install/srdfdom/local/lib/python3.10/dist-packages:/home/nimesha/thesis/ws_moveit/install/launch_param_builder/lib/python3.10/site-packages:${PYTHONPATH} /usr/bin/python3 -W ignore:setup.py install is deprecated setup.py egg_info --egg-base ../../../build/moveit_configs_utils build --build-base /home/nimesha/thesis/ws_moveit/build/moveit_configs_utils/build install --record /home/nimesha/thesis/ws_moveit/build/moveit_configs_utils/install.log --single-version-externally-managed install_data
