[0.052s] Invoking command in '/home/nimesha/thesis/ws_moveit/build/moveit_resources_panda_description': CMAKE_PREFIX_PATH=${CMAKE_PREFIX_PATH}:/opt/ros/humble:/home/nimesha/thesis/ws_moveit/install/moveit_configs_utils:/opt/ros/rolling /usr/bin/cmake /home/nimesha/thesis/ws_moveit/src/moveit_resources/panda_description -DCMAKE_BUILD_TYPE=Release -DCMAKE_INSTALL_PREFIX=/home/nimesha/thesis/ws_moveit/install/moveit_resources_panda_description
[0.362s] -- The C compiler identification is GNU 11.4.0
[0.571s] -- The CXX compiler identification is GNU 11.4.0
[0.748s] -- Detecting C compiler ABI info
[0.829s] -- Detecting C compiler ABI info - done
[0.833s] -- Check for working C compiler: /usr/bin/cc - skipped
[0.834s] -- Detecting C compile features
[0.834s] -- Detecting C compile features - done
[0.835s] -- Detecting CXX compiler ABI info
[0.918s] -- Detecting CXX compiler ABI info - done
[0.922s] -- Check for working CXX compiler: /usr/bin/c++ - skipped
[0.923s] -- Detecting CXX compile features
[0.923s] -- Detecting CXX compile features - done
[0.925s] -- Found ament_cmake: 1.3.10 (/home/nimesha/ros2_humble/ros2-linux/share/ament_cmake/cmake)
[1.019s] -- Found Python3: /usr/bin/python3 (found version "3.10.12") found components: Interpreter 
[1.107s] -- Configuring done
[1.110s] -- Generating done
[1.111s] -- Build files have been written to: /home/nimesha/thesis/ws_moveit/build/moveit_resources_panda_description
[1.114s] Invoked command in '/home/nimesha/thesis/ws_moveit/build/moveit_resources_panda_description' returned '0': CMAKE_PREFIX_PATH=${CMAKE_PREFIX_PATH}:/opt/ros/humble:/home/nimesha/thesis/ws_moveit/install/moveit_configs_utils:/opt/ros/rolling /usr/bin/cmake /home/nimesha/thesis/ws_moveit/src/moveit_resources/panda_description -DCMAKE_BUILD_TYPE=Release -DCMAKE_INSTALL_PREFIX=/home/nimesha/thesis/ws_moveit/install/moveit_resources_panda_description
[1.114s] Invoking command in '/home/nimesha/thesis/ws_moveit/build/moveit_resources_panda_description': CMAKE_PREFIX_PATH=${CMAKE_PREFIX_PATH}:/opt/ros/humble:/home/nimesha/thesis/ws_moveit/install/moveit_configs_utils:/opt/ros/rolling /usr/bin/cmake --build /home/nimesha/thesis/ws_moveit/build/moveit_resources_panda_description -- -j32 -l32
[1.141s] Invoked command in '/home/nimesha/thesis/ws_moveit/build/moveit_resources_panda_description' returned '0': CMAKE_PREFIX_PATH=${CMAKE_PREFIX_PATH}:/opt/ros/humble:/home/nimesha/thesis/ws_moveit/install/moveit_configs_utils:/opt/ros/rolling /usr/bin/cmake --build /home/nimesha/thesis/ws_moveit/build/moveit_resources_panda_description -- -j32 -l32
[1.169s] Invoking command in '/home/nimesha/thesis/ws_moveit/build/moveit_resources_panda_description': CMAKE_PREFIX_PATH=${CMAKE_PREFIX_PATH}:/opt/ros/humble:/home/nimesha/thesis/ws_moveit/install/moveit_configs_utils:/opt/ros/rolling /usr/bin/cmake --install /home/nimesha/thesis/ws_moveit/build/moveit_resources_panda_description
[1.174s] -- Install configuration: "Release"
[1.175s] -- Installing: /home/nimesha/thesis/ws_moveit/install/moveit_resources_panda_description/share/ament_index/resource_index/package_run_dependencies/moveit_resources_panda_description
[1.175s] -- Installing: /home/nimesha/thesis/ws_moveit/install/moveit_resources_panda_description/share/ament_index/resource_index/parent_prefix_path/moveit_resources_panda_description
[1.175s] -- Installing: /home/nimesha/thesis/ws_moveit/install/moveit_resources_panda_description/share/moveit_resources_panda_description/environment/ament_prefix_path.sh
[1.175s] -- Installing: /home/nimesha/thesis/ws_moveit/install/moveit_resources_panda_description/share/moveit_resources_panda_description/environment/ament_prefix_path.dsv
[1.175s] -- Installing: /home/nimesha/thesis/ws_moveit/install/moveit_resources_panda_description/share/moveit_resources_panda_description/environment/path.sh
[1.175s] -- Installing: /home/nimesha/thesis/ws_moveit/install/moveit_resources_panda_description/share/moveit_resources_panda_description/environment/path.dsv
[1.176s] -- Installing: /home/nimesha/thesis/ws_moveit/install/moveit_resources_panda_description/share/moveit_resources_panda_description/local_setup.bash
[1.176s] -- Installing: /home/nimesha/thesis/ws_moveit/install/moveit_resources_panda_description/share/moveit_resources_panda_description/local_setup.sh
[1.176s] -- Installing: /home/nimesha/thesis/ws_moveit/install/moveit_resources_panda_description/share/moveit_resources_panda_description/local_setup.zsh
[1.177s] -- Installing: /home/nimesha/thesis/ws_moveit/install/moveit_resources_panda_description/share/moveit_resources_panda_description/local_setup.dsv
[1.177s] -- Installing: /home/nimesha/thesis/ws_moveit/install/moveit_resources_panda_description/share/moveit_resources_panda_description/package.dsv
[1.177s] -- Installing: /home/nimesha/thesis/ws_moveit/install/moveit_resources_panda_description/share/ament_index/resource_index/packages/moveit_resources_panda_description
[1.177s] -- Installing: /home/nimesha/thesis/ws_moveit/install/moveit_resources_panda_description/share/moveit_resources_panda_description/cmake/moveit_resources_panda_descriptionConfig.cmake
[1.177s] -- Installing: /home/nimesha/thesis/ws_moveit/install/moveit_resources_panda_description/share/moveit_resources_panda_description/cmake/moveit_resources_panda_descriptionConfig-version.cmake
[1.177s] -- Installing: /home/nimesha/thesis/ws_moveit/install/moveit_resources_panda_description/share/moveit_resources_panda_description/package.xml
[1.177s] -- Installing: /home/nimesha/thesis/ws_moveit/install/moveit_resources_panda_description/share/moveit_resources_panda_description/meshes
[1.177s] -- Installing: /home/nimesha/thesis/ws_moveit/install/moveit_resources_panda_description/share/moveit_resources_panda_description/meshes/collision
[1.177s] -- Installing: /home/nimesha/thesis/ws_moveit/install/moveit_resources_panda_description/share/moveit_resources_panda_description/meshes/collision/finger.stl
[1.177s] -- Installing: /home/nimesha/thesis/ws_moveit/install/moveit_resources_panda_description/share/moveit_resources_panda_description/meshes/collision/link3.stl
[1.179s] -- Installing: /home/nimesha/thesis/ws_moveit/install/moveit_resources_panda_description/share/moveit_resources_panda_description/meshes/collision/hand.stl
[1.179s] -- Installing: /home/nimesha/thesis/ws_moveit/install/moveit_resources_panda_description/share/moveit_resources_panda_description/meshes/collision/link0.stl
[1.179s] -- Installing: /home/nimesha/thesis/ws_moveit/install/moveit_resources_panda_description/share/moveit_resources_panda_description/meshes/collision/link6.stl
[1.179s] -- Installing: /home/nimesha/thesis/ws_moveit/install/moveit_resources_panda_description/share/moveit_resources_panda_description/meshes/collision/link5.stl
[1.180s] -- Installing: /home/nimesha/thesis/ws_moveit/install/moveit_resources_panda_description/share/moveit_resources_panda_description/meshes/collision/link4.stl
[1.180s] -- Installing: /home/nimesha/thesis/ws_moveit/install/moveit_resources_panda_description/share/moveit_resources_panda_description/meshes/collision/link1.stl
[1.180s] -- Installing: /home/nimesha/thesis/ws_moveit/install/moveit_resources_panda_description/share/moveit_resources_panda_description/meshes/collision/link7.stl
[1.180s] -- Installing: /home/nimesha/thesis/ws_moveit/install/moveit_resources_panda_description/share/moveit_resources_panda_description/meshes/collision/link2.stl
[1.180s] -- Installing: /home/nimesha/thesis/ws_moveit/install/moveit_resources_panda_description/share/moveit_resources_panda_description/meshes/visual
[1.181s] -- Installing: /home/nimesha/thesis/ws_moveit/install/moveit_resources_panda_description/share/moveit_resources_panda_description/meshes/visual/link3.dae
[1.185s] -- Installing: /home/nimesha/thesis/ws_moveit/install/moveit_resources_panda_description/share/moveit_resources_panda_description/meshes/visual/link2.dae
[1.187s] -- Installing: /home/nimesha/thesis/ws_moveit/install/moveit_resources_panda_description/share/moveit_resources_panda_description/meshes/visual/finger.dae
[1.187s] -- Installing: /home/nimesha/thesis/ws_moveit/install/moveit_resources_panda_description/share/moveit_resources_panda_description/meshes/visual/link1.dae
[1.190s] -- Installing: /home/nimesha/thesis/ws_moveit/install/moveit_resources_panda_description/share/moveit_resources_panda_description/meshes/visual/link6.dae
[1.193s] -- Installing: /home/nimesha/thesis/ws_moveit/install/moveit_resources_panda_description/share/moveit_resources_panda_description/meshes/visual/link4.dae
[1.195s] -- Installing: /home/nimesha/thesis/ws_moveit/install/moveit_resources_panda_description/share/moveit_resources_panda_description/meshes/visual/link7.dae
[1.197s] -- Installing: /home/nimesha/thesis/ws_moveit/install/moveit_resources_panda_description/share/moveit_resources_panda_description/meshes/visual/link0.dae
[1.200s] -- Installing: /home/nimesha/thesis/ws_moveit/install/moveit_resources_panda_description/share/moveit_resources_panda_description/meshes/visual/hand.dae
[1.202s] -- Installing: /home/nimesha/thesis/ws_moveit/install/moveit_resources_panda_description/share/moveit_resources_panda_description/meshes/visual/link5.dae
[1.207s] -- Installing: /home/nimesha/thesis/ws_moveit/install/moveit_resources_panda_description/share/moveit_resources_panda_description/urdf
[1.208s] -- Installing: /home/nimesha/thesis/ws_moveit/install/moveit_resources_panda_description/share/moveit_resources_panda_description/urdf/panda.urdf
[1.208s] Invoked command in '/home/nimesha/thesis/ws_moveit/build/moveit_resources_panda_description' returned '0': CMAKE_PREFIX_PATH=${CMAKE_PREFIX_PATH}:/opt/ros/humble:/home/nimesha/thesis/ws_moveit/install/moveit_configs_utils:/opt/ros/rolling /usr/bin/cmake --install /home/nimesha/thesis/ws_moveit/build/moveit_resources_panda_description
