[1.046s] Invoking command in '/home/nimesha/Thesis/moveit_ur5_v2_ws/src/ws_moveit/src/launch_param_builder': PYTHONPATH=/home/nimesha/Thesis/moveit_ur5_v2_ws/build/launch_param_builder/prefix_override:/usr/lib/python3/dist-packages/colcon_core/task/python/colcon_distutils_commands:/home/nimesha/Thesis/moveit_ur5_v2_ws/install/launch_param_builder/lib/python3.10/site-packages:${PYTHONPATH} /usr/bin/python3 -W ignore:setup.py install is deprecated setup.py egg_info --egg-base ../../../../build/launch_param_builder build --build-base /home/nimesha/Thesis/moveit_ur5_v2_ws/build/launch_param_builder/build install --record /home/nimesha/Thesis/moveit_ur5_v2_ws/build/launch_param_builder/install.log --single-version-externally-managed install_data
[1.240s] running egg_info
[1.240s] writing ../../../../build/launch_param_builder/launch_param_builder.egg-info/PKG-INFO
[1.240s] writing dependency_links to ../../../../build/launch_param_builder/launch_param_builder.egg-info/dependency_links.txt
[1.241s] writing entry points to ../../../../build/launch_param_builder/launch_param_builder.egg-info/entry_points.txt
[1.241s] writing requirements to ../../../../build/launch_param_builder/launch_param_builder.egg-info/requires.txt
[1.241s] writing top-level names to ../../../../build/launch_param_builder/launch_param_builder.egg-info/top_level.txt
[1.241s] reading manifest file '../../../../build/launch_param_builder/launch_param_builder.egg-info/SOURCES.txt'
[1.242s] adding license file 'LICENSE'
[1.243s] writing manifest file '../../../../build/launch_param_builder/launch_param_builder.egg-info/SOURCES.txt'
[1.243s] running build
[1.243s] running build_py
[1.244s] running install
[1.244s] running install_lib
[1.247s] running install_data
[1.247s] running install_egg_info
[1.248s] removing '/home/nimesha/Thesis/moveit_ur5_v2_ws/install/launch_param_builder/lib/python3.10/site-packages/launch_param_builder-0.1.1-py3.10.egg-info' (and everything under it)
[1.248s] Copying ../../../../build/launch_param_builder/launch_param_builder.egg-info to /home/nimesha/Thesis/moveit_ur5_v2_ws/install/launch_param_builder/lib/python3.10/site-packages/launch_param_builder-0.1.1-py3.10.egg-info
[1.250s] running install_scripts
[1.273s] writing list of installed files to '/home/nimesha/Thesis/moveit_ur5_v2_ws/build/launch_param_builder/install.log'
[1.292s] Invoked command in '/home/nimesha/Thesis/moveit_ur5_v2_ws/src/ws_moveit/src/launch_param_builder' returned '0': PYTHONPATH=/home/nimesha/Thesis/moveit_ur5_v2_ws/build/launch_param_builder/prefix_override:/usr/lib/python3/dist-packages/colcon_core/task/python/colcon_distutils_commands:/home/nimesha/Thesis/moveit_ur5_v2_ws/install/launch_param_builder/lib/python3.10/site-packages:${PYTHONPATH} /usr/bin/python3 -W ignore:setup.py install is deprecated setup.py egg_info --egg-base ../../../../build/launch_param_builder build --build-base /home/nimesha/Thesis/moveit_ur5_v2_ws/build/launch_param_builder/build install --record /home/nimesha/Thesis/moveit_ur5_v2_ws/build/launch_param_builder/install.log --single-version-externally-managed install_data
