[0.017s] Invoking command in '/home/nimesha/Thesis/Unused/moveit_ur5_ws/build/ur_controllers': CMAKE_PREFIX_PATH=${CMAKE_PREFIX_PATH}:/home/nimesha/Thesis/moveit_ur5_v2_ws/src/ws_moveit/install/moveit_configs_utils:/home/nimesha/Thesis/moveit_ur5_v2_ws/src/ws_moveit/install/launch_param_builder:/opt/ros/humble /usr/bin/cmake /home/nimesha/Thesis/Unused/moveit_ur5_ws/src/Universal_Robots_ROS2_Driver/ur_controllers -DCMAKE_INSTALL_PREFIX=/home/nimesha/Thesis/Unused/moveit_ur5_ws/install/ur_controllers
[0.110s] -- The C compiler identification is GNU 11.4.0
[0.263s] -- The CXX compiler identification is GNU 11.4.0
[0.358s] -- Detecting C compiler ABI info
[0.428s] -- Detecting C compiler ABI info - done
[0.431s] -- Check for working C compiler: /usr/bin/cc - skipped
[0.431s] -- Detecting C compile features
[0.431s] -- Detecting C compile features - done
[0.433s] -- Detecting CXX compiler ABI info
[0.510s] -- Detecting CXX compiler ABI info - done
[0.514s] -- Check for working CXX compiler: /usr/bin/c++ - skipped
[0.514s] -- Detecting CXX compile features
[0.514s] -- Detecting CXX compile features - done
[0.517s] -- Found ament_cmake: 1.3.10 (/home/nimesha/ros2_humble/ros2-linux/share/ament_cmake/cmake)
[0.611s] -- Found Python3: /usr/bin/python3 (found version "3.10.12") found components: Interpreter 
[0.685s] -- Found angles: 1.15.0 (/opt/ros/humble/share/angles/cmake)
[0.688s] -- Found controller_interface: 2.43.0 (/opt/ros/humble/share/controller_interface/cmake)
[0.763s] -- Found rosidl_generator_c: 3.1.5 (/home/nimesha/ros2_humble/ros2-linux/share/rosidl_generator_c/cmake)
[0.769s] -- Found rosidl_adapter: 3.1.5 (/home/nimesha/ros2_humble/ros2-linux/share/rosidl_adapter/cmake)
[0.776s] -- Found rosidl_generator_cpp: 3.1.5 (/home/nimesha/ros2_humble/ros2-linux/share/rosidl_generator_cpp/cmake)
[0.788s] -- Using all available rosidl_typesupport_c: rosidl_typesupport_fastrtps_c;rosidl_typesupport_introspection_c
[0.803s] -- Using all available rosidl_typesupport_cpp: rosidl_typesupport_fastrtps_cpp;rosidl_typesupport_introspection_cpp
[1.359s] -- Found rmw_implementation_cmake: 6.1.2 (/home/nimesha/ros2_humble/ros2-linux/share/rmw_implementation_cmake/cmake)
[1.364s] -- Found rmw_fastrtps_cpp: 6.2.7 (/home/nimesha/ros2_humble/ros2-linux/share/rmw_fastrtps_cpp/cmake)
[1.386s] -- Found TinyXML2 via Config file: TinyXML2_DIR-NOTFOUND
[1.436s] -- Found OpenSSL: /usr/lib/x86_64-linux-gnu/libcrypto.so (found version "3.0.2")  
[1.437s] -- Found TinyXML2 via Config file: TinyXML2_DIR-NOTFOUND
[1.490s] -- Found FastRTPS: /home/nimesha/ros2_humble/ros2-linux/include  
[1.491s] -- Found TinyXML2 via Config file: TinyXML2_DIR-NOTFOUND
[1.497s] -- Found TinyXML2 via Config file: TinyXML2_DIR-NOTFOUND
[1.525s] -- Using RMW implementation 'rmw_fastrtps_cpp' as default
[1.535s] -- Looking for pthread.h
[1.604s] -- Looking for pthread.h - found
[1.605s] -- Performing Test CMAKE_HAVE_LIBC_PTHREAD
[1.684s] -- Performing Test CMAKE_HAVE_LIBC_PTHREAD - Success
[1.684s] -- Found Threads: TRUE  
[1.722s] -- Found joint_trajectory_controller: 2.37.2 (/opt/ros/humble/share/joint_trajectory_controller/cmake)
[1.751s] -- Found parameter_traits: 0.3.8 (/opt/ros/humble/share/parameter_traits/cmake)
[1.779s] -- Found std_srvs: 4.2.4 (/home/nimesha/ros2_humble/ros2-linux/share/std_srvs/cmake)
[1.786s] -- Found ur_dashboard_msgs: 2.2.15 (/opt/ros/humble/share/ur_dashboard_msgs/cmake)
[1.798s] -- Found ur_msgs: 2.0.0 (/opt/ros/humble/share/ur_msgs/cmake)
[1.875s] -- Configuring done
[1.888s] [33mCMake Warning at CMakeLists.txt:57 (add_library):
[1.888s]   Cannot generate a safe runtime search path for target ur_controllers
[1.889s]   because there is a cycle in the constraint graph:
[1.889s] 
[1.889s]     dir 0 is [/opt/ros/humble/lib]
[1.889s]       dir 1 must precede it due to runtime library [libstd_srvs__rosidl_typesupport_fastrtps_c.so]
[1.889s]     dir 1 is [/home/nimesha/ros2_humble/ros2-linux/lib]
[1.889s]       dir 0 must precede it due to runtime library [libsensor_msgs__rosidl_generator_c.so]
[1.889s] 
[1.889s]   Some of these libraries may not be found correctly.
[1.889s] 
[1.889s] [0m
[1.890s] -- Generating done
[1.890s] -- Build files have been written to: /home/nimesha/Thesis/Unused/moveit_ur5_ws/build/ur_controllers
[1.897s] Invoked command in '/home/nimesha/Thesis/Unused/moveit_ur5_ws/build/ur_controllers' returned '0': CMAKE_PREFIX_PATH=${CMAKE_PREFIX_PATH}:/home/nimesha/Thesis/moveit_ur5_v2_ws/src/ws_moveit/install/moveit_configs_utils:/home/nimesha/Thesis/moveit_ur5_v2_ws/src/ws_moveit/install/launch_param_builder:/opt/ros/humble /usr/bin/cmake /home/nimesha/Thesis/Unused/moveit_ur5_ws/src/Universal_Robots_ROS2_Driver/ur_controllers -DCMAKE_INSTALL_PREFIX=/home/nimesha/Thesis/Unused/moveit_ur5_ws/install/ur_controllers
[1.897s] Invoking command in '/home/nimesha/Thesis/Unused/moveit_ur5_ws/build/ur_controllers': CMAKE_PREFIX_PATH=${CMAKE_PREFIX_PATH}:/home/nimesha/Thesis/moveit_ur5_v2_ws/src/ws_moveit/install/moveit_configs_utils:/home/nimesha/Thesis/moveit_ur5_v2_ws/src/ws_moveit/install/launch_param_builder:/opt/ros/humble /usr/bin/cmake --build /home/nimesha/Thesis/Unused/moveit_ur5_ws/build/ur_controllers -- -j32 -l32
[1.940s] [ 28%] [34m[1mRunning `/opt/ros/humble/bin/generate_parameter_library_cpp /home/nimesha/Thesis/Unused/moveit_ur5_ws/build/ur_controllers/speed_scaling_state_broadcaster_parameters/include//speed_scaling_state_broadcaster_parameters.hpp /home/nimesha/Thesis/Unused/moveit_ur5_ws/src/Universal_Robots_ROS2_Driver/ur_controllers/src/speed_scaling_state_broadcaster_parameters.yaml `[0m
[1.940s] [ 28%] [34m[1mRunning `/opt/ros/humble/bin/generate_parameter_library_cpp /home/nimesha/Thesis/Unused/moveit_ur5_ws/build/ur_controllers/scaled_joint_trajectory_controller_parameters/include//scaled_joint_trajectory_controller_parameters.hpp /home/nimesha/Thesis/Unused/moveit_ur5_ws/src/Universal_Robots_ROS2_Driver/ur_controllers/src/scaled_joint_trajectory_controller_parameters.yaml `[0m
[1.941s] [ 42%] [34m[1mRunning `/opt/ros/humble/bin/generate_parameter_library_cpp /home/nimesha/Thesis/Unused/moveit_ur5_ws/build/ur_controllers/gpio_controller_parameters/include//gpio_controller_parameters.hpp /home/nimesha/Thesis/Unused/moveit_ur5_ws/src/Universal_Robots_ROS2_Driver/ur_controllers/src/gpio_controller_parameters.yaml `[0m
[2.027s] [ 42%] Built target scaled_joint_trajectory_controller_parameters
[2.037s] [ 42%] Built target gpio_controller_parameters
[2.037s] [ 42%] Built target speed_scaling_state_broadcaster_parameters
[2.054s] [ 57%] [32mBuilding CXX object CMakeFiles/ur_controllers.dir/src/scaled_joint_trajectory_controller.cpp.o[0m
[2.054s] [ 71%] [32mBuilding CXX object CMakeFiles/ur_controllers.dir/src/speed_scaling_state_broadcaster.cpp.o[0m
[2.055s] [ 85%] [32mBuilding CXX object CMakeFiles/ur_controllers.dir/src/gpio_controller.cpp.o[0m
[7.279s] [100%] [32m[1mLinking CXX shared library libur_controllers.so[0m
[7.715s] [100%] Built target ur_controllers
[7.724s] Invoked command in '/home/nimesha/Thesis/Unused/moveit_ur5_ws/build/ur_controllers' returned '0': CMAKE_PREFIX_PATH=${CMAKE_PREFIX_PATH}:/home/nimesha/Thesis/moveit_ur5_v2_ws/src/ws_moveit/install/moveit_configs_utils:/home/nimesha/Thesis/moveit_ur5_v2_ws/src/ws_moveit/install/launch_param_builder:/opt/ros/humble /usr/bin/cmake --build /home/nimesha/Thesis/Unused/moveit_ur5_ws/build/ur_controllers -- -j32 -l32
[7.779s] Invoking command in '/home/nimesha/Thesis/Unused/moveit_ur5_ws/build/ur_controllers': CMAKE_PREFIX_PATH=${CMAKE_PREFIX_PATH}:/home/nimesha/Thesis/moveit_ur5_v2_ws/src/ws_moveit/install/moveit_configs_utils:/home/nimesha/Thesis/moveit_ur5_v2_ws/src/ws_moveit/install/launch_param_builder:/opt/ros/humble /usr/bin/cmake --install /home/nimesha/Thesis/Unused/moveit_ur5_ws/build/ur_controllers
[7.784s] -- Install configuration: ""
[7.784s] -- Installing: /home/nimesha/Thesis/Unused/moveit_ur5_ws/install/ur_controllers/include/gpio_controller_parameters
[7.784s] -- Installing: /home/nimesha/Thesis/Unused/moveit_ur5_ws/install/ur_controllers/include/gpio_controller_parameters/gpio_controller_parameters.hpp
[7.784s] -- Installing: /home/nimesha/Thesis/Unused/moveit_ur5_ws/install/ur_controllers/include/speed_scaling_state_broadcaster_parameters
[7.784s] -- Installing: /home/nimesha/Thesis/Unused/moveit_ur5_ws/install/ur_controllers/include/speed_scaling_state_broadcaster_parameters/speed_scaling_state_broadcaster_parameters.hpp
[7.784s] -- Installing: /home/nimesha/Thesis/Unused/moveit_ur5_ws/install/ur_controllers/include/scaled_joint_trajectory_controller_parameters
[7.784s] -- Installing: /home/nimesha/Thesis/Unused/moveit_ur5_ws/install/ur_controllers/include/scaled_joint_trajectory_controller_parameters/scaled_joint_trajectory_controller_parameters.hpp
[7.784s] -- Installing: /home/nimesha/Thesis/Unused/moveit_ur5_ws/install/ur_controllers/share/ur_controllers/controller_plugins.xml
[7.784s] -- Installing: /home/nimesha/Thesis/Unused/moveit_ur5_ws/install/ur_controllers/lib/libur_controllers.so
[7.786s] -- Set runtime path of "/home/nimesha/Thesis/Unused/moveit_ur5_ws/install/ur_controllers/lib/libur_controllers.so" to ""
[7.787s] -- Up-to-date: /home/nimesha/Thesis/Unused/moveit_ur5_ws/install/ur_controllers/include
[7.787s] -- Installing: /home/nimesha/Thesis/Unused/moveit_ur5_ws/install/ur_controllers/include/ur_controllers
[7.787s] -- Installing: /home/nimesha/Thesis/Unused/moveit_ur5_ws/install/ur_controllers/include/ur_controllers/scaled_joint_trajectory_controller.hpp
[7.787s] -- Installing: /home/nimesha/Thesis/Unused/moveit_ur5_ws/install/ur_controllers/include/ur_controllers/speed_scaling_state_broadcaster.hpp
[7.787s] -- Installing: /home/nimesha/Thesis/Unused/moveit_ur5_ws/install/ur_controllers/include/ur_controllers/gpio_controller.hpp
[7.787s] -- Up-to-date: /home/nimesha/Thesis/Unused/moveit_ur5_ws/install/ur_controllers/share/ur_controllers/controller_plugins.xml
[7.787s] -- Installing: /home/nimesha/Thesis/Unused/moveit_ur5_ws/install/ur_controllers/share/ur_controllers/environment/library_path.sh
[7.787s] -- Installing: /home/nimesha/Thesis/Unused/moveit_ur5_ws/install/ur_controllers/share/ur_controllers/environment/library_path.dsv
[7.788s] -- Installing: /home/nimesha/Thesis/Unused/moveit_ur5_ws/install/ur_controllers/share/ament_index/resource_index/package_run_dependencies/ur_controllers
[7.788s] -- Installing: /home/nimesha/Thesis/Unused/moveit_ur5_ws/install/ur_controllers/share/ament_index/resource_index/parent_prefix_path/ur_controllers
[7.788s] -- Installing: /home/nimesha/Thesis/Unused/moveit_ur5_ws/install/ur_controllers/share/ur_controllers/environment/ament_prefix_path.sh
[7.788s] -- Installing: /home/nimesha/Thesis/Unused/moveit_ur5_ws/install/ur_controllers/share/ur_controllers/environment/ament_prefix_path.dsv
[7.788s] -- Installing: /home/nimesha/Thesis/Unused/moveit_ur5_ws/install/ur_controllers/share/ur_controllers/environment/path.sh
[7.788s] -- Installing: /home/nimesha/Thesis/Unused/moveit_ur5_ws/install/ur_controllers/share/ur_controllers/environment/path.dsv
[7.788s] -- Installing: /home/nimesha/Thesis/Unused/moveit_ur5_ws/install/ur_controllers/share/ur_controllers/local_setup.bash
[7.788s] -- Installing: /home/nimesha/Thesis/Unused/moveit_ur5_ws/install/ur_controllers/share/ur_controllers/local_setup.sh
[7.788s] -- Installing: /home/nimesha/Thesis/Unused/moveit_ur5_ws/install/ur_controllers/share/ur_controllers/local_setup.zsh
[7.788s] -- Installing: /home/nimesha/Thesis/Unused/moveit_ur5_ws/install/ur_controllers/share/ur_controllers/local_setup.dsv
[7.788s] -- Installing: /home/nimesha/Thesis/Unused/moveit_ur5_ws/install/ur_controllers/share/ur_controllers/package.dsv
[7.788s] -- Installing: /home/nimesha/Thesis/Unused/moveit_ur5_ws/install/ur_controllers/share/ament_index/resource_index/packages/ur_controllers
[7.789s] -- Installing: /home/nimesha/Thesis/Unused/moveit_ur5_ws/install/ur_controllers/share/ament_index/resource_index/controller_interface__pluginlib__plugin/ur_controllers
[7.789s] -- Installing: /home/nimesha/Thesis/Unused/moveit_ur5_ws/install/ur_controllers/share/ur_controllers/cmake/ament_cmake_export_dependencies-extras.cmake
[7.789s] -- Installing: /home/nimesha/Thesis/Unused/moveit_ur5_ws/install/ur_controllers/share/ur_controllers/cmake/ament_cmake_export_include_directories-extras.cmake
[7.789s] -- Installing: /home/nimesha/Thesis/Unused/moveit_ur5_ws/install/ur_controllers/share/ur_controllers/cmake/ament_cmake_export_libraries-extras.cmake
[7.789s] -- Installing: /home/nimesha/Thesis/Unused/moveit_ur5_ws/install/ur_controllers/share/ur_controllers/cmake/ur_controllersConfig.cmake
[7.789s] -- Installing: /home/nimesha/Thesis/Unused/moveit_ur5_ws/install/ur_controllers/share/ur_controllers/cmake/ur_controllersConfig-version.cmake
[7.789s] -- Installing: /home/nimesha/Thesis/Unused/moveit_ur5_ws/install/ur_controllers/share/ur_controllers/package.xml
[7.790s] Invoked command in '/home/nimesha/Thesis/Unused/moveit_ur5_ws/build/ur_controllers' returned '0': CMAKE_PREFIX_PATH=${CMAKE_PREFIX_PATH}:/home/nimesha/Thesis/moveit_ur5_v2_ws/src/ws_moveit/install/moveit_configs_utils:/home/nimesha/Thesis/moveit_ur5_v2_ws/src/ws_moveit/install/launch_param_builder:/opt/ros/humble /usr/bin/cmake --install /home/nimesha/Thesis/Unused/moveit_ur5_ws/build/ur_controllers
