[0.009s] Invoking command in '/home/nimesha/thesis/ws_moveit/build/srdfdom': CMAKE_PREFIX_PATH=${CMAKE_PREFIX_PATH}:/opt/ros/humble:/home/nimesha/thesis/ws_moveit/install/moveit_configs_utils:/opt/ros/rolling /usr/bin/cmake --build /home/nimesha/thesis/ws_moveit/build/srdfdom -- -j32 -l32
[0.056s] [ 18%] Built target gtest_main
[0.060s] [ 18%] Built target ament_cmake_python_copy_srdfdom
[0.061s] [ 36%] Built target gtest
[0.065s] [ 63%] Built target srdfdom
[0.086s] [ 81%] Built target test_cpp_C
[0.087s] [100%] Built target test_cpp_nl_NL.UTF-8
[0.202s] running egg_info
[0.203s] writing srdfdom.egg-info/PKG-INFO
[0.203s] writing dependency_links to srdfdom.egg-info/dependency_links.txt
[0.203s] writing top-level names to srdfdom.egg-info/top_level.txt
[0.204s] reading manifest file 'srdfdom.egg-info/SOURCES.txt'
[0.205s] writing manifest file 'srdfdom.egg-info/SOURCES.txt'
[0.222s] [100%] Built target ament_cmake_python_build_srdfdom_egg
[0.230s] Invoked command in '/home/nimesha/thesis/ws_moveit/build/srdfdom' returned '0': CMAKE_PREFIX_PATH=${CMAKE_PREFIX_PATH}:/opt/ros/humble:/home/nimesha/thesis/ws_moveit/install/moveit_configs_utils:/opt/ros/rolling /usr/bin/cmake --build /home/nimesha/thesis/ws_moveit/build/srdfdom -- -j32 -l32
[0.265s] Invoking command in '/home/nimesha/thesis/ws_moveit/build/srdfdom': CMAKE_PREFIX_PATH=${CMAKE_PREFIX_PATH}:/opt/ros/humble:/home/nimesha/thesis/ws_moveit/install/moveit_configs_utils:/opt/ros/rolling /usr/bin/cmake --install /home/nimesha/thesis/ws_moveit/build/srdfdom
[0.271s] -- Install configuration: "Release"
[0.272s] -- Up-to-date: /home/nimesha/thesis/ws_moveit/install/srdfdom/lib/libsrdfdom.so.2.0.4
[0.272s] -- Up-to-date: /home/nimesha/thesis/ws_moveit/install/srdfdom/lib/libsrdfdom.so
[0.272s] -- Up-to-date: /home/nimesha/thesis/ws_moveit/install/srdfdom/include/srdfdom
[0.272s] -- Up-to-date: /home/nimesha/thesis/ws_moveit/install/srdfdom/include/srdfdom/srdf_writer.h
[0.272s] -- Up-to-date: /home/nimesha/thesis/ws_moveit/install/srdfdom/include/srdfdom/model.h
[0.272s] -- Up-to-date: /home/nimesha/thesis/ws_moveit/install/srdfdom/include/srdfdom/visibility_control.h
[0.272s] -- Up-to-date: /home/nimesha/thesis/ws_moveit/install/srdfdom/lib/srdfdom/display_srdf
[0.273s] -- Up-to-date: /home/nimesha/thesis/ws_moveit/install/srdfdom/share/srdfdom/environment/pythonpath.sh
[0.273s] -- Up-to-date: /home/nimesha/thesis/ws_moveit/install/srdfdom/share/srdfdom/environment/pythonpath.dsv
[0.274s] -- Up-to-date: /home/nimesha/thesis/ws_moveit/install/srdfdom/local/lib/python3.10/dist-packages/srdfdom-2.0.4-py3.10.egg-info
[0.274s] -- Installing: /home/nimesha/thesis/ws_moveit/install/srdfdom/local/lib/python3.10/dist-packages/srdfdom-2.0.4-py3.10.egg-info/SOURCES.txt
[0.274s] -- Installing: /home/nimesha/thesis/ws_moveit/install/srdfdom/local/lib/python3.10/dist-packages/srdfdom-2.0.4-py3.10.egg-info/PKG-INFO
[0.274s] -- Installing: /home/nimesha/thesis/ws_moveit/install/srdfdom/local/lib/python3.10/dist-packages/srdfdom-2.0.4-py3.10.egg-info/dependency_links.txt
[0.274s] -- Installing: /home/nimesha/thesis/ws_moveit/install/srdfdom/local/lib/python3.10/dist-packages/srdfdom-2.0.4-py3.10.egg-info/top_level.txt
[0.274s] -- Up-to-date: /home/nimesha/thesis/ws_moveit/install/srdfdom/local/lib/python3.10/dist-packages/srdfdom
[0.275s] -- Up-to-date: /home/nimesha/thesis/ws_moveit/install/srdfdom/local/lib/python3.10/dist-packages/srdfdom/__init__.py
[0.275s] -- Up-to-date: /home/nimesha/thesis/ws_moveit/install/srdfdom/local/lib/python3.10/dist-packages/srdfdom/srdf.py
[0.293s] Listing '/home/nimesha/thesis/ws_moveit/install/srdfdom/local/lib/python3.10/dist-packages/srdfdom'...
[0.295s] -- Up-to-date: /home/nimesha/thesis/ws_moveit/install/srdfdom/share/srdfdom/environment/library_path.sh
[0.295s] -- Up-to-date: /home/nimesha/thesis/ws_moveit/install/srdfdom/share/srdfdom/environment/library_path.dsv
[0.295s] -- Up-to-date: /home/nimesha/thesis/ws_moveit/install/srdfdom/share/ament_index/resource_index/package_run_dependencies/srdfdom
[0.296s] -- Up-to-date: /home/nimesha/thesis/ws_moveit/install/srdfdom/share/ament_index/resource_index/parent_prefix_path/srdfdom
[0.296s] -- Up-to-date: /home/nimesha/thesis/ws_moveit/install/srdfdom/share/srdfdom/environment/ament_prefix_path.sh
[0.297s] -- Up-to-date: /home/nimesha/thesis/ws_moveit/install/srdfdom/share/srdfdom/environment/ament_prefix_path.dsv
[0.297s] -- Up-to-date: /home/nimesha/thesis/ws_moveit/install/srdfdom/share/srdfdom/environment/path.sh
[0.297s] -- Up-to-date: /home/nimesha/thesis/ws_moveit/install/srdfdom/share/srdfdom/environment/path.dsv
[0.297s] -- Up-to-date: /home/nimesha/thesis/ws_moveit/install/srdfdom/share/srdfdom/local_setup.bash
[0.297s] -- Up-to-date: /home/nimesha/thesis/ws_moveit/install/srdfdom/share/srdfdom/local_setup.sh
[0.297s] -- Up-to-date: /home/nimesha/thesis/ws_moveit/install/srdfdom/share/srdfdom/local_setup.zsh
[0.297s] -- Up-to-date: /home/nimesha/thesis/ws_moveit/install/srdfdom/share/srdfdom/local_setup.dsv
[0.297s] -- Installing: /home/nimesha/thesis/ws_moveit/install/srdfdom/share/srdfdom/package.dsv
[0.297s] -- Up-to-date: /home/nimesha/thesis/ws_moveit/install/srdfdom/share/ament_index/resource_index/packages/srdfdom
[0.300s] -- Up-to-date: /home/nimesha/thesis/ws_moveit/install/srdfdom/share/srdfdom/cmake/srdfdomTargetsExport.cmake
[0.300s] -- Up-to-date: /home/nimesha/thesis/ws_moveit/install/srdfdom/share/srdfdom/cmake/srdfdomTargetsExport-release.cmake
[0.300s] -- Up-to-date: /home/nimesha/thesis/ws_moveit/install/srdfdom/share/srdfdom/cmake/ament_cmake_export_targets-extras.cmake
[0.300s] -- Up-to-date: /home/nimesha/thesis/ws_moveit/install/srdfdom/share/srdfdom/cmake/ament_cmake_export_dependencies-extras.cmake
[0.300s] -- Up-to-date: /home/nimesha/thesis/ws_moveit/install/srdfdom/share/srdfdom/cmake/srdfdomConfig.cmake
[0.300s] -- Up-to-date: /home/nimesha/thesis/ws_moveit/install/srdfdom/share/srdfdom/cmake/srdfdomConfig-version.cmake
[0.300s] -- Up-to-date: /home/nimesha/thesis/ws_moveit/install/srdfdom/share/srdfdom/package.xml
[0.302s] Invoked command in '/home/nimesha/thesis/ws_moveit/build/srdfdom' returned '0': CMAKE_PREFIX_PATH=${CMAKE_PREFIX_PATH}:/opt/ros/humble:/home/nimesha/thesis/ws_moveit/install/moveit_configs_utils:/opt/ros/rolling /usr/bin/cmake --install /home/nimesha/thesis/ws_moveit/build/srdfdom
