[0.438s] Invoking command in '/home/nimesha/thesis/ws_moveit/build/moveit_servo': AMENT_PREFIX_PATH=/home/nimesha/thesis/ws_moveit/install/moveit_ros_planning_interface:/home/nimesha/thesis/ws_moveit/install/moveit_ros_move_group:/home/nimesha/thesis/ws_moveit/install/moveit_ros_warehouse:/home/nimesha/thesis/ws_moveit/install/moveit_planners_ompl:/home/nimesha/thesis/ws_moveit/install/moveit_kinematics:/home/nimesha/thesis/ws_moveit/install/moveit_ros_planning:/home/nimesha/thesis/ws_moveit/install/moveit_simple_controller_manager:/home/nimesha/thesis/ws_moveit/install/moveit_ros_occupancy_map_monitor:/home/nimesha/thesis/ws_moveit/install/moveit_core:/home/nimesha/thesis/ws_moveit/install/moveit_resources_panda_moveit_config:/home/nimesha/thesis/ws_moveit/install/moveit_resources_fanuc_moveit_config:/home/nimesha/thesis/ws_moveit/install/moveit_configs_utils:/home/nimesha/thesis/ws_moveit/install/srdfdom:/home/nimesha/thesis/ws_moveit/install/launch_param_builder:/opt/ros/humble:/home/nimesha/ros2_humble/ros2-linux:/home/nimesha/thesis/ws_moveit/install/robotiq_description:/home/nimesha/thesis/ws_moveit/install/moveit_resources_prbt_support:/home/nimesha/thesis/ws_moveit/install/moveit_resources_pr2_description:/home/nimesha/thesis/ws_moveit/install/moveit_resources_panda_description:/home/nimesha/thesis/ws_moveit/install/moveit_resources_fanuc_description:/home/nimesha/thesis/ws_moveit/install/moveit_common:/opt/ros/rolling CMAKE_PREFIX_PATH=/home/nimesha/thesis/ws_moveit/install/moveit_ros_planning_interface:/home/nimesha/thesis/ws_moveit/install/moveit_ros_move_group:/home/nimesha/thesis/ws_moveit/install/moveit_ros_warehouse:/home/nimesha/thesis/ws_moveit/install/moveit_planners_ompl:/home/nimesha/thesis/ws_moveit/install/moveit_kinematics:/home/nimesha/thesis/ws_moveit/install/moveit_ros_planning:/home/nimesha/thesis/ws_moveit/install/moveit_simple_controller_manager:/home/nimesha/thesis/ws_moveit/install/moveit_ros_occupancy_map_monitor:/home/nimesha/thesis/ws_moveit/install/moveit_core:/home/nimesha/thesis/ws_moveit/install/moveit_resources_panda_moveit_config:/home/nimesha/thesis/ws_moveit/install/moveit_resources_fanuc_moveit_config:/home/nimesha/thesis/ws_moveit/install/srdfdom:/home/nimesha/thesis/ws_moveit/install/moveit_resources_pr2_description:/home/nimesha/thesis/ws_moveit/install/moveit_resources_panda_description:/home/nimesha/thesis/ws_moveit/install/moveit_resources_fanuc_description:/home/nimesha/thesis/ws_moveit/install/moveit_common:/home/nimesha/ros2_humble/ros2-linux:/home/nimesha/thesis/ws_moveit/install/robotiq_description:/home/nimesha/thesis/ws_moveit/install/moveit_resources_prbt_support:/opt/ros/humble:/home/nimesha/thesis/ws_moveit/install/moveit_configs_utils:/opt/ros/rolling LD_LIBRARY_PATH=/home/nimesha/thesis/ws_moveit/install/moveit_ros_planning_interface/lib:/home/nimesha/thesis/ws_moveit/install/moveit_ros_move_group/lib:/home/nimesha/thesis/ws_moveit/install/moveit_ros_warehouse/lib:/home/nimesha/thesis/ws_moveit/install/moveit_planners_ompl/lib:/home/nimesha/thesis/ws_moveit/install/moveit_kinematics/lib:/home/nimesha/thesis/ws_moveit/install/moveit_ros_planning/lib:/home/nimesha/thesis/ws_moveit/install/moveit_simple_controller_manager/lib:/home/nimesha/thesis/ws_moveit/install/moveit_ros_occupancy_map_monitor/lib:/home/nimesha/thesis/ws_moveit/install/moveit_core/lib:/home/nimesha/thesis/ws_moveit/install/srdfdom/lib:/opt/ros/humble/lib/x86_64-linux-gnu:/opt/ros/humble/lib:/home/nimesha/ros2_humble/ros2-linux/opt/rviz_ogre_vendor/lib:/opt/rti.com/rti_connext_dds-6.0.1/lib/x64Linux4gcc7.3.0:/opt/rti.com/rti_connext_dds-6.0.1/bin:/home/nimesha/ros2_humble/ros2-linux/lib:/opt/ros/rolling/opt/rviz_ogre_vendor/lib:/opt/ros/rolling/lib/x86_64-linux-gnu:/opt/ros/rolling/lib:/usr/lib/nvidia PATH=/home/nimesha/thesis/ws_moveit/install/moveit_core/bin:/opt/ros/humble/bin:/opt/rti.com/rti_connext_dds-6.0.1/lib/x64Linux4gcc7.3.0:/opt/rti.com/rti_connext_dds-6.0.1/bin:/home/nimesha/ros2_humble/ros2-linux/bin:/opt/ros/rolling/bin:/usr/lib/nvidia:/home/nimesha/anaconda3/condabin:/usr/local/sbin:/usr/local/bin:/usr/sbin:/usr/bin:/sbin:/bin:/usr/games:/usr/local/games:/usr/lib/wsl/lib:/mnt/c/Program Files/WindowsApps/MicrosoftCorporationII.WindowsSubsystemForLinux_2.2.4.0_x64__8wekyb3d8bbwe:/mnt/c/Windows/system32:/mnt/c/Windows:/mnt/c/Windows/System32/Wbem:/mnt/c/Windows/System32/WindowsPowerShell/v1.0/:/mnt/c/Windows/System32/OpenSSH/:/mnt/c/Program Files (x86)/NVIDIA Corporation/PhysX/Common:/mnt/c/Program Files/NVIDIA Corporation/NVIDIA NvDLISR:/mnt/c/Program Files/Git/cmd:/mnt/c/ProgramData/chocolatey/bin:/mnt/c/Program Files/MATLAB/R2024a/bin:/mnt/c/Program Files/dotnet/:/mnt/c/Users/Nimesha/AppData/Local/Programs/Python/Python311/Scripts/:/mnt/c/Users/Nimesha/AppData/Local/Programs/Python/Python311/:/mnt/c/Users/Nimesha/AppData/Local/Microsoft/WindowsApps:/mnt/c/Users/Nimesha/AppData/Local/Programs/Microsoft VS Code/bin:/mnt/c/Program Files/Baretail:/mnt/c/Program Files/Git/usr/bin:/mnt/c/Users/Nimesha/.dotnet/tools:/snap/bin PYTHONPATH=/home/nimesha/thesis/ws_moveit/install/moveit_configs_utils/lib/python3.10/site-packages:/home/nimesha/thesis/ws_moveit/install/srdfdom/local/lib/python3.10/dist-packages:/home/nimesha/thesis/ws_moveit/install/launch_param_builder/lib/python3.10/site-packages:/opt/ros/humble/lib/python3.10/site-packages:/home/nimesha/ros2_humble/ros2-linux/local/lib/python3.10/dist-packages:/home/nimesha/ros2_humble/ros2-linux/lib/python3.10/site-packages:/opt/ros/rolling/lib/python3.10/site-packages /usr/bin/cmake /home/nimesha/thesis/ws_moveit/src/moveit2/moveit_ros/moveit_servo -DCMAKE_BUILD_TYPE=Release -DCMAKE_INSTALL_PREFIX=/home/nimesha/thesis/ws_moveit/install/moveit_servo
[0.507s] -- The C compiler identification is GNU 11.4.0
[0.652s] -- The CXX compiler identification is GNU 11.4.0
[0.737s] -- Detecting C compiler ABI info
[0.833s] -- Detecting C compiler ABI info - done
[0.839s] -- Check for working C compiler: /usr/bin/cc - skipped
[0.839s] -- Detecting C compile features
[0.840s] -- Detecting C compile features - done
[0.841s] -- Detecting CXX compiler ABI info
[0.922s] -- Detecting CXX compiler ABI info - done
[0.926s] -- Check for working CXX compiler: /usr/bin/c++ - skipped
[0.926s] -- Detecting CXX compile features
[0.926s] -- Detecting CXX compile features - done
[0.928s] -- Found moveit_common: 2.5.5 (/home/nimesha/thesis/ws_moveit/install/moveit_common/share/moveit_common/cmake)
[0.930s] -- Found ament_cmake: 1.3.10 (/home/nimesha/ros2_humble/ros2-linux/share/ament_cmake/cmake)
[1.030s] -- Found Python3: /usr/bin/python3 (found version "3.10.12") found components: Interpreter 
[1.138s] -- Found eigen3_cmake_module: 0.1.1 (/home/nimesha/ros2_humble/ros2-linux/share/eigen3_cmake_module/cmake)
[1.142s] -- Found Eigen3: TRUE (found version "3.4.0") 
[1.143s] -- Found control_msgs: 4.6.0 (/opt/ros/humble/share/control_msgs/cmake)
[1.214s] -- Found rosidl_generator_c: 3.1.5 (/home/nimesha/ros2_humble/ros2-linux/share/rosidl_generator_c/cmake)
[1.217s] -- Found rosidl_adapter: 3.1.5 (/home/nimesha/ros2_humble/ros2-linux/share/rosidl_adapter/cmake)
[1.223s] -- Found rosidl_generator_cpp: 3.1.5 (/home/nimesha/ros2_humble/ros2-linux/share/rosidl_generator_cpp/cmake)
[1.231s] -- Using all available rosidl_typesupport_c: rosidl_typesupport_fastrtps_c;rosidl_typesupport_introspection_c
[1.242s] -- Using all available rosidl_typesupport_cpp: rosidl_typesupport_fastrtps_cpp;rosidl_typesupport_introspection_cpp
[1.326s] -- Found control_toolbox: 3.2.0 (/opt/ros/humble/share/control_toolbox/cmake)
[1.356s] -- Found rmw_implementation_cmake: 6.1.2 (/home/nimesha/ros2_humble/ros2-linux/share/rmw_implementation_cmake/cmake)
[1.358s] -- Found rmw_cyclonedds_cpp: 1.3.4 (/home/nimesha/ros2_humble/ros2-linux/share/rmw_cyclonedds_cpp/cmake)
[1.374s] -- Using RMW implementation 'rmw_cyclonedds_cpp' as default
[1.381s] -- Looking for pthread.h
[1.467s] -- Looking for pthread.h - found
[1.468s] -- Performing Test CMAKE_HAVE_LIBC_PTHREAD
[1.545s] -- Performing Test CMAKE_HAVE_LIBC_PTHREAD - Success
[1.546s] -- Found Threads: TRUE  
[1.591s] -- Found parameter_traits: 0.3.8 (/opt/ros/humble/share/parameter_traits/cmake)
[1.602s] -- Found rclcpp_lifecycle: 16.0.10 (/home/nimesha/ros2_humble/ros2-linux/share/rclcpp_lifecycle/cmake)
[2.158s] -- Found moveit_core: 2.5.5 (/home/nimesha/thesis/ws_moveit/install/moveit_core/share/moveit_core/cmake)
[2.187s] -- Found Boost: /usr/lib/x86_64-linux-gnu/cmake/Boost-1.74.0/BoostConfig.cmake (found version "1.74.0") found components: chrono date_time filesystem iostreams program_options regex serialization system thread 
[2.613s] -- Found Boost: /usr/lib/x86_64-linux-gnu/cmake/Boost-1.74.0/BoostConfig.cmake (found version "1.74.0") found components: filesystem 
[3.202s] -- library: /usr/lib/x86_64-linux-gnu/libcurl.so
[3.259s] -- Ensuring Eigen3 include directory is part of orocos-kdl CMake target
[3.402s] -- Found moveit_ros_planning: 2.5.5 (/home/nimesha/thesis/ws_moveit/install/moveit_ros_planning/share/moveit_ros_planning/cmake)
[3.407s] -- Found Boost: /usr/lib/x86_64-linux-gnu/cmake/Boost-1.74.0/BoostConfig.cmake (found version "1.74.0") found components: system filesystem date_time program_options thread chrono 
[3.426s] -- Found std_srvs: 4.2.4 (/home/nimesha/ros2_humble/ros2-linux/share/std_srvs/cmake)
[3.500s] -- Found ament_lint_auto: 0.12.11 (/home/nimesha/ros2_humble/ros2-linux/share/ament_lint_auto/cmake)
[3.502s] -- Found ament_cmake_gtest: 1.3.10 (/home/nimesha/ros2_humble/ros2-linux/share/ament_cmake_gtest/cmake)
[3.504s] -- Found ros_testing: 0.4.0 (/home/nimesha/ros2_humble/ros2-linux/share/ros_testing/cmake)
[3.506s] -- Found launch_testing_ament_cmake: 1.0.6 (/home/nimesha/ros2_humble/ros2-linux/share/launch_testing_ament_cmake/cmake)
[3.507s] -- Found python_cmake_module: 0.10.0 (/home/nimesha/ros2_humble/ros2-linux/share/python_cmake_module/cmake)
[3.556s] -- Found PythonInterp: /usr/bin/python3 (found suitable version "3.10.12", minimum required is "3.6") 
[3.726s] -- Found PythonLibs: /usr/lib/x86_64-linux-gnu/libpython3.10.so (found suitable version "3.10.12", minimum required is "3.5") 
[3.726s] -- Using PYTHON_EXECUTABLE: /usr/bin/python3
[3.726s] -- Using PYTHON_INCLUDE_DIRS: /usr/include/python3.10
[3.726s] -- Using PYTHON_LIBRARIES: /usr/lib/x86_64-linux-gnu/libpython3.10.so
[3.740s] -- Found PythonExtra: .so  
[3.743s] -- Found Boost: /usr/lib/x86_64-linux-gnu/cmake/Boost-1.74.0/BoostConfig.cmake (found version "1.74.0") found components: filesystem 
[3.814s] -- Found gtest sources under '/home/nimesha/ros2_humble/ros2-linux/src/gtest_vendor': C++ tests using 'Google Test' will be built
[3.849s] -- Added test 'cppcheck' to perform static code analysis on C / C++ code
[3.850s] -- Configured cppcheck include dirs: /home/nimesha/thesis/ws_moveit/src/moveit2/moveit_ros/moveit_servo/include
[3.850s] -- Configured cppcheck exclude dirs and/or files: 
[3.851s] -- Added test 'lint_cmake' to check CMake code style
[3.852s] -- Added test 'pep257' to check Python code against some of the docstring style conventions in PEP 257
[3.852s] -- Added test 'xmllint' to check XML markup files
[3.855s] -- Configuring done
[3.978s] -- Generating done
[3.980s] -- Build files have been written to: /home/nimesha/thesis/ws_moveit/build/moveit_servo
[3.994s] Invoked command in '/home/nimesha/thesis/ws_moveit/build/moveit_servo' returned '0': AMENT_PREFIX_PATH=/home/nimesha/thesis/ws_moveit/install/moveit_ros_planning_interface:/home/nimesha/thesis/ws_moveit/install/moveit_ros_move_group:/home/nimesha/thesis/ws_moveit/install/moveit_ros_warehouse:/home/nimesha/thesis/ws_moveit/install/moveit_planners_ompl:/home/nimesha/thesis/ws_moveit/install/moveit_kinematics:/home/nimesha/thesis/ws_moveit/install/moveit_ros_planning:/home/nimesha/thesis/ws_moveit/install/moveit_simple_controller_manager:/home/nimesha/thesis/ws_moveit/install/moveit_ros_occupancy_map_monitor:/home/nimesha/thesis/ws_moveit/install/moveit_core:/home/nimesha/thesis/ws_moveit/install/moveit_resources_panda_moveit_config:/home/nimesha/thesis/ws_moveit/install/moveit_resources_fanuc_moveit_config:/home/nimesha/thesis/ws_moveit/install/moveit_configs_utils:/home/nimesha/thesis/ws_moveit/install/srdfdom:/home/nimesha/thesis/ws_moveit/install/launch_param_builder:/opt/ros/humble:/home/nimesha/ros2_humble/ros2-linux:/home/nimesha/thesis/ws_moveit/install/robotiq_description:/home/nimesha/thesis/ws_moveit/install/moveit_resources_prbt_support:/home/nimesha/thesis/ws_moveit/install/moveit_resources_pr2_description:/home/nimesha/thesis/ws_moveit/install/moveit_resources_panda_description:/home/nimesha/thesis/ws_moveit/install/moveit_resources_fanuc_description:/home/nimesha/thesis/ws_moveit/install/moveit_common:/opt/ros/rolling CMAKE_PREFIX_PATH=/home/nimesha/thesis/ws_moveit/install/moveit_ros_planning_interface:/home/nimesha/thesis/ws_moveit/install/moveit_ros_move_group:/home/nimesha/thesis/ws_moveit/install/moveit_ros_warehouse:/home/nimesha/thesis/ws_moveit/install/moveit_planners_ompl:/home/nimesha/thesis/ws_moveit/install/moveit_kinematics:/home/nimesha/thesis/ws_moveit/install/moveit_ros_planning:/home/nimesha/thesis/ws_moveit/install/moveit_simple_controller_manager:/home/nimesha/thesis/ws_moveit/install/moveit_ros_occupancy_map_monitor:/home/nimesha/thesis/ws_moveit/install/moveit_core:/home/nimesha/thesis/ws_moveit/install/moveit_resources_panda_moveit_config:/home/nimesha/thesis/ws_moveit/install/moveit_resources_fanuc_moveit_config:/home/nimesha/thesis/ws_moveit/install/srdfdom:/home/nimesha/thesis/ws_moveit/install/moveit_resources_pr2_description:/home/nimesha/thesis/ws_moveit/install/moveit_resources_panda_description:/home/nimesha/thesis/ws_moveit/install/moveit_resources_fanuc_description:/home/nimesha/thesis/ws_moveit/install/moveit_common:/home/nimesha/ros2_humble/ros2-linux:/home/nimesha/thesis/ws_moveit/install/robotiq_description:/home/nimesha/thesis/ws_moveit/install/moveit_resources_prbt_support:/opt/ros/humble:/home/nimesha/thesis/ws_moveit/install/moveit_configs_utils:/opt/ros/rolling LD_LIBRARY_PATH=/home/nimesha/thesis/ws_moveit/install/moveit_ros_planning_interface/lib:/home/nimesha/thesis/ws_moveit/install/moveit_ros_move_group/lib:/home/nimesha/thesis/ws_moveit/install/moveit_ros_warehouse/lib:/home/nimesha/thesis/ws_moveit/install/moveit_planners_ompl/lib:/home/nimesha/thesis/ws_moveit/install/moveit_kinematics/lib:/home/nimesha/thesis/ws_moveit/install/moveit_ros_planning/lib:/home/nimesha/thesis/ws_moveit/install/moveit_simple_controller_manager/lib:/home/nimesha/thesis/ws_moveit/install/moveit_ros_occupancy_map_monitor/lib:/home/nimesha/thesis/ws_moveit/install/moveit_core/lib:/home/nimesha/thesis/ws_moveit/install/srdfdom/lib:/opt/ros/humble/lib/x86_64-linux-gnu:/opt/ros/humble/lib:/home/nimesha/ros2_humble/ros2-linux/opt/rviz_ogre_vendor/lib:/opt/rti.com/rti_connext_dds-6.0.1/lib/x64Linux4gcc7.3.0:/opt/rti.com/rti_connext_dds-6.0.1/bin:/home/nimesha/ros2_humble/ros2-linux/lib:/opt/ros/rolling/opt/rviz_ogre_vendor/lib:/opt/ros/rolling/lib/x86_64-linux-gnu:/opt/ros/rolling/lib:/usr/lib/nvidia PATH=/home/nimesha/thesis/ws_moveit/install/moveit_core/bin:/opt/ros/humble/bin:/opt/rti.com/rti_connext_dds-6.0.1/lib/x64Linux4gcc7.3.0:/opt/rti.com/rti_connext_dds-6.0.1/bin:/home/nimesha/ros2_humble/ros2-linux/bin:/opt/ros/rolling/bin:/usr/lib/nvidia:/home/nimesha/anaconda3/condabin:/usr/local/sbin:/usr/local/bin:/usr/sbin:/usr/bin:/sbin:/bin:/usr/games:/usr/local/games:/usr/lib/wsl/lib:/mnt/c/Program Files/WindowsApps/MicrosoftCorporationII.WindowsSubsystemForLinux_2.2.4.0_x64__8wekyb3d8bbwe:/mnt/c/Windows/system32:/mnt/c/Windows:/mnt/c/Windows/System32/Wbem:/mnt/c/Windows/System32/WindowsPowerShell/v1.0/:/mnt/c/Windows/System32/OpenSSH/:/mnt/c/Program Files (x86)/NVIDIA Corporation/PhysX/Common:/mnt/c/Program Files/NVIDIA Corporation/NVIDIA NvDLISR:/mnt/c/Program Files/Git/cmd:/mnt/c/ProgramData/chocolatey/bin:/mnt/c/Program Files/MATLAB/R2024a/bin:/mnt/c/Program Files/dotnet/:/mnt/c/Users/Nimesha/AppData/Local/Programs/Python/Python311/Scripts/:/mnt/c/Users/Nimesha/AppData/Local/Programs/Python/Python311/:/mnt/c/Users/Nimesha/AppData/Local/Microsoft/WindowsApps:/mnt/c/Users/Nimesha/AppData/Local/Programs/Microsoft VS Code/bin:/mnt/c/Program Files/Baretail:/mnt/c/Program Files/Git/usr/bin:/mnt/c/Users/Nimesha/.dotnet/tools:/snap/bin PYTHONPATH=/home/nimesha/thesis/ws_moveit/install/moveit_configs_utils/lib/python3.10/site-packages:/home/nimesha/thesis/ws_moveit/install/srdfdom/local/lib/python3.10/dist-packages:/home/nimesha/thesis/ws_moveit/install/launch_param_builder/lib/python3.10/site-packages:/opt/ros/humble/lib/python3.10/site-packages:/home/nimesha/ros2_humble/ros2-linux/local/lib/python3.10/dist-packages:/home/nimesha/ros2_humble/ros2-linux/lib/python3.10/site-packages:/opt/ros/rolling/lib/python3.10/site-packages /usr/bin/cmake /home/nimesha/thesis/ws_moveit/src/moveit2/moveit_ros/moveit_servo -DCMAKE_BUILD_TYPE=Release -DCMAKE_INSTALL_PREFIX=/home/nimesha/thesis/ws_moveit/install/moveit_servo
[3.995s] Invoking command in '/home/nimesha/thesis/ws_moveit/build/moveit_servo': AMENT_PREFIX_PATH=/home/nimesha/thesis/ws_moveit/install/moveit_ros_planning_interface:/home/nimesha/thesis/ws_moveit/install/moveit_ros_move_group:/home/nimesha/thesis/ws_moveit/install/moveit_ros_warehouse:/home/nimesha/thesis/ws_moveit/install/moveit_planners_ompl:/home/nimesha/thesis/ws_moveit/install/moveit_kinematics:/home/nimesha/thesis/ws_moveit/install/moveit_ros_planning:/home/nimesha/thesis/ws_moveit/install/moveit_simple_controller_manager:/home/nimesha/thesis/ws_moveit/install/moveit_ros_occupancy_map_monitor:/home/nimesha/thesis/ws_moveit/install/moveit_core:/home/nimesha/thesis/ws_moveit/install/moveit_resources_panda_moveit_config:/home/nimesha/thesis/ws_moveit/install/moveit_resources_fanuc_moveit_config:/home/nimesha/thesis/ws_moveit/install/moveit_configs_utils:/home/nimesha/thesis/ws_moveit/install/srdfdom:/home/nimesha/thesis/ws_moveit/install/launch_param_builder:/opt/ros/humble:/home/nimesha/ros2_humble/ros2-linux:/home/nimesha/thesis/ws_moveit/install/robotiq_description:/home/nimesha/thesis/ws_moveit/install/moveit_resources_prbt_support:/home/nimesha/thesis/ws_moveit/install/moveit_resources_pr2_description:/home/nimesha/thesis/ws_moveit/install/moveit_resources_panda_description:/home/nimesha/thesis/ws_moveit/install/moveit_resources_fanuc_description:/home/nimesha/thesis/ws_moveit/install/moveit_common:/opt/ros/rolling CMAKE_PREFIX_PATH=/home/nimesha/thesis/ws_moveit/install/moveit_ros_planning_interface:/home/nimesha/thesis/ws_moveit/install/moveit_ros_move_group:/home/nimesha/thesis/ws_moveit/install/moveit_ros_warehouse:/home/nimesha/thesis/ws_moveit/install/moveit_planners_ompl:/home/nimesha/thesis/ws_moveit/install/moveit_kinematics:/home/nimesha/thesis/ws_moveit/install/moveit_ros_planning:/home/nimesha/thesis/ws_moveit/install/moveit_simple_controller_manager:/home/nimesha/thesis/ws_moveit/install/moveit_ros_occupancy_map_monitor:/home/nimesha/thesis/ws_moveit/install/moveit_core:/home/nimesha/thesis/ws_moveit/install/moveit_resources_panda_moveit_config:/home/nimesha/thesis/ws_moveit/install/moveit_resources_fanuc_moveit_config:/home/nimesha/thesis/ws_moveit/install/srdfdom:/home/nimesha/thesis/ws_moveit/install/moveit_resources_pr2_description:/home/nimesha/thesis/ws_moveit/install/moveit_resources_panda_description:/home/nimesha/thesis/ws_moveit/install/moveit_resources_fanuc_description:/home/nimesha/thesis/ws_moveit/install/moveit_common:/home/nimesha/ros2_humble/ros2-linux:/home/nimesha/thesis/ws_moveit/install/robotiq_description:/home/nimesha/thesis/ws_moveit/install/moveit_resources_prbt_support:/opt/ros/humble:/home/nimesha/thesis/ws_moveit/install/moveit_configs_utils:/opt/ros/rolling LD_LIBRARY_PATH=/home/nimesha/thesis/ws_moveit/install/moveit_ros_planning_interface/lib:/home/nimesha/thesis/ws_moveit/install/moveit_ros_move_group/lib:/home/nimesha/thesis/ws_moveit/install/moveit_ros_warehouse/lib:/home/nimesha/thesis/ws_moveit/install/moveit_planners_ompl/lib:/home/nimesha/thesis/ws_moveit/install/moveit_kinematics/lib:/home/nimesha/thesis/ws_moveit/install/moveit_ros_planning/lib:/home/nimesha/thesis/ws_moveit/install/moveit_simple_controller_manager/lib:/home/nimesha/thesis/ws_moveit/install/moveit_ros_occupancy_map_monitor/lib:/home/nimesha/thesis/ws_moveit/install/moveit_core/lib:/home/nimesha/thesis/ws_moveit/install/srdfdom/lib:/opt/ros/humble/lib/x86_64-linux-gnu:/opt/ros/humble/lib:/home/nimesha/ros2_humble/ros2-linux/opt/rviz_ogre_vendor/lib:/opt/rti.com/rti_connext_dds-6.0.1/lib/x64Linux4gcc7.3.0:/opt/rti.com/rti_connext_dds-6.0.1/bin:/home/nimesha/ros2_humble/ros2-linux/lib:/opt/ros/rolling/opt/rviz_ogre_vendor/lib:/opt/ros/rolling/lib/x86_64-linux-gnu:/opt/ros/rolling/lib:/usr/lib/nvidia PATH=/home/nimesha/thesis/ws_moveit/install/moveit_core/bin:/opt/ros/humble/bin:/opt/rti.com/rti_connext_dds-6.0.1/lib/x64Linux4gcc7.3.0:/opt/rti.com/rti_connext_dds-6.0.1/bin:/home/nimesha/ros2_humble/ros2-linux/bin:/opt/ros/rolling/bin:/usr/lib/nvidia:/home/nimesha/anaconda3/condabin:/usr/local/sbin:/usr/local/bin:/usr/sbin:/usr/bin:/sbin:/bin:/usr/games:/usr/local/games:/usr/lib/wsl/lib:/mnt/c/Program Files/WindowsApps/MicrosoftCorporationII.WindowsSubsystemForLinux_2.2.4.0_x64__8wekyb3d8bbwe:/mnt/c/Windows/system32:/mnt/c/Windows:/mnt/c/Windows/System32/Wbem:/mnt/c/Windows/System32/WindowsPowerShell/v1.0/:/mnt/c/Windows/System32/OpenSSH/:/mnt/c/Program Files (x86)/NVIDIA Corporation/PhysX/Common:/mnt/c/Program Files/NVIDIA Corporation/NVIDIA NvDLISR:/mnt/c/Program Files/Git/cmd:/mnt/c/ProgramData/chocolatey/bin:/mnt/c/Program Files/MATLAB/R2024a/bin:/mnt/c/Program Files/dotnet/:/mnt/c/Users/Nimesha/AppData/Local/Programs/Python/Python311/Scripts/:/mnt/c/Users/Nimesha/AppData/Local/Programs/Python/Python311/:/mnt/c/Users/Nimesha/AppData/Local/Microsoft/WindowsApps:/mnt/c/Users/Nimesha/AppData/Local/Programs/Microsoft VS Code/bin:/mnt/c/Program Files/Baretail:/mnt/c/Program Files/Git/usr/bin:/mnt/c/Users/Nimesha/.dotnet/tools:/snap/bin PYTHONPATH=/home/nimesha/thesis/ws_moveit/install/moveit_configs_utils/lib/python3.10/site-packages:/home/nimesha/thesis/ws_moveit/install/srdfdom/local/lib/python3.10/dist-packages:/home/nimesha/thesis/ws_moveit/install/launch_param_builder/lib/python3.10/site-packages:/opt/ros/humble/lib/python3.10/site-packages:/home/nimesha/ros2_humble/ros2-linux/local/lib/python3.10/dist-packages:/home/nimesha/ros2_humble/ros2-linux/lib/python3.10/site-packages:/opt/ros/rolling/lib/python3.10/site-packages /usr/bin/cmake --build /home/nimesha/thesis/ws_moveit/build/moveit_servo -- -j32 -l32
[4.055s] [  3%] [32mBuilding CXX object CMakeFiles/moveit_servo_lib_parameters.dir/src/parameter_descriptor_builder.cpp.o[0m
[4.055s] [  6%] [32mBuilding CXX object CMakeFiles/moveit_servo_lib_parameters.dir/src/servo_parameters.cpp.o[0m
[4.056s] [  9%] [32mBuilding CXX object gtest/CMakeFiles/gtest_main.dir/src/gtest_main.cc.o[0m
[4.056s] [ 12%] [32mBuilding CXX object gtest/CMakeFiles/gtest.dir/src/gtest-all.cc.o[0m
[4.057s] [ 15%] [32mBuilding CXX object CMakeFiles/fake_command_publisher.dir/test/publish_fake_jog_commands.cpp.o[0m
[4.061s] [ 18%] [32mBuilding CXX object CMakeFiles/servo_controller_input.dir/src/teleop_demo/joystick_servo_example.cpp.o[0m
[4.736s] [ 21%] [32m[1mLinking CXX static library libgtest_main.a[0m
[5.070s] [ 21%] Built target gtest_main
[7.746s] [ 24%] [32m[1mLinking CXX executable fake_command_publisher[0m
[7.998s] [ 24%] Built target fake_command_publisher
[12.687s] [ 27%] [32m[1mLinking CXX static library libgtest.a[0m
[12.789s] [ 27%] Built target gtest
[15.079s] [ 30%] [32m[1mLinking CXX shared library libmoveit_servo_lib_parameters.so[0m
[15.581s] [ 30%] Built target moveit_servo_lib_parameters
[15.628s] [ 33%] [32mBuilding CXX object CMakeFiles/moveit_servo_lib.dir/src/servo_calcs.cpp.o[0m
[15.628s] [ 36%] [32mBuilding CXX object CMakeFiles/test_servo_collision.dir/test/test_servo_collision.cpp.o[0m
[15.628s] [ 39%] [32mBuilding CXX object CMakeFiles/test_servo_integration.dir/test/test_servo_interface.cpp.o[0m
[15.629s] [ 48%] [32mBuilding CXX object CMakeFiles/moveit_servo_lib.dir/src/collision_check.cpp.o[0m
[15.629s] [ 48%] [32mBuilding CXX object CMakeFiles/moveit_servo_lib.dir/src/servo.cpp.o[0m
[15.629s] [ 48%] [32mBuilding CXX object CMakeFiles/moveit_servo_lib.dir/src/enforce_limits.cpp.o[0m
[15.630s] [ 51%] [32mBuilding CXX object CMakeFiles/moveit_servo_lib.dir/src/utilities.cpp.o[0m
[20.804s] [ 54%] [32m[1mLinking CXX shared library libservo_controller_input.so[0m
[21.590s] [ 54%] Built target servo_controller_input
[54.730s] [ 57%] [32m[1mLinking CXX executable test_servo_collision[0m
[55.563s] [ 57%] Built target test_servo_collision
[64.198s] [ 60%] [32m[1mLinking CXX executable test_servo_integration[0m
[65.093s] [ 60%] Built target test_servo_integration
[98.089s] [ 63%] [32m[1mLinking CXX shared library libmoveit_servo_lib.so[0m
[98.506s] [ 63%] Built target moveit_servo_lib
[98.532s] [ 72%] [32mBuilding CXX object CMakeFiles/pose_tracking.dir/src/pose_tracking.cpp.o[0m
[98.532s] [ 72%] [32mBuilding CXX object CMakeFiles/servo_calcs_unit_tests.dir/test/servo_calcs_unit_tests.cpp.o[0m
[98.532s] [ 72%] [32mBuilding CXX object CMakeFiles/servo_node.dir/src/servo_node.cpp.o[0m
[111.770s] [ 75%] [32m[1mLinking CXX shared library libservo_node.so[0m
[112.218s] [ 75%] Built target servo_node
[112.265s] [ 78%] [32mBuilding CXX object CMakeFiles/servo_node_main.dir/src/servo_node_main.cpp.o[0m
[123.069s] [ 81%] [32m[1mLinking CXX shared library libpose_tracking.so[0m
[155.769s] [01m[Kc++:[m[K [01;31m[Kfatal error: [m[KKilled signal terminated program cc1plus
[155.781s] compilation terminated.
[155.807s] gmake[2]: *** [CMakeFiles/servo_calcs_unit_tests.dir/build.make:76: CMakeFiles/servo_calcs_unit_tests.dir/test/servo_calcs_unit_tests.cpp.o] Error 1
[155.848s] gmake[1]: *** [CMakeFiles/Makefile2:480: CMakeFiles/servo_calcs_unit_tests.dir/all] Error 2
[155.851s] gmake[1]: *** Waiting for unfinished jobs....
[155.935s] [ 81%] Built target pose_tracking
[204.458s] [ 84%] [32m[1mLinking CXX executable servo_node_main[0m
[212.946s] [ 84%] Built target servo_node_main
[212.976s] gmake: *** [Makefile:146: all] Error 2
[213.146s] Invoked command in '/home/nimesha/thesis/ws_moveit/build/moveit_servo' returned '2': AMENT_PREFIX_PATH=/home/nimesha/thesis/ws_moveit/install/moveit_ros_planning_interface:/home/nimesha/thesis/ws_moveit/install/moveit_ros_move_group:/home/nimesha/thesis/ws_moveit/install/moveit_ros_warehouse:/home/nimesha/thesis/ws_moveit/install/moveit_planners_ompl:/home/nimesha/thesis/ws_moveit/install/moveit_kinematics:/home/nimesha/thesis/ws_moveit/install/moveit_ros_planning:/home/nimesha/thesis/ws_moveit/install/moveit_simple_controller_manager:/home/nimesha/thesis/ws_moveit/install/moveit_ros_occupancy_map_monitor:/home/nimesha/thesis/ws_moveit/install/moveit_core:/home/nimesha/thesis/ws_moveit/install/moveit_resources_panda_moveit_config:/home/nimesha/thesis/ws_moveit/install/moveit_resources_fanuc_moveit_config:/home/nimesha/thesis/ws_moveit/install/moveit_configs_utils:/home/nimesha/thesis/ws_moveit/install/srdfdom:/home/nimesha/thesis/ws_moveit/install/launch_param_builder:/opt/ros/humble:/home/nimesha/ros2_humble/ros2-linux:/home/nimesha/thesis/ws_moveit/install/robotiq_description:/home/nimesha/thesis/ws_moveit/install/moveit_resources_prbt_support:/home/nimesha/thesis/ws_moveit/install/moveit_resources_pr2_description:/home/nimesha/thesis/ws_moveit/install/moveit_resources_panda_description:/home/nimesha/thesis/ws_moveit/install/moveit_resources_fanuc_description:/home/nimesha/thesis/ws_moveit/install/moveit_common:/opt/ros/rolling CMAKE_PREFIX_PATH=/home/nimesha/thesis/ws_moveit/install/moveit_ros_planning_interface:/home/nimesha/thesis/ws_moveit/install/moveit_ros_move_group:/home/nimesha/thesis/ws_moveit/install/moveit_ros_warehouse:/home/nimesha/thesis/ws_moveit/install/moveit_planners_ompl:/home/nimesha/thesis/ws_moveit/install/moveit_kinematics:/home/nimesha/thesis/ws_moveit/install/moveit_ros_planning:/home/nimesha/thesis/ws_moveit/install/moveit_simple_controller_manager:/home/nimesha/thesis/ws_moveit/install/moveit_ros_occupancy_map_monitor:/home/nimesha/thesis/ws_moveit/install/moveit_core:/home/nimesha/thesis/ws_moveit/install/moveit_resources_panda_moveit_config:/home/nimesha/thesis/ws_moveit/install/moveit_resources_fanuc_moveit_config:/home/nimesha/thesis/ws_moveit/install/srdfdom:/home/nimesha/thesis/ws_moveit/install/moveit_resources_pr2_description:/home/nimesha/thesis/ws_moveit/install/moveit_resources_panda_description:/home/nimesha/thesis/ws_moveit/install/moveit_resources_fanuc_description:/home/nimesha/thesis/ws_moveit/install/moveit_common:/home/nimesha/ros2_humble/ros2-linux:/home/nimesha/thesis/ws_moveit/install/robotiq_description:/home/nimesha/thesis/ws_moveit/install/moveit_resources_prbt_support:/opt/ros/humble:/home/nimesha/thesis/ws_moveit/install/moveit_configs_utils:/opt/ros/rolling LD_LIBRARY_PATH=/home/nimesha/thesis/ws_moveit/install/moveit_ros_planning_interface/lib:/home/nimesha/thesis/ws_moveit/install/moveit_ros_move_group/lib:/home/nimesha/thesis/ws_moveit/install/moveit_ros_warehouse/lib:/home/nimesha/thesis/ws_moveit/install/moveit_planners_ompl/lib:/home/nimesha/thesis/ws_moveit/install/moveit_kinematics/lib:/home/nimesha/thesis/ws_moveit/install/moveit_ros_planning/lib:/home/nimesha/thesis/ws_moveit/install/moveit_simple_controller_manager/lib:/home/nimesha/thesis/ws_moveit/install/moveit_ros_occupancy_map_monitor/lib:/home/nimesha/thesis/ws_moveit/install/moveit_core/lib:/home/nimesha/thesis/ws_moveit/install/srdfdom/lib:/opt/ros/humble/lib/x86_64-linux-gnu:/opt/ros/humble/lib:/home/nimesha/ros2_humble/ros2-linux/opt/rviz_ogre_vendor/lib:/opt/rti.com/rti_connext_dds-6.0.1/lib/x64Linux4gcc7.3.0:/opt/rti.com/rti_connext_dds-6.0.1/bin:/home/nimesha/ros2_humble/ros2-linux/lib:/opt/ros/rolling/opt/rviz_ogre_vendor/lib:/opt/ros/rolling/lib/x86_64-linux-gnu:/opt/ros/rolling/lib:/usr/lib/nvidia PATH=/home/nimesha/thesis/ws_moveit/install/moveit_core/bin:/opt/ros/humble/bin:/opt/rti.com/rti_connext_dds-6.0.1/lib/x64Linux4gcc7.3.0:/opt/rti.com/rti_connext_dds-6.0.1/bin:/home/nimesha/ros2_humble/ros2-linux/bin:/opt/ros/rolling/bin:/usr/lib/nvidia:/home/nimesha/anaconda3/condabin:/usr/local/sbin:/usr/local/bin:/usr/sbin:/usr/bin:/sbin:/bin:/usr/games:/usr/local/games:/usr/lib/wsl/lib:/mnt/c/Program Files/WindowsApps/MicrosoftCorporationII.WindowsSubsystemForLinux_2.2.4.0_x64__8wekyb3d8bbwe:/mnt/c/Windows/system32:/mnt/c/Windows:/mnt/c/Windows/System32/Wbem:/mnt/c/Windows/System32/WindowsPowerShell/v1.0/:/mnt/c/Windows/System32/OpenSSH/:/mnt/c/Program Files (x86)/NVIDIA Corporation/PhysX/Common:/mnt/c/Program Files/NVIDIA Corporation/NVIDIA NvDLISR:/mnt/c/Program Files/Git/cmd:/mnt/c/ProgramData/chocolatey/bin:/mnt/c/Program Files/MATLAB/R2024a/bin:/mnt/c/Program Files/dotnet/:/mnt/c/Users/Nimesha/AppData/Local/Programs/Python/Python311/Scripts/:/mnt/c/Users/Nimesha/AppData/Local/Programs/Python/Python311/:/mnt/c/Users/Nimesha/AppData/Local/Microsoft/WindowsApps:/mnt/c/Users/Nimesha/AppData/Local/Programs/Microsoft VS Code/bin:/mnt/c/Program Files/Baretail:/mnt/c/Program Files/Git/usr/bin:/mnt/c/Users/Nimesha/.dotnet/tools:/snap/bin PYTHONPATH=/home/nimesha/thesis/ws_moveit/install/moveit_configs_utils/lib/python3.10/site-packages:/home/nimesha/thesis/ws_moveit/install/srdfdom/local/lib/python3.10/dist-packages:/home/nimesha/thesis/ws_moveit/install/launch_param_builder/lib/python3.10/site-packages:/opt/ros/humble/lib/python3.10/site-packages:/home/nimesha/ros2_humble/ros2-linux/local/lib/python3.10/dist-packages:/home/nimesha/ros2_humble/ros2-linux/lib/python3.10/site-packages:/opt/ros/rolling/lib/python3.10/site-packages /usr/bin/cmake --build /home/nimesha/thesis/ws_moveit/build/moveit_servo -- -j32 -l32
