[0.010s] Invoking command in '/home/nimesha/Thesis/moveit_ur5_v2_ws/build/moveit_resources_panda_description': CMAKE_PREFIX_PATH=${CMAKE_PREFIX_PATH}:/home/nimesha/Thesis/moveit_ur5_v2_ws/install/moveit_configs_utils:/home/nimesha/Thesis/moveit_ur5_v2_ws/install/launch_param_builder:/home/nimesha/Thesis/moveit_ur5_v2_ws/src/ws_moveit/install/moveit_configs_utils:/home/nimesha/Thesis/moveit_ur5_v2_ws/src/ws_moveit/install/launch_param_builder:/opt/ros/humble /usr/bin/cmake /home/nimesha/Thesis/moveit_ur5_v2_ws/src/ws_moveit/src/moveit_resources/panda_description -DCMAKE_INSTALL_PREFIX=/home/nimesha/Thesis/moveit_ur5_v2_ws/install/moveit_resources_panda_description
[0.101s] -- The C compiler identification is GNU 11.4.0
[0.300s] -- The CXX compiler identification is GNU 11.4.0
[0.432s] -- Detecting C compiler ABI info
[0.528s] -- Detecting C compiler ABI info - done
[0.531s] -- Check for working C compiler: /usr/bin/cc - skipped
[0.531s] -- Detecting C compile features
[0.533s] -- Detecting C compile features - done
[0.536s] -- Detecting CXX compiler ABI info
[0.632s] -- Detecting CXX compiler ABI info - done
[0.637s] -- Check for working CXX compiler: /usr/bin/c++ - skipped
[0.637s] -- Detecting CXX compile features
[0.637s] -- Detecting CXX compile features - done
[0.642s] -- Found ament_cmake: 1.3.10 (/home/nimesha/ros2_humble/ros2-linux/share/ament_cmake/cmake)
[0.769s] -- Found Python3: /usr/bin/python3 (found version "3.10.12") found components: Interpreter 
[0.891s] -- Configuring done
[0.893s] -- Generating done
[0.893s] -- Build files have been written to: /home/nimesha/Thesis/moveit_ur5_v2_ws/build/moveit_resources_panda_description
[0.898s] Invoked command in '/home/nimesha/Thesis/moveit_ur5_v2_ws/build/moveit_resources_panda_description' returned '0': CMAKE_PREFIX_PATH=${CMAKE_PREFIX_PATH}:/home/nimesha/Thesis/moveit_ur5_v2_ws/install/moveit_configs_utils:/home/nimesha/Thesis/moveit_ur5_v2_ws/install/launch_param_builder:/home/nimesha/Thesis/moveit_ur5_v2_ws/src/ws_moveit/install/moveit_configs_utils:/home/nimesha/Thesis/moveit_ur5_v2_ws/src/ws_moveit/install/launch_param_builder:/opt/ros/humble /usr/bin/cmake /home/nimesha/Thesis/moveit_ur5_v2_ws/src/ws_moveit/src/moveit_resources/panda_description -DCMAKE_INSTALL_PREFIX=/home/nimesha/Thesis/moveit_ur5_v2_ws/install/moveit_resources_panda_description
[0.899s] Invoking command in '/home/nimesha/Thesis/moveit_ur5_v2_ws/build/moveit_resources_panda_description': CMAKE_PREFIX_PATH=${CMAKE_PREFIX_PATH}:/home/nimesha/Thesis/moveit_ur5_v2_ws/install/moveit_configs_utils:/home/nimesha/Thesis/moveit_ur5_v2_ws/install/launch_param_builder:/home/nimesha/Thesis/moveit_ur5_v2_ws/src/ws_moveit/install/moveit_configs_utils:/home/nimesha/Thesis/moveit_ur5_v2_ws/src/ws_moveit/install/launch_param_builder:/opt/ros/humble /usr/bin/cmake --build /home/nimesha/Thesis/moveit_ur5_v2_ws/build/moveit_resources_panda_description -- -j32 -l32
[0.926s] Invoked command in '/home/nimesha/Thesis/moveit_ur5_v2_ws/build/moveit_resources_panda_description' returned '0': CMAKE_PREFIX_PATH=${CMAKE_PREFIX_PATH}:/home/nimesha/Thesis/moveit_ur5_v2_ws/install/moveit_configs_utils:/home/nimesha/Thesis/moveit_ur5_v2_ws/install/launch_param_builder:/home/nimesha/Thesis/moveit_ur5_v2_ws/src/ws_moveit/install/moveit_configs_utils:/home/nimesha/Thesis/moveit_ur5_v2_ws/src/ws_moveit/install/launch_param_builder:/opt/ros/humble /usr/bin/cmake --build /home/nimesha/Thesis/moveit_ur5_v2_ws/build/moveit_resources_panda_description -- -j32 -l32
[0.958s] Invoking command in '/home/nimesha/Thesis/moveit_ur5_v2_ws/build/moveit_resources_panda_description': CMAKE_PREFIX_PATH=${CMAKE_PREFIX_PATH}:/home/nimesha/Thesis/moveit_ur5_v2_ws/install/moveit_configs_utils:/home/nimesha/Thesis/moveit_ur5_v2_ws/install/launch_param_builder:/home/nimesha/Thesis/moveit_ur5_v2_ws/src/ws_moveit/install/moveit_configs_utils:/home/nimesha/Thesis/moveit_ur5_v2_ws/src/ws_moveit/install/launch_param_builder:/opt/ros/humble /usr/bin/cmake --install /home/nimesha/Thesis/moveit_ur5_v2_ws/build/moveit_resources_panda_description
[0.965s] -- Install configuration: ""
[0.965s] -- Installing: /home/nimesha/Thesis/moveit_ur5_v2_ws/install/moveit_resources_panda_description/share/ament_index/resource_index/package_run_dependencies/moveit_resources_panda_description
[0.965s] -- Installing: /home/nimesha/Thesis/moveit_ur5_v2_ws/install/moveit_resources_panda_description/share/ament_index/resource_index/parent_prefix_path/moveit_resources_panda_description
[0.965s] -- Installing: /home/nimesha/Thesis/moveit_ur5_v2_ws/install/moveit_resources_panda_description/share/moveit_resources_panda_description/environment/ament_prefix_path.sh
[0.965s] -- Installing: /home/nimesha/Thesis/moveit_ur5_v2_ws/install/moveit_resources_panda_description/share/moveit_resources_panda_description/environment/ament_prefix_path.dsv
[0.965s] -- Installing: /home/nimesha/Thesis/moveit_ur5_v2_ws/install/moveit_resources_panda_description/share/moveit_resources_panda_description/environment/path.sh
[0.965s] -- Installing: /home/nimesha/Thesis/moveit_ur5_v2_ws/install/moveit_resources_panda_description/share/moveit_resources_panda_description/environment/path.dsv
[0.965s] -- Installing: /home/nimesha/Thesis/moveit_ur5_v2_ws/install/moveit_resources_panda_description/share/moveit_resources_panda_description/local_setup.bash
[0.965s] -- Installing: /home/nimesha/Thesis/moveit_ur5_v2_ws/install/moveit_resources_panda_description/share/moveit_resources_panda_description/local_setup.sh
[0.965s] -- Installing: /home/nimesha/Thesis/moveit_ur5_v2_ws/install/moveit_resources_panda_description/share/moveit_resources_panda_description/local_setup.zsh
[0.965s] -- Installing: /home/nimesha/Thesis/moveit_ur5_v2_ws/install/moveit_resources_panda_description/share/moveit_resources_panda_description/local_setup.dsv
[0.965s] -- Installing: /home/nimesha/Thesis/moveit_ur5_v2_ws/install/moveit_resources_panda_description/share/moveit_resources_panda_description/package.dsv
[0.965s] -- Installing: /home/nimesha/Thesis/moveit_ur5_v2_ws/install/moveit_resources_panda_description/share/ament_index/resource_index/packages/moveit_resources_panda_description
[0.965s] -- Installing: /home/nimesha/Thesis/moveit_ur5_v2_ws/install/moveit_resources_panda_description/share/moveit_resources_panda_description/cmake/moveit_resources_panda_descriptionConfig.cmake
[0.965s] -- Installing: /home/nimesha/Thesis/moveit_ur5_v2_ws/install/moveit_resources_panda_description/share/moveit_resources_panda_description/cmake/moveit_resources_panda_descriptionConfig-version.cmake
[0.965s] -- Installing: /home/nimesha/Thesis/moveit_ur5_v2_ws/install/moveit_resources_panda_description/share/moveit_resources_panda_description/package.xml
[0.965s] -- Installing: /home/nimesha/Thesis/moveit_ur5_v2_ws/install/moveit_resources_panda_description/share/moveit_resources_panda_description/meshes
[0.965s] -- Installing: /home/nimesha/Thesis/moveit_ur5_v2_ws/install/moveit_resources_panda_description/share/moveit_resources_panda_description/meshes/collision
[0.965s] -- Installing: /home/nimesha/Thesis/moveit_ur5_v2_ws/install/moveit_resources_panda_description/share/moveit_resources_panda_description/meshes/collision/finger.stl
[0.965s] -- Installing: /home/nimesha/Thesis/moveit_ur5_v2_ws/install/moveit_resources_panda_description/share/moveit_resources_panda_description/meshes/collision/link3.stl
[0.966s] -- Installing: /home/nimesha/Thesis/moveit_ur5_v2_ws/install/moveit_resources_panda_description/share/moveit_resources_panda_description/meshes/collision/hand.stl
[0.966s] -- Installing: /home/nimesha/Thesis/moveit_ur5_v2_ws/install/moveit_resources_panda_description/share/moveit_resources_panda_description/meshes/collision/link0.stl
[0.966s] -- Installing: /home/nimesha/Thesis/moveit_ur5_v2_ws/install/moveit_resources_panda_description/share/moveit_resources_panda_description/meshes/collision/link6.stl
[0.967s] -- Installing: /home/nimesha/Thesis/moveit_ur5_v2_ws/install/moveit_resources_panda_description/share/moveit_resources_panda_description/meshes/collision/link5.stl
[0.969s] -- Installing: /home/nimesha/Thesis/moveit_ur5_v2_ws/install/moveit_resources_panda_description/share/moveit_resources_panda_description/meshes/collision/link4.stl
[0.969s] -- Installing: /home/nimesha/Thesis/moveit_ur5_v2_ws/install/moveit_resources_panda_description/share/moveit_resources_panda_description/meshes/collision/link1.stl
[0.969s] -- Installing: /home/nimesha/Thesis/moveit_ur5_v2_ws/install/moveit_resources_panda_description/share/moveit_resources_panda_description/meshes/collision/link7.stl
[0.970s] -- Installing: /home/nimesha/Thesis/moveit_ur5_v2_ws/install/moveit_resources_panda_description/share/moveit_resources_panda_description/meshes/collision/link2.stl
[0.970s] -- Installing: /home/nimesha/Thesis/moveit_ur5_v2_ws/install/moveit_resources_panda_description/share/moveit_resources_panda_description/meshes/visual
[0.970s] -- Installing: /home/nimesha/Thesis/moveit_ur5_v2_ws/install/moveit_resources_panda_description/share/moveit_resources_panda_description/meshes/visual/link3.dae
[0.976s] -- Installing: /home/nimesha/Thesis/moveit_ur5_v2_ws/install/moveit_resources_panda_description/share/moveit_resources_panda_description/meshes/visual/link2.dae
[0.979s] -- Installing: /home/nimesha/Thesis/moveit_ur5_v2_ws/install/moveit_resources_panda_description/share/moveit_resources_panda_description/meshes/visual/finger.dae
[0.982s] -- Installing: /home/nimesha/Thesis/moveit_ur5_v2_ws/install/moveit_resources_panda_description/share/moveit_resources_panda_description/meshes/visual/link1.dae
[0.988s] -- Installing: /home/nimesha/Thesis/moveit_ur5_v2_ws/install/moveit_resources_panda_description/share/moveit_resources_panda_description/meshes/visual/link6.dae
[0.997s] -- Installing: /home/nimesha/Thesis/moveit_ur5_v2_ws/install/moveit_resources_panda_description/share/moveit_resources_panda_description/meshes/visual/link4.dae
[1.000s] -- Installing: /home/nimesha/Thesis/moveit_ur5_v2_ws/install/moveit_resources_panda_description/share/moveit_resources_panda_description/meshes/visual/link7.dae
[1.005s] -- Installing: /home/nimesha/Thesis/moveit_ur5_v2_ws/install/moveit_resources_panda_description/share/moveit_resources_panda_description/meshes/visual/link0.dae
[1.010s] -- Installing: /home/nimesha/Thesis/moveit_ur5_v2_ws/install/moveit_resources_panda_description/share/moveit_resources_panda_description/meshes/visual/hand.dae
[1.018s] -- Installing: /home/nimesha/Thesis/moveit_ur5_v2_ws/install/moveit_resources_panda_description/share/moveit_resources_panda_description/meshes/visual/link5.dae
[1.031s] -- Installing: /home/nimesha/Thesis/moveit_ur5_v2_ws/install/moveit_resources_panda_description/share/moveit_resources_panda_description/urdf
[1.031s] -- Installing: /home/nimesha/Thesis/moveit_ur5_v2_ws/install/moveit_resources_panda_description/share/moveit_resources_panda_description/urdf/panda.urdf
[1.034s] Invoked command in '/home/nimesha/Thesis/moveit_ur5_v2_ws/build/moveit_resources_panda_description' returned '0': CMAKE_PREFIX_PATH=${CMAKE_PREFIX_PATH}:/home/nimesha/Thesis/moveit_ur5_v2_ws/install/moveit_configs_utils:/home/nimesha/Thesis/moveit_ur5_v2_ws/install/launch_param_builder:/home/nimesha/Thesis/moveit_ur5_v2_ws/src/ws_moveit/install/moveit_configs_utils:/home/nimesha/Thesis/moveit_ur5_v2_ws/src/ws_moveit/install/launch_param_builder:/opt/ros/humble /usr/bin/cmake --install /home/nimesha/Thesis/moveit_ur5_v2_ws/build/moveit_resources_panda_description
