-- The C compiler identification is GNU 11.4.0
-- The CXX compiler identification is GNU 11.4.0
-- Detecting C compiler ABI info
-- Detecting C compiler ABI info - done
-- Check for working C compiler: /usr/bin/cc - skipped
-- Detecting C compile features
-- Detecting C compile features - done
-- Detecting CXX compiler ABI info
-- Detecting CXX compiler ABI info - done
-- Check for working CXX compiler: /usr/bin/c++ - skipped
-- Detecting CXX compile features
-- Detecting CXX compile features - done
-- Found ament_cmake: 1.3.10 (/home/nimesha/ros2_humble/ros2-linux/share/ament_cmake/cmake)
-- Found Python3: /usr/bin/python3 (found version "3.10.12") found components: Interpreter 
-- Found geometry_msgs: 4.2.4 (/home/nimesha/ros2_humble/ros2-linux/share/geometry_msgs/cmake)
-- Found rosidl_generator_c: 3.1.5 (/home/nimesha/ros2_humble/ros2-linux/share/rosidl_generator_c/cmake)
-- Found rosidl_adapter: 3.1.5 (/home/nimesha/ros2_humble/ros2-linux/share/rosidl_adapter/cmake)
-- Found rosidl_generator_cpp: 3.1.5 (/home/nimesha/ros2_humble/ros2-linux/share/rosidl_generator_cpp/cmake)
-- Using all available rosidl_typesupport_c: rosidl_typesupport_fastrtps_c;rosidl_typesupport_introspection_c
-- Using all available rosidl_typesupport_cpp: rosidl_typesupport_fastrtps_cpp;rosidl_typesupport_introspection_cpp
-- Found trajectory_msgs: 4.2.4 (/home/nimesha/ros2_humble/ros2-linux/share/trajectory_msgs/cmake)
-- Found rclcpp: 16.0.10 (/home/nimesha/ros2_humble/ros2-linux/share/rclcpp/cmake)
-- Found rmw_implementation_cmake: 6.1.2 (/home/nimesha/ros2_humble/ros2-linux/share/rmw_implementation_cmake/cmake)
-- Found rmw_fastrtps_cpp: 6.2.7 (/home/nimesha/ros2_humble/ros2-linux/share/rmw_fastrtps_cpp/cmake)
-- Found OpenSSL: /usr/lib/x86_64-linux-gnu/libcrypto.so (found version "3.0.2")  
-- Found FastRTPS: /home/nimesha/ros2_humble/ros2-linux/include  
-- Using RMW implementation 'rmw_fastrtps_cpp' as default
-- Looking for pthread.h
-- Looking for pthread.h - found
-- Performing Test CMAKE_HAVE_LIBC_PTHREAD
-- Performing Test CMAKE_HAVE_LIBC_PTHREAD - Success
-- Found Threads: TRUE  
-- Found rosidl_default_generators: 1.2.0 (/home/nimesha/ros2_humble/ros2-linux/share/rosidl_default_generators/cmake)
-- Found ament_cmake_ros: 0.10.0 (/home/nimesha/ros2_humble/ros2-linux/share/ament_cmake_ros/cmake)
-- Using all available rosidl_typesupport_c: rosidl_typesupport_fastrtps_c;rosidl_typesupport_introspection_c
-- Using all available rosidl_typesupport_cpp: rosidl_typesupport_fastrtps_cpp;rosidl_typesupport_introspection_cpp
-- Found PythonInterp: /usr/bin/python3 (found suitable version "3.10.12", minimum required is "3.6") 
-- Found python_cmake_module: 0.10.0 (/home/nimesha/ros2_humble/ros2-linux/share/python_cmake_module/cmake)
-- Found PythonLibs: /usr/lib/x86_64-linux-gnu/libpython3.10.so (found suitable version "3.10.12", minimum required is "3.5") 
-- Using PYTHON_EXECUTABLE: /usr/bin/python3
-- Using PYTHON_INCLUDE_DIRS: /usr/include/python3.10
-- Using PYTHON_LIBRARIES: /usr/lib/x86_64-linux-gnu/libpython3.10.so
-- Found PythonExtra: .so  
-- Found ament_lint_auto: 0.12.11 (/home/nimesha/ros2_humble/ros2-linux/share/ament_lint_auto/cmake)
-- Added test 'copyright' to check source files copyright and LICENSE
-- Added test 'lint_cmake' to check CMake code style
-- Added test 'xmllint' to check XML markup files
-- Configuring done
-- Generating done
-- Build files have been written to: /home/nimesha/Thesis/Unused/moveit_ur5_ws/build/moveit_ur5_msgs
[  3%] [34m[1mGenerating C code for ROS interfaces[0m
[  6%] [34m[1mGenerating C++ code for ROS interfaces[0m
[  6%] Built target ament_cmake_python_copy_moveit_ur5_msgs
[  6%] Built target moveit_ur5_msgs__cpp
[  9%] [32mBuilding C object CMakeFiles/moveit_ur5_msgs__rosidl_generator_c.dir/rosidl_generator_c/moveit_ur5_msgs/srv/detail/plan_request__functions.c.o[0m
[ 12%] [34m[1mGenerating C++ type support dispatch for ROS interfaces[0m
[ 16%] [34m[1mGenerating C++ type support for eProsima Fast-RTPS[0m
[ 19%] [34m[1mGenerating C++ introspection for ROS interfaces[0m
running egg_info
creating moveit_ur5_msgs.egg-info
writing moveit_ur5_msgs.egg-info/PKG-INFO
writing dependency_links to moveit_ur5_msgs.egg-info/dependency_links.txt
writing top-level names to moveit_ur5_msgs.egg-info/top_level.txt
writing manifest file 'moveit_ur5_msgs.egg-info/SOURCES.txt'
reading manifest file 'moveit_ur5_msgs.egg-info/SOURCES.txt'
writing manifest file 'moveit_ur5_msgs.egg-info/SOURCES.txt'
[ 22%] [32m[1mLinking C shared library libmoveit_ur5_msgs__rosidl_generator_c.so[0m
[ 22%] Built target ament_cmake_python_build_moveit_ur5_msgs_egg
[ 22%] Built target moveit_ur5_msgs__rosidl_generator_c
[ 29%] [34m[1mGenerating C type support for eProsima Fast-RTPS[0m
[ 29%] [34m[1mGenerating C introspection for ROS interfaces[0m
[ 32%] [34m[1mGenerating C type support dispatch for ROS interfaces[0m
[ 35%] [32mBuilding CXX object CMakeFiles/moveit_ur5_msgs__rosidl_typesupport_cpp.dir/rosidl_typesupport_cpp/moveit_ur5_msgs/srv/plan_request__type_support.cpp.o[0m
[ 38%] [32mBuilding CXX object CMakeFiles/moveit_ur5_msgs__rosidl_typesupport_introspection_cpp.dir/rosidl_typesupport_introspection_cpp/moveit_ur5_msgs/srv/detail/plan_request__type_support.cpp.o[0m
[ 41%] [32mBuilding CXX object CMakeFiles/moveit_ur5_msgs__rosidl_typesupport_fastrtps_cpp.dir/rosidl_typesupport_fastrtps_cpp/moveit_ur5_msgs/srv/detail/dds_fastrtps/plan_request__type_support.cpp.o[0m
[ 45%] [32mBuilding CXX object CMakeFiles/moveit_ur5_msgs__rosidl_typesupport_fastrtps_c.dir/rosidl_typesupport_fastrtps_c/moveit_ur5_msgs/srv/detail/plan_request__type_support_c.cpp.o[0m
[ 48%] [32m[1mLinking CXX shared library libmoveit_ur5_msgs__rosidl_typesupport_cpp.so[0m
[ 51%] [32mBuilding CXX object CMakeFiles/moveit_ur5_msgs__rosidl_typesupport_c.dir/rosidl_typesupport_c/moveit_ur5_msgs/srv/plan_request__type_support.cpp.o[0m
[ 54%] [32mBuilding C object CMakeFiles/moveit_ur5_msgs__rosidl_typesupport_introspection_c.dir/rosidl_typesupport_introspection_c/moveit_ur5_msgs/srv/detail/plan_request__type_support.c.o[0m
[ 58%] [32m[1mLinking CXX shared library libmoveit_ur5_msgs__rosidl_typesupport_c.so[0m
[ 58%] Built target moveit_ur5_msgs__rosidl_typesupport_cpp
[ 61%] [32m[1mLinking C shared library libmoveit_ur5_msgs__rosidl_typesupport_introspection_c.so[0m
[ 61%] Built target moveit_ur5_msgs__rosidl_typesupport_c
[ 64%] [32m[1mLinking CXX shared library libmoveit_ur5_msgs__rosidl_typesupport_introspection_cpp.so[0m
[ 64%] Built target moveit_ur5_msgs__rosidl_typesupport_introspection_c
[ 67%] [32m[1mLinking CXX shared library libmoveit_ur5_msgs__rosidl_typesupport_fastrtps_cpp.so[0m
[ 70%] [32m[1mLinking CXX shared library libmoveit_ur5_msgs__rosidl_typesupport_fastrtps_c.so[0m
[ 70%] Built target moveit_ur5_msgs__rosidl_typesupport_introspection_cpp
[ 70%] Built target moveit_ur5_msgs__rosidl_typesupport_fastrtps_cpp
[ 70%] Built target moveit_ur5_msgs__rosidl_typesupport_fastrtps_c
[ 70%] Built target moveit_ur5_msgs
[ 74%] [34m[1mGenerating Python code for ROS interfaces[0m
[ 74%] Built target moveit_ur5_msgs__py
[ 77%] [32mBuilding C object CMakeFiles/moveit_ur5_msgs__rosidl_generator_py.dir/rosidl_generator_py/moveit_ur5_msgs/srv/_plan_request_s.c.o[0m
[ 80%] [32m[1mLinking C shared library rosidl_generator_py/moveit_ur5_msgs/libmoveit_ur5_msgs__rosidl_generator_py.so[0m
[ 80%] Built target moveit_ur5_msgs__rosidl_generator_py
[ 83%] [32mBuilding C object CMakeFiles/moveit_ur5_msgs__rosidl_typesupport_fastrtps_c__pyext.dir/rosidl_generator_py/moveit_ur5_msgs/_moveit_ur5_msgs_s.ep.rosidl_typesupport_fastrtps_c.c.o[0m
[ 87%] [32mBuilding C object CMakeFiles/moveit_ur5_msgs__rosidl_typesupport_introspection_c__pyext.dir/rosidl_generator_py/moveit_ur5_msgs/_moveit_ur5_msgs_s.ep.rosidl_typesupport_introspection_c.c.o[0m
[ 90%] [32mBuilding C object CMakeFiles/moveit_ur5_msgs__rosidl_typesupport_c__pyext.dir/rosidl_generator_py/moveit_ur5_msgs/_moveit_ur5_msgs_s.ep.rosidl_typesupport_c.c.o[0m
[ 93%] [32m[1mLinking C shared library rosidl_generator_py/moveit_ur5_msgs/moveit_ur5_msgs_s__rosidl_typesupport_introspection_c.cpython-310-x86_64-linux-gnu.so[0m
[ 96%] [32m[1mLinking C shared library rosidl_generator_py/moveit_ur5_msgs/moveit_ur5_msgs_s__rosidl_typesupport_fastrtps_c.cpython-310-x86_64-linux-gnu.so[0m
[100%] [32m[1mLinking C shared library rosidl_generator_py/moveit_ur5_msgs/moveit_ur5_msgs_s__rosidl_typesupport_c.cpython-310-x86_64-linux-gnu.so[0m
[100%] Built target moveit_ur5_msgs__rosidl_typesupport_introspection_c__pyext
[100%] Built target moveit_ur5_msgs__rosidl_typesupport_fastrtps_c__pyext
[100%] Built target moveit_ur5_msgs__rosidl_typesupport_c__pyext
-- Install configuration: ""
-- Installing: /home/nimesha/Thesis/Unused/moveit_ur5_ws/install/moveit_ur5_msgs/share/ament_index/resource_index/rosidl_interfaces/moveit_ur5_msgs
-- Installing: /home/nimesha/Thesis/Unused/moveit_ur5_ws/install/moveit_ur5_msgs/include/moveit_ur5_msgs/moveit_ur5_msgs
-- Installing: /home/nimesha/Thesis/Unused/moveit_ur5_ws/install/moveit_ur5_msgs/include/moveit_ur5_msgs/moveit_ur5_msgs/srv
-- Installing: /home/nimesha/Thesis/Unused/moveit_ur5_ws/install/moveit_ur5_msgs/include/moveit_ur5_msgs/moveit_ur5_msgs/srv/detail
-- Installing: /home/nimesha/Thesis/Unused/moveit_ur5_ws/install/moveit_ur5_msgs/include/moveit_ur5_msgs/moveit_ur5_msgs/srv/detail/plan_request__type_support.h
-- Installing: /home/nimesha/Thesis/Unused/moveit_ur5_ws/install/moveit_ur5_msgs/include/moveit_ur5_msgs/moveit_ur5_msgs/srv/detail/plan_request__functions.c
-- Installing: /home/nimesha/Thesis/Unused/moveit_ur5_ws/install/moveit_ur5_msgs/include/moveit_ur5_msgs/moveit_ur5_msgs/srv/detail/plan_request__functions.h
-- Installing: /home/nimesha/Thesis/Unused/moveit_ur5_ws/install/moveit_ur5_msgs/include/moveit_ur5_msgs/moveit_ur5_msgs/srv/detail/plan_request__struct.h
-- Installing: /home/nimesha/Thesis/Unused/moveit_ur5_ws/install/moveit_ur5_msgs/include/moveit_ur5_msgs/moveit_ur5_msgs/srv/plan_request.h
-- Installing: /home/nimesha/Thesis/Unused/moveit_ur5_ws/install/moveit_ur5_msgs/include/moveit_ur5_msgs/moveit_ur5_msgs/msg
-- Installing: /home/nimesha/Thesis/Unused/moveit_ur5_ws/install/moveit_ur5_msgs/include/moveit_ur5_msgs/moveit_ur5_msgs/msg/rosidl_generator_c__visibility_control.h
-- Installing: /home/nimesha/Thesis/Unused/moveit_ur5_ws/install/moveit_ur5_msgs/share/moveit_ur5_msgs/environment/library_path.sh
-- Installing: /home/nimesha/Thesis/Unused/moveit_ur5_ws/install/moveit_ur5_msgs/share/moveit_ur5_msgs/environment/library_path.dsv
-- Installing: /home/nimesha/Thesis/Unused/moveit_ur5_ws/install/moveit_ur5_msgs/lib/libmoveit_ur5_msgs__rosidl_generator_c.so
-- Set runtime path of "/home/nimesha/Thesis/Unused/moveit_ur5_ws/install/moveit_ur5_msgs/lib/libmoveit_ur5_msgs__rosidl_generator_c.so" to ""
-- Up-to-date: /home/nimesha/Thesis/Unused/moveit_ur5_ws/install/moveit_ur5_msgs/include/moveit_ur5_msgs/moveit_ur5_msgs
-- Up-to-date: /home/nimesha/Thesis/Unused/moveit_ur5_ws/install/moveit_ur5_msgs/include/moveit_ur5_msgs/moveit_ur5_msgs/srv
-- Up-to-date: /home/nimesha/Thesis/Unused/moveit_ur5_ws/install/moveit_ur5_msgs/include/moveit_ur5_msgs/moveit_ur5_msgs/srv/detail
-- Installing: /home/nimesha/Thesis/Unused/moveit_ur5_ws/install/moveit_ur5_msgs/include/moveit_ur5_msgs/moveit_ur5_msgs/srv/detail/plan_request__rosidl_typesupport_fastrtps_c.h
-- Up-to-date: /home/nimesha/Thesis/Unused/moveit_ur5_ws/install/moveit_ur5_msgs/include/moveit_ur5_msgs/moveit_ur5_msgs/msg
-- Installing: /home/nimesha/Thesis/Unused/moveit_ur5_ws/install/moveit_ur5_msgs/include/moveit_ur5_msgs/moveit_ur5_msgs/msg/rosidl_typesupport_fastrtps_c__visibility_control.h
-- Installing: /home/nimesha/Thesis/Unused/moveit_ur5_ws/install/moveit_ur5_msgs/lib/libmoveit_ur5_msgs__rosidl_typesupport_fastrtps_c.so
-- Set runtime path of "/home/nimesha/Thesis/Unused/moveit_ur5_ws/install/moveit_ur5_msgs/lib/libmoveit_ur5_msgs__rosidl_typesupport_fastrtps_c.so" to ""
-- Up-to-date: /home/nimesha/Thesis/Unused/moveit_ur5_ws/install/moveit_ur5_msgs/include/moveit_ur5_msgs/moveit_ur5_msgs
-- Up-to-date: /home/nimesha/Thesis/Unused/moveit_ur5_ws/install/moveit_ur5_msgs/include/moveit_ur5_msgs/moveit_ur5_msgs/srv
-- Installing: /home/nimesha/Thesis/Unused/moveit_ur5_ws/install/moveit_ur5_msgs/include/moveit_ur5_msgs/moveit_ur5_msgs/srv/plan_request.hpp
-- Up-to-date: /home/nimesha/Thesis/Unused/moveit_ur5_ws/install/moveit_ur5_msgs/include/moveit_ur5_msgs/moveit_ur5_msgs/srv/detail
-- Installing: /home/nimesha/Thesis/Unused/moveit_ur5_ws/install/moveit_ur5_msgs/include/moveit_ur5_msgs/moveit_ur5_msgs/srv/detail/plan_request__builder.hpp
-- Installing: /home/nimesha/Thesis/Unused/moveit_ur5_ws/install/moveit_ur5_msgs/include/moveit_ur5_msgs/moveit_ur5_msgs/srv/detail/plan_request__struct.hpp
-- Installing: /home/nimesha/Thesis/Unused/moveit_ur5_ws/install/moveit_ur5_msgs/include/moveit_ur5_msgs/moveit_ur5_msgs/srv/detail/plan_request__traits.hpp
-- Up-to-date: /home/nimesha/Thesis/Unused/moveit_ur5_ws/install/moveit_ur5_msgs/include/moveit_ur5_msgs/moveit_ur5_msgs
-- Up-to-date: /home/nimesha/Thesis/Unused/moveit_ur5_ws/install/moveit_ur5_msgs/include/moveit_ur5_msgs/moveit_ur5_msgs/srv
-- Up-to-date: /home/nimesha/Thesis/Unused/moveit_ur5_ws/install/moveit_ur5_msgs/include/moveit_ur5_msgs/moveit_ur5_msgs/srv/detail
-- Installing: /home/nimesha/Thesis/Unused/moveit_ur5_ws/install/moveit_ur5_msgs/include/moveit_ur5_msgs/moveit_ur5_msgs/srv/detail/plan_request__rosidl_typesupport_fastrtps_cpp.hpp
-- Installing: /home/nimesha/Thesis/Unused/moveit_ur5_ws/install/moveit_ur5_msgs/include/moveit_ur5_msgs/moveit_ur5_msgs/srv/detail/dds_fastrtps
-- Up-to-date: /home/nimesha/Thesis/Unused/moveit_ur5_ws/install/moveit_ur5_msgs/include/moveit_ur5_msgs/moveit_ur5_msgs/msg
-- Installing: /home/nimesha/Thesis/Unused/moveit_ur5_ws/install/moveit_ur5_msgs/include/moveit_ur5_msgs/moveit_ur5_msgs/msg/rosidl_typesupport_fastrtps_cpp__visibility_control.h
-- Installing: /home/nimesha/Thesis/Unused/moveit_ur5_ws/install/moveit_ur5_msgs/lib/libmoveit_ur5_msgs__rosidl_typesupport_fastrtps_cpp.so
-- Set runtime path of "/home/nimesha/Thesis/Unused/moveit_ur5_ws/install/moveit_ur5_msgs/lib/libmoveit_ur5_msgs__rosidl_typesupport_fastrtps_cpp.so" to ""
-- Up-to-date: /home/nimesha/Thesis/Unused/moveit_ur5_ws/install/moveit_ur5_msgs/include/moveit_ur5_msgs/moveit_ur5_msgs
-- Up-to-date: /home/nimesha/Thesis/Unused/moveit_ur5_ws/install/moveit_ur5_msgs/include/moveit_ur5_msgs/moveit_ur5_msgs/srv
-- Up-to-date: /home/nimesha/Thesis/Unused/moveit_ur5_ws/install/moveit_ur5_msgs/include/moveit_ur5_msgs/moveit_ur5_msgs/srv/detail
-- Installing: /home/nimesha/Thesis/Unused/moveit_ur5_ws/install/moveit_ur5_msgs/include/moveit_ur5_msgs/moveit_ur5_msgs/srv/detail/plan_request__type_support.c
-- Installing: /home/nimesha/Thesis/Unused/moveit_ur5_ws/install/moveit_ur5_msgs/include/moveit_ur5_msgs/moveit_ur5_msgs/srv/detail/plan_request__rosidl_typesupport_introspection_c.h
-- Up-to-date: /home/nimesha/Thesis/Unused/moveit_ur5_ws/install/moveit_ur5_msgs/include/moveit_ur5_msgs/moveit_ur5_msgs/msg
-- Installing: /home/nimesha/Thesis/Unused/moveit_ur5_ws/install/moveit_ur5_msgs/include/moveit_ur5_msgs/moveit_ur5_msgs/msg/rosidl_typesupport_introspection_c__visibility_control.h
-- Installing: /home/nimesha/Thesis/Unused/moveit_ur5_ws/install/moveit_ur5_msgs/lib/libmoveit_ur5_msgs__rosidl_typesupport_introspection_c.so
-- Set runtime path of "/home/nimesha/Thesis/Unused/moveit_ur5_ws/install/moveit_ur5_msgs/lib/libmoveit_ur5_msgs__rosidl_typesupport_introspection_c.so" to ""
-- Installing: /home/nimesha/Thesis/Unused/moveit_ur5_ws/install/moveit_ur5_msgs/lib/libmoveit_ur5_msgs__rosidl_typesupport_c.so
-- Set runtime path of "/home/nimesha/Thesis/Unused/moveit_ur5_ws/install/moveit_ur5_msgs/lib/libmoveit_ur5_msgs__rosidl_typesupport_c.so" to ""
-- Up-to-date: /home/nimesha/Thesis/Unused/moveit_ur5_ws/install/moveit_ur5_msgs/include/moveit_ur5_msgs/moveit_ur5_msgs
-- Up-to-date: /home/nimesha/Thesis/Unused/moveit_ur5_ws/install/moveit_ur5_msgs/include/moveit_ur5_msgs/moveit_ur5_msgs/srv
-- Up-to-date: /home/nimesha/Thesis/Unused/moveit_ur5_ws/install/moveit_ur5_msgs/include/moveit_ur5_msgs/moveit_ur5_msgs/srv/detail
-- Installing: /home/nimesha/Thesis/Unused/moveit_ur5_ws/install/moveit_ur5_msgs/include/moveit_ur5_msgs/moveit_ur5_msgs/srv/detail/plan_request__type_support.cpp
-- Installing: /home/nimesha/Thesis/Unused/moveit_ur5_ws/install/moveit_ur5_msgs/include/moveit_ur5_msgs/moveit_ur5_msgs/srv/detail/plan_request__rosidl_typesupport_introspection_cpp.hpp
-- Installing: /home/nimesha/Thesis/Unused/moveit_ur5_ws/install/moveit_ur5_msgs/lib/libmoveit_ur5_msgs__rosidl_typesupport_introspection_cpp.so
-- Set runtime path of "/home/nimesha/Thesis/Unused/moveit_ur5_ws/install/moveit_ur5_msgs/lib/libmoveit_ur5_msgs__rosidl_typesupport_introspection_cpp.so" to ""
-- Installing: /home/nimesha/Thesis/Unused/moveit_ur5_ws/install/moveit_ur5_msgs/lib/libmoveit_ur5_msgs__rosidl_typesupport_cpp.so
-- Set runtime path of "/home/nimesha/Thesis/Unused/moveit_ur5_ws/install/moveit_ur5_msgs/lib/libmoveit_ur5_msgs__rosidl_typesupport_cpp.so" to ""
-- Installing: /home/nimesha/Thesis/Unused/moveit_ur5_ws/install/moveit_ur5_msgs/share/moveit_ur5_msgs/environment/pythonpath.sh
-- Installing: /home/nimesha/Thesis/Unused/moveit_ur5_ws/install/moveit_ur5_msgs/share/moveit_ur5_msgs/environment/pythonpath.dsv
-- Installing: /home/nimesha/Thesis/Unused/moveit_ur5_ws/install/moveit_ur5_msgs/local/lib/python3.10/dist-packages/moveit_ur5_msgs-0.0.0-py3.10.egg-info
-- Installing: /home/nimesha/Thesis/Unused/moveit_ur5_ws/install/moveit_ur5_msgs/local/lib/python3.10/dist-packages/moveit_ur5_msgs-0.0.0-py3.10.egg-info/SOURCES.txt
-- Installing: /home/nimesha/Thesis/Unused/moveit_ur5_ws/install/moveit_ur5_msgs/local/lib/python3.10/dist-packages/moveit_ur5_msgs-0.0.0-py3.10.egg-info/PKG-INFO
-- Installing: /home/nimesha/Thesis/Unused/moveit_ur5_ws/install/moveit_ur5_msgs/local/lib/python3.10/dist-packages/moveit_ur5_msgs-0.0.0-py3.10.egg-info/dependency_links.txt
-- Installing: /home/nimesha/Thesis/Unused/moveit_ur5_ws/install/moveit_ur5_msgs/local/lib/python3.10/dist-packages/moveit_ur5_msgs-0.0.0-py3.10.egg-info/top_level.txt
-- Installing: /home/nimesha/Thesis/Unused/moveit_ur5_ws/install/moveit_ur5_msgs/local/lib/python3.10/dist-packages/moveit_ur5_msgs
-- Installing: /home/nimesha/Thesis/Unused/moveit_ur5_ws/install/moveit_ur5_msgs/local/lib/python3.10/dist-packages/moveit_ur5_msgs/srv
-- Installing: /home/nimesha/Thesis/Unused/moveit_ur5_ws/install/moveit_ur5_msgs/local/lib/python3.10/dist-packages/moveit_ur5_msgs/srv/__init__.py
-- Installing: /home/nimesha/Thesis/Unused/moveit_ur5_ws/install/moveit_ur5_msgs/local/lib/python3.10/dist-packages/moveit_ur5_msgs/srv/_plan_request_s.c
-- Installing: /home/nimesha/Thesis/Unused/moveit_ur5_ws/install/moveit_ur5_msgs/local/lib/python3.10/dist-packages/moveit_ur5_msgs/srv/_plan_request.py
-- Installing: /home/nimesha/Thesis/Unused/moveit_ur5_ws/install/moveit_ur5_msgs/local/lib/python3.10/dist-packages/moveit_ur5_msgs/_moveit_ur5_msgs_s.ep.rosidl_typesupport_introspection_c.c
-- Installing: /home/nimesha/Thesis/Unused/moveit_ur5_ws/install/moveit_ur5_msgs/local/lib/python3.10/dist-packages/moveit_ur5_msgs/_moveit_ur5_msgs_s.ep.rosidl_typesupport_fastrtps_c.c
-- Installing: /home/nimesha/Thesis/Unused/moveit_ur5_ws/install/moveit_ur5_msgs/local/lib/python3.10/dist-packages/moveit_ur5_msgs/__init__.py
-- Installing: /home/nimesha/Thesis/Unused/moveit_ur5_ws/install/moveit_ur5_msgs/local/lib/python3.10/dist-packages/moveit_ur5_msgs/moveit_ur5_msgs_s__rosidl_typesupport_introspection_c.cpython-310-x86_64-linux-gnu.so
-- Installing: /home/nimesha/Thesis/Unused/moveit_ur5_ws/install/moveit_ur5_msgs/local/lib/python3.10/dist-packages/moveit_ur5_msgs/moveit_ur5_msgs_s__rosidl_typesupport_fastrtps_c.cpython-310-x86_64-linux-gnu.so
-- Installing: /home/nimesha/Thesis/Unused/moveit_ur5_ws/install/moveit_ur5_msgs/local/lib/python3.10/dist-packages/moveit_ur5_msgs/moveit_ur5_msgs_s__rosidl_typesupport_c.cpython-310-x86_64-linux-gnu.so
-- Installing: /home/nimesha/Thesis/Unused/moveit_ur5_ws/install/moveit_ur5_msgs/local/lib/python3.10/dist-packages/moveit_ur5_msgs/_moveit_ur5_msgs_s.ep.rosidl_typesupport_c.c
-- Installing: /home/nimesha/Thesis/Unused/moveit_ur5_ws/install/moveit_ur5_msgs/local/lib/python3.10/dist-packages/moveit_ur5_msgs/libmoveit_ur5_msgs__rosidl_generator_py.so
Listing '/home/nimesha/Thesis/Unused/moveit_ur5_ws/install/moveit_ur5_msgs/local/lib/python3.10/dist-packages/moveit_ur5_msgs'...
Compiling '/home/nimesha/Thesis/Unused/moveit_ur5_ws/install/moveit_ur5_msgs/local/lib/python3.10/dist-packages/moveit_ur5_msgs/__init__.py'...
Listing '/home/nimesha/Thesis/Unused/moveit_ur5_ws/install/moveit_ur5_msgs/local/lib/python3.10/dist-packages/moveit_ur5_msgs/srv'...
Compiling '/home/nimesha/Thesis/Unused/moveit_ur5_ws/install/moveit_ur5_msgs/local/lib/python3.10/dist-packages/moveit_ur5_msgs/srv/__init__.py'...
Compiling '/home/nimesha/Thesis/Unused/moveit_ur5_ws/install/moveit_ur5_msgs/local/lib/python3.10/dist-packages/moveit_ur5_msgs/srv/_plan_request.py'...
-- Installing: /home/nimesha/Thesis/Unused/moveit_ur5_ws/install/moveit_ur5_msgs/local/lib/python3.10/dist-packages/moveit_ur5_msgs/moveit_ur5_msgs_s__rosidl_typesupport_fastrtps_c.cpython-310-x86_64-linux-gnu.so
-- Set runtime path of "/home/nimesha/Thesis/Unused/moveit_ur5_ws/install/moveit_ur5_msgs/local/lib/python3.10/dist-packages/moveit_ur5_msgs/moveit_ur5_msgs_s__rosidl_typesupport_fastrtps_c.cpython-310-x86_64-linux-gnu.so" to ""
-- Installing: /home/nimesha/Thesis/Unused/moveit_ur5_ws/install/moveit_ur5_msgs/local/lib/python3.10/dist-packages/moveit_ur5_msgs/moveit_ur5_msgs_s__rosidl_typesupport_introspection_c.cpython-310-x86_64-linux-gnu.so
-- Set runtime path of "/home/nimesha/Thesis/Unused/moveit_ur5_ws/install/moveit_ur5_msgs/local/lib/python3.10/dist-packages/moveit_ur5_msgs/moveit_ur5_msgs_s__rosidl_typesupport_introspection_c.cpython-310-x86_64-linux-gnu.so" to ""
-- Installing: /home/nimesha/Thesis/Unused/moveit_ur5_ws/install/moveit_ur5_msgs/local/lib/python3.10/dist-packages/moveit_ur5_msgs/moveit_ur5_msgs_s__rosidl_typesupport_c.cpython-310-x86_64-linux-gnu.so
-- Set runtime path of "/home/nimesha/Thesis/Unused/moveit_ur5_ws/install/moveit_ur5_msgs/local/lib/python3.10/dist-packages/moveit_ur5_msgs/moveit_ur5_msgs_s__rosidl_typesupport_c.cpython-310-x86_64-linux-gnu.so" to ""
-- Installing: /home/nimesha/Thesis/Unused/moveit_ur5_ws/install/moveit_ur5_msgs/lib/libmoveit_ur5_msgs__rosidl_generator_py.so
-- Set runtime path of "/home/nimesha/Thesis/Unused/moveit_ur5_ws/install/moveit_ur5_msgs/lib/libmoveit_ur5_msgs__rosidl_generator_py.so" to ""
-- Installing: /home/nimesha/Thesis/Unused/moveit_ur5_ws/install/moveit_ur5_msgs/share/moveit_ur5_msgs/srv/PlanRequest.idl
-- Installing: /home/nimesha/Thesis/Unused/moveit_ur5_ws/install/moveit_ur5_msgs/share/moveit_ur5_msgs/srv/PlanRequest.srv
-- Installing: /home/nimesha/Thesis/Unused/moveit_ur5_ws/install/moveit_ur5_msgs/share/moveit_ur5_msgs/srv/PlanRequest_Request.msg
-- Installing: /home/nimesha/Thesis/Unused/moveit_ur5_ws/install/moveit_ur5_msgs/share/moveit_ur5_msgs/srv/PlanRequest_Response.msg
-- Installing: /home/nimesha/Thesis/Unused/moveit_ur5_ws/install/moveit_ur5_msgs/share/ament_index/resource_index/package_run_dependencies/moveit_ur5_msgs
-- Installing: /home/nimesha/Thesis/Unused/moveit_ur5_ws/install/moveit_ur5_msgs/share/ament_index/resource_index/parent_prefix_path/moveit_ur5_msgs
-- Installing: /home/nimesha/Thesis/Unused/moveit_ur5_ws/install/moveit_ur5_msgs/share/moveit_ur5_msgs/environment/ament_prefix_path.sh
-- Installing: /home/nimesha/Thesis/Unused/moveit_ur5_ws/install/moveit_ur5_msgs/share/moveit_ur5_msgs/environment/ament_prefix_path.dsv
-- Installing: /home/nimesha/Thesis/Unused/moveit_ur5_ws/install/moveit_ur5_msgs/share/moveit_ur5_msgs/environment/path.sh
-- Installing: /home/nimesha/Thesis/Unused/moveit_ur5_ws/install/moveit_ur5_msgs/share/moveit_ur5_msgs/environment/path.dsv
-- Installing: /home/nimesha/Thesis/Unused/moveit_ur5_ws/install/moveit_ur5_msgs/share/moveit_ur5_msgs/local_setup.bash
-- Installing: /home/nimesha/Thesis/Unused/moveit_ur5_ws/install/moveit_ur5_msgs/share/moveit_ur5_msgs/local_setup.sh
-- Installing: /home/nimesha/Thesis/Unused/moveit_ur5_ws/install/moveit_ur5_msgs/share/moveit_ur5_msgs/local_setup.zsh
-- Installing: /home/nimesha/Thesis/Unused/moveit_ur5_ws/install/moveit_ur5_msgs/share/moveit_ur5_msgs/local_setup.dsv
-- Installing: /home/nimesha/Thesis/Unused/moveit_ur5_ws/install/moveit_ur5_msgs/share/moveit_ur5_msgs/package.dsv
-- Installing: /home/nimesha/Thesis/Unused/moveit_ur5_ws/install/moveit_ur5_msgs/share/ament_index/resource_index/packages/moveit_ur5_msgs
-- Installing: /home/nimesha/Thesis/Unused/moveit_ur5_ws/install/moveit_ur5_msgs/share/moveit_ur5_msgs/cmake/export_moveit_ur5_msgs__rosidl_generator_cExport.cmake
-- Installing: /home/nimesha/Thesis/Unused/moveit_ur5_ws/install/moveit_ur5_msgs/share/moveit_ur5_msgs/cmake/export_moveit_ur5_msgs__rosidl_generator_cExport-noconfig.cmake
-- Installing: /home/nimesha/Thesis/Unused/moveit_ur5_ws/install/moveit_ur5_msgs/share/moveit_ur5_msgs/cmake/export_moveit_ur5_msgs__rosidl_typesupport_fastrtps_cExport.cmake
-- Installing: /home/nimesha/Thesis/Unused/moveit_ur5_ws/install/moveit_ur5_msgs/share/moveit_ur5_msgs/cmake/export_moveit_ur5_msgs__rosidl_typesupport_fastrtps_cExport-noconfig.cmake
-- Installing: /home/nimesha/Thesis/Unused/moveit_ur5_ws/install/moveit_ur5_msgs/share/moveit_ur5_msgs/cmake/export_moveit_ur5_msgs__rosidl_generator_cppExport.cmake
-- Installing: /home/nimesha/Thesis/Unused/moveit_ur5_ws/install/moveit_ur5_msgs/share/moveit_ur5_msgs/cmake/export_moveit_ur5_msgs__rosidl_typesupport_fastrtps_cppExport.cmake
-- Installing: /home/nimesha/Thesis/Unused/moveit_ur5_ws/install/moveit_ur5_msgs/share/moveit_ur5_msgs/cmake/export_moveit_ur5_msgs__rosidl_typesupport_fastrtps_cppExport-noconfig.cmake
-- Installing: /home/nimesha/Thesis/Unused/moveit_ur5_ws/install/moveit_ur5_msgs/share/moveit_ur5_msgs/cmake/moveit_ur5_msgs__rosidl_typesupport_introspection_cExport.cmake
-- Installing: /home/nimesha/Thesis/Unused/moveit_ur5_ws/install/moveit_ur5_msgs/share/moveit_ur5_msgs/cmake/moveit_ur5_msgs__rosidl_typesupport_introspection_cExport-noconfig.cmake
-- Installing: /home/nimesha/Thesis/Unused/moveit_ur5_ws/install/moveit_ur5_msgs/share/moveit_ur5_msgs/cmake/moveit_ur5_msgs__rosidl_typesupport_cExport.cmake
-- Installing: /home/nimesha/Thesis/Unused/moveit_ur5_ws/install/moveit_ur5_msgs/share/moveit_ur5_msgs/cmake/moveit_ur5_msgs__rosidl_typesupport_cExport-noconfig.cmake
-- Installing: /home/nimesha/Thesis/Unused/moveit_ur5_ws/install/moveit_ur5_msgs/share/moveit_ur5_msgs/cmake/moveit_ur5_msgs__rosidl_typesupport_introspection_cppExport.cmake
-- Installing: /home/nimesha/Thesis/Unused/moveit_ur5_ws/install/moveit_ur5_msgs/share/moveit_ur5_msgs/cmake/moveit_ur5_msgs__rosidl_typesupport_introspection_cppExport-noconfig.cmake
-- Installing: /home/nimesha/Thesis/Unused/moveit_ur5_ws/install/moveit_ur5_msgs/share/moveit_ur5_msgs/cmake/moveit_ur5_msgs__rosidl_typesupport_cppExport.cmake
-- Installing: /home/nimesha/Thesis/Unused/moveit_ur5_ws/install/moveit_ur5_msgs/share/moveit_ur5_msgs/cmake/moveit_ur5_msgs__rosidl_typesupport_cppExport-noconfig.cmake
-- Installing: /home/nimesha/Thesis/Unused/moveit_ur5_ws/install/moveit_ur5_msgs/share/moveit_ur5_msgs/cmake/export_moveit_ur5_msgs__rosidl_generator_pyExport.cmake
-- Installing: /home/nimesha/Thesis/Unused/moveit_ur5_ws/install/moveit_ur5_msgs/share/moveit_ur5_msgs/cmake/export_moveit_ur5_msgs__rosidl_generator_pyExport-noconfig.cmake
-- Installing: /home/nimesha/Thesis/Unused/moveit_ur5_ws/install/moveit_ur5_msgs/share/moveit_ur5_msgs/cmake/rosidl_cmake-extras.cmake
-- Installing: /home/nimesha/Thesis/Unused/moveit_ur5_ws/install/moveit_ur5_msgs/share/moveit_ur5_msgs/cmake/ament_cmake_export_dependencies-extras.cmake
-- Installing: /home/nimesha/Thesis/Unused/moveit_ur5_ws/install/moveit_ur5_msgs/share/moveit_ur5_msgs/cmake/ament_cmake_export_include_directories-extras.cmake
-- Installing: /home/nimesha/Thesis/Unused/moveit_ur5_ws/install/moveit_ur5_msgs/share/moveit_ur5_msgs/cmake/ament_cmake_export_libraries-extras.cmake
-- Installing: /home/nimesha/Thesis/Unused/moveit_ur5_ws/install/moveit_ur5_msgs/share/moveit_ur5_msgs/cmake/ament_cmake_export_targets-extras.cmake
-- Installing: /home/nimesha/Thesis/Unused/moveit_ur5_ws/install/moveit_ur5_msgs/share/moveit_ur5_msgs/cmake/rosidl_cmake_export_typesupport_targets-extras.cmake
-- Installing: /home/nimesha/Thesis/Unused/moveit_ur5_ws/install/moveit_ur5_msgs/share/moveit_ur5_msgs/cmake/rosidl_cmake_export_typesupport_libraries-extras.cmake
-- Installing: /home/nimesha/Thesis/Unused/moveit_ur5_ws/install/moveit_ur5_msgs/share/moveit_ur5_msgs/cmake/moveit_ur5_msgsConfig.cmake
-- Installing: /home/nimesha/Thesis/Unused/moveit_ur5_ws/install/moveit_ur5_msgs/share/moveit_ur5_msgs/cmake/moveit_ur5_msgsConfig-version.cmake
-- Installing: /home/nimesha/Thesis/Unused/moveit_ur5_ws/install/moveit_ur5_msgs/share/moveit_ur5_msgs/package.xml
