[0.012s] Invoking command in '/home/nimesha/Thesis/Unused/moveit_ur5_ws/build/moveit_ur5_msgs': CMAKE_PREFIX_PATH=${CMAKE_PREFIX_PATH}:/home/nimesha/Thesis/moveit_ur5_v2_ws/src/ws_moveit/install/moveit_configs_utils:/home/nimesha/Thesis/moveit_ur5_v2_ws/src/ws_moveit/install/launch_param_builder:/opt/ros/humble /usr/bin/cmake /home/nimesha/Thesis/Unused/moveit_ur5_ws/src/ROS2_pick_and_place_UR5/moveit_ur5_msgs -DCMAKE_INSTALL_PREFIX=/home/nimesha/Thesis/Unused/moveit_ur5_ws/install/moveit_ur5_msgs
[0.095s] -- The C compiler identification is GNU 11.4.0
[0.275s] -- The CXX compiler identification is GNU 11.4.0
[0.394s] -- Detecting C compiler ABI info
[0.478s] -- Detecting C compiler ABI info - done
[0.481s] -- Check for working C compiler: /usr/bin/cc - skipped
[0.482s] -- Detecting C compile features
[0.482s] -- Detecting C compile features - done
[0.483s] -- Detecting CXX compiler ABI info
[0.571s] -- Detecting CXX compiler ABI info - done
[0.576s] -- Check for working CXX compiler: /usr/bin/c++ - skipped
[0.576s] -- Detecting CXX compile features
[0.576s] -- Detecting CXX compile features - done
[0.581s] -- Found ament_cmake: 1.3.10 (/home/nimesha/ros2_humble/ros2-linux/share/ament_cmake/cmake)
[0.688s] -- Found Python3: /usr/bin/python3 (found version "3.10.12") found components: Interpreter 
[0.783s] -- Found geometry_msgs: 4.2.4 (/home/nimesha/ros2_humble/ros2-linux/share/geometry_msgs/cmake)
[0.875s] -- Found rosidl_generator_c: 3.1.5 (/home/nimesha/ros2_humble/ros2-linux/share/rosidl_generator_c/cmake)
[0.885s] -- Found rosidl_adapter: 3.1.5 (/home/nimesha/ros2_humble/ros2-linux/share/rosidl_adapter/cmake)
[0.895s] -- Found rosidl_generator_cpp: 3.1.5 (/home/nimesha/ros2_humble/ros2-linux/share/rosidl_generator_cpp/cmake)
[0.910s] -- Using all available rosidl_typesupport_c: rosidl_typesupport_fastrtps_c;rosidl_typesupport_introspection_c
[0.930s] -- Using all available rosidl_typesupport_cpp: rosidl_typesupport_fastrtps_cpp;rosidl_typesupport_introspection_cpp
[0.969s] -- Found trajectory_msgs: 4.2.4 (/home/nimesha/ros2_humble/ros2-linux/share/trajectory_msgs/cmake)
[0.982s] -- Found rclcpp: 16.0.10 (/home/nimesha/ros2_humble/ros2-linux/share/rclcpp/cmake)
[1.032s] -- Found rmw_implementation_cmake: 6.1.2 (/home/nimesha/ros2_humble/ros2-linux/share/rmw_implementation_cmake/cmake)
[1.038s] -- Found rmw_fastrtps_cpp: 6.2.7 (/home/nimesha/ros2_humble/ros2-linux/share/rmw_fastrtps_cpp/cmake)
[1.655s] -- Found OpenSSL: /usr/lib/x86_64-linux-gnu/libcrypto.so (found version "3.0.2")  
[2.222s] -- Found FastRTPS: /home/nimesha/ros2_humble/ros2-linux/include  
[3.259s] -- Using RMW implementation 'rmw_fastrtps_cpp' as default
[3.270s] -- Looking for pthread.h
[3.361s] -- Looking for pthread.h - found
[3.361s] -- Performing Test CMAKE_HAVE_LIBC_PTHREAD
[3.445s] -- Performing Test CMAKE_HAVE_LIBC_PTHREAD - Success
[3.445s] -- Found Threads: TRUE  
[3.479s] -- Found rosidl_default_generators: 1.2.0 (/home/nimesha/ros2_humble/ros2-linux/share/rosidl_default_generators/cmake)
[3.670s] -- Found ament_cmake_ros: 0.10.0 (/home/nimesha/ros2_humble/ros2-linux/share/ament_cmake_ros/cmake)
[3.937s] -- Using all available rosidl_typesupport_c: rosidl_typesupport_fastrtps_c;rosidl_typesupport_introspection_c
[4.051s] -- Using all available rosidl_typesupport_cpp: rosidl_typesupport_fastrtps_cpp;rosidl_typesupport_introspection_cpp
[4.109s] -- Found PythonInterp: /usr/bin/python3 (found suitable version "3.10.12", minimum required is "3.6") 
[4.111s] -- Found python_cmake_module: 0.10.0 (/home/nimesha/ros2_humble/ros2-linux/share/python_cmake_module/cmake)
[4.249s] -- Found PythonLibs: /usr/lib/x86_64-linux-gnu/libpython3.10.so (found suitable version "3.10.12", minimum required is "3.5") 
[4.249s] -- Using PYTHON_EXECUTABLE: /usr/bin/python3
[4.249s] -- Using PYTHON_INCLUDE_DIRS: /usr/include/python3.10
[4.249s] -- Using PYTHON_LIBRARIES: /usr/lib/x86_64-linux-gnu/libpython3.10.so
[4.265s] -- Found PythonExtra: .so  
[4.344s] -- Found ament_lint_auto: 0.12.11 (/home/nimesha/ros2_humble/ros2-linux/share/ament_lint_auto/cmake)
[4.379s] -- Added test 'copyright' to check source files copyright and LICENSE
[4.380s] -- Added test 'lint_cmake' to check CMake code style
[4.381s] -- Added test 'xmllint' to check XML markup files
[4.387s] -- Configuring done
[4.413s] -- Generating done
[4.415s] -- Build files have been written to: /home/nimesha/Thesis/Unused/moveit_ur5_ws/build/moveit_ur5_msgs
[4.421s] Invoked command in '/home/nimesha/Thesis/Unused/moveit_ur5_ws/build/moveit_ur5_msgs' returned '0': CMAKE_PREFIX_PATH=${CMAKE_PREFIX_PATH}:/home/nimesha/Thesis/moveit_ur5_v2_ws/src/ws_moveit/install/moveit_configs_utils:/home/nimesha/Thesis/moveit_ur5_v2_ws/src/ws_moveit/install/launch_param_builder:/opt/ros/humble /usr/bin/cmake /home/nimesha/Thesis/Unused/moveit_ur5_ws/src/ROS2_pick_and_place_UR5/moveit_ur5_msgs -DCMAKE_INSTALL_PREFIX=/home/nimesha/Thesis/Unused/moveit_ur5_ws/install/moveit_ur5_msgs
[4.422s] Invoking command in '/home/nimesha/Thesis/Unused/moveit_ur5_ws/build/moveit_ur5_msgs': CMAKE_PREFIX_PATH=${CMAKE_PREFIX_PATH}:/home/nimesha/Thesis/moveit_ur5_v2_ws/src/ws_moveit/install/moveit_configs_utils:/home/nimesha/Thesis/moveit_ur5_v2_ws/src/ws_moveit/install/launch_param_builder:/opt/ros/humble /usr/bin/cmake --build /home/nimesha/Thesis/Unused/moveit_ur5_ws/build/moveit_ur5_msgs -- -j32 -l32
[4.455s] [  3%] [34m[1mGenerating C code for ROS interfaces[0m
[4.464s] [  6%] [34m[1mGenerating C++ code for ROS interfaces[0m
[4.470s] [  6%] Built target ament_cmake_python_copy_moveit_ur5_msgs
[4.603s] [  6%] Built target moveit_ur5_msgs__cpp
[4.609s] [  9%] [32mBuilding C object CMakeFiles/moveit_ur5_msgs__rosidl_generator_c.dir/rosidl_generator_c/moveit_ur5_msgs/srv/detail/plan_request__functions.c.o[0m
[4.613s] [ 12%] [34m[1mGenerating C++ type support dispatch for ROS interfaces[0m
[4.614s] [ 16%] [34m[1mGenerating C++ type support for eProsima Fast-RTPS[0m
[4.614s] [ 19%] [34m[1mGenerating C++ introspection for ROS interfaces[0m
[4.627s] running egg_info
[4.628s] creating moveit_ur5_msgs.egg-info
[4.628s] writing moveit_ur5_msgs.egg-info/PKG-INFO
[4.628s] writing dependency_links to moveit_ur5_msgs.egg-info/dependency_links.txt
[4.628s] writing top-level names to moveit_ur5_msgs.egg-info/top_level.txt
[4.628s] writing manifest file 'moveit_ur5_msgs.egg-info/SOURCES.txt'
[4.629s] reading manifest file 'moveit_ur5_msgs.egg-info/SOURCES.txt'
[4.629s] writing manifest file 'moveit_ur5_msgs.egg-info/SOURCES.txt'
[4.647s] [ 22%] [32m[1mLinking C shared library libmoveit_ur5_msgs__rosidl_generator_c.so[0m
[4.647s] [ 22%] Built target ament_cmake_python_build_moveit_ur5_msgs_egg
[4.700s] [ 22%] Built target moveit_ur5_msgs__rosidl_generator_c
[4.711s] [ 29%] [34m[1mGenerating C type support for eProsima Fast-RTPS[0m
[4.711s] [ 29%] [34m[1mGenerating C introspection for ROS interfaces[0m
[4.713s] [ 32%] [34m[1mGenerating C type support dispatch for ROS interfaces[0m
[4.744s] [ 35%] [32mBuilding CXX object CMakeFiles/moveit_ur5_msgs__rosidl_typesupport_cpp.dir/rosidl_typesupport_cpp/moveit_ur5_msgs/srv/plan_request__type_support.cpp.o[0m
[4.758s] [ 38%] [32mBuilding CXX object CMakeFiles/moveit_ur5_msgs__rosidl_typesupport_introspection_cpp.dir/rosidl_typesupport_introspection_cpp/moveit_ur5_msgs/srv/detail/plan_request__type_support.cpp.o[0m
[4.768s] [ 41%] [32mBuilding CXX object CMakeFiles/moveit_ur5_msgs__rosidl_typesupport_fastrtps_cpp.dir/rosidl_typesupport_fastrtps_cpp/moveit_ur5_msgs/srv/detail/dds_fastrtps/plan_request__type_support.cpp.o[0m
[4.874s] [ 45%] [32mBuilding CXX object CMakeFiles/moveit_ur5_msgs__rosidl_typesupport_fastrtps_c.dir/rosidl_typesupport_fastrtps_c/moveit_ur5_msgs/srv/detail/plan_request__type_support_c.cpp.o[0m
[4.897s] [ 48%] [32m[1mLinking CXX shared library libmoveit_ur5_msgs__rosidl_typesupport_cpp.so[0m
[4.912s] [ 51%] [32mBuilding CXX object CMakeFiles/moveit_ur5_msgs__rosidl_typesupport_c.dir/rosidl_typesupport_c/moveit_ur5_msgs/srv/plan_request__type_support.cpp.o[0m
[4.931s] [ 54%] [32mBuilding C object CMakeFiles/moveit_ur5_msgs__rosidl_typesupport_introspection_c.dir/rosidl_typesupport_introspection_c/moveit_ur5_msgs/srv/detail/plan_request__type_support.c.o[0m
[4.939s] [ 58%] [32m[1mLinking CXX shared library libmoveit_ur5_msgs__rosidl_typesupport_c.so[0m
[4.953s] [ 58%] Built target moveit_ur5_msgs__rosidl_typesupport_cpp
[4.959s] [ 61%] [32m[1mLinking C shared library libmoveit_ur5_msgs__rosidl_typesupport_introspection_c.so[0m
[5.000s] [ 61%] Built target moveit_ur5_msgs__rosidl_typesupport_c
[5.006s] [ 64%] [32m[1mLinking CXX shared library libmoveit_ur5_msgs__rosidl_typesupport_introspection_cpp.so[0m
[5.010s] [ 64%] Built target moveit_ur5_msgs__rosidl_typesupport_introspection_c
[5.020s] [ 67%] [32m[1mLinking CXX shared library libmoveit_ur5_msgs__rosidl_typesupport_fastrtps_cpp.so[0m
[5.055s] [ 70%] [32m[1mLinking CXX shared library libmoveit_ur5_msgs__rosidl_typesupport_fastrtps_c.so[0m
[5.070s] [ 70%] Built target moveit_ur5_msgs__rosidl_typesupport_introspection_cpp
[5.084s] [ 70%] Built target moveit_ur5_msgs__rosidl_typesupport_fastrtps_cpp
[5.120s] [ 70%] Built target moveit_ur5_msgs__rosidl_typesupport_fastrtps_c
[5.137s] [ 70%] Built target moveit_ur5_msgs
[5.154s] [ 74%] [34m[1mGenerating Python code for ROS interfaces[0m
[5.339s] [ 74%] Built target moveit_ur5_msgs__py
[5.355s] [ 77%] [32mBuilding C object CMakeFiles/moveit_ur5_msgs__rosidl_generator_py.dir/rosidl_generator_py/moveit_ur5_msgs/srv/_plan_request_s.c.o[0m
[5.411s] [ 80%] [32m[1mLinking C shared library rosidl_generator_py/moveit_ur5_msgs/libmoveit_ur5_msgs__rosidl_generator_py.so[0m
[5.454s] [ 80%] Built target moveit_ur5_msgs__rosidl_generator_py
[5.472s] [ 83%] [32mBuilding C object CMakeFiles/moveit_ur5_msgs__rosidl_typesupport_fastrtps_c__pyext.dir/rosidl_generator_py/moveit_ur5_msgs/_moveit_ur5_msgs_s.ep.rosidl_typesupport_fastrtps_c.c.o[0m
[5.473s] [ 87%] [32mBuilding C object CMakeFiles/moveit_ur5_msgs__rosidl_typesupport_introspection_c__pyext.dir/rosidl_generator_py/moveit_ur5_msgs/_moveit_ur5_msgs_s.ep.rosidl_typesupport_introspection_c.c.o[0m
[5.475s] [ 90%] [32mBuilding C object CMakeFiles/moveit_ur5_msgs__rosidl_typesupport_c__pyext.dir/rosidl_generator_py/moveit_ur5_msgs/_moveit_ur5_msgs_s.ep.rosidl_typesupport_c.c.o[0m
[5.530s] [ 93%] [32m[1mLinking C shared library rosidl_generator_py/moveit_ur5_msgs/moveit_ur5_msgs_s__rosidl_typesupport_introspection_c.cpython-310-x86_64-linux-gnu.so[0m
[5.530s] [ 96%] [32m[1mLinking C shared library rosidl_generator_py/moveit_ur5_msgs/moveit_ur5_msgs_s__rosidl_typesupport_fastrtps_c.cpython-310-x86_64-linux-gnu.so[0m
[5.535s] [100%] [32m[1mLinking C shared library rosidl_generator_py/moveit_ur5_msgs/moveit_ur5_msgs_s__rosidl_typesupport_c.cpython-310-x86_64-linux-gnu.so[0m
[5.573s] [100%] Built target moveit_ur5_msgs__rosidl_typesupport_introspection_c__pyext
[5.573s] [100%] Built target moveit_ur5_msgs__rosidl_typesupport_fastrtps_c__pyext
[5.582s] [100%] Built target moveit_ur5_msgs__rosidl_typesupport_c__pyext
[5.590s] Invoked command in '/home/nimesha/Thesis/Unused/moveit_ur5_ws/build/moveit_ur5_msgs' returned '0': CMAKE_PREFIX_PATH=${CMAKE_PREFIX_PATH}:/home/nimesha/Thesis/moveit_ur5_v2_ws/src/ws_moveit/install/moveit_configs_utils:/home/nimesha/Thesis/moveit_ur5_v2_ws/src/ws_moveit/install/launch_param_builder:/opt/ros/humble /usr/bin/cmake --build /home/nimesha/Thesis/Unused/moveit_ur5_ws/build/moveit_ur5_msgs -- -j32 -l32
[5.699s] Invoking command in '/home/nimesha/Thesis/Unused/moveit_ur5_ws/build/moveit_ur5_msgs': CMAKE_PREFIX_PATH=${CMAKE_PREFIX_PATH}:/home/nimesha/Thesis/moveit_ur5_v2_ws/src/ws_moveit/install/moveit_configs_utils:/home/nimesha/Thesis/moveit_ur5_v2_ws/src/ws_moveit/install/launch_param_builder:/opt/ros/humble /usr/bin/cmake --install /home/nimesha/Thesis/Unused/moveit_ur5_ws/build/moveit_ur5_msgs
[5.705s] -- Install configuration: ""
[5.705s] -- Installing: /home/nimesha/Thesis/Unused/moveit_ur5_ws/install/moveit_ur5_msgs/share/ament_index/resource_index/rosidl_interfaces/moveit_ur5_msgs
[5.705s] -- Installing: /home/nimesha/Thesis/Unused/moveit_ur5_ws/install/moveit_ur5_msgs/include/moveit_ur5_msgs/moveit_ur5_msgs
[5.706s] -- Installing: /home/nimesha/Thesis/Unused/moveit_ur5_ws/install/moveit_ur5_msgs/include/moveit_ur5_msgs/moveit_ur5_msgs/srv
[5.706s] -- Installing: /home/nimesha/Thesis/Unused/moveit_ur5_ws/install/moveit_ur5_msgs/include/moveit_ur5_msgs/moveit_ur5_msgs/srv/detail
[5.706s] -- Installing: /home/nimesha/Thesis/Unused/moveit_ur5_ws/install/moveit_ur5_msgs/include/moveit_ur5_msgs/moveit_ur5_msgs/srv/detail/plan_request__type_support.h
[5.706s] -- Installing: /home/nimesha/Thesis/Unused/moveit_ur5_ws/install/moveit_ur5_msgs/include/moveit_ur5_msgs/moveit_ur5_msgs/srv/detail/plan_request__functions.c
[5.706s] -- Installing: /home/nimesha/Thesis/Unused/moveit_ur5_ws/install/moveit_ur5_msgs/include/moveit_ur5_msgs/moveit_ur5_msgs/srv/detail/plan_request__functions.h
[5.706s] -- Installing: /home/nimesha/Thesis/Unused/moveit_ur5_ws/install/moveit_ur5_msgs/include/moveit_ur5_msgs/moveit_ur5_msgs/srv/detail/plan_request__struct.h
[5.706s] -- Installing: /home/nimesha/Thesis/Unused/moveit_ur5_ws/install/moveit_ur5_msgs/include/moveit_ur5_msgs/moveit_ur5_msgs/srv/plan_request.h
[5.706s] -- Installing: /home/nimesha/Thesis/Unused/moveit_ur5_ws/install/moveit_ur5_msgs/include/moveit_ur5_msgs/moveit_ur5_msgs/msg
[5.707s] -- Installing: /home/nimesha/Thesis/Unused/moveit_ur5_ws/install/moveit_ur5_msgs/include/moveit_ur5_msgs/moveit_ur5_msgs/msg/rosidl_generator_c__visibility_control.h
[5.707s] -- Installing: /home/nimesha/Thesis/Unused/moveit_ur5_ws/install/moveit_ur5_msgs/share/moveit_ur5_msgs/environment/library_path.sh
[5.707s] -- Installing: /home/nimesha/Thesis/Unused/moveit_ur5_ws/install/moveit_ur5_msgs/share/moveit_ur5_msgs/environment/library_path.dsv
[5.707s] -- Installing: /home/nimesha/Thesis/Unused/moveit_ur5_ws/install/moveit_ur5_msgs/lib/libmoveit_ur5_msgs__rosidl_generator_c.so
[5.707s] -- Set runtime path of "/home/nimesha/Thesis/Unused/moveit_ur5_ws/install/moveit_ur5_msgs/lib/libmoveit_ur5_msgs__rosidl_generator_c.so" to ""
[5.707s] -- Up-to-date: /home/nimesha/Thesis/Unused/moveit_ur5_ws/install/moveit_ur5_msgs/include/moveit_ur5_msgs/moveit_ur5_msgs
[5.707s] -- Up-to-date: /home/nimesha/Thesis/Unused/moveit_ur5_ws/install/moveit_ur5_msgs/include/moveit_ur5_msgs/moveit_ur5_msgs/srv
[5.707s] -- Up-to-date: /home/nimesha/Thesis/Unused/moveit_ur5_ws/install/moveit_ur5_msgs/include/moveit_ur5_msgs/moveit_ur5_msgs/srv/detail
[5.707s] -- Installing: /home/nimesha/Thesis/Unused/moveit_ur5_ws/install/moveit_ur5_msgs/include/moveit_ur5_msgs/moveit_ur5_msgs/srv/detail/plan_request__rosidl_typesupport_fastrtps_c.h
[5.707s] -- Up-to-date: /home/nimesha/Thesis/Unused/moveit_ur5_ws/install/moveit_ur5_msgs/include/moveit_ur5_msgs/moveit_ur5_msgs/msg
[5.707s] -- Installing: /home/nimesha/Thesis/Unused/moveit_ur5_ws/install/moveit_ur5_msgs/include/moveit_ur5_msgs/moveit_ur5_msgs/msg/rosidl_typesupport_fastrtps_c__visibility_control.h
[5.708s] -- Installing: /home/nimesha/Thesis/Unused/moveit_ur5_ws/install/moveit_ur5_msgs/lib/libmoveit_ur5_msgs__rosidl_typesupport_fastrtps_c.so
[5.708s] -- Set runtime path of "/home/nimesha/Thesis/Unused/moveit_ur5_ws/install/moveit_ur5_msgs/lib/libmoveit_ur5_msgs__rosidl_typesupport_fastrtps_c.so" to ""
[5.708s] -- Up-to-date: /home/nimesha/Thesis/Unused/moveit_ur5_ws/install/moveit_ur5_msgs/include/moveit_ur5_msgs/moveit_ur5_msgs
[5.708s] -- Up-to-date: /home/nimesha/Thesis/Unused/moveit_ur5_ws/install/moveit_ur5_msgs/include/moveit_ur5_msgs/moveit_ur5_msgs/srv
[5.708s] -- Installing: /home/nimesha/Thesis/Unused/moveit_ur5_ws/install/moveit_ur5_msgs/include/moveit_ur5_msgs/moveit_ur5_msgs/srv/plan_request.hpp
[5.708s] -- Up-to-date: /home/nimesha/Thesis/Unused/moveit_ur5_ws/install/moveit_ur5_msgs/include/moveit_ur5_msgs/moveit_ur5_msgs/srv/detail
[5.708s] -- Installing: /home/nimesha/Thesis/Unused/moveit_ur5_ws/install/moveit_ur5_msgs/include/moveit_ur5_msgs/moveit_ur5_msgs/srv/detail/plan_request__builder.hpp
[5.708s] -- Installing: /home/nimesha/Thesis/Unused/moveit_ur5_ws/install/moveit_ur5_msgs/include/moveit_ur5_msgs/moveit_ur5_msgs/srv/detail/plan_request__struct.hpp
[5.708s] -- Installing: /home/nimesha/Thesis/Unused/moveit_ur5_ws/install/moveit_ur5_msgs/include/moveit_ur5_msgs/moveit_ur5_msgs/srv/detail/plan_request__traits.hpp
[5.708s] -- Up-to-date: /home/nimesha/Thesis/Unused/moveit_ur5_ws/install/moveit_ur5_msgs/include/moveit_ur5_msgs/moveit_ur5_msgs
[5.708s] -- Up-to-date: /home/nimesha/Thesis/Unused/moveit_ur5_ws/install/moveit_ur5_msgs/include/moveit_ur5_msgs/moveit_ur5_msgs/srv
[5.708s] -- Up-to-date: /home/nimesha/Thesis/Unused/moveit_ur5_ws/install/moveit_ur5_msgs/include/moveit_ur5_msgs/moveit_ur5_msgs/srv/detail
[5.708s] -- Installing: /home/nimesha/Thesis/Unused/moveit_ur5_ws/install/moveit_ur5_msgs/include/moveit_ur5_msgs/moveit_ur5_msgs/srv/detail/plan_request__rosidl_typesupport_fastrtps_cpp.hpp
[5.708s] -- Installing: /home/nimesha/Thesis/Unused/moveit_ur5_ws/install/moveit_ur5_msgs/include/moveit_ur5_msgs/moveit_ur5_msgs/srv/detail/dds_fastrtps
[5.709s] -- Up-to-date: /home/nimesha/Thesis/Unused/moveit_ur5_ws/install/moveit_ur5_msgs/include/moveit_ur5_msgs/moveit_ur5_msgs/msg
[5.709s] -- Installing: /home/nimesha/Thesis/Unused/moveit_ur5_ws/install/moveit_ur5_msgs/include/moveit_ur5_msgs/moveit_ur5_msgs/msg/rosidl_typesupport_fastrtps_cpp__visibility_control.h
[5.709s] -- Installing: /home/nimesha/Thesis/Unused/moveit_ur5_ws/install/moveit_ur5_msgs/lib/libmoveit_ur5_msgs__rosidl_typesupport_fastrtps_cpp.so
[5.709s] -- Set runtime path of "/home/nimesha/Thesis/Unused/moveit_ur5_ws/install/moveit_ur5_msgs/lib/libmoveit_ur5_msgs__rosidl_typesupport_fastrtps_cpp.so" to ""
[5.709s] -- Up-to-date: /home/nimesha/Thesis/Unused/moveit_ur5_ws/install/moveit_ur5_msgs/include/moveit_ur5_msgs/moveit_ur5_msgs
[5.709s] -- Up-to-date: /home/nimesha/Thesis/Unused/moveit_ur5_ws/install/moveit_ur5_msgs/include/moveit_ur5_msgs/moveit_ur5_msgs/srv
[5.710s] -- Up-to-date: /home/nimesha/Thesis/Unused/moveit_ur5_ws/install/moveit_ur5_msgs/include/moveit_ur5_msgs/moveit_ur5_msgs/srv/detail
[5.710s] -- Installing: /home/nimesha/Thesis/Unused/moveit_ur5_ws/install/moveit_ur5_msgs/include/moveit_ur5_msgs/moveit_ur5_msgs/srv/detail/plan_request__type_support.c
[5.710s] -- Installing: /home/nimesha/Thesis/Unused/moveit_ur5_ws/install/moveit_ur5_msgs/include/moveit_ur5_msgs/moveit_ur5_msgs/srv/detail/plan_request__rosidl_typesupport_introspection_c.h
[5.710s] -- Up-to-date: /home/nimesha/Thesis/Unused/moveit_ur5_ws/install/moveit_ur5_msgs/include/moveit_ur5_msgs/moveit_ur5_msgs/msg
[5.710s] -- Installing: /home/nimesha/Thesis/Unused/moveit_ur5_ws/install/moveit_ur5_msgs/include/moveit_ur5_msgs/moveit_ur5_msgs/msg/rosidl_typesupport_introspection_c__visibility_control.h
[5.710s] -- Installing: /home/nimesha/Thesis/Unused/moveit_ur5_ws/install/moveit_ur5_msgs/lib/libmoveit_ur5_msgs__rosidl_typesupport_introspection_c.so
[5.710s] -- Set runtime path of "/home/nimesha/Thesis/Unused/moveit_ur5_ws/install/moveit_ur5_msgs/lib/libmoveit_ur5_msgs__rosidl_typesupport_introspection_c.so" to ""
[5.710s] -- Installing: /home/nimesha/Thesis/Unused/moveit_ur5_ws/install/moveit_ur5_msgs/lib/libmoveit_ur5_msgs__rosidl_typesupport_c.so
[5.710s] -- Set runtime path of "/home/nimesha/Thesis/Unused/moveit_ur5_ws/install/moveit_ur5_msgs/lib/libmoveit_ur5_msgs__rosidl_typesupport_c.so" to ""
[5.710s] -- Up-to-date: /home/nimesha/Thesis/Unused/moveit_ur5_ws/install/moveit_ur5_msgs/include/moveit_ur5_msgs/moveit_ur5_msgs
[5.710s] -- Up-to-date: /home/nimesha/Thesis/Unused/moveit_ur5_ws/install/moveit_ur5_msgs/include/moveit_ur5_msgs/moveit_ur5_msgs/srv
[5.710s] -- Up-to-date: /home/nimesha/Thesis/Unused/moveit_ur5_ws/install/moveit_ur5_msgs/include/moveit_ur5_msgs/moveit_ur5_msgs/srv/detail
[5.710s] -- Installing: /home/nimesha/Thesis/Unused/moveit_ur5_ws/install/moveit_ur5_msgs/include/moveit_ur5_msgs/moveit_ur5_msgs/srv/detail/plan_request__type_support.cpp
[5.710s] -- Installing: /home/nimesha/Thesis/Unused/moveit_ur5_ws/install/moveit_ur5_msgs/include/moveit_ur5_msgs/moveit_ur5_msgs/srv/detail/plan_request__rosidl_typesupport_introspection_cpp.hpp
[5.710s] -- Installing: /home/nimesha/Thesis/Unused/moveit_ur5_ws/install/moveit_ur5_msgs/lib/libmoveit_ur5_msgs__rosidl_typesupport_introspection_cpp.so
[5.710s] -- Set runtime path of "/home/nimesha/Thesis/Unused/moveit_ur5_ws/install/moveit_ur5_msgs/lib/libmoveit_ur5_msgs__rosidl_typesupport_introspection_cpp.so" to ""
[5.710s] -- Installing: /home/nimesha/Thesis/Unused/moveit_ur5_ws/install/moveit_ur5_msgs/lib/libmoveit_ur5_msgs__rosidl_typesupport_cpp.so
[5.710s] -- Set runtime path of "/home/nimesha/Thesis/Unused/moveit_ur5_ws/install/moveit_ur5_msgs/lib/libmoveit_ur5_msgs__rosidl_typesupport_cpp.so" to ""
[5.710s] -- Installing: /home/nimesha/Thesis/Unused/moveit_ur5_ws/install/moveit_ur5_msgs/share/moveit_ur5_msgs/environment/pythonpath.sh
[5.710s] -- Installing: /home/nimesha/Thesis/Unused/moveit_ur5_ws/install/moveit_ur5_msgs/share/moveit_ur5_msgs/environment/pythonpath.dsv
[5.710s] -- Installing: /home/nimesha/Thesis/Unused/moveit_ur5_ws/install/moveit_ur5_msgs/local/lib/python3.10/dist-packages/moveit_ur5_msgs-0.0.0-py3.10.egg-info
[5.711s] -- Installing: /home/nimesha/Thesis/Unused/moveit_ur5_ws/install/moveit_ur5_msgs/local/lib/python3.10/dist-packages/moveit_ur5_msgs-0.0.0-py3.10.egg-info/SOURCES.txt
[5.711s] -- Installing: /home/nimesha/Thesis/Unused/moveit_ur5_ws/install/moveit_ur5_msgs/local/lib/python3.10/dist-packages/moveit_ur5_msgs-0.0.0-py3.10.egg-info/PKG-INFO
[5.711s] -- Installing: /home/nimesha/Thesis/Unused/moveit_ur5_ws/install/moveit_ur5_msgs/local/lib/python3.10/dist-packages/moveit_ur5_msgs-0.0.0-py3.10.egg-info/dependency_links.txt
[5.711s] -- Installing: /home/nimesha/Thesis/Unused/moveit_ur5_ws/install/moveit_ur5_msgs/local/lib/python3.10/dist-packages/moveit_ur5_msgs-0.0.0-py3.10.egg-info/top_level.txt
[5.711s] -- Installing: /home/nimesha/Thesis/Unused/moveit_ur5_ws/install/moveit_ur5_msgs/local/lib/python3.10/dist-packages/moveit_ur5_msgs
[5.711s] -- Installing: /home/nimesha/Thesis/Unused/moveit_ur5_ws/install/moveit_ur5_msgs/local/lib/python3.10/dist-packages/moveit_ur5_msgs/srv
[5.711s] -- Installing: /home/nimesha/Thesis/Unused/moveit_ur5_ws/install/moveit_ur5_msgs/local/lib/python3.10/dist-packages/moveit_ur5_msgs/srv/__init__.py
[5.711s] -- Installing: /home/nimesha/Thesis/Unused/moveit_ur5_ws/install/moveit_ur5_msgs/local/lib/python3.10/dist-packages/moveit_ur5_msgs/srv/_plan_request_s.c
[5.711s] -- Installing: /home/nimesha/Thesis/Unused/moveit_ur5_ws/install/moveit_ur5_msgs/local/lib/python3.10/dist-packages/moveit_ur5_msgs/srv/_plan_request.py
[5.711s] -- Installing: /home/nimesha/Thesis/Unused/moveit_ur5_ws/install/moveit_ur5_msgs/local/lib/python3.10/dist-packages/moveit_ur5_msgs/_moveit_ur5_msgs_s.ep.rosidl_typesupport_introspection_c.c
[5.711s] -- Installing: /home/nimesha/Thesis/Unused/moveit_ur5_ws/install/moveit_ur5_msgs/local/lib/python3.10/dist-packages/moveit_ur5_msgs/_moveit_ur5_msgs_s.ep.rosidl_typesupport_fastrtps_c.c
[5.711s] -- Installing: /home/nimesha/Thesis/Unused/moveit_ur5_ws/install/moveit_ur5_msgs/local/lib/python3.10/dist-packages/moveit_ur5_msgs/__init__.py
[5.711s] -- Installing: /home/nimesha/Thesis/Unused/moveit_ur5_ws/install/moveit_ur5_msgs/local/lib/python3.10/dist-packages/moveit_ur5_msgs/moveit_ur5_msgs_s__rosidl_typesupport_introspection_c.cpython-310-x86_64-linux-gnu.so
[5.711s] -- Installing: /home/nimesha/Thesis/Unused/moveit_ur5_ws/install/moveit_ur5_msgs/local/lib/python3.10/dist-packages/moveit_ur5_msgs/moveit_ur5_msgs_s__rosidl_typesupport_fastrtps_c.cpython-310-x86_64-linux-gnu.so
[5.711s] -- Installing: /home/nimesha/Thesis/Unused/moveit_ur5_ws/install/moveit_ur5_msgs/local/lib/python3.10/dist-packages/moveit_ur5_msgs/moveit_ur5_msgs_s__rosidl_typesupport_c.cpython-310-x86_64-linux-gnu.so
[5.711s] -- Installing: /home/nimesha/Thesis/Unused/moveit_ur5_ws/install/moveit_ur5_msgs/local/lib/python3.10/dist-packages/moveit_ur5_msgs/_moveit_ur5_msgs_s.ep.rosidl_typesupport_c.c
[5.711s] -- Installing: /home/nimesha/Thesis/Unused/moveit_ur5_ws/install/moveit_ur5_msgs/local/lib/python3.10/dist-packages/moveit_ur5_msgs/libmoveit_ur5_msgs__rosidl_generator_py.so
[5.732s] Listing '/home/nimesha/Thesis/Unused/moveit_ur5_ws/install/moveit_ur5_msgs/local/lib/python3.10/dist-packages/moveit_ur5_msgs'...
[5.732s] Compiling '/home/nimesha/Thesis/Unused/moveit_ur5_ws/install/moveit_ur5_msgs/local/lib/python3.10/dist-packages/moveit_ur5_msgs/__init__.py'...
[5.732s] Listing '/home/nimesha/Thesis/Unused/moveit_ur5_ws/install/moveit_ur5_msgs/local/lib/python3.10/dist-packages/moveit_ur5_msgs/srv'...
[5.732s] Compiling '/home/nimesha/Thesis/Unused/moveit_ur5_ws/install/moveit_ur5_msgs/local/lib/python3.10/dist-packages/moveit_ur5_msgs/srv/__init__.py'...
[5.732s] Compiling '/home/nimesha/Thesis/Unused/moveit_ur5_ws/install/moveit_ur5_msgs/local/lib/python3.10/dist-packages/moveit_ur5_msgs/srv/_plan_request.py'...
[5.735s] -- Installing: /home/nimesha/Thesis/Unused/moveit_ur5_ws/install/moveit_ur5_msgs/local/lib/python3.10/dist-packages/moveit_ur5_msgs/moveit_ur5_msgs_s__rosidl_typesupport_fastrtps_c.cpython-310-x86_64-linux-gnu.so
[5.735s] -- Set runtime path of "/home/nimesha/Thesis/Unused/moveit_ur5_ws/install/moveit_ur5_msgs/local/lib/python3.10/dist-packages/moveit_ur5_msgs/moveit_ur5_msgs_s__rosidl_typesupport_fastrtps_c.cpython-310-x86_64-linux-gnu.so" to ""
[5.735s] -- Installing: /home/nimesha/Thesis/Unused/moveit_ur5_ws/install/moveit_ur5_msgs/local/lib/python3.10/dist-packages/moveit_ur5_msgs/moveit_ur5_msgs_s__rosidl_typesupport_introspection_c.cpython-310-x86_64-linux-gnu.so
[5.735s] -- Set runtime path of "/home/nimesha/Thesis/Unused/moveit_ur5_ws/install/moveit_ur5_msgs/local/lib/python3.10/dist-packages/moveit_ur5_msgs/moveit_ur5_msgs_s__rosidl_typesupport_introspection_c.cpython-310-x86_64-linux-gnu.so" to ""
[5.735s] -- Installing: /home/nimesha/Thesis/Unused/moveit_ur5_ws/install/moveit_ur5_msgs/local/lib/python3.10/dist-packages/moveit_ur5_msgs/moveit_ur5_msgs_s__rosidl_typesupport_c.cpython-310-x86_64-linux-gnu.so
[5.735s] -- Set runtime path of "/home/nimesha/Thesis/Unused/moveit_ur5_ws/install/moveit_ur5_msgs/local/lib/python3.10/dist-packages/moveit_ur5_msgs/moveit_ur5_msgs_s__rosidl_typesupport_c.cpython-310-x86_64-linux-gnu.so" to ""
[5.735s] -- Installing: /home/nimesha/Thesis/Unused/moveit_ur5_ws/install/moveit_ur5_msgs/lib/libmoveit_ur5_msgs__rosidl_generator_py.so
[5.735s] -- Set runtime path of "/home/nimesha/Thesis/Unused/moveit_ur5_ws/install/moveit_ur5_msgs/lib/libmoveit_ur5_msgs__rosidl_generator_py.so" to ""
[5.736s] -- Installing: /home/nimesha/Thesis/Unused/moveit_ur5_ws/install/moveit_ur5_msgs/share/moveit_ur5_msgs/srv/PlanRequest.idl
[5.736s] -- Installing: /home/nimesha/Thesis/Unused/moveit_ur5_ws/install/moveit_ur5_msgs/share/moveit_ur5_msgs/srv/PlanRequest.srv
[5.736s] -- Installing: /home/nimesha/Thesis/Unused/moveit_ur5_ws/install/moveit_ur5_msgs/share/moveit_ur5_msgs/srv/PlanRequest_Request.msg
[5.736s] -- Installing: /home/nimesha/Thesis/Unused/moveit_ur5_ws/install/moveit_ur5_msgs/share/moveit_ur5_msgs/srv/PlanRequest_Response.msg
[5.736s] -- Installing: /home/nimesha/Thesis/Unused/moveit_ur5_ws/install/moveit_ur5_msgs/share/ament_index/resource_index/package_run_dependencies/moveit_ur5_msgs
[5.736s] -- Installing: /home/nimesha/Thesis/Unused/moveit_ur5_ws/install/moveit_ur5_msgs/share/ament_index/resource_index/parent_prefix_path/moveit_ur5_msgs
[5.737s] -- Installing: /home/nimesha/Thesis/Unused/moveit_ur5_ws/install/moveit_ur5_msgs/share/moveit_ur5_msgs/environment/ament_prefix_path.sh
[5.737s] -- Installing: /home/nimesha/Thesis/Unused/moveit_ur5_ws/install/moveit_ur5_msgs/share/moveit_ur5_msgs/environment/ament_prefix_path.dsv
[5.737s] -- Installing: /home/nimesha/Thesis/Unused/moveit_ur5_ws/install/moveit_ur5_msgs/share/moveit_ur5_msgs/environment/path.sh
[5.737s] -- Installing: /home/nimesha/Thesis/Unused/moveit_ur5_ws/install/moveit_ur5_msgs/share/moveit_ur5_msgs/environment/path.dsv
[5.737s] -- Installing: /home/nimesha/Thesis/Unused/moveit_ur5_ws/install/moveit_ur5_msgs/share/moveit_ur5_msgs/local_setup.bash
[5.737s] -- Installing: /home/nimesha/Thesis/Unused/moveit_ur5_ws/install/moveit_ur5_msgs/share/moveit_ur5_msgs/local_setup.sh
[5.737s] -- Installing: /home/nimesha/Thesis/Unused/moveit_ur5_ws/install/moveit_ur5_msgs/share/moveit_ur5_msgs/local_setup.zsh
[5.737s] -- Installing: /home/nimesha/Thesis/Unused/moveit_ur5_ws/install/moveit_ur5_msgs/share/moveit_ur5_msgs/local_setup.dsv
[5.737s] -- Installing: /home/nimesha/Thesis/Unused/moveit_ur5_ws/install/moveit_ur5_msgs/share/moveit_ur5_msgs/package.dsv
[5.737s] -- Installing: /home/nimesha/Thesis/Unused/moveit_ur5_ws/install/moveit_ur5_msgs/share/ament_index/resource_index/packages/moveit_ur5_msgs
[5.737s] -- Installing: /home/nimesha/Thesis/Unused/moveit_ur5_ws/install/moveit_ur5_msgs/share/moveit_ur5_msgs/cmake/export_moveit_ur5_msgs__rosidl_generator_cExport.cmake
[5.737s] -- Installing: /home/nimesha/Thesis/Unused/moveit_ur5_ws/install/moveit_ur5_msgs/share/moveit_ur5_msgs/cmake/export_moveit_ur5_msgs__rosidl_generator_cExport-noconfig.cmake
[5.737s] -- Installing: /home/nimesha/Thesis/Unused/moveit_ur5_ws/install/moveit_ur5_msgs/share/moveit_ur5_msgs/cmake/export_moveit_ur5_msgs__rosidl_typesupport_fastrtps_cExport.cmake
[5.737s] -- Installing: /home/nimesha/Thesis/Unused/moveit_ur5_ws/install/moveit_ur5_msgs/share/moveit_ur5_msgs/cmake/export_moveit_ur5_msgs__rosidl_typesupport_fastrtps_cExport-noconfig.cmake
[5.737s] -- Installing: /home/nimesha/Thesis/Unused/moveit_ur5_ws/install/moveit_ur5_msgs/share/moveit_ur5_msgs/cmake/export_moveit_ur5_msgs__rosidl_generator_cppExport.cmake
[5.737s] -- Installing: /home/nimesha/Thesis/Unused/moveit_ur5_ws/install/moveit_ur5_msgs/share/moveit_ur5_msgs/cmake/export_moveit_ur5_msgs__rosidl_typesupport_fastrtps_cppExport.cmake
[5.737s] -- Installing: /home/nimesha/Thesis/Unused/moveit_ur5_ws/install/moveit_ur5_msgs/share/moveit_ur5_msgs/cmake/export_moveit_ur5_msgs__rosidl_typesupport_fastrtps_cppExport-noconfig.cmake
[5.737s] -- Installing: /home/nimesha/Thesis/Unused/moveit_ur5_ws/install/moveit_ur5_msgs/share/moveit_ur5_msgs/cmake/moveit_ur5_msgs__rosidl_typesupport_introspection_cExport.cmake
[5.737s] -- Installing: /home/nimesha/Thesis/Unused/moveit_ur5_ws/install/moveit_ur5_msgs/share/moveit_ur5_msgs/cmake/moveit_ur5_msgs__rosidl_typesupport_introspection_cExport-noconfig.cmake
[5.737s] -- Installing: /home/nimesha/Thesis/Unused/moveit_ur5_ws/install/moveit_ur5_msgs/share/moveit_ur5_msgs/cmake/moveit_ur5_msgs__rosidl_typesupport_cExport.cmake
[5.737s] -- Installing: /home/nimesha/Thesis/Unused/moveit_ur5_ws/install/moveit_ur5_msgs/share/moveit_ur5_msgs/cmake/moveit_ur5_msgs__rosidl_typesupport_cExport-noconfig.cmake
[5.738s] -- Installing: /home/nimesha/Thesis/Unused/moveit_ur5_ws/install/moveit_ur5_msgs/share/moveit_ur5_msgs/cmake/moveit_ur5_msgs__rosidl_typesupport_introspection_cppExport.cmake
[5.738s] -- Installing: /home/nimesha/Thesis/Unused/moveit_ur5_ws/install/moveit_ur5_msgs/share/moveit_ur5_msgs/cmake/moveit_ur5_msgs__rosidl_typesupport_introspection_cppExport-noconfig.cmake
[5.738s] -- Installing: /home/nimesha/Thesis/Unused/moveit_ur5_ws/install/moveit_ur5_msgs/share/moveit_ur5_msgs/cmake/moveit_ur5_msgs__rosidl_typesupport_cppExport.cmake
[5.738s] -- Installing: /home/nimesha/Thesis/Unused/moveit_ur5_ws/install/moveit_ur5_msgs/share/moveit_ur5_msgs/cmake/moveit_ur5_msgs__rosidl_typesupport_cppExport-noconfig.cmake
[5.738s] -- Installing: /home/nimesha/Thesis/Unused/moveit_ur5_ws/install/moveit_ur5_msgs/share/moveit_ur5_msgs/cmake/export_moveit_ur5_msgs__rosidl_generator_pyExport.cmake
[5.738s] -- Installing: /home/nimesha/Thesis/Unused/moveit_ur5_ws/install/moveit_ur5_msgs/share/moveit_ur5_msgs/cmake/export_moveit_ur5_msgs__rosidl_generator_pyExport-noconfig.cmake
[5.738s] -- Installing: /home/nimesha/Thesis/Unused/moveit_ur5_ws/install/moveit_ur5_msgs/share/moveit_ur5_msgs/cmake/rosidl_cmake-extras.cmake
[5.738s] -- Installing: /home/nimesha/Thesis/Unused/moveit_ur5_ws/install/moveit_ur5_msgs/share/moveit_ur5_msgs/cmake/ament_cmake_export_dependencies-extras.cmake
[5.738s] -- Installing: /home/nimesha/Thesis/Unused/moveit_ur5_ws/install/moveit_ur5_msgs/share/moveit_ur5_msgs/cmake/ament_cmake_export_include_directories-extras.cmake
[5.738s] -- Installing: /home/nimesha/Thesis/Unused/moveit_ur5_ws/install/moveit_ur5_msgs/share/moveit_ur5_msgs/cmake/ament_cmake_export_libraries-extras.cmake
[5.738s] -- Installing: /home/nimesha/Thesis/Unused/moveit_ur5_ws/install/moveit_ur5_msgs/share/moveit_ur5_msgs/cmake/ament_cmake_export_targets-extras.cmake
[5.738s] -- Installing: /home/nimesha/Thesis/Unused/moveit_ur5_ws/install/moveit_ur5_msgs/share/moveit_ur5_msgs/cmake/rosidl_cmake_export_typesupport_targets-extras.cmake
[5.739s] -- Installing: /home/nimesha/Thesis/Unused/moveit_ur5_ws/install/moveit_ur5_msgs/share/moveit_ur5_msgs/cmake/rosidl_cmake_export_typesupport_libraries-extras.cmake
[5.739s] -- Installing: /home/nimesha/Thesis/Unused/moveit_ur5_ws/install/moveit_ur5_msgs/share/moveit_ur5_msgs/cmake/moveit_ur5_msgsConfig.cmake
[5.739s] -- Installing: /home/nimesha/Thesis/Unused/moveit_ur5_ws/install/moveit_ur5_msgs/share/moveit_ur5_msgs/cmake/moveit_ur5_msgsConfig-version.cmake
[5.739s] -- Installing: /home/nimesha/Thesis/Unused/moveit_ur5_ws/install/moveit_ur5_msgs/share/moveit_ur5_msgs/package.xml
[5.740s] Invoked command in '/home/nimesha/Thesis/Unused/moveit_ur5_ws/build/moveit_ur5_msgs' returned '0': CMAKE_PREFIX_PATH=${CMAKE_PREFIX_PATH}:/home/nimesha/Thesis/moveit_ur5_v2_ws/src/ws_moveit/install/moveit_configs_utils:/home/nimesha/Thesis/moveit_ur5_v2_ws/src/ws_moveit/install/launch_param_builder:/opt/ros/humble /usr/bin/cmake --install /home/nimesha/Thesis/Unused/moveit_ur5_ws/build/moveit_ur5_msgs
