[0.230s] Invoking command in '/home/nimesha/thesis/ws_moveit/build/moveit_core': AMENT_PREFIX_PATH=/home/nimesha/thesis/ws_moveit/install/moveit_resources_panda_moveit_config:/home/nimesha/thesis/ws_moveit/install/srdfdom:${AMENT_PREFIX_PATH} CMAKE_PREFIX_PATH=/home/nimesha/thesis/ws_moveit/install/moveit_resources_panda_moveit_config:/home/nimesha/thesis/ws_moveit/install/srdfdom:/home/nimesha/thesis/ws_moveit/install/moveit_resources_pr2_description:/home/nimesha/thesis/ws_moveit/install/moveit_resources_panda_description:/home/nimesha/thesis/ws_moveit/install/moveit_common:/home/nimesha/ros2_humble/ros2-linux:/home/nimesha/thesis/ws_moveit/install/robotiq_description:/home/nimesha/thesis/ws_moveit/install/moveit_resources_prbt_support:/home/nimesha/thesis/ws_moveit/install/moveit_resources_fanuc_description:/opt/ros/humble:/home/nimesha/thesis/ws_moveit/install/moveit_configs_utils:/opt/ros/rolling LD_LIBRARY_PATH=/home/nimesha/thesis/ws_moveit/install/srdfdom/lib:/opt/ros/humble/lib/x86_64-linux-gnu:/opt/ros/humble/lib:/home/nimesha/ros2_humble/ros2-linux/opt/rviz_ogre_vendor/lib:/opt/rti.com/rti_connext_dds-6.0.1/lib/x64Linux4gcc7.3.0:/opt/rti.com/rti_connext_dds-6.0.1/bin:/home/nimesha/ros2_humble/ros2-linux/lib:/opt/ros/rolling/opt/rviz_ogre_vendor/lib:/opt/ros/rolling/lib/x86_64-linux-gnu:/opt/ros/rolling/lib:/usr/lib/nvidia PYTHONPATH=/home/nimesha/thesis/ws_moveit/install/srdfdom/local/lib/python3.10/dist-packages:${PYTHONPATH} /usr/bin/cmake /home/nimesha/thesis/ws_moveit/src/moveit2/moveit_core -DCMAKE_BUILD_TYPE=Release -DCMAKE_INSTALL_PREFIX=/home/nimesha/thesis/ws_moveit/install/moveit_core
[0.302s] -- The CXX compiler identification is GNU 11.4.0
[0.402s] -- Detecting CXX compiler ABI info
[0.482s] -- Detecting CXX compiler ABI info - done
[0.486s] -- Check for working CXX compiler: /usr/bin/c++ - skipped
[0.486s] -- Detecting CXX compile features
[0.486s] -- Detecting CXX compile features - done
[0.487s] -- Found moveit_common: 2.5.5 (/home/nimesha/thesis/ws_moveit/install/moveit_common/share/moveit_common/cmake)
[0.488s] -- Found ament_cmake: 1.3.10 (/home/nimesha/ros2_humble/ros2-linux/share/ament_cmake/cmake)
[0.581s] -- Found Python3: /usr/bin/python3 (found version "3.10.12") found components: Interpreter 
[0.678s] -- Found angles: 1.15.0 (/opt/ros/humble/share/angles/cmake)
[1.134s] -- Found Bullet: /usr/lib/x86_64-linux-gnu/libBulletDynamics.so (Required is at least version "2.87") 
[1.139s] -- Found common_interfaces: 4.2.4 (/home/nimesha/ros2_humble/ros2-linux/share/common_interfaces/cmake)
[1.140s] -- Found eigen_stl_containers: 1.0.0 (/opt/ros/humble/share/eigen_stl_containers/cmake)
[1.145s] -- Found eigen3_cmake_module: 0.1.1 (/home/nimesha/ros2_humble/ros2-linux/share/eigen3_cmake_module/cmake)
[1.149s] -- Found Eigen3: TRUE (found version "3.4.0") 
[1.155s] -- Found generate_parameter_library: 0.3.8 (/opt/ros/humble/share/generate_parameter_library/cmake)
[1.158s] -- Found parameter_traits: 0.3.8 (/opt/ros/humble/share/parameter_traits/cmake)
[1.195s] -- Found rosidl_generator_c: 3.1.5 (/home/nimesha/ros2_humble/ros2-linux/share/rosidl_generator_c/cmake)
[1.197s] -- Found rosidl_adapter: 3.1.5 (/home/nimesha/ros2_humble/ros2-linux/share/rosidl_adapter/cmake)
[1.202s] -- Found rosidl_generator_cpp: 3.1.5 (/home/nimesha/ros2_humble/ros2-linux/share/rosidl_generator_cpp/cmake)
[1.209s] -- Using all available rosidl_typesupport_c: rosidl_typesupport_fastrtps_c;rosidl_typesupport_introspection_c
[1.218s] -- Using all available rosidl_typesupport_cpp: rosidl_typesupport_fastrtps_cpp;rosidl_typesupport_introspection_cpp
[1.243s] -- Found rmw_implementation_cmake: 6.1.2 (/home/nimesha/ros2_humble/ros2-linux/share/rmw_implementation_cmake/cmake)
[1.245s] -- Found rmw_cyclonedds_cpp: 1.3.4 (/home/nimesha/ros2_humble/ros2-linux/share/rmw_cyclonedds_cpp/cmake)
[1.255s] -- Using RMW implementation 'rmw_cyclonedds_cpp' as default
[1.260s] -- Looking for C++ include pthread.h
[1.336s] -- Looking for C++ include pthread.h - found
[1.336s] -- Performing Test CMAKE_HAVE_LIBC_PTHREAD
[1.411s] -- Performing Test CMAKE_HAVE_LIBC_PTHREAD - Success
[1.412s] -- Found Threads: TRUE  
[1.445s] -- Found rclcpp_lifecycle: 16.0.10 (/home/nimesha/ros2_humble/ros2-linux/share/rclcpp_lifecycle/cmake)
[1.470s] -- Found geometric_shapes: 2.1.3 (/opt/ros/humble/share/geometric_shapes/cmake)
[1.478s] -- Found Boost: /usr/lib/x86_64-linux-gnu/cmake/Boost-1.74.0/BoostConfig.cmake (found version "1.74.0") found components: filesystem 
[1.999s] -- library: /usr/lib/x86_64-linux-gnu/libcurl.so
[2.034s] -- Found kdl_parser: 2.6.4 (/home/nimesha/ros2_humble/ros2-linux/share/kdl_parser/cmake)
[2.059s] -- Ensuring Eigen3 include directory is part of orocos-kdl CMake target
[2.063s] -- Found moveit_msgs: 2.2.1 (/opt/ros/humble/share/moveit_msgs/cmake)
[2.130s] -- Found pluginlib: 5.1.0 (/home/nimesha/ros2_humble/ros2-linux/share/pluginlib/cmake)
[2.586s] -- Found srdfdom: 2.0.4 (/home/nimesha/thesis/ws_moveit/install/srdfdom/share/srdfdom/cmake)
[2.591s] -- Found tf2_eigen: 0.25.7 (/home/nimesha/ros2_humble/ros2-linux/share/tf2_eigen/cmake)
[2.634s] -- Found tf2_geometry_msgs: 0.25.7 (/home/nimesha/ros2_humble/ros2-linux/share/tf2_geometry_msgs/cmake)
[2.639s] -- Found tf2_kdl: 0.25.7 (/home/nimesha/ros2_humble/ros2-linux/share/tf2_kdl/cmake)
[2.679s] -- Found Boost: /usr/lib/x86_64-linux-gnu/cmake/Boost-1.74.0/BoostConfig.cmake (found version "1.74.0") found components: chrono date_time filesystem iostreams program_options regex serialization system thread 
[2.680s] --  *** Building MoveIt 2.5.5-Alpha ***
[2.690s] -- Performing Test COMPILER_HAS_HIDDEN_VISIBILITY
[2.774s] -- Performing Test COMPILER_HAS_HIDDEN_VISIBILITY - Success
[2.775s] -- Performing Test COMPILER_HAS_HIDDEN_INLINE_VISIBILITY
[2.842s] -- Performing Test COMPILER_HAS_HIDDEN_INLINE_VISIBILITY - Success
[2.843s] -- Performing Test COMPILER_HAS_DEPRECATED_ATTR
[2.914s] -- Performing Test COMPILER_HAS_DEPRECATED_ATTR - Success
[2.916s] -- Found ament_cmake_gtest: 1.3.10 (/home/nimesha/ros2_humble/ros2-linux/share/ament_cmake_gtest/cmake)
[2.917s] -- Found gtest sources under '/home/nimesha/ros2_humble/ros2-linux/src/gtest_vendor': C++ tests using 'Google Test' will be built
[2.970s] -- The C compiler identification is GNU 11.4.0
[3.049s] -- Detecting C compiler ABI info
[3.113s] -- Detecting C compiler ABI info - done
[3.117s] -- Check for working C compiler: /usr/bin/cc - skipped
[3.117s] -- Detecting C compile features
[3.117s] -- Detecting C compile features - done
[3.123s] -- Found ament_cmake_gmock: 1.3.10 (/home/nimesha/ros2_humble/ros2-linux/share/ament_cmake_gmock/cmake)
[3.126s] -- Found gmock sources under '/home/nimesha/ros2_humble/ros2-linux/src/gmock_vendor': C++ tests using 'Google Mock' will be built
[3.129s] -- Found ament_cmake_gtest: 1.3.10 (/home/nimesha/ros2_humble/ros2-linux/share/ament_cmake_gtest/cmake)
[3.129s] -- Found gtest sources under '/home/nimesha/ros2_humble/ros2-linux/src/gtest_vendor': C++ tests using 'Google Test' will be built
[3.133s] -- Found ament_cmake_gtest: 1.3.10 (/home/nimesha/ros2_humble/ros2-linux/share/ament_cmake_gtest/cmake)
[3.134s] -- Found gtest sources under '/home/nimesha/ros2_humble/ros2-linux/src/gtest_vendor': C++ tests using 'Google Test' will be built
[3.146s] -- Found ament_cmake_gtest: 1.3.10 (/home/nimesha/ros2_humble/ros2-linux/share/ament_cmake_gtest/cmake)
[3.147s] -- Found gtest sources under '/home/nimesha/ros2_humble/ros2-linux/src/gtest_vendor': C++ tests using 'Google Test' will be built
[3.156s] -- Found ament_lint_auto: 0.12.11 (/home/nimesha/ros2_humble/ros2-linux/share/ament_lint_auto/cmake)
[3.156s] -- Found ament_cmake_gtest: 1.3.10 (/home/nimesha/ros2_humble/ros2-linux/share/ament_cmake_gtest/cmake)
[3.157s] -- Found gtest sources under '/home/nimesha/ros2_humble/ros2-linux/src/gtest_vendor': C++ tests using 'Google Test' will be built
[3.166s] -- Found ament_cmake_gtest: 1.3.10 (/home/nimesha/ros2_humble/ros2-linux/share/ament_cmake_gtest/cmake)
[3.166s] -- Found gtest sources under '/home/nimesha/ros2_humble/ros2-linux/src/gtest_vendor': C++ tests using 'Google Test' will be built
[3.172s] -- Found ament_cmake_gtest: 1.3.10 (/home/nimesha/ros2_humble/ros2-linux/share/ament_cmake_gtest/cmake)
[3.173s] -- Found gtest sources under '/home/nimesha/ros2_humble/ros2-linux/src/gtest_vendor': C++ tests using 'Google Test' will be built
[3.177s] -- Found ament_cmake_gtest: 1.3.10 (/home/nimesha/ros2_humble/ros2-linux/share/ament_cmake_gtest/cmake)
[3.177s] -- Found gtest sources under '/home/nimesha/ros2_humble/ros2-linux/src/gtest_vendor': C++ tests using 'Google Test' will be built
[3.184s] -- Found gtest sources under '/home/nimesha/ros2_humble/ros2-linux/src/gtest_vendor': C++ tests using 'Google Test' will be built
[3.190s] -- Found gtest sources under '/home/nimesha/ros2_humble/ros2-linux/src/gtest_vendor': C++ tests using 'Google Test' will be built
[3.196s] -- Found ament_cmake_gtest: 1.3.10 (/home/nimesha/ros2_humble/ros2-linux/share/ament_cmake_gtest/cmake)
[3.196s] -- Found gtest sources under '/home/nimesha/ros2_humble/ros2-linux/src/gtest_vendor': C++ tests using 'Google Test' will be built
[3.207s] -- Found gtest sources under '/home/nimesha/ros2_humble/ros2-linux/src/gtest_vendor': C++ tests using 'Google Test' will be built
[3.214s] -- Found gtest sources under '/home/nimesha/ros2_humble/ros2-linux/src/gtest_vendor': C++ tests using 'Google Test' will be built
[3.220s] -- Found gtest sources under '/home/nimesha/ros2_humble/ros2-linux/src/gtest_vendor': C++ tests using 'Google Test' will be built
[3.224s] -- Found ament_lint_auto: 0.12.11 (/home/nimesha/ros2_humble/ros2-linux/share/ament_lint_auto/cmake)
[3.261s] -- Added test 'cppcheck' to perform static code analysis on C / C++ code
[3.262s] -- Configured cppcheck include dirs: /home/nimesha/thesis/ws_moveit/src/moveit2/moveit_core/exceptions/include;/home/nimesha/thesis/ws_moveit/src/moveit2/moveit_core/collision_detection/include;/home/nimesha/thesis/ws_moveit/src/moveit2/moveit_core/collision_detection_fcl/include;/home/nimesha/thesis/ws_moveit/src/moveit2/moveit_core/collision_detection_bullet/include;/home/nimesha/thesis/ws_moveit/src/moveit2/moveit_core/constraint_samplers/include;/home/nimesha/thesis/ws_moveit/src/moveit2/moveit_core/controller_manager/include;/home/nimesha/thesis/ws_moveit/src/moveit2/moveit_core/distance_field/include;/home/nimesha/thesis/ws_moveit/src/moveit2/moveit_core/collision_distance_field/include;/home/nimesha/thesis/ws_moveit/src/moveit2/moveit_core/dynamics_solver/include;/home/nimesha/thesis/ws_moveit/src/moveit2/moveit_core/kinematics_base/include;/home/nimesha/thesis/ws_moveit/src/moveit2/moveit_core/kinematics_metrics/include;/home/nimesha/thesis/ws_moveit/src/moveit2/moveit_core/robot_model/include;/home/nimesha/thesis/ws_moveit/src/moveit2/moveit_core/transforms/include;/home/nimesha/thesis/ws_moveit/src/moveit2/moveit_core/robot_state/include;/home/nimesha/thesis/ws_moveit/src/moveit2/moveit_core/robot_trajectory/include;/home/nimesha/thesis/ws_moveit/src/moveit2/moveit_core/kinematic_constraints/include;/home/nimesha/thesis/ws_moveit/src/moveit2/moveit_core/macros/include;/home/nimesha/thesis/ws_moveit/src/moveit2/moveit_core/online_signal_smoothing/include;/home/nimesha/thesis/ws_moveit/src/moveit2/moveit_core/planning_interface/include;/home/nimesha/thesis/ws_moveit/src/moveit2/moveit_core/planning_request_adapter/include;/home/nimesha/thesis/ws_moveit/src/moveit2/moveit_core/planning_scene/include;/home/nimesha/thesis/ws_moveit/src/moveit2/moveit_core/sensor_manager/include;/home/nimesha/thesis/ws_moveit/src/moveit2/moveit_core/trajectory_processing/include;/home/nimesha/thesis/ws_moveit/src/moveit2/moveit_core/utils/include
[3.262s] -- Configured cppcheck exclude dirs and/or files: 
[3.263s] -- Added test 'pep257' to check Python code against some of the docstring style conventions in PEP 257
[3.264s] -- Added test 'xmllint' to check XML markup files
[3.265s] -- Configuring done
[3.612s] -- Generating done
[3.616s] -- Build files have been written to: /home/nimesha/thesis/ws_moveit/build/moveit_core
[3.636s] Invoked command in '/home/nimesha/thesis/ws_moveit/build/moveit_core' returned '0': AMENT_PREFIX_PATH=/home/nimesha/thesis/ws_moveit/install/moveit_resources_panda_moveit_config:/home/nimesha/thesis/ws_moveit/install/srdfdom:${AMENT_PREFIX_PATH} CMAKE_PREFIX_PATH=/home/nimesha/thesis/ws_moveit/install/moveit_resources_panda_moveit_config:/home/nimesha/thesis/ws_moveit/install/srdfdom:/home/nimesha/thesis/ws_moveit/install/moveit_resources_pr2_description:/home/nimesha/thesis/ws_moveit/install/moveit_resources_panda_description:/home/nimesha/thesis/ws_moveit/install/moveit_common:/home/nimesha/ros2_humble/ros2-linux:/home/nimesha/thesis/ws_moveit/install/robotiq_description:/home/nimesha/thesis/ws_moveit/install/moveit_resources_prbt_support:/home/nimesha/thesis/ws_moveit/install/moveit_resources_fanuc_description:/opt/ros/humble:/home/nimesha/thesis/ws_moveit/install/moveit_configs_utils:/opt/ros/rolling LD_LIBRARY_PATH=/home/nimesha/thesis/ws_moveit/install/srdfdom/lib:/opt/ros/humble/lib/x86_64-linux-gnu:/opt/ros/humble/lib:/home/nimesha/ros2_humble/ros2-linux/opt/rviz_ogre_vendor/lib:/opt/rti.com/rti_connext_dds-6.0.1/lib/x64Linux4gcc7.3.0:/opt/rti.com/rti_connext_dds-6.0.1/bin:/home/nimesha/ros2_humble/ros2-linux/lib:/opt/ros/rolling/opt/rviz_ogre_vendor/lib:/opt/ros/rolling/lib/x86_64-linux-gnu:/opt/ros/rolling/lib:/usr/lib/nvidia PYTHONPATH=/home/nimesha/thesis/ws_moveit/install/srdfdom/local/lib/python3.10/dist-packages:${PYTHONPATH} /usr/bin/cmake /home/nimesha/thesis/ws_moveit/src/moveit2/moveit_core -DCMAKE_BUILD_TYPE=Release -DCMAKE_INSTALL_PREFIX=/home/nimesha/thesis/ws_moveit/install/moveit_core
[3.637s] Invoking command in '/home/nimesha/thesis/ws_moveit/build/moveit_core': AMENT_PREFIX_PATH=/home/nimesha/thesis/ws_moveit/install/moveit_resources_panda_moveit_config:/home/nimesha/thesis/ws_moveit/install/srdfdom:${AMENT_PREFIX_PATH} CMAKE_PREFIX_PATH=/home/nimesha/thesis/ws_moveit/install/moveit_resources_panda_moveit_config:/home/nimesha/thesis/ws_moveit/install/srdfdom:/home/nimesha/thesis/ws_moveit/install/moveit_resources_pr2_description:/home/nimesha/thesis/ws_moveit/install/moveit_resources_panda_description:/home/nimesha/thesis/ws_moveit/install/moveit_common:/home/nimesha/ros2_humble/ros2-linux:/home/nimesha/thesis/ws_moveit/install/robotiq_description:/home/nimesha/thesis/ws_moveit/install/moveit_resources_prbt_support:/home/nimesha/thesis/ws_moveit/install/moveit_resources_fanuc_description:/opt/ros/humble:/home/nimesha/thesis/ws_moveit/install/moveit_configs_utils:/opt/ros/rolling LD_LIBRARY_PATH=/home/nimesha/thesis/ws_moveit/install/srdfdom/lib:/opt/ros/humble/lib/x86_64-linux-gnu:/opt/ros/humble/lib:/home/nimesha/ros2_humble/ros2-linux/opt/rviz_ogre_vendor/lib:/opt/rti.com/rti_connext_dds-6.0.1/lib/x64Linux4gcc7.3.0:/opt/rti.com/rti_connext_dds-6.0.1/bin:/home/nimesha/ros2_humble/ros2-linux/lib:/opt/ros/rolling/opt/rviz_ogre_vendor/lib:/opt/ros/rolling/lib/x86_64-linux-gnu:/opt/ros/rolling/lib:/usr/lib/nvidia PYTHONPATH=/home/nimesha/thesis/ws_moveit/install/srdfdom/local/lib/python3.10/dist-packages:${PYTHONPATH} /usr/bin/cmake --build /home/nimesha/thesis/ws_moveit/build/moveit_core -- -j32 -l32
[3.672s] [  0%] [32mBuilding CXX object exceptions/CMakeFiles/moveit_exceptions.dir/src/exceptions.cpp.o[0m
[3.678s] [  1%] [32mBuilding CXX object distance_field/CMakeFiles/moveit_distance_field.dir/src/propagation_distance_field.cpp.o[0m
[3.678s] [  1%] [32mBuilding CXX object gtest/CMakeFiles/gtest.dir/src/gtest-all.cc.o[0m
[3.678s] [  1%] [32mBuilding CXX object kinematics_base/CMakeFiles/moveit_kinematics_base.dir/src/kinematics_base.cpp.o[0m
[3.679s] [  2%] [32mBuilding CXX object utils/CMakeFiles/moveit_utils.dir/src/lexical_casts.cpp.o[0m
[3.680s] [  3%] [32mBuilding CXX object distance_field/CMakeFiles/moveit_distance_field.dir/src/distance_field.cpp.o[0m
[3.680s] [  3%] [32mBuilding CXX object transforms/CMakeFiles/moveit_transforms.dir/src/transforms.cpp.o[0m
[3.680s] [  3%] [32mBuilding CXX object distance_field/CMakeFiles/moveit_distance_field.dir/src/find_internal_points.cpp.o[0m
[3.680s] [  3%] [32mBuilding CXX object online_signal_smoothing/CMakeFiles/moveit_smoothing_base.dir/src/smoothing_base_class.cpp.o[0m
[3.680s] [  3%] [32mBuilding CXX object gmock/CMakeFiles/gmock.dir/home/nimesha/ros2_humble/ros2-linux/src/gtest_vendor/src/gtest-all.cc.o[0m
[3.680s] [  3%] [32mBuilding CXX object utils/CMakeFiles/moveit_utils.dir/src/message_checks.cpp.o[0m
[3.681s] [  4%] [34m[1mRunning `/opt/ros/humble/bin/generate_parameter_library_cpp /home/nimesha/thesis/ws_moveit/build/moveit_core/online_signal_smoothing/moveit_butterworth_parameters/include//moveit_butterworth_parameters.hpp /home/nimesha/thesis/ws_moveit/src/moveit2/moveit_core/online_signal_smoothing/src/butterworth_parameters.yaml `[0m
[3.681s] [  5%] [32mBuilding CXX object gmock/CMakeFiles/gmock.dir/src/gmock-all.cc.o[0m
[3.681s] [  6%] [32mBuilding CXX object gtest/CMakeFiles/gtest_main.dir/src/gtest_main.cc.o[0m
[3.681s] [  7%] [32mBuilding CXX object utils/CMakeFiles/moveit_utils.dir/src/rclcpp_utils.cpp.o[0m
[3.681s] [  8%] [32mBuilding CXX object version/CMakeFiles/moveit_version.dir/version.cpp.o[0m
[3.681s] [  8%] [32mBuilding CXX object gmock/CMakeFiles/gmock_main.dir/src/gmock_main.cc.o[0m
[3.726s] [  9%] [32m[1mLinking CXX executable moveit_version[0m
[3.824s] [  9%] Built target moveit_version
[3.864s] [  9%] Built target moveit_butterworth_parameters
[4.157s] [ 10%] [32m[1mLinking CXX shared library libmoveit_exceptions.so[0m
[4.354s] [ 10%] Built target moveit_exceptions
[4.449s] [ 10%] [32m[1mLinking CXX shared library libmoveit_utils.so[0m
[4.581s] [ 10%] [32m[1mLinking CXX static library libgtest_main.a[0m
[4.644s] [ 10%] Built target gtest_main
[4.850s] [ 11%] [32m[1mLinking CXX static library libgmock_main.a[0m
[4.905s] [ 11%] Built target gmock_main
[5.136s] [ 11%] Built target moveit_utils
[5.772s] [ 12%] [32m[1mLinking CXX shared library libmoveit_smoothing_base.so[0m
[5.902s] [ 12%] Built target moveit_smoothing_base
[7.131s] [ 13%] [32m[1mLinking CXX shared library libmoveit_kinematics_base.so[0m
[7.271s] [ 13%] Built target moveit_kinematics_base
[7.289s] [ 14%] [32mBuilding CXX object robot_model/CMakeFiles/moveit_robot_model.dir/src/aabb.cpp.o[0m
[7.290s] [ 15%] [32mBuilding CXX object robot_model/CMakeFiles/moveit_robot_model.dir/src/link_model.cpp.o[0m
[7.293s] [ 15%] [32mBuilding CXX object robot_model/CMakeFiles/moveit_robot_model.dir/src/robot_model.cpp.o[0m
[7.293s] [ 16%] [32mBuilding CXX object robot_model/CMakeFiles/moveit_robot_model.dir/src/joint_model_group.cpp.o[0m
[7.293s] [ 17%] [32mBuilding CXX object robot_model/CMakeFiles/moveit_robot_model.dir/src/prismatic_joint_model.cpp.o[0m
[7.293s] [ 18%] [32mBuilding CXX object robot_model/CMakeFiles/moveit_robot_model.dir/src/planar_joint_model.cpp.o[0m
[7.293s] [ 18%] [32mBuilding CXX object robot_model/CMakeFiles/moveit_robot_model.dir/src/joint_model.cpp.o[0m
[7.293s] [ 18%] [32mBuilding CXX object robot_model/CMakeFiles/moveit_robot_model.dir/src/floating_joint_model.cpp.o[0m
[7.294s] [ 16%] [32mBuilding CXX object robot_model/CMakeFiles/moveit_robot_model.dir/src/fixed_joint_model.cpp.o[0m
[7.294s] [ 19%] [32mBuilding CXX object robot_model/CMakeFiles/moveit_robot_model.dir/src/revolute_joint_model.cpp.o[0m
[8.627s] [ 20%] [32m[1mLinking CXX shared library libmoveit_transforms.so[0m
[8.882s] [ 20%] Built target moveit_transforms
[9.266s] [ 21%] [32m[1mLinking CXX static library libgmock.a[0m
[9.321s] [ 21%] Built target gmock
[9.399s] [ 22%] [32m[1mLinking CXX static library libgtest.a[0m
[9.455s] [ 22%] Built target gtest
[9.484s] [ 22%] [32mBuilding CXX object transforms/CMakeFiles/test_transforms.dir/test/test_transforms.cpp.o[0m
[9.491s] [ 22%] [32m[1mLinking CXX shared library libmoveit_distance_field.so[0m
[9.677s] [ 22%] Built target moveit_distance_field
[9.696s] [ 23%] [32mBuilding CXX object distance_field/CMakeFiles/test_voxel_grid.dir/test/test_voxel_grid.cpp.o[0m
[9.696s] [ 23%] [32mBuilding CXX object distance_field/CMakeFiles/test_distance_field.dir/test/test_distance_field.cpp.o[0m
[11.535s] [ 24%] [32m[1mLinking CXX executable test_transforms[0m
[11.650s] [ 24%] Built target test_transforms
[12.539s] [ 24%] [32m[1mLinking CXX executable test_voxel_grid[0m
[12.722s] [ 24%] Built target test_voxel_grid
[14.420s] [ 25%] [32m[1mLinking CXX shared library libmoveit_robot_model.so[0m
[14.538s] [ 25%] Built target moveit_robot_model
[14.552s] [ 26%] [32mBuilding CXX object utils/CMakeFiles/moveit_test_utils.dir/src/robot_model_test_utils.cpp.o[0m
[14.554s] [ 26%] [32mBuilding CXX object robot_state/CMakeFiles/moveit_robot_state.dir/src/attached_body.cpp.o[0m
[14.554s] [ 27%] [32mBuilding CXX object robot_state/CMakeFiles/moveit_robot_state.dir/src/robot_state.cpp.o[0m
[14.556s] [ 28%] [32mBuilding CXX object robot_state/CMakeFiles/moveit_robot_state.dir/src/conversions.cpp.o[0m
[14.556s] [ 29%] [32mBuilding CXX object online_signal_smoothing/CMakeFiles/moveit_butterworth_filter.dir/src/butterworth_filter.cpp.o[0m
[14.556s] [ 29%] [32mBuilding CXX object robot_state/CMakeFiles/moveit_robot_state.dir/src/cartesian_interpolator.cpp.o[0m
[15.734s] [ 30%] [32m[1mLinking CXX executable test_distance_field[0m
[15.922s] [ 30%] Built target test_distance_field
[19.127s] [ 30%] [32m[1mLinking CXX shared library libmoveit_butterworth_filter.so[0m
[19.309s] [ 30%] Built target moveit_butterworth_filter
[19.326s] [ 30%] [32mBuilding CXX object online_signal_smoothing/CMakeFiles/test_butterworth_filter.dir/test/test_butterworth_filter.cpp.o[0m
[20.167s] [ 30%] [32m[1mLinking CXX shared library libmoveit_test_utils.so[0m
[20.292s] [ 30%] Built target moveit_test_utils
[20.308s] [ 31%] [32mBuilding CXX object robot_model/CMakeFiles/test_robot_model.dir/test/test.cpp.o[0m
[23.342s] [ 32%] [32m[1mLinking CXX executable test_butterworth_filter[0m
[23.453s] [ 32%] Built target test_butterworth_filter
[23.655s] [ 32%] [32m[1mLinking CXX executable test_robot_model[0m
[23.825s] [ 32%] Built target test_robot_model
[29.251s] [ 33%] [32m[1mLinking CXX shared library libmoveit_robot_state.so[0m
[29.380s] [ 33%] Built target moveit_robot_state
[29.397s] [ 35%] [32mBuilding CXX object collision_detection/CMakeFiles/moveit_collision_detection.dir/src/allvalid/collision_env_allvalid.cpp.o[0m
[29.397s] [ 35%] [32mBuilding CXX object collision_detection/CMakeFiles/moveit_collision_detection.dir/src/collision_matrix.cpp.o[0m
[29.399s] [ 35%] [32mBuilding CXX object collision_detection/CMakeFiles/moveit_collision_detection.dir/src/world_diff.cpp.o[0m
[29.399s] [ 35%] [32mBuilding CXX object collision_detection/CMakeFiles/moveit_collision_detection.dir/src/collision_common.cpp.o[0m
[29.399s] [ 35%] [32mBuilding CXX object robot_state/CMakeFiles/test_robot_state_complex.dir/test/test_kinematic_complex.cpp.o[0m
[29.400s] [ 37%] [32mBuilding CXX object robot_state/CMakeFiles/test_robot_state.dir/test/robot_state_test.cpp.o[0m
[29.400s] [ 37%] [32mBuilding CXX object collision_detection/CMakeFiles/moveit_collision_detection.dir/src/collision_tools.cpp.o[0m
[29.400s] [ 36%] [32mBuilding CXX object collision_detection/CMakeFiles/moveit_collision_detection.dir/src/collision_octomap_filter.cpp.o[0m
[29.400s] [ 37%] [32mBuilding CXX object robot_trajectory/CMakeFiles/moveit_robot_trajectory.dir/src/robot_trajectory.cpp.o[0m
[29.401s] [ 38%] [32mBuilding CXX object collision_detection/CMakeFiles/moveit_collision_detection.dir/src/world.cpp.o[0m
[29.401s] [ 38%] [32mBuilding CXX object kinematics_metrics/CMakeFiles/moveit_kinematics_metrics.dir/src/kinematics_metrics.cpp.o[0m
[29.401s] [ 39%] [32mBuilding CXX object collision_detection/CMakeFiles/moveit_collision_detection.dir/src/collision_env.cpp.o[0m
[29.402s] [ 39%] [32mBuilding CXX object collision_detection/CMakeFiles/moveit_collision_detection.dir/src/collision_plugin_cache.cpp.o[0m
[29.403s] [ 39%] [32mBuilding CXX object robot_state/CMakeFiles/test_robot_state_benchmark.dir/test/robot_state_benchmark.cpp.o[0m
[29.403s] [ 40%] [32mBuilding CXX object dynamics_solver/CMakeFiles/moveit_dynamics_solver.dir/src/dynamics_solver.cpp.o[0m
[29.404s] [ 40%] [32mBuilding CXX object robot_state/CMakeFiles/test_aabb.dir/test/test_aabb.cpp.o[0m
[29.405s] [ 40%] [32mBuilding CXX object robot_state/CMakeFiles/test_cartesian_interpolator.dir/test/test_cartesian_interpolator.cpp.o[0m
[35.329s] [ 41%] [32m[1mLinking CXX executable test_cartesian_interpolator[0m
[35.507s] [ 42%] [32m[1mLinking CXX shared library libmoveit_dynamics_solver.so[0m
[35.642s] [ 42%] Built target test_cartesian_interpolator
[35.744s] [ 42%] Built target moveit_dynamics_solver
[36.477s] [ 43%] [32m[1mLinking CXX executable test_robot_state_benchmark[0m
[36.535s] [ 44%] [32m[1mLinking CXX executable test_aabb[0m
[36.681s] [ 44%] Built target test_robot_state_benchmark
[36.760s] [ 44%] Built target test_aabb
[37.727s] [ 45%] [32m[1mLinking CXX shared library libmoveit_robot_trajectory.so[0m
[37.893s] [ 45%] Built target moveit_robot_trajectory
[37.913s] [ 46%] [32mBuilding CXX object planning_interface/CMakeFiles/moveit_planning_interface.dir/src/planning_interface.cpp.o[0m
[37.914s] [ 47%] [32mBuilding CXX object trajectory_processing/CMakeFiles/moveit_trajectory_processing.dir/src/ruckig_traj_smoothing.cpp.o[0m
[37.915s] [ 47%] [32mBuilding CXX object trajectory_processing/CMakeFiles/moveit_trajectory_processing.dir/src/time_optimal_trajectory_generation.cpp.o[0m
[37.915s] [ 48%] [32mBuilding CXX object trajectory_processing/CMakeFiles/moveit_trajectory_processing.dir/src/iterative_time_parameterization.cpp.o[0m
[37.915s] [ 48%] [32mBuilding CXX object planning_interface/CMakeFiles/moveit_planning_interface.dir/src/planning_response.cpp.o[0m
[37.916s] [ 48%] [32mBuilding CXX object trajectory_processing/CMakeFiles/moveit_trajectory_processing.dir/src/iterative_spline_parameterization.cpp.o[0m
[37.917s] [ 49%] [32mBuilding CXX object trajectory_processing/CMakeFiles/moveit_trajectory_processing.dir/src/trajectory_tools.cpp.o[0m
[37.918s] [ 50%] [32mBuilding CXX object robot_trajectory/CMakeFiles/test_robot_trajectory.dir/test/test_robot_trajectory.cpp.o[0m
[38.354s] [ 51%] [32m[1mLinking CXX executable test_robot_state_complex[0m
[38.632s] [ 51%] Built target test_robot_state_complex
[38.918s] [ 52%] [32m[1mLinking CXX executable test_robot_state[0m
[39.260s] [ 52%] Built target test_robot_state
[40.372s] [ 53%] [32m[1mLinking CXX shared library libmoveit_collision_detection.so[0m
[40.557s] [ 53%] Built target moveit_collision_detection
[40.577s] [ 53%] [32mBuilding CXX object collision_detection_fcl/CMakeFiles/moveit_collision_detection_fcl.dir/src/collision_common.cpp.o[0m
[40.578s] [ 54%] [32mBuilding CXX object collision_detection/CMakeFiles/test_world_diff.dir/test/test_world_diff.cpp.o[0m
[40.580s] [ 55%] [32mBuilding CXX object collision_detection_fcl/CMakeFiles/moveit_collision_detection_fcl.dir/src/collision_env_fcl.cpp.o[0m
[40.580s] [ 56%] [32mBuilding CXX object collision_detection/CMakeFiles/test_world.dir/test/test_world.cpp.o[0m
[40.582s] [ 56%] [32mBuilding CXX object collision_detection_bullet/CMakeFiles/moveit_collision_detection_bullet.dir/src/bullet_integration/ros_bullet_utils.cpp.o[0m
[40.583s] [ 58%] [32mBuilding CXX object collision_detection_bullet/CMakeFiles/moveit_collision_detection_bullet.dir/src/bullet_integration/bullet_discrete_bvh_manager.cpp.o[0m
[40.583s] [ 58%] [32mBuilding CXX object collision_detection_bullet/CMakeFiles/moveit_collision_detection_bullet.dir/src/bullet_integration/bullet_utils.cpp.o[0m
[40.583s] [ 58%] [32mBuilding CXX object collision_detection_bullet/CMakeFiles/moveit_collision_detection_bullet.dir/src/bullet_integration/bullet_cast_bvh_manager.cpp.o[0m
[40.583s] [ 58%] [32mBuilding CXX object collision_detection_bullet/CMakeFiles/moveit_collision_detection_bullet.dir/src/collision_env_bullet.cpp.o[0m
[40.583s] [ 59%] [32mBuilding CXX object collision_detection_bullet/CMakeFiles/moveit_collision_detection_bullet.dir/src/bullet_integration/bullet_bvh_manager.cpp.o[0m
[40.584s] [ 60%] [32mBuilding CXX object collision_detection_bullet/CMakeFiles/moveit_collision_detection_bullet.dir/src/bullet_integration/contact_checker_common.cpp.o[0m
[40.584s] [ 60%] [32mBuilding CXX object collision_detection/CMakeFiles/test_all_valid.dir/test/test_all_valid.cpp.o[0m
[45.741s] [ 61%] [32m[1mLinking CXX executable test_world_diff[0m
[46.020s] [ 61%] Built target test_world_diff
[46.823s] [ 61%] [32m[1mLinking CXX executable test_world[0m
[46.963s] [ 61%] [32m[1mLinking CXX executable test_robot_trajectory[0m
[46.972s] [ 62%] [32m[1mLinking CXX shared library libmoveit_planning_interface.so[0m
[46.974s] [ 63%] [32m[1mLinking CXX shared library libmoveit_trajectory_processing.so[0m
[47.091s] [ 63%] Built target test_world
[47.161s] [ 63%] Built target moveit_trajectory_processing
[47.172s] [ 63%] Built target moveit_planning_interface
[47.185s] [ 63%] [32mBuilding CXX object trajectory_processing/CMakeFiles/test_time_parameterization.dir/test/test_time_parameterization.cpp.o[0m
[47.188s] [ 64%] [32mBuilding CXX object trajectory_processing/CMakeFiles/test_time_optimal_trajectory_generation.dir/test/test_time_optimal_trajectory_generation.cpp.o[0m
[47.189s] [ 65%] [32mBuilding CXX object trajectory_processing/CMakeFiles/test_ruckig_traj_smoothing.dir/test/test_ruckig_traj_smoothing.cpp.o[0m
[47.230s] [ 65%] Built target test_robot_trajectory
[47.489s] [ 66%] [32m[1mLinking CXX executable test_all_valid[0m
[47.707s] [ 66%] Built target test_all_valid
[47.860s] [ 67%] [32m[1mLinking CXX shared library libmoveit_kinematics_metrics.so[0m
[48.033s] [ 67%] Built target moveit_kinematics_metrics
[48.609s] [ 68%] [32m[1mLinking CXX shared library libmoveit_collision_detection_bullet.so[0m
[48.804s] [ 68%] Built target moveit_collision_detection_bullet
[48.824s] [ 69%] [32mBuilding CXX object collision_detection_bullet/CMakeFiles/test_bullet_collision_detection.dir/test/test_bullet_collision_detection_pr2.cpp.o[0m
[48.824s] [ 70%] [32mBuilding CXX object collision_detection_bullet/CMakeFiles/test_bullet_collision_detection_panda.dir/test/test_bullet_collision_detection_panda.cpp.o[0m
[48.825s] [ 71%] [32mBuilding CXX object collision_detection_bullet/CMakeFiles/test_bullet_continuous_collision_checking.dir/test/test_bullet_continuous_collision_checking.cpp.o[0m
[49.327s] [ 72%] [32m[1mLinking CXX shared library libmoveit_collision_detection_fcl.so[0m
[49.559s] [ 72%] Built target moveit_collision_detection_fcl
[49.579s] [ 73%] [32mBuilding CXX object collision_detection_fcl/CMakeFiles/test_fcl_collision_detection.dir/test/test_fcl_collision_detection_pr2.cpp.o[0m
[49.581s] [ 73%] [32mBuilding CXX object kinematic_constraints/CMakeFiles/moveit_kinematic_constraints.dir/src/kinematic_constraint.cpp.o[0m
[49.581s] [ 74%] [32mBuilding CXX object collision_detection_fcl/CMakeFiles/test_fcl_collision_detection_panda.dir/test/test_fcl_collision_detection_panda.cpp.o[0m
[49.583s] [ 76%] [32mBuilding CXX object kinematic_constraints/CMakeFiles/moveit_kinematic_constraints.dir/src/utils.cpp.o[0m
[49.583s] [ 75%] [32mBuilding CXX object collision_detection_fcl/CMakeFiles/test_fcl_collision_env.dir/test/test_fcl_env.cpp.o[0m
[53.725s] [ 77%] [32m[1mLinking CXX executable test_time_parameterization[0m
[53.947s] [ 77%] [32m[1mLinking CXX executable test_ruckig_traj_smoothing[0m
[54.034s] [ 77%] Built target test_time_parameterization
[54.242s] [ 77%] Built target test_ruckig_traj_smoothing
[55.453s] [ 78%] [32m[1mLinking CXX executable test_time_optimal_trajectory_generation[0m
[55.710s] [ 78%] Built target test_time_optimal_trajectory_generation
[55.816s] [ 78%] [32m[1mLinking CXX executable test_bullet_collision_detection_panda[0m
[56.043s] [ 78%] Built target test_bullet_collision_detection_panda
[56.827s] [ 78%] [32m[1mLinking CXX executable test_bullet_collision_detection[0m
[57.125s] [ 78%] Built target test_bullet_collision_detection
[57.366s] [ 78%] [32m[1mLinking CXX executable test_fcl_collision_detection_panda[0m
[57.404s] [ 79%] [32m[1mLinking CXX executable test_fcl_collision_env[0m
[57.605s] [ 79%] Built target test_fcl_collision_detection_panda
[57.651s] [ 79%] Built target test_fcl_collision_env
[57.887s] [ 79%] [32m[1mLinking CXX executable test_fcl_collision_detection[0m
[57.898s] [ 80%] [32m[1mLinking CXX executable test_bullet_continuous_collision_checking[0m
[58.115s] [ 80%] Built target test_fcl_collision_detection
[58.115s] [ 80%] Built target test_bullet_continuous_collision_checking
[60.487s] [ 81%] [32m[1mLinking CXX shared library libmoveit_kinematic_constraints.so[0m
[60.648s] [ 81%] Built target moveit_kinematic_constraints
[60.662s] [ 82%] [32mBuilding CXX object kinematic_constraints/CMakeFiles/test_orientation_constraints.dir/test/test_orientation_constraints.cpp.o[0m
[60.662s] [ 82%] [32mBuilding CXX object kinematic_constraints/CMakeFiles/test_constraints.dir/test/test_constraints.cpp.o[0m
[60.662s] [ 82%] [32mBuilding CXX object planning_scene/CMakeFiles/moveit_planning_scene.dir/src/planning_scene.cpp.o[0m
[67.020s] [ 83%] [32m[1mLinking CXX executable test_orientation_constraints[0m
[67.213s] [ 83%] Built target test_orientation_constraints
[68.693s] [ 84%] [32m[1mLinking CXX executable test_constraints[0m
[68.871s] [ 84%] Built target test_constraints
[72.584s] [ 84%] [32m[1mLinking CXX shared library libmoveit_planning_scene.so[0m
[72.746s] [ 84%] Built target moveit_planning_scene
[72.764s] [ 86%] [32mBuilding CXX object constraint_samplers/CMakeFiles/moveit_constraint_samplers.dir/src/default_constraint_samplers.cpp.o[0m
[72.764s] [ 86%] [32mBuilding CXX object constraint_samplers/CMakeFiles/moveit_constraint_samplers.dir/src/constraint_sampler_manager.cpp.o[0m
[72.764s] [ 86%] [32mBuilding CXX object constraint_samplers/CMakeFiles/moveit_constraint_samplers.dir/src/union_constraint_sampler.cpp.o[0m
[72.765s] [ 86%] [32mBuilding CXX object constraint_samplers/CMakeFiles/moveit_constraint_samplers.dir/src/constraint_sampler.cpp.o[0m
[72.765s] [ 87%] [32mBuilding CXX object planning_scene/CMakeFiles/test_planning_scene.dir/test/test_planning_scene.cpp.o[0m
[72.766s] [ 88%] [32mBuilding CXX object collision_distance_field/CMakeFiles/moveit_collision_distance_field.dir/src/collision_common_distance_field.cpp.o[0m
[72.766s] [ 88%] [32mBuilding CXX object planning_request_adapter/CMakeFiles/moveit_planning_request_adapter.dir/src/planning_request_adapter.cpp.o[0m
[72.766s] [ 88%] [32mBuilding CXX object planning_scene/CMakeFiles/test_multi_threaded.dir/test/test_multi_threaded.cpp.o[0m
[72.767s] [ 88%] [32mBuilding CXX object constraint_samplers/CMakeFiles/moveit_constraint_samplers.dir/src/constraint_sampler_tools.cpp.o[0m
[72.767s] [ 88%] [32mBuilding CXX object collision_detection_bullet/CMakeFiles/collision_detector_bullet_plugin.dir/src/collision_detector_bullet_plugin_loader.cpp.o[0m
[72.767s] [ 89%] [32mBuilding CXX object collision_distance_field/CMakeFiles/moveit_collision_distance_field.dir/src/collision_env_hybrid.cpp.o[0m
[72.767s] [ 89%] [32mBuilding CXX object collision_detection_fcl/CMakeFiles/collision_detector_fcl_plugin.dir/src/collision_detector_fcl_plugin_loader.cpp.o[0m
[72.768s] [ 89%] [32mBuilding CXX object collision_distance_field/CMakeFiles/moveit_collision_distance_field.dir/src/collision_distance_field_types.cpp.o[0m
[72.769s] [ 89%] [32mBuilding CXX object collision_distance_field/CMakeFiles/moveit_collision_distance_field.dir/src/collision_env_distance_field.cpp.o[0m
[72.770s] [ 90%] [32mBuilding CXX object planning_scene/CMakeFiles/test_collision_objects.dir/test/test_collision_objects.cpp.o[0m
[80.591s] [ 91%] [32m[1mLinking CXX shared library libmoveit_planning_request_adapter.so[0m
[80.939s] [ 91%] Built target moveit_planning_request_adapter
[81.584s] [ 92%] [32m[1mLinking CXX shared library libcollision_detector_bullet_plugin.so[0m
[81.901s] [ 92%] Built target collision_detector_bullet_plugin
[82.114s] [ 93%] [32m[1mLinking CXX executable test_multi_threaded[0m
[82.362s] [ 93%] Built target test_multi_threaded
[82.544s] [ 94%] [32m[1mLinking CXX shared library libcollision_detector_fcl_plugin.so[0m
[82.681s] [ 94%] Built target collision_detector_fcl_plugin
[83.511s] [ 95%] [32m[1mLinking CXX shared library libmoveit_constraint_samplers.so[0m
[83.683s] [ 95%] Built target moveit_constraint_samplers
[83.703s] [ 96%] [32mBuilding CXX object constraint_samplers/CMakeFiles/test_constraint_samplers.dir/test/pr2_arm_ik.cpp.o[0m
[83.703s] [ 96%] [32mBuilding CXX object constraint_samplers/CMakeFiles/test_constraint_samplers.dir/test/test_constraint_samplers.cpp.o[0m
[83.703s] [ 97%] [32mBuilding CXX object constraint_samplers/CMakeFiles/test_constraint_samplers.dir/test/pr2_arm_kinematics_plugin.cpp.o[0m
[84.002s] [ 97%] [32m[1mLinking CXX executable test_collision_objects[0m
[84.227s] [ 97%] Built target test_collision_objects
[86.426s] [ 97%] [32m[1mLinking CXX executable test_planning_scene[0m
[86.651s] [ 97%] Built target test_planning_scene
[86.733s] [ 98%] [32m[1mLinking CXX shared library libmoveit_collision_distance_field.so[0m
[86.911s] [ 98%] Built target moveit_collision_distance_field
[86.927s] [ 99%] [32mBuilding CXX object collision_distance_field/CMakeFiles/test_collision_distance_field.dir/test/test_collision_distance_field.cpp.o[0m
[93.123s] [100%] [32m[1mLinking CXX executable test_constraint_samplers[0m
[93.330s] [100%] Built target test_constraint_samplers
[94.407s] [100%] [32m[1mLinking CXX executable test_collision_distance_field[0m
[94.591s] [100%] Built target test_collision_distance_field
[94.601s] Invoked command in '/home/nimesha/thesis/ws_moveit/build/moveit_core' returned '0': AMENT_PREFIX_PATH=/home/nimesha/thesis/ws_moveit/install/moveit_resources_panda_moveit_config:/home/nimesha/thesis/ws_moveit/install/srdfdom:${AMENT_PREFIX_PATH} CMAKE_PREFIX_PATH=/home/nimesha/thesis/ws_moveit/install/moveit_resources_panda_moveit_config:/home/nimesha/thesis/ws_moveit/install/srdfdom:/home/nimesha/thesis/ws_moveit/install/moveit_resources_pr2_description:/home/nimesha/thesis/ws_moveit/install/moveit_resources_panda_description:/home/nimesha/thesis/ws_moveit/install/moveit_common:/home/nimesha/ros2_humble/ros2-linux:/home/nimesha/thesis/ws_moveit/install/robotiq_description:/home/nimesha/thesis/ws_moveit/install/moveit_resources_prbt_support:/home/nimesha/thesis/ws_moveit/install/moveit_resources_fanuc_description:/opt/ros/humble:/home/nimesha/thesis/ws_moveit/install/moveit_configs_utils:/opt/ros/rolling LD_LIBRARY_PATH=/home/nimesha/thesis/ws_moveit/install/srdfdom/lib:/opt/ros/humble/lib/x86_64-linux-gnu:/opt/ros/humble/lib:/home/nimesha/ros2_humble/ros2-linux/opt/rviz_ogre_vendor/lib:/opt/rti.com/rti_connext_dds-6.0.1/lib/x64Linux4gcc7.3.0:/opt/rti.com/rti_connext_dds-6.0.1/bin:/home/nimesha/ros2_humble/ros2-linux/lib:/opt/ros/rolling/opt/rviz_ogre_vendor/lib:/opt/ros/rolling/lib/x86_64-linux-gnu:/opt/ros/rolling/lib:/usr/lib/nvidia PYTHONPATH=/home/nimesha/thesis/ws_moveit/install/srdfdom/local/lib/python3.10/dist-packages:${PYTHONPATH} /usr/bin/cmake --build /home/nimesha/thesis/ws_moveit/build/moveit_core -- -j32 -l32
[94.687s] Invoking command in '/home/nimesha/thesis/ws_moveit/build/moveit_core': AMENT_PREFIX_PATH=/home/nimesha/thesis/ws_moveit/install/moveit_resources_panda_moveit_config:/home/nimesha/thesis/ws_moveit/install/srdfdom:${AMENT_PREFIX_PATH} CMAKE_PREFIX_PATH=/home/nimesha/thesis/ws_moveit/install/moveit_resources_panda_moveit_config:/home/nimesha/thesis/ws_moveit/install/srdfdom:/home/nimesha/thesis/ws_moveit/install/moveit_resources_pr2_description:/home/nimesha/thesis/ws_moveit/install/moveit_resources_panda_description:/home/nimesha/thesis/ws_moveit/install/moveit_common:/home/nimesha/ros2_humble/ros2-linux:/home/nimesha/thesis/ws_moveit/install/robotiq_description:/home/nimesha/thesis/ws_moveit/install/moveit_resources_prbt_support:/home/nimesha/thesis/ws_moveit/install/moveit_resources_fanuc_description:/opt/ros/humble:/home/nimesha/thesis/ws_moveit/install/moveit_configs_utils:/opt/ros/rolling LD_LIBRARY_PATH=/home/nimesha/thesis/ws_moveit/install/srdfdom/lib:/opt/ros/humble/lib/x86_64-linux-gnu:/opt/ros/humble/lib:/home/nimesha/ros2_humble/ros2-linux/opt/rviz_ogre_vendor/lib:/opt/rti.com/rti_connext_dds-6.0.1/lib/x64Linux4gcc7.3.0:/opt/rti.com/rti_connext_dds-6.0.1/bin:/home/nimesha/ros2_humble/ros2-linux/lib:/opt/ros/rolling/opt/rviz_ogre_vendor/lib:/opt/ros/rolling/lib/x86_64-linux-gnu:/opt/ros/rolling/lib:/usr/lib/nvidia PYTHONPATH=/home/nimesha/thesis/ws_moveit/install/srdfdom/local/lib/python3.10/dist-packages:${PYTHONPATH} /usr/bin/cmake --install /home/nimesha/thesis/ws_moveit/build/moveit_core
[94.692s] -- Install configuration: "Release"
[94.692s] -- Installing: /home/nimesha/thesis/ws_moveit/install/moveit_core/include/moveit/version.h
[94.692s] -- Up-to-date: /home/nimesha/thesis/ws_moveit/install/moveit_core/include
[94.692s] -- Up-to-date: /home/nimesha/thesis/ws_moveit/install/moveit_core/include/moveit
[94.692s] -- Installing: /home/nimesha/thesis/ws_moveit/install/moveit_core/include/moveit/collision_distance_field
[94.692s] -- Installing: /home/nimesha/thesis/ws_moveit/install/moveit_core/include/moveit/collision_distance_field/collision_detector_allocator_hybrid.h
[94.692s] -- Installing: /home/nimesha/thesis/ws_moveit/install/moveit_core/include/moveit/collision_distance_field/collision_distance_field_types.h
[94.693s] -- Installing: /home/nimesha/thesis/ws_moveit/install/moveit_core/include/moveit/collision_distance_field/collision_env_hybrid.h
[94.693s] -- Installing: /home/nimesha/thesis/ws_moveit/install/moveit_core/include/moveit/collision_distance_field/collision_detector_allocator_distance_field.h
[94.693s] -- Installing: /home/nimesha/thesis/ws_moveit/install/moveit_core/include/moveit/collision_distance_field/collision_env_distance_field.h
[94.693s] -- Installing: /home/nimesha/thesis/ws_moveit/install/moveit_core/include/moveit/collision_distance_field/collision_common_distance_field.h
[94.693s] -- Installing: /home/nimesha/thesis/ws_moveit/install/moveit_core/include/moveit_collision_distance_field_export.h
[94.693s] -- Up-to-date: /home/nimesha/thesis/ws_moveit/install/moveit_core/include
[94.693s] -- Up-to-date: /home/nimesha/thesis/ws_moveit/install/moveit_core/include/moveit
[94.693s] -- Installing: /home/nimesha/thesis/ws_moveit/install/moveit_core/include/moveit/constraint_samplers
[94.693s] -- Installing: /home/nimesha/thesis/ws_moveit/install/moveit_core/include/moveit/constraint_samplers/constraint_sampler.h
[94.693s] -- Installing: /home/nimesha/thesis/ws_moveit/install/moveit_core/include/moveit/constraint_samplers/constraint_sampler_tools.h
[94.693s] -- Installing: /home/nimesha/thesis/ws_moveit/install/moveit_core/include/moveit/constraint_samplers/union_constraint_sampler.h
[94.693s] -- Installing: /home/nimesha/thesis/ws_moveit/install/moveit_core/include/moveit/constraint_samplers/constraint_sampler_allocator.h
[94.693s] -- Installing: /home/nimesha/thesis/ws_moveit/install/moveit_core/include/moveit/constraint_samplers/default_constraint_samplers.h
[94.693s] -- Installing: /home/nimesha/thesis/ws_moveit/install/moveit_core/include/moveit/constraint_samplers/constraint_sampler_manager.h
[94.693s] -- Up-to-date: /home/nimesha/thesis/ws_moveit/install/moveit_core/include
[94.693s] -- Up-to-date: /home/nimesha/thesis/ws_moveit/install/moveit_core/include/moveit
[94.693s] -- Installing: /home/nimesha/thesis/ws_moveit/install/moveit_core/include/moveit/controller_manager
[94.693s] -- Installing: /home/nimesha/thesis/ws_moveit/install/moveit_core/include/moveit/controller_manager/controller_manager.h
[94.694s] -- Up-to-date: /home/nimesha/thesis/ws_moveit/install/moveit_core/include
[94.694s] -- Up-to-date: /home/nimesha/thesis/ws_moveit/install/moveit_core/include/moveit
[94.694s] -- Installing: /home/nimesha/thesis/ws_moveit/install/moveit_core/include/moveit/distance_field
[94.694s] -- Installing: /home/nimesha/thesis/ws_moveit/install/moveit_core/include/moveit/distance_field/find_internal_points.h
[94.694s] -- Installing: /home/nimesha/thesis/ws_moveit/install/moveit_core/include/moveit/distance_field/voxel_grid.h
[94.694s] -- Installing: /home/nimesha/thesis/ws_moveit/install/moveit_core/include/moveit/distance_field/propagation_distance_field.h
[94.694s] -- Installing: /home/nimesha/thesis/ws_moveit/install/moveit_core/include/moveit/distance_field/distance_field.h
[94.694s] -- Up-to-date: /home/nimesha/thesis/ws_moveit/install/moveit_core/include
[94.695s] -- Up-to-date: /home/nimesha/thesis/ws_moveit/install/moveit_core/include/moveit
[94.695s] -- Installing: /home/nimesha/thesis/ws_moveit/install/moveit_core/include/moveit/dynamics_solver
[94.695s] -- Installing: /home/nimesha/thesis/ws_moveit/install/moveit_core/include/moveit/dynamics_solver/dynamics_solver.h
[94.695s] -- Up-to-date: /home/nimesha/thesis/ws_moveit/install/moveit_core/include
[94.695s] -- Up-to-date: /home/nimesha/thesis/ws_moveit/install/moveit_core/include/moveit
[94.695s] -- Installing: /home/nimesha/thesis/ws_moveit/install/moveit_core/include/moveit/exceptions
[94.695s] -- Installing: /home/nimesha/thesis/ws_moveit/install/moveit_core/include/moveit/exceptions/exceptions.h
[94.695s] -- Up-to-date: /home/nimesha/thesis/ws_moveit/install/moveit_core/include
[94.695s] -- Up-to-date: /home/nimesha/thesis/ws_moveit/install/moveit_core/include/moveit
[94.695s] -- Installing: /home/nimesha/thesis/ws_moveit/install/moveit_core/include/moveit/kinematics_base
[94.695s] -- Installing: /home/nimesha/thesis/ws_moveit/install/moveit_core/include/moveit/kinematics_base/kinematics_base.h
[94.695s] -- Installing: /home/nimesha/thesis/ws_moveit/install/moveit_core/include/moveit_kinematics_base_export.h
[94.696s] -- Up-to-date: /home/nimesha/thesis/ws_moveit/install/moveit_core/include
[94.696s] -- Up-to-date: /home/nimesha/thesis/ws_moveit/install/moveit_core/include/moveit
[94.696s] -- Installing: /home/nimesha/thesis/ws_moveit/install/moveit_core/include/moveit/kinematic_constraints
[94.696s] -- Installing: /home/nimesha/thesis/ws_moveit/install/moveit_core/include/moveit/kinematic_constraints/utils.h
[94.696s] -- Installing: /home/nimesha/thesis/ws_moveit/install/moveit_core/include/moveit/kinematic_constraints/kinematic_constraint.h
[94.696s] -- Up-to-date: /home/nimesha/thesis/ws_moveit/install/moveit_core/include
[94.696s] -- Up-to-date: /home/nimesha/thesis/ws_moveit/install/moveit_core/include/moveit
[94.696s] -- Installing: /home/nimesha/thesis/ws_moveit/install/moveit_core/include/moveit/kinematics_metrics
[94.696s] -- Installing: /home/nimesha/thesis/ws_moveit/install/moveit_core/include/moveit/kinematics_metrics/kinematics_metrics.h
[94.696s] -- Up-to-date: /home/nimesha/thesis/ws_moveit/install/moveit_core/include
[94.696s] -- Up-to-date: /home/nimesha/thesis/ws_moveit/install/moveit_core/include/moveit
[94.696s] -- Installing: /home/nimesha/thesis/ws_moveit/install/moveit_core/include/moveit/macros
[94.696s] -- Installing: /home/nimesha/thesis/ws_moveit/install/moveit_core/include/moveit/macros/declare_ptr.h
[94.697s] -- Installing: /home/nimesha/thesis/ws_moveit/install/moveit_core/include/moveit/macros/console_colors.h
[94.697s] -- Installing: /home/nimesha/thesis/ws_moveit/install/moveit_core/include/moveit/macros/class_forward.h
[94.697s] -- Installing: /home/nimesha/thesis/ws_moveit/install/moveit_core/include/moveit/macros/deprecation.h
[94.698s] -- Installing: /home/nimesha/thesis/ws_moveit/install/moveit_core/include/moveit_butterworth_parameters
[94.698s] -- Installing: /home/nimesha/thesis/ws_moveit/install/moveit_core/include/moveit_butterworth_parameters/moveit_butterworth_parameters.hpp
[94.698s] -- Up-to-date: /home/nimesha/thesis/ws_moveit/install/moveit_core/include
[94.698s] -- Up-to-date: /home/nimesha/thesis/ws_moveit/install/moveit_core/include/moveit
[94.698s] -- Installing: /home/nimesha/thesis/ws_moveit/install/moveit_core/include/moveit/online_signal_smoothing
[94.698s] -- Installing: /home/nimesha/thesis/ws_moveit/install/moveit_core/include/moveit/online_signal_smoothing/butterworth_filter.h
[94.698s] -- Installing: /home/nimesha/thesis/ws_moveit/install/moveit_core/include/moveit/online_signal_smoothing/smoothing_base_class.h
[94.699s] -- Installing: /home/nimesha/thesis/ws_moveit/install/moveit_core/include/moveit_smoothing_base_export.h
[94.699s] -- Installing: /home/nimesha/thesis/ws_moveit/install/moveit_core/include/moveit_butterworth_filter_export.h
[94.699s] -- Up-to-date: /home/nimesha/thesis/ws_moveit/install/moveit_core/include
[94.699s] -- Up-to-date: /home/nimesha/thesis/ws_moveit/install/moveit_core/include/moveit
[94.699s] -- Installing: /home/nimesha/thesis/ws_moveit/install/moveit_core/include/moveit/planning_interface
[94.699s] -- Installing: /home/nimesha/thesis/ws_moveit/install/moveit_core/include/moveit/planning_interface/planning_interface.h
[94.699s] -- Installing: /home/nimesha/thesis/ws_moveit/install/moveit_core/include/moveit/planning_interface/planning_request.h
[94.699s] -- Installing: /home/nimesha/thesis/ws_moveit/install/moveit_core/include/moveit/planning_interface/planning_response.h
[94.699s] -- Up-to-date: /home/nimesha/thesis/ws_moveit/install/moveit_core/include
[94.699s] -- Up-to-date: /home/nimesha/thesis/ws_moveit/install/moveit_core/include/moveit
[94.699s] -- Installing: /home/nimesha/thesis/ws_moveit/install/moveit_core/include/moveit/planning_request_adapter
[94.700s] -- Installing: /home/nimesha/thesis/ws_moveit/install/moveit_core/include/moveit/planning_request_adapter/planning_request_adapter.h
[94.700s] -- Up-to-date: /home/nimesha/thesis/ws_moveit/install/moveit_core/include
[94.700s] -- Up-to-date: /home/nimesha/thesis/ws_moveit/install/moveit_core/include/moveit
[94.700s] -- Installing: /home/nimesha/thesis/ws_moveit/install/moveit_core/include/moveit/planning_scene
[94.700s] -- Installing: /home/nimesha/thesis/ws_moveit/install/moveit_core/include/moveit/planning_scene/planning_scene.h
[94.700s] -- Installing: /home/nimesha/thesis/ws_moveit/install/moveit_core/include/moveit_planning_scene_export.h
[94.700s] -- Up-to-date: /home/nimesha/thesis/ws_moveit/install/moveit_core/include
[94.700s] -- Up-to-date: /home/nimesha/thesis/ws_moveit/install/moveit_core/include/moveit
[94.700s] -- Installing: /home/nimesha/thesis/ws_moveit/install/moveit_core/include/moveit/robot_model
[94.700s] -- Installing: /home/nimesha/thesis/ws_moveit/install/moveit_core/include/moveit/robot_model/planar_joint_model.h
[94.700s] -- Installing: /home/nimesha/thesis/ws_moveit/install/moveit_core/include/moveit/robot_model/revolute_joint_model.h
[94.700s] -- Installing: /home/nimesha/thesis/ws_moveit/install/moveit_core/include/moveit/robot_model/link_model.h
[94.700s] -- Installing: /home/nimesha/thesis/ws_moveit/install/moveit_core/include/moveit/robot_model/prismatic_joint_model.h
[94.700s] -- Installing: /home/nimesha/thesis/ws_moveit/install/moveit_core/include/moveit/robot_model/fixed_joint_model.h
[94.700s] -- Installing: /home/nimesha/thesis/ws_moveit/install/moveit_core/include/moveit/robot_model/joint_model_group.h
[94.700s] -- Installing: /home/nimesha/thesis/ws_moveit/install/moveit_core/include/moveit/robot_model/floating_joint_model.h
[94.700s] -- Installing: /home/nimesha/thesis/ws_moveit/install/moveit_core/include/moveit/robot_model/aabb.h
[94.700s] -- Installing: /home/nimesha/thesis/ws_moveit/install/moveit_core/include/moveit/robot_model/joint_model.h
[94.700s] -- Installing: /home/nimesha/thesis/ws_moveit/install/moveit_core/include/moveit/robot_model/robot_model.h
[94.700s] -- Up-to-date: /home/nimesha/thesis/ws_moveit/install/moveit_core/include
[94.700s] -- Up-to-date: /home/nimesha/thesis/ws_moveit/install/moveit_core/include/moveit
[94.700s] -- Installing: /home/nimesha/thesis/ws_moveit/install/moveit_core/include/moveit/robot_state
[94.700s] -- Installing: /home/nimesha/thesis/ws_moveit/install/moveit_core/include/moveit/robot_state/attached_body.h
[94.700s] -- Installing: /home/nimesha/thesis/ws_moveit/install/moveit_core/include/moveit/robot_state/cartesian_interpolator.h
[94.700s] -- Installing: /home/nimesha/thesis/ws_moveit/install/moveit_core/include/moveit/robot_state/conversions.h
[94.700s] -- Installing: /home/nimesha/thesis/ws_moveit/install/moveit_core/include/moveit/robot_state/robot_state.h
[94.700s] -- Up-to-date: /home/nimesha/thesis/ws_moveit/install/moveit_core/include
[94.700s] -- Up-to-date: /home/nimesha/thesis/ws_moveit/install/moveit_core/include/moveit
[94.700s] -- Installing: /home/nimesha/thesis/ws_moveit/install/moveit_core/include/moveit/robot_trajectory
[94.700s] -- Installing: /home/nimesha/thesis/ws_moveit/install/moveit_core/include/moveit/robot_trajectory/robot_trajectory.h
[94.700s] -- Up-to-date: /home/nimesha/thesis/ws_moveit/install/moveit_core/include
[94.700s] -- Up-to-date: /home/nimesha/thesis/ws_moveit/install/moveit_core/include/moveit
[94.700s] -- Installing: /home/nimesha/thesis/ws_moveit/install/moveit_core/include/moveit/sensor_manager
[94.701s] -- Installing: /home/nimesha/thesis/ws_moveit/install/moveit_core/include/moveit/sensor_manager/sensor_manager.h
[94.701s] -- Up-to-date: /home/nimesha/thesis/ws_moveit/install/moveit_core/include
[94.701s] -- Up-to-date: /home/nimesha/thesis/ws_moveit/install/moveit_core/include/moveit
[94.701s] -- Installing: /home/nimesha/thesis/ws_moveit/install/moveit_core/include/moveit/trajectory_processing
[94.701s] -- Installing: /home/nimesha/thesis/ws_moveit/install/moveit_core/include/moveit/trajectory_processing/iterative_spline_parameterization.h
[94.701s] -- Installing: /home/nimesha/thesis/ws_moveit/install/moveit_core/include/moveit/trajectory_processing/ruckig_traj_smoothing.h
[94.701s] -- Installing: /home/nimesha/thesis/ws_moveit/install/moveit_core/include/moveit/trajectory_processing/iterative_time_parameterization.h
[94.701s] -- Installing: /home/nimesha/thesis/ws_moveit/install/moveit_core/include/moveit/trajectory_processing/time_parameterization.h
[94.701s] -- Installing: /home/nimesha/thesis/ws_moveit/install/moveit_core/include/moveit/trajectory_processing/time_optimal_trajectory_generation.h
[94.701s] -- Installing: /home/nimesha/thesis/ws_moveit/install/moveit_core/include/moveit/trajectory_processing/trajectory_tools.h
[94.701s] -- Up-to-date: /home/nimesha/thesis/ws_moveit/install/moveit_core/include
[94.702s] -- Up-to-date: /home/nimesha/thesis/ws_moveit/install/moveit_core/include/moveit
[94.702s] -- Installing: /home/nimesha/thesis/ws_moveit/install/moveit_core/include/moveit/transforms
[94.702s] -- Installing: /home/nimesha/thesis/ws_moveit/install/moveit_core/include/moveit/transforms/transforms.h
[94.702s] -- Up-to-date: /home/nimesha/thesis/ws_moveit/install/moveit_core/include
[94.702s] -- Up-to-date: /home/nimesha/thesis/ws_moveit/install/moveit_core/include/moveit
[94.702s] -- Installing: /home/nimesha/thesis/ws_moveit/install/moveit_core/include/moveit/utils
[94.702s] -- Installing: /home/nimesha/thesis/ws_moveit/install/moveit_core/include/moveit/utils/lexical_casts.h
[94.702s] -- Installing: /home/nimesha/thesis/ws_moveit/install/moveit_core/include/moveit/utils/robot_model_test_utils.h
[94.702s] -- Installing: /home/nimesha/thesis/ws_moveit/install/moveit_core/include/moveit/utils/moveit_error_code.h
[94.702s] -- Installing: /home/nimesha/thesis/ws_moveit/install/moveit_core/include/moveit/utils/message_checks.h
[94.702s] -- Installing: /home/nimesha/thesis/ws_moveit/install/moveit_core/include/moveit/utils/rclcpp_utils.h
[94.702s] -- Installing: /home/nimesha/thesis/ws_moveit/install/moveit_core/bin/moveit_version
[94.702s] -- Up-to-date: /home/nimesha/thesis/ws_moveit/install/moveit_core/include
[94.704s] -- Up-to-date: /home/nimesha/thesis/ws_moveit/install/moveit_core/include/moveit
[94.704s] -- Installing: /home/nimesha/thesis/ws_moveit/install/moveit_core/include/moveit/collision_detection
[94.704s] -- Installing: /home/nimesha/thesis/ws_moveit/install/moveit_core/include/moveit/collision_detection/collision_common.h
[94.704s] -- Installing: /home/nimesha/thesis/ws_moveit/install/moveit_core/include/moveit/collision_detection/world_diff.h
[94.704s] -- Installing: /home/nimesha/thesis/ws_moveit/install/moveit_core/include/moveit/collision_detection/collision_tools.h
[94.704s] -- Installing: /home/nimesha/thesis/ws_moveit/install/moveit_core/include/moveit/collision_detection/collision_plugin.h
[94.704s] -- Installing: /home/nimesha/thesis/ws_moveit/install/moveit_core/include/moveit/collision_detection/collision_detector_allocator.h
[94.705s] -- Installing: /home/nimesha/thesis/ws_moveit/install/moveit_core/include/moveit/collision_detection/collision_matrix.h
[94.705s] -- Installing: /home/nimesha/thesis/ws_moveit/install/moveit_core/include/moveit/collision_detection/world.h
[94.705s] -- Installing: /home/nimesha/thesis/ws_moveit/install/moveit_core/include/moveit/collision_detection/collision_env.h
[94.705s] -- Installing: /home/nimesha/thesis/ws_moveit/install/moveit_core/include/moveit/collision_detection/occupancy_map.h
[94.705s] -- Installing: /home/nimesha/thesis/ws_moveit/install/moveit_core/include/moveit/collision_detection/collision_octomap_filter.h
[94.705s] -- Installing: /home/nimesha/thesis/ws_moveit/install/moveit_core/include/moveit/collision_detection/collision_plugin_cache.h
[94.705s] -- Installing: /home/nimesha/thesis/ws_moveit/install/moveit_core/include/moveit/collision_detection/allvalid
[94.705s] -- Installing: /home/nimesha/thesis/ws_moveit/install/moveit_core/include/moveit/collision_detection/allvalid/collision_env_allvalid.h
[94.705s] -- Installing: /home/nimesha/thesis/ws_moveit/install/moveit_core/include/moveit/collision_detection/allvalid/collision_detector_allocator_allvalid.h
[94.705s] -- Installing: /home/nimesha/thesis/ws_moveit/install/moveit_core/include/moveit/collision_detection/test_collision_common_pr2.h
[94.705s] -- Installing: /home/nimesha/thesis/ws_moveit/install/moveit_core/include/moveit/collision_detection/test_collision_common_panda.h
[94.705s] -- Installing: /home/nimesha/thesis/ws_moveit/install/moveit_core/include/moveit_collision_detection_export.h
[94.705s] -- Up-to-date: /home/nimesha/thesis/ws_moveit/install/moveit_core/include
[94.706s] -- Up-to-date: /home/nimesha/thesis/ws_moveit/install/moveit_core/include/moveit
[94.706s] -- Installing: /home/nimesha/thesis/ws_moveit/install/moveit_core/include/moveit/collision_detection_bullet
[94.706s] -- Installing: /home/nimesha/thesis/ws_moveit/install/moveit_core/include/moveit/collision_detection_bullet/bullet_integration
[94.706s] -- Installing: /home/nimesha/thesis/ws_moveit/install/moveit_core/include/moveit/collision_detection_bullet/bullet_integration/bullet_utils.h
[94.706s] -- Installing: /home/nimesha/thesis/ws_moveit/install/moveit_core/include/moveit/collision_detection_bullet/bullet_integration/contact_checker_common.h
[94.706s] -- Installing: /home/nimesha/thesis/ws_moveit/install/moveit_core/include/moveit/collision_detection_bullet/bullet_integration/ros_bullet_utils.h
[94.706s] -- Installing: /home/nimesha/thesis/ws_moveit/install/moveit_core/include/moveit/collision_detection_bullet/bullet_integration/basic_types.h
[94.706s] -- Installing: /home/nimesha/thesis/ws_moveit/install/moveit_core/include/moveit/collision_detection_bullet/bullet_integration/bullet_cast_bvh_manager.h
[94.706s] -- Installing: /home/nimesha/thesis/ws_moveit/install/moveit_core/include/moveit/collision_detection_bullet/bullet_integration/bullet_discrete_bvh_manager.h
[94.706s] -- Installing: /home/nimesha/thesis/ws_moveit/install/moveit_core/include/moveit/collision_detection_bullet/bullet_integration/bullet_bvh_manager.h
[94.706s] -- Installing: /home/nimesha/thesis/ws_moveit/install/moveit_core/include/moveit/collision_detection_bullet/collision_detector_bullet_plugin_loader.h
[94.706s] -- Installing: /home/nimesha/thesis/ws_moveit/install/moveit_core/include/moveit/collision_detection_bullet/collision_env_bullet.h
[94.706s] -- Installing: /home/nimesha/thesis/ws_moveit/install/moveit_core/include/moveit/collision_detection_bullet/collision_detector_allocator_bullet.h
[94.706s] -- Installing: /home/nimesha/thesis/ws_moveit/install/moveit_core/include/moveit_collision_detection_bullet_export.h
[94.706s] -- Up-to-date: /home/nimesha/thesis/ws_moveit/install/moveit_core/include
[94.706s] -- Up-to-date: /home/nimesha/thesis/ws_moveit/install/moveit_core/include/moveit
[94.706s] -- Installing: /home/nimesha/thesis/ws_moveit/install/moveit_core/include/moveit/collision_detection_fcl
[94.707s] -- Installing: /home/nimesha/thesis/ws_moveit/install/moveit_core/include/moveit/collision_detection_fcl/fcl_compat.h
[94.707s] -- Installing: /home/nimesha/thesis/ws_moveit/install/moveit_core/include/moveit/collision_detection_fcl/collision_common.h
[94.707s] -- Installing: /home/nimesha/thesis/ws_moveit/install/moveit_core/include/moveit/collision_detection_fcl/collision_detector_fcl_plugin_loader.h
[94.707s] -- Installing: /home/nimesha/thesis/ws_moveit/install/moveit_core/include/moveit/collision_detection_fcl/collision_env_fcl.h
[94.707s] -- Installing: /home/nimesha/thesis/ws_moveit/install/moveit_core/include/moveit/collision_detection_fcl/collision_detector_allocator_fcl.h
[94.707s] -- Installing: /home/nimesha/thesis/ws_moveit/install/moveit_core/include/moveit_collision_detection_fcl_export.h
[94.707s] -- Installing: /home/nimesha/thesis/ws_moveit/install/moveit_core/lib/libcollision_detector_bullet_plugin.so.2.5.5
[94.707s] -- Set runtime path of "/home/nimesha/thesis/ws_moveit/install/moveit_core/lib/libcollision_detector_bullet_plugin.so.2.5.5" to ""
[94.707s] -- Installing: /home/nimesha/thesis/ws_moveit/install/moveit_core/lib/libcollision_detector_bullet_plugin.so
[94.707s] -- Installing: /home/nimesha/thesis/ws_moveit/install/moveit_core/lib/libmoveit_butterworth_filter.so.2.5.5
[94.707s] -- Set runtime path of "/home/nimesha/thesis/ws_moveit/install/moveit_core/lib/libmoveit_butterworth_filter.so.2.5.5" to ""
[94.707s] -- Installing: /home/nimesha/thesis/ws_moveit/install/moveit_core/lib/libmoveit_butterworth_filter.so
[94.707s] -- Installing: /home/nimesha/thesis/ws_moveit/install/moveit_core/lib/libmoveit_collision_distance_field.so.2.5.5
[94.707s] -- Set runtime path of "/home/nimesha/thesis/ws_moveit/install/moveit_core/lib/libmoveit_collision_distance_field.so.2.5.5" to ""
[94.707s] -- Installing: /home/nimesha/thesis/ws_moveit/install/moveit_core/lib/libmoveit_collision_distance_field.so
[94.707s] -- Installing: /home/nimesha/thesis/ws_moveit/install/moveit_core/lib/libmoveit_collision_detection.so.2.5.5
[94.707s] -- Set runtime path of "/home/nimesha/thesis/ws_moveit/install/moveit_core/lib/libmoveit_collision_detection.so.2.5.5" to ""
[94.707s] -- Installing: /home/nimesha/thesis/ws_moveit/install/moveit_core/lib/libmoveit_collision_detection.so
[94.707s] -- Installing: /home/nimesha/thesis/ws_moveit/install/moveit_core/lib/libmoveit_collision_detection_fcl.so.2.5.5
[94.708s] -- Set runtime path of "/home/nimesha/thesis/ws_moveit/install/moveit_core/lib/libmoveit_collision_detection_fcl.so.2.5.5" to ""
[94.708s] -- Installing: /home/nimesha/thesis/ws_moveit/install/moveit_core/lib/libmoveit_collision_detection_fcl.so
[94.708s] -- Installing: /home/nimesha/thesis/ws_moveit/install/moveit_core/lib/libmoveit_collision_detection_bullet.so.2.5.5
[94.708s] -- Set runtime path of "/home/nimesha/thesis/ws_moveit/install/moveit_core/lib/libmoveit_collision_detection_bullet.so.2.5.5" to ""
[94.708s] -- Installing: /home/nimesha/thesis/ws_moveit/install/moveit_core/lib/libmoveit_collision_detection_bullet.so
[94.708s] -- Installing: /home/nimesha/thesis/ws_moveit/install/moveit_core/lib/libmoveit_dynamics_solver.so.2.5.5
[94.708s] -- Set runtime path of "/home/nimesha/thesis/ws_moveit/install/moveit_core/lib/libmoveit_dynamics_solver.so.2.5.5" to ""
[94.709s] -- Installing: /home/nimesha/thesis/ws_moveit/install/moveit_core/lib/libmoveit_dynamics_solver.so
[94.709s] -- Installing: /home/nimesha/thesis/ws_moveit/install/moveit_core/lib/libmoveit_constraint_samplers.so.2.5.5
[94.709s] -- Set runtime path of "/home/nimesha/thesis/ws_moveit/install/moveit_core/lib/libmoveit_constraint_samplers.so.2.5.5" to ""
[94.709s] -- Installing: /home/nimesha/thesis/ws_moveit/install/moveit_core/lib/libmoveit_constraint_samplers.so
[94.709s] -- Installing: /home/nimesha/thesis/ws_moveit/install/moveit_core/lib/libmoveit_distance_field.so.2.5.5
[94.709s] -- Set runtime path of "/home/nimesha/thesis/ws_moveit/install/moveit_core/lib/libmoveit_distance_field.so.2.5.5" to ""
[94.709s] -- Installing: /home/nimesha/thesis/ws_moveit/install/moveit_core/lib/libmoveit_distance_field.so
[94.709s] -- Installing: /home/nimesha/thesis/ws_moveit/install/moveit_core/lib/libmoveit_exceptions.so.2.5.5
[94.710s] -- Set runtime path of "/home/nimesha/thesis/ws_moveit/install/moveit_core/lib/libmoveit_exceptions.so.2.5.5" to ""
[94.710s] -- Installing: /home/nimesha/thesis/ws_moveit/install/moveit_core/lib/libmoveit_exceptions.so
[94.710s] -- Installing: /home/nimesha/thesis/ws_moveit/install/moveit_core/lib/libmoveit_kinematics_base.so
[94.710s] -- Set runtime path of "/home/nimesha/thesis/ws_moveit/install/moveit_core/lib/libmoveit_kinematics_base.so" to ""
[94.710s] -- Installing: /home/nimesha/thesis/ws_moveit/install/moveit_core/lib/libmoveit_kinematic_constraints.so.2.5.5
[94.710s] -- Set runtime path of "/home/nimesha/thesis/ws_moveit/install/moveit_core/lib/libmoveit_kinematic_constraints.so.2.5.5" to ""
[94.710s] -- Installing: /home/nimesha/thesis/ws_moveit/install/moveit_core/lib/libmoveit_kinematic_constraints.so
[94.710s] -- Installing: /home/nimesha/thesis/ws_moveit/install/moveit_core/lib/libmoveit_kinematics_metrics.so.2.5.5
[94.710s] -- Set runtime path of "/home/nimesha/thesis/ws_moveit/install/moveit_core/lib/libmoveit_kinematics_metrics.so.2.5.5" to ""
[94.710s] -- Installing: /home/nimesha/thesis/ws_moveit/install/moveit_core/lib/libmoveit_kinematics_metrics.so
[94.710s] -- Installing: /home/nimesha/thesis/ws_moveit/install/moveit_core/lib/libmoveit_planning_interface.so.2.5.5
[94.710s] -- Set runtime path of "/home/nimesha/thesis/ws_moveit/install/moveit_core/lib/libmoveit_planning_interface.so.2.5.5" to ""
[94.710s] -- Installing: /home/nimesha/thesis/ws_moveit/install/moveit_core/lib/libmoveit_planning_interface.so
[94.710s] -- Installing: /home/nimesha/thesis/ws_moveit/install/moveit_core/lib/libmoveit_planning_scene.so.2.5.5
[94.710s] -- Set runtime path of "/home/nimesha/thesis/ws_moveit/install/moveit_core/lib/libmoveit_planning_scene.so.2.5.5" to ""
[94.710s] -- Installing: /home/nimesha/thesis/ws_moveit/install/moveit_core/lib/libmoveit_planning_scene.so
[94.710s] -- Installing: /home/nimesha/thesis/ws_moveit/install/moveit_core/lib/libmoveit_planning_request_adapter.so.2.5.5
[94.710s] -- Set runtime path of "/home/nimesha/thesis/ws_moveit/install/moveit_core/lib/libmoveit_planning_request_adapter.so.2.5.5" to ""
[94.710s] -- Installing: /home/nimesha/thesis/ws_moveit/install/moveit_core/lib/libmoveit_planning_request_adapter.so
[94.710s] -- Installing: /home/nimesha/thesis/ws_moveit/install/moveit_core/lib/libmoveit_robot_model.so.2.5.5
[94.710s] -- Set runtime path of "/home/nimesha/thesis/ws_moveit/install/moveit_core/lib/libmoveit_robot_model.so.2.5.5" to ""
[94.710s] -- Installing: /home/nimesha/thesis/ws_moveit/install/moveit_core/lib/libmoveit_robot_model.so
[94.711s] -- Installing: /home/nimesha/thesis/ws_moveit/install/moveit_core/lib/libmoveit_robot_state.so.2.5.5
[94.711s] -- Set runtime path of "/home/nimesha/thesis/ws_moveit/install/moveit_core/lib/libmoveit_robot_state.so.2.5.5" to ""
[94.711s] -- Installing: /home/nimesha/thesis/ws_moveit/install/moveit_core/lib/libmoveit_robot_state.so
[94.711s] -- Installing: /home/nimesha/thesis/ws_moveit/install/moveit_core/lib/libmoveit_robot_trajectory.so.2.5.5
[94.711s] -- Set runtime path of "/home/nimesha/thesis/ws_moveit/install/moveit_core/lib/libmoveit_robot_trajectory.so.2.5.5" to ""
[94.711s] -- Installing: /home/nimesha/thesis/ws_moveit/install/moveit_core/lib/libmoveit_robot_trajectory.so
[94.711s] -- Installing: /home/nimesha/thesis/ws_moveit/install/moveit_core/lib/libmoveit_smoothing_base.so.2.5.5
[94.711s] -- Set runtime path of "/home/nimesha/thesis/ws_moveit/install/moveit_core/lib/libmoveit_smoothing_base.so.2.5.5" to ""
[94.711s] -- Installing: /home/nimesha/thesis/ws_moveit/install/moveit_core/lib/libmoveit_smoothing_base.so
[94.711s] -- Installing: /home/nimesha/thesis/ws_moveit/install/moveit_core/lib/libmoveit_test_utils.so.2.5.5
[94.712s] -- Set runtime path of "/home/nimesha/thesis/ws_moveit/install/moveit_core/lib/libmoveit_test_utils.so.2.5.5" to ""
[94.712s] -- Installing: /home/nimesha/thesis/ws_moveit/install/moveit_core/lib/libmoveit_test_utils.so
[94.712s] -- Installing: /home/nimesha/thesis/ws_moveit/install/moveit_core/lib/libmoveit_trajectory_processing.so.2.5.5
[94.712s] -- Set runtime path of "/home/nimesha/thesis/ws_moveit/install/moveit_core/lib/libmoveit_trajectory_processing.so.2.5.5" to ""
[94.712s] -- Installing: /home/nimesha/thesis/ws_moveit/install/moveit_core/lib/libmoveit_trajectory_processing.so
[94.712s] -- Installing: /home/nimesha/thesis/ws_moveit/install/moveit_core/lib/libmoveit_transforms.so.2.5.5
[94.712s] -- Set runtime path of "/home/nimesha/thesis/ws_moveit/install/moveit_core/lib/libmoveit_transforms.so.2.5.5" to ""
[94.712s] -- Installing: /home/nimesha/thesis/ws_moveit/install/moveit_core/lib/libmoveit_transforms.so
[94.712s] -- Installing: /home/nimesha/thesis/ws_moveit/install/moveit_core/lib/libmoveit_utils.so.2.5.5
[94.712s] -- Set runtime path of "/home/nimesha/thesis/ws_moveit/install/moveit_core/lib/libmoveit_utils.so.2.5.5" to ""
[94.712s] -- Installing: /home/nimesha/thesis/ws_moveit/install/moveit_core/lib/libmoveit_utils.so
[94.713s] -- Installing: /home/nimesha/thesis/ws_moveit/install/moveit_core/share/moveit_core/environment/library_path.sh
[94.713s] -- Installing: /home/nimesha/thesis/ws_moveit/install/moveit_core/share/moveit_core/environment/library_path.dsv
[94.713s] -- Installing: /home/nimesha/thesis/ws_moveit/install/moveit_core/share/moveit_core/collision_detector_fcl_description.xml
[94.713s] -- Installing: /home/nimesha/thesis/ws_moveit/install/moveit_core/share/moveit_core/collision_detector_bullet_description.xml
[94.716s] -- Installing: /home/nimesha/thesis/ws_moveit/install/moveit_core/share/moveit_core/filter_plugin_butterworth.xml
[94.716s] -- Installing: /home/nimesha/thesis/ws_moveit/install/moveit_core/share/ament_index/resource_index/package_run_dependencies/moveit_core
[94.716s] -- Installing: /home/nimesha/thesis/ws_moveit/install/moveit_core/share/ament_index/resource_index/parent_prefix_path/moveit_core
[94.716s] -- Installing: /home/nimesha/thesis/ws_moveit/install/moveit_core/share/moveit_core/environment/ament_prefix_path.sh
[94.716s] -- Installing: /home/nimesha/thesis/ws_moveit/install/moveit_core/share/moveit_core/environment/ament_prefix_path.dsv
[94.717s] -- Installing: /home/nimesha/thesis/ws_moveit/install/moveit_core/share/moveit_core/environment/path.sh
[94.717s] -- Installing: /home/nimesha/thesis/ws_moveit/install/moveit_core/share/moveit_core/environment/path.dsv
[94.717s] -- Installing: /home/nimesha/thesis/ws_moveit/install/moveit_core/share/moveit_core/local_setup.bash
[94.717s] -- Installing: /home/nimesha/thesis/ws_moveit/install/moveit_core/share/moveit_core/local_setup.sh
[94.717s] -- Installing: /home/nimesha/thesis/ws_moveit/install/moveit_core/share/moveit_core/local_setup.zsh
[94.717s] -- Installing: /home/nimesha/thesis/ws_moveit/install/moveit_core/share/moveit_core/local_setup.dsv
[94.717s] -- Installing: /home/nimesha/thesis/ws_moveit/install/moveit_core/share/moveit_core/package.dsv
[94.717s] -- Installing: /home/nimesha/thesis/ws_moveit/install/moveit_core/share/ament_index/resource_index/packages/moveit_core
[94.717s] -- Installing: /home/nimesha/thesis/ws_moveit/install/moveit_core/share/ament_index/resource_index/moveit_core__pluginlib__plugin/moveit_core
[94.718s] -- Installing: /home/nimesha/thesis/ws_moveit/install/moveit_core/share/moveit_core/cmake/export_moveit_coreExport.cmake
[94.718s] -- Installing: /home/nimesha/thesis/ws_moveit/install/moveit_core/share/moveit_core/cmake/export_moveit_coreExport-release.cmake
[94.718s] -- Installing: /home/nimesha/thesis/ws_moveit/install/moveit_core/share/moveit_core/cmake/ConfigExtras.cmake
[94.718s] -- Installing: /home/nimesha/thesis/ws_moveit/install/moveit_core/share/moveit_core/cmake/ament_cmake_export_targets-extras.cmake
[94.718s] -- Installing: /home/nimesha/thesis/ws_moveit/install/moveit_core/share/moveit_core/cmake/ament_cmake_export_dependencies-extras.cmake
[94.718s] -- Installing: /home/nimesha/thesis/ws_moveit/install/moveit_core/share/moveit_core/cmake/moveit_coreConfig.cmake
[94.718s] -- Installing: /home/nimesha/thesis/ws_moveit/install/moveit_core/share/moveit_core/cmake/moveit_coreConfig-version.cmake
[94.718s] -- Installing: /home/nimesha/thesis/ws_moveit/install/moveit_core/share/moveit_core/package.xml
[94.719s] Invoked command in '/home/nimesha/thesis/ws_moveit/build/moveit_core' returned '0': AMENT_PREFIX_PATH=/home/nimesha/thesis/ws_moveit/install/moveit_resources_panda_moveit_config:/home/nimesha/thesis/ws_moveit/install/srdfdom:${AMENT_PREFIX_PATH} CMAKE_PREFIX_PATH=/home/nimesha/thesis/ws_moveit/install/moveit_resources_panda_moveit_config:/home/nimesha/thesis/ws_moveit/install/srdfdom:/home/nimesha/thesis/ws_moveit/install/moveit_resources_pr2_description:/home/nimesha/thesis/ws_moveit/install/moveit_resources_panda_description:/home/nimesha/thesis/ws_moveit/install/moveit_common:/home/nimesha/ros2_humble/ros2-linux:/home/nimesha/thesis/ws_moveit/install/robotiq_description:/home/nimesha/thesis/ws_moveit/install/moveit_resources_prbt_support:/home/nimesha/thesis/ws_moveit/install/moveit_resources_fanuc_description:/opt/ros/humble:/home/nimesha/thesis/ws_moveit/install/moveit_configs_utils:/opt/ros/rolling LD_LIBRARY_PATH=/home/nimesha/thesis/ws_moveit/install/srdfdom/lib:/opt/ros/humble/lib/x86_64-linux-gnu:/opt/ros/humble/lib:/home/nimesha/ros2_humble/ros2-linux/opt/rviz_ogre_vendor/lib:/opt/rti.com/rti_connext_dds-6.0.1/lib/x64Linux4gcc7.3.0:/opt/rti.com/rti_connext_dds-6.0.1/bin:/home/nimesha/ros2_humble/ros2-linux/lib:/opt/ros/rolling/opt/rviz_ogre_vendor/lib:/opt/ros/rolling/lib/x86_64-linux-gnu:/opt/ros/rolling/lib:/usr/lib/nvidia PYTHONPATH=/home/nimesha/thesis/ws_moveit/install/srdfdom/local/lib/python3.10/dist-packages:${PYTHONPATH} /usr/bin/cmake --install /home/nimesha/thesis/ws_moveit/build/moveit_core
