[0.015s] Invoking command in '/home/nimesha/Thesis/moveit_ur5_ws/build/moveit_resources_fanuc_description': CMAKE_PREFIX_PATH=${CMAKE_PREFIX_PATH}:/home/nimesha/Thesis/moveit_ur5_ws/install/moveit_configs_utils:/home/nimesha/Thesis/moveit_ur5_ws/install/launch_param_builder:/home/nimesha/Thesis/moveit_ur5_v2_ws/install/moveit_configs_utils:/home/nimesha/Thesis/moveit_ur5_v2_ws/install/launch_param_builder:/home/nimesha/Thesis/moveit_ur5_v2_ws/src/ws_moveit/install/moveit_configs_utils:/home/nimesha/Thesis/moveit_ur5_v2_ws/src/ws_moveit/install/launch_param_builder:/opt/ros/humble /usr/bin/cmake /home/nimesha/Thesis/moveit_ur5_ws/src/ws_moveit/src/moveit_resources/fanuc_description -DCMAKE_INSTALL_PREFIX=/home/nimesha/Thesis/moveit_ur5_ws/install/moveit_resources_fanuc_description
[0.293s] -- The C compiler identification is GNU 11.4.0
[0.600s] -- The CXX compiler identification is GNU 11.4.0
[0.751s] -- Detecting C compiler ABI info
[0.835s] -- Detecting C compiler ABI info - done
[0.839s] -- Check for working C compiler: /usr/bin/cc - skipped
[0.840s] -- Detecting C compile features
[0.841s] -- Detecting C compile features - done
[0.844s] -- Detecting CXX compiler ABI info
[0.932s] -- Detecting CXX compiler ABI info - done
[0.936s] -- Check for working CXX compiler: /usr/bin/c++ - skipped
[0.936s] -- Detecting CXX compile features
[0.936s] -- Detecting CXX compile features - done
[0.938s] -- Found ament_cmake: 1.3.10 (/home/nimesha/ros2_humble/ros2-linux/share/ament_cmake/cmake)
[1.039s] -- Found Python3: /usr/bin/python3 (found version "3.10.12") found components: Interpreter 
[1.127s] -- Configuring done
[1.128s] -- Generating done
[1.129s] -- Build files have been written to: /home/nimesha/Thesis/moveit_ur5_ws/build/moveit_resources_fanuc_description
[1.132s] Invoked command in '/home/nimesha/Thesis/moveit_ur5_ws/build/moveit_resources_fanuc_description' returned '0': CMAKE_PREFIX_PATH=${CMAKE_PREFIX_PATH}:/home/nimesha/Thesis/moveit_ur5_ws/install/moveit_configs_utils:/home/nimesha/Thesis/moveit_ur5_ws/install/launch_param_builder:/home/nimesha/Thesis/moveit_ur5_v2_ws/install/moveit_configs_utils:/home/nimesha/Thesis/moveit_ur5_v2_ws/install/launch_param_builder:/home/nimesha/Thesis/moveit_ur5_v2_ws/src/ws_moveit/install/moveit_configs_utils:/home/nimesha/Thesis/moveit_ur5_v2_ws/src/ws_moveit/install/launch_param_builder:/opt/ros/humble /usr/bin/cmake /home/nimesha/Thesis/moveit_ur5_ws/src/ws_moveit/src/moveit_resources/fanuc_description -DCMAKE_INSTALL_PREFIX=/home/nimesha/Thesis/moveit_ur5_ws/install/moveit_resources_fanuc_description
[1.132s] Invoking command in '/home/nimesha/Thesis/moveit_ur5_ws/build/moveit_resources_fanuc_description': CMAKE_PREFIX_PATH=${CMAKE_PREFIX_PATH}:/home/nimesha/Thesis/moveit_ur5_ws/install/moveit_configs_utils:/home/nimesha/Thesis/moveit_ur5_ws/install/launch_param_builder:/home/nimesha/Thesis/moveit_ur5_v2_ws/install/moveit_configs_utils:/home/nimesha/Thesis/moveit_ur5_v2_ws/install/launch_param_builder:/home/nimesha/Thesis/moveit_ur5_v2_ws/src/ws_moveit/install/moveit_configs_utils:/home/nimesha/Thesis/moveit_ur5_v2_ws/src/ws_moveit/install/launch_param_builder:/opt/ros/humble /usr/bin/cmake --build /home/nimesha/Thesis/moveit_ur5_ws/build/moveit_resources_fanuc_description -- -j32 -l32
[1.165s] Invoked command in '/home/nimesha/Thesis/moveit_ur5_ws/build/moveit_resources_fanuc_description' returned '0': CMAKE_PREFIX_PATH=${CMAKE_PREFIX_PATH}:/home/nimesha/Thesis/moveit_ur5_ws/install/moveit_configs_utils:/home/nimesha/Thesis/moveit_ur5_ws/install/launch_param_builder:/home/nimesha/Thesis/moveit_ur5_v2_ws/install/moveit_configs_utils:/home/nimesha/Thesis/moveit_ur5_v2_ws/install/launch_param_builder:/home/nimesha/Thesis/moveit_ur5_v2_ws/src/ws_moveit/install/moveit_configs_utils:/home/nimesha/Thesis/moveit_ur5_v2_ws/src/ws_moveit/install/launch_param_builder:/opt/ros/humble /usr/bin/cmake --build /home/nimesha/Thesis/moveit_ur5_ws/build/moveit_resources_fanuc_description -- -j32 -l32
[1.205s] Invoking command in '/home/nimesha/Thesis/moveit_ur5_ws/build/moveit_resources_fanuc_description': CMAKE_PREFIX_PATH=${CMAKE_PREFIX_PATH}:/home/nimesha/Thesis/moveit_ur5_ws/install/moveit_configs_utils:/home/nimesha/Thesis/moveit_ur5_ws/install/launch_param_builder:/home/nimesha/Thesis/moveit_ur5_v2_ws/install/moveit_configs_utils:/home/nimesha/Thesis/moveit_ur5_v2_ws/install/launch_param_builder:/home/nimesha/Thesis/moveit_ur5_v2_ws/src/ws_moveit/install/moveit_configs_utils:/home/nimesha/Thesis/moveit_ur5_v2_ws/src/ws_moveit/install/launch_param_builder:/opt/ros/humble /usr/bin/cmake --install /home/nimesha/Thesis/moveit_ur5_ws/build/moveit_resources_fanuc_description
[1.210s] -- Install configuration: ""
[1.210s] -- Installing: /home/nimesha/Thesis/moveit_ur5_ws/install/moveit_resources_fanuc_description/share/ament_index/resource_index/package_run_dependencies/moveit_resources_fanuc_description
[1.210s] -- Installing: /home/nimesha/Thesis/moveit_ur5_ws/install/moveit_resources_fanuc_description/share/ament_index/resource_index/parent_prefix_path/moveit_resources_fanuc_description
[1.211s] -- Installing: /home/nimesha/Thesis/moveit_ur5_ws/install/moveit_resources_fanuc_description/share/moveit_resources_fanuc_description/environment/ament_prefix_path.sh
[1.211s] -- Installing: /home/nimesha/Thesis/moveit_ur5_ws/install/moveit_resources_fanuc_description/share/moveit_resources_fanuc_description/environment/ament_prefix_path.dsv
[1.211s] -- Installing: /home/nimesha/Thesis/moveit_ur5_ws/install/moveit_resources_fanuc_description/share/moveit_resources_fanuc_description/environment/path.sh
[1.211s] -- Installing: /home/nimesha/Thesis/moveit_ur5_ws/install/moveit_resources_fanuc_description/share/moveit_resources_fanuc_description/environment/path.dsv
[1.211s] -- Installing: /home/nimesha/Thesis/moveit_ur5_ws/install/moveit_resources_fanuc_description/share/moveit_resources_fanuc_description/local_setup.bash
[1.211s] -- Installing: /home/nimesha/Thesis/moveit_ur5_ws/install/moveit_resources_fanuc_description/share/moveit_resources_fanuc_description/local_setup.sh
[1.211s] -- Installing: /home/nimesha/Thesis/moveit_ur5_ws/install/moveit_resources_fanuc_description/share/moveit_resources_fanuc_description/local_setup.zsh
[1.211s] -- Installing: /home/nimesha/Thesis/moveit_ur5_ws/install/moveit_resources_fanuc_description/share/moveit_resources_fanuc_description/local_setup.dsv
[1.211s] -- Installing: /home/nimesha/Thesis/moveit_ur5_ws/install/moveit_resources_fanuc_description/share/moveit_resources_fanuc_description/package.dsv
[1.211s] -- Installing: /home/nimesha/Thesis/moveit_ur5_ws/install/moveit_resources_fanuc_description/share/ament_index/resource_index/packages/moveit_resources_fanuc_description
[1.211s] -- Installing: /home/nimesha/Thesis/moveit_ur5_ws/install/moveit_resources_fanuc_description/share/moveit_resources_fanuc_description/cmake/moveit_resources_fanuc_descriptionConfig.cmake
[1.211s] -- Installing: /home/nimesha/Thesis/moveit_ur5_ws/install/moveit_resources_fanuc_description/share/moveit_resources_fanuc_description/cmake/moveit_resources_fanuc_descriptionConfig-version.cmake
[1.212s] -- Installing: /home/nimesha/Thesis/moveit_ur5_ws/install/moveit_resources_fanuc_description/share/moveit_resources_fanuc_description/package.xml
[1.212s] -- Installing: /home/nimesha/Thesis/moveit_ur5_ws/install/moveit_resources_fanuc_description/share/moveit_resources_fanuc_description/meshes
[1.212s] -- Installing: /home/nimesha/Thesis/moveit_ur5_ws/install/moveit_resources_fanuc_description/share/moveit_resources_fanuc_description/meshes/collision
[1.212s] -- Installing: /home/nimesha/Thesis/moveit_ur5_ws/install/moveit_resources_fanuc_description/share/moveit_resources_fanuc_description/meshes/collision/link_6.stl
[1.213s] -- Installing: /home/nimesha/Thesis/moveit_ur5_ws/install/moveit_resources_fanuc_description/share/moveit_resources_fanuc_description/meshes/collision/link_2.stl
[1.214s] -- Installing: /home/nimesha/Thesis/moveit_ur5_ws/install/moveit_resources_fanuc_description/share/moveit_resources_fanuc_description/meshes/collision/link_5.stl
[1.215s] -- Installing: /home/nimesha/Thesis/moveit_ur5_ws/install/moveit_resources_fanuc_description/share/moveit_resources_fanuc_description/meshes/collision/link_4.stl
[1.216s] -- Installing: /home/nimesha/Thesis/moveit_ur5_ws/install/moveit_resources_fanuc_description/share/moveit_resources_fanuc_description/meshes/collision/link_3.stl
[1.217s] -- Installing: /home/nimesha/Thesis/moveit_ur5_ws/install/moveit_resources_fanuc_description/share/moveit_resources_fanuc_description/meshes/collision/link_1.stl
[1.218s] -- Installing: /home/nimesha/Thesis/moveit_ur5_ws/install/moveit_resources_fanuc_description/share/moveit_resources_fanuc_description/meshes/collision/base_link.stl
[1.218s] -- Installing: /home/nimesha/Thesis/moveit_ur5_ws/install/moveit_resources_fanuc_description/share/moveit_resources_fanuc_description/meshes/visual
[1.218s] -- Installing: /home/nimesha/Thesis/moveit_ur5_ws/install/moveit_resources_fanuc_description/share/moveit_resources_fanuc_description/meshes/visual/link_6.stl
[1.219s] -- Installing: /home/nimesha/Thesis/moveit_ur5_ws/install/moveit_resources_fanuc_description/share/moveit_resources_fanuc_description/meshes/visual/link_2.stl
[1.220s] -- Installing: /home/nimesha/Thesis/moveit_ur5_ws/install/moveit_resources_fanuc_description/share/moveit_resources_fanuc_description/meshes/visual/link_5.stl
[1.220s] -- Installing: /home/nimesha/Thesis/moveit_ur5_ws/install/moveit_resources_fanuc_description/share/moveit_resources_fanuc_description/meshes/visual/link_4.stl
[1.223s] -- Installing: /home/nimesha/Thesis/moveit_ur5_ws/install/moveit_resources_fanuc_description/share/moveit_resources_fanuc_description/meshes/visual/link_3.stl
[1.224s] -- Installing: /home/nimesha/Thesis/moveit_ur5_ws/install/moveit_resources_fanuc_description/share/moveit_resources_fanuc_description/meshes/visual/link_1.stl
[1.225s] -- Installing: /home/nimesha/Thesis/moveit_ur5_ws/install/moveit_resources_fanuc_description/share/moveit_resources_fanuc_description/meshes/visual/base_link.stl
[1.226s] -- Installing: /home/nimesha/Thesis/moveit_ur5_ws/install/moveit_resources_fanuc_description/share/moveit_resources_fanuc_description/urdf
[1.226s] -- Installing: /home/nimesha/Thesis/moveit_ur5_ws/install/moveit_resources_fanuc_description/share/moveit_resources_fanuc_description/urdf/fanuc.urdf
[1.227s] Invoked command in '/home/nimesha/Thesis/moveit_ur5_ws/build/moveit_resources_fanuc_description' returned '0': CMAKE_PREFIX_PATH=${CMAKE_PREFIX_PATH}:/home/nimesha/Thesis/moveit_ur5_ws/install/moveit_configs_utils:/home/nimesha/Thesis/moveit_ur5_ws/install/launch_param_builder:/home/nimesha/Thesis/moveit_ur5_v2_ws/install/moveit_configs_utils:/home/nimesha/Thesis/moveit_ur5_v2_ws/install/launch_param_builder:/home/nimesha/Thesis/moveit_ur5_v2_ws/src/ws_moveit/install/moveit_configs_utils:/home/nimesha/Thesis/moveit_ur5_v2_ws/src/ws_moveit/install/launch_param_builder:/opt/ros/humble /usr/bin/cmake --install /home/nimesha/Thesis/moveit_ur5_ws/build/moveit_resources_fanuc_description
