[01m[K/home/nimesha/Thesis/Unused/moveit_ur5_ws/src/ROS2_pick_and_place_UR5/moveit_ur5_interface/src/moveit_pose_client.cpp:[m[K In member function ‘[01m[Krclcpp::Client<moveit_ur5_msgs::srv::PlanRequest>::SharedFuture moveit_ur5::client::call(const double&, const double&, const double&, const double&, const double&, const double&, const double&)[m[K’:
[01m[K/home/nimesha/Thesis/Unused/moveit_ur5_ws/src/ROS2_pick_and_place_UR5/moveit_ur5_interface/src/moveit_pose_client.cpp:29:26:[m[K [01;31m[Kerror: [m[K‘[01m[Koperator const SharedFuture[m[K’ does not name a type
   29 |                 explicit [01;31m[Koperator[m[K rclcpp::Client<moveit_ur5_msgs::srv::PlanRequest>::SharedFuture const {return result;}
      |                          [01;31m[K^~~~~~~~[m[K
[01m[K/home/nimesha/Thesis/Unused/moveit_ur5_ws/src/ROS2_pick_and_place_UR5/moveit_ur5_interface/src/moveit_pose_client.cpp:30:9:[m[K [01;35m[Kwarning: [m[Kno return statement in function returning non-void [[01;35m[K]8;;https://gcc.gnu.org/onlinedocs/gcc/Warning-Options.html#index-Wreturn-type-Wreturn-type]8;;[m[K]
   30 |         [01;35m[K}[m[K
      |         [01;35m[K^[m[K
[01m[K/home/nimesha/Thesis/Unused/moveit_ur5_ws/src/ROS2_pick_and_place_UR5/moveit_ur5_interface/src/moveit_pose_client.cpp:[m[K In member function ‘[01m[Krclcpp::Client<moveit_ur5_msgs::srv::PlanRequest>::SharedFuture moveit_ur5::client::call(const Pose&)[m[K’:
[01m[K/home/nimesha/Thesis/Unused/moveit_ur5_ws/src/ROS2_pick_and_place_UR5/moveit_ur5_interface/src/moveit_pose_client.cpp:39:24:[m[K [01;31m[Kerror: [m[Kconversion from ‘[01m[Krclcpp::Client<moveit_ur5_msgs::srv::PlanRequest>::SharedFutureAndRequestId[m[K’ to ‘[01m[Krclcpp::Client<moveit_ur5_msgs::srv::PlanRequest>::SharedFuture[m[K’ {aka ‘[01m[Kstd::shared_future<std::shared_ptr<moveit_ur5_msgs::srv::PlanRequest_Response_<std::allocator<void> > > >[m[K’} is ambiguous
   39 |                 return [01;31m[Kresult[m[K;
      |                        [01;31m[K^~~~~~[m[K
In file included from [01m[K/home/nimesha/ros2_humble/ros2-linux/include/rclcpp/rclcpp/callback_group.hpp:24[m[K,
                 from [01m[K/home/nimesha/ros2_humble/ros2-linux/include/rclcpp/rclcpp/any_executable.hpp:20[m[K,
                 from [01m[K/home/nimesha/ros2_humble/ros2-linux/include/rclcpp/rclcpp/memory_strategy.hpp:25[m[K,
                 from [01m[K/home/nimesha/ros2_humble/ros2-linux/include/rclcpp/rclcpp/memory_strategies.hpp:18[m[K,
                 from [01m[K/home/nimesha/ros2_humble/ros2-linux/include/rclcpp/rclcpp/executor_options.hpp:20[m[K,
                 from [01m[K/home/nimesha/ros2_humble/ros2-linux/include/rclcpp/rclcpp/executor.hpp:37[m[K,
                 from [01m[K/home/nimesha/ros2_humble/ros2-linux/include/rclcpp/rclcpp/executors/multi_threaded_executor.hpp:25[m[K,
                 from [01m[K/home/nimesha/ros2_humble/ros2-linux/include/rclcpp/rclcpp/executors.hpp:21[m[K,
                 from [01m[K/home/nimesha/ros2_humble/ros2-linux/include/rclcpp/rclcpp/rclcpp.hpp:155[m[K,
                 from [01m[K/home/nimesha/Thesis/Unused/moveit_ur5_ws/src/ROS2_pick_and_place_UR5/moveit_ur5_interface/include/moveit_ur5_interface/moveit_pose_client.hpp:1[m[K,
                 from [01m[K/home/nimesha/Thesis/Unused/moveit_ur5_ws/src/ROS2_pick_and_place_UR5/moveit_ur5_interface/src/moveit_pose_client.cpp:1[m[K:
[01m[K/home/nimesha/ros2_humble/ros2-linux/include/rclcpp/rclcpp/client.hpp:68:3:[m[K [01;36m[Knote: [m[Kcandidate: ‘[01m[Krclcpp::detail::FutureAndRequestId<FutureT>::operator FutureT&() [with FutureT = std::shared_future<std::shared_ptr<moveit_ur5_msgs::srv::PlanRequest_Response_<std::allocator<void> > > >][m[K’
   68 |   [01;36m[Koperator[m[K FutureT &() {return this->future;}
      |   [01;36m[K^~~~~~~~[m[K
[01m[K/home/nimesha/ros2_humble/ros2-linux/include/rclcpp/rclcpp/client.hpp:76:3:[m[K [01;36m[Knote: [m[Kcandidate: ‘[01m[Krclcpp::detail::FutureAndRequestId<FutureT>::operator FutureT() [with FutureT = std::shared_future<std::shared_ptr<moveit_ur5_msgs::srv::PlanRequest_Response_<std::allocator<void> > > >][m[K’
   76 |   [01;36m[Koperator[m[K FutureT() {return this->future;}
      |   [01;36m[K^~~~~~~~[m[K
gmake[2]: *** [CMakeFiles/srvcli.dir/build.make:90: CMakeFiles/srvcli.dir/src/moveit_pose_client.cpp.o] Error 1
gmake[1]: *** [CMakeFiles/Makefile2:143: CMakeFiles/srvcli.dir/all] Error 2
gmake: *** [Makefile:146: all] Error 2
