[0.008s] Invoking command in '/home/nimesha/Thesis/moveit_ur5_v2_ws/src/ws_moveit/build/moveit_resources_panda_description': CMAKE_PREFIX_PATH=${CMAKE_PREFIX_PATH}:/home/nimesha/Thesis/ws_moveit/install/moveit_configs_utils:/home/nimesha/Thesis/ws_moveit/install/launch_param_builder:/opt/ros/humble /usr/bin/cmake /home/nimesha/Thesis/moveit_ur5_v2_ws/src/ws_moveit/src/moveit_resources/panda_description -DCMAKE_BUILD_TYPE=Release -DCMAKE_INSTALL_PREFIX=/home/nimesha/Thesis/moveit_ur5_v2_ws/src/ws_moveit/install/moveit_resources_panda_description
[0.071s] -- The C compiler identification is GNU 11.4.0
[0.213s] -- The CXX compiler identification is GNU 11.4.0
[0.306s] -- Detecting C compiler ABI info
[0.378s] -- Detecting C compiler ABI info - done
[0.381s] -- Check for working C compiler: /usr/bin/cc - skipped
[0.382s] -- Detecting C compile features
[0.382s] -- Detecting C compile features - done
[0.383s] -- Detecting CXX compiler ABI info
[0.458s] -- Detecting CXX compiler ABI info - done
[0.463s] -- Check for working CXX compiler: /usr/bin/c++ - skipped
[0.464s] -- Detecting CXX compile features
[0.464s] -- Detecting CXX compile features - done
[0.465s] -- Found ament_cmake: 1.3.10 (/home/nimesha/ros2_humble/ros2-linux/share/ament_cmake/cmake)
[0.559s] -- Found Python3: /usr/bin/python3 (found version "3.10.12") found components: Interpreter 
[0.645s] -- Configuring done
[0.651s] -- Generating done
[0.651s] -- Build files have been written to: /home/nimesha/Thesis/moveit_ur5_v2_ws/src/ws_moveit/build/moveit_resources_panda_description
[0.654s] Invoked command in '/home/nimesha/Thesis/moveit_ur5_v2_ws/src/ws_moveit/build/moveit_resources_panda_description' returned '0': CMAKE_PREFIX_PATH=${CMAKE_PREFIX_PATH}:/home/nimesha/Thesis/ws_moveit/install/moveit_configs_utils:/home/nimesha/Thesis/ws_moveit/install/launch_param_builder:/opt/ros/humble /usr/bin/cmake /home/nimesha/Thesis/moveit_ur5_v2_ws/src/ws_moveit/src/moveit_resources/panda_description -DCMAKE_BUILD_TYPE=Release -DCMAKE_INSTALL_PREFIX=/home/nimesha/Thesis/moveit_ur5_v2_ws/src/ws_moveit/install/moveit_resources_panda_description
[0.655s] Invoking command in '/home/nimesha/Thesis/moveit_ur5_v2_ws/src/ws_moveit/build/moveit_resources_panda_description': CMAKE_PREFIX_PATH=${CMAKE_PREFIX_PATH}:/home/nimesha/Thesis/ws_moveit/install/moveit_configs_utils:/home/nimesha/Thesis/ws_moveit/install/launch_param_builder:/opt/ros/humble /usr/bin/cmake --build /home/nimesha/Thesis/moveit_ur5_v2_ws/src/ws_moveit/build/moveit_resources_panda_description -- -j32 -l32
[0.677s] Invoked command in '/home/nimesha/Thesis/moveit_ur5_v2_ws/src/ws_moveit/build/moveit_resources_panda_description' returned '0': CMAKE_PREFIX_PATH=${CMAKE_PREFIX_PATH}:/home/nimesha/Thesis/ws_moveit/install/moveit_configs_utils:/home/nimesha/Thesis/ws_moveit/install/launch_param_builder:/opt/ros/humble /usr/bin/cmake --build /home/nimesha/Thesis/moveit_ur5_v2_ws/src/ws_moveit/build/moveit_resources_panda_description -- -j32 -l32
[0.703s] Invoking command in '/home/nimesha/Thesis/moveit_ur5_v2_ws/src/ws_moveit/build/moveit_resources_panda_description': CMAKE_PREFIX_PATH=${CMAKE_PREFIX_PATH}:/home/nimesha/Thesis/ws_moveit/install/moveit_configs_utils:/home/nimesha/Thesis/ws_moveit/install/launch_param_builder:/opt/ros/humble /usr/bin/cmake --install /home/nimesha/Thesis/moveit_ur5_v2_ws/src/ws_moveit/build/moveit_resources_panda_description
[0.705s] -- Install configuration: "Release"
[0.707s] -- Installing: /home/nimesha/Thesis/moveit_ur5_v2_ws/src/ws_moveit/install/moveit_resources_panda_description/share/ament_index/resource_index/package_run_dependencies/moveit_resources_panda_description
[0.707s] -- Installing: /home/nimesha/Thesis/moveit_ur5_v2_ws/src/ws_moveit/install/moveit_resources_panda_description/share/ament_index/resource_index/parent_prefix_path/moveit_resources_panda_description
[0.707s] -- Installing: /home/nimesha/Thesis/moveit_ur5_v2_ws/src/ws_moveit/install/moveit_resources_panda_description/share/moveit_resources_panda_description/environment/ament_prefix_path.sh
[0.707s] -- Installing: /home/nimesha/Thesis/moveit_ur5_v2_ws/src/ws_moveit/install/moveit_resources_panda_description/share/moveit_resources_panda_description/environment/ament_prefix_path.dsv
[0.707s] -- Installing: /home/nimesha/Thesis/moveit_ur5_v2_ws/src/ws_moveit/install/moveit_resources_panda_description/share/moveit_resources_panda_description/environment/path.sh
[0.707s] -- Installing: /home/nimesha/Thesis/moveit_ur5_v2_ws/src/ws_moveit/install/moveit_resources_panda_description/share/moveit_resources_panda_description/environment/path.dsv
[0.707s] -- Installing: /home/nimesha/Thesis/moveit_ur5_v2_ws/src/ws_moveit/install/moveit_resources_panda_description/share/moveit_resources_panda_description/local_setup.bash
[0.707s] -- Installing: /home/nimesha/Thesis/moveit_ur5_v2_ws/src/ws_moveit/install/moveit_resources_panda_description/share/moveit_resources_panda_description/local_setup.sh
[0.708s] -- Installing: /home/nimesha/Thesis/moveit_ur5_v2_ws/src/ws_moveit/install/moveit_resources_panda_description/share/moveit_resources_panda_description/local_setup.zsh
[0.708s] -- Installing: /home/nimesha/Thesis/moveit_ur5_v2_ws/src/ws_moveit/install/moveit_resources_panda_description/share/moveit_resources_panda_description/local_setup.dsv
[0.708s] -- Installing: /home/nimesha/Thesis/moveit_ur5_v2_ws/src/ws_moveit/install/moveit_resources_panda_description/share/moveit_resources_panda_description/package.dsv
[0.708s] -- Installing: /home/nimesha/Thesis/moveit_ur5_v2_ws/src/ws_moveit/install/moveit_resources_panda_description/share/ament_index/resource_index/packages/moveit_resources_panda_description
[0.709s] -- Installing: /home/nimesha/Thesis/moveit_ur5_v2_ws/src/ws_moveit/install/moveit_resources_panda_description/share/moveit_resources_panda_description/cmake/moveit_resources_panda_descriptionConfig.cmake
[0.709s] -- Installing: /home/nimesha/Thesis/moveit_ur5_v2_ws/src/ws_moveit/install/moveit_resources_panda_description/share/moveit_resources_panda_description/cmake/moveit_resources_panda_descriptionConfig-version.cmake
[0.709s] -- Installing: /home/nimesha/Thesis/moveit_ur5_v2_ws/src/ws_moveit/install/moveit_resources_panda_description/share/moveit_resources_panda_description/package.xml
[0.709s] -- Installing: /home/nimesha/Thesis/moveit_ur5_v2_ws/src/ws_moveit/install/moveit_resources_panda_description/share/moveit_resources_panda_description/meshes
[0.710s] -- Installing: /home/nimesha/Thesis/moveit_ur5_v2_ws/src/ws_moveit/install/moveit_resources_panda_description/share/moveit_resources_panda_description/meshes/collision
[0.711s] -- Installing: /home/nimesha/Thesis/moveit_ur5_v2_ws/src/ws_moveit/install/moveit_resources_panda_description/share/moveit_resources_panda_description/meshes/collision/finger.stl
[0.711s] -- Installing: /home/nimesha/Thesis/moveit_ur5_v2_ws/src/ws_moveit/install/moveit_resources_panda_description/share/moveit_resources_panda_description/meshes/collision/link3.stl
[0.711s] -- Installing: /home/nimesha/Thesis/moveit_ur5_v2_ws/src/ws_moveit/install/moveit_resources_panda_description/share/moveit_resources_panda_description/meshes/collision/hand.stl
[0.712s] -- Installing: /home/nimesha/Thesis/moveit_ur5_v2_ws/src/ws_moveit/install/moveit_resources_panda_description/share/moveit_resources_panda_description/meshes/collision/link0.stl
[0.712s] -- Installing: /home/nimesha/Thesis/moveit_ur5_v2_ws/src/ws_moveit/install/moveit_resources_panda_description/share/moveit_resources_panda_description/meshes/collision/link6.stl
[0.713s] -- Installing: /home/nimesha/Thesis/moveit_ur5_v2_ws/src/ws_moveit/install/moveit_resources_panda_description/share/moveit_resources_panda_description/meshes/collision/link5.stl
[0.714s] -- Installing: /home/nimesha/Thesis/moveit_ur5_v2_ws/src/ws_moveit/install/moveit_resources_panda_description/share/moveit_resources_panda_description/meshes/collision/link4.stl
[0.715s] -- Installing: /home/nimesha/Thesis/moveit_ur5_v2_ws/src/ws_moveit/install/moveit_resources_panda_description/share/moveit_resources_panda_description/meshes/collision/link1.stl
[0.715s] -- Installing: /home/nimesha/Thesis/moveit_ur5_v2_ws/src/ws_moveit/install/moveit_resources_panda_description/share/moveit_resources_panda_description/meshes/collision/link7.stl
[0.716s] -- Installing: /home/nimesha/Thesis/moveit_ur5_v2_ws/src/ws_moveit/install/moveit_resources_panda_description/share/moveit_resources_panda_description/meshes/collision/link2.stl
[0.716s] -- Installing: /home/nimesha/Thesis/moveit_ur5_v2_ws/src/ws_moveit/install/moveit_resources_panda_description/share/moveit_resources_panda_description/meshes/visual
[0.717s] -- Installing: /home/nimesha/Thesis/moveit_ur5_v2_ws/src/ws_moveit/install/moveit_resources_panda_description/share/moveit_resources_panda_description/meshes/visual/link3.dae
[0.723s] -- Installing: /home/nimesha/Thesis/moveit_ur5_v2_ws/src/ws_moveit/install/moveit_resources_panda_description/share/moveit_resources_panda_description/meshes/visual/link2.dae
[0.731s] -- Installing: /home/nimesha/Thesis/moveit_ur5_v2_ws/src/ws_moveit/install/moveit_resources_panda_description/share/moveit_resources_panda_description/meshes/visual/finger.dae
[0.733s] -- Installing: /home/nimesha/Thesis/moveit_ur5_v2_ws/src/ws_moveit/install/moveit_resources_panda_description/share/moveit_resources_panda_description/meshes/visual/link1.dae
[0.736s] -- Installing: /home/nimesha/Thesis/moveit_ur5_v2_ws/src/ws_moveit/install/moveit_resources_panda_description/share/moveit_resources_panda_description/meshes/visual/link6.dae
[0.743s] -- Installing: /home/nimesha/Thesis/moveit_ur5_v2_ws/src/ws_moveit/install/moveit_resources_panda_description/share/moveit_resources_panda_description/meshes/visual/link4.dae
[0.749s] -- Installing: /home/nimesha/Thesis/moveit_ur5_v2_ws/src/ws_moveit/install/moveit_resources_panda_description/share/moveit_resources_panda_description/meshes/visual/link7.dae
[0.754s] -- Installing: /home/nimesha/Thesis/moveit_ur5_v2_ws/src/ws_moveit/install/moveit_resources_panda_description/share/moveit_resources_panda_description/meshes/visual/link0.dae
[0.762s] -- Installing: /home/nimesha/Thesis/moveit_ur5_v2_ws/src/ws_moveit/install/moveit_resources_panda_description/share/moveit_resources_panda_description/meshes/visual/hand.dae
[0.766s] -- Installing: /home/nimesha/Thesis/moveit_ur5_v2_ws/src/ws_moveit/install/moveit_resources_panda_description/share/moveit_resources_panda_description/meshes/visual/link5.dae
[0.771s] -- Installing: /home/nimesha/Thesis/moveit_ur5_v2_ws/src/ws_moveit/install/moveit_resources_panda_description/share/moveit_resources_panda_description/urdf
[0.771s] -- Installing: /home/nimesha/Thesis/moveit_ur5_v2_ws/src/ws_moveit/install/moveit_resources_panda_description/share/moveit_resources_panda_description/urdf/panda.urdf
[0.772s] Invoked command in '/home/nimesha/Thesis/moveit_ur5_v2_ws/src/ws_moveit/build/moveit_resources_panda_description' returned '0': CMAKE_PREFIX_PATH=${CMAKE_PREFIX_PATH}:/home/nimesha/Thesis/ws_moveit/install/moveit_configs_utils:/home/nimesha/Thesis/ws_moveit/install/launch_param_builder:/opt/ros/humble /usr/bin/cmake --install /home/nimesha/Thesis/moveit_ur5_v2_ws/src/ws_moveit/build/moveit_resources_panda_description
