[0.112s] Invoking command in '/home/nimesha/Thesis/moveit_ur5_v2_ws/build/moveit_common': CMAKE_PREFIX_PATH=${CMAKE_PREFIX_PATH}:/home/nimesha/Thesis/moveit_ur5_v2_ws/install/moveit_configs_utils:/home/nimesha/Thesis/moveit_ur5_v2_ws/install/launch_param_builder:/home/nimesha/Thesis/moveit_ur5_v2_ws/src/ws_moveit/install/moveit_configs_utils:/home/nimesha/Thesis/moveit_ur5_v2_ws/src/ws_moveit/install/launch_param_builder:/opt/ros/humble /usr/bin/cmake --build /home/nimesha/Thesis/moveit_ur5_v2_ws/build/moveit_common -- -j32 -l32
[0.364s] Invoked command in '/home/nimesha/Thesis/moveit_ur5_v2_ws/build/moveit_common' returned '0': CMAKE_PREFIX_PATH=${CMAKE_PREFIX_PATH}:/home/nimesha/Thesis/moveit_ur5_v2_ws/install/moveit_configs_utils:/home/nimesha/Thesis/moveit_ur5_v2_ws/install/launch_param_builder:/home/nimesha/Thesis/moveit_ur5_v2_ws/src/ws_moveit/install/moveit_configs_utils:/home/nimesha/Thesis/moveit_ur5_v2_ws/src/ws_moveit/install/launch_param_builder:/opt/ros/humble /usr/bin/cmake --build /home/nimesha/Thesis/moveit_ur5_v2_ws/build/moveit_common -- -j32 -l32
[0.439s] Invoking command in '/home/nimesha/Thesis/moveit_ur5_v2_ws/build/moveit_common': CMAKE_PREFIX_PATH=${CMAKE_PREFIX_PATH}:/home/nimesha/Thesis/moveit_ur5_v2_ws/install/moveit_configs_utils:/home/nimesha/Thesis/moveit_ur5_v2_ws/install/launch_param_builder:/home/nimesha/Thesis/moveit_ur5_v2_ws/src/ws_moveit/install/moveit_configs_utils:/home/nimesha/Thesis/moveit_ur5_v2_ws/src/ws_moveit/install/launch_param_builder:/opt/ros/humble /usr/bin/cmake --install /home/nimesha/Thesis/moveit_ur5_v2_ws/build/moveit_common
[0.456s] -- Install configuration: ""
[0.456s] -- Up-to-date: /home/nimesha/Thesis/moveit_ur5_v2_ws/install/moveit_common/share/ament_index/resource_index/package_run_dependencies/moveit_common
[0.456s] -- Up-to-date: /home/nimesha/Thesis/moveit_ur5_v2_ws/install/moveit_common/share/ament_index/resource_index/parent_prefix_path/moveit_common
[0.456s] -- Up-to-date: /home/nimesha/Thesis/moveit_ur5_v2_ws/install/moveit_common/share/moveit_common/environment/ament_prefix_path.sh
[0.456s] -- Up-to-date: /home/nimesha/Thesis/moveit_ur5_v2_ws/install/moveit_common/share/moveit_common/environment/ament_prefix_path.dsv
[0.456s] -- Up-to-date: /home/nimesha/Thesis/moveit_ur5_v2_ws/install/moveit_common/share/moveit_common/environment/path.sh
[0.456s] -- Up-to-date: /home/nimesha/Thesis/moveit_ur5_v2_ws/install/moveit_common/share/moveit_common/environment/path.dsv
[0.456s] -- Up-to-date: /home/nimesha/Thesis/moveit_ur5_v2_ws/install/moveit_common/share/moveit_common/local_setup.bash
[0.457s] -- Up-to-date: /home/nimesha/Thesis/moveit_ur5_v2_ws/install/moveit_common/share/moveit_common/local_setup.sh
[0.457s] -- Up-to-date: /home/nimesha/Thesis/moveit_ur5_v2_ws/install/moveit_common/share/moveit_common/local_setup.zsh
[0.457s] -- Up-to-date: /home/nimesha/Thesis/moveit_ur5_v2_ws/install/moveit_common/share/moveit_common/local_setup.dsv
[0.457s] -- Installing: /home/nimesha/Thesis/moveit_ur5_v2_ws/install/moveit_common/share/moveit_common/package.dsv
[0.457s] -- Up-to-date: /home/nimesha/Thesis/moveit_ur5_v2_ws/install/moveit_common/share/ament_index/resource_index/packages/moveit_common
[0.457s] -- Up-to-date: /home/nimesha/Thesis/moveit_ur5_v2_ws/install/moveit_common/share/moveit_common/cmake/moveit_common-extras.cmake
[0.457s] -- Up-to-date: /home/nimesha/Thesis/moveit_ur5_v2_ws/install/moveit_common/share/moveit_common/cmake/moveit_commonConfig.cmake
[0.457s] -- Up-to-date: /home/nimesha/Thesis/moveit_ur5_v2_ws/install/moveit_common/share/moveit_common/cmake/moveit_commonConfig-version.cmake
[0.457s] -- Up-to-date: /home/nimesha/Thesis/moveit_ur5_v2_ws/install/moveit_common/share/moveit_common/package.xml
[0.458s] -- Up-to-date: /home/nimesha/Thesis/moveit_ur5_v2_ws/install/moveit_common/share/moveit_common/cmake
[0.458s] -- Up-to-date: /home/nimesha/Thesis/moveit_ur5_v2_ws/install/moveit_common/share/moveit_common/cmake/moveit_package.cmake
[0.478s] Invoked command in '/home/nimesha/Thesis/moveit_ur5_v2_ws/build/moveit_common' returned '0': CMAKE_PREFIX_PATH=${CMAKE_PREFIX_PATH}:/home/nimesha/Thesis/moveit_ur5_v2_ws/install/moveit_configs_utils:/home/nimesha/Thesis/moveit_ur5_v2_ws/install/launch_param_builder:/home/nimesha/Thesis/moveit_ur5_v2_ws/src/ws_moveit/install/moveit_configs_utils:/home/nimesha/Thesis/moveit_ur5_v2_ws/src/ws_moveit/install/launch_param_builder:/opt/ros/humble /usr/bin/cmake --install /home/nimesha/Thesis/moveit_ur5_v2_ws/build/moveit_common
