[0.012s] Invoking command in '/home/nimesha/Thesis/moveit_ur5_ws/build/moveit_resources_prbt_support': CMAKE_PREFIX_PATH=${CMAKE_PREFIX_PATH}:/home/nimesha/Thesis/moveit_ur5_ws/install/moveit_configs_utils:/home/nimesha/Thesis/moveit_ur5_ws/install/launch_param_builder:/home/nimesha/Thesis/moveit_ur5_v2_ws/install/moveit_configs_utils:/home/nimesha/Thesis/moveit_ur5_v2_ws/install/launch_param_builder:/home/nimesha/Thesis/moveit_ur5_v2_ws/src/ws_moveit/install/moveit_configs_utils:/home/nimesha/Thesis/moveit_ur5_v2_ws/src/ws_moveit/install/launch_param_builder:/opt/ros/humble /usr/bin/cmake /home/nimesha/Thesis/moveit_ur5_ws/src/ws_moveit/src/moveit2/moveit_planners/test_configs/prbt_support -DCMAKE_INSTALL_PREFIX=/home/nimesha/Thesis/moveit_ur5_ws/install/moveit_resources_prbt_support
[0.092s] -- The C compiler identification is GNU 11.4.0
[0.291s] -- The CXX compiler identification is GNU 11.4.0
[0.394s] -- Detecting C compiler ABI info
[0.478s] -- Detecting C compiler ABI info - done
[0.483s] -- Check for working C compiler: /usr/bin/cc - skipped
[0.483s] -- Detecting C compile features
[0.484s] -- Detecting C compile features - done
[0.486s] -- Detecting CXX compiler ABI info
[0.579s] -- Detecting CXX compiler ABI info - done
[0.582s] -- Check for working CXX compiler: /usr/bin/c++ - skipped
[0.582s] -- Detecting CXX compile features
[0.583s] -- Detecting CXX compile features - done
[0.584s] -- Found ament_cmake: 1.3.10 (/home/nimesha/ros2_humble/ros2-linux/share/ament_cmake/cmake)
[0.685s] -- Found Python3: /usr/bin/python3 (found version "3.10.12") found components: Interpreter 
[0.776s] -- Configuring done
[0.777s] -- Generating done
[0.778s] -- Build files have been written to: /home/nimesha/Thesis/moveit_ur5_ws/build/moveit_resources_prbt_support
[0.781s] Invoked command in '/home/nimesha/Thesis/moveit_ur5_ws/build/moveit_resources_prbt_support' returned '0': CMAKE_PREFIX_PATH=${CMAKE_PREFIX_PATH}:/home/nimesha/Thesis/moveit_ur5_ws/install/moveit_configs_utils:/home/nimesha/Thesis/moveit_ur5_ws/install/launch_param_builder:/home/nimesha/Thesis/moveit_ur5_v2_ws/install/moveit_configs_utils:/home/nimesha/Thesis/moveit_ur5_v2_ws/install/launch_param_builder:/home/nimesha/Thesis/moveit_ur5_v2_ws/src/ws_moveit/install/moveit_configs_utils:/home/nimesha/Thesis/moveit_ur5_v2_ws/src/ws_moveit/install/launch_param_builder:/opt/ros/humble /usr/bin/cmake /home/nimesha/Thesis/moveit_ur5_ws/src/ws_moveit/src/moveit2/moveit_planners/test_configs/prbt_support -DCMAKE_INSTALL_PREFIX=/home/nimesha/Thesis/moveit_ur5_ws/install/moveit_resources_prbt_support
[0.781s] Invoking command in '/home/nimesha/Thesis/moveit_ur5_ws/build/moveit_resources_prbt_support': CMAKE_PREFIX_PATH=${CMAKE_PREFIX_PATH}:/home/nimesha/Thesis/moveit_ur5_ws/install/moveit_configs_utils:/home/nimesha/Thesis/moveit_ur5_ws/install/launch_param_builder:/home/nimesha/Thesis/moveit_ur5_v2_ws/install/moveit_configs_utils:/home/nimesha/Thesis/moveit_ur5_v2_ws/install/launch_param_builder:/home/nimesha/Thesis/moveit_ur5_v2_ws/src/ws_moveit/install/moveit_configs_utils:/home/nimesha/Thesis/moveit_ur5_v2_ws/src/ws_moveit/install/launch_param_builder:/opt/ros/humble /usr/bin/cmake --build /home/nimesha/Thesis/moveit_ur5_ws/build/moveit_resources_prbt_support -- -j32 -l32
[0.806s] Invoked command in '/home/nimesha/Thesis/moveit_ur5_ws/build/moveit_resources_prbt_support' returned '0': CMAKE_PREFIX_PATH=${CMAKE_PREFIX_PATH}:/home/nimesha/Thesis/moveit_ur5_ws/install/moveit_configs_utils:/home/nimesha/Thesis/moveit_ur5_ws/install/launch_param_builder:/home/nimesha/Thesis/moveit_ur5_v2_ws/install/moveit_configs_utils:/home/nimesha/Thesis/moveit_ur5_v2_ws/install/launch_param_builder:/home/nimesha/Thesis/moveit_ur5_v2_ws/src/ws_moveit/install/moveit_configs_utils:/home/nimesha/Thesis/moveit_ur5_v2_ws/src/ws_moveit/install/launch_param_builder:/opt/ros/humble /usr/bin/cmake --build /home/nimesha/Thesis/moveit_ur5_ws/build/moveit_resources_prbt_support -- -j32 -l32
[0.834s] Invoking command in '/home/nimesha/Thesis/moveit_ur5_ws/build/moveit_resources_prbt_support': CMAKE_PREFIX_PATH=${CMAKE_PREFIX_PATH}:/home/nimesha/Thesis/moveit_ur5_ws/install/moveit_configs_utils:/home/nimesha/Thesis/moveit_ur5_ws/install/launch_param_builder:/home/nimesha/Thesis/moveit_ur5_v2_ws/install/moveit_configs_utils:/home/nimesha/Thesis/moveit_ur5_v2_ws/install/launch_param_builder:/home/nimesha/Thesis/moveit_ur5_v2_ws/src/ws_moveit/install/moveit_configs_utils:/home/nimesha/Thesis/moveit_ur5_v2_ws/src/ws_moveit/install/launch_param_builder:/opt/ros/humble /usr/bin/cmake --install /home/nimesha/Thesis/moveit_ur5_ws/build/moveit_resources_prbt_support
[0.839s] -- Install configuration: ""
[0.839s] -- Installing: /home/nimesha/Thesis/moveit_ur5_ws/install/moveit_resources_prbt_support/share/ament_index/resource_index/package_run_dependencies/moveit_resources_prbt_support
[0.839s] -- Installing: /home/nimesha/Thesis/moveit_ur5_ws/install/moveit_resources_prbt_support/share/ament_index/resource_index/parent_prefix_path/moveit_resources_prbt_support
[0.839s] -- Installing: /home/nimesha/Thesis/moveit_ur5_ws/install/moveit_resources_prbt_support/share/moveit_resources_prbt_support/environment/ament_prefix_path.sh
[0.839s] -- Installing: /home/nimesha/Thesis/moveit_ur5_ws/install/moveit_resources_prbt_support/share/moveit_resources_prbt_support/environment/ament_prefix_path.dsv
[0.839s] -- Installing: /home/nimesha/Thesis/moveit_ur5_ws/install/moveit_resources_prbt_support/share/moveit_resources_prbt_support/environment/path.sh
[0.839s] -- Installing: /home/nimesha/Thesis/moveit_ur5_ws/install/moveit_resources_prbt_support/share/moveit_resources_prbt_support/environment/path.dsv
[0.839s] -- Installing: /home/nimesha/Thesis/moveit_ur5_ws/install/moveit_resources_prbt_support/share/moveit_resources_prbt_support/local_setup.bash
[0.839s] -- Installing: /home/nimesha/Thesis/moveit_ur5_ws/install/moveit_resources_prbt_support/share/moveit_resources_prbt_support/local_setup.sh
[0.839s] -- Installing: /home/nimesha/Thesis/moveit_ur5_ws/install/moveit_resources_prbt_support/share/moveit_resources_prbt_support/local_setup.zsh
[0.839s] -- Installing: /home/nimesha/Thesis/moveit_ur5_ws/install/moveit_resources_prbt_support/share/moveit_resources_prbt_support/local_setup.dsv
[0.839s] -- Installing: /home/nimesha/Thesis/moveit_ur5_ws/install/moveit_resources_prbt_support/share/moveit_resources_prbt_support/package.dsv
[0.840s] -- Installing: /home/nimesha/Thesis/moveit_ur5_ws/install/moveit_resources_prbt_support/share/ament_index/resource_index/packages/moveit_resources_prbt_support
[0.840s] -- Installing: /home/nimesha/Thesis/moveit_ur5_ws/install/moveit_resources_prbt_support/share/moveit_resources_prbt_support/cmake/moveit_resources_prbt_supportConfig.cmake
[0.840s] -- Installing: /home/nimesha/Thesis/moveit_ur5_ws/install/moveit_resources_prbt_support/share/moveit_resources_prbt_support/cmake/moveit_resources_prbt_supportConfig-version.cmake
[0.840s] -- Installing: /home/nimesha/Thesis/moveit_ur5_ws/install/moveit_resources_prbt_support/share/moveit_resources_prbt_support/package.xml
[0.840s] -- Installing: /home/nimesha/Thesis/moveit_ur5_ws/install/moveit_resources_prbt_support/share/moveit_resources_prbt_support/urdf
[0.840s] -- Installing: /home/nimesha/Thesis/moveit_ur5_ws/install/moveit_resources_prbt_support/share/moveit_resources_prbt_support/urdf/simple_gripper_brackets.urdf.xacro
[0.842s] -- Installing: /home/nimesha/Thesis/moveit_ur5_ws/install/moveit_resources_prbt_support/share/moveit_resources_prbt_support/urdf/prbt.xacro
[0.842s] -- Installing: /home/nimesha/Thesis/moveit_ur5_ws/install/moveit_resources_prbt_support/share/moveit_resources_prbt_support/urdf/prbt_macro.xacro
[0.843s] -- Installing: /home/nimesha/Thesis/moveit_ur5_ws/install/moveit_resources_prbt_support/share/moveit_resources_prbt_support/urdf/prbt.ros2_control.xacro
[0.843s] -- Installing: /home/nimesha/Thesis/moveit_ur5_ws/install/moveit_resources_prbt_support/share/moveit_resources_prbt_support/meshes
[0.843s] -- Installing: /home/nimesha/Thesis/moveit_ur5_ws/install/moveit_resources_prbt_support/share/moveit_resources_prbt_support/meshes/foot.stl
[0.844s] -- Installing: /home/nimesha/Thesis/moveit_ur5_ws/install/moveit_resources_prbt_support/share/moveit_resources_prbt_support/meshes/link_2.stl
[0.844s] -- Installing: /home/nimesha/Thesis/moveit_ur5_ws/install/moveit_resources_prbt_support/share/moveit_resources_prbt_support/meshes/link_5.stl
[0.844s] -- Installing: /home/nimesha/Thesis/moveit_ur5_ws/install/moveit_resources_prbt_support/share/moveit_resources_prbt_support/meshes/link_4.stl
[0.844s] -- Installing: /home/nimesha/Thesis/moveit_ur5_ws/install/moveit_resources_prbt_support/share/moveit_resources_prbt_support/meshes/link_3.stl
[0.845s] -- Installing: /home/nimesha/Thesis/moveit_ur5_ws/install/moveit_resources_prbt_support/share/moveit_resources_prbt_support/meshes/flange.stl
[0.845s] -- Installing: /home/nimesha/Thesis/moveit_ur5_ws/install/moveit_resources_prbt_support/share/moveit_resources_prbt_support/meshes/link_4.dae
[0.849s] -- Installing: /home/nimesha/Thesis/moveit_ur5_ws/install/moveit_resources_prbt_support/share/moveit_resources_prbt_support/meshes/link_2.dae
[0.852s] -- Installing: /home/nimesha/Thesis/moveit_ur5_ws/install/moveit_resources_prbt_support/share/moveit_resources_prbt_support/meshes/link_1.stl
[0.854s] -- Installing: /home/nimesha/Thesis/moveit_ur5_ws/install/moveit_resources_prbt_support/share/moveit_resources_prbt_support/meshes/link_1.dae
[0.856s] -- Installing: /home/nimesha/Thesis/moveit_ur5_ws/install/moveit_resources_prbt_support/share/moveit_resources_prbt_support/meshes/link_5.dae
[0.858s] -- Installing: /home/nimesha/Thesis/moveit_ur5_ws/install/moveit_resources_prbt_support/share/moveit_resources_prbt_support/meshes/foot.dae
[0.860s] -- Installing: /home/nimesha/Thesis/moveit_ur5_ws/install/moveit_resources_prbt_support/share/moveit_resources_prbt_support/meshes/flange.dae
[0.860s] -- Installing: /home/nimesha/Thesis/moveit_ur5_ws/install/moveit_resources_prbt_support/share/moveit_resources_prbt_support/meshes/link_3.dae
[0.862s] -- Installing: /home/nimesha/Thesis/moveit_ur5_ws/install/moveit_resources_prbt_support/share/moveit_resources_prbt_support/config
[0.862s] -- Installing: /home/nimesha/Thesis/moveit_ur5_ws/install/moveit_resources_prbt_support/share/moveit_resources_prbt_support/config/manipulator_driver.yaml
[0.862s] -- Installing: /home/nimesha/Thesis/moveit_ur5_ws/install/moveit_resources_prbt_support/share/moveit_resources_prbt_support/config/manipulator_controller.yaml
[0.862s] -- Installing: /home/nimesha/Thesis/moveit_ur5_ws/install/moveit_resources_prbt_support/share/moveit_resources_prbt_support/config/prbt_0_1.dcf
[0.864s] Invoked command in '/home/nimesha/Thesis/moveit_ur5_ws/build/moveit_resources_prbt_support' returned '0': CMAKE_PREFIX_PATH=${CMAKE_PREFIX_PATH}:/home/nimesha/Thesis/moveit_ur5_ws/install/moveit_configs_utils:/home/nimesha/Thesis/moveit_ur5_ws/install/launch_param_builder:/home/nimesha/Thesis/moveit_ur5_v2_ws/install/moveit_configs_utils:/home/nimesha/Thesis/moveit_ur5_v2_ws/install/launch_param_builder:/home/nimesha/Thesis/moveit_ur5_v2_ws/src/ws_moveit/install/moveit_configs_utils:/home/nimesha/Thesis/moveit_ur5_v2_ws/src/ws_moveit/install/launch_param_builder:/opt/ros/humble /usr/bin/cmake --install /home/nimesha/Thesis/moveit_ur5_ws/build/moveit_resources_prbt_support
