-- The C compiler identification is GNU 11.4.0
-- The CXX compiler identification is GNU 11.4.0
-- Detecting C compiler ABI info
-- Detecting C compiler ABI info - done
-- Check for working C compiler: /usr/bin/cc - skipped
-- Detecting C compile features
-- Detecting C compile features - done
-- Detecting CXX compiler ABI info
-- Detecting CXX compiler ABI info - done
-- Check for working CXX compiler: /usr/bin/c++ - skipped
-- Detecting CXX compile features
-- Detecting CXX compile features - done
-- Found ament_cmake: 1.3.10 (/home/nimesha/ros2_humble/ros2-linux/share/ament_cmake/cmake)
-- Found Python3: /usr/bin/python3 (found version "3.10.12") found components: Interpreter 
-- Found rclcpp: 16.0.10 (/home/nimesha/ros2_humble/ros2-linux/share/rclcpp/cmake)
-- Found rosidl_generator_c: 3.1.5 (/home/nimesha/ros2_humble/ros2-linux/share/rosidl_generator_c/cmake)
-- Found rosidl_adapter: 3.1.5 (/home/nimesha/ros2_humble/ros2-linux/share/rosidl_adapter/cmake)
-- Found rosidl_generator_cpp: 3.1.5 (/home/nimesha/ros2_humble/ros2-linux/share/rosidl_generator_cpp/cmake)
-- Using all available rosidl_typesupport_c: rosidl_typesupport_fastrtps_c;rosidl_typesupport_introspection_c
-- Using all available rosidl_typesupport_cpp: rosidl_typesupport_fastrtps_cpp;rosidl_typesupport_introspection_cpp
-- Found rmw_implementation_cmake: 6.1.2 (/home/nimesha/ros2_humble/ros2-linux/share/rmw_implementation_cmake/cmake)
-- Found rmw_fastrtps_cpp: 6.2.7 (/home/nimesha/ros2_humble/ros2-linux/share/rmw_fastrtps_cpp/cmake)
-- Found OpenSSL: /usr/lib/x86_64-linux-gnu/libcrypto.so (found version "3.0.2")  
-- Found FastRTPS: /home/nimesha/ros2_humble/ros2-linux/include  
-- Using RMW implementation 'rmw_fastrtps_cpp' as default
-- Looking for pthread.h
-- Looking for pthread.h - found
-- Performing Test CMAKE_HAVE_LIBC_PTHREAD
-- Performing Test CMAKE_HAVE_LIBC_PTHREAD - Success
-- Found Threads: TRUE  
-- Found std_msgs: 4.2.4 (/home/nimesha/ros2_humble/ros2-linux/share/std_msgs/cmake)
-- Found trajectory_msgs: 4.2.4 (/home/nimesha/ros2_humble/ros2-linux/share/trajectory_msgs/cmake)
-- Found robot_state_publisher: 3.0.3 (/home/nimesha/ros2_humble/ros2-linux/share/robot_state_publisher/cmake)
-- Found eigen3_cmake_module: 0.1.1 (/home/nimesha/ros2_humble/ros2-linux/share/eigen3_cmake_module/cmake)
-- Found Eigen3: TRUE (found version "3.4.0") 
-- Ensuring Eigen3 include directory is part of orocos-kdl CMake target
-- Found moveit: 2.5.5 (/home/nimesha/Thesis/moveit_ur5_v2_ws/src/ws_moveit/install/moveit/share/moveit/cmake)
-- Found moveit_ros_planning_interface: 2.5.5 (/home/nimesha/Thesis/moveit_ur5_v2_ws/src/ws_moveit/install/moveit_ros_planning_interface/share/moveit_ros_planning_interface/cmake)
-- Found Boost: /usr/lib/x86_64-linux-gnu/cmake/Boost-1.74.0/BoostConfig.cmake (found version "1.74.0") found components: date_time filesystem program_options system thread 
-- Found Boost: /usr/lib/x86_64-linux-gnu/cmake/Boost-1.74.0/BoostConfig.cmake (found version "1.74.0") found components: chrono date_time filesystem iostreams program_options regex serialization system thread 
-- Found parameter_traits: 0.3.8 (/opt/ros/humble/share/parameter_traits/cmake)
-- Found rclcpp_lifecycle: 16.0.10 (/home/nimesha/ros2_humble/ros2-linux/share/rclcpp_lifecycle/cmake)
-- Found Boost: /usr/lib/x86_64-linux-gnu/cmake/Boost-1.74.0/BoostConfig.cmake (found version "1.74.0") found components: filesystem 
-- library: /usr/lib/x86_64-linux-gnu/libcurl.so
-- Found Boost: /usr/lib/x86_64-linux-gnu/cmake/Boost-1.74.0/BoostConfig.cmake (found version "1.74.0") found components: system filesystem date_time program_options thread chrono 
-- Found Boost: /usr/lib/x86_64-linux-gnu/cmake/Boost-1.74.0/BoostConfig.cmake (found version "1.74.0") found components: thread system filesystem regex date_time program_options 
-- Found Boost: /usr/lib/x86_64-linux-gnu/cmake/Boost-1.74.0/BoostConfig.cmake (found version "1.74.0") found components: system filesystem date_time program_options thread 
-- Found ur_description: 2.1.7 (/opt/ros/humble/share/ur_description/cmake)
-- Found ur_bringup: 2.2.15 (/home/nimesha/Thesis/Unused/moveit_ur5_ws/install/ur_bringup/share/ur_bringup/cmake)
-- Found moveit_ur5_msgs: 0.0.0 (/home/nimesha/Thesis/Unused/moveit_ur5_ws/install/moveit_ur5_msgs/share/moveit_ur5_msgs/cmake)
-- Found ur5_gripper_description: 0.0.0 (/home/nimesha/Thesis/Unused/moveit_ur5_ws/install/ur5_gripper_description/share/ur5_gripper_description/cmake)
-- Found ur5_gripper_moveit_config: 0.0.0 (/home/nimesha/Thesis/Unused/moveit_ur5_ws/install/ur5_gripper_moveit_config/share/ur5_gripper_moveit_config/cmake)
-- Found ament_lint_auto: 0.12.11 (/home/nimesha/ros2_humble/ros2-linux/share/ament_lint_auto/cmake)
-- Added test 'copyright' to check source files copyright and LICENSE
-- Added test 'cppcheck' to perform static code analysis on C / C++ code
-- Configured cppcheck include dirs: /home/nimesha/Thesis/Unused/moveit_ur5_ws/src/ROS2_pick_and_place_UR5/moveit_ur5_interface/include
-- Configured cppcheck exclude dirs and/or files: 
-- Added test 'cpplint' to check C / C++ code against the Google style
-- Configured cpplint exclude dirs and/or files: 
-- Added test 'flake8' to check Python code syntax and style conventions
-- Added test 'lint_cmake' to check CMake code style
-- Added test 'pep257' to check Python code against some of the docstring style conventions in PEP 257
-- Added test 'uncrustify' to check C / C++ code style
-- Configured uncrustify additional arguments: 
-- Added test 'xmllint' to check XML markup files
-- Configuring done
-- Generating done
-- Build files have been written to: /home/nimesha/Thesis/Unused/moveit_ur5_ws/build/moveit_ur5_interface
[ 11%] [32mBuilding CXX object CMakeFiles/moveit_interface.dir/src/moveit_interface.cpp.o[0m
[ 22%] [32mBuilding CXX object CMakeFiles/srvcli.dir/src/moveit_pose_server.cpp.o[0m
[ 33%] [32mBuilding CXX object CMakeFiles/srvcli.dir/src/moveit_pose_client.cpp.o[0m
[01m[K/home/nimesha/Thesis/Unused/moveit_ur5_ws/src/ROS2_pick_and_place_UR5/moveit_ur5_interface/src/moveit_pose_client.cpp:[m[K In member function ‘[01m[Krclcpp::Client<moveit_ur5_msgs::srv::PlanRequest>::SharedFuture moveit_ur5::client::call(const double&, const double&, const double&, const double&, const double&, const double&, const double&)[m[K’:
[01m[K/home/nimesha/Thesis/Unused/moveit_ur5_ws/src/ROS2_pick_and_place_UR5/moveit_ur5_interface/src/moveit_pose_client.cpp:29:24:[m[K [01;31m[Kerror: [m[Kconversion from ‘[01m[Krclcpp::Client<moveit_ur5_msgs::srv::PlanRequest>::SharedFutureAndRequestId[m[K’ to ‘[01m[Krclcpp::Client<moveit_ur5_msgs::srv::PlanRequest>::SharedFuture[m[K’ {aka ‘[01m[Kstd::shared_future<std::shared_ptr<moveit_ur5_msgs::srv::PlanRequest_Response_<std::allocator<void> > > >[m[K’} is ambiguous
   29 |                 return [01;31m[Kresult[m[K;
      |                        [01;31m[K^~~~~~[m[K
In file included from [01m[K/home/nimesha/ros2_humble/ros2-linux/include/rclcpp/rclcpp/callback_group.hpp:24[m[K,
                 from [01m[K/home/nimesha/ros2_humble/ros2-linux/include/rclcpp/rclcpp/any_executable.hpp:20[m[K,
                 from [01m[K/home/nimesha/ros2_humble/ros2-linux/include/rclcpp/rclcpp/memory_strategy.hpp:25[m[K,
                 from [01m[K/home/nimesha/ros2_humble/ros2-linux/include/rclcpp/rclcpp/memory_strategies.hpp:18[m[K,
                 from [01m[K/home/nimesha/ros2_humble/ros2-linux/include/rclcpp/rclcpp/executor_options.hpp:20[m[K,
                 from [01m[K/home/nimesha/ros2_humble/ros2-linux/include/rclcpp/rclcpp/executor.hpp:37[m[K,
                 from [01m[K/home/nimesha/ros2_humble/ros2-linux/include/rclcpp/rclcpp/executors/multi_threaded_executor.hpp:25[m[K,
                 from [01m[K/home/nimesha/ros2_humble/ros2-linux/include/rclcpp/rclcpp/executors.hpp:21[m[K,
                 from [01m[K/home/nimesha/ros2_humble/ros2-linux/include/rclcpp/rclcpp/rclcpp.hpp:155[m[K,
                 from [01m[K/home/nimesha/Thesis/Unused/moveit_ur5_ws/src/ROS2_pick_and_place_UR5/moveit_ur5_interface/include/moveit_ur5_interface/moveit_pose_client.hpp:1[m[K,
                 from [01m[K/home/nimesha/Thesis/Unused/moveit_ur5_ws/src/ROS2_pick_and_place_UR5/moveit_ur5_interface/src/moveit_pose_client.cpp:1[m[K:
[01m[K/home/nimesha/ros2_humble/ros2-linux/include/rclcpp/rclcpp/client.hpp:68:3:[m[K [01;36m[Knote: [m[Kcandidate: ‘[01m[Krclcpp::detail::FutureAndRequestId<FutureT>::operator FutureT&() [with FutureT = std::shared_future<std::shared_ptr<moveit_ur5_msgs::srv::PlanRequest_Response_<std::allocator<void> > > >][m[K’
   68 |   [01;36m[Koperator[m[K FutureT &() {return this->future;}
      |   [01;36m[K^~~~~~~~[m[K
[01m[K/home/nimesha/ros2_humble/ros2-linux/include/rclcpp/rclcpp/client.hpp:76:3:[m[K [01;36m[Knote: [m[Kcandidate: ‘[01m[Krclcpp::detail::FutureAndRequestId<FutureT>::operator FutureT() [with FutureT = std::shared_future<std::shared_ptr<moveit_ur5_msgs::srv::PlanRequest_Response_<std::allocator<void> > > >][m[K’
   76 |   [01;36m[Koperator[m[K FutureT() {return this->future;}
      |   [01;36m[K^~~~~~~~[m[K
[01m[K/home/nimesha/Thesis/Unused/moveit_ur5_ws/src/ROS2_pick_and_place_UR5/moveit_ur5_interface/src/moveit_pose_client.cpp:[m[K In member function ‘[01m[Krclcpp::Client<moveit_ur5_msgs::srv::PlanRequest>::SharedFuture moveit_ur5::client::call(const Pose&)[m[K’:
[01m[K/home/nimesha/Thesis/Unused/moveit_ur5_ws/src/ROS2_pick_and_place_UR5/moveit_ur5_interface/src/moveit_pose_client.cpp:39:24:[m[K [01;31m[Kerror: [m[Kconversion from ‘[01m[Krclcpp::Client<moveit_ur5_msgs::srv::PlanRequest>::SharedFutureAndRequestId[m[K’ to ‘[01m[Krclcpp::Client<moveit_ur5_msgs::srv::PlanRequest>::SharedFuture[m[K’ {aka ‘[01m[Kstd::shared_future<std::shared_ptr<moveit_ur5_msgs::srv::PlanRequest_Response_<std::allocator<void> > > >[m[K’} is ambiguous
   39 |                 return [01;31m[Kresult[m[K;
      |                        [01;31m[K^~~~~~[m[K
In file included from [01m[K/home/nimesha/ros2_humble/ros2-linux/include/rclcpp/rclcpp/callback_group.hpp:24[m[K,
                 from [01m[K/home/nimesha/ros2_humble/ros2-linux/include/rclcpp/rclcpp/any_executable.hpp:20[m[K,
                 from [01m[K/home/nimesha/ros2_humble/ros2-linux/include/rclcpp/rclcpp/memory_strategy.hpp:25[m[K,
                 from [01m[K/home/nimesha/ros2_humble/ros2-linux/include/rclcpp/rclcpp/memory_strategies.hpp:18[m[K,
                 from [01m[K/home/nimesha/ros2_humble/ros2-linux/include/rclcpp/rclcpp/executor_options.hpp:20[m[K,
                 from [01m[K/home/nimesha/ros2_humble/ros2-linux/include/rclcpp/rclcpp/executor.hpp:37[m[K,
                 from [01m[K/home/nimesha/ros2_humble/ros2-linux/include/rclcpp/rclcpp/executors/multi_threaded_executor.hpp:25[m[K,
                 from [01m[K/home/nimesha/ros2_humble/ros2-linux/include/rclcpp/rclcpp/executors.hpp:21[m[K,
                 from [01m[K/home/nimesha/ros2_humble/ros2-linux/include/rclcpp/rclcpp/rclcpp.hpp:155[m[K,
                 from [01m[K/home/nimesha/Thesis/Unused/moveit_ur5_ws/src/ROS2_pick_and_place_UR5/moveit_ur5_interface/include/moveit_ur5_interface/moveit_pose_client.hpp:1[m[K,
                 from [01m[K/home/nimesha/Thesis/Unused/moveit_ur5_ws/src/ROS2_pick_and_place_UR5/moveit_ur5_interface/src/moveit_pose_client.cpp:1[m[K:
[01m[K/home/nimesha/ros2_humble/ros2-linux/include/rclcpp/rclcpp/client.hpp:68:3:[m[K [01;36m[Knote: [m[Kcandidate: ‘[01m[Krclcpp::detail::FutureAndRequestId<FutureT>::operator FutureT&() [with FutureT = std::shared_future<std::shared_ptr<moveit_ur5_msgs::srv::PlanRequest_Response_<std::allocator<void> > > >][m[K’
   68 |   [01;36m[Koperator[m[K FutureT &() {return this->future;}
      |   [01;36m[K^~~~~~~~[m[K
[01m[K/home/nimesha/ros2_humble/ros2-linux/include/rclcpp/rclcpp/client.hpp:76:3:[m[K [01;36m[Knote: [m[Kcandidate: ‘[01m[Krclcpp::detail::FutureAndRequestId<FutureT>::operator FutureT() [with FutureT = std::shared_future<std::shared_ptr<moveit_ur5_msgs::srv::PlanRequest_Response_<std::allocator<void> > > >][m[K’
   76 |   [01;36m[Koperator[m[K FutureT() {return this->future;}
      |   [01;36m[K^~~~~~~~[m[K
gmake[2]: *** [CMakeFiles/srvcli.dir/build.make:90: CMakeFiles/srvcli.dir/src/moveit_pose_client.cpp.o] Error 1
gmake[2]: *** Waiting for unfinished jobs....
gmake[1]: *** [CMakeFiles/Makefile2:143: CMakeFiles/srvcli.dir/all] Error 2
gmake[1]: *** Waiting for unfinished jobs....
[ 44%] [32m[1mLinking CXX executable moveit_interface[0m
[ 44%] Built target moveit_interface
gmake: *** [Makefile:146: all] Error 2
