[0.014s] Invoking command in '/home/nimesha/Thesis/moveit_ur5_v2_ws/build/srdfdom': CMAKE_PREFIX_PATH=${CMAKE_PREFIX_PATH}:/home/nimesha/Thesis/moveit_ur5_v2_ws/install/moveit_configs_utils:/home/nimesha/Thesis/moveit_ur5_v2_ws/install/launch_param_builder:/home/nimesha/Thesis/moveit_ur5_v2_ws/src/ws_moveit/install/moveit_configs_utils:/home/nimesha/Thesis/moveit_ur5_v2_ws/src/ws_moveit/install/launch_param_builder:/opt/ros/humble /usr/bin/cmake /home/nimesha/Thesis/moveit_ur5_v2_ws/src/ws_moveit/src/srdfdom -DCMAKE_INSTALL_PREFIX=/home/nimesha/Thesis/moveit_ur5_v2_ws/install/srdfdom
[0.088s] -- The CXX compiler identification is GNU 11.4.0
[0.222s] -- Detecting CXX compiler ABI info
[0.307s] -- Detecting CXX compiler ABI info - done
[0.311s] -- Check for working CXX compiler: /usr/bin/c++ - skipped
[0.311s] -- Detecting CXX compile features
[0.311s] -- Detecting CXX compile features - done
[0.323s] -- Found Boost: /usr/lib/x86_64-linux-gnu/cmake/Boost-1.74.0/BoostConfig.cmake (found version "1.74.0")  
[0.337s] -- Found ament_cmake: 1.3.10 (/home/nimesha/ros2_humble/ros2-linux/share/ament_cmake/cmake)
[0.447s] -- Found Python3: /usr/bin/python3 (found version "3.10.12") found components: Interpreter 
[0.533s] -- Found urdf: 2.6.0 (/home/nimesha/ros2_humble/ros2-linux/share/urdf/cmake)
[1.282s] -- Found TinyXML2 via Config file: TinyXML2_DIR-NOTFOUND
[1.377s] -- Found ament_cmake_gtest: 1.3.10 (/home/nimesha/ros2_humble/ros2-linux/share/ament_cmake_gtest/cmake)
[1.380s] -- Found ament_cmake_pytest: 1.3.10 (/home/nimesha/ros2_humble/ros2-linux/share/ament_cmake_pytest/cmake)
[1.693s] -- Found gtest sources under '/home/nimesha/ros2_humble/ros2-linux/src/gtest_vendor': C++ tests using 'Google Test' will be built
[1.765s] -- The C compiler identification is GNU 11.4.0
[1.908s] -- Detecting C compiler ABI info
[1.990s] -- Detecting C compiler ABI info - done
[1.993s] -- Check for working C compiler: /usr/bin/cc - skipped
[1.993s] -- Detecting C compile features
[1.994s] -- Detecting C compile features - done
[1.997s] -- Looking for C++ include pthread.h
[2.096s] -- Looking for C++ include pthread.h - found
[2.096s] -- Performing Test CMAKE_HAVE_LIBC_PTHREAD
[2.186s] -- Performing Test CMAKE_HAVE_LIBC_PTHREAD - Success
[2.186s] -- Found Threads: TRUE  
[2.190s] -- Found ament_lint_auto: 0.12.11 (/home/nimesha/ros2_humble/ros2-linux/share/ament_lint_auto/cmake)
[2.561s] -- Configuring done
[2.568s] -- Generating done
[2.568s] -- Build files have been written to: /home/nimesha/Thesis/moveit_ur5_v2_ws/build/srdfdom
[2.573s] Invoked command in '/home/nimesha/Thesis/moveit_ur5_v2_ws/build/srdfdom' returned '0': CMAKE_PREFIX_PATH=${CMAKE_PREFIX_PATH}:/home/nimesha/Thesis/moveit_ur5_v2_ws/install/moveit_configs_utils:/home/nimesha/Thesis/moveit_ur5_v2_ws/install/launch_param_builder:/home/nimesha/Thesis/moveit_ur5_v2_ws/src/ws_moveit/install/moveit_configs_utils:/home/nimesha/Thesis/moveit_ur5_v2_ws/src/ws_moveit/install/launch_param_builder:/opt/ros/humble /usr/bin/cmake /home/nimesha/Thesis/moveit_ur5_v2_ws/src/ws_moveit/src/srdfdom -DCMAKE_INSTALL_PREFIX=/home/nimesha/Thesis/moveit_ur5_v2_ws/install/srdfdom
[2.574s] Invoking command in '/home/nimesha/Thesis/moveit_ur5_v2_ws/build/srdfdom': CMAKE_PREFIX_PATH=${CMAKE_PREFIX_PATH}:/home/nimesha/Thesis/moveit_ur5_v2_ws/install/moveit_configs_utils:/home/nimesha/Thesis/moveit_ur5_v2_ws/install/launch_param_builder:/home/nimesha/Thesis/moveit_ur5_v2_ws/src/ws_moveit/install/moveit_configs_utils:/home/nimesha/Thesis/moveit_ur5_v2_ws/src/ws_moveit/install/launch_param_builder:/opt/ros/humble /usr/bin/cmake --build /home/nimesha/Thesis/moveit_ur5_v2_ws/build/srdfdom -- -j32 -l32
[2.619s] [  9%] [32mBuilding CXX object gtest/CMakeFiles/gtest.dir/src/gtest-all.cc.o[0m
[2.620s] [ 18%] [32mBuilding CXX object gtest/CMakeFiles/gtest_main.dir/src/gtest_main.cc.o[0m
[2.623s] [ 27%] [32mBuilding CXX object CMakeFiles/srdfdom.dir/src/model.cpp.o[0m
[2.623s] [ 36%] [32mBuilding CXX object CMakeFiles/srdfdom.dir/src/srdf_writer.cpp.o[0m
[2.627s] [ 36%] Built target ament_cmake_python_copy_srdfdom
[2.808s] running egg_info
[2.808s] creating srdfdom.egg-info
[2.809s] writing srdfdom.egg-info/PKG-INFO
[2.809s] writing dependency_links to srdfdom.egg-info/dependency_links.txt
[2.809s] writing top-level names to srdfdom.egg-info/top_level.txt
[2.809s] writing manifest file 'srdfdom.egg-info/SOURCES.txt'
[2.810s] reading manifest file 'srdfdom.egg-info/SOURCES.txt'
[2.810s] writing manifest file 'srdfdom.egg-info/SOURCES.txt'
[2.831s] [ 36%] Built target ament_cmake_python_build_srdfdom_egg
[3.140s] [ 45%] [32m[1mLinking CXX static library libgtest_main.a[0m
[3.192s] [ 45%] Built target gtest_main
[3.728s] [ 54%] [32m[1mLinking CXX shared library libsrdfdom.so[0m
[3.832s] [ 54%] Built target srdfdom
[4.325s] [ 63%] [32m[1mLinking CXX static library libgtest.a[0m
[4.378s] [ 63%] Built target gtest
[4.397s] [ 72%] [32mBuilding CXX object CMakeFiles/test_cpp_nl_NL.UTF-8.dir/test/test_parser.cpp.o[0m
[4.397s] [ 81%] [32mBuilding CXX object CMakeFiles/test_cpp_C.dir/test/test_parser.cpp.o[0m
[5.240s] [ 90%] [32m[1mLinking CXX executable test_cpp_C[0m
[5.243s] [100%] [32m[1mLinking CXX executable test_cpp_nl_NL.UTF-8[0m
[5.342s] [100%] Built target test_cpp_nl_NL.UTF-8
[5.351s] [100%] Built target test_cpp_C
[5.358s] Invoked command in '/home/nimesha/Thesis/moveit_ur5_v2_ws/build/srdfdom' returned '0': CMAKE_PREFIX_PATH=${CMAKE_PREFIX_PATH}:/home/nimesha/Thesis/moveit_ur5_v2_ws/install/moveit_configs_utils:/home/nimesha/Thesis/moveit_ur5_v2_ws/install/launch_param_builder:/home/nimesha/Thesis/moveit_ur5_v2_ws/src/ws_moveit/install/moveit_configs_utils:/home/nimesha/Thesis/moveit_ur5_v2_ws/src/ws_moveit/install/launch_param_builder:/opt/ros/humble /usr/bin/cmake --build /home/nimesha/Thesis/moveit_ur5_v2_ws/build/srdfdom -- -j32 -l32
[5.424s] Invoking command in '/home/nimesha/Thesis/moveit_ur5_v2_ws/build/srdfdom': CMAKE_PREFIX_PATH=${CMAKE_PREFIX_PATH}:/home/nimesha/Thesis/moveit_ur5_v2_ws/install/moveit_configs_utils:/home/nimesha/Thesis/moveit_ur5_v2_ws/install/launch_param_builder:/home/nimesha/Thesis/moveit_ur5_v2_ws/src/ws_moveit/install/moveit_configs_utils:/home/nimesha/Thesis/moveit_ur5_v2_ws/src/ws_moveit/install/launch_param_builder:/opt/ros/humble /usr/bin/cmake --install /home/nimesha/Thesis/moveit_ur5_v2_ws/build/srdfdom
[5.429s] -- Install configuration: ""
[5.430s] -- Installing: /home/nimesha/Thesis/moveit_ur5_v2_ws/install/srdfdom/lib/libsrdfdom.so.2.0.4
[5.430s] -- Set runtime path of "/home/nimesha/Thesis/moveit_ur5_v2_ws/install/srdfdom/lib/libsrdfdom.so.2.0.4" to ""
[5.430s] -- Installing: /home/nimesha/Thesis/moveit_ur5_v2_ws/install/srdfdom/lib/libsrdfdom.so
[5.430s] -- Installing: /home/nimesha/Thesis/moveit_ur5_v2_ws/install/srdfdom/include/srdfdom
[5.430s] -- Installing: /home/nimesha/Thesis/moveit_ur5_v2_ws/install/srdfdom/include/srdfdom/srdf_writer.h
[5.430s] -- Installing: /home/nimesha/Thesis/moveit_ur5_v2_ws/install/srdfdom/include/srdfdom/model.h
[5.431s] -- Installing: /home/nimesha/Thesis/moveit_ur5_v2_ws/install/srdfdom/include/srdfdom/visibility_control.h
[5.431s] -- Installing: /home/nimesha/Thesis/moveit_ur5_v2_ws/install/srdfdom/lib/srdfdom/display_srdf
[5.432s] -- Installing: /home/nimesha/Thesis/moveit_ur5_v2_ws/install/srdfdom/share/srdfdom/environment/pythonpath.sh
[5.432s] -- Installing: /home/nimesha/Thesis/moveit_ur5_v2_ws/install/srdfdom/share/srdfdom/environment/pythonpath.dsv
[5.432s] -- Installing: /home/nimesha/Thesis/moveit_ur5_v2_ws/install/srdfdom/local/lib/python3.10/dist-packages/srdfdom-2.0.4-py3.10.egg-info
[5.432s] -- Installing: /home/nimesha/Thesis/moveit_ur5_v2_ws/install/srdfdom/local/lib/python3.10/dist-packages/srdfdom-2.0.4-py3.10.egg-info/SOURCES.txt
[5.432s] -- Installing: /home/nimesha/Thesis/moveit_ur5_v2_ws/install/srdfdom/local/lib/python3.10/dist-packages/srdfdom-2.0.4-py3.10.egg-info/PKG-INFO
[5.432s] -- Installing: /home/nimesha/Thesis/moveit_ur5_v2_ws/install/srdfdom/local/lib/python3.10/dist-packages/srdfdom-2.0.4-py3.10.egg-info/dependency_links.txt
[5.432s] -- Installing: /home/nimesha/Thesis/moveit_ur5_v2_ws/install/srdfdom/local/lib/python3.10/dist-packages/srdfdom-2.0.4-py3.10.egg-info/top_level.txt
[5.432s] -- Installing: /home/nimesha/Thesis/moveit_ur5_v2_ws/install/srdfdom/local/lib/python3.10/dist-packages/srdfdom
[5.432s] -- Installing: /home/nimesha/Thesis/moveit_ur5_v2_ws/install/srdfdom/local/lib/python3.10/dist-packages/srdfdom/__init__.py
[5.432s] -- Installing: /home/nimesha/Thesis/moveit_ur5_v2_ws/install/srdfdom/local/lib/python3.10/dist-packages/srdfdom/srdf.py
[5.457s] Listing '/home/nimesha/Thesis/moveit_ur5_v2_ws/install/srdfdom/local/lib/python3.10/dist-packages/srdfdom'...
[5.457s] Compiling '/home/nimesha/Thesis/moveit_ur5_v2_ws/install/srdfdom/local/lib/python3.10/dist-packages/srdfdom/__init__.py'...
[5.457s] Compiling '/home/nimesha/Thesis/moveit_ur5_v2_ws/install/srdfdom/local/lib/python3.10/dist-packages/srdfdom/srdf.py'...
[5.460s] -- Installing: /home/nimesha/Thesis/moveit_ur5_v2_ws/install/srdfdom/share/srdfdom/environment/library_path.sh
[5.460s] -- Installing: /home/nimesha/Thesis/moveit_ur5_v2_ws/install/srdfdom/share/srdfdom/environment/library_path.dsv
[5.461s] -- Installing: /home/nimesha/Thesis/moveit_ur5_v2_ws/install/srdfdom/share/ament_index/resource_index/package_run_dependencies/srdfdom
[5.461s] -- Installing: /home/nimesha/Thesis/moveit_ur5_v2_ws/install/srdfdom/share/ament_index/resource_index/parent_prefix_path/srdfdom
[5.461s] -- Installing: /home/nimesha/Thesis/moveit_ur5_v2_ws/install/srdfdom/share/srdfdom/environment/ament_prefix_path.sh
[5.461s] -- Installing: /home/nimesha/Thesis/moveit_ur5_v2_ws/install/srdfdom/share/srdfdom/environment/ament_prefix_path.dsv
[5.461s] -- Installing: /home/nimesha/Thesis/moveit_ur5_v2_ws/install/srdfdom/share/srdfdom/environment/path.sh
[5.461s] -- Installing: /home/nimesha/Thesis/moveit_ur5_v2_ws/install/srdfdom/share/srdfdom/environment/path.dsv
[5.461s] -- Installing: /home/nimesha/Thesis/moveit_ur5_v2_ws/install/srdfdom/share/srdfdom/local_setup.bash
[5.461s] -- Installing: /home/nimesha/Thesis/moveit_ur5_v2_ws/install/srdfdom/share/srdfdom/local_setup.sh
[5.461s] -- Installing: /home/nimesha/Thesis/moveit_ur5_v2_ws/install/srdfdom/share/srdfdom/local_setup.zsh
[5.461s] -- Installing: /home/nimesha/Thesis/moveit_ur5_v2_ws/install/srdfdom/share/srdfdom/local_setup.dsv
[5.461s] -- Installing: /home/nimesha/Thesis/moveit_ur5_v2_ws/install/srdfdom/share/srdfdom/package.dsv
[5.461s] -- Installing: /home/nimesha/Thesis/moveit_ur5_v2_ws/install/srdfdom/share/ament_index/resource_index/packages/srdfdom
[5.462s] -- Installing: /home/nimesha/Thesis/moveit_ur5_v2_ws/install/srdfdom/share/srdfdom/cmake/srdfdomTargetsExport.cmake
[5.462s] -- Installing: /home/nimesha/Thesis/moveit_ur5_v2_ws/install/srdfdom/share/srdfdom/cmake/srdfdomTargetsExport-noconfig.cmake
[5.462s] -- Installing: /home/nimesha/Thesis/moveit_ur5_v2_ws/install/srdfdom/share/srdfdom/cmake/ament_cmake_export_targets-extras.cmake
[5.462s] -- Installing: /home/nimesha/Thesis/moveit_ur5_v2_ws/install/srdfdom/share/srdfdom/cmake/ament_cmake_export_dependencies-extras.cmake
[5.462s] -- Installing: /home/nimesha/Thesis/moveit_ur5_v2_ws/install/srdfdom/share/srdfdom/cmake/srdfdomConfig.cmake
[5.462s] -- Installing: /home/nimesha/Thesis/moveit_ur5_v2_ws/install/srdfdom/share/srdfdom/cmake/srdfdomConfig-version.cmake
[5.462s] -- Installing: /home/nimesha/Thesis/moveit_ur5_v2_ws/install/srdfdom/share/srdfdom/package.xml
[5.463s] Invoked command in '/home/nimesha/Thesis/moveit_ur5_v2_ws/build/srdfdom' returned '0': CMAKE_PREFIX_PATH=${CMAKE_PREFIX_PATH}:/home/nimesha/Thesis/moveit_ur5_v2_ws/install/moveit_configs_utils:/home/nimesha/Thesis/moveit_ur5_v2_ws/install/launch_param_builder:/home/nimesha/Thesis/moveit_ur5_v2_ws/src/ws_moveit/install/moveit_configs_utils:/home/nimesha/Thesis/moveit_ur5_v2_ws/src/ws_moveit/install/launch_param_builder:/opt/ros/humble /usr/bin/cmake --install /home/nimesha/Thesis/moveit_ur5_v2_ws/build/srdfdom
