[0.014s] Invoking command in '/home/nimesha/Thesis/moveit_ur5_ws/build/robotiq_2f_140_gripper_visualization': CMAKE_PREFIX_PATH=${CMAKE_PREFIX_PATH}:/home/nimesha/Thesis/moveit_ur5_ws/install/moveit_configs_utils:/home/nimesha/Thesis/moveit_ur5_ws/install/launch_param_builder:/home/nimesha/Thesis/moveit_ur5_v2_ws/install/moveit_configs_utils:/home/nimesha/Thesis/moveit_ur5_v2_ws/install/launch_param_builder:/home/nimesha/Thesis/moveit_ur5_v2_ws/src/ws_moveit/install/moveit_configs_utils:/home/nimesha/Thesis/moveit_ur5_v2_ws/src/ws_moveit/install/launch_param_builder:/opt/ros/humble /usr/bin/cmake /home/nimesha/Thesis/moveit_ur5_ws/src/UR5e_robotiq_gripper_RViz/UR5e_with_2F_140_robotiq_gripper_RViz/robotiq_2f_140_gripper_visualization -DCMAKE_INSTALL_PREFIX=/home/nimesha/Thesis/moveit_ur5_ws/install/robotiq_2f_140_gripper_visualization
[0.082s] -- The C compiler identification is GNU 11.4.0
[0.270s] -- The CXX compiler identification is GNU 11.4.0
[0.388s] -- Detecting C compiler ABI info
[0.474s] -- Detecting C compiler ABI info - done
[0.479s] -- Check for working C compiler: /usr/bin/cc - skipped
[0.479s] -- Detecting C compile features
[0.479s] -- Detecting C compile features - done
[0.481s] -- Detecting CXX compiler ABI info
[0.570s] -- Detecting CXX compiler ABI info - done
[0.575s] -- Check for working CXX compiler: /usr/bin/c++ - skipped
[0.575s] -- Detecting CXX compile features
[0.575s] -- Detecting CXX compile features - done
[0.576s] -- Found ament_cmake: 1.3.10 (/home/nimesha/ros2_humble/ros2-linux/share/ament_cmake/cmake)
[0.688s] -- Found Python3: /usr/bin/python3 (found version "3.10.12") found components: Interpreter 
[0.761s] -- Found rclcpp: 16.0.10 (/home/nimesha/ros2_humble/ros2-linux/share/rclcpp/cmake)
[0.855s] -- Found rosidl_generator_c: 3.1.5 (/home/nimesha/ros2_humble/ros2-linux/share/rosidl_generator_c/cmake)
[0.858s] -- Found rosidl_adapter: 3.1.5 (/home/nimesha/ros2_humble/ros2-linux/share/rosidl_adapter/cmake)
[0.862s] -- Found rosidl_generator_cpp: 3.1.5 (/home/nimesha/ros2_humble/ros2-linux/share/rosidl_generator_cpp/cmake)
[0.874s] -- Using all available rosidl_typesupport_c: rosidl_typesupport_fastrtps_c;rosidl_typesupport_introspection_c
[0.889s] -- Using all available rosidl_typesupport_cpp: rosidl_typesupport_fastrtps_cpp;rosidl_typesupport_introspection_cpp
[0.951s] -- Found rmw_implementation_cmake: 6.1.2 (/home/nimesha/ros2_humble/ros2-linux/share/rmw_implementation_cmake/cmake)
[0.962s] -- Found rmw_fastrtps_cpp: 6.2.7 (/home/nimesha/ros2_humble/ros2-linux/share/rmw_fastrtps_cpp/cmake)
[1.568s] -- Found OpenSSL: /usr/lib/x86_64-linux-gnu/libcrypto.so (found version "3.0.2")  
[2.122s] -- Found FastRTPS: /home/nimesha/ros2_humble/ros2-linux/include  
[3.120s] -- Using RMW implementation 'rmw_fastrtps_cpp' as default
[3.138s] -- Looking for pthread.h
[3.217s] -- Looking for pthread.h - found
[3.218s] -- Performing Test CMAKE_HAVE_LIBC_PTHREAD
[3.295s] -- Performing Test CMAKE_HAVE_LIBC_PTHREAD - Success
[3.296s] -- Found Threads: TRUE  
[3.337s] -- Found std_msgs: 4.2.4 (/home/nimesha/ros2_humble/ros2-linux/share/std_msgs/cmake)
[3.382s] -- Configuring done
[3.385s] -- Generating done
[3.385s] -- Build files have been written to: /home/nimesha/Thesis/moveit_ur5_ws/build/robotiq_2f_140_gripper_visualization
[3.391s] Invoked command in '/home/nimesha/Thesis/moveit_ur5_ws/build/robotiq_2f_140_gripper_visualization' returned '0': CMAKE_PREFIX_PATH=${CMAKE_PREFIX_PATH}:/home/nimesha/Thesis/moveit_ur5_ws/install/moveit_configs_utils:/home/nimesha/Thesis/moveit_ur5_ws/install/launch_param_builder:/home/nimesha/Thesis/moveit_ur5_v2_ws/install/moveit_configs_utils:/home/nimesha/Thesis/moveit_ur5_v2_ws/install/launch_param_builder:/home/nimesha/Thesis/moveit_ur5_v2_ws/src/ws_moveit/install/moveit_configs_utils:/home/nimesha/Thesis/moveit_ur5_v2_ws/src/ws_moveit/install/launch_param_builder:/opt/ros/humble /usr/bin/cmake /home/nimesha/Thesis/moveit_ur5_ws/src/UR5e_robotiq_gripper_RViz/UR5e_with_2F_140_robotiq_gripper_RViz/robotiq_2f_140_gripper_visualization -DCMAKE_INSTALL_PREFIX=/home/nimesha/Thesis/moveit_ur5_ws/install/robotiq_2f_140_gripper_visualization
[3.391s] Invoking command in '/home/nimesha/Thesis/moveit_ur5_ws/build/robotiq_2f_140_gripper_visualization': CMAKE_PREFIX_PATH=${CMAKE_PREFIX_PATH}:/home/nimesha/Thesis/moveit_ur5_ws/install/moveit_configs_utils:/home/nimesha/Thesis/moveit_ur5_ws/install/launch_param_builder:/home/nimesha/Thesis/moveit_ur5_v2_ws/install/moveit_configs_utils:/home/nimesha/Thesis/moveit_ur5_v2_ws/install/launch_param_builder:/home/nimesha/Thesis/moveit_ur5_v2_ws/src/ws_moveit/install/moveit_configs_utils:/home/nimesha/Thesis/moveit_ur5_v2_ws/src/ws_moveit/install/launch_param_builder:/opt/ros/humble /usr/bin/cmake --build /home/nimesha/Thesis/moveit_ur5_ws/build/robotiq_2f_140_gripper_visualization -- -j32 -l32
[3.416s] Invoked command in '/home/nimesha/Thesis/moveit_ur5_ws/build/robotiq_2f_140_gripper_visualization' returned '0': CMAKE_PREFIX_PATH=${CMAKE_PREFIX_PATH}:/home/nimesha/Thesis/moveit_ur5_ws/install/moveit_configs_utils:/home/nimesha/Thesis/moveit_ur5_ws/install/launch_param_builder:/home/nimesha/Thesis/moveit_ur5_v2_ws/install/moveit_configs_utils:/home/nimesha/Thesis/moveit_ur5_v2_ws/install/launch_param_builder:/home/nimesha/Thesis/moveit_ur5_v2_ws/src/ws_moveit/install/moveit_configs_utils:/home/nimesha/Thesis/moveit_ur5_v2_ws/src/ws_moveit/install/launch_param_builder:/opt/ros/humble /usr/bin/cmake --build /home/nimesha/Thesis/moveit_ur5_ws/build/robotiq_2f_140_gripper_visualization -- -j32 -l32
[3.446s] Invoking command in '/home/nimesha/Thesis/moveit_ur5_ws/build/robotiq_2f_140_gripper_visualization': CMAKE_PREFIX_PATH=${CMAKE_PREFIX_PATH}:/home/nimesha/Thesis/moveit_ur5_ws/install/moveit_configs_utils:/home/nimesha/Thesis/moveit_ur5_ws/install/launch_param_builder:/home/nimesha/Thesis/moveit_ur5_v2_ws/install/moveit_configs_utils:/home/nimesha/Thesis/moveit_ur5_v2_ws/install/launch_param_builder:/home/nimesha/Thesis/moveit_ur5_v2_ws/src/ws_moveit/install/moveit_configs_utils:/home/nimesha/Thesis/moveit_ur5_v2_ws/src/ws_moveit/install/launch_param_builder:/opt/ros/humble /usr/bin/cmake --install /home/nimesha/Thesis/moveit_ur5_ws/build/robotiq_2f_140_gripper_visualization
[3.450s] -- Install configuration: ""
[3.450s] -- Installing: /home/nimesha/Thesis/moveit_ur5_ws/install/robotiq_2f_140_gripper_visualization/share/robotiq_2f_140_gripper_visualization/urdf
[3.450s] -- Installing: /home/nimesha/Thesis/moveit_ur5_ws/install/robotiq_2f_140_gripper_visualization/share/robotiq_2f_140_gripper_visualization/urdf/robotiq_arg2f_140_model.xacro
[3.450s] -- Installing: /home/nimesha/Thesis/moveit_ur5_ws/install/robotiq_2f_140_gripper_visualization/share/robotiq_2f_140_gripper_visualization/urdf/robotiq_arg2f.xacro
[3.451s] -- Installing: /home/nimesha/Thesis/moveit_ur5_ws/install/robotiq_2f_140_gripper_visualization/share/robotiq_2f_140_gripper_visualization/urdf/robotiq_arg2f_transmission.xacro
[3.451s] -- Installing: /home/nimesha/Thesis/moveit_ur5_ws/install/robotiq_2f_140_gripper_visualization/share/robotiq_2f_140_gripper_visualization/urdf/robotiq_arg2f_140_model_macro.xacro
[3.451s] -- Installing: /home/nimesha/Thesis/moveit_ur5_ws/install/robotiq_2f_140_gripper_visualization/share/robotiq_2f_140_gripper_visualization/meshes
[3.451s] -- Installing: /home/nimesha/Thesis/moveit_ur5_ws/install/robotiq_2f_140_gripper_visualization/share/robotiq_2f_140_gripper_visualization/meshes/collision
[3.451s] -- Installing: /home/nimesha/Thesis/moveit_ur5_ws/install/robotiq_2f_140_gripper_visualization/share/robotiq_2f_140_gripper_visualization/meshes/collision/robotiq_arg2f_base_link.stl
[3.451s] -- Installing: /home/nimesha/Thesis/moveit_ur5_ws/install/robotiq_2f_140_gripper_visualization/share/robotiq_2f_140_gripper_visualization/meshes/collision/robotiq_arg2f_140_inner_finger.stl
[3.451s] -- Installing: /home/nimesha/Thesis/moveit_ur5_ws/install/robotiq_2f_140_gripper_visualization/share/robotiq_2f_140_gripper_visualization/meshes/collision/robotiq_arg2f_140_outer_finger.stl
[3.451s] -- Installing: /home/nimesha/Thesis/moveit_ur5_ws/install/robotiq_2f_140_gripper_visualization/share/robotiq_2f_140_gripper_visualization/meshes/collision/robotiq_arg2f_140_inner_knuckle.stl
[3.451s] -- Installing: /home/nimesha/Thesis/moveit_ur5_ws/install/robotiq_2f_140_gripper_visualization/share/robotiq_2f_140_gripper_visualization/meshes/collision/robotiq_arg2f_coupling.stl
[3.451s] -- Installing: /home/nimesha/Thesis/moveit_ur5_ws/install/robotiq_2f_140_gripper_visualization/share/robotiq_2f_140_gripper_visualization/meshes/collision/robotiq_arg2f_140_outer_knuckle.stl
[3.451s] -- Installing: /home/nimesha/Thesis/moveit_ur5_ws/install/robotiq_2f_140_gripper_visualization/share/robotiq_2f_140_gripper_visualization/meshes/visual
[3.451s] -- Installing: /home/nimesha/Thesis/moveit_ur5_ws/install/robotiq_2f_140_gripper_visualization/share/robotiq_2f_140_gripper_visualization/meshes/visual/robotiq_arg2f_base_link.stl
[3.456s] -- Installing: /home/nimesha/Thesis/moveit_ur5_ws/install/robotiq_2f_140_gripper_visualization/share/robotiq_2f_140_gripper_visualization/meshes/visual/robotiq_arg2f_140_inner_finger.stl
[3.456s] -- Installing: /home/nimesha/Thesis/moveit_ur5_ws/install/robotiq_2f_140_gripper_visualization/share/robotiq_2f_140_gripper_visualization/meshes/visual/robotiq_arg2f_140_outer_finger.stl
[3.456s] -- Installing: /home/nimesha/Thesis/moveit_ur5_ws/install/robotiq_2f_140_gripper_visualization/share/robotiq_2f_140_gripper_visualization/meshes/visual/robotiq_arg2f_140_inner_knuckle.stl
[3.456s] -- Installing: /home/nimesha/Thesis/moveit_ur5_ws/install/robotiq_2f_140_gripper_visualization/share/robotiq_2f_140_gripper_visualization/meshes/visual/robotiq_arg2f_coupling.stl
[3.457s] -- Installing: /home/nimesha/Thesis/moveit_ur5_ws/install/robotiq_2f_140_gripper_visualization/share/robotiq_2f_140_gripper_visualization/meshes/visual/robotiq_arg2f_140_outer_knuckle.stl
[3.457s] -- Installing: /home/nimesha/Thesis/moveit_ur5_ws/install/robotiq_2f_140_gripper_visualization/share/ament_index/resource_index/package_run_dependencies/robotiq_2f_140_gripper_visualization
[3.457s] -- Installing: /home/nimesha/Thesis/moveit_ur5_ws/install/robotiq_2f_140_gripper_visualization/share/ament_index/resource_index/parent_prefix_path/robotiq_2f_140_gripper_visualization
[3.457s] -- Installing: /home/nimesha/Thesis/moveit_ur5_ws/install/robotiq_2f_140_gripper_visualization/share/robotiq_2f_140_gripper_visualization/environment/ament_prefix_path.sh
[3.458s] -- Installing: /home/nimesha/Thesis/moveit_ur5_ws/install/robotiq_2f_140_gripper_visualization/share/robotiq_2f_140_gripper_visualization/environment/ament_prefix_path.dsv
[3.458s] -- Installing: /home/nimesha/Thesis/moveit_ur5_ws/install/robotiq_2f_140_gripper_visualization/share/robotiq_2f_140_gripper_visualization/environment/path.sh
[3.458s] -- Installing: /home/nimesha/Thesis/moveit_ur5_ws/install/robotiq_2f_140_gripper_visualization/share/robotiq_2f_140_gripper_visualization/environment/path.dsv
[3.458s] -- Installing: /home/nimesha/Thesis/moveit_ur5_ws/install/robotiq_2f_140_gripper_visualization/share/robotiq_2f_140_gripper_visualization/local_setup.bash
[3.458s] -- Installing: /home/nimesha/Thesis/moveit_ur5_ws/install/robotiq_2f_140_gripper_visualization/share/robotiq_2f_140_gripper_visualization/local_setup.sh
[3.458s] -- Installing: /home/nimesha/Thesis/moveit_ur5_ws/install/robotiq_2f_140_gripper_visualization/share/robotiq_2f_140_gripper_visualization/local_setup.zsh
[3.458s] -- Installing: /home/nimesha/Thesis/moveit_ur5_ws/install/robotiq_2f_140_gripper_visualization/share/robotiq_2f_140_gripper_visualization/local_setup.dsv
[3.458s] -- Installing: /home/nimesha/Thesis/moveit_ur5_ws/install/robotiq_2f_140_gripper_visualization/share/robotiq_2f_140_gripper_visualization/package.dsv
[3.458s] -- Installing: /home/nimesha/Thesis/moveit_ur5_ws/install/robotiq_2f_140_gripper_visualization/share/ament_index/resource_index/packages/robotiq_2f_140_gripper_visualization
[3.459s] -- Installing: /home/nimesha/Thesis/moveit_ur5_ws/install/robotiq_2f_140_gripper_visualization/share/robotiq_2f_140_gripper_visualization/cmake/robotiq_2f_140_gripper_visualizationConfig.cmake
[3.459s] -- Installing: /home/nimesha/Thesis/moveit_ur5_ws/install/robotiq_2f_140_gripper_visualization/share/robotiq_2f_140_gripper_visualization/cmake/robotiq_2f_140_gripper_visualizationConfig-version.cmake
[3.459s] -- Installing: /home/nimesha/Thesis/moveit_ur5_ws/install/robotiq_2f_140_gripper_visualization/share/robotiq_2f_140_gripper_visualization/package.xml
[3.459s] Invoked command in '/home/nimesha/Thesis/moveit_ur5_ws/build/robotiq_2f_140_gripper_visualization' returned '0': CMAKE_PREFIX_PATH=${CMAKE_PREFIX_PATH}:/home/nimesha/Thesis/moveit_ur5_ws/install/moveit_configs_utils:/home/nimesha/Thesis/moveit_ur5_ws/install/launch_param_builder:/home/nimesha/Thesis/moveit_ur5_v2_ws/install/moveit_configs_utils:/home/nimesha/Thesis/moveit_ur5_v2_ws/install/launch_param_builder:/home/nimesha/Thesis/moveit_ur5_v2_ws/src/ws_moveit/install/moveit_configs_utils:/home/nimesha/Thesis/moveit_ur5_v2_ws/src/ws_moveit/install/launch_param_builder:/opt/ros/humble /usr/bin/cmake --install /home/nimesha/Thesis/moveit_ur5_ws/build/robotiq_2f_140_gripper_visualization
