[0.101s] Invoking command in '/home/nimesha/Thesis/moveit_ur5_v2_ws/build/moveit_resources_fanuc_description': CMAKE_PREFIX_PATH=${CMAKE_PREFIX_PATH}:/home/nimesha/Thesis/moveit_ur5_v2_ws/install/moveit_configs_utils:/home/nimesha/Thesis/moveit_ur5_v2_ws/install/launch_param_builder:/home/nimesha/Thesis/moveit_ur5_v2_ws/src/ws_moveit/install/moveit_configs_utils:/home/nimesha/Thesis/moveit_ur5_v2_ws/src/ws_moveit/install/launch_param_builder:/opt/ros/humble /usr/bin/cmake --build /home/nimesha/Thesis/moveit_ur5_v2_ws/build/moveit_resources_fanuc_description -- -j32 -l32
[0.380s] Invoked command in '/home/nimesha/Thesis/moveit_ur5_v2_ws/build/moveit_resources_fanuc_description' returned '0': CMAKE_PREFIX_PATH=${CMAKE_PREFIX_PATH}:/home/nimesha/Thesis/moveit_ur5_v2_ws/install/moveit_configs_utils:/home/nimesha/Thesis/moveit_ur5_v2_ws/install/launch_param_builder:/home/nimesha/Thesis/moveit_ur5_v2_ws/src/ws_moveit/install/moveit_configs_utils:/home/nimesha/Thesis/moveit_ur5_v2_ws/src/ws_moveit/install/launch_param_builder:/opt/ros/humble /usr/bin/cmake --build /home/nimesha/Thesis/moveit_ur5_v2_ws/build/moveit_resources_fanuc_description -- -j32 -l32
[0.440s] Invoking command in '/home/nimesha/Thesis/moveit_ur5_v2_ws/build/moveit_resources_fanuc_description': CMAKE_PREFIX_PATH=${CMAKE_PREFIX_PATH}:/home/nimesha/Thesis/moveit_ur5_v2_ws/install/moveit_configs_utils:/home/nimesha/Thesis/moveit_ur5_v2_ws/install/launch_param_builder:/home/nimesha/Thesis/moveit_ur5_v2_ws/src/ws_moveit/install/moveit_configs_utils:/home/nimesha/Thesis/moveit_ur5_v2_ws/src/ws_moveit/install/launch_param_builder:/opt/ros/humble /usr/bin/cmake --install /home/nimesha/Thesis/moveit_ur5_v2_ws/build/moveit_resources_fanuc_description
[0.470s] -- Install configuration: ""
[0.470s] -- Up-to-date: /home/nimesha/Thesis/moveit_ur5_v2_ws/install/moveit_resources_fanuc_description/share/ament_index/resource_index/package_run_dependencies/moveit_resources_fanuc_description
[0.470s] -- Up-to-date: /home/nimesha/Thesis/moveit_ur5_v2_ws/install/moveit_resources_fanuc_description/share/ament_index/resource_index/parent_prefix_path/moveit_resources_fanuc_description
[0.470s] -- Up-to-date: /home/nimesha/Thesis/moveit_ur5_v2_ws/install/moveit_resources_fanuc_description/share/moveit_resources_fanuc_description/environment/ament_prefix_path.sh
[0.470s] -- Up-to-date: /home/nimesha/Thesis/moveit_ur5_v2_ws/install/moveit_resources_fanuc_description/share/moveit_resources_fanuc_description/environment/ament_prefix_path.dsv
[0.470s] -- Up-to-date: /home/nimesha/Thesis/moveit_ur5_v2_ws/install/moveit_resources_fanuc_description/share/moveit_resources_fanuc_description/environment/path.sh
[0.470s] -- Up-to-date: /home/nimesha/Thesis/moveit_ur5_v2_ws/install/moveit_resources_fanuc_description/share/moveit_resources_fanuc_description/environment/path.dsv
[0.470s] -- Up-to-date: /home/nimesha/Thesis/moveit_ur5_v2_ws/install/moveit_resources_fanuc_description/share/moveit_resources_fanuc_description/local_setup.bash
[0.470s] -- Up-to-date: /home/nimesha/Thesis/moveit_ur5_v2_ws/install/moveit_resources_fanuc_description/share/moveit_resources_fanuc_description/local_setup.sh
[0.470s] -- Up-to-date: /home/nimesha/Thesis/moveit_ur5_v2_ws/install/moveit_resources_fanuc_description/share/moveit_resources_fanuc_description/local_setup.zsh
[0.471s] -- Up-to-date: /home/nimesha/Thesis/moveit_ur5_v2_ws/install/moveit_resources_fanuc_description/share/moveit_resources_fanuc_description/local_setup.dsv
[0.471s] -- Installing: /home/nimesha/Thesis/moveit_ur5_v2_ws/install/moveit_resources_fanuc_description/share/moveit_resources_fanuc_description/package.dsv
[0.471s] -- Up-to-date: /home/nimesha/Thesis/moveit_ur5_v2_ws/install/moveit_resources_fanuc_description/share/ament_index/resource_index/packages/moveit_resources_fanuc_description
[0.471s] -- Up-to-date: /home/nimesha/Thesis/moveit_ur5_v2_ws/install/moveit_resources_fanuc_description/share/moveit_resources_fanuc_description/cmake/moveit_resources_fanuc_descriptionConfig.cmake
[0.471s] -- Up-to-date: /home/nimesha/Thesis/moveit_ur5_v2_ws/install/moveit_resources_fanuc_description/share/moveit_resources_fanuc_description/cmake/moveit_resources_fanuc_descriptionConfig-version.cmake
[0.471s] -- Up-to-date: /home/nimesha/Thesis/moveit_ur5_v2_ws/install/moveit_resources_fanuc_description/share/moveit_resources_fanuc_description/package.xml
[0.471s] -- Up-to-date: /home/nimesha/Thesis/moveit_ur5_v2_ws/install/moveit_resources_fanuc_description/share/moveit_resources_fanuc_description/meshes
[0.471s] -- Up-to-date: /home/nimesha/Thesis/moveit_ur5_v2_ws/install/moveit_resources_fanuc_description/share/moveit_resources_fanuc_description/meshes/collision
[0.472s] -- Up-to-date: /home/nimesha/Thesis/moveit_ur5_v2_ws/install/moveit_resources_fanuc_description/share/moveit_resources_fanuc_description/meshes/collision/link_6.stl
[0.472s] -- Up-to-date: /home/nimesha/Thesis/moveit_ur5_v2_ws/install/moveit_resources_fanuc_description/share/moveit_resources_fanuc_description/meshes/collision/link_2.stl
[0.472s] -- Up-to-date: /home/nimesha/Thesis/moveit_ur5_v2_ws/install/moveit_resources_fanuc_description/share/moveit_resources_fanuc_description/meshes/collision/link_5.stl
[0.472s] -- Up-to-date: /home/nimesha/Thesis/moveit_ur5_v2_ws/install/moveit_resources_fanuc_description/share/moveit_resources_fanuc_description/meshes/collision/link_4.stl
[0.472s] -- Up-to-date: /home/nimesha/Thesis/moveit_ur5_v2_ws/install/moveit_resources_fanuc_description/share/moveit_resources_fanuc_description/meshes/collision/link_3.stl
[0.472s] -- Up-to-date: /home/nimesha/Thesis/moveit_ur5_v2_ws/install/moveit_resources_fanuc_description/share/moveit_resources_fanuc_description/meshes/collision/link_1.stl
[0.472s] -- Up-to-date: /home/nimesha/Thesis/moveit_ur5_v2_ws/install/moveit_resources_fanuc_description/share/moveit_resources_fanuc_description/meshes/collision/base_link.stl
[0.472s] -- Up-to-date: /home/nimesha/Thesis/moveit_ur5_v2_ws/install/moveit_resources_fanuc_description/share/moveit_resources_fanuc_description/meshes/visual
[0.472s] -- Up-to-date: /home/nimesha/Thesis/moveit_ur5_v2_ws/install/moveit_resources_fanuc_description/share/moveit_resources_fanuc_description/meshes/visual/link_6.stl
[0.472s] -- Up-to-date: /home/nimesha/Thesis/moveit_ur5_v2_ws/install/moveit_resources_fanuc_description/share/moveit_resources_fanuc_description/meshes/visual/link_2.stl
[0.472s] -- Up-to-date: /home/nimesha/Thesis/moveit_ur5_v2_ws/install/moveit_resources_fanuc_description/share/moveit_resources_fanuc_description/meshes/visual/link_5.stl
[0.472s] -- Up-to-date: /home/nimesha/Thesis/moveit_ur5_v2_ws/install/moveit_resources_fanuc_description/share/moveit_resources_fanuc_description/meshes/visual/link_4.stl
[0.472s] -- Up-to-date: /home/nimesha/Thesis/moveit_ur5_v2_ws/install/moveit_resources_fanuc_description/share/moveit_resources_fanuc_description/meshes/visual/link_3.stl
[0.472s] -- Up-to-date: /home/nimesha/Thesis/moveit_ur5_v2_ws/install/moveit_resources_fanuc_description/share/moveit_resources_fanuc_description/meshes/visual/link_1.stl
[0.472s] -- Up-to-date: /home/nimesha/Thesis/moveit_ur5_v2_ws/install/moveit_resources_fanuc_description/share/moveit_resources_fanuc_description/meshes/visual/base_link.stl
[0.472s] -- Up-to-date: /home/nimesha/Thesis/moveit_ur5_v2_ws/install/moveit_resources_fanuc_description/share/moveit_resources_fanuc_description/urdf
[0.473s] -- Up-to-date: /home/nimesha/Thesis/moveit_ur5_v2_ws/install/moveit_resources_fanuc_description/share/moveit_resources_fanuc_description/urdf/fanuc.urdf
[0.521s] Invoked command in '/home/nimesha/Thesis/moveit_ur5_v2_ws/build/moveit_resources_fanuc_description' returned '0': CMAKE_PREFIX_PATH=${CMAKE_PREFIX_PATH}:/home/nimesha/Thesis/moveit_ur5_v2_ws/install/moveit_configs_utils:/home/nimesha/Thesis/moveit_ur5_v2_ws/install/launch_param_builder:/home/nimesha/Thesis/moveit_ur5_v2_ws/src/ws_moveit/install/moveit_configs_utils:/home/nimesha/Thesis/moveit_ur5_v2_ws/src/ws_moveit/install/launch_param_builder:/opt/ros/humble /usr/bin/cmake --install /home/nimesha/Thesis/moveit_ur5_v2_ws/build/moveit_resources_fanuc_description
